<?xml version="1.0" encoding="UTF-8"?>
<testsuite xmlns:xsi="http://www.w3.org/2001/XMLSchema-instance" xsi:noNamespaceSchemaLocation="https://maven.apache.org/surefire/maven-surefire-plugin/xsd/surefire-test-report.xsd" name="com.karate.bdd.BDDTestSuiteRunner" time="72.946" tests="1" errors="0" skipped="0" failures="1">
  <properties>
    <property name="java.specification.version" value="17"/>
    <property name="sun.cpu.isalist" value="amd64"/>
    <property name="sun.jnu.encoding" value="Cp1252"/>
    <property name="java.class.path" value="C:\Dev\BDD Suite\bdd-suite\target\test-classes;C:\Dev\BDD Suite\bdd-suite\target\classes;C:\Users\1022086\.m2\repository\org\springframework\boot\spring-boot-starter-web\2.7.5\spring-boot-starter-web-2.7.5.jar;C:\Users\1022086\.m2\repository\org\springframework\boot\spring-boot-starter\2.7.5\spring-boot-starter-2.7.5.jar;C:\Users\1022086\.m2\repository\org\springframework\boot\spring-boot\2.7.5\spring-boot-2.7.5.jar;C:\Users\1022086\.m2\repository\org\springframework\boot\spring-boot-autoconfigure\2.7.5\spring-boot-autoconfigure-2.7.5.jar;C:\Users\1022086\.m2\repository\org\springframework\boot\spring-boot-starter-logging\2.7.5\spring-boot-starter-logging-2.7.5.jar;C:\Users\1022086\.m2\repository\org\apache\logging\log4j\log4j-to-slf4j\2.17.2\log4j-to-slf4j-2.17.2.jar;C:\Users\1022086\.m2\repository\org\apache\logging\log4j\log4j-api\2.17.2\log4j-api-2.17.2.jar;C:\Users\1022086\.m2\repository\org\slf4j\jul-to-slf4j\1.7.36\jul-to-slf4j-1.7.36.jar;C:\Users\1022086\.m2\repository\jakarta\annotation\jakarta.annotation-api\1.3.5\jakarta.annotation-api-1.3.5.jar;C:\Users\1022086\.m2\repository\org\springframework\spring-core\5.3.23\spring-core-5.3.23.jar;C:\Users\1022086\.m2\repository\org\springframework\spring-jcl\5.3.23\spring-jcl-5.3.23.jar;C:\Users\1022086\.m2\repository\org\springframework\boot\spring-boot-starter-json\2.7.5\spring-boot-starter-json-2.7.5.jar;C:\Users\1022086\.m2\repository\com\fasterxml\jackson\datatype\jackson-datatype-jdk8\2.13.4\jackson-datatype-jdk8-2.13.4.jar;C:\Users\1022086\.m2\repository\com\fasterxml\jackson\datatype\jackson-datatype-jsr310\2.13.4\jackson-datatype-jsr310-2.13.4.jar;C:\Users\1022086\.m2\repository\com\fasterxml\jackson\module\jackson-module-parameter-names\2.13.4\jackson-module-parameter-names-2.13.4.jar;C:\Users\1022086\.m2\repository\org\springframework\boot\spring-boot-starter-tomcat\2.7.5\spring-boot-starter-tomcat-2.7.5.jar;C:\Users\1022086\.m2\repository\org\apache\tomcat\embed\tomcat-embed-core\9.0.68\tomcat-embed-core-9.0.68.jar;C:\Users\1022086\.m2\repository\org\apache\tomcat\embed\tomcat-embed-el\9.0.68\tomcat-embed-el-9.0.68.jar;C:\Users\1022086\.m2\repository\org\apache\tomcat\embed\tomcat-embed-websocket\9.0.68\tomcat-embed-websocket-9.0.68.jar;C:\Users\1022086\.m2\repository\org\springframework\spring-web\5.3.23\spring-web-5.3.23.jar;C:\Users\1022086\.m2\repository\org\springframework\spring-beans\5.3.23\spring-beans-5.3.23.jar;C:\Users\1022086\.m2\repository\org\springframework\spring-webmvc\5.3.23\spring-webmvc-5.3.23.jar;C:\Users\1022086\.m2\repository\org\springframework\spring-aop\5.3.23\spring-aop-5.3.23.jar;C:\Users\1022086\.m2\repository\org\springframework\spring-context\5.3.23\spring-context-5.3.23.jar;C:\Users\1022086\.m2\repository\org\springframework\spring-expression\5.3.23\spring-expression-5.3.23.jar;C:\Users\1022086\.m2\repository\org\junit\jupiter\junit-jupiter-api\5.8.2\junit-jupiter-api-5.8.2.jar;C:\Users\1022086\.m2\repository\org\opentest4j\opentest4j\1.2.0\opentest4j-1.2.0.jar;C:\Users\1022086\.m2\repository\org\junit\platform\junit-platform-commons\1.8.2\junit-platform-commons-1.8.2.jar;C:\Users\1022086\.m2\repository\org\apiguardian\apiguardian-api\1.1.2\apiguardian-api-1.1.2.jar;C:\Users\1022086\.m2\repository\com\intuit\karate\karate-core\1.3.1\karate-core-1.3.1.jar;C:\Users\1022086\.m2\repository\org\graalvm\js\js-scriptengine\22.0.0.2\js-scriptengine-22.0.0.2.jar;C:\Users\1022086\.m2\repository\org\graalvm\sdk\graal-sdk\22.0.0.2\graal-sdk-22.0.0.2.jar;C:\Users\1022086\.m2\repository\org\graalvm\js\js\22.0.0.2\js-22.0.0.2.jar;C:\Users\1022086\.m2\repository\org\graalvm\regex\regex\22.0.0.2\regex-22.0.0.2.jar;C:\Users\1022086\.m2\repository\org\graalvm\truffle\truffle-api\22.0.0.2\truffle-api-22.0.0.2.jar;C:\Users\1022086\.m2\repository\org\thymeleaf\thymeleaf\3.0.15.RELEASE\thymeleaf-3.0.15.RELEASE.jar;C:\Users\1022086\.m2\repository\ognl\ognl\3.1.26\ognl-3.1.26.jar;C:\Users\1022086\.m2\repository\org\javassist\javassist\3.20.0-GA\javassist-3.20.0-GA.jar;C:\Users\1022086\.m2\repository\org\attoparser\attoparser\2.0.5.RELEASE\attoparser-2.0.5.RELEASE.jar;C:\Users\1022086\.m2\repository\org\unbescape\unbescape\1.1.6.RELEASE\unbescape-1.1.6.RELEASE.jar;C:\Users\1022086\.m2\repository\org\slf4j\slf4j-api\1.7.36\slf4j-api-1.7.36.jar;C:\Users\1022086\.m2\repository\com\linecorp\armeria\armeria\1.18.0\armeria-1.18.0.jar;C:\Users\1022086\.m2\repository\com\fasterxml\jackson\core\jackson-core\2.13.4\jackson-core-2.13.4.jar;C:\Users\1022086\.m2\repository\com\fasterxml\jackson\core\jackson-annotations\2.13.4\jackson-annotations-2.13.4.jar;C:\Users\1022086\.m2\repository\io\micrometer\micrometer-core\1.9.5\micrometer-core-1.9.5.jar;C:\Users\1022086\.m2\repository\org\hdrhistogram\HdrHistogram\2.1.12\HdrHistogram-2.1.12.jar;C:\Users\1022086\.m2\repository\org\latencyutils\LatencyUtils\2.0.3\LatencyUtils-2.0.3.jar;C:\Users\1022086\.m2\repository\io\netty\netty-transport\4.1.84.Final\netty-transport-4.1.84.Final.jar;C:\Users\1022086\.m2\repository\io\netty\netty-common\4.1.84.Final\netty-common-4.1.84.Final.jar;C:\Users\1022086\.m2\repository\io\netty\netty-buffer\4.1.84.Final\netty-buffer-4.1.84.Final.jar;C:\Users\1022086\.m2\repository\io\netty\netty-resolver\4.1.84.Final\netty-resolver-4.1.84.Final.jar;C:\Users\1022086\.m2\repository\io\netty\netty-codec-haproxy\4.1.84.Final\netty-codec-haproxy-4.1.84.Final.jar;C:\Users\1022086\.m2\repository\io\netty\netty-codec\4.1.84.Final\netty-codec-4.1.84.Final.jar;C:\Users\1022086\.m2\repository\io\netty\netty-codec-http2\4.1.84.Final\netty-codec-http2-4.1.84.Final.jar;C:\Users\1022086\.m2\repository\io\netty\netty-handler\4.1.84.Final\netty-handler-4.1.84.Final.jar;C:\Users\1022086\.m2\repository\io\netty\netty-codec-http\4.1.84.Final\netty-codec-http-4.1.84.Final.jar;C:\Users\1022086\.m2\repository\io\netty\netty-resolver-dns\4.1.84.Final\netty-resolver-dns-4.1.84.Final.jar;C:\Users\1022086\.m2\repository\io\netty\netty-codec-dns\4.1.84.Final\netty-codec-dns-4.1.84.Final.jar;C:\Users\1022086\.m2\repository\org\reactivestreams\reactive-streams\1.0.4\reactive-streams-1.0.4.jar;C:\Users\1022086\.m2\repository\com\google\code\findbugs\jsr305\3.0.2\jsr305-3.0.2.jar;C:\Users\1022086\.m2\repository\io\netty\netty-transport-native-unix-common\4.1.84.Final\netty-transport-native-unix-common-4.1.84.Final-linux-x86_64.jar;C:\Users\1022086\.m2\repository\io\netty\netty-transport-native-epoll\4.1.84.Final\netty-transport-native-epoll-4.1.84.Final-linux-x86_64.jar;C:\Users\1022086\.m2\repository\io\netty\netty-transport-native-unix-common\4.1.84.Final\netty-transport-native-unix-common-4.1.84.Final.jar;C:\Users\1022086\.m2\repository\io\netty\netty-transport-classes-epoll\4.1.84.Final\netty-transport-classes-epoll-4.1.84.Final.jar;C:\Users\1022086\.m2\repository\io\netty\netty-resolver-dns-native-macos\4.1.84.Final\netty-resolver-dns-native-macos-4.1.84.Final-osx-x86_64.jar;C:\Users\1022086\.m2\repository\io\netty\netty-resolver-dns-classes-macos\4.1.84.Final\netty-resolver-dns-classes-macos-4.1.84.Final.jar;C:\Users\1022086\.m2\repository\io\netty\netty-resolver-dns-native-macos\4.1.84.Final\netty-resolver-dns-native-macos-4.1.84.Final-osx-aarch_64.jar;C:\Users\1022086\.m2\repository\io\netty\netty-tcnative-boringssl-static\2.0.54.Final\netty-tcnative-boringssl-static-2.0.54.Final-linux-x86_64.jar;C:\Users\1022086\.m2\repository\io\netty\netty-tcnative-classes\2.0.54.Final\netty-tcnative-classes-2.0.54.Final.jar;C:\Users\1022086\.m2\repository\io\netty\netty-tcnative-boringssl-static\2.0.54.Final\netty-tcnative-boringssl-static-2.0.54.Final-linux-aarch_64.jar;C:\Users\1022086\.m2\repository\io\netty\netty-tcnative-boringssl-static\2.0.54.Final\netty-tcnative-boringssl-static-2.0.54.Final-osx-x86_64.jar;C:\Users\1022086\.m2\repository\io\netty\netty-tcnative-boringssl-static\2.0.54.Final\netty-tcnative-boringssl-static-2.0.54.Final-osx-aarch_64.jar;C:\Users\1022086\.m2\repository\io\netty\netty-tcnative-boringssl-static\2.0.54.Final\netty-tcnative-boringssl-static-2.0.54.Final-windows-x86_64.jar;C:\Users\1022086\.m2\repository\io\netty\netty-handler-proxy\4.1.84.Final\netty-handler-proxy-4.1.84.Final.jar;C:\Users\1022086\.m2\repository\io\netty\netty-codec-socks\4.1.84.Final\netty-codec-socks-4.1.84.Final.jar;C:\Users\1022086\.m2\repository\com\aayushatharva\brotli4j\brotli4j\1.7.1\brotli4j-1.7.1.jar;C:\Users\1022086\.m2\repository\com\aayushatharva\brotli4j\native-windows-x86_64\1.7.1\native-windows-x86_64-1.7.1.jar;C:\Users\1022086\.m2\repository\org\apache\httpcomponents\httpclient\4.5.13\httpclient-4.5.13.jar;C:\Users\1022086\.m2\repository\org\apache\httpcomponents\httpcore\4.4.15\httpcore-4.4.15.jar;C:\Users\1022086\.m2\repository\commons-codec\commons-codec\1.15\commons-codec-1.15.jar;C:\Users\1022086\.m2\repository\ch\qos\logback\logback-classic\1.2.11\logback-classic-1.2.11.jar;C:\Users\1022086\.m2\repository\ch\qos\logback\logback-core\1.2.11\logback-core-1.2.11.jar;C:\Users\1022086\.m2\repository\org\slf4j\jcl-over-slf4j\1.7.36\jcl-over-slf4j-1.7.36.jar;C:\Users\1022086\.m2\repository\org\antlr\antlr4-runtime\4.9.3\antlr4-runtime-4.9.3.jar;C:\Users\1022086\.m2\repository\com\jayway\jsonpath\json-path\2.7.0\json-path-2.7.0.jar;C:\Users\1022086\.m2\repository\net\minidev\json-smart\2.4.8\json-smart-2.4.8.jar;C:\Users\1022086\.m2\repository\net\minidev\accessors-smart\2.4.8\accessors-smart-2.4.8.jar;C:\Users\1022086\.m2\repository\org\ow2\asm\asm\9.1\asm-9.1.jar;C:\Users\1022086\.m2\repository\info\cukes\cucumber-java\1.2.5\cucumber-java-1.2.5.jar;C:\Users\1022086\.m2\repository\info\cukes\cucumber-core\1.2.5\cucumber-core-1.2.5.jar;C:\Users\1022086\.m2\repository\org\yaml\snakeyaml\1.30\snakeyaml-1.30.jar;C:\Users\1022086\.m2\repository\de\siegmar\fastcsv\2.0.0\fastcsv-2.0.0.jar;C:\Users\1022086\.m2\repository\info\picocli\picocli\4.6.1\picocli-4.6.1.jar;C:\Users\1022086\.m2\repository\io\github\classgraph\classgraph\4.8.149\classgraph-4.8.149.jar;C:\Users\1022086\.m2\repository\io\github\t12y\resemble\1.0.2\resemble-1.0.2.jar;C:\Users\1022086\.m2\repository\io\github\t12y\ssim\1.0.0\ssim-1.0.0.jar;C:\Users\1022086\.m2\repository\com\intuit\karate\karate-junit5\1.3.1\karate-junit5-1.3.1.jar;C:\Users\1022086\.m2\repository\org\junit\jupiter\junit-jupiter-engine\5.8.2\junit-jupiter-engine-5.8.2.jar;C:\Users\1022086\.m2\repository\org\junit\platform\junit-platform-engine\1.8.2\junit-platform-engine-1.8.2.jar;C:\Users\1022086\.m2\repository\net\masterthought\cucumber-reporting\4.5.1\cucumber-reporting-4.5.1.jar;C:\Users\1022086\.m2\repository\com\fasterxml\jackson\core\jackson-databind\2.13.4.2\jackson-databind-2.13.4.2.jar;C:\Users\1022086\.m2\repository\org\apache\velocity\velocity\1.7\velocity-1.7.jar;C:\Users\1022086\.m2\repository\commons-collections\commons-collections\3.2.1\commons-collections-3.2.1.jar;C:\Users\1022086\.m2\repository\commons-lang\commons-lang\2.4\commons-lang-2.4.jar;C:\Users\1022086\.m2\repository\velocity-tools\velocity-tools\1.4\velocity-tools-1.4.jar;C:\Users\1022086\.m2\repository\joda-time\joda-time\2.10.1\joda-time-2.10.1.jar;C:\Users\1022086\.m2\repository\org\apache\commons\commons-lang3\3.12.0\commons-lang3-3.12.0.jar;C:\Users\1022086\.m2\repository\commons-io\commons-io\2.6\commons-io-2.6.jar;C:\Users\1022086\.m2\repository\org\codehaus\plexus\plexus-utils\3.1.1\plexus-utils-3.1.1.jar;C:\Users\1022086\.m2\repository\org\jsoup\jsoup\1.11.3\jsoup-1.11.3.jar;C:\Users\1022086\.m2\repository\com\googlecode\owasp-java-html-sanitizer\owasp-java-html-sanitizer\20181114.1\owasp-java-html-sanitizer-20181114.1.jar;C:\Users\1022086\.m2\repository\com\google\guava\guava\19.0\guava-19.0.jar;C:\Users\1022086\.m2\repository\commons-configuration\commons-configuration\1.10\commons-configuration-1.10.jar;C:\Users\1022086\.m2\repository\commons-logging\commons-logging\1.1.1\commons-logging-1.1.1.jar;"/>
    <property name="java.vm.vendor" value="Oracle Corporation"/>
    <property name="sun.arch.data.model" value="64"/>
    <property name="user.variant" value=""/>
    <property name="java.vendor.url" value="https://java.oracle.com/"/>
    <property name="user.timezone" value="America/Chicago"/>
    <property name="os.name" value="Windows 10"/>
    <property name="java.vm.specification.version" value="17"/>
    <property name="sun.java.launcher" value="SUN_STANDARD"/>
    <property name="user.country" value="US"/>
    <property name="sun.boot.library.path" value="C:\Dev\jdk-17.0.2\bin"/>
    <property name="sun.java.command" value="C:\Users\1022086\AppData\Local\Temp\surefire65491939829466855\surefirebooter17131813973675805487.jar C:\Users\1022086\AppData\Local\Temp\surefire65491939829466855 2023-02-27T10-26-57_836-jvmRun1 surefire13474735977133053847tmp surefire_015245753345904595898tmp"/>
    <property name="jdk.debug" value="release"/>
    <property name="karate.baseURL" value="https://prssu0.pri.kemper.com/policyReportSearchService/v2"/>
    <property name="test" value="BDDTestSuiteRunner"/>
    <property name="surefire.test.class.path" value="C:\Dev\BDD Suite\bdd-suite\target\test-classes;C:\Dev\BDD Suite\bdd-suite\target\classes;C:\Users\1022086\.m2\repository\org\springframework\boot\spring-boot-starter-web\2.7.5\spring-boot-starter-web-2.7.5.jar;C:\Users\1022086\.m2\repository\org\springframework\boot\spring-boot-starter\2.7.5\spring-boot-starter-2.7.5.jar;C:\Users\1022086\.m2\repository\org\springframework\boot\spring-boot\2.7.5\spring-boot-2.7.5.jar;C:\Users\1022086\.m2\repository\org\springframework\boot\spring-boot-autoconfigure\2.7.5\spring-boot-autoconfigure-2.7.5.jar;C:\Users\1022086\.m2\repository\org\springframework\boot\spring-boot-starter-logging\2.7.5\spring-boot-starter-logging-2.7.5.jar;C:\Users\1022086\.m2\repository\org\apache\logging\log4j\log4j-to-slf4j\2.17.2\log4j-to-slf4j-2.17.2.jar;C:\Users\1022086\.m2\repository\org\apache\logging\log4j\log4j-api\2.17.2\log4j-api-2.17.2.jar;C:\Users\1022086\.m2\repository\org\slf4j\jul-to-slf4j\1.7.36\jul-to-slf4j-1.7.36.jar;C:\Users\1022086\.m2\repository\jakarta\annotation\jakarta.annotation-api\1.3.5\jakarta.annotation-api-1.3.5.jar;C:\Users\1022086\.m2\repository\org\springframework\spring-core\5.3.23\spring-core-5.3.23.jar;C:\Users\1022086\.m2\repository\org\springframework\spring-jcl\5.3.23\spring-jcl-5.3.23.jar;C:\Users\1022086\.m2\repository\org\springframework\boot\spring-boot-starter-json\2.7.5\spring-boot-starter-json-2.7.5.jar;C:\Users\1022086\.m2\repository\com\fasterxml\jackson\datatype\jackson-datatype-jdk8\2.13.4\jackson-datatype-jdk8-2.13.4.jar;C:\Users\1022086\.m2\repository\com\fasterxml\jackson\datatype\jackson-datatype-jsr310\2.13.4\jackson-datatype-jsr310-2.13.4.jar;C:\Users\1022086\.m2\repository\com\fasterxml\jackson\module\jackson-module-parameter-names\2.13.4\jackson-module-parameter-names-2.13.4.jar;C:\Users\1022086\.m2\repository\org\springframework\boot\spring-boot-starter-tomcat\2.7.5\spring-boot-starter-tomcat-2.7.5.jar;C:\Users\1022086\.m2\repository\org\apache\tomcat\embed\tomcat-embed-core\9.0.68\tomcat-embed-core-9.0.68.jar;C:\Users\1022086\.m2\repository\org\apache\tomcat\embed\tomcat-embed-el\9.0.68\tomcat-embed-el-9.0.68.jar;C:\Users\1022086\.m2\repository\org\apache\tomcat\embed\tomcat-embed-websocket\9.0.68\tomcat-embed-websocket-9.0.68.jar;C:\Users\1022086\.m2\repository\org\springframework\spring-web\5.3.23\spring-web-5.3.23.jar;C:\Users\1022086\.m2\repository\org\springframework\spring-beans\5.3.23\spring-beans-5.3.23.jar;C:\Users\1022086\.m2\repository\org\springframework\spring-webmvc\5.3.23\spring-webmvc-5.3.23.jar;C:\Users\1022086\.m2\repository\org\springframework\spring-aop\5.3.23\spring-aop-5.3.23.jar;C:\Users\1022086\.m2\repository\org\springframework\spring-context\5.3.23\spring-context-5.3.23.jar;C:\Users\1022086\.m2\repository\org\springframework\spring-expression\5.3.23\spring-expression-5.3.23.jar;C:\Users\1022086\.m2\repository\org\junit\jupiter\junit-jupiter-api\5.8.2\junit-jupiter-api-5.8.2.jar;C:\Users\1022086\.m2\repository\org\opentest4j\opentest4j\1.2.0\opentest4j-1.2.0.jar;C:\Users\1022086\.m2\repository\org\junit\platform\junit-platform-commons\1.8.2\junit-platform-commons-1.8.2.jar;C:\Users\1022086\.m2\repository\org\apiguardian\apiguardian-api\1.1.2\apiguardian-api-1.1.2.jar;C:\Users\1022086\.m2\repository\com\intuit\karate\karate-core\1.3.1\karate-core-1.3.1.jar;C:\Users\1022086\.m2\repository\org\graalvm\js\js-scriptengine\22.0.0.2\js-scriptengine-22.0.0.2.jar;C:\Users\1022086\.m2\repository\org\graalvm\sdk\graal-sdk\22.0.0.2\graal-sdk-22.0.0.2.jar;C:\Users\1022086\.m2\repository\org\graalvm\js\js\22.0.0.2\js-22.0.0.2.jar;C:\Users\1022086\.m2\repository\org\graalvm\regex\regex\22.0.0.2\regex-22.0.0.2.jar;C:\Users\1022086\.m2\repository\org\graalvm\truffle\truffle-api\22.0.0.2\truffle-api-22.0.0.2.jar;C:\Users\1022086\.m2\repository\org\thymeleaf\thymeleaf\3.0.15.RELEASE\thymeleaf-3.0.15.RELEASE.jar;C:\Users\1022086\.m2\repository\ognl\ognl\3.1.26\ognl-3.1.26.jar;C:\Users\1022086\.m2\repository\org\javassist\javassist\3.20.0-GA\javassist-3.20.0-GA.jar;C:\Users\1022086\.m2\repository\org\attoparser\attoparser\2.0.5.RELEASE\attoparser-2.0.5.RELEASE.jar;C:\Users\1022086\.m2\repository\org\unbescape\unbescape\1.1.6.RELEASE\unbescape-1.1.6.RELEASE.jar;C:\Users\1022086\.m2\repository\org\slf4j\slf4j-api\1.7.36\slf4j-api-1.7.36.jar;C:\Users\1022086\.m2\repository\com\linecorp\armeria\armeria\1.18.0\armeria-1.18.0.jar;C:\Users\1022086\.m2\repository\com\fasterxml\jackson\core\jackson-core\2.13.4\jackson-core-2.13.4.jar;C:\Users\1022086\.m2\repository\com\fasterxml\jackson\core\jackson-annotations\2.13.4\jackson-annotations-2.13.4.jar;C:\Users\1022086\.m2\repository\io\micrometer\micrometer-core\1.9.5\micrometer-core-1.9.5.jar;C:\Users\1022086\.m2\repository\org\hdrhistogram\HdrHistogram\2.1.12\HdrHistogram-2.1.12.jar;C:\Users\1022086\.m2\repository\org\latencyutils\LatencyUtils\2.0.3\LatencyUtils-2.0.3.jar;C:\Users\1022086\.m2\repository\io\netty\netty-transport\4.1.84.Final\netty-transport-4.1.84.Final.jar;C:\Users\1022086\.m2\repository\io\netty\netty-common\4.1.84.Final\netty-common-4.1.84.Final.jar;C:\Users\1022086\.m2\repository\io\netty\netty-buffer\4.1.84.Final\netty-buffer-4.1.84.Final.jar;C:\Users\1022086\.m2\repository\io\netty\netty-resolver\4.1.84.Final\netty-resolver-4.1.84.Final.jar;C:\Users\1022086\.m2\repository\io\netty\netty-codec-haproxy\4.1.84.Final\netty-codec-haproxy-4.1.84.Final.jar;C:\Users\1022086\.m2\repository\io\netty\netty-codec\4.1.84.Final\netty-codec-4.1.84.Final.jar;C:\Users\1022086\.m2\repository\io\netty\netty-codec-http2\4.1.84.Final\netty-codec-http2-4.1.84.Final.jar;C:\Users\1022086\.m2\repository\io\netty\netty-handler\4.1.84.Final\netty-handler-4.1.84.Final.jar;C:\Users\1022086\.m2\repository\io\netty\netty-codec-http\4.1.84.Final\netty-codec-http-4.1.84.Final.jar;C:\Users\1022086\.m2\repository\io\netty\netty-resolver-dns\4.1.84.Final\netty-resolver-dns-4.1.84.Final.jar;C:\Users\1022086\.m2\repository\io\netty\netty-codec-dns\4.1.84.Final\netty-codec-dns-4.1.84.Final.jar;C:\Users\1022086\.m2\repository\org\reactivestreams\reactive-streams\1.0.4\reactive-streams-1.0.4.jar;C:\Users\1022086\.m2\repository\com\google\code\findbugs\jsr305\3.0.2\jsr305-3.0.2.jar;C:\Users\1022086\.m2\repository\io\netty\netty-transport-native-unix-common\4.1.84.Final\netty-transport-native-unix-common-4.1.84.Final-linux-x86_64.jar;C:\Users\1022086\.m2\repository\io\netty\netty-transport-native-epoll\4.1.84.Final\netty-transport-native-epoll-4.1.84.Final-linux-x86_64.jar;C:\Users\1022086\.m2\repository\io\netty\netty-transport-native-unix-common\4.1.84.Final\netty-transport-native-unix-common-4.1.84.Final.jar;C:\Users\1022086\.m2\repository\io\netty\netty-transport-classes-epoll\4.1.84.Final\netty-transport-classes-epoll-4.1.84.Final.jar;C:\Users\1022086\.m2\repository\io\netty\netty-resolver-dns-native-macos\4.1.84.Final\netty-resolver-dns-native-macos-4.1.84.Final-osx-x86_64.jar;C:\Users\1022086\.m2\repository\io\netty\netty-resolver-dns-classes-macos\4.1.84.Final\netty-resolver-dns-classes-macos-4.1.84.Final.jar;C:\Users\1022086\.m2\repository\io\netty\netty-resolver-dns-native-macos\4.1.84.Final\netty-resolver-dns-native-macos-4.1.84.Final-osx-aarch_64.jar;C:\Users\1022086\.m2\repository\io\netty\netty-tcnative-boringssl-static\2.0.54.Final\netty-tcnative-boringssl-static-2.0.54.Final-linux-x86_64.jar;C:\Users\1022086\.m2\repository\io\netty\netty-tcnative-classes\2.0.54.Final\netty-tcnative-classes-2.0.54.Final.jar;C:\Users\1022086\.m2\repository\io\netty\netty-tcnative-boringssl-static\2.0.54.Final\netty-tcnative-boringssl-static-2.0.54.Final-linux-aarch_64.jar;C:\Users\1022086\.m2\repository\io\netty\netty-tcnative-boringssl-static\2.0.54.Final\netty-tcnative-boringssl-static-2.0.54.Final-osx-x86_64.jar;C:\Users\1022086\.m2\repository\io\netty\netty-tcnative-boringssl-static\2.0.54.Final\netty-tcnative-boringssl-static-2.0.54.Final-osx-aarch_64.jar;C:\Users\1022086\.m2\repository\io\netty\netty-tcnative-boringssl-static\2.0.54.Final\netty-tcnative-boringssl-static-2.0.54.Final-windows-x86_64.jar;C:\Users\1022086\.m2\repository\io\netty\netty-handler-proxy\4.1.84.Final\netty-handler-proxy-4.1.84.Final.jar;C:\Users\1022086\.m2\repository\io\netty\netty-codec-socks\4.1.84.Final\netty-codec-socks-4.1.84.Final.jar;C:\Users\1022086\.m2\repository\com\aayushatharva\brotli4j\brotli4j\1.7.1\brotli4j-1.7.1.jar;C:\Users\1022086\.m2\repository\com\aayushatharva\brotli4j\native-windows-x86_64\1.7.1\native-windows-x86_64-1.7.1.jar;C:\Users\1022086\.m2\repository\org\apache\httpcomponents\httpclient\4.5.13\httpclient-4.5.13.jar;C:\Users\1022086\.m2\repository\org\apache\httpcomponents\httpcore\4.4.15\httpcore-4.4.15.jar;C:\Users\1022086\.m2\repository\commons-codec\commons-codec\1.15\commons-codec-1.15.jar;C:\Users\1022086\.m2\repository\ch\qos\logback\logback-classic\1.2.11\logback-classic-1.2.11.jar;C:\Users\1022086\.m2\repository\ch\qos\logback\logback-core\1.2.11\logback-core-1.2.11.jar;C:\Users\1022086\.m2\repository\org\slf4j\jcl-over-slf4j\1.7.36\jcl-over-slf4j-1.7.36.jar;C:\Users\1022086\.m2\repository\org\antlr\antlr4-runtime\4.9.3\antlr4-runtime-4.9.3.jar;C:\Users\1022086\.m2\repository\com\jayway\jsonpath\json-path\2.7.0\json-path-2.7.0.jar;C:\Users\1022086\.m2\repository\net\minidev\json-smart\2.4.8\json-smart-2.4.8.jar;C:\Users\1022086\.m2\repository\net\minidev\accessors-smart\2.4.8\accessors-smart-2.4.8.jar;C:\Users\1022086\.m2\repository\org\ow2\asm\asm\9.1\asm-9.1.jar;C:\Users\1022086\.m2\repository\info\cukes\cucumber-java\1.2.5\cucumber-java-1.2.5.jar;C:\Users\1022086\.m2\repository\info\cukes\cucumber-core\1.2.5\cucumber-core-1.2.5.jar;C:\Users\1022086\.m2\repository\org\yaml\snakeyaml\1.30\snakeyaml-1.30.jar;C:\Users\1022086\.m2\repository\de\siegmar\fastcsv\2.0.0\fastcsv-2.0.0.jar;C:\Users\1022086\.m2\repository\info\picocli\picocli\4.6.1\picocli-4.6.1.jar;C:\Users\1022086\.m2\repository\io\github\classgraph\classgraph\4.8.149\classgraph-4.8.149.jar;C:\Users\1022086\.m2\repository\io\github\t12y\resemble\1.0.2\resemble-1.0.2.jar;C:\Users\1022086\.m2\repository\io\github\t12y\ssim\1.0.0\ssim-1.0.0.jar;C:\Users\1022086\.m2\repository\com\intuit\karate\karate-junit5\1.3.1\karate-junit5-1.3.1.jar;C:\Users\1022086\.m2\repository\org\junit\jupiter\junit-jupiter-engine\5.8.2\junit-jupiter-engine-5.8.2.jar;C:\Users\1022086\.m2\repository\org\junit\platform\junit-platform-engine\1.8.2\junit-platform-engine-1.8.2.jar;C:\Users\1022086\.m2\repository\net\masterthought\cucumber-reporting\4.5.1\cucumber-reporting-4.5.1.jar;C:\Users\1022086\.m2\repository\com\fasterxml\jackson\core\jackson-databind\2.13.4.2\jackson-databind-2.13.4.2.jar;C:\Users\1022086\.m2\repository\org\apache\velocity\velocity\1.7\velocity-1.7.jar;C:\Users\1022086\.m2\repository\commons-collections\commons-collections\3.2.1\commons-collections-3.2.1.jar;C:\Users\1022086\.m2\repository\commons-lang\commons-lang\2.4\commons-lang-2.4.jar;C:\Users\1022086\.m2\repository\velocity-tools\velocity-tools\1.4\velocity-tools-1.4.jar;C:\Users\1022086\.m2\repository\joda-time\joda-time\2.10.1\joda-time-2.10.1.jar;C:\Users\1022086\.m2\repository\org\apache\commons\commons-lang3\3.12.0\commons-lang3-3.12.0.jar;C:\Users\1022086\.m2\repository\commons-io\commons-io\2.6\commons-io-2.6.jar;C:\Users\1022086\.m2\repository\org\codehaus\plexus\plexus-utils\3.1.1\plexus-utils-3.1.1.jar;C:\Users\1022086\.m2\repository\org\jsoup\jsoup\1.11.3\jsoup-1.11.3.jar;C:\Users\1022086\.m2\repository\com\googlecode\owasp-java-html-sanitizer\owasp-java-html-sanitizer\20181114.1\owasp-java-html-sanitizer-20181114.1.jar;C:\Users\1022086\.m2\repository\com\google\guava\guava\19.0\guava-19.0.jar;C:\Users\1022086\.m2\repository\commons-configuration\commons-configuration\1.10\commons-configuration-1.10.jar;C:\Users\1022086\.m2\repository\commons-logging\commons-logging\1.1.1\commons-logging-1.1.1.jar;"/>
    <property name="sun.cpu.endian" value="little"/>
    <property name="user.home" value="C:\Users\1022086"/>
    <property name="user.language" value="en"/>
    <property name="java.specification.vendor" value="Oracle Corporation"/>
    <property name="java.version.date" value="2022-01-18"/>
    <property name="java.home" value="C:\Dev\jdk-17.0.2"/>
    <property name="file.separator" value="\"/>
    <property name="basedir" value="C:\Dev\BDD Suite\bdd-suite"/>
    <property name="java.vm.compressedOopsMode" value="Zero based"/>
    <property name="line.separator" value="&#10;"/>
    <property name="java.vm.specification.vendor" value="Oracle Corporation"/>
    <property name="java.specification.name" value="Java Platform API Specification"/>
    <property name="karate.environment" value="u0"/>
    <property name="karate.options" value="classpath:com/karate/bdd/feature/PolicyReportSearchService.feature"/>
    <property name="surefire.real.class.path" value="C:\Users\1022086\AppData\Local\Temp\surefire65491939829466855\surefirebooter17131813973675805487.jar"/>
    <property name="user.script" value=""/>
    <property name="sun.management.compiler" value="HotSpot 64-Bit Tiered Compilers"/>
    <property name="java.runtime.version" value="17.0.2+8-86"/>
    <property name="user.name" value="1022086"/>
    <property name="path.separator" value=";"/>
    <property name="os.version" value="10.0"/>
    <property name="java.runtime.name" value="OpenJDK Runtime Environment"/>
    <property name="file.encoding" value="UTF-8"/>
    <property name="java.vm.name" value="OpenJDK 64-Bit Server VM"/>
    <property name="localRepository" value="C:\Users\1022086\.m2\repository"/>
    <property name="java.vendor.url.bug" value="https://bugreport.java.com/bugreport/"/>
    <property name="java.io.tmpdir" value="C:\Users\1022086\AppData\Local\Temp\"/>
    <property name="java.version" value="17.0.2"/>
    <property name="user.dir" value="C:\Dev\BDD Suite\bdd-suite"/>
    <property name="os.arch" value="amd64"/>
    <property name="java.vm.specification.name" value="Java Virtual Machine Specification"/>
    <property name="sun.os.patch.level" value=""/>
    <property name="native.encoding" value="Cp1252"/>
    <property name="java.library.path" value="C:\Dev\jdk-17.0.2\bin;C:\Windows\Sun\Java\bin;C:\Windows\system32;C:\Windows;C:\Program Files (x86)\Common Files\Oracle\Java\javapath;C:\Windows\system32;C:\Windows;C:\Windows\System32\Wbem;C:\Windows\System32\WindowsPowerShell\v1.0\;C:\Windows\System32\OpenSSH\;C:\Program Files\Git\cmd;C:\Program Files (x86)\Microsoft SQL Server\Client SDK\ODBC\130\Tools\Binn\;C:\Program Files (x86)\Microsoft SQL Server\140\Tools\Binn\;C:\Program Files (x86)\Microsoft SQL Server\140\DTS\Binn\;C:\Program Files (x86)\Microsoft SQL Server\140\Tools\Binn\ManagementStudio\;C:\Users\1022086\AppData\Local\Microsoft\WindowsApps;C:\Dev\jdk-17.0.2\bin;C:\Dev\apache-maven-3.8.7\bin;;."/>
    <property name="java.vm.info" value="mixed mode, sharing"/>
    <property name="java.vendor" value="Oracle Corporation"/>
    <property name="java.vm.version" value="17.0.2+8-86"/>
    <property name="sun.io.unicode.encoding" value="UnicodeLittle"/>
    <property name="java.class.version" value="61.0"/>
  </properties>
  <testcase name="testParallel" classname="com.karate.bdd.BDDTestSuiteRunner" time="72.935">
    <failure message="http call failed after 62260 milliseconds for url: https://prssu0.pri.kemper.com/policyReportSearchService/v2/expiredPolicyReportSearch?req=%7B%22agencyCodes%22%3A%5B27741%2C26892%5D%2C%22insuredState%22%3A%5B%22CA%22%5D%2C%22beginDate%22%3A%2211%5C%2F17%5C%2F2016%22%2C%22endDate%22%3A%2201%5C%2F01%5C%2F2017%22%7D&#10;classpath:com/karate/bdd/feature/PolicyReportSearchService.feature:83 ==&gt; expected: &lt;0&gt; but was: &lt;1&gt;" type="org.opentest4j.AssertionFailedError"><![CDATA[org.opentest4j.AssertionFailedError: 
http call failed after 62260 milliseconds for url: https://prssu0.pri.kemper.com/policyReportSearchService/v2/expiredPolicyReportSearch?req=%7B%22agencyCodes%22%3A%5B27741%2C26892%5D%2C%22insuredState%22%3A%5B%22CA%22%5D%2C%22beginDate%22%3A%2211%5C%2F17%5C%2F2016%22%2C%22endDate%22%3A%2201%5C%2F01%5C%2F2017%22%7D
classpath:com/karate/bdd/feature/PolicyReportSearchService.feature:83 ==> expected: <0> but was: <1>
	at com.karate.bdd.BDDTestSuiteRunner.testParallel(BDDTestSuiteRunner.java:24)
]]></failure>
    <system-out><![CDATA[10:26:59.201 [main] INFO  com.intuit.karate.Runner - using system property 'karate.options': classpath:com/karate/bdd/feature/PolicyReportSearchService.feature
10:27:00.300 [main] INFO  com.intuit.karate.Suite - backed up existing 'target\karate-reports' dir to: target\karate-reports_1677515220295
10:27:01.656 [pool-1-thread-5] INFO  com.intuit.karate - Loading karate-config 
10:27:01.667 [pool-1-thread-5] INFO  com.intuit.karate - Karate environment:u0 
10:27:01.669 [pool-1-thread-5] INFO  com.intuit.karate - Karate baseURL:https://prssu0.pri.kemper.com/policyReportSearchService/v2 
10:27:01.695 [pool-1-thread-4] INFO  com.intuit.karate - Loading karate-config 
10:27:01.696 [pool-1-thread-4] INFO  com.intuit.karate - Karate environment:u0 
10:27:01.697 [pool-1-thread-4] INFO  com.intuit.karate - Karate baseURL:https://prssu0.pri.kemper.com/policyReportSearchService/v2 
10:27:01.707 [pool-1-thread-1] INFO  com.intuit.karate - Loading karate-config 
10:27:01.708 [pool-1-thread-1] INFO  com.intuit.karate - Karate environment:u0 
10:27:01.709 [pool-1-thread-1] INFO  com.intuit.karate - Karate baseURL:https://prssu0.pri.kemper.com/policyReportSearchService/v2 
10:27:01.718 [pool-1-thread-2] INFO  com.intuit.karate - Loading karate-config 
10:27:01.719 [pool-1-thread-2] INFO  com.intuit.karate - Karate environment:u0 
10:27:01.720 [pool-1-thread-2] INFO  com.intuit.karate - Karate baseURL:https://prssu0.pri.kemper.com/policyReportSearchService/v2 
10:27:01.725 [pool-1-thread-3] INFO  com.intuit.karate - Loading karate-config 
10:27:01.726 [pool-1-thread-3] INFO  com.intuit.karate - Karate environment:u0 
10:27:01.728 [pool-1-thread-3] INFO  com.intuit.karate - Karate baseURL:https://prssu0.pri.kemper.com/policyReportSearchService/v2 
10:27:03.541 [pool-1-thread-1] INFO  com.intuit.karate - [print] pong 
10:27:03.554 [pool-1-thread-1] INFO  com.intuit.karate - Loading karate-config 
10:27:03.556 [pool-1-thread-1] INFO  com.intuit.karate - Karate environment:u0 
10:27:03.557 [pool-1-thread-1] INFO  com.intuit.karate - Karate baseURL:https://prssu0.pri.kemper.com/policyReportSearchService/v2 
10:27:03.569 [pool-1-thread-2] INFO  com.intuit.karate - [print] mode=Test 
10:27:03.577 [pool-1-thread-2] INFO  com.intuit.karate - Loading karate-config 
10:27:03.578 [pool-1-thread-2] INFO  com.intuit.karate - Karate environment:u0 
10:27:03.579 [pool-1-thread-2] INFO  com.intuit.karate - Karate baseURL:https://prssu0.pri.kemper.com/policyReportSearchService/v2 
10:27:03.720 [pool-1-thread-4] INFO  com.intuit.karate - [print] [
  {
    "insuredName": "SMITH, JANET FRANCES",
    "policyID": "104267105682001",
    "version": "6",
    "policyStatus": "Cancelled",
    "origEffDate": "12/31/2016",
    "origExpDate": "12/31/2017",
    "cancelDate": "12/31/2016",
    "rateDate": "12/31/2016",
    "agencyNum": "26892",
    "homePhone": "(323) 292-4300",
    "workPhone": null,
    "email": null,
    "policyTerm": "12",
    "payPlan": "12PayRNEFT",
    "versionType": "Renewal",
    "quotedDownPymt": "185.78",
    "cancelSourceCode": "FLATC",
    "sourceEnvironment": null
  },
  {
    "insuredName": "SMITH, JANET FRANCES",
    "policyID": "104267105682001",
    "version": "5",
    "policyStatus": "Expired",
    "origEffDate": "12/31/2015",
    "origExpDate": "12/31/2016",
    "cancelDate": "12/31/2016",
    "rateDate": "12/31/2015",
    "agencyNum": "26892",
    "homePhone": "(323) 292-4300",
    "workPhone": null,
    "email": null,
    "policyTerm": "12",
    "payPlan": "12PayRNEFT",
    "versionType": "Renewal",
    "quotedDownPymt": "153.87",
    "cancelSourceCode": null,
    "sourceEnvironment": null
  },
  {
    "insuredName": "SMITH, JANET FRANCES",
    "policyID": "104267105682001",
    "version": "4",
    "policyStatus": "Expired",
    "origEffDate": "12/31/2014",
    "origExpDate": "12/31/2015",
    "cancelDate": "12/31/2015",
    "rateDate": "12/31/2014",
    "agencyNum": "26892",
    "homePhone": "(323) 292-4300",
    "workPhone": null,
    "email": null,
    "policyTerm": "12",
    "payPlan": "12PayRNEFT",
    "versionType": "Renewal",
    "quotedDownPymt": "56.58",
    "cancelSourceCode": null,
    "sourceEnvironment": null
  },
  {
    "insuredName": "SMITH, JANET FRANCES",
    "policyID": "104267105682001",
    "version": "3",
    "policyStatus": "Expired",
    "origEffDate": "12/31/2013",
    "origExpDate": "12/31/2014",
    "cancelDate": "12/31/2014",
    "rateDate": "12/31/2013",
    "agencyNum": "26892",
    "homePhone": "(323) 292-4300",
    "workPhone": null,
    "email": null,
    "policyTerm": "12",
    "payPlan": "12PayRNEFT",
    "versionType": "Renewal",
    "quotedDownPymt": "52.53",
    "cancelSourceCode": null,
    "sourceEnvironment": null
  },
  {
    "insuredName": "SMITH, JANET FRANCES",
    "policyID": "104267105682001",
    "version": "2",
    "policyStatus": "Expired",
    "origEffDate": "12/31/2012",
    "origExpDate": "12/31/2013",
    "cancelDate": "12/31/2013",
    "rateDate": "12/31/2012",
    "agencyNum": "26892",
    "homePhone": "(323) 292-4300",
    "workPhone": null,
    "email": null,
    "policyTerm": "12",
    "payPlan": "12-Pay EFT",
    "versionType": "Renewal",
    "quotedDownPymt": "48.81",
    "cancelSourceCode": null,
    "sourceEnvironment": null
  },
  {
    "insuredName": "SMITH, JANET FRANCES",
    "policyID": "104267105682001",
    "version": "1",
    "policyStatus": "Expired",
    "origEffDate": "12/31/2011",
    "origExpDate": "12/31/2012",
    "cancelDate": "12/31/2012",
    "rateDate": "12/31/2011",
    "agencyNum": "26892",
    "homePhone": "(323) 292-4300",
    "workPhone": null,
    "email": null,
    "policyTerm": "12",
    "payPlan": "12-Pay EFT",
    "versionType": "Renewal",
    "quotedDownPymt": "48.81",
    "cancelSourceCode": null,
    "sourceEnvironment": null
  }
]
 
10:27:03.733 [pool-1-thread-4] INFO  com.intuit.karate - Loading karate-config 
10:27:03.733 [pool-1-thread-4] INFO  com.intuit.karate - Karate environment:u0 
10:27:03.734 [pool-1-thread-4] INFO  com.intuit.karate - Karate baseURL:https://prssu0.pri.kemper.com/policyReportSearchService/v2 
10:27:03.753 [pool-1-thread-5] INFO  com.intuit.karate - [print] [
  {
    "agencyCode": "5003",
    "cashItemId": null,
    "policyID": "502501105607001",
    "policyEffectiveDate": "02/27/2023",
    "entryDate": "02/27/2023",
    "processedDate": "03/02/2023",
    "amount": "8",
    "nameInsured": "Troy, John",
    "phoneNumber": "null",
    "transferType": null
  },
  {
    "agencyCode": "5003",
    "cashItemId": null,
    "policyID": "502501105607001",
    "policyEffectiveDate": "02/27/2023",
    "entryDate": "02/27/2023",
    "processedDate": "03/02/2023",
    "amount": "100",
    "nameInsured": "Troy, John",
    "phoneNumber": "null",
    "transferType": null
  },
  {
    "agencyCode": "5003",
    "cashItemId": null,
    "policyID": "502501105607001",
    "policyEffectiveDate": "02/27/2023",
    "entryDate": "02/27/2023",
    "processedDate": "03/02/2023",
    "amount": "186",
    "nameInsured": "Troy, John",
    "phoneNumber": "null",
    "transferType": null
  }
]
 
10:27:03.762 [pool-1-thread-5] INFO  com.intuit.karate - Loading karate-config 
10:27:03.763 [pool-1-thread-5] INFO  com.intuit.karate - Karate environment:u0 
10:27:03.763 [pool-1-thread-5] INFO  com.intuit.karate - Karate baseURL:https://prssu0.pri.kemper.com/policyReportSearchService/v2 
10:27:04.978 [pool-1-thread-4] INFO  com.intuit.karate - [print] [
  {
    "agencyCode": "26892",
    "policyId": "104569631361001",
    "version": "10",
    "premAndFee": "1189.76",
    "orginalEffDate": "03/26/2021",
    "term": "12",
    "quotedDownPayment": "119.05",
    "nameInsured": "Rincon Santana, Abel",
    "homePhoneNumber": "(323) 541-2599",
    "email": null
  }
]
 
10:27:04.981 [pool-1-thread-1] INFO  com.intuit.karate - [print] [
  {
    "agencyCode": "5003",
    "imageId": "531",
    "sectionName": "CNXFINAL",
    "printDate": "03/29/2021",
    "policyId": "505600100116001",
    "version": "1",
    "productNum": "5",
    "stateCode": "5",
    "companyNum": "60",
    "versionType": "New",
    "term": "12",
    "paypPlan": "10-Pay",
    "nameInsured": "Raytest, Raytest_2",
    "phoneNumber": null,
    "date1": "02/08/2021",
    "date2": "02/08/2021",
    "amount1": "0",
    "amount2": "0",
    "note": "The policy has been flat cancelled per <name of requestor>.",
    "recordNum": "VK9975"
  },
  {
    "agencyCode": "5003",
    "imageId": "531",
    "sectionName": "CNXFINAL",
    "printDate": "03/29/2021",
    "policyId": "505600100123001",
    "version": "1",
    "productNum": "5",
    "stateCode": "5",
    "companyNum": "60",
    "versionType": "New",
    "term": "12",
    "paypPlan": "2-Pay",
    "nameInsured": "Testcasel8, Loadedquote1",
    "phoneNumber": null,
    "date1": "02/17/2021",
    "date2": "04/12/2021",
    "amount1": "0",
    "amount2": "0",
    "note": "Policy status has been changed to cancel final",
    "recordNum": "VK9975"
  },
  {
    "agencyCode": "5003",
    "imageId": "531",
    "sectionName": "CNXFINAL",
    "printDate": "03/29/2021",
    "policyId": "505600100126001",
    "version": "1",
    "productNum": "5",
    "stateCode": "5",
    "companyNum": "60",
    "versionType": "New",
    "term": "12",
    "paypPlan": "1-Pay",
    "nameInsured": "Testing, Testing",
    "phoneNumber": null,
    "date1": "02/22/2021",
    "date2": "04/12/2021",
    "amount1": "0",
    "amount2": "0",
    "note": "Policy status has been changed to cancel final this was not approved too many points ..",
    "recordNum": "VK9975"
  },
  {
    "agencyCode": "5003",
    "imageId": "531",
    "sectionName": "CNXFINAL",
    "printDate": "03/29/2021",
    "policyId": "505600100144001",
    "version": "1",
    "productNum": "5",
    "stateCode": "5",
    "companyNum": "60",
    "versionType": "New",
    "term": "12",
    "paypPlan": "4-Pay",
    "nameInsured": "Testcasel14, Susan",
    "phoneNumber": null,
    "date1": "03/15/2021",
    "date2": "03/15/2021",
    "amount1": "0",
    "amount2": "0",
    "note": "The policy has been flat cancelled per <name of requestor>.",
    "recordNum": "VK9975"
  },
  {
    "agencyCode": "5003",
    "imageId": "531",
    "sectionName": "CNXFINAL",
    "printDate": "03/29/2021",
    "policyId": "505600100167001",
    "version": "1",
    "productNum": "5",
    "stateCode": "5",
    "companyNum": "60",
    "versionType": "New",
    "term": "6",
    "paypPlan": "2-Pay",
    "nameInsured": "Adame, Theresa",
    "phoneNumber": null,
    "date1": "03/29/2021",
    "date2": "03/29/2021",
    "amount1": "0",
    "amount2": "0",
    "note": "The policy has been flat cancelled per <name of requestor>.",
    "recordNum": "VK9975"
  },
  {
    "agencyCode": "5003",
    "imageId": "531",
    "sectionName": "CNXFINAL",
    "printDate": "03/29/2021",
    "policyId": "505600100170001",
    "version": "1",
    "productNum": "5",
    "stateCode": "5",
    "companyNum": "60",
    "versionType": "New",
    "term": "12",
    "paypPlan": "10-Pay Low",
    "nameInsured": "Balterman, Alva",
    "phoneNumber": null,
    "date1": "03/25/2021",
    "date2": "03/25/2021",
    "amount1": "0",
    "amount2": "0",
    "note": "The policy has been flat cancelled per <name of requestor>.",
    "recordNum": "VK9975"
  },
  {
    "agencyCode": "5003",
    "imageId": "535",
    "sectionName": "CNXFINAL",
    "printDate": "04/05/2021",
    "policyId": "505034151363001",
    "version": "1",
    "productNum": "5",
    "stateCode": "5",
    "companyNum": "60",
    "versionType": "New",
    "term": "6",
    "paypPlan": "1-Pay",
    "nameInsured": "Valid, Iam",
    "phoneNumber": "(972) 501-8352",
    "date1": "05/05/2021",
    "date2": "05/05/2021",
    "amount1": "0",
    "amount2": "0",
    "note": "The policy has been flat cancelled as it was uploaded in error.",
    "recordNum": "VK9975"
  },
  {
    "agencyCode": "5003",
    "imageId": "535",
    "sectionName": "CNXFINAL",
    "printDate": "04/05/2021",
    "policyId": "505600100114001",
    "version": "1",
    "productNum": "5",
    "stateCode": "5",
    "companyNum": "60",
    "versionType": "New",
    "term": "12",
    "paypPlan": "1-Pay",
    "nameInsured": "Cotesttwo, Chris",
    "phoneNumber": null,
    "date1": "01/29/2021",
    "date2": "03/30/2021",
    "amount1": "0",
    "amount2": "0",
    "note": "Testing the cancel pending.",
    "recordNum": "VK9975"
  },
  {
    "agencyCode": "5003",
    "imageId": "535",
    "sectionName": "CNXFINAL",
    "printDate": "04/05/2021",
    "policyId": "505600100128001",
    "version": "1",
    "productNum": "5",
    "stateCode": "5",
    "companyNum": "60",
    "versionType": "New",
    "term": "12",
    "paypPlan": "10-Pay",
    "nameInsured": "Certificateofinsurance, Certificateofinsurance",
    "phoneNumber": null,
    "date1": "02/22/2021",
    "date2": "04/21/2021",
    "amount1": "0",
    "amount2": "0",
    "note": "Reinstatement of the <xx/xx/xxxx> cancellation has been rescinded as the payment that reinstated this cancellation was returned unpaid by the financial institution.  Policy has been cancelled effective <xx/xx/xxxx>.",
    "recordNum": "VK9975"
  },
  {
    "agencyCode": "5003",
    "imageId": "535",
    "sectionName": "CNXFINAL",
    "printDate": "04/05/2021",
    "policyId": "505600100130001",
    "version": "1",
    "productNum": "5",
    "stateCode": "5",
    "companyNum": "60",
    "versionType": "New",
    "term": "12",
    "paypPlan": "10-Pay",
    "nameInsured": "Testcasel12, Uploadtesting",
    "phoneNumber": null,
    "date1": "02/25/2021",
    "date2": "02/25/2021",
    "amount1": "0",
    "amount2": "0",
    "note": "The policy has been flat cancelled as it was uploaded in error.",
    "recordNum": "VK9975"
  },
  {
    "agencyCode": "5003",
    "imageId": "535",
    "sectionName": "CNXFINAL",
    "printDate": "04/05/2021",
    "policyId": "505600100251001",
    "version": "1",
    "productNum": "5",
    "stateCode": "5",
    "companyNum": "60",
    "versionType": "New",
    "term": "6",
    "paypPlan": "6-Pay EFT",
    "nameInsured": "Allwood, Boris",
    "phoneNumber": null,
    "date1": "03/26/2021",
    "date2": "03/26/2021",
    "amount1": "0",
    "amount2": "0",
    "note": "The policy has been flat cancelled per <name of requestor>.",
    "recordNum": "VK9975"
  },
  {
    "agencyCode": "5003",
    "imageId": "535",
    "sectionName": "CNXFINAL",
    "printDate": "04/05/2021",
    "policyId": "505600100261001",
    "version": "1",
    "productNum": "5",
    "stateCode": "5",
    "companyNum": "60",
    "versionType": "New",
    "term": "12",
    "paypPlan": "10-Pay",
    "nameInsured": "Testcasel14, Heavybsr",
    "phoneNumber": null,
    "date1": "03/29/2021",
    "date2": "03/29/2021",
    "amount1": "0",
    "amount2": "0",
    "note": "The policy has been flat cancelled per <name of requestor>.",
    "recordNum": "VK9975"
  },
  {
    "agencyCode": "5003",
    "imageId": "535",
    "sectionName": "CNXFINAL",
    "printDate": "04/05/2021",
    "policyId": "505600100310001",
    "version": "1",
    "productNum": "5",
    "stateCode": "5",
    "companyNum": "60",
    "versionType": "New",
    "term": "12",
    "paypPlan": "10-Pay Low",
    "nameInsured": "Testcasel15, D6710",
    "phoneNumber": null,
    "date1": "04/01/2021",
    "date2": "04/01/2021",
    "amount1": "0",
    "amount2": "0",
    "note": "The policy has been flat cancelled per <name of requestor>.",
    "recordNum": "VK9975"
  },
  {
    "agencyCode": "5003",
    "imageId": "543",
    "sectionName": "CNXFINAL",
    "printDate": "04/16/2021",
    "policyId": "505600100171001",
    "version": "1",
    "productNum": "5",
    "stateCode": "5",
    "companyNum": "60",
    "versionType": "New",
    "term": "12",
    "paypPlan": "10-Pay Low",
    "nameInsured": "Connolly, Darryl",
    "phoneNumber": null,
    "date1": "03/29/2021",
    "date2": "03/29/2021",
    "amount1": "0",
    "amount2": "0",
    "note": "The policy has been flat cancelled per <name of requestor>.",
    "recordNum": "VK9975"
  },
  {
    "agencyCode": "5003",
    "imageId": "546",
    "sectionName": "CNXFINAL",
    "printDate": "04/30/2021",
    "policyId": "505600100113001",
    "version": "1",
    "productNum": "5",
    "stateCode": "5",
    "companyNum": "60",
    "versionType": "New",
    "term": "12",
    "paypPlan": "1-Pay",
    "nameInsured": "Cotest, Chris",
    "phoneNumber": null,
    "date1": "01/29/2021",
    "date2": "04/07/2021",
    "amount1": "0",
    "amount2": "0",
    "note": "Policy status has been changed to cancel final",
    "recordNum": "VK9975"
  },
  {
    "agencyCode": "5003",
    "imageId": "546",
    "sectionName": "CNXFINAL",
    "printDate": "04/30/2021",
    "policyId": "505600100116001",
    "version": "2",
    "productNum": "5",
    "stateCode": "5",
    "companyNum": "60",
    "versionType": "New",
    "term": "12",
    "paypPlan": "10-Pay",
    "nameInsured": "Raytest, Raytest_2",
    "phoneNumber": null,
    "date1": "02/28/2021",
    "date2": "04/27/2021",
    "amount1": "0",
    "amount2": "0",
    "note": "Policy status has been changed to cancel final",
    "recordNum": "VK9975"
  },
  {
    "agencyCode": "5003",
    "imageId": "546",
    "sectionName": "CNXFINAL",
    "printDate": "04/30/2021",
    "policyId": "505600100129001",
    "version": "1",
    "productNum": "5",
    "stateCode": "5",
    "companyNum": "60",
    "versionType": "New",
    "term": "12",
    "paypPlan": "1-Pay",
    "nameInsured": "Staefilinglightvehicle, Test",
    "phoneNumber": null,
    "date1": "03/24/2021",
    "date2": "04/08/2021",
    "amount1": "0",
    "amount2": "0",
    "note": "Policy status has been changed to cancel final",
    "recordNum": "VK9975"
  },
  {
    "agencyCode": "5003",
    "imageId": "546",
    "sectionName": "CNXFINAL",
    "printDate": "04/30/2021",
    "policyId": "505600100163001",
    "version": "1",
    "productNum": "5",
    "stateCode": "5",
    "companyNum": "60",
    "versionType": "New",
    "term": "12",
    "paypPlan": "10-Pay Low",
    "nameInsured": "Testcasel14, Lqratetest",
    "phoneNumber": null,
    "date1": "03/04/2021",
    "date2": "04/08/2021",
    "amount1": "0",
    "amount2": "0",
    "note": "Policy status has been changed to cancel final",
    "recordNum": "VK9975"
  },
  {
    "agencyCode": "5003",
    "imageId": "546",
    "sectionName": "CNXFINAL",
    "printDate": "04/30/2021",
    "policyId": "505631616414001",
    "version": "1",
    "productNum": "5",
    "stateCode": "5",
    "companyNum": "60",
    "versionType": "New",
    "term": "12",
    "paypPlan": "1-Pay",
    "nameInsured": "Blanco, Eliot",
    "phoneNumber": null,
    "date1": "03/17/2021",
    "date2": "04/08/2021",
    "amount1": "0",
    "amount2": "0",
    "note": "Policy status has been changed to cancel final",
    "recordNum": "VK9975"
  }
]
 
10:27:04.985 [pool-1-thread-4] INFO  com.intuit.karate - Loading karate-config 
10:27:04.986 [pool-1-thread-4] INFO  com.intuit.karate - Karate environment:u0 
10:27:04.986 [pool-1-thread-4] INFO  com.intuit.karate - Karate baseURL:https://prssu0.pri.kemper.com/policyReportSearchService/v2 
10:27:04.991 [pool-1-thread-1] INFO  com.intuit.karate - Loading karate-config 
10:27:04.993 [pool-1-thread-1] INFO  com.intuit.karate - Karate environment:u0 
10:27:04.994 [pool-1-thread-1] INFO  com.intuit.karate - Karate baseURL:https://prssu0.pri.kemper.com/policyReportSearchService/v2 
10:27:05.309 [pool-1-thread-5] INFO  com.intuit.karate - [print] [
]
 
10:27:05.314 [pool-1-thread-5] INFO  com.intuit.karate - Loading karate-config 
10:27:05.315 [pool-1-thread-5] INFO  com.intuit.karate - Karate environment:u0 
10:27:05.315 [pool-1-thread-5] INFO  com.intuit.karate - Karate baseURL:https://prssu0.pri.kemper.com/policyReportSearchService/v2 
10:27:06.968 [pool-1-thread-3] INFO  com.intuit.karate - [print] [
  {
    "insuredName": "SMITH, JANET FRANCES",
    "policyID": "104267105682001",
    "version": "6",
    "policyStatus": "Cancelled",
    "origEffDate": "12/31/2016",
    "origExpDate": "12/31/2017",
    "cancelDate": "12/31/2016",
    "rateDate": "12/31/2016",
    "agencyNum": "26892",
    "homePhone": "(323) 292-4300",
    "workPhone": null,
    "email": null,
    "policyTerm": "12",
    "payPlan": "12PayRNEFT",
    "versionType": "Renewal",
    "quotedDownPymt": "185.78",
    "cancelSourceCode": "FLATC",
    "sourceEnvironment": null
  },
  {
    "insuredName": "SMITH, JANET FRANCES",
    "policyID": "104267105682001",
    "version": "5",
    "policyStatus": "Expired",
    "origEffDate": "12/31/2015",
    "origExpDate": "12/31/2016",
    "cancelDate": "12/31/2016",
    "rateDate": "12/31/2015",
    "agencyNum": "26892",
    "homePhone": "(323) 292-4300",
    "workPhone": null,
    "email": null,
    "policyTerm": "12",
    "payPlan": "12PayRNEFT",
    "versionType": "Renewal",
    "quotedDownPymt": "153.87",
    "cancelSourceCode": null,
    "sourceEnvironment": null
  },
  {
    "insuredName": "SMITH, JANET FRANCES",
    "policyID": "104267105682001",
    "version": "4",
    "policyStatus": "Expired",
    "origEffDate": "12/31/2014",
    "origExpDate": "12/31/2015",
    "cancelDate": "12/31/2015",
    "rateDate": "12/31/2014",
    "agencyNum": "26892",
    "homePhone": "(323) 292-4300",
    "workPhone": null,
    "email": null,
    "policyTerm": "12",
    "payPlan": "12PayRNEFT",
    "versionType": "Renewal",
    "quotedDownPymt": "56.58",
    "cancelSourceCode": null,
    "sourceEnvironment": null
  },
  {
    "insuredName": "SMITH, JANET FRANCES",
    "policyID": "104267105682001",
    "version": "3",
    "policyStatus": "Expired",
    "origEffDate": "12/31/2013",
    "origExpDate": "12/31/2014",
    "cancelDate": "12/31/2014",
    "rateDate": "12/31/2013",
    "agencyNum": "26892",
    "homePhone": "(323) 292-4300",
    "workPhone": null,
    "email": null,
    "policyTerm": "12",
    "payPlan": "12PayRNEFT",
    "versionType": "Renewal",
    "quotedDownPymt": "52.53",
    "cancelSourceCode": null,
    "sourceEnvironment": null
  },
  {
    "insuredName": "SMITH, JANET FRANCES",
    "policyID": "104267105682001",
    "version": "2",
    "policyStatus": "Expired",
    "origEffDate": "12/31/2012",
    "origExpDate": "12/31/2013",
    "cancelDate": "12/31/2013",
    "rateDate": "12/31/2012",
    "agencyNum": "26892",
    "homePhone": "(323) 292-4300",
    "workPhone": null,
    "email": null,
    "policyTerm": "12",
    "payPlan": "12-Pay EFT",
    "versionType": "Renewal",
    "quotedDownPymt": "48.81",
    "cancelSourceCode": null,
    "sourceEnvironment": null
  },
  {
    "insuredName": "SMITH, JANET FRANCES",
    "policyID": "104267105682001",
    "version": "1",
    "policyStatus": "Expired",
    "origEffDate": "12/31/2011",
    "origExpDate": "12/31/2012",
    "cancelDate": "12/31/2012",
    "rateDate": "12/31/2011",
    "agencyNum": "26892",
    "homePhone": "(323) 292-4300",
    "workPhone": null,
    "email": null,
    "policyTerm": "12",
    "payPlan": "12-Pay EFT",
    "versionType": "Renewal",
    "quotedDownPymt": "48.81",
    "cancelSourceCode": null,
    "sourceEnvironment": null
  },
  {
    "insuredName": "SMITH, MARILYN JOYCE",
    "policyID": "104537767041001",
    "version": "3",
    "policyStatus": "Cancelled",
    "origEffDate": "04/30/2014",
    "origExpDate": "04/30/2015",
    "cancelDate": "11/25/2014",
    "rateDate": "04/30/2014",
    "agencyNum": "26892",
    "homePhone": "(310) 677-5563",
    "workPhone": "(213) 593-6207",
    "email": null,
    "policyTerm": "12",
    "payPlan": "12PayRNEFT",
    "versionType": "Renewal",
    "quotedDownPymt": "54.25",
    "cancelSourceCode": "NONPAY",
    "sourceEnvironment": null
  },
  {
    "insuredName": "SMITH, MARILYN JOYCE",
    "policyID": "104537767041001",
    "version": "2",
    "policyStatus": "Expired",
    "origEffDate": "04/30/2013",
    "origExpDate": "04/30/2014",
    "cancelDate": "04/30/2014",
    "rateDate": "04/30/2013",
    "agencyNum": "26892",
    "homePhone": "(310) 677-5563",
    "workPhone": "(213) 593-6207",
    "email": null,
    "policyTerm": "12",
    "payPlan": "12-Pay EFT",
    "versionType": "Renewal",
    "quotedDownPymt": "54.86",
    "cancelSourceCode": null,
    "sourceEnvironment": null
  },
  {
    "insuredName": "SMITH, MARILYN JOYCE",
    "policyID": "104537767041001",
    "version": "1",
    "policyStatus": "Expired",
    "origEffDate": "04/30/2012",
    "origExpDate": "04/30/2013",
    "cancelDate": "04/30/2013",
    "rateDate": "04/30/2012",
    "agencyNum": "26892",
    "homePhone": "(310) 677-5563",
    "workPhone": "(213) 593-6207",
    "email": null,
    "policyTerm": "12",
    "payPlan": "12-Pay EFT",
    "versionType": "Renewal",
    "quotedDownPymt": "54.86",
    "cancelSourceCode": null,
    "sourceEnvironment": null
  },
  {
    "insuredName": "Smith, Eddie Leroy",
    "policyID": "104538925481001",
    "version": "5",
    "policyStatus": "Cancel Pending",
    "origEffDate": "01/21/2017",
    "origExpDate": "01/21/2018",
    "cancelDate": "08/02/2017",
    "rateDate": "01/21/2017",
    "agencyNum": "26892",
    "homePhone": "(310) 469-3263",
    "workPhone": null,
    "email": null,
    "policyTerm": "12",
    "payPlan": "12-Pay REN",
    "versionType": "Renewal",
    "quotedDownPymt": "81.5",
    "cancelSourceCode": "NONPAY",
    "sourceEnvironment": null
  },
  {
    "insuredName": "Smith, Eddie Leroy",
    "policyID": "104538925481001",
    "version": "4",
    "policyStatus": "Expired",
    "origEffDate": "01/21/2016",
    "origExpDate": "01/21/2017",
    "cancelDate": "01/21/2017",
    "rateDate": "01/21/2016",
    "agencyNum": "26892",
    "homePhone": "(310) 469-3263",
    "workPhone": null,
    "email": null,
    "policyTerm": "12",
    "payPlan": "12-Pay DB",
    "versionType": "New",
    "quotedDownPymt": "69.22",
    "cancelSourceCode": null,
    "sourceEnvironment": null
  },
  {
    "insuredName": "SMITH, JACQUELINE DELOIS",
    "policyID": "104580462487001",
    "version": "1",
    "policyStatus": "Expired",
    "origEffDate": "05/09/2012",
    "origExpDate": "05/09/2013",
    "cancelDate": "05/09/2013",
    "rateDate": "05/09/2012",
    "agencyNum": "26892",
    "homePhone": "(323) 753-6385",
    "workPhone": "(626) 299-4570",
    "email": null,
    "policyTerm": "12",
    "payPlan": "11-Pay DB",
    "versionType": "Renewal",
    "quotedDownPymt": "81.72",
    "cancelSourceCode": null,
    "sourceEnvironment": null
  },
  {
    "insuredName": "SMITH, DONALD RAY",
    "policyID": "104587140927001",
    "version": "1",
    "policyStatus": "Cancelled",
    "origEffDate": "05/08/2012",
    "origExpDate": "05/08/2013",
    "cancelDate": "05/08/2012",
    "rateDate": "05/08/2012",
    "agencyNum": "26892",
    "homePhone": "(323) 777-8155",
    "workPhone": "(310) 728-3661",
    "email": null,
    "policyTerm": "12",
    "payPlan": "12-Pay EFT",
    "versionType": "Renewal",
    "quotedDownPymt": "135.04",
    "cancelSourceCode": "IR",
    "sourceEnvironment": null
  },
  {
    "insuredName": "Smith, Tonisha Donay",
    "policyID": "104592203746001",
    "version": "3",
    "policyStatus": "Cancelled",
    "origEffDate": "08/10/2014",
    "origExpDate": "08/10/2015",
    "cancelDate": "01/06/2015",
    "rateDate": "08/10/2014",
    "agencyNum": "26892",
    "homePhone": "(323) 751-0104",
    "workPhone": "(999) 999-9999",
    "email": null,
    "policyTerm": "12",
    "payPlan": "12-PayRNDB",
    "versionType": "Renewal",
    "quotedDownPymt": "127.67",
    "cancelSourceCode": "IR",
    "sourceEnvironment": null
  },
  {
    "insuredName": "Smith, Tonisha Donay",
    "policyID": "104592203746001",
    "version": "2",
    "policyStatus": "Expired",
    "origEffDate": "08/10/2013",
    "origExpDate": "08/10/2014",
    "cancelDate": "08/10/2014",
    "rateDate": "08/10/2013",
    "agencyNum": "26892",
    "homePhone": "(323) 751-0104",
    "workPhone": "(999) 999-9999",
    "email": null,
    "policyTerm": "12",
    "payPlan": "12-PayRNDB",
    "versionType": "Renewal",
    "quotedDownPymt": "132.16",
    "cancelSourceCode": null,
    "sourceEnvironment": null
  },
  {
    "insuredName": "Smith, Tonisha Donay",
    "policyID": "104592203746001",
    "version": "1",
    "policyStatus": "Expired",
    "origEffDate": "08/10/2012",
    "origExpDate": "08/10/2013",
    "cancelDate": "08/10/2013",
    "rateDate": "08/10/2012",
    "agencyNum": "26892",
    "homePhone": "(323) 751-0104",
    "workPhone": "(999) 999-9999",
    "email": null,
    "policyTerm": "12",
    "payPlan": "12-Pay REN",
    "versionType": "Renewal",
    "quotedDownPymt": "132.25",
    "cancelSourceCode": null,
    "sourceEnvironment": null
  },
  {
    "insuredName": "SMITH, GEORGE",
    "policyID": "104594130203001",
    "version": "1",
    "policyStatus": "Cancelled",
    "origEffDate": "04/16/2012",
    "origExpDate": "04/16/2013",
    "cancelDate": "05/02/2012",
    "rateDate": "04/16/2012",
    "agencyNum": "26892",
    "homePhone": "(323) 234-4504",
    "workPhone": "(   )    -",
    "email": null,
    "policyTerm": "12",
    "payPlan": "11-Pay DB",
    "versionType": "Renewal",
    "quotedDownPymt": "220.5",
    "cancelSourceCode": "IR",
    "sourceEnvironment": null
  },
  {
    "insuredName": "SMITH, DEREKA TALAMESHIA",
    "policyID": "104596719758001",
    "version": "2",
    "policyStatus": "Cancelled",
    "origEffDate": "12/22/2012",
    "origExpDate": "12/22/2013",
    "cancelDate": "01/07/2013",
    "rateDate": "12/22/2012",
    "agencyNum": "26892",
    "homePhone": "(310) 283-7854",
    "workPhone": "(310) 699-4492",
    "email": null,
    "policyTerm": "12",
    "payPlan": "12-Pay EFT",
    "versionType": "Renewal",
    "quotedDownPymt": "173.43",
    "cancelSourceCode": "IR",
    "sourceEnvironment": null
  },
  {
    "insuredName": "SMITH, DEREKA TALAMESHIA",
    "policyID": "104596719758001",
    "version": "1",
    "policyStatus": "Expired",
    "origEffDate": "12/22/2011",
    "origExpDate": "12/22/2012",
    "cancelDate": "12/22/2012",
    "rateDate": "12/22/2011",
    "agencyNum": "26892",
    "homePhone": "(310) 283-7854",
    "workPhone": "(310) 699-4492",
    "email": null,
    "policyTerm": "12",
    "payPlan": "12-Pay EFT",
    "versionType": "Renewal",
    "quotedDownPymt": "153.88",
    "cancelSourceCode": null,
    "sourceEnvironment": null
  },
  {
    "insuredName": "SMITH, JOHNNIE MICHELLE",
    "policyID": "104600077869001",
    "version": "6",
    "policyStatus": "Cancelled",
    "origEffDate": "12/02/2016",
    "origExpDate": "12/02/2017",
    "cancelDate": "09/13/2017",
    "rateDate": "12/02/2016",
    "agencyNum": "26892",
    "homePhone": "(323) 777-7665",
    "workPhone": "(213) 452-5762",
    "email": null,
    "policyTerm": "12",
    "payPlan": "12PayRNEFT",
    "versionType": "Renewal",
    "quotedDownPymt": "160.54",
    "cancelSourceCode": "NONPAY",
    "sourceEnvironment": null
  },
  {
    "insuredName": "SMITH, JOHNNIE MICHELLE",
    "policyID": "104600077869001",
    "version": "5",
    "policyStatus": "Expired",
    "origEffDate": "12/02/2015",
    "origExpDate": "12/02/2016",
    "cancelDate": "12/02/2016",
    "rateDate": "12/02/2015",
    "agencyNum": "26892",
    "homePhone": "(323) 777-7665",
    "workPhone": "(213) 452-5762",
    "email": null,
    "policyTerm": "12",
    "payPlan": "12PayRNEFT",
    "versionType": "Renewal",
    "quotedDownPymt": "126.63",
    "cancelSourceCode": null,
    "sourceEnvironment": null
  },
  {
    "insuredName": "SMITH, JOHNNIE MICHELLE",
    "policyID": "104600077869001",
    "version": "4",
    "policyStatus": "Expired",
    "origEffDate": "12/02/2014",
    "origExpDate": "12/02/2015",
    "cancelDate": "12/02/2015",
    "rateDate": "12/02/2014",
    "agencyNum": "26892",
    "homePhone": "(323) 777-7665",
    "workPhone": "(213) 452-5762",
    "email": null,
    "policyTerm": "12",
    "payPlan": "12PayRNEFT",
    "versionType": "Renewal",
    "quotedDownPymt": "43.04",
    "cancelSourceCode": null,
    "sourceEnvironment": null
  },
  {
    "insuredName": "SMITH, JOHNNIE MICHELLE",
    "policyID": "104600077869001",
    "version": "3",
    "policyStatus": "Expired",
    "origEffDate": "12/02/2013",
    "origExpDate": "12/02/2014",
    "cancelDate": "12/02/2014",
    "rateDate": "12/02/2013",
    "agencyNum": "26892",
    "homePhone": "(323) 777-7665",
    "workPhone": "(213) 452-5762",
    "email": null,
    "policyTerm": "12",
    "payPlan": "12PayRNEFT",
    "versionType": "Renewal",
    "quotedDownPymt": "40.37",
    "cancelSourceCode": null,
    "sourceEnvironment": null
  },
  {
    "insuredName": "SMITH, JOHNNIE MICHELLE",
    "policyID": "104600077869001",
    "version": "2",
    "policyStatus": "Expired",
    "origEffDate": "12/02/2012",
    "origExpDate": "12/02/2013",
    "cancelDate": "12/02/2013",
    "rateDate": "12/02/2012",
    "agencyNum": "26892",
    "homePhone": "(323) 777-7665",
    "workPhone": "(213) 452-5762",
    "email": null,
    "policyTerm": "12",
    "payPlan": "12-Pay EFT",
    "versionType": "Renewal",
    "quotedDownPymt": "38.44",
    "cancelSourceCode": null,
    "sourceEnvironment": null
  },
  {
    "insuredName": "SMITH, JOHNNIE MICHELLE",
    "policyID": "104600077869001",
    "version": "1",
    "policyStatus": "Expired",
    "origEffDate": "12/02/2011",
    "origExpDate": "12/02/2012",
    "cancelDate": "12/02/2012",
    "rateDate": "12/02/2011",
    "agencyNum": "26892",
    "homePhone": "(323) 777-7665",
    "workPhone": "(213) 452-5762",
    "email": null,
    "policyTerm": "12",
    "payPlan": "12-Pay EFT",
    "versionType": "Renewal",
    "quotedDownPymt": "38.61",
    "cancelSourceCode": null,
    "sourceEnvironment": null
  },
  {
    "insuredName": "Smith, Mary L",
    "policyID": "104600085278001",
    "version": "2",
    "policyStatus": "Cancelled",
    "origEffDate": "11/15/2012",
    "origExpDate": "11/15/2013",
    "cancelDate": "12/10/2012",
    "rateDate": "11/15/2012",
    "agencyNum": "26892",
    "homePhone": "(323) 936-9832",
    "workPhone": null,
    "email": null,
    "policyTerm": "12",
    "payPlan": "12-Pay EFT",
    "versionType": "Renewal",
    "quotedDownPymt": "245.5",
    "cancelSourceCode": "IR",
    "sourceEnvironment": null
  },
  {
    "insuredName": "Smith, Mary L",
    "policyID": "104600085278001",
    "version": "1",
    "policyStatus": "Expired",
    "origEffDate": "11/15/2011",
    "origExpDate": "11/15/2012",
    "cancelDate": "11/15/2012",
    "rateDate": "11/05/2011",
    "agencyNum": "26892",
    "homePhone": "(323) 936-9832",
    "workPhone": null,
    "email": null,
    "policyTerm": "12",
    "payPlan": "12-Pay EFT",
    "versionType": "New",
    "quotedDownPymt": "274",
    "cancelSourceCode": null,
    "sourceEnvironment": null
  },
  {
    "insuredName": "SMITH, ANDREA",
    "policyID": "104600091447001",
    "version": "1",
    "policyStatus": "Cancelled",
    "origEffDate": "12/15/2011",
    "origExpDate": "12/15/2012",
    "cancelDate": "10/22/2012",
    "rateDate": "12/15/2011",
    "agencyNum": "26892",
    "homePhone": "(323) 778-4044",
    "workPhone": "(   )    -",
    "email": null,
    "policyTerm": "12",
    "payPlan": "12-Pay REN",
    "versionType": "Renewal",
    "quotedDownPymt": "88.25",
    "cancelSourceCode": "IR",
    "sourceEnvironment": null
  },
  {
    "insuredName": "SMITH, BRUCE CARDELL",
    "policyID": "104600162710001",
    "version": "3",
    "policyStatus": "Cancelled",
    "origEffDate": "12/11/2013",
    "origExpDate": "12/11/2014",
    "cancelDate": "03/05/2014",
    "rateDate": "12/11/2013",
    "agencyNum": "26892",
    "homePhone": "(310)800-6944",
    "workPhone": "(310) 697-2711",
    "email": null,
    "policyTerm": "12",
    "payPlan": "12-PayDBRW",
    "versionType": "Rewrite",
    "quotedDownPymt": "48.63",
    "cancelSourceCode": "IR",
    "sourceEnvironment": null
  },
  {
    "insuredName": "SMITH, BRUCE CARDELL",
    "policyID": "104600162710001",
    "version": "2",
    "policyStatus": "Cancelled",
    "origEffDate": "02/06/2013",
    "origExpDate": "02/06/2014",
    "cancelDate": "11/26/2013",
    "rateDate": "02/06/2013",
    "agencyNum": "26892",
    "homePhone": "(310)800-6944",
    "workPhone": "(310) 697-2711",
    "email": null,
    "policyTerm": "12",
    "payPlan": "12-Pay REN",
    "versionType": "Renewal",
    "quotedDownPymt": "139.05",
    "cancelSourceCode": "NONPAY",
    "sourceEnvironment": null
  },
  {
    "insuredName": "SMITH, BRUCE CARDELL",
    "policyID": "104600162710001",
    "version": "1",
    "policyStatus": "Expired",
    "origEffDate": "02/06/2012",
    "origExpDate": "02/06/2013",
    "cancelDate": "02/06/2013",
    "rateDate": "02/06/2012",
    "agencyNum": "26892",
    "homePhone": "(310)800-6944",
    "workPhone": "(310) 697-2711",
    "email": null,
    "policyTerm": "12",
    "payPlan": "12-Pay REN",
    "versionType": "Renewal",
    "quotedDownPymt": "199",
    "cancelSourceCode": null,
    "sourceEnvironment": null
  },
  {
    "insuredName": "SMITH, MARIA D",
    "policyID": "104600181252001",
    "version": "1",
    "policyStatus": "Expired",
    "origEffDate": "02/16/2012",
    "origExpDate": "02/16/2013",
    "cancelDate": "02/16/2013",
    "rateDate": "02/16/2012",
    "agencyNum": "26892",
    "homePhone": "(310) 502-9171",
    "workPhone": "(310) 631-0888",
    "email": null,
    "policyTerm": "12",
    "payPlan": "12-Pay REN",
    "versionType": "Renewal",
    "quotedDownPymt": "55.11",
    "cancelSourceCode": null,
    "sourceEnvironment": null
  },
  {
    "insuredName": "SMITH, LESLIE",
    "policyID": "104600193987001",
    "version": "2",
    "policyStatus": "Cancelled",
    "origEffDate": "08/22/2012",
    "origExpDate": "02/22/2013",
    "cancelDate": "10/17/2012",
    "rateDate": "08/22/2012",
    "agencyNum": "26892",
    "homePhone": "(323) 566-4407",
    "workPhone": null,
    "email": null,
    "policyTerm": "6",
    "payPlan": "5-Pay DB",
    "versionType": "Renewal",
    "quotedDownPymt": "56.88",
    "cancelSourceCode": "IR",
    "sourceEnvironment": null
  },
  {
    "insuredName": "SMITH, LESLIE",
    "policyID": "104600193987001",
    "version": "1",
    "policyStatus": "Expired",
    "origEffDate": "02/22/2012",
    "origExpDate": "08/22/2012",
    "cancelDate": "08/22/2012",
    "rateDate": "02/22/2012",
    "agencyNum": "26892",
    "homePhone": "(323) 566-4407",
    "workPhone": null,
    "email": null,
    "policyTerm": "6",
    "payPlan": "5-Pay DB",
    "versionType": "Renewal",
    "quotedDownPymt": "56.88",
    "cancelSourceCode": null,
    "sourceEnvironment": null
  },
  {
    "insuredName": "Smith, Jared Eddie",
    "policyID": "104600251857001",
    "version": "2",
    "policyStatus": "Cancelled",
    "origEffDate": "05/30/2012",
    "origExpDate": "05/30/2013",
    "cancelDate": "08/11/2012",
    "rateDate": "05/30/2012",
    "agencyNum": "26892",
    "homePhone": "(323) 935-6849",
    "workPhone": null,
    "email": null,
    "policyTerm": "12",
    "payPlan": "12-PayQBDB",
    "versionType": "New",
    "quotedDownPymt": "68",
    "cancelSourceCode": "NONPAY",
    "sourceEnvironment": null
  },
  {
    "insuredName": "Smith, William",
    "policyID": "104600282968001",
    "version": "3",
    "policyStatus": "Expired",
    "origEffDate": "04/05/2014",
    "origExpDate": "04/05/2015",
    "cancelDate": "04/05/2015",
    "rateDate": "04/05/2014",
    "agencyNum": "26892",
    "homePhone": "(310) 679-1234",
    "workPhone": "(310) 351-2477",
    "email": null,
    "policyTerm": "12",
    "payPlan": "12-PayRNDB",
    "versionType": "Renewal",
    "quotedDownPymt": "54",
    "cancelSourceCode": null,
    "sourceEnvironment": null
  },
  {
    "insuredName": "Smith, William",
    "policyID": "104600282968001",
    "version": "2",
    "policyStatus": "Expired",
    "origEffDate": "04/05/2013",
    "origExpDate": "04/05/2014",
    "cancelDate": "04/05/2014",
    "rateDate": "04/05/2013",
    "agencyNum": "26892",
    "homePhone": "(310) 679-1234",
    "workPhone": "(310) 351-2477",
    "email": null,
    "policyTerm": "12",
    "payPlan": "11-Pay DB",
    "versionType": "Renewal",
    "quotedDownPymt": "67.9",
    "cancelSourceCode": null,
    "sourceEnvironment": null
  },
  {
    "insuredName": "Smith, William",
    "policyID": "104600282968001",
    "version": "1",
    "policyStatus": "Expired",
    "origEffDate": "04/05/2012",
    "origExpDate": "04/05/2013",
    "cancelDate": "04/05/2013",
    "rateDate": "04/05/2012",
    "agencyNum": "26892",
    "homePhone": "(310) 679-1234",
    "workPhone": "(310) 351-2477",
    "email": null,
    "policyTerm": "12",
    "payPlan": "11-Pay DB",
    "versionType": "Renewal",
    "quotedDownPymt": "62.01",
    "cancelSourceCode": null,
    "sourceEnvironment": null
  },
  {
    "insuredName": "SMITH, MARILYN",
    "policyID": "104600381207001",
    "version": "2",
    "policyStatus": "Cancelled",
    "origEffDate": "05/31/2013",
    "origExpDate": "05/31/2014",
    "cancelDate": "11/16/2013",
    "rateDate": "05/31/2013",
    "agencyNum": "26892",
    "homePhone": "(310) 941-6199",
    "workPhone": null,
    "email": null,
    "policyTerm": "12",
    "payPlan": "11-Pay DB",
    "versionType": "Renewal",
    "quotedDownPymt": "89.3",
    "cancelSourceCode": "NONPAY",
    "sourceEnvironment": null
  },
  {
    "insuredName": "SMITH, MARILYN",
    "policyID": "104600381207001",
    "version": "1",
    "policyStatus": "Expired",
    "origEffDate": "05/31/2012",
    "origExpDate": "05/31/2013",
    "cancelDate": "05/31/2013",
    "rateDate": "05/31/2012",
    "agencyNum": "26892",
    "homePhone": "(310) 941-6199",
    "workPhone": null,
    "email": null,
    "policyTerm": "12",
    "payPlan": "11-Pay DB",
    "versionType": "Renewal",
    "quotedDownPymt": "131.67",
    "cancelSourceCode": null,
    "sourceEnvironment": null
  },
  {
    "insuredName": "SMITH, JIMMY MARDELL",
    "policyID": "104600393036001",
    "version": "1",
    "policyStatus": "Cancelled",
    "origEffDate": "06/06/2012",
    "origExpDate": "06/06/2013",
    "cancelDate": "11/21/2012",
    "rateDate": "06/06/2012",
    "agencyNum": "26892",
    "homePhone": "(323) 218-4196",
    "workPhone": "(323) 759-5500",
    "email": null,
    "policyTerm": "12",
    "payPlan": "12-Pay REN",
    "versionType": "Renewal",
    "quotedDownPymt": "124.9",
    "cancelSourceCode": "NONPAY",
    "sourceEnvironment": null
  },
  {
    "insuredName": "Smith, Lenard",
    "policyID": "104600444814001",
    "version": "3",
    "policyStatus": "Cancelled",
    "origEffDate": "07/11/2014",
    "origExpDate": "07/11/2015",
    "cancelDate": "09/10/2014",
    "rateDate": "07/11/2014",
    "agencyNum": "26892",
    "homePhone": "3233467952",
    "workPhone": null,
    "email": "lenardsmith104@gmail.com",
    "policyTerm": "12",
    "payPlan": "12-PayRNDB",
    "versionType": "Renewal",
    "quotedDownPymt": "75.69",
    "cancelSourceCode": "IR",
    "sourceEnvironment": null
  },
  {
    "insuredName": "Smith, Lenard",
    "policyID": "104600444814001",
    "version": "2",
    "policyStatus": "Expired",
    "origEffDate": "07/11/2013",
    "origExpDate": "07/11/2014",
    "cancelDate": "07/11/2014",
    "rateDate": "07/11/2013",
    "agencyNum": "26892",
    "homePhone": "3233467952",
    "workPhone": null,
    "email": "lenardsmith104@gmail.com",
    "policyTerm": "12",
    "payPlan": "12-Pay REN",
    "versionType": "Renewal",
    "quotedDownPymt": "85.8",
    "cancelSourceCode": null,
    "sourceEnvironment": null
  },
  {
    "insuredName": "Smith, Lenard",
    "policyID": "104600444814001",
    "version": "1",
    "policyStatus": "Expired",
    "origEffDate": "07/11/2012",
    "origExpDate": "07/11/2013",
    "cancelDate": "07/11/2013",
    "rateDate": "07/11/2012",
    "agencyNum": "26892",
    "homePhone": "3233467952",
    "workPhone": null,
    "email": "lenardsmith104@gmail.com",
    "policyTerm": "12",
    "payPlan": "12-Pay REN",
    "versionType": "Renewal",
    "quotedDownPymt": "117.89",
    "cancelSourceCode": null,
    "sourceEnvironment": null
  },
  {
    "insuredName": "SMITH, SEAN",
    "policyID": "104600453029001",
    "version": "6",
    "policyStatus": "Cancelled",
    "origEffDate": "04/08/2015",
    "origExpDate": "04/08/2016",
    "cancelDate": "11/23/2015",
    "rateDate": "04/08/2015",
    "agencyNum": "26892",
    "homePhone": "(310) 529-7359",
    "workPhone": null,
    "email": null,
    "policyTerm": "12",
    "payPlan": "12-Pay REN",
    "versionType": "Renewal",
    "quotedDownPymt": "136.99",
    "cancelSourceCode": "NONPAY",
    "sourceEnvironment": null
  },
  {
    "insuredName": "SMITH, SEAN",
    "policyID": "104600453029001",
    "version": "5",
    "policyStatus": "Expired",
    "origEffDate": "03/17/2014",
    "origExpDate": "03/17/2015",
    "cancelDate": "03/17/2015",
    "rateDate": "03/17/2014",
    "agencyNum": "26892",
    "homePhone": "(310) 529-7359",
    "workPhone": null,
    "email": null,
    "policyTerm": "12",
    "payPlan": "12-PayDBRW",
    "versionType": "Rewrite",
    "quotedDownPymt": "153.5",
    "cancelSourceCode": null,
    "sourceEnvironment": null
  },
  {
    "insuredName": "SMITH, SEAN",
    "policyID": "104600453029001",
    "version": "4",
    "policyStatus": "Cancelled",
    "origEffDate": "01/13/2014",
    "origExpDate": "01/13/2015",
    "cancelDate": "03/06/2014",
    "rateDate": "01/13/2014",
    "agencyNum": "26892",
    "homePhone": "(310) 529-7359",
    "workPhone": null,
    "email": null,
    "policyTerm": "12",
    "payPlan": "12-PayDBRW",
    "versionType": "Rewrite",
    "quotedDownPymt": "157.25",
    "cancelSourceCode": "NONPAY",
    "sourceEnvironment": null
  },
  {
    "insuredName": "SMITH, SEAN",
    "policyID": "104600453029001",
    "version": "3",
    "policyStatus": "Cancelled",
    "origEffDate": "09/16/2013",
    "origExpDate": "09/16/2014",
    "cancelDate": "01/06/2014",
    "rateDate": "09/16/2013",
    "agencyNum": "26892",
    "homePhone": "(310) 529-7359",
    "workPhone": null,
    "email": null,
    "policyTerm": "12",
    "payPlan": "12-PayDBRW",
    "versionType": "Rewrite",
    "quotedDownPymt": "155",
    "cancelSourceCode": "NONPAY",
    "sourceEnvironment": null
  },
  {
    "insuredName": "SMITH, SEAN",
    "policyID": "104600453029001",
    "version": "2",
    "policyStatus": "Cancelled",
    "origEffDate": "07/12/2013",
    "origExpDate": "07/12/2014",
    "cancelDate": "09/01/2013",
    "rateDate": "07/12/2013",
    "agencyNum": "26892",
    "homePhone": "(310) 529-7359",
    "workPhone": null,
    "email": null,
    "policyTerm": "12",
    "payPlan": "12-PayQBDB",
    "versionType": "Rewrite",
    "quotedDownPymt": "130.7",
    "cancelSourceCode": "NONPAY",
    "sourceEnvironment": null
  },
  {
    "insuredName": "SMITH, SEAN",
    "policyID": "104600453029001",
    "version": "1",
    "policyStatus": "Cancelled",
    "origEffDate": "07/15/2012",
    "origExpDate": "07/15/2013",
    "cancelDate": "06/04/2013",
    "rateDate": "07/15/2012",
    "agencyNum": "26892",
    "homePhone": "(310) 529-7359",
    "workPhone": null,
    "email": null,
    "policyTerm": "12",
    "payPlan": "12-Pay REN",
    "versionType": "Renewal",
    "quotedDownPymt": "129.27",
    "cancelSourceCode": "NONPAY",
    "sourceEnvironment": null
  },
  {
    "insuredName": "Smith, La Kohl M",
    "policyID": "104600511155001",
    "version": "2",
    "policyStatus": "Cancelled",
    "origEffDate": "04/02/2013",
    "origExpDate": "04/02/2014",
    "cancelDate": "05/12/2013",
    "rateDate": "04/02/2013",
    "agencyNum": "26892",
    "homePhone": "(323) 490-8045",
    "workPhone": "(323) 490-8045",
    "email": "bkohld563@aol.com",
    "policyTerm": "12",
    "payPlan": "12-PayQBDB",
    "versionType": "New",
    "quotedDownPymt": "86",
    "cancelSourceCode": "NONPAY",
    "sourceEnvironment": null
  },
  {
    "insuredName": "Smith, Christopher",
    "policyID": "104600547371001",
    "version": "4",
    "policyStatus": "Cancelled",
    "origEffDate": "10/02/2013",
    "origExpDate": "10/02/2014",
    "cancelDate": "12/17/2013",
    "rateDate": "10/02/2013",
    "agencyNum": "26892",
    "homePhone": "(213) 281-7522",
    "workPhone": null,
    "email": null,
    "policyTerm": "12",
    "payPlan": "12-Pay DB",
    "versionType": "New",
    "quotedDownPymt": "81.3",
    "cancelSourceCode": "NONPAY",
    "sourceEnvironment": null
  },
  {
    "insuredName": "Smith, Christopher",
    "policyID": "104600547371001",
    "version": "3",
    "policyStatus": "Cancelled",
    "origEffDate": "07/31/2013",
    "origExpDate": "07/31/2014",
    "cancelDate": "09/09/2013",
    "rateDate": "07/31/2013",
    "agencyNum": "26892",
    "homePhone": "(213) 281-7522",
    "workPhone": null,
    "email": null,
    "policyTerm": "12",
    "payPlan": "12-PayDBRW",
    "versionType": "Rewrite",
    "quotedDownPymt": "107.5",
    "cancelSourceCode": "NONPAY",
    "sourceEnvironment": null
  },
  {
    "insuredName": "Smith, Christopher",
    "policyID": "104600547371001",
    "version": "2",
    "policyStatus": "Cancelled",
    "origEffDate": "03/06/2013",
    "origExpDate": "03/06/2014",
    "cancelDate": "07/20/2013",
    "rateDate": "03/06/2013",
    "agencyNum": "26892",
    "homePhone": "(213) 281-7522",
    "workPhone": null,
    "email": null,
    "policyTerm": "12",
    "payPlan": "12-PayQBDB",
    "versionType": "Rewrite",
    "quotedDownPymt": "88.1",
    "cancelSourceCode": "NONPAY",
    "sourceEnvironment": null
  },
  {
    "insuredName": "Smith, Christopher",
    "policyID": "104600547371001",
    "version": "1",
    "policyStatus": "Cancelled",
    "origEffDate": "08/11/2012",
    "origExpDate": "08/11/2013",
    "cancelDate": "02/23/2013",
    "rateDate": "08/11/2012",
    "agencyNum": "26892",
    "homePhone": "(213) 281-7522",
    "workPhone": null,
    "email": null,
    "policyTerm": "12",
    "payPlan": "12-PayQBDB",
    "versionType": "New",
    "quotedDownPymt": "62.41",
    "cancelSourceCode": "NONPAY",
    "sourceEnvironment": null
  },
  {
    "insuredName": "SMITH, MARK ANTHONY",
    "policyID": "104600571013001",
    "version": "1",
    "policyStatus": "Cancelled",
    "origEffDate": "09/30/2012",
    "origExpDate": "09/30/2013",
    "cancelDate": "09/18/2013",
    "rateDate": "09/30/2012",
    "agencyNum": "26892",
    "homePhone": "(310) 679-2636",
    "workPhone": "(562) 777-0060",
    "email": null,
    "policyTerm": "12",
    "payPlan": "12-Pay EFT",
    "versionType": "Renewal",
    "quotedDownPymt": "60.07",
    "cancelSourceCode": "NONPAY",
    "sourceEnvironment": null
  },
  {
    "insuredName": "Smith, Lorettia",
    "policyID": "104600580998001",
    "version": "8",
    "policyStatus": "Cancel Pending",
    "origEffDate": "12/07/2016",
    "origExpDate": "12/07/2017",
    "cancelDate": "10/11/2017",
    "rateDate": "12/07/2016",
    "agencyNum": "26892",
    "homePhone": "(310) 346-9778",
    "workPhone": null,
    "email": null,
    "policyTerm": "12",
    "payPlan": "12-Pay REN",
    "versionType": "Renewal",
    "quotedDownPymt": "212.61",
    "cancelSourceCode": "NONPAY",
    "sourceEnvironment": null
  },
  {
    "insuredName": "Smith, Lorettia",
    "policyID": "104600580998001",
    "version": "7",
    "policyStatus": "Expired",
    "origEffDate": "12/07/2015",
    "origExpDate": "12/07/2016",
    "cancelDate": "12/07/2016",
    "rateDate": "12/07/2015",
    "agencyNum": "26892",
    "homePhone": "(310) 346-9778",
    "workPhone": null,
    "email": null,
    "policyTerm": "12",
    "payPlan": "12-PayDBRW",
    "versionType": "Rewrite",
    "quotedDownPymt": "154.05",
    "cancelSourceCode": null,
    "sourceEnvironment": null
  },
  {
    "insuredName": "Smith, Lorettia",
    "policyID": "104600580998001",
    "version": "6",
    "policyStatus": "Cancelled",
    "origEffDate": "08/14/2015",
    "origExpDate": "08/14/2016",
    "cancelDate": "11/27/2015",
    "rateDate": "08/14/2015",
    "agencyNum": "26892",
    "homePhone": "(310) 346-9778",
    "workPhone": null,
    "email": null,
    "policyTerm": "12",
    "payPlan": "12-PayDBRW",
    "versionType": "Rewrite",
    "quotedDownPymt": "154.05",
    "cancelSourceCode": "NONPAY",
    "sourceEnvironment": null
  },
  {
    "insuredName": "Smith, Lorettia",
    "policyID": "104600580998001",
    "version": "5",
    "policyStatus": "Cancelled",
    "origEffDate": "01/03/2015",
    "origExpDate": "01/03/2016",
    "cancelDate": "07/27/2015",
    "rateDate": "01/03/2015",
    "agencyNum": "26892",
    "homePhone": "(310) 346-9778",
    "workPhone": null,
    "email": null,
    "policyTerm": "12",
    "payPlan": "12-PayDBRW",
    "versionType": "Rewrite",
    "quotedDownPymt": "203.1",
    "cancelSourceCode": "NONPAY",
    "sourceEnvironment": null
  },
  {
    "insuredName": "Smith, Lorettia",
    "policyID": "104600580998001",
    "version": "4",
    "policyStatus": "Cancelled",
    "origEffDate": "07/29/2014",
    "origExpDate": "07/29/2015",
    "cancelDate": "12/10/2014",
    "rateDate": "07/29/2014",
    "agencyNum": "26892",
    "homePhone": "(310) 346-9778",
    "workPhone": null,
    "email": null,
    "policyTerm": "12",
    "payPlan": "12-PayDBRW",
    "versionType": "Rewrite",
    "quotedDownPymt": "203.1",
    "cancelSourceCode": "NONPAY",
    "sourceEnvironment": null
  },
  {
    "insuredName": "Smith, Lorettia",
    "policyID": "104600580998001",
    "version": "3",
    "policyStatus": "Cancelled",
    "origEffDate": "06/06/2014",
    "origExpDate": "06/06/2015",
    "cancelDate": "07/21/2014",
    "rateDate": "06/06/2014",
    "agencyNum": "26892",
    "homePhone": "(310) 346-9778",
    "workPhone": null,
    "email": null,
    "policyTerm": "12",
    "payPlan": "12-Pay REN",
    "versionType": "Renewal",
    "quotedDownPymt": "110.39",
    "cancelSourceCode": "NONPAY",
    "sourceEnvironment": null
  },
  {
    "insuredName": "Smith, Lorettia",
    "policyID": "104600580998001",
    "version": "2",
    "policyStatus": "Expired",
    "origEffDate": "05/22/2013",
    "origExpDate": "05/22/2014",
    "cancelDate": "05/22/2014",
    "rateDate": "05/22/2013",
    "agencyNum": "26892",
    "homePhone": "(310) 346-9778",
    "workPhone": null,
    "email": null,
    "policyTerm": "12",
    "payPlan": "12-PayQBDB",
    "versionType": "New",
    "quotedDownPymt": "109.4",
    "cancelSourceCode": null,
    "sourceEnvironment": null
  },
  {
    "insuredName": "SMITH, EDNA",
    "policyID": "104600599732001",
    "version": "4",
    "policyStatus": "Active",
    "origEffDate": "10/21/2015",
    "origExpDate": "10/21/2016",
    "cancelDate": "10/21/2016",
    "rateDate": "10/21/2015",
    "agencyNum": "26892",
    "homePhone": "(323) 750-5313",
    "workPhone": "(   )    -",
    "email": null,
    "policyTerm": "12",
    "payPlan": "12-PayRNDB",
    "versionType": "Renewal",
    "quotedDownPymt": "55",
    "cancelSourceCode": null,
    "sourceEnvironment": null
  },
  {
    "insuredName": "SMITH, EDNA",
    "policyID": "104600599732001",
    "version": "3",
    "policyStatus": "Expired",
    "origEffDate": "10/21/2014",
    "origExpDate": "10/21/2015",
    "cancelDate": "10/21/2015",
    "rateDate": "10/21/2014",
    "agencyNum": "26892",
    "homePhone": "(323) 750-5313",
    "workPhone": "(   )    -",
    "email": null,
    "policyTerm": "12",
    "payPlan": "12-PayRNDB",
    "versionType": "Renewal",
    "quotedDownPymt": "109.87",
    "cancelSourceCode": null,
    "sourceEnvironment": null
  },
  {
    "insuredName": "SMITH, EDNA",
    "policyID": "104600599732001",
    "version": "2",
    "policyStatus": "Expired",
    "origEffDate": "10/21/2013",
    "origExpDate": "10/21/2014",
    "cancelDate": "10/21/2014",
    "rateDate": "10/21/2013",
    "agencyNum": "26892",
    "homePhone": "(323) 750-5313",
    "workPhone": "(   )    -",
    "email": null,
    "policyTerm": "12",
    "payPlan": "12-PayRNDB",
    "versionType": "Renewal",
    "quotedDownPymt": "47.78",
    "cancelSourceCode": null,
    "sourceEnvironment": null
  },
  {
    "insuredName": "SMITH, EDNA",
    "policyID": "104600599732001",
    "version": "1",
    "policyStatus": "Expired",
    "origEffDate": "10/21/2012",
    "origExpDate": "10/21/2013",
    "cancelDate": "10/21/2013",
    "rateDate": "10/21/2012",
    "agencyNum": "26892",
    "homePhone": "(323) 750-5313",
    "workPhone": "(   )    -",
    "email": null,
    "policyTerm": "12",
    "payPlan": "11-Pay DB",
    "versionType": "Renewal",
    "quotedDownPymt": "48.51",
    "cancelSourceCode": null,
    "sourceEnvironment": null
  },
  {
    "insuredName": "Smith Lee, Roberta",
    "policyID": "104600651022001",
    "version": "2",
    "policyStatus": "Cancelled",
    "origEffDate": "07/10/2014",
    "origExpDate": "07/10/2015",
    "cancelDate": "05/25/2015",
    "rateDate": "07/10/2014",
    "agencyNum": "26892",
    "homePhone": "(626) 639-7969",
    "workPhone": null,
    "email": null,
    "policyTerm": "12",
    "payPlan": "12-Pay DB",
    "versionType": "New",
    "quotedDownPymt": "132",
    "cancelSourceCode": "NONPAY",
    "sourceEnvironment": null
  },
  {
    "insuredName": "Smith Lee, Roberta",
    "policyID": "104600651022001",
    "version": "1",
    "policyStatus": "Cancelled",
    "origEffDate": "11/08/2012",
    "origExpDate": "11/08/2013",
    "cancelDate": "09/18/2013",
    "rateDate": "11/08/2012",
    "agencyNum": "26892",
    "homePhone": "(626) 639-7969",
    "workPhone": null,
    "email": null,
    "policyTerm": "12",
    "payPlan": "12-PayQBDB",
    "versionType": "New",
    "quotedDownPymt": "87.82",
    "cancelSourceCode": "NONPAY",
    "sourceEnvironment": null
  },
  {
    "insuredName": "Smith, Tomithy John",
    "policyID": "104600709933001",
    "version": "1",
    "policyStatus": "Cancelled",
    "origEffDate": "02/02/2013",
    "origExpDate": "02/02/2014",
    "cancelDate": "03/16/2013",
    "rateDate": "02/02/2013",
    "agencyNum": "26892",
    "homePhone": "(310) 986-0606",
    "workPhone": null,
    "email": null,
    "policyTerm": "12",
    "payPlan": "12-PayQBDB",
    "versionType": "New",
    "quotedDownPymt": "60",
    "cancelSourceCode": "NONPAY",
    "sourceEnvironment": null
  },
  {
    "insuredName": "Smith, Jason C",
    "policyID": "104600782489001",
    "version": "1",
    "policyStatus": "Cancelled",
    "origEffDate": "05/03/2013",
    "origExpDate": "05/03/2014",
    "cancelDate": "06/18/2013",
    "rateDate": "05/03/2013",
    "agencyNum": "26892",
    "homePhone": "(562) 826-1362",
    "workPhone": null,
    "email": "5628261362@VMOBIL.COM",
    "policyTerm": "12",
    "payPlan": "12-Pay EFT",
    "versionType": "New",
    "quotedDownPymt": "35",
    "cancelSourceCode": "NONPAY",
    "sourceEnvironment": null
  },
  {
    "insuredName": "SMITH, LUWANDA",
    "policyID": "104600804695001",
    "version": "4",
    "policyStatus": "Cancelled",
    "origEffDate": "01/12/2015",
    "origExpDate": "07/12/2015",
    "cancelDate": "05/30/2015",
    "rateDate": "01/12/2015",
    "agencyNum": "26892",
    "homePhone": "(310)703-6358",
    "workPhone": "(310) 638-3616",
    "email": "luwandasmith@att.net",
    "policyTerm": "6",
    "payPlan": "6-PayRNEFT",
    "versionType": "Renewal",
    "quotedDownPymt": "254.81",
    "cancelSourceCode": "NONPAY",
    "sourceEnvironment": null
  },
  {
    "insuredName": "SMITH, LUWANDA",
    "policyID": "104600804695001",
    "version": "3",
    "policyStatus": "Expired",
    "origEffDate": "07/12/2014",
    "origExpDate": "01/12/2015",
    "cancelDate": "01/12/2015",
    "rateDate": "07/12/2014",
    "agencyNum": "26892",
    "homePhone": "(310)703-6358",
    "workPhone": "(310) 638-3616",
    "email": "luwandasmith@att.net",
    "policyTerm": "6",
    "payPlan": "6-PayRNEFT",
    "versionType": "Renewal",
    "quotedDownPymt": "273.69",
    "cancelSourceCode": null,
    "sourceEnvironment": null
  },
  {
    "insuredName": "SMITH, LUWANDA",
    "policyID": "104600804695001",
    "version": "2",
    "policyStatus": "Expired",
    "origEffDate": "01/12/2014",
    "origExpDate": "07/12/2014",
    "cancelDate": "07/12/2014",
    "rateDate": "01/12/2014",
    "agencyNum": "26892",
    "homePhone": "(310)703-6358",
    "workPhone": "(310) 638-3616",
    "email": "luwandasmith@att.net",
    "policyTerm": "6",
    "payPlan": "6-PayRNEFT",
    "versionType": "Renewal",
    "quotedDownPymt": "280.52",
    "cancelSourceCode": null,
    "sourceEnvironment": null
  },
  {
    "insuredName": "SMITH, LUWANDA",
    "policyID": "104600804695001",
    "version": "1",
    "policyStatus": "Expired",
    "origEffDate": "07/12/2013",
    "origExpDate": "01/12/2014",
    "cancelDate": "01/12/2014",
    "rateDate": "07/12/2013",
    "agencyNum": "26892",
    "homePhone": "(310)703-6358",
    "workPhone": "(310) 638-3616",
    "email": "luwandasmith@att.net",
    "policyTerm": "6",
    "payPlan": "6-Pay EFT",
    "versionType": "Renewal",
    "quotedDownPymt": "77.4",
    "cancelSourceCode": null,
    "sourceEnvironment": null
  },
  {
    "insuredName": "Smith, Jonathan",
    "policyID": "104600910841001",
    "version": "1",
    "policyStatus": "Cancelled",
    "origEffDate": "12/30/2013",
    "origExpDate": "12/30/2014",
    "cancelDate": "04/12/2014",
    "rateDate": "12/30/2013",
    "agencyNum": "26892",
    "homePhone": "(909) 904-1497",
    "workPhone": null,
    "email": null,
    "policyTerm": "12",
    "payPlan": "12-Pay DB",
    "versionType": "New",
    "quotedDownPymt": "44.5",
    "cancelSourceCode": "NONPAY",
    "sourceEnvironment": null
  },
  {
    "insuredName": "Smith Jr, Joe Louis",
    "policyID": "104600912928001",
    "version": "4",
    "policyStatus": "Cancel Pending",
    "origEffDate": "01/04/2017",
    "origExpDate": "01/04/2018",
    "cancelDate": "12/13/2017",
    "rateDate": "01/04/2017",
    "agencyNum": "26892",
    "homePhone": "(310) 927-1117",
    "workPhone": null,
    "email": null,
    "policyTerm": "12",
    "payPlan": "12-PayRNDB",
    "versionType": "Renewal",
    "quotedDownPymt": "69.07",
    "cancelSourceCode": "NONPAY",
    "sourceEnvironment": null
  },
  {
    "insuredName": "Smith Jr, Joe Louis",
    "policyID": "104600912928001",
    "version": "3",
    "policyStatus": "Expired",
    "origEffDate": "01/04/2016",
    "origExpDate": "01/04/2017",
    "cancelDate": "01/04/2017",
    "rateDate": "01/04/2016",
    "agencyNum": "26892",
    "homePhone": "(310) 927-1117",
    "workPhone": null,
    "email": null,
    "policyTerm": "12",
    "payPlan": "12-PayRNDB",
    "versionType": "Renewal",
    "quotedDownPymt": "43.08",
    "cancelSourceCode": null,
    "sourceEnvironment": null
  },
  {
    "insuredName": "Smith Jr, Joe Louis",
    "policyID": "104600912928001",
    "version": "2",
    "policyStatus": "Expired",
    "origEffDate": "01/04/2015",
    "origExpDate": "01/04/2016",
    "cancelDate": "01/04/2016",
    "rateDate": "01/04/2015",
    "agencyNum": "26892",
    "homePhone": "(310) 927-1117",
    "workPhone": null,
    "email": null,
    "policyTerm": "12",
    "payPlan": "12-Pay REN",
    "versionType": "Renewal",
    "quotedDownPymt": "44.25",
    "cancelSourceCode": null,
    "sourceEnvironment": null
  },
  {
    "insuredName": "Smith Jr, Joe Louis",
    "policyID": "104600912928001",
    "version": "1",
    "policyStatus": "Expired",
    "origEffDate": "01/04/2014",
    "origExpDate": "01/04/2015",
    "cancelDate": "01/04/2015",
    "rateDate": "01/04/2014",
    "agencyNum": "26892",
    "homePhone": "(310) 927-1117",
    "workPhone": null,
    "email": null,
    "policyTerm": "12",
    "payPlan": "12-Pay DB",
    "versionType": "New",
    "quotedDownPymt": "52",
    "cancelSourceCode": null,
    "sourceEnvironment": null
  },
  {
    "insuredName": "Smith, Tasha",
    "policyID": "104600942361001",
    "version": "1",
    "policyStatus": "Cancelled",
    "origEffDate": "03/01/2014",
    "origExpDate": "03/01/2015",
    "cancelDate": "09/20/2014",
    "rateDate": "02/23/2014",
    "agencyNum": "26892",
    "homePhone": "(323) 239-2941",
    "workPhone": null,
    "email": null,
    "policyTerm": "12",
    "payPlan": "12-Pay EFT",
    "versionType": "New",
    "quotedDownPymt": "107.2",
    "cancelSourceCode": "NONPAY",
    "sourceEnvironment": null
  },
  {
    "insuredName": "Smith, Leon James",
    "policyID": "104600948036001",
    "version": "1",
    "policyStatus": "Cancelled",
    "origEffDate": "03/12/2014",
    "origExpDate": "03/12/2015",
    "cancelDate": "04/27/2014",
    "rateDate": "02/23/2014",
    "agencyNum": "26892",
    "homePhone": "(310) 538-3058",
    "workPhone": null,
    "email": null,
    "policyTerm": "12",
    "payPlan": "11-Pay DB",
    "versionType": "New",
    "quotedDownPymt": "43.4",
    "cancelSourceCode": "NONPAY",
    "sourceEnvironment": null
  },
  {
    "insuredName": "Smith, Tracy Sherise",
    "policyID": "104600965398001",
    "version": "4",
    "policyStatus": "Cancelled",
    "origEffDate": "10/03/2016",
    "origExpDate": "10/03/2017",
    "cancelDate": "11/21/2016",
    "rateDate": "10/03/2016",
    "agencyNum": "26892",
    "homePhone": "(323) 708-1395",
    "workPhone": null,
    "email": null,
    "policyTerm": "12",
    "payPlan": "12-PayDBRW",
    "versionType": "Rewrite",
    "quotedDownPymt": "201.9",
    "cancelSourceCode": "IR",
    "sourceEnvironment": null
  },
  {
    "insuredName": "Smith, Tracy Sherise",
    "policyID": "104600965398001",
    "version": "3",
    "policyStatus": "Cancelled",
    "origEffDate": "05/11/2016",
    "origExpDate": "05/11/2017",
    "cancelDate": "09/26/2016",
    "rateDate": "05/11/2016",
    "agencyNum": "26892",
    "homePhone": "(323) 708-1395",
    "workPhone": null,
    "email": null,
    "policyTerm": "12",
    "payPlan": "12-PayRNDB",
    "versionType": "Renewal",
    "quotedDownPymt": "133.88",
    "cancelSourceCode": "NONPAY",
    "sourceEnvironment": null
  },
  {
    "insuredName": "Smith, Tracy Sherise",
    "policyID": "104600965398001",
    "version": "2",
    "policyStatus": "Expired",
    "origEffDate": "05/11/2015",
    "origExpDate": "05/11/2016",
    "cancelDate": "05/11/2016",
    "rateDate": "05/11/2015",
    "agencyNum": "26892",
    "homePhone": "(323) 708-1395",
    "workPhone": null,
    "email": null,
    "policyTerm": "12",
    "payPlan": "12-Pay REN",
    "versionType": "Renewal",
    "quotedDownPymt": "114.39",
    "cancelSourceCode": null,
    "sourceEnvironment": null
  },
  {
    "insuredName": "Smith, Tracy Sherise",
    "policyID": "104600965398001",
    "version": "1",
    "policyStatus": "Expired",
    "origEffDate": "04/15/2014",
    "origExpDate": "04/15/2015",
    "cancelDate": "04/15/2015",
    "rateDate": "04/15/2014",
    "agencyNum": "26892",
    "homePhone": "(323) 708-1395",
    "workPhone": null,
    "email": null,
    "policyTerm": "12",
    "payPlan": "12-Pay DB",
    "versionType": "New",
    "quotedDownPymt": "119.8",
    "cancelSourceCode": null,
    "sourceEnvironment": null
  },
  {
    "insuredName": "Smith, Lettye Ruth",
    "policyID": "104600985738001",
    "version": "1",
    "policyStatus": "Cancelled",
    "origEffDate": "05/27/2014",
    "origExpDate": "05/27/2015",
    "cancelDate": "10/01/2014",
    "rateDate": "05/27/2014",
    "agencyNum": "26892",
    "homePhone": "(310) 227-1656",
    "workPhone": null,
    "email": null,
    "policyTerm": "12",
    "payPlan": "12-Pay EFT",
    "versionType": "New",
    "quotedDownPymt": "48.8",
    "cancelSourceCode": "IR",
    "sourceEnvironment": null
  },
  {
    "insuredName": "Smith, Keiana Rene",
    "policyID": "104601001245001",
    "version": "2",
    "policyStatus": "Cancelled",
    "origEffDate": "05/01/2015",
    "origExpDate": "05/01/2016",
    "cancelDate": "12/16/2015",
    "rateDate": "05/01/2015",
    "agencyNum": "26892",
    "homePhone": "(310) 680-9514",
    "workPhone": null,
    "email": null,
    "policyTerm": "12",
    "payPlan": "12-Pay DB",
    "versionType": "New",
    "quotedDownPymt": "58.46",
    "cancelSourceCode": "NONPAY",
    "sourceEnvironment": null
  },
  {
    "insuredName": "Smith, Albert Eugene",
    "policyID": "104601049648001",
    "version": "1",
    "policyStatus": "Cancelled",
    "origEffDate": "09/20/2014",
    "origExpDate": "09/20/2015",
    "cancelDate": "12/06/2014",
    "rateDate": "09/20/2014",
    "agencyNum": "26892",
    "homePhone": "(323) 779-7785",
    "workPhone": null,
    "email": null,
    "policyTerm": "12",
    "payPlan": "12-Pay DB",
    "versionType": "New",
    "quotedDownPymt": "114.2",
    "cancelSourceCode": "NONPAY",
    "sourceEnvironment": null
  },
  {
    "insuredName": "Smith, Tiffany Danyelle",
    "policyID": "104601069136001",
    "version": "1",
    "policyStatus": "Cancelled",
    "origEffDate": "10/29/2014",
    "origExpDate": "10/29/2015",
    "cancelDate": "12/14/2014",
    "rateDate": "10/29/2014",
    "agencyNum": "26892",
    "homePhone": "(323) 872-9377",
    "workPhone": null,
    "email": null,
    "policyTerm": "12",
    "payPlan": "12-Pay DB",
    "versionType": "New",
    "quotedDownPymt": "122.4",
    "cancelSourceCode": "NONPAY",
    "sourceEnvironment": null
  },
  {
    "insuredName": "Smith, Shavay N",
    "policyID": "104601070251001",
    "version": "1",
    "policyStatus": "Cancelled",
    "origEffDate": "10/31/2014",
    "origExpDate": "10/31/2015",
    "cancelDate": "12/17/2014",
    "rateDate": "10/31/2014",
    "agencyNum": "26892",
    "homePhone": "(310) 649-5240",
    "workPhone": null,
    "email": "SHAVAYSMITH@YAHOO.COM",
    "policyTerm": "12",
    "payPlan": "12-Pay EFT",
    "versionType": "New",
    "quotedDownPymt": "144",
    "cancelSourceCode": "NONPAY",
    "sourceEnvironment": null
  },
  {
    "insuredName": "Smith, Casey Ray",
    "policyID": "104601113730001",
    "version": "1",
    "policyStatus": "Cancelled",
    "origEffDate": "02/03/2015",
    "origExpDate": "02/03/2016",
    "cancelDate": "06/01/2015",
    "rateDate": "02/03/2015",
    "agencyNum": "26892",
    "homePhone": "(310) 946-5163",
    "workPhone": null,
    "email": null,
    "policyTerm": "12",
    "payPlan": "12-Pay DB",
    "versionType": "New",
    "quotedDownPymt": "38.76",
    "cancelSourceCode": "IR",
    "sourceEnvironment": null
  },
  {
    "insuredName": "Smith, Roberta Helen",
    "policyID": "104601114166001",
    "version": "1",
    "policyStatus": "Cancelled",
    "origEffDate": "02/04/2015",
    "origExpDate": "02/04/2016",
    "cancelDate": "05/20/2015",
    "rateDate": "02/04/2015",
    "agencyNum": "26892",
    "homePhone": "(424) 675-0670",
    "workPhone": null,
    "email": "Berta05@aol.com",
    "policyTerm": "12",
    "payPlan": "12-Pay EFT",
    "versionType": "New",
    "quotedDownPymt": "141",
    "cancelSourceCode": "NONPAY",
    "sourceEnvironment": null
  },
  {
    "insuredName": "Smith, Ginger Renee",
    "policyID": "104601168189001",
    "version": "1",
    "policyStatus": "Cancelled",
    "origEffDate": "04/27/2015",
    "origExpDate": "10/27/2015",
    "cancelDate": "06/13/2015",
    "rateDate": "04/27/2015",
    "agencyNum": "26892",
    "homePhone": "(310) 302-7542",
    "workPhone": null,
    "email": null,
    "policyTerm": "6",
    "payPlan": "6-Pay DB",
    "versionType": "New",
    "quotedDownPymt": "55.68",
    "cancelSourceCode": "NONPAY",
    "sourceEnvironment": null
  },
  {
    "insuredName": "Smith Epling, Bernadine",
    "policyID": "104601208006001",
    "version": "1",
    "policyStatus": "Cancelled",
    "origEffDate": "07/01/2015",
    "origExpDate": "07/01/2016",
    "cancelDate": "08/16/2015",
    "rateDate": "07/01/2015",
    "agencyNum": "26892",
    "homePhone": "(310) 716-9444",
    "workPhone": null,
    "email": null,
    "policyTerm": "12",
    "payPlan": "12-Pay DB",
    "versionType": "New",
    "quotedDownPymt": "60",
    "cancelSourceCode": "NONPAY",
    "sourceEnvironment": null
  },
  {
    "insuredName": "Smith, Leemann Julius",
    "policyID": "104601257072001",
    "version": "1",
    "policyStatus": "Expired",
    "origEffDate": "10/14/2015",
    "origExpDate": "10/14/2016",
    "cancelDate": "10/14/2016",
    "rateDate": "10/14/2015",
    "agencyNum": "26892",
    "homePhone": "(714) 623-1952",
    "workPhone": null,
    "email": null,
    "policyTerm": "12",
    "payPlan": "12-Pay DB",
    "versionType": "New",
    "quotedDownPymt": "55.36",
    "cancelSourceCode": null,
    "sourceEnvironment": null
  },
  {
    "insuredName": "Smith, Lenworth George",
    "policyID": "104601262642001",
    "version": "2",
    "policyStatus": "Expired",
    "origEffDate": "11/01/2016",
    "origExpDate": "11/01/2017",
    "cancelDate": "11/01/2017",
    "rateDate": "11/01/2016",
    "agencyNum": "26892",
    "homePhone": "(323) 921-2669",
    "workPhone": null,
    "email": null,
    "policyTerm": "12",
    "payPlan": "1-Pay",
    "versionType": "Renewal",
    "quotedDownPymt": "530.76",
    "cancelSourceCode": null,
    "sourceEnvironment": null
  },
  {
    "insuredName": "Smith, Lenworth George",
    "policyID": "104601262642001",
    "version": "1",
    "policyStatus": "Expired",
    "origEffDate": "11/01/2015",
    "origExpDate": "11/01/2016",
    "cancelDate": "11/01/2016",
    "rateDate": "10/27/2015",
    "agencyNum": "26892",
    "homePhone": "(323) 921-2669",
    "workPhone": null,
    "email": null,
    "policyTerm": "12",
    "payPlan": "12-Pay DB",
    "versionType": "New",
    "quotedDownPymt": "474",
    "cancelSourceCode": null,
    "sourceEnvironment": null
  },
  {
    "insuredName": "Smith, Andrea",
    "policyID": "104601300538001",
    "version": "1",
    "policyStatus": "Cancelled",
    "origEffDate": "01/28/2016",
    "origExpDate": "01/28/2017",
    "cancelDate": "03/14/2016",
    "rateDate": "01/28/2016",
    "agencyNum": "26892",
    "homePhone": "(424) 381-1240",
    "workPhone": null,
    "email": null,
    "policyTerm": "12",
    "payPlan": "12-Pay DB",
    "versionType": "New",
    "quotedDownPymt": "80.76",
    "cancelSourceCode": "NONPAY",
    "sourceEnvironment": null
  },
  {
    "insuredName": "Smith, Wally Lee",
    "policyID": "104601330649001",
    "version": "3",
    "policyStatus": "Expired",
    "origEffDate": "04/21/2017",
    "origExpDate": "04/21/2018",
    "cancelDate": "04/21/2018",
    "rateDate": "04/21/2017",
    "agencyNum": "26892",
    "homePhone": "(323) 236-0749",
    "workPhone": null,
    "email": null,
    "policyTerm": "12",
    "payPlan": "12-PayDBRW",
    "versionType": "Rewrite",
    "quotedDownPymt": "86.55",
    "cancelSourceCode": null,
    "sourceEnvironment": null
  },
  {
    "insuredName": "Smith, Wally Lee",
    "policyID": "104601330649001",
    "version": "2",
    "policyStatus": "Cancelled",
    "origEffDate": "12/30/2016",
    "origExpDate": "12/30/2017",
    "cancelDate": "04/09/2017",
    "rateDate": "12/30/2016",
    "agencyNum": "26892",
    "homePhone": "(323) 236-0749",
    "workPhone": null,
    "email": null,
    "policyTerm": "12",
    "payPlan": "12-PayDBRW",
    "versionType": "Rewrite",
    "quotedDownPymt": "86.55",
    "cancelSourceCode": "NONPAY",
    "sourceEnvironment": null
  },
  {
    "insuredName": "Smith, Wally Lee",
    "policyID": "104601330649001",
    "version": "1",
    "policyStatus": "Cancelled",
    "origEffDate": "04/09/2016",
    "origExpDate": "04/09/2017",
    "cancelDate": "12/24/2016",
    "rateDate": "04/09/2016",
    "agencyNum": "26892",
    "homePhone": "(323) 236-0749",
    "workPhone": null,
    "email": null,
    "policyTerm": "12",
    "payPlan": "12-Pay DB",
    "versionType": "New",
    "quotedDownPymt": "76.46",
    "cancelSourceCode": "NONPAY",
    "sourceEnvironment": null
  },
  {
    "insuredName": "Smith, Isis Lorealblack",
    "policyID": "104601387936001",
    "version": "1",
    "policyStatus": "Cancelled",
    "origEffDate": "09/17/2016",
    "origExpDate": "09/17/2017",
    "cancelDate": "01/01/2017",
    "rateDate": "09/17/2016",
    "agencyNum": "26892",
    "homePhone": "(562) 200-3420",
    "workPhone": null,
    "email": null,
    "policyTerm": "12",
    "payPlan": "12-Pay DB",
    "versionType": "New",
    "quotedDownPymt": "80.66",
    "cancelSourceCode": "NONPAY",
    "sourceEnvironment": null
  },
  {
    "insuredName": "Smithkaufman, Tina",
    "policyID": "104630070665001",
    "version": "1",
    "policyStatus": "Cancelled",
    "origEffDate": "10/18/2011",
    "origExpDate": "10/18/2012",
    "cancelDate": "07/14/2012",
    "rateDate": "10/18/2011",
    "agencyNum": "26892",
    "homePhone": "(323) 301-6723",
    "workPhone": null,
    "email": null,
    "policyTerm": "12",
    "payPlan": "11-Pay DB",
    "versionType": "New",
    "quotedDownPymt": "125",
    "cancelSourceCode": "NONPAY",
    "sourceEnvironment": null
  },
  {
    "insuredName": "Smith, Oshawa D",
    "policyID": "104630072998001",
    "version": "4",
    "policyStatus": "Cancelled",
    "origEffDate": "02/08/2016",
    "origExpDate": "02/08/2017",
    "cancelDate": "06/25/2016",
    "rateDate": "02/08/2016",
    "agencyNum": "26892",
    "homePhone": "(323) 342-7750",
    "workPhone": null,
    "email": null,
    "policyTerm": "12",
    "payPlan": "12-Pay DB",
    "versionType": "New",
    "quotedDownPymt": "110.36",
    "cancelSourceCode": "NONPAY",
    "sourceEnvironment": null
  },
  {
    "insuredName": "SMITH, JOHN IZEAL",
    "policyID": "104630091344001",
    "version": "1",
    "policyStatus": "Cancelled",
    "origEffDate": "12/22/2011",
    "origExpDate": "12/22/2012",
    "cancelDate": "02/06/2012",
    "rateDate": "12/22/2011",
    "agencyNum": "26892",
    "homePhone": "(310) 885-5991",
    "workPhone": "(   )    -",
    "email": null,
    "policyTerm": "12",
    "payPlan": "11-Pay DB",
    "versionType": "Renewal",
    "quotedDownPymt": "92",
    "cancelSourceCode": "NONPAY",
    "sourceEnvironment": null
  },
  {
    "insuredName": "Smith, Beulah Ann",
    "policyID": "104630135102001",
    "version": "4",
    "policyStatus": "Cancelled",
    "origEffDate": "08/30/2015",
    "origExpDate": "08/30/2016",
    "cancelDate": "03/26/2016",
    "rateDate": "08/30/2015",
    "agencyNum": "26892",
    "homePhone": "(310) 347-7890",
    "workPhone": null,
    "email": null,
    "policyTerm": "12",
    "payPlan": "12PayRNEFT",
    "versionType": "Renewal",
    "quotedDownPymt": "257",
    "cancelSourceCode": "NONPAY",
    "sourceEnvironment": null
  },
  {
    "insuredName": "Smith, Beulah Ann",
    "policyID": "104630135102001",
    "version": "3",
    "policyStatus": "Expired",
    "origEffDate": "08/30/2014",
    "origExpDate": "08/30/2015",
    "cancelDate": "08/30/2015",
    "rateDate": "08/30/2014",
    "agencyNum": "26892",
    "homePhone": "(310) 347-7890",
    "workPhone": null,
    "email": null,
    "policyTerm": "12",
    "payPlan": "12-Pay EFT",
    "versionType": "New",
    "quotedDownPymt": "52",
    "cancelSourceCode": null,
    "sourceEnvironment": null
  },
  {
    "insuredName": "Smith, Beulah Ann",
    "policyID": "104630135102001",
    "version": "2",
    "policyStatus": "Cancelled",
    "origEffDate": "06/07/2013",
    "origExpDate": "12/07/2013",
    "cancelDate": "07/30/2013",
    "rateDate": "06/01/2013",
    "agencyNum": "26892",
    "homePhone": "(310) 347-7890",
    "workPhone": null,
    "email": null,
    "policyTerm": "6",
    "payPlan": "6-Pay EFT",
    "versionType": "New",
    "quotedDownPymt": "101",
    "cancelSourceCode": "UW",
    "sourceEnvironment": null
  },
  {
    "insuredName": "Smith, Beulah Ann",
    "policyID": "104630135102001",
    "version": "1",
    "policyStatus": "Cancelled",
    "origEffDate": "12/15/2011",
    "origExpDate": "12/15/2012",
    "cancelDate": "09/01/2012",
    "rateDate": "12/15/2011",
    "agencyNum": "26892",
    "homePhone": "(310) 347-7890",
    "workPhone": null,
    "email": null,
    "policyTerm": "12",
    "payPlan": "12-Pay EFT",
    "versionType": "New",
    "quotedDownPymt": "74",
    "cancelSourceCode": "NONPAY",
    "sourceEnvironment": null
  },
  {
    "insuredName": "Smith Sr, Michael A",
    "policyID": "104630136263001",
    "version": "1",
    "policyStatus": "Cancelled",
    "origEffDate": "12/16/2011",
    "origExpDate": "12/16/2012",
    "cancelDate": "05/27/2012",
    "rateDate": "12/16/2011",
    "agencyNum": "26892",
    "homePhone": "(310) 972-1140",
    "workPhone": null,
    "email": null,
    "policyTerm": "12",
    "payPlan": "12-PayQBDB",
    "versionType": "New",
    "quotedDownPymt": "120.51",
    "cancelSourceCode": "NONPAY",
    "sourceEnvironment": null
  },
  {
    "insuredName": "Smith, Audrey Lee",
    "policyID": "104630138929001",
    "version": "1",
    "policyStatus": "Expired",
    "origEffDate": "12/19/2011",
    "origExpDate": "12/19/2012",
    "cancelDate": "12/19/2012",
    "rateDate": "12/19/2011",
    "agencyNum": "26892",
    "homePhone": "(714) 773-1506",
    "workPhone": null,
    "email": null,
    "policyTerm": "12",
    "payPlan": "12-PayQBDB",
    "versionType": "New",
    "quotedDownPymt": "91.17",
    "cancelSourceCode": null,
    "sourceEnvironment": null
  },
  {
    "insuredName": "SMITH, MIESHA FRANCES",
    "policyID": "104630168545001",
    "version": "5",
    "policyStatus": "Expired",
    "origEffDate": "02/09/2016",
    "origExpDate": "02/09/2017",
    "cancelDate": "02/09/2017",
    "rateDate": "02/09/2016",
    "agencyNum": "26892",
    "homePhone": "(323) 691-2317",
    "workPhone": "(323) 844-0518",
    "email": null,
    "policyTerm": "12",
    "payPlan": "12PayRNEFT",
    "versionType": "Renewal",
    "quotedDownPymt": "218.2",
    "cancelSourceCode": null,
    "sourceEnvironment": null
  },
  {
    "insuredName": "SMITH, MIESHA FRANCES",
    "policyID": "104630168545001",
    "version": "4",
    "policyStatus": "Expired",
    "origEffDate": "02/09/2015",
    "origExpDate": "02/09/2016",
    "cancelDate": "02/09/2016",
    "rateDate": "02/09/2015",
    "agencyNum": "26892",
    "homePhone": "(323) 691-2317",
    "workPhone": "(323) 844-0518",
    "email": null,
    "policyTerm": "12",
    "payPlan": "12PayRNEFT",
    "versionType": "Renewal",
    "quotedDownPymt": "233.61",
    "cancelSourceCode": null,
    "sourceEnvironment": null
  },
  {
    "insuredName": "SMITH, MIESHA FRANCES",
    "policyID": "104630168545001",
    "version": "3",
    "policyStatus": "Expired",
    "origEffDate": "02/09/2014",
    "origExpDate": "02/09/2015",
    "cancelDate": "02/09/2015",
    "rateDate": "02/09/2014",
    "agencyNum": "26892",
    "homePhone": "(323) 691-2317",
    "workPhone": "(323) 844-0518",
    "email": null,
    "policyTerm": "12",
    "payPlan": "12PayRNEFT",
    "versionType": "Renewal",
    "quotedDownPymt": "205.28",
    "cancelSourceCode": null,
    "sourceEnvironment": null
  },
  {
    "insuredName": "SMITH, MIESHA FRANCES",
    "policyID": "104630168545001",
    "version": "2",
    "policyStatus": "Expired",
    "origEffDate": "02/09/2013",
    "origExpDate": "02/09/2014",
    "cancelDate": "02/09/2014",
    "rateDate": "02/09/2013",
    "agencyNum": "26892",
    "homePhone": "(323) 691-2317",
    "workPhone": "(323) 844-0518",
    "email": null,
    "policyTerm": "12",
    "payPlan": "12-Pay EFT",
    "versionType": "Renewal",
    "quotedDownPymt": "212.28",
    "cancelSourceCode": null,
    "sourceEnvironment": null
  },
  {
    "insuredName": "SMITH, MIESHA FRANCES",
    "policyID": "104630168545001",
    "version": "1",
    "policyStatus": "Expired",
    "origEffDate": "02/09/2012",
    "origExpDate": "02/09/2013",
    "cancelDate": "02/09/2013",
    "rateDate": "02/09/2012",
    "agencyNum": "26892",
    "homePhone": "(323) 691-2317",
    "workPhone": "(323) 844-0518",
    "email": null,
    "policyTerm": "12",
    "payPlan": "12-Pay EFT",
    "versionType": "Renewal",
    "quotedDownPymt": "82.8",
    "cancelSourceCode": null,
    "sourceEnvironment": null
  },
  {
    "insuredName": "Smith, Shawn",
    "policyID": "104630169029001",
    "version": "1",
    "policyStatus": "Cancelled",
    "origEffDate": "01/06/2012",
    "origExpDate": "01/06/2013",
    "cancelDate": "02/21/2012",
    "rateDate": "01/06/2012",
    "agencyNum": "26892",
    "homePhone": "(424) 456-9854",
    "workPhone": "(310) 709-1751",
    "email": null,
    "policyTerm": "12",
    "payPlan": "11-Pay DBL",
    "versionType": "New",
    "quotedDownPymt": "58",
    "cancelSourceCode": "NONPAY",
    "sourceEnvironment": null
  },
  {
    "insuredName": "SMITH, MARANETTA MARTIN",
    "policyID": "104630195894001",
    "version": "6",
    "policyStatus": "Cancel Pending",
    "origEffDate": "12/22/2016",
    "origExpDate": "12/22/2017",
    "cancelDate": "12/13/2017",
    "rateDate": "12/22/2016",
    "agencyNum": "26892",
    "homePhone": "(424) 232-9161",
    "workPhone": "(   )    -",
    "email": null,
    "policyTerm": "12",
    "payPlan": "12-PayRNDB",
    "versionType": "Renewal",
    "quotedDownPymt": "176.29",
    "cancelSourceCode": "NONPAY",
    "sourceEnvironment": null
  },
  {
    "insuredName": "SMITH, MARANETTA MARTIN",
    "policyID": "104630195894001",
    "version": "5",
    "policyStatus": "Expired",
    "origEffDate": "12/22/2015",
    "origExpDate": "12/22/2016",
    "cancelDate": "12/22/2016",
    "rateDate": "12/22/2015",
    "agencyNum": "26892",
    "homePhone": "(424) 232-9161",
    "workPhone": "(   )    -",
    "email": null,
    "policyTerm": "12",
    "payPlan": "12-PayRNDB",
    "versionType": "Renewal",
    "quotedDownPymt": "155.3",
    "cancelSourceCode": null,
    "sourceEnvironment": null
  },
  {
    "insuredName": "SMITH, MARANETTA MARTIN",
    "policyID": "104630195894001",
    "version": "4",
    "policyStatus": "Expired",
    "origEffDate": "12/22/2014",
    "origExpDate": "12/22/2015",
    "cancelDate": "12/22/2015",
    "rateDate": "12/22/2014",
    "agencyNum": "26892",
    "homePhone": "(424) 232-9161",
    "workPhone": "(   )    -",
    "email": null,
    "policyTerm": "12",
    "payPlan": "12-PayRNDB",
    "versionType": "Renewal",
    "quotedDownPymt": "135.31",
    "cancelSourceCode": null,
    "sourceEnvironment": null
  },
  {
    "insuredName": "SMITH, MARANETTA MARTIN",
    "policyID": "104630195894001",
    "version": "3",
    "policyStatus": "Expired",
    "origEffDate": "12/22/2013",
    "origExpDate": "12/22/2014",
    "cancelDate": "12/22/2014",
    "rateDate": "12/22/2013",
    "agencyNum": "26892",
    "homePhone": "(424) 232-9161",
    "workPhone": "(   )    -",
    "email": null,
    "policyTerm": "12",
    "payPlan": "12-Pay REN",
    "versionType": "Renewal",
    "quotedDownPymt": "114.06",
    "cancelSourceCode": null,
    "sourceEnvironment": null
  },
  {
    "insuredName": "SMITH, MARANETTA MARTIN",
    "policyID": "104630195894001",
    "version": "2",
    "policyStatus": "Expired",
    "origEffDate": "12/22/2012",
    "origExpDate": "12/22/2013",
    "cancelDate": "12/22/2013",
    "rateDate": "12/22/2012",
    "agencyNum": "26892",
    "homePhone": "(424) 232-9161",
    "workPhone": "(   )    -",
    "email": null,
    "policyTerm": "12",
    "payPlan": "12-PayQBDB",
    "versionType": "Rewrite",
    "quotedDownPymt": "120.24",
    "cancelSourceCode": null,
    "sourceEnvironment": null
  },
  {
    "insuredName": "SMITH, MARANETTA MARTIN",
    "policyID": "104630195894001",
    "version": "1",
    "policyStatus": "Cancelled",
    "origEffDate": "02/24/2012",
    "origExpDate": "02/24/2013",
    "cancelDate": "12/09/2012",
    "rateDate": "02/24/2012",
    "agencyNum": "26892",
    "homePhone": "(424) 232-9161",
    "workPhone": "(   )    -",
    "email": null,
    "policyTerm": "12",
    "payPlan": "12-Pay REN",
    "versionType": "Renewal",
    "quotedDownPymt": "114.89",
    "cancelSourceCode": "NONPAY",
    "sourceEnvironment": null
  },
  {
    "insuredName": "Smith, Aneesa",
    "policyID": "104630197215001",
    "version": "2",
    "policyStatus": "Cancelled",
    "origEffDate": "12/18/2012",
    "origExpDate": "12/18/2013",
    "cancelDate": "03/02/2013",
    "rateDate": "12/18/2012",
    "agencyNum": "26892",
    "homePhone": "(310) 971-6282",
    "workPhone": null,
    "email": null,
    "policyTerm": "12",
    "payPlan": "12-PayQBDB",
    "versionType": "New",
    "quotedDownPymt": "92.25",
    "cancelSourceCode": "NONPAY",
    "sourceEnvironment": null
  },
  {
    "insuredName": "Smith, Maggie Marie",
    "policyID": "104630208220001",
    "version": "1",
    "policyStatus": "Cancelled",
    "origEffDate": "01/28/2012",
    "origExpDate": "01/28/2013",
    "cancelDate": "03/14/2012",
    "rateDate": "01/28/2012",
    "agencyNum": "26892",
    "homePhone": "(323) 750-1066",
    "workPhone": null,
    "email": null,
    "policyTerm": "12",
    "payPlan": "11-Pay DB",
    "versionType": "New",
    "quotedDownPymt": "131",
    "cancelSourceCode": "NONPAY",
    "sourceEnvironment": null
  },
  {
    "insuredName": "Smith, Lisa Melinda",
    "policyID": "104630217023001",
    "version": "3",
    "policyStatus": "Expired",
    "origEffDate": "08/31/2013",
    "origExpDate": "08/31/2014",
    "cancelDate": "08/31/2014",
    "rateDate": "08/31/2013",
    "agencyNum": "26892",
    "homePhone": "(310) 673-5053",
    "workPhone": "(310) 615-2000",
    "email": null,
    "policyTerm": "12",
    "payPlan": "12-Pay REN",
    "versionType": "Renewal",
    "quotedDownPymt": "39.53",
    "cancelSourceCode": null,
    "sourceEnvironment": null
  },
  {
    "insuredName": "Smith, Lisa Melinda",
    "policyID": "104630217023001",
    "version": "2",
    "policyStatus": "Expired",
    "origEffDate": "08/31/2012",
    "origExpDate": "08/31/2013",
    "cancelDate": "08/31/2013",
    "rateDate": "08/31/2012",
    "agencyNum": "26892",
    "homePhone": "(310) 673-5053",
    "workPhone": "(310) 615-2000",
    "email": null,
    "policyTerm": "12",
    "payPlan": "12PayQBDBL",
    "versionType": "New",
    "quotedDownPymt": "45.3",
    "cancelSourceCode": null,
    "sourceEnvironment": null
  },
  {
    "insuredName": "Smith, Kimberly Ann",
    "policyID": "104630224911001",
    "version": "1",
    "policyStatus": "Cancelled",
    "origEffDate": "02/06/2012",
    "origExpDate": "02/06/2013",
    "cancelDate": "05/25/2012",
    "rateDate": "02/06/2012",
    "agencyNum": "26892",
    "homePhone": "(310) 692-9615",
    "workPhone": "(310) 395-2022",
    "email": null,
    "policyTerm": "12",
    "payPlan": "12PayQBDBL",
    "versionType": "New",
    "quotedDownPymt": "55.5",
    "cancelSourceCode": "NONPAY",
    "sourceEnvironment": null
  },
  {
    "insuredName": "Smith, Scott Franklin",
    "policyID": "104630238595001",
    "version": "3",
    "policyStatus": "Expired",
    "origEffDate": "05/13/2014",
    "origExpDate": "05/13/2015",
    "cancelDate": "05/13/2015",
    "rateDate": "05/13/2014",
    "agencyNum": "26892",
    "homePhone": "(424) 200-8233",
    "workPhone": null,
    "email": null,
    "policyTerm": "12",
    "payPlan": "12PayRNEFT",
    "versionType": "Renewal",
    "quotedDownPymt": "132.47",
    "cancelSourceCode": null,
    "sourceEnvironment": null
  },
  {
    "insuredName": "Smith, Scott Franklin",
    "policyID": "104630238595001",
    "version": "2",
    "policyStatus": "Expired",
    "origEffDate": "05/13/2013",
    "origExpDate": "05/13/2014",
    "cancelDate": "05/13/2014",
    "rateDate": "05/13/2013",
    "agencyNum": "26892",
    "homePhone": "(424) 200-8233",
    "workPhone": null,
    "email": null,
    "policyTerm": "12",
    "payPlan": "12-Pay EFT",
    "versionType": "New",
    "quotedDownPymt": "136.44",
    "cancelSourceCode": null,
    "sourceEnvironment": null
  },
  {
    "insuredName": "Smith, Scott Franklin",
    "policyID": "104630238595001",
    "version": "1",
    "policyStatus": "Expired",
    "origEffDate": "03/16/2012",
    "origExpDate": "03/16/2013",
    "cancelDate": "03/16/2013",
    "rateDate": "03/16/2012",
    "agencyNum": "26892",
    "homePhone": "(424) 200-8233",
    "workPhone": null,
    "email": null,
    "policyTerm": "12",
    "payPlan": "12-Pay EFT",
    "versionType": "Renewal",
    "quotedDownPymt": "106.02",
    "cancelSourceCode": null,
    "sourceEnvironment": null
  },
  {
    "insuredName": "SMITH, CAMERA M",
    "policyID": "104630243751001",
    "version": "3",
    "policyStatus": "Cancelled",
    "origEffDate": "03/18/2014",
    "origExpDate": "03/18/2015",
    "cancelDate": "01/15/2015",
    "rateDate": "03/18/2014",
    "agencyNum": "26892",
    "homePhone": "(562) 912-7714",
    "workPhone": "(   )    -",
    "email": null,
    "policyTerm": "12",
    "payPlan": "12PayRNEFT",
    "versionType": "Renewal",
    "quotedDownPymt": "76.52",
    "cancelSourceCode": "IR",
    "sourceEnvironment": null
  },
  {
    "insuredName": "SMITH, CAMERA M",
    "policyID": "104630243751001",
    "version": "2",
    "policyStatus": "Expired",
    "origEffDate": "03/18/2013",
    "origExpDate": "03/18/2014",
    "cancelDate": "03/18/2014",
    "rateDate": "03/18/2013",
    "agencyNum": "26892",
    "homePhone": "(562) 912-7714",
    "workPhone": "(   )    -",
    "email": null,
    "policyTerm": "12",
    "payPlan": "12-Pay EFT",
    "versionType": "Renewal",
    "quotedDownPymt": "77.13",
    "cancelSourceCode": null,
    "sourceEnvironment": null
  },
  {
    "insuredName": "SMITH, CAMERA M",
    "policyID": "104630243751001",
    "version": "1",
    "policyStatus": "Expired",
    "origEffDate": "03/18/2012",
    "origExpDate": "03/18/2013",
    "cancelDate": "03/18/2013",
    "rateDate": "03/18/2012",
    "agencyNum": "26892",
    "homePhone": "(562) 912-7714",
    "workPhone": "(   )    -",
    "email": null,
    "policyTerm": "12",
    "payPlan": "12-Pay EFT",
    "versionType": "Renewal",
    "quotedDownPymt": "78.21",
    "cancelSourceCode": null,
    "sourceEnvironment": null
  },
  {
    "insuredName": "Smith, Jacqueline Kim",
    "policyID": "104630245204001",
    "version": "6",
    "policyStatus": "Expired",
    "origEffDate": "07/11/2016",
    "origExpDate": "07/11/2017",
    "cancelDate": "07/11/2017",
    "rateDate": "07/11/2016",
    "agencyNum": "26892",
    "homePhone": "(424) 249-0094",
    "workPhone": null,
    "email": null,
    "policyTerm": "12",
    "payPlan": "12-PayRNDB",
    "versionType": "Renewal",
    "quotedDownPymt": "95.31",
    "cancelSourceCode": null,
    "sourceEnvironment": null
  },
  {
    "insuredName": "Smith, Jacqueline Kim",
    "policyID": "104630245204001",
    "version": "5",
    "policyStatus": "Expired",
    "origEffDate": "07/11/2015",
    "origExpDate": "07/11/2016",
    "cancelDate": "07/11/2016",
    "rateDate": "07/11/2015",
    "agencyNum": "26892",
    "homePhone": "(424) 249-0094",
    "workPhone": null,
    "email": null,
    "policyTerm": "12",
    "payPlan": "12-Pay REN",
    "versionType": "Renewal",
    "quotedDownPymt": "63.15",
    "cancelSourceCode": null,
    "sourceEnvironment": null
  },
  {
    "insuredName": "Smith, Jacqueline Kim",
    "policyID": "104630245204001",
    "version": "4",
    "policyStatus": "Expired",
    "origEffDate": "07/11/2014",
    "origExpDate": "07/11/2015",
    "cancelDate": "07/11/2015",
    "rateDate": "07/11/2014",
    "agencyNum": "26892",
    "homePhone": "(424) 249-0094",
    "workPhone": null,
    "email": null,
    "policyTerm": "12",
    "payPlan": "12-PayDBRW",
    "versionType": "Rewrite",
    "quotedDownPymt": "122.85",
    "cancelSourceCode": null,
    "sourceEnvironment": null
  },
  {
    "insuredName": "Smith, Jacqueline Kim",
    "policyID": "104630245204001",
    "version": "3",
    "policyStatus": "Cancelled",
    "origEffDate": "02/14/2014",
    "origExpDate": "02/14/2015",
    "cancelDate": "06/29/2014",
    "rateDate": "02/14/2014",
    "agencyNum": "26892",
    "homePhone": "(424) 249-0094",
    "workPhone": null,
    "email": null,
    "policyTerm": "12",
    "payPlan": "12-PayRNDB",
    "versionType": "Renewal",
    "quotedDownPymt": "70.02",
    "cancelSourceCode": "NONPAY",
    "sourceEnvironment": null
  },
  {
    "insuredName": "Smith, Jacqueline Kim",
    "policyID": "104630245204001",
    "version": "2",
    "policyStatus": "Expired",
    "origEffDate": "02/14/2013",
    "origExpDate": "02/14/2014",
    "cancelDate": "02/14/2014",
    "rateDate": "02/14/2013",
    "agencyNum": "26892",
    "homePhone": "(424) 249-0094",
    "workPhone": null,
    "email": null,
    "policyTerm": "12",
    "payPlan": "12-Pay REN",
    "versionType": "Renewal",
    "quotedDownPymt": "54.52",
    "cancelSourceCode": null,
    "sourceEnvironment": null
  },
  {
    "insuredName": "Smith, Jacqueline Kim",
    "policyID": "104630245204001",
    "version": "1",
    "policyStatus": "Expired",
    "origEffDate": "02/14/2012",
    "origExpDate": "02/14/2013",
    "cancelDate": "02/14/2013",
    "rateDate": "02/14/2012",
    "agencyNum": "26892",
    "homePhone": "(424) 249-0094",
    "workPhone": null,
    "email": null,
    "policyTerm": "12",
    "payPlan": "12Pay EFTL",
    "versionType": "New",
    "quotedDownPymt": "69",
    "cancelSourceCode": null,
    "sourceEnvironment": null
  },
  {
    "insuredName": "SMITH, LADRONNA DETRICE",
    "policyID": "104630246192001",
    "version": "4",
    "policyStatus": "Expired",
    "origEffDate": "03/20/2015",
    "origExpDate": "03/20/2016",
    "cancelDate": "03/20/2016",
    "rateDate": "03/20/2015",
    "agencyNum": "26892",
    "homePhone": "(323)816-3394",
    "workPhone": null,
    "email": null,
    "policyTerm": "12",
    "payPlan": "12PayRNEFT",
    "versionType": "Renewal",
    "quotedDownPymt": "111.3",
    "cancelSourceCode": null,
    "sourceEnvironment": null
  },
  {
    "insuredName": "SMITH, LADRONNA DETRICE",
    "policyID": "104630246192001",
    "version": "3",
    "policyStatus": "Expired",
    "origEffDate": "03/20/2014",
    "origExpDate": "03/20/2015",
    "cancelDate": "03/20/2015",
    "rateDate": "03/20/2014",
    "agencyNum": "26892",
    "homePhone": "(323)816-3394",
    "workPhone": null,
    "email": null,
    "policyTerm": "12",
    "payPlan": "12PayRNEFT",
    "versionType": "Renewal",
    "quotedDownPymt": "97.93",
    "cancelSourceCode": null,
    "sourceEnvironment": null
  },
  {
    "insuredName": "SMITH, LADRONNA DETRICE",
    "policyID": "104630246192001",
    "version": "2",
    "policyStatus": "Expired",
    "origEffDate": "03/20/2013",
    "origExpDate": "03/20/2014",
    "cancelDate": "03/20/2014",
    "rateDate": "03/20/2013",
    "agencyNum": "26892",
    "homePhone": "(323)816-3394",
    "workPhone": null,
    "email": null,
    "policyTerm": "12",
    "payPlan": "12-Pay EFT",
    "versionType": "Renewal",
    "quotedDownPymt": "113.58",
    "cancelSourceCode": null,
    "sourceEnvironment": null
  },
  {
    "insuredName": "SMITH, LADRONNA DETRICE",
    "policyID": "104630246192001",
    "version": "1",
    "policyStatus": "Expired",
    "origEffDate": "03/20/2012",
    "origExpDate": "03/20/2013",
    "cancelDate": "03/20/2013",
    "rateDate": "03/20/2012",
    "agencyNum": "26892",
    "homePhone": "(323)816-3394",
    "workPhone": null,
    "email": null,
    "policyTerm": "12",
    "payPlan": "12-Pay EFT",
    "versionType": "Renewal",
    "quotedDownPymt": "119.7",
    "cancelSourceCode": null,
    "sourceEnvironment": null
  },
  {
    "insuredName": "Smith, Lativia",
    "policyID": "104630266780001",
    "version": "1",
    "policyStatus": "Cancelled",
    "origEffDate": "02/24/2012",
    "origExpDate": "02/24/2013",
    "cancelDate": "04/03/2012",
    "rateDate": "02/24/2012",
    "agencyNum": "26892",
    "homePhone": "(424) 219-4669",
    "workPhone": null,
    "email": "misstahvi@gmail.com",
    "policyTerm": "12",
    "payPlan": "12PayQBDBL",
    "versionType": "New",
    "quotedDownPymt": "48",
    "cancelSourceCode": "NONPAY",
    "sourceEnvironment": null
  },
  {
    "insuredName": "Smith, Lucero",
    "policyID": "104630275923001",
    "version": "6",
    "policyStatus": "Active",
    "origEffDate": "04/03/2017",
    "origExpDate": "04/03/2018",
    "cancelDate": "04/03/2018",
    "rateDate": "04/03/2017",
    "agencyNum": "26892",
    "homePhone": "(310) 978-4516",
    "workPhone": "(310) 486-7644",
    "email": null,
    "policyTerm": "12",
    "payPlan": "12PayRNEFT",
    "versionType": "Renewal",
    "quotedDownPymt": "256.03",
    "cancelSourceCode": null,
    "sourceEnvironment": null
  },
  {
    "insuredName": "Smith, Lucero",
    "policyID": "104630275923001",
    "version": "5",
    "policyStatus": "Expired",
    "origEffDate": "04/03/2016",
    "origExpDate": "04/03/2017",
    "cancelDate": "04/03/2017",
    "rateDate": "04/03/2016",
    "agencyNum": "26892",
    "homePhone": "(310) 978-4516",
    "workPhone": "(310) 486-7644",
    "email": null,
    "policyTerm": "12",
    "payPlan": "12PayRNEFT",
    "versionType": "Renewal",
    "quotedDownPymt": "114.18",
    "cancelSourceCode": null,
    "sourceEnvironment": null
  },
  {
    "insuredName": "Smith, Lucero",
    "policyID": "104630275923001",
    "version": "4",
    "policyStatus": "Expired",
    "origEffDate": "04/03/2015",
    "origExpDate": "04/03/2016",
    "cancelDate": "04/03/2016",
    "rateDate": "04/03/2015",
    "agencyNum": "26892",
    "homePhone": "(310) 978-4516",
    "workPhone": "(310) 486-7644",
    "email": null,
    "policyTerm": "12",
    "payPlan": "12PayRNEFT",
    "versionType": "Renewal",
    "quotedDownPymt": "165.55",
    "cancelSourceCode": null,
    "sourceEnvironment": null
  },
  {
    "insuredName": "Smith, Lucero",
    "policyID": "104630275923001",
    "version": "3",
    "policyStatus": "Expired",
    "origEffDate": "04/03/2014",
    "origExpDate": "04/03/2015",
    "cancelDate": "04/03/2015",
    "rateDate": "04/03/2014",
    "agencyNum": "26892",
    "homePhone": "(310) 978-4516",
    "workPhone": "(310) 486-7644",
    "email": null,
    "policyTerm": "12",
    "payPlan": "12PayRNEFT",
    "versionType": "Renewal",
    "quotedDownPymt": "173",
    "cancelSourceCode": null,
    "sourceEnvironment": null
  },
  {
    "insuredName": "Smith, Lucero",
    "policyID": "104630275923001",
    "version": "2",
    "policyStatus": "Expired",
    "origEffDate": "04/03/2013",
    "origExpDate": "04/03/2014",
    "cancelDate": "04/03/2014",
    "rateDate": "04/03/2013",
    "agencyNum": "26892",
    "homePhone": "(310) 978-4516",
    "workPhone": "(310) 486-7644",
    "email": null,
    "policyTerm": "12",
    "payPlan": "12-Pay EFT",
    "versionType": "Renewal",
    "quotedDownPymt": "190.8",
    "cancelSourceCode": null,
    "sourceEnvironment": null
  },
  {
    "insuredName": "Smith, Lucero",
    "policyID": "104630275923001",
    "version": "1",
    "policyStatus": "Expired",
    "origEffDate": "04/03/2012",
    "origExpDate": "04/03/2013",
    "cancelDate": "04/03/2013",
    "rateDate": "04/03/2012",
    "agencyNum": "26892",
    "homePhone": "(310) 978-4516",
    "workPhone": "(310) 486-7644",
    "email": null,
    "policyTerm": "12",
    "payPlan": "12-Pay EFT",
    "versionType": "Renewal",
    "quotedDownPymt": "195.66",
    "cancelSourceCode": null,
    "sourceEnvironment": null
  },
  {
    "insuredName": "SMITH, SHELLE T",
    "policyID": "104630285832001",
    "version": "3",
    "policyStatus": "Cancelled",
    "origEffDate": "04/06/2014",
    "origExpDate": "04/06/2015",
    "cancelDate": "05/24/2014",
    "rateDate": "04/06/2014",
    "agencyNum": "26892",
    "homePhone": "(310) 675-8373",
    "workPhone": "(   )    -",
    "email": null,
    "policyTerm": "12",
    "payPlan": "12PayRNEFT",
    "versionType": "Renewal",
    "quotedDownPymt": "39.78",
    "cancelSourceCode": "NONPAY",
    "sourceEnvironment": null
  },
  {
    "insuredName": "SMITH, SHELLE T",
    "policyID": "104630285832001",
    "version": "2",
    "policyStatus": "Expired",
    "origEffDate": "04/06/2013",
    "origExpDate": "04/06/2014",
    "cancelDate": "04/06/2014",
    "rateDate": "04/06/2013",
    "agencyNum": "26892",
    "homePhone": "(310) 675-8373",
    "workPhone": "(   )    -",
    "email": null,
    "policyTerm": "12",
    "payPlan": "12-Pay EFT",
    "versionType": "Renewal",
    "quotedDownPymt": "39.6",
    "cancelSourceCode": null,
    "sourceEnvironment": null
  },
  {
    "insuredName": "SMITH, SHELLE T",
    "policyID": "104630285832001",
    "version": "1",
    "policyStatus": "Expired",
    "origEffDate": "04/06/2012",
    "origExpDate": "04/06/2013",
    "cancelDate": "04/06/2013",
    "rateDate": "04/06/2012",
    "agencyNum": "26892",
    "homePhone": "(310) 675-8373",
    "workPhone": "(   )    -",
    "email": null,
    "policyTerm": "12",
    "payPlan": "12-Pay EFT",
    "versionType": "Renewal",
    "quotedDownPymt": "37.98",
    "cancelSourceCode": null,
    "sourceEnvironment": null
  },
  {
    "insuredName": "Smith, Shaun Nicholas",
    "policyID": "104630318724001",
    "version": "4",
    "policyStatus": "Cancelled",
    "origEffDate": "05/12/2015",
    "origExpDate": "05/12/2016",
    "cancelDate": "04/30/2016",
    "rateDate": "05/12/2015",
    "agencyNum": "26892",
    "homePhone": "(562) 381-3119",
    "workPhone": null,
    "email": null,
    "policyTerm": "12",
    "payPlan": "12-PayRNDB",
    "versionType": "Renewal",
    "quotedDownPymt": "75",
    "cancelSourceCode": "NONPAY",
    "sourceEnvironment": null
  },
  {
    "insuredName": "Smith, Shaun Nicholas",
    "policyID": "104630318724001",
    "version": "3",
    "policyStatus": "Expired",
    "origEffDate": "05/01/2014",
    "origExpDate": "05/01/2015",
    "cancelDate": "05/01/2015",
    "rateDate": "05/01/2014",
    "agencyNum": "26892",
    "homePhone": "(562) 381-3119",
    "workPhone": null,
    "email": null,
    "policyTerm": "12",
    "payPlan": "12-PayRNDB",
    "versionType": "Renewal",
    "quotedDownPymt": "60.28",
    "cancelSourceCode": null,
    "sourceEnvironment": null
  },
  {
    "insuredName": "Smith, Shaun Nicholas",
    "policyID": "104630318724001",
    "version": "2",
    "policyStatus": "Expired",
    "origEffDate": "05/01/2013",
    "origExpDate": "05/01/2014",
    "cancelDate": "05/01/2014",
    "rateDate": "05/01/2013",
    "agencyNum": "26892",
    "homePhone": "(562) 381-3119",
    "workPhone": null,
    "email": null,
    "policyTerm": "12",
    "payPlan": "11-Pay DB",
    "versionType": "Renewal",
    "quotedDownPymt": "70.9",
    "cancelSourceCode": null,
    "sourceEnvironment": null
  },
  {
    "insuredName": "Smith, Shaun Nicholas",
    "policyID": "104630318724001",
    "version": "1",
    "policyStatus": "Expired",
    "origEffDate": "04/24/2012",
    "origExpDate": "04/24/2013",
    "cancelDate": "04/24/2013",
    "rateDate": "04/24/2012",
    "agencyNum": "26892",
    "homePhone": "(562) 381-3119",
    "workPhone": null,
    "email": null,
    "policyTerm": "12",
    "payPlan": "11-Pay DB",
    "versionType": "Renewal",
    "quotedDownPymt": "66.51",
    "cancelSourceCode": null,
    "sourceEnvironment": null
  },
  {
    "insuredName": "Smith, Diani Marie",
    "policyID": "104630323187001",
    "version": "2",
    "policyStatus": "Cancelled",
    "origEffDate": "03/23/2013",
    "origExpDate": "03/23/2014",
    "cancelDate": "09/10/2013",
    "rateDate": "03/23/2013",
    "agencyNum": "26892",
    "homePhone": "(310) 400-4339",
    "workPhone": null,
    "email": null,
    "policyTerm": "12",
    "payPlan": "12-Pay EFT",
    "versionType": "Renewal",
    "quotedDownPymt": "97.92",
    "cancelSourceCode": "NONPAY",
    "sourceEnvironment": null
  },
  {
    "insuredName": "Smith, Diani Marie",
    "policyID": "104630323187001",
    "version": "1",
    "policyStatus": "Expired",
    "origEffDate": "03/23/2012",
    "origExpDate": "03/23/2013",
    "cancelDate": "03/23/2013",
    "rateDate": "03/23/2012",
    "agencyNum": "26892",
    "homePhone": "(310) 400-4339",
    "workPhone": null,
    "email": null,
    "policyTerm": "12",
    "payPlan": "12-Pay EFT",
    "versionType": "New",
    "quotedDownPymt": "123",
    "cancelSourceCode": null,
    "sourceEnvironment": null
  },
  {
    "insuredName": "Smith, Fred",
    "policyID": "104630326807001",
    "version": "1",
    "policyStatus": "Cancelled",
    "origEffDate": "03/26/2012",
    "origExpDate": "03/26/2013",
    "cancelDate": "05/12/2012",
    "rateDate": "03/26/2012",
    "agencyNum": "26892",
    "homePhone": "(323) 200-1928",
    "workPhone": null,
    "email": null,
    "policyTerm": "12",
    "payPlan": "11-Pay DBL",
    "versionType": "New",
    "quotedDownPymt": "63.5",
    "cancelSourceCode": "NONPAY",
    "sourceEnvironment": null
  },
  {
    "insuredName": "SMITH, GARY TERRELL",
    "policyID": "104630328941001",
    "version": "4",
    "policyStatus": "Cancelled",
    "origEffDate": "04/28/2015",
    "origExpDate": "04/28/2016",
    "cancelDate": "03/16/2016",
    "rateDate": "04/28/2015",
    "agencyNum": "26892",
    "homePhone": "(323) 307-1342",
    "workPhone": null,
    "email": null,
    "policyTerm": "12",
    "payPlan": "12PayRNEFT",
    "versionType": "Renewal",
    "quotedDownPymt": "59.08",
    "cancelSourceCode": "IR",
    "sourceEnvironment": null
  },
  {
    "insuredName": "SMITH, GARY TERRELL",
    "policyID": "104630328941001",
    "version": "3",
    "policyStatus": "Expired",
    "origEffDate": "04/28/2014",
    "origExpDate": "04/28/2015",
    "cancelDate": "04/28/2015",
    "rateDate": "04/28/2014",
    "agencyNum": "26892",
    "homePhone": "(323) 307-1342",
    "workPhone": null,
    "email": null,
    "policyTerm": "12",
    "payPlan": "12PayRNEFT",
    "versionType": "Renewal",
    "quotedDownPymt": "44.12",
    "cancelSourceCode": null,
    "sourceEnvironment": null
  },
  {
    "insuredName": "SMITH, GARY TERRELL",
    "policyID": "104630328941001",
    "version": "2",
    "policyStatus": "Expired",
    "origEffDate": "04/28/2013",
    "origExpDate": "04/28/2014",
    "cancelDate": "04/28/2014",
    "rateDate": "04/28/2013",
    "agencyNum": "26892",
    "homePhone": "(323) 307-1342",
    "workPhone": null,
    "email": null,
    "policyTerm": "12",
    "payPlan": "12-Pay EFT",
    "versionType": "Renewal",
    "quotedDownPymt": "54.81",
    "cancelSourceCode": null,
    "sourceEnvironment": null
  },
  {
    "insuredName": "SMITH, GARY TERRELL",
    "policyID": "104630328941001",
    "version": "1",
    "policyStatus": "Expired",
    "origEffDate": "04/28/2012",
    "origExpDate": "04/28/2013",
    "cancelDate": "04/28/2013",
    "rateDate": "04/28/2012",
    "agencyNum": "26892",
    "homePhone": "(323) 307-1342",
    "workPhone": null,
    "email": null,
    "policyTerm": "12",
    "payPlan": "12-Pay EFT",
    "versionType": "Renewal",
    "quotedDownPymt": "51.48",
    "cancelSourceCode": null,
    "sourceEnvironment": null
  },
  {
    "insuredName": "Smith, John Izeal",
    "policyID": "104630368180001",
    "version": "3",
    "policyStatus": "Cancelled",
    "origEffDate": "07/02/2014",
    "origExpDate": "07/02/2015",
    "cancelDate": "11/25/2014",
    "rateDate": "07/02/2014",
    "agencyNum": "26892",
    "homePhone": "(310) 621-3405",
    "workPhone": null,
    "email": null,
    "policyTerm": "12",
    "payPlan": "12-Pay REN",
    "versionType": "Renewal",
    "quotedDownPymt": "200",
    "cancelSourceCode": "NONPAY",
    "sourceEnvironment": null
  },
  {
    "insuredName": "Smith, John Izeal",
    "policyID": "104630368180001",
    "version": "2",
    "policyStatus": "Expired",
    "origEffDate": "07/02/2013",
    "origExpDate": "07/02/2014",
    "cancelDate": "07/02/2014",
    "rateDate": "07/02/2013",
    "agencyNum": "26892",
    "homePhone": "(310) 621-3405",
    "workPhone": null,
    "email": null,
    "policyTerm": "12",
    "payPlan": "12-PayQBDB",
    "versionType": "New",
    "quotedDownPymt": "58.4",
    "cancelSourceCode": null,
    "sourceEnvironment": null
  },
  {
    "insuredName": "Smith, John Izeal",
    "policyID": "104630368180001",
    "version": "1",
    "policyStatus": "Cancelled",
    "origEffDate": "04/18/2012",
    "origExpDate": "04/18/2013",
    "cancelDate": "10/28/2012",
    "rateDate": "04/18/2012",
    "agencyNum": "26892",
    "homePhone": "(310) 621-3405",
    "workPhone": null,
    "email": null,
    "policyTerm": "12",
    "payPlan": "12-PayQBDB",
    "versionType": "New",
    "quotedDownPymt": "113.76",
    "cancelSourceCode": "NONPAY",
    "sourceEnvironment": null
  },
  {
    "insuredName": "SMITH, LASHAWN LAKEYSHA",
    "policyID": "104630379864001",
    "version": "1",
    "policyStatus": "Expired",
    "origEffDate": "06/05/2012",
    "origExpDate": "12/05/2012",
    "cancelDate": "12/05/2012",
    "rateDate": "06/05/2012",
    "agencyNum": "26892",
    "homePhone": "(562) 704-7408",
    "workPhone": null,
    "email": null,
    "policyTerm": "6",
    "payPlan": "6-Pay REN",
    "versionType": "Renewal",
    "quotedDownPymt": "46.05",
    "cancelSourceCode": null,
    "sourceEnvironment": null
  },
  {
    "insuredName": "SMITH, ANTHONY WAYNE",
    "policyID": "104630387070001",
    "version": "1",
    "policyStatus": "Cancelled",
    "origEffDate": "06/03/2012",
    "origExpDate": "06/03/2013",
    "cancelDate": "04/21/2013",
    "rateDate": "06/03/2012",
    "agencyNum": "26892",
    "homePhone": "(310) 245-3284",
    "workPhone": "(   )    -",
    "email": null,
    "policyTerm": "12",
    "payPlan": "12-Pay EFT",
    "versionType": "Renewal",
    "quotedDownPymt": "82.26",
    "cancelSourceCode": "NONPAY",
    "sourceEnvironment": null
  },
  {
    "insuredName": "SMITH, SHERRY LYNN",
    "policyID": "104630395213001",
    "version": "1",
    "policyStatus": "Cancelled",
    "origEffDate": "06/08/2012",
    "origExpDate": "06/08/2013",
    "cancelDate": "11/24/2012",
    "rateDate": "06/08/2012",
    "agencyNum": "26892",
    "homePhone": "(310) 613-2410",
    "workPhone": "(   )    -",
    "email": null,
    "policyTerm": "12",
    "payPlan": "12-Pay REN",
    "versionType": "Renewal",
    "quotedDownPymt": "53.11",
    "cancelSourceCode": "NONPAY",
    "sourceEnvironment": null
  },
  {
    "insuredName": "SMITH, KARL ELLIS     BYRON",
    "policyID": "104630407153001",
    "version": "5",
    "policyStatus": "Expired",
    "origEffDate": "06/18/2016",
    "origExpDate": "06/18/2017",
    "cancelDate": "06/18/2017",
    "rateDate": "06/18/2016",
    "agencyNum": "26892",
    "homePhone": "(323) 781-9968",
    "workPhone": "(   )    -",
    "email": null,
    "policyTerm": "12",
    "payPlan": "12-PayRNDB",
    "versionType": "Renewal",
    "quotedDownPymt": "122.49",
    "cancelSourceCode": null,
    "sourceEnvironment": null
  },
  {
    "insuredName": "SMITH, KARL ELLIS     BYRON",
    "policyID": "104630407153001",
    "version": "4",
    "policyStatus": "Expired",
    "origEffDate": "06/18/2015",
    "origExpDate": "06/18/2016",
    "cancelDate": "06/18/2016",
    "rateDate": "06/18/2015",
    "agencyNum": "26892",
    "homePhone": "(323) 781-9968",
    "workPhone": "(   )    -",
    "email": null,
    "policyTerm": "12",
    "payPlan": "12-PayRNDB",
    "versionType": "Renewal",
    "quotedDownPymt": "100.33",
    "cancelSourceCode": null,
    "sourceEnvironment": null
  },
  {
    "insuredName": "SMITH, KARL ELLIS     BYRON",
    "policyID": "104630407153001",
    "version": "3",
    "policyStatus": "Expired",
    "origEffDate": "06/18/2014",
    "origExpDate": "06/18/2015",
    "cancelDate": "06/18/2015",
    "rateDate": "06/18/2014",
    "agencyNum": "26892",
    "homePhone": "(323) 781-9968",
    "workPhone": "(   )    -",
    "email": null,
    "policyTerm": "12",
    "payPlan": "12-PayRNDB",
    "versionType": "Renewal",
    "quotedDownPymt": "77.62",
    "cancelSourceCode": null,
    "sourceEnvironment": null
  },
  {
    "insuredName": "SMITH, KARL ELLIS     BYRON",
    "policyID": "104630407153001",
    "version": "2",
    "policyStatus": "Expired",
    "origEffDate": "06/18/2013",
    "origExpDate": "06/18/2014",
    "cancelDate": "06/18/2014",
    "rateDate": "06/18/2013",
    "agencyNum": "26892",
    "homePhone": "(323) 781-9968",
    "workPhone": "(   )    -",
    "email": null,
    "policyTerm": "12",
    "payPlan": "12-Pay REN",
    "versionType": "Renewal",
    "quotedDownPymt": "73",
    "cancelSourceCode": null,
    "sourceEnvironment": null
  },
  {
    "insuredName": "SMITH, KARL ELLIS     BYRON",
    "policyID": "104630407153001",
    "version": "1",
    "policyStatus": "Expired",
    "origEffDate": "06/18/2012",
    "origExpDate": "06/18/2013",
    "cancelDate": "06/18/2013",
    "rateDate": "06/18/2012",
    "agencyNum": "26892",
    "homePhone": "(323) 781-9968",
    "workPhone": "(   )    -",
    "email": null,
    "policyTerm": "12",
    "payPlan": "12-Pay REN",
    "versionType": "Renewal",
    "quotedDownPymt": "45.42",
    "cancelSourceCode": null,
    "sourceEnvironment": null
  },
  {
    "insuredName": "Smith, Karen Y",
    "policyID": "104630441707001",
    "version": "1",
    "policyStatus": "Cancelled",
    "origEffDate": "06/05/2012",
    "origExpDate": "06/05/2013",
    "cancelDate": "09/15/2012",
    "rateDate": "06/05/2012",
    "agencyNum": "26892",
    "homePhone": "(310) 756-6746",
    "workPhone": null,
    "email": null,
    "policyTerm": "12",
    "payPlan": "12-PayQBDB",
    "versionType": "New",
    "quotedDownPymt": "66.78",
    "cancelSourceCode": "NONPAY",
    "sourceEnvironment": null
  },
  {
    "insuredName": "SMITH-BROWN, PAMELA",
    "policyID": "104630444587001",
    "version": "4",
    "policyStatus": "Cancelled",
    "origEffDate": "07/11/2015",
    "origExpDate": "07/11/2016",
    "cancelDate": "06/16/2016",
    "rateDate": "07/11/2015",
    "agencyNum": "26892",
    "homePhone": "(310) 978-0793",
    "workPhone": "(310) 714-2702",
    "email": null,
    "policyTerm": "12",
    "payPlan": "12PayRNEFT",
    "versionType": "Renewal",
    "quotedDownPymt": "50.91",
    "cancelSourceCode": "IR",
    "sourceEnvironment": null
  },
  {
    "insuredName": "SMITH-BROWN, PAMELA",
    "policyID": "104630444587001",
    "version": "3",
    "policyStatus": "Expired",
    "origEffDate": "07/11/2014",
    "origExpDate": "07/11/2015",
    "cancelDate": "07/11/2015",
    "rateDate": "07/11/2014",
    "agencyNum": "26892",
    "homePhone": "(310) 978-0793",
    "workPhone": "(310) 714-2702",
    "email": null,
    "policyTerm": "12",
    "payPlan": "12PayRNEFT",
    "versionType": "Renewal",
    "quotedDownPymt": "35.04",
    "cancelSourceCode": null,
    "sourceEnvironment": null
  },
  {
    "insuredName": "SMITH-BROWN, PAMELA",
    "policyID": "104630444587001",
    "version": "2",
    "policyStatus": "Expired",
    "origEffDate": "07/11/2013",
    "origExpDate": "07/11/2014",
    "cancelDate": "07/11/2014",
    "rateDate": "07/11/2013",
    "agencyNum": "26892",
    "homePhone": "(310) 978-0793",
    "workPhone": "(310) 714-2702",
    "email": null,
    "policyTerm": "12",
    "payPlan": "12-Pay EFT",
    "versionType": "Renewal",
    "quotedDownPymt": "33.84",
    "cancelSourceCode": null,
    "sourceEnvironment": null
  },
  {
    "insuredName": "SMITH-BROWN, PAMELA",
    "policyID": "104630444587001",
    "version": "1",
    "policyStatus": "Expired",
    "origEffDate": "07/11/2012",
    "origExpDate": "07/11/2013",
    "cancelDate": "07/11/2013",
    "rateDate": "07/11/2012",
    "agencyNum": "26892",
    "homePhone": "(310) 978-0793",
    "workPhone": "(310) 714-2702",
    "email": null,
    "policyTerm": "12",
    "payPlan": "12-Pay EFT",
    "versionType": "Renewal",
    "quotedDownPymt": "33.48",
    "cancelSourceCode": null,
    "sourceEnvironment": null
  },
  {
    "insuredName": "Smith, Willie",
    "policyID": "104630451511001",
    "version": "2",
    "policyStatus": "Cancelled",
    "origEffDate": "03/18/2013",
    "origExpDate": "03/18/2014",
    "cancelDate": "08/18/2013",
    "rateDate": "03/18/2013",
    "agencyNum": "26892",
    "homePhone": "(323) 571-8177",
    "workPhone": null,
    "email": null,
    "policyTerm": "12",
    "payPlan": "12-PayQBDB",
    "versionType": "Rewrite",
    "quotedDownPymt": "74",
    "cancelSourceCode": "IR",
    "sourceEnvironment": null
  },
  {
    "insuredName": "Smith, Willie",
    "policyID": "104630451511001",
    "version": "1",
    "policyStatus": "Cancelled",
    "origEffDate": "07/15/2012",
    "origExpDate": "07/15/2013",
    "cancelDate": "02/17/2013",
    "rateDate": "07/15/2012",
    "agencyNum": "26892",
    "homePhone": "(323) 571-8177",
    "workPhone": null,
    "email": null,
    "policyTerm": "12",
    "payPlan": "12-Pay REN",
    "versionType": "Renewal",
    "quotedDownPymt": "77.27",
    "cancelSourceCode": "NONPAY",
    "sourceEnvironment": null
  },
  {
    "insuredName": "SMITH, TRACY MARIE",
    "policyID": "104630529706001",
    "version": "5",
    "policyStatus": "Expired",
    "origEffDate": "09/02/2016",
    "origExpDate": "09/02/2017",
    "cancelDate": "09/02/2017",
    "rateDate": "09/02/2016",
    "agencyNum": "26892",
    "homePhone": "(310) 344-6152",
    "workPhone": null,
    "email": null,
    "policyTerm": "12",
    "payPlan": "12PayRNEFT",
    "versionType": "Renewal",
    "quotedDownPymt": "90.74",
    "cancelSourceCode": null,
    "sourceEnvironment": null
  },
  {
    "insuredName": "SMITH, TRACY MARIE",
    "policyID": "104630529706001",
    "version": "4",
    "policyStatus": "Expired",
    "origEffDate": "09/02/2015",
    "origExpDate": "09/02/2016",
    "cancelDate": "09/02/2016",
    "rateDate": "09/02/2015",
    "agencyNum": "26892",
    "homePhone": "(310) 344-6152",
    "workPhone": null,
    "email": null,
    "policyTerm": "12",
    "payPlan": "12PayRNEFT",
    "versionType": "Renewal",
    "quotedDownPymt": "73.33",
    "cancelSourceCode": null,
    "sourceEnvironment": null
  },
  {
    "insuredName": "SMITH, TRACY MARIE",
    "policyID": "104630529706001",
    "version": "3",
    "policyStatus": "Expired",
    "origEffDate": "09/02/2014",
    "origExpDate": "09/02/2015",
    "cancelDate": "09/02/2015",
    "rateDate": "09/02/2014",
    "agencyNum": "26892",
    "homePhone": "(310) 344-6152",
    "workPhone": null,
    "email": null,
    "policyTerm": "12",
    "payPlan": "12PayRNEFT",
    "versionType": "Renewal",
    "quotedDownPymt": "57.12",
    "cancelSourceCode": null,
    "sourceEnvironment": null
  },
  {
    "insuredName": "SMITH, TRACY MARIE",
    "policyID": "104630529706001",
    "version": "2",
    "policyStatus": "Expired",
    "origEffDate": "09/02/2013",
    "origExpDate": "09/02/2014",
    "cancelDate": "09/02/2014",
    "rateDate": "09/02/2013",
    "agencyNum": "26892",
    "homePhone": "(310) 344-6152",
    "workPhone": null,
    "email": null,
    "policyTerm": "12",
    "payPlan": "12PayRNEFT",
    "versionType": "Renewal",
    "quotedDownPymt": "59.7",
    "cancelSourceCode": null,
    "sourceEnvironment": null
  },
  {
    "insuredName": "SMITH, TRACY MARIE",
    "policyID": "104630529706001",
    "version": "1",
    "policyStatus": "Expired",
    "origEffDate": "09/02/2012",
    "origExpDate": "09/02/2013",
    "cancelDate": "09/02/2013",
    "rateDate": "09/02/2012",
    "agencyNum": "26892",
    "homePhone": "(310) 344-6152",
    "workPhone": null,
    "email": null,
    "policyTerm": "12",
    "payPlan": "12-Pay EFT",
    "versionType": "Renewal",
    "quotedDownPymt": "60.63",
    "cancelSourceCode": null,
    "sourceEnvironment": null
  },
  {
    "insuredName": "SMITH, GAYNOR ANN",
    "policyID": "104630540541001",
    "version": "1",
    "policyStatus": "Cancelled",
    "origEffDate": "09/10/2012",
    "origExpDate": "09/10/2013",
    "cancelDate": "03/27/2013",
    "rateDate": "09/10/2012",
    "agencyNum": "26892",
    "homePhone": "(323) 377-8842",
    "workPhone": "(   )    -",
    "email": null,
    "policyTerm": "12",
    "payPlan": "12-Pay EFT",
    "versionType": "Renewal",
    "quotedDownPymt": "99.63",
    "cancelSourceCode": "NONPAY",
    "sourceEnvironment": null
  },
  {
    "insuredName": "SMITH, WILLIAM ANTHONY",
    "policyID": "104630559764001",
    "version": "5",
    "policyStatus": "Expired",
    "origEffDate": "09/24/2016",
    "origExpDate": "09/24/2017",
    "cancelDate": "09/24/2017",
    "rateDate": "09/24/2016",
    "agencyNum": "26892",
    "homePhone": "(213) 804-2281",
    "workPhone": "(   )    -",
    "email": null,
    "policyTerm": "12",
    "payPlan": "12-PayRNDB",
    "versionType": "Renewal",
    "quotedDownPymt": "56.83",
    "cancelSourceCode": null,
    "sourceEnvironment": null
  },
  {
    "insuredName": "SMITH, WILLIAM ANTHONY",
    "policyID": "104630559764001",
    "version": "4",
    "policyStatus": "Expired",
    "origEffDate": "09/24/2015",
    "origExpDate": "09/24/2016",
    "cancelDate": "09/24/2016",
    "rateDate": "09/24/2015",
    "agencyNum": "26892",
    "homePhone": "(213) 804-2281",
    "workPhone": "(   )    -",
    "email": null,
    "policyTerm": "12",
    "payPlan": "12-PayRNDB",
    "versionType": "Renewal",
    "quotedDownPymt": "43.83",
    "cancelSourceCode": null,
    "sourceEnvironment": null
  },
  {
    "insuredName": "SMITH, WILLIAM ANTHONY",
    "policyID": "104630559764001",
    "version": "3",
    "policyStatus": "Expired",
    "origEffDate": "09/24/2014",
    "origExpDate": "09/24/2015",
    "cancelDate": "09/24/2015",
    "rateDate": "09/24/2014",
    "agencyNum": "26892",
    "homePhone": "(213) 804-2281",
    "workPhone": "(   )    -",
    "email": null,
    "policyTerm": "12",
    "payPlan": "12-PayRNDB",
    "versionType": "Renewal",
    "quotedDownPymt": "30.71",
    "cancelSourceCode": null,
    "sourceEnvironment": null
  },
  {
    "insuredName": "SMITH, WILLIAM ANTHONY",
    "policyID": "104630559764001",
    "version": "2",
    "policyStatus": "Expired",
    "origEffDate": "09/24/2013",
    "origExpDate": "09/24/2014",
    "cancelDate": "09/24/2014",
    "rateDate": "09/24/2013",
    "agencyNum": "26892",
    "homePhone": "(213) 804-2281",
    "workPhone": "(   )    -",
    "email": null,
    "policyTerm": "12",
    "payPlan": "12-PayRNDB",
    "versionType": "Renewal",
    "quotedDownPymt": "30.71",
    "cancelSourceCode": null,
    "sourceEnvironment": null
  },
  {
    "insuredName": "SMITH, WILLIAM ANTHONY",
    "policyID": "104630559764001",
    "version": "1",
    "policyStatus": "Expired",
    "origEffDate": "09/24/2012",
    "origExpDate": "09/24/2013",
    "cancelDate": "09/24/2013",
    "rateDate": "09/24/2012",
    "agencyNum": "26892",
    "homePhone": "(213) 804-2281",
    "workPhone": "(   )    -",
    "email": null,
    "policyTerm": "12",
    "payPlan": "11-Pay DB",
    "versionType": "Renewal",
    "quotedDownPymt": "28.53",
    "cancelSourceCode": null,
    "sourceEnvironment": null
  },
  {
    "insuredName": "Smith, Nicole Rena",
    "policyID": "104630566270001",
    "version": "1",
    "policyStatus": "Cancelled",
    "origEffDate": "08/24/2012",
    "origExpDate": "08/24/2013",
    "cancelDate": "10/06/2012",
    "rateDate": "08/24/2012",
    "agencyNum": "26892",
    "homePhone": "(323) 674-9326",
    "workPhone": null,
    "email": null,
    "policyTerm": "12",
    "payPlan": "12-PayQBDB",
    "versionType": "New",
    "quotedDownPymt": "107.73",
    "cancelSourceCode": "NONPAY",
    "sourceEnvironment": null
  },
  {
    "insuredName": "Smith, Eric",
    "policyID": "104630594226001",
    "version": "4",
    "policyStatus": "Cancelled",
    "origEffDate": "01/15/2014",
    "origExpDate": "01/15/2015",
    "cancelDate": "02/24/2014",
    "rateDate": "01/15/2014",
    "agencyNum": "26892",
    "homePhone": "(323) 828-3631",
    "workPhone": null,
    "email": "dje1033@gmail.com",
    "policyTerm": "12",
    "payPlan": "12-PayDBRW",
    "versionType": "Rewrite",
    "quotedDownPymt": "209.75",
    "cancelSourceCode": "NONPAY",
    "sourceEnvironment": null
  },
  {
    "insuredName": "Smith, Eric",
    "policyID": "104630594226001",
    "version": "3",
    "policyStatus": "Cancelled",
    "origEffDate": "04/26/2013",
    "origExpDate": "04/26/2014",
    "cancelDate": "01/05/2014",
    "rateDate": "04/26/2013",
    "agencyNum": "26892",
    "homePhone": "(323) 828-3631",
    "workPhone": null,
    "email": "dje1033@gmail.com",
    "policyTerm": "12",
    "payPlan": "12-PayQBDB",
    "versionType": "New",
    "quotedDownPymt": "151.4",
    "cancelSourceCode": "NONPAY",
    "sourceEnvironment": null
  },
  {
    "insuredName": "Smith, Eric",
    "policyID": "104630594226001",
    "version": "2",
    "policyStatus": "Cancelled",
    "origEffDate": "01/24/2013",
    "origExpDate": "01/24/2014",
    "cancelDate": "03/06/2013",
    "rateDate": "01/24/2013",
    "agencyNum": "26892",
    "homePhone": "(323) 828-3631",
    "workPhone": null,
    "email": "dje1033@gmail.com",
    "policyTerm": "12",
    "payPlan": "12-PayQBDB",
    "versionType": "New",
    "quotedDownPymt": "151",
    "cancelSourceCode": "NONPAY",
    "sourceEnvironment": null
  },
  {
    "insuredName": "Smith, Eric",
    "policyID": "104630594226001",
    "version": "1",
    "policyStatus": "Cancelled",
    "origEffDate": "09/13/2012",
    "origExpDate": "09/13/2013",
    "cancelDate": "12/23/2012",
    "rateDate": "09/13/2012",
    "agencyNum": "26892",
    "homePhone": "(323) 828-3631",
    "workPhone": null,
    "email": "dje1033@gmail.com",
    "policyTerm": "12",
    "payPlan": "12-PayQBDB",
    "versionType": "New",
    "quotedDownPymt": "159",
    "cancelSourceCode": "NONPAY",
    "sourceEnvironment": null
  },
  {
    "insuredName": "SMITH, ANITA LOUISE",
    "policyID": "104630612422001",
    "version": "1",
    "policyStatus": "Cancelled",
    "origEffDate": "11/02/2012",
    "origExpDate": "11/02/2013",
    "cancelDate": "01/19/2013",
    "rateDate": "11/02/2012",
    "agencyNum": "26892",
    "homePhone": "(310) 675-1092",
    "workPhone": "(   )    -",
    "email": null,
    "policyTerm": "12",
    "payPlan": "11-Pay DB",
    "versionType": "Renewal",
    "quotedDownPymt": "48.6",
    "cancelSourceCode": "NONPAY",
    "sourceEnvironment": null
  },
  {
    "insuredName": "Smith, Dania Lashun",
    "policyID": "104630613078001",
    "version": "4",
    "policyStatus": "Cancelled",
    "origEffDate": "09/29/2015",
    "origExpDate": "09/29/2016",
    "cancelDate": "05/31/2016",
    "rateDate": "09/29/2015",
    "agencyNum": "26892",
    "homePhone": "(310) 625-3759",
    "workPhone": null,
    "email": null,
    "policyTerm": "12",
    "payPlan": "12PayRNEFT",
    "versionType": "Renewal",
    "quotedDownPymt": "91.16",
    "cancelSourceCode": "IR",
    "sourceEnvironment": null
  },
  {
    "insuredName": "Smith, Dania Lashun",
    "policyID": "104630613078001",
    "version": "3",
    "policyStatus": "Expired",
    "origEffDate": "09/29/2014",
    "origExpDate": "09/29/2015",
    "cancelDate": "09/29/2015",
    "rateDate": "09/29/2014",
    "agencyNum": "26892",
    "homePhone": "(310) 625-3759",
    "workPhone": null,
    "email": null,
    "policyTerm": "12",
    "payPlan": "12PayRNEFT",
    "versionType": "Renewal",
    "quotedDownPymt": "76.07",
    "cancelSourceCode": null,
    "sourceEnvironment": null
  },
  {
    "insuredName": "Smith, Dania Lashun",
    "policyID": "104630613078001",
    "version": "2",
    "policyStatus": "Expired",
    "origEffDate": "09/29/2013",
    "origExpDate": "09/29/2014",
    "cancelDate": "09/29/2014",
    "rateDate": "09/29/2013",
    "agencyNum": "26892",
    "homePhone": "(310) 625-3759",
    "workPhone": null,
    "email": null,
    "policyTerm": "12",
    "payPlan": "12PayRNEFT",
    "versionType": "Renewal",
    "quotedDownPymt": "87.73",
    "cancelSourceCode": null,
    "sourceEnvironment": null
  },
  {
    "insuredName": "Smith, Dania Lashun",
    "policyID": "104630613078001",
    "version": "1",
    "policyStatus": "Expired",
    "origEffDate": "09/29/2012",
    "origExpDate": "09/29/2013",
    "cancelDate": "09/29/2013",
    "rateDate": "09/29/2012",
    "agencyNum": "26892",
    "homePhone": "(310) 625-3759",
    "workPhone": null,
    "email": null,
    "policyTerm": "12",
    "payPlan": "12-Pay EFT",
    "versionType": "New",
    "quotedDownPymt": "90.27",
    "cancelSourceCode": null,
    "sourceEnvironment": null
  },
  {
    "insuredName": "SMITH, JASON JEROME",
    "policyID": "104630614299001",
    "version": "1",
    "policyStatus": "Cancelled",
    "origEffDate": "11/03/2012",
    "origExpDate": "11/03/2013",
    "cancelDate": "11/03/2012",
    "rateDate": "11/03/2012",
    "agencyNum": "26892",
    "homePhone": "(323) 777-7877",
    "workPhone": "(   )    -",
    "email": null,
    "policyTerm": "12",
    "payPlan": "11-Pay EFT",
    "versionType": "Renewal",
    "quotedDownPymt": "125.82",
    "cancelSourceCode": "FLATC",
    "sourceEnvironment": null
  },
  {
    "insuredName": "Smith, Latoya Renee",
    "policyID": "104630615385001",
    "version": "2",
    "policyStatus": "Cancelled",
    "origEffDate": "10/02/2013",
    "origExpDate": "10/02/2014",
    "cancelDate": "09/20/2014",
    "rateDate": "10/02/2013",
    "agencyNum": "26892",
    "homePhone": "(323) 407-5930",
    "workPhone": null,
    "email": null,
    "policyTerm": "12",
    "payPlan": "12-Pay REN",
    "versionType": "Renewal",
    "quotedDownPymt": "67.11",
    "cancelSourceCode": "NONPAY",
    "sourceEnvironment": null
  },
  {
    "insuredName": "Smith, Latoya Renee",
    "policyID": "104630615385001",
    "version": "1",
    "policyStatus": "Expired",
    "origEffDate": "10/02/2012",
    "origExpDate": "10/02/2013",
    "cancelDate": "10/02/2013",
    "rateDate": "10/02/2012",
    "agencyNum": "26892",
    "homePhone": "(323) 407-5930",
    "workPhone": null,
    "email": null,
    "policyTerm": "12",
    "payPlan": "11-Pay DBL",
    "versionType": "New",
    "quotedDownPymt": "73.2",
    "cancelSourceCode": null,
    "sourceEnvironment": null
  },
  {
    "insuredName": "Smith, Eric Dell",
    "policyID": "104630618703001",
    "version": "5",
    "policyStatus": "Cancelled",
    "origEffDate": "05/24/2016",
    "origExpDate": "05/24/2017",
    "cancelDate": "01/25/2017",
    "rateDate": "05/24/2016",
    "agencyNum": "26892",
    "homePhone": "(323) 752-9494",
    "workPhone": null,
    "email": null,
    "policyTerm": "12",
    "payPlan": "12-PayDBRW",
    "versionType": "Rewrite",
    "quotedDownPymt": "164.25",
    "cancelSourceCode": "NONPAY",
    "sourceEnvironment": null
  },
  {
    "insuredName": "Smith, Eric Dell",
    "policyID": "104630618703001",
    "version": "4",
    "policyStatus": "Cancelled",
    "origEffDate": "11/21/2015",
    "origExpDate": "11/21/2016",
    "cancelDate": "05/01/2016",
    "rateDate": "11/21/2015",
    "agencyNum": "26892",
    "homePhone": "(323) 752-9494",
    "workPhone": null,
    "email": null,
    "policyTerm": "12",
    "payPlan": "12-PayDBRW",
    "versionType": "Rewrite",
    "quotedDownPymt": "160.65",
    "cancelSourceCode": "NONPAY",
    "sourceEnvironment": null
  },
  {
    "insuredName": "Smith, Eric Dell",
    "policyID": "104630618703001",
    "version": "3",
    "policyStatus": "Cancelled",
    "origEffDate": "11/08/2014",
    "origExpDate": "11/08/2015",
    "cancelDate": "09/23/2015",
    "rateDate": "11/08/2014",
    "agencyNum": "26892",
    "homePhone": "(323) 752-9494",
    "workPhone": null,
    "email": null,
    "policyTerm": "12",
    "payPlan": "12-PayRNDB",
    "versionType": "Renewal",
    "quotedDownPymt": "104.81",
    "cancelSourceCode": "NONPAY",
    "sourceEnvironment": null
  },
  {
    "insuredName": "Smith, Eric Dell",
    "policyID": "104630618703001",
    "version": "2",
    "policyStatus": "Expired",
    "origEffDate": "11/08/2013",
    "origExpDate": "11/08/2014",
    "cancelDate": "11/08/2014",
    "rateDate": "11/08/2013",
    "agencyNum": "26892",
    "homePhone": "(323) 752-9494",
    "workPhone": null,
    "email": null,
    "policyTerm": "12",
    "payPlan": "12-PayRNDB",
    "versionType": "Renewal",
    "quotedDownPymt": "29.37",
    "cancelSourceCode": null,
    "sourceEnvironment": null
  },
  {
    "insuredName": "Smith, Eric Dell",
    "policyID": "104630618703001",
    "version": "1",
    "policyStatus": "Expired",
    "origEffDate": "11/08/2012",
    "origExpDate": "11/08/2013",
    "cancelDate": "11/08/2013",
    "rateDate": "11/08/2012",
    "agencyNum": "26892",
    "homePhone": "(323) 752-9494",
    "workPhone": null,
    "email": null,
    "policyTerm": "12",
    "payPlan": "11-Pay DB",
    "versionType": "Renewal",
    "quotedDownPymt": "30.24",
    "cancelSourceCode": null,
    "sourceEnvironment": null
  },
  {
    "insuredName": "SMITH, SHAFONDA MONICK",
    "policyID": "104630629098001",
    "version": "3",
    "policyStatus": "Cancelled",
    "origEffDate": "11/17/2014",
    "origExpDate": "11/17/2015",
    "cancelDate": "06/01/2015",
    "rateDate": "11/17/2014",
    "agencyNum": "26892",
    "homePhone": "(323) 373-5039",
    "workPhone": "(111) 111-1111",
    "email": null,
    "policyTerm": "12",
    "payPlan": "12-PayRNDB",
    "versionType": "Renewal",
    "quotedDownPymt": "74.61",
    "cancelSourceCode": "NONPAY",
    "sourceEnvironment": null
  },
  {
    "insuredName": "SMITH, SHAFONDA MONICK",
    "policyID": "104630629098001",
    "version": "2",
    "policyStatus": "Expired",
    "origEffDate": "11/17/2013",
    "origExpDate": "11/17/2014",
    "cancelDate": "11/17/2014",
    "rateDate": "11/17/2013",
    "agencyNum": "26892",
    "homePhone": "(323) 373-5039",
    "workPhone": "(111) 111-1111",
    "email": null,
    "policyTerm": "12",
    "payPlan": "12-PayRNDB",
    "versionType": "Renewal",
    "quotedDownPymt": "45.53",
    "cancelSourceCode": null,
    "sourceEnvironment": null
  },
  {
    "insuredName": "SMITH, SHAFONDA MONICK",
    "policyID": "104630629098001",
    "version": "1",
    "policyStatus": "Expired",
    "origEffDate": "11/17/2012",
    "origExpDate": "11/17/2013",
    "cancelDate": "11/17/2013",
    "rateDate": "11/17/2012",
    "agencyNum": "26892",
    "homePhone": "(323) 373-5039",
    "workPhone": "(111) 111-1111",
    "email": null,
    "policyTerm": "12",
    "payPlan": "12-Pay REN",
    "versionType": "Renewal",
    "quotedDownPymt": "40",
    "cancelSourceCode": null,
    "sourceEnvironment": null
  },
  {
    "insuredName": "Smith, Kelvin Deavell",
    "policyID": "104630632860001",
    "version": "1",
    "policyStatus": "Cancelled",
    "origEffDate": "10/19/2012",
    "origExpDate": "10/19/2013",
    "cancelDate": "12/02/2012",
    "rateDate": "10/19/2012",
    "agencyNum": "26892",
    "homePhone": "(323) 770-1978",
    "workPhone": null,
    "email": null,
    "policyTerm": "12",
    "payPlan": "12PayQBDBL",
    "versionType": "New",
    "quotedDownPymt": "84.4",
    "cancelSourceCode": "NONPAY",
    "sourceEnvironment": null
  },
  {
    "insuredName": "Smith, Lechea Marie",
    "policyID": "104630641290001",
    "version": "2",
    "policyStatus": "Cancelled",
    "origEffDate": "02/20/2013",
    "origExpDate": "02/20/2014",
    "cancelDate": "08/31/2013",
    "rateDate": "02/20/2013",
    "agencyNum": "26892",
    "homePhone": "(213) 434-2266",
    "workPhone": null,
    "email": null,
    "policyTerm": "12",
    "payPlan": "12-PayQBDB",
    "versionType": "Rewrite",
    "quotedDownPymt": "81.1",
    "cancelSourceCode": "NONPAY",
    "sourceEnvironment": null
  },
  {
    "insuredName": "Smith, Lechea Marie",
    "policyID": "104630641290001",
    "version": "1",
    "policyStatus": "Cancelled",
    "origEffDate": "10/29/2012",
    "origExpDate": "10/29/2013",
    "cancelDate": "02/12/2013",
    "rateDate": "10/29/2012",
    "agencyNum": "26892",
    "homePhone": "(213) 434-2266",
    "workPhone": null,
    "email": null,
    "policyTerm": "12",
    "payPlan": "12-PayQBDB",
    "versionType": "New",
    "quotedDownPymt": "88.71",
    "cancelSourceCode": "NONPAY",
    "sourceEnvironment": null
  },
  {
    "insuredName": "Smith, Vanieko Dashay",
    "policyID": "104630645122001",
    "version": "2",
    "policyStatus": "Cancelled",
    "origEffDate": "01/11/2013",
    "origExpDate": "01/11/2014",
    "cancelDate": "03/23/2013",
    "rateDate": "01/11/2013",
    "agencyNum": "26892",
    "homePhone": "(310) 409-6527",
    "workPhone": null,
    "email": null,
    "policyTerm": "12",
    "payPlan": "12-PayQBDB",
    "versionType": "Rewrite",
    "quotedDownPymt": "173.3",
    "cancelSourceCode": "NONPAY",
    "sourceEnvironment": null
  },
  {
    "insuredName": "Smith, Vanieko Dashay",
    "policyID": "104630645122001",
    "version": "1",
    "policyStatus": "Cancelled",
    "origEffDate": "11/02/2012",
    "origExpDate": "11/02/2013",
    "cancelDate": "12/15/2012",
    "rateDate": "11/02/2012",
    "agencyNum": "26892",
    "homePhone": "(310) 409-6527",
    "workPhone": null,
    "email": null,
    "policyTerm": "12",
    "payPlan": "12-PayQBDB",
    "versionType": "New",
    "quotedDownPymt": "157.77",
    "cancelSourceCode": "NONPAY",
    "sourceEnvironment": null
  },
  {
    "insuredName": "Smith Jr, George",
    "policyID": "104630668710001",
    "version": "2",
    "policyStatus": "Cancelled",
    "origEffDate": "12/16/2013",
    "origExpDate": "12/16/2014",
    "cancelDate": "01/15/2014",
    "rateDate": "12/16/2013",
    "agencyNum": "26892",
    "homePhone": "(323) 594-4796",
    "workPhone": null,
    "email": null,
    "policyTerm": "12",
    "payPlan": "12-Pay REN",
    "versionType": "Renewal",
    "quotedDownPymt": "202",
    "cancelSourceCode": "IR",
    "sourceEnvironment": null
  },
  {
    "insuredName": "Smith Jr, George",
    "policyID": "104630668710001",
    "version": "1",
    "policyStatus": "Expired",
    "origEffDate": "12/16/2012",
    "origExpDate": "12/16/2013",
    "cancelDate": "12/16/2013",
    "rateDate": "12/01/2012",
    "agencyNum": "26892",
    "homePhone": "(323) 594-4796",
    "workPhone": null,
    "email": null,
    "policyTerm": "12",
    "payPlan": "12-PayQBDB",
    "versionType": "New",
    "quotedDownPymt": "186",
    "cancelSourceCode": null,
    "sourceEnvironment": null
  },
  {
    "insuredName": "Smith, Brittney Delise",
    "policyID": "104630688274001",
    "version": "2",
    "policyStatus": "Cancelled",
    "origEffDate": "02/25/2013",
    "origExpDate": "02/25/2014",
    "cancelDate": "06/13/2013",
    "rateDate": "02/25/2013",
    "agencyNum": "26892",
    "homePhone": "(310) 292-6254",
    "workPhone": null,
    "email": "sunshine_8368@hotmail.com",
    "policyTerm": "12",
    "payPlan": "12-PayQBDB",
    "versionType": "Rewrite",
    "quotedDownPymt": "57.4",
    "cancelSourceCode": "NONPAY",
    "sourceEnvironment": null
  },
  {
    "insuredName": "Smith, Brittney Delise",
    "policyID": "104630688274001",
    "version": "1",
    "policyStatus": "Cancelled",
    "origEffDate": "01/02/2013",
    "origExpDate": "01/02/2014",
    "cancelDate": "02/16/2013",
    "rateDate": "01/02/2013",
    "agencyNum": "26892",
    "homePhone": "(310) 292-6254",
    "workPhone": null,
    "email": "sunshine_8368@hotmail.com",
    "policyTerm": "12",
    "payPlan": "12-PayQBDB",
    "versionType": "New",
    "quotedDownPymt": "74.2",
    "cancelSourceCode": "NONPAY",
    "sourceEnvironment": null
  },
  {
    "insuredName": "Smith, Demetri Antonie",
    "policyID": "104630715203001",
    "version": "3",
    "policyStatus": "Cancelled",
    "origEffDate": "01/09/2014",
    "origExpDate": "01/09/2015",
    "cancelDate": "04/26/2014",
    "rateDate": "01/09/2014",
    "agencyNum": "26892",
    "homePhone": "(310) 591-7270",
    "workPhone": null,
    "email": null,
    "policyTerm": "12",
    "payPlan": "12-Pay DB",
    "versionType": "New",
    "quotedDownPymt": "170.2",
    "cancelSourceCode": "NONPAY",
    "sourceEnvironment": null
  },
  {
    "insuredName": "Smith, Demetri Antonie",
    "policyID": "104630715203001",
    "version": "2",
    "policyStatus": "Cancelled",
    "origEffDate": "09/04/2013",
    "origExpDate": "09/04/2014",
    "cancelDate": "10/14/2013",
    "rateDate": "09/04/2013",
    "agencyNum": "26892",
    "homePhone": "(310) 591-7270",
    "workPhone": null,
    "email": null,
    "policyTerm": "12",
    "payPlan": "12-PayDBRW",
    "versionType": "Rewrite",
    "quotedDownPymt": "187",
    "cancelSourceCode": "NONPAY",
    "sourceEnvironment": null
  },
  {
    "insuredName": "Smith, Demetri Antonie",
    "policyID": "104630715203001",
    "version": "1",
    "policyStatus": "Cancelled",
    "origEffDate": "02/08/2013",
    "origExpDate": "02/08/2014",
    "cancelDate": "08/18/2013",
    "rateDate": "02/08/2013",
    "agencyNum": "26892",
    "homePhone": "(310) 591-7270",
    "workPhone": null,
    "email": null,
    "policyTerm": "12",
    "payPlan": "12-PayQBDB",
    "versionType": "New",
    "quotedDownPymt": "151.4",
    "cancelSourceCode": "NONPAY",
    "sourceEnvironment": null
  },
  {
    "insuredName": "Smith, William Allen",
    "policyID": "104630716852001",
    "version": "1",
    "policyStatus": "Cancelled",
    "origEffDate": "02/11/2013",
    "origExpDate": "02/11/2014",
    "cancelDate": "05/30/2013",
    "rateDate": "02/11/2013",
    "agencyNum": "26892",
    "homePhone": "(323) 307-6790",
    "workPhone": "(310) 242-2777",
    "email": null,
    "policyTerm": "12",
    "payPlan": "11-Pay DB",
    "versionType": "New",
    "quotedDownPymt": "117.8",
    "cancelSourceCode": "NONPAY",
    "sourceEnvironment": null
  },
  {
    "insuredName": "Smith, Tanesha Shalana",
    "policyID": "104630734457001",
    "version": "1",
    "policyStatus": "Cancelled",
    "origEffDate": "03/02/2013",
    "origExpDate": "03/02/2014",
    "cancelDate": "04/13/2013",
    "rateDate": "03/02/2013",
    "agencyNum": "26892",
    "homePhone": "(213) 256-4908",
    "workPhone": null,
    "email": null,
    "policyTerm": "12",
    "payPlan": "12-PayQBDB",
    "versionType": "New",
    "quotedDownPymt": "53.8",
    "cancelSourceCode": "NONPAY",
    "sourceEnvironment": null
  },
  {
    "insuredName": "Smith, Rodrick Anthony",
    "policyID": "104630747159001",
    "version": "1",
    "policyStatus": "Cancelled",
    "origEffDate": "03/16/2013",
    "origExpDate": "03/16/2014",
    "cancelDate": "07/02/2013",
    "rateDate": "03/16/2013",
    "agencyNum": "26892",
    "homePhone": "(310) 327-3975",
    "workPhone": null,
    "email": null,
    "policyTerm": "12",
    "payPlan": "12-PayQBDB",
    "versionType": "New",
    "quotedDownPymt": "72.1",
    "cancelSourceCode": "NONPAY",
    "sourceEnvironment": null
  },
  {
    "insuredName": "Smith, Keon Darnell",
    "policyID": "104630762053001",
    "version": "1",
    "policyStatus": "Cancelled",
    "origEffDate": "04/04/2013",
    "origExpDate": "04/04/2014",
    "cancelDate": "06/26/2013",
    "rateDate": "04/04/2013",
    "agencyNum": "26892",
    "homePhone": "(323) 492-0378",
    "workPhone": null,
    "email": null,
    "policyTerm": "12",
    "payPlan": "12-Pay EFT",
    "versionType": "New",
    "quotedDownPymt": "92",
    "cancelSourceCode": "IR",
    "sourceEnvironment": null
  },
  {
    "insuredName": "Smith, L'tanya Denise",
    "policyID": "104630767505001",
    "version": "1",
    "policyStatus": "Cancelled",
    "origEffDate": "04/11/2013",
    "origExpDate": "04/11/2014",
    "cancelDate": "06/22/2013",
    "rateDate": "04/11/2013",
    "agencyNum": "26892",
    "homePhone": "(323) 630-2936",
    "workPhone": null,
    "email": null,
    "policyTerm": "12",
    "payPlan": "12-PayQBDB",
    "versionType": "New",
    "quotedDownPymt": "95.4",
    "cancelSourceCode": "NONPAY",
    "sourceEnvironment": null
  },
  {
    "insuredName": "Smith, Amber Renee",
    "policyID": "104630771116001",
    "version": "1",
    "policyStatus": "Cancelled",
    "origEffDate": "04/17/2013",
    "origExpDate": "04/17/2014",
    "cancelDate": "08/04/2013",
    "rateDate": "04/17/2013",
    "agencyNum": "26892",
    "homePhone": "(323) 945-0159",
    "workPhone": null,
    "email": null,
    "policyTerm": "12",
    "payPlan": "12Pay EFTL",
    "versionType": "New",
    "quotedDownPymt": "62.2",
    "cancelSourceCode": "NONPAY",
    "sourceEnvironment": null
  },
  {
    "insuredName": "Smith, Shanelle Ariel",
    "policyID": "104630777922001",
    "version": "1",
    "policyStatus": "Cancelled",
    "origEffDate": "04/27/2013",
    "origExpDate": "04/27/2014",
    "cancelDate": "11/13/2013",
    "rateDate": "04/27/2013",
    "agencyNum": "26892",
    "homePhone": "(323) 792-9219",
    "workPhone": null,
    "email": null,
    "policyTerm": "12",
    "payPlan": "12-PayQBDB",
    "versionType": "New",
    "quotedDownPymt": "57",
    "cancelSourceCode": "UW",
    "sourceEnvironment": null
  },
  {
    "insuredName": "Smith, Gaynor Ann",
    "policyID": "104630799528001",
    "version": "4",
    "policyStatus": "Active",
    "origEffDate": "03/23/2017",
    "origExpDate": "03/23/2018",
    "cancelDate": "03/23/2018",
    "rateDate": "03/23/2017",
    "agencyNum": "26892",
    "homePhone": "(310) 998-3117",
    "workPhone": "(310) 970-0550",
    "email": null,
    "policyTerm": "12",
    "payPlan": "12PayRNEFT",
    "versionType": "Renewal",
    "quotedDownPymt": "133.88",
    "cancelSourceCode": null,
    "sourceEnvironment": null
  },
  {
    "insuredName": "Smith, Gaynor Ann",
    "policyID": "104630799528001",
    "version": "3",
    "policyStatus": "Expired",
    "origEffDate": "03/23/2016",
    "origExpDate": "03/23/2017",
    "cancelDate": "03/23/2017",
    "rateDate": "03/23/2016",
    "agencyNum": "26892",
    "homePhone": "(310) 998-3117",
    "workPhone": "(310) 970-0550",
    "email": null,
    "policyTerm": "12",
    "payPlan": "12PayRNEFT",
    "versionType": "Renewal",
    "quotedDownPymt": "113.89",
    "cancelSourceCode": null,
    "sourceEnvironment": null
  },
  {
    "insuredName": "Smith, Gaynor Ann",
    "policyID": "104630799528001",
    "version": "2",
    "policyStatus": "Expired",
    "origEffDate": "03/23/2015",
    "origExpDate": "03/23/2016",
    "cancelDate": "03/23/2016",
    "rateDate": "03/23/2015",
    "agencyNum": "26892",
    "homePhone": "(310) 998-3117",
    "workPhone": "(310) 970-0550",
    "email": null,
    "policyTerm": "12",
    "payPlan": "12-Pay EFT",
    "versionType": "New",
    "quotedDownPymt": "159.06",
    "cancelSourceCode": null,
    "sourceEnvironment": null
  },
  {
    "insuredName": "Smith, Gaynor Ann",
    "policyID": "104630799528001",
    "version": "1",
    "policyStatus": "Cancelled",
    "origEffDate": "05/31/2013",
    "origExpDate": "05/31/2014",
    "cancelDate": "01/29/2014",
    "rateDate": "05/31/2013",
    "agencyNum": "26892",
    "homePhone": "(310) 998-3117",
    "workPhone": "(310) 970-0550",
    "email": null,
    "policyTerm": "12",
    "payPlan": "12-Pay EFT",
    "versionType": "New",
    "quotedDownPymt": "73.98",
    "cancelSourceCode": "IR",
    "sourceEnvironment": null
  },
  {
    "insuredName": "Smith, Ariel Nicole",
    "policyID": "104630806054001",
    "version": "2",
    "policyStatus": "Cancelled",
    "origEffDate": "06/10/2014",
    "origExpDate": "06/10/2015",
    "cancelDate": "11/25/2014",
    "rateDate": "06/10/2014",
    "agencyNum": "26892",
    "homePhone": "(562) 303-4028",
    "workPhone": null,
    "email": null,
    "policyTerm": "12",
    "payPlan": "12-Pay REN",
    "versionType": "Renewal",
    "quotedDownPymt": "75.27",
    "cancelSourceCode": "NONPAY",
    "sourceEnvironment": null
  },
  {
    "insuredName": "Smith, Ariel Nicole",
    "policyID": "104630806054001",
    "version": "1",
    "policyStatus": "Expired",
    "origEffDate": "06/10/2013",
    "origExpDate": "06/10/2014",
    "cancelDate": "06/10/2014",
    "rateDate": "06/10/2013",
    "agencyNum": "26892",
    "homePhone": "(562) 303-4028",
    "workPhone": null,
    "email": null,
    "policyTerm": "12",
    "payPlan": "12-PayQBDB",
    "versionType": "New",
    "quotedDownPymt": "79.9",
    "cancelSourceCode": null,
    "sourceEnvironment": null
  },
  {
    "insuredName": "Smith Jr, Harilton",
    "policyID": "104630808964001",
    "version": "3",
    "policyStatus": "Cancelled",
    "origEffDate": "08/12/2014",
    "origExpDate": "08/12/2015",
    "cancelDate": "12/27/2014",
    "rateDate": "08/12/2014",
    "agencyNum": "26892",
    "homePhone": "(310) 923-2854",
    "workPhone": null,
    "email": null,
    "policyTerm": "12",
    "payPlan": "12-Pay DB",
    "versionType": "New",
    "quotedDownPymt": "138",
    "cancelSourceCode": "NONPAY",
    "sourceEnvironment": null
  },
  {
    "insuredName": "Smith Jr, Harilton",
    "policyID": "104630808964001",
    "version": "2",
    "policyStatus": "Cancelled",
    "origEffDate": "11/15/2013",
    "origExpDate": "11/15/2014",
    "cancelDate": "08/12/2014",
    "rateDate": "11/15/2013",
    "agencyNum": "26892",
    "homePhone": "(310) 923-2854",
    "workPhone": null,
    "email": null,
    "policyTerm": "12",
    "payPlan": "12-PayDBRW",
    "versionType": "Rewrite",
    "quotedDownPymt": "110.88",
    "cancelSourceCode": "IR",
    "sourceEnvironment": null
  },
  {
    "insuredName": "Smith Jr, Harilton",
    "policyID": "104630808964001",
    "version": "1",
    "policyStatus": "Cancelled",
    "origEffDate": "06/15/2013",
    "origExpDate": "06/15/2014",
    "cancelDate": "10/30/2013",
    "rateDate": "06/15/2013",
    "agencyNum": "26892",
    "homePhone": "(310) 923-2854",
    "workPhone": null,
    "email": null,
    "policyTerm": "12",
    "payPlan": "12Pay EFTL",
    "versionType": "New",
    "quotedDownPymt": "60.4",
    "cancelSourceCode": "NONPAY",
    "sourceEnvironment": null
  },
  {
    "insuredName": "Smith, Enevila Kiana",
    "policyID": "104630823497001",
    "version": "4",
    "policyStatus": "Expired",
    "origEffDate": "07/12/2016",
    "origExpDate": "07/12/2017",
    "cancelDate": "07/12/2017",
    "rateDate": "07/12/2016",
    "agencyNum": "26892",
    "homePhone": "(323) 506-1278",
    "workPhone": null,
    "email": null,
    "policyTerm": "12",
    "payPlan": "12-PayRNDB",
    "versionType": "Renewal",
    "quotedDownPymt": "204",
    "cancelSourceCode": null,
    "sourceEnvironment": null
  },
  {
    "insuredName": "Smith, Enevila Kiana",
    "policyID": "104630823497001",
    "version": "3",
    "policyStatus": "Expired",
    "origEffDate": "07/12/2015",
    "origExpDate": "07/12/2016",
    "cancelDate": "07/12/2016",
    "rateDate": "07/12/2015",
    "agencyNum": "26892",
    "homePhone": "(323) 506-1278",
    "workPhone": null,
    "email": null,
    "policyTerm": "12",
    "payPlan": "12-PayRNDB",
    "versionType": "Renewal",
    "quotedDownPymt": "116.05",
    "cancelSourceCode": null,
    "sourceEnvironment": null
  },
  {
    "insuredName": "Smith, Enevila Kiana",
    "policyID": "104630823497001",
    "version": "2",
    "policyStatus": "Expired",
    "origEffDate": "07/12/2014",
    "origExpDate": "07/12/2015",
    "cancelDate": "07/12/2015",
    "rateDate": "07/12/2014",
    "agencyNum": "26892",
    "homePhone": "(323) 506-1278",
    "workPhone": null,
    "email": null,
    "policyTerm": "12",
    "payPlan": "12-Pay REN",
    "versionType": "Renewal",
    "quotedDownPymt": "191",
    "cancelSourceCode": null,
    "sourceEnvironment": null
  },
  {
    "insuredName": "Smith, Enevila Kiana",
    "policyID": "104630823497001",
    "version": "1",
    "policyStatus": "Expired",
    "origEffDate": "07/12/2013",
    "origExpDate": "07/12/2014",
    "cancelDate": "07/12/2014",
    "rateDate": "07/09/2013",
    "agencyNum": "26892",
    "homePhone": "(323) 506-1278",
    "workPhone": null,
    "email": null,
    "policyTerm": "12",
    "payPlan": "12-PayQBDB",
    "versionType": "New",
    "quotedDownPymt": "123.2",
    "cancelSourceCode": null,
    "sourceEnvironment": null
  },
  {
    "insuredName": "Smith, Jinji Yvette",
    "policyID": "104630829486001",
    "version": "3",
    "policyStatus": "Cancelled",
    "origEffDate": "08/04/2015",
    "origExpDate": "08/04/2016",
    "cancelDate": "01/26/2016",
    "rateDate": "08/04/2015",
    "agencyNum": "26892",
    "homePhone": "(310) 462-6805",
    "workPhone": null,
    "email": null,
    "policyTerm": "12",
    "payPlan": "12PayRNEFT",
    "versionType": "Renewal",
    "quotedDownPymt": "117.39",
    "cancelSourceCode": "IR",
    "sourceEnvironment": null
  },
  {
    "insuredName": "Smith, Jinji Yvette",
    "policyID": "104630829486001",
    "version": "2",
    "policyStatus": "Expired",
    "origEffDate": "08/04/2014",
    "origExpDate": "08/04/2015",
    "cancelDate": "08/04/2015",
    "rateDate": "08/04/2014",
    "agencyNum": "26892",
    "homePhone": "(310) 462-6805",
    "workPhone": null,
    "email": null,
    "policyTerm": "12",
    "payPlan": "12PayRNEFT",
    "versionType": "Renewal",
    "quotedDownPymt": "101.26",
    "cancelSourceCode": null,
    "sourceEnvironment": null
  },
  {
    "insuredName": "Smith, Jinji Yvette",
    "policyID": "104630829486001",
    "version": "1",
    "policyStatus": "Expired",
    "origEffDate": "08/04/2013",
    "origExpDate": "08/04/2014",
    "cancelDate": "08/04/2014",
    "rateDate": "07/19/2013",
    "agencyNum": "26892",
    "homePhone": "(310) 462-6805",
    "workPhone": null,
    "email": null,
    "policyTerm": "12",
    "payPlan": "12-Pay EFT",
    "versionType": "New",
    "quotedDownPymt": "157.05",
    "cancelSourceCode": null,
    "sourceEnvironment": null
  },
  {
    "insuredName": "Smith, Trevion",
    "policyID": "104630841163001",
    "version": "1",
    "policyStatus": "Cancelled",
    "origEffDate": "08/09/2013",
    "origExpDate": "08/09/2014",
    "cancelDate": "10/26/2013",
    "rateDate": "08/09/2013",
    "agencyNum": "26892",
    "homePhone": "(323) 418-0559",
    "workPhone": null,
    "email": null,
    "policyTerm": "12",
    "payPlan": "12-Pay DB",
    "versionType": "New",
    "quotedDownPymt": "62",
    "cancelSourceCode": "NONPAY",
    "sourceEnvironment": null
  },
  {
    "insuredName": "Smith, Leah Nichole",
    "policyID": "104630841585001",
    "version": "7",
    "policyStatus": "Active",
    "origEffDate": "11/14/2018",
    "origExpDate": "11/14/2019",
    "cancelDate": "11/14/2019",
    "rateDate": "11/14/2018",
    "agencyNum": "26892",
    "homePhone": "(310) 801-6027",
    "workPhone": null,
    "email": null,
    "policyTerm": "12",
    "payPlan": "12-PayDBRW",
    "versionType": "Rewrite",
    "quotedDownPymt": "175.05",
    "cancelSourceCode": null,
    "sourceEnvironment": null
  },
  {
    "insuredName": "Smith, Leah Nichole",
    "policyID": "104630841585001",
    "version": "6",
    "policyStatus": "Cancelled",
    "origEffDate": "08/10/2018",
    "origExpDate": "08/10/2019",
    "cancelDate": "09/25/2018",
    "rateDate": "08/10/2018",
    "agencyNum": "26892",
    "homePhone": "(310) 801-6027",
    "workPhone": null,
    "email": null,
    "policyTerm": "12",
    "payPlan": "12PayRNEFT",
    "versionType": "Renewal",
    "quotedDownPymt": "118.97",
    "cancelSourceCode": "NONPAY",
    "sourceEnvironment": null
  },
  {
    "insuredName": "Smith, Leah Nichole",
    "policyID": "104630841585001",
    "version": "5",
    "policyStatus": "Expired",
    "origEffDate": "08/10/2017",
    "origExpDate": "08/10/2018",
    "cancelDate": "08/10/2018",
    "rateDate": "08/10/2017",
    "agencyNum": "26892",
    "homePhone": "(310) 801-6027",
    "workPhone": null,
    "email": null,
    "policyTerm": "12",
    "payPlan": "12PayRNEFT",
    "versionType": "Renewal",
    "quotedDownPymt": "115.39",
    "cancelSourceCode": null,
    "sourceEnvironment": null
  },
  {
    "insuredName": "Smith, Leah Nichole",
    "policyID": "104630841585001",
    "version": "4",
    "policyStatus": "Expired",
    "origEffDate": "08/10/2016",
    "origExpDate": "08/10/2017",
    "cancelDate": "08/10/2017",
    "rateDate": "08/10/2016",
    "agencyNum": "26892",
    "homePhone": "(310) 801-6027",
    "workPhone": null,
    "email": null,
    "policyTerm": "12",
    "payPlan": "12PayRNEFT",
    "versionType": "Renewal",
    "quotedDownPymt": "115.47",
    "cancelSourceCode": null,
    "sourceEnvironment": null
  },
  {
    "insuredName": "Smith, Leah Nichole",
    "policyID": "104630841585001",
    "version": "3",
    "policyStatus": "Expired",
    "origEffDate": "08/10/2015",
    "origExpDate": "08/10/2016",
    "cancelDate": "08/10/2016",
    "rateDate": "08/10/2015",
    "agencyNum": "26892",
    "homePhone": "(310) 801-6027",
    "workPhone": null,
    "email": null,
    "policyTerm": "12",
    "payPlan": "12PayRNEFT",
    "versionType": "Renewal",
    "quotedDownPymt": "96.31",
    "cancelSourceCode": null,
    "sourceEnvironment": null
  },
  {
    "insuredName": "Smith, Leah Nichole",
    "policyID": "104630841585001",
    "version": "2",
    "policyStatus": "Expired",
    "origEffDate": "08/10/2014",
    "origExpDate": "08/10/2015",
    "cancelDate": "08/10/2015",
    "rateDate": "08/10/2014",
    "agencyNum": "26892",
    "homePhone": "(310) 801-6027",
    "workPhone": null,
    "email": null,
    "policyTerm": "12",
    "payPlan": "12PayRNEFT",
    "versionType": "Renewal",
    "quotedDownPymt": "86.52",
    "cancelSourceCode": null,
    "sourceEnvironment": null
  },
  {
    "insuredName": "Smith, Leah Nichole",
    "policyID": "104630841585001",
    "version": "1",
    "policyStatus": "Expired",
    "origEffDate": "08/10/2013",
    "origExpDate": "08/10/2014",
    "cancelDate": "08/10/2014",
    "rateDate": "08/10/2013",
    "agencyNum": "26892",
    "homePhone": "(310) 801-6027",
    "workPhone": null,
    "email": null,
    "policyTerm": "12",
    "payPlan": "12-Pay EFT",
    "versionType": "New",
    "quotedDownPymt": "113.5",
    "cancelSourceCode": null,
    "sourceEnvironment": null
  },
  {
    "insuredName": "Smith, Jacqueline Delois",
    "policyID": "104630841588001",
    "version": "2",
    "policyStatus": "Expired",
    "origEffDate": "08/10/2014",
    "origExpDate": "08/10/2015",
    "cancelDate": "08/10/2015",
    "rateDate": "08/10/2014",
    "agencyNum": "26892",
    "homePhone": "(323) 305-1754",
    "workPhone": null,
    "email": null,
    "policyTerm": "12",
    "payPlan": "12-Pay REN",
    "versionType": "Renewal",
    "quotedDownPymt": "81.18",
    "cancelSourceCode": null,
    "sourceEnvironment": null
  },
  {
    "insuredName": "Smith, Jacqueline Delois",
    "policyID": "104630841588001",
    "version": "1",
    "policyStatus": "Expired",
    "origEffDate": "08/10/2013",
    "origExpDate": "08/10/2014",
    "cancelDate": "08/10/2014",
    "rateDate": "08/10/2013",
    "agencyNum": "26892",
    "homePhone": "(323) 305-1754",
    "workPhone": null,
    "email": null,
    "policyTerm": "12",
    "payPlan": "12-Pay DB",
    "versionType": "New",
    "quotedDownPymt": "98.9",
    "cancelSourceCode": null,
    "sourceEnvironment": null
  },
  {
    "insuredName": "Smith, Delilah",
    "policyID": "104630851784001",
    "version": "1",
    "policyStatus": "Cancelled",
    "origEffDate": "08/28/2013",
    "origExpDate": "08/28/2014",
    "cancelDate": "10/13/2013",
    "rateDate": "08/28/2013",
    "agencyNum": "26892",
    "homePhone": "(310) 533-7314",
    "workPhone": null,
    "email": null,
    "policyTerm": "12",
    "payPlan": "12-Pay DB",
    "versionType": "New",
    "quotedDownPymt": "142",
    "cancelSourceCode": "NONPAY",
    "sourceEnvironment": null
  },
  {
    "insuredName": "Smith, Shydonica",
    "policyID": "104630855991001",
    "version": "1",
    "policyStatus": "Cancelled",
    "origEffDate": "09/05/2013",
    "origExpDate": "09/05/2014",
    "cancelDate": "03/22/2014",
    "rateDate": "09/05/2013",
    "agencyNum": "26892",
    "homePhone": "(424) 903-9621",
    "workPhone": null,
    "email": "shydonica1976@gmail.com",
    "policyTerm": "12",
    "payPlan": "12-Pay DB",
    "versionType": "New",
    "quotedDownPymt": "175.05",
    "cancelSourceCode": "NONPAY",
    "sourceEnvironment": null
  },
  {
    "insuredName": "Smith, Rosahard Anthony",
    "policyID": "104630885534001",
    "version": "1",
    "policyStatus": "Cancelled",
    "origEffDate": "11/04/2013",
    "origExpDate": "11/04/2014",
    "cancelDate": "12/21/2013",
    "rateDate": "11/04/2013",
    "agencyNum": "26892",
    "homePhone": "(310) 683-8559",
    "workPhone": null,
    "email": null,
    "policyTerm": "12",
    "payPlan": "12-Pay EFT",
    "versionType": "New",
    "quotedDownPymt": "375.2",
    "cancelSourceCode": "NONPAY",
    "sourceEnvironment": null
  },
  {
    "insuredName": "Smith, Ebony Iesha",
    "policyID": "104630888456001",
    "version": "1",
    "policyStatus": "Cancelled",
    "origEffDate": "11/08/2013",
    "origExpDate": "11/08/2014",
    "cancelDate": "09/23/2014",
    "rateDate": "11/08/2013",
    "agencyNum": "26892",
    "homePhone": "(310) 400-2278",
    "workPhone": null,
    "email": null,
    "policyTerm": "12",
    "payPlan": "12-Pay DB",
    "versionType": "New",
    "quotedDownPymt": "198",
    "cancelSourceCode": "NONPAY",
    "sourceEnvironment": null
  },
  {
    "insuredName": "Smith, Charisha Lashawn",
    "policyID": "104630909424001",
    "version": "2",
    "policyStatus": "Cancelled",
    "origEffDate": "01/23/2015",
    "origExpDate": "01/23/2016",
    "cancelDate": "05/21/2015",
    "rateDate": "01/23/2015",
    "agencyNum": "26892",
    "homePhone": "(323) 830-9483",
    "workPhone": null,
    "email": null,
    "policyTerm": "12",
    "payPlan": "12-Pay EFT",
    "versionType": "New",
    "quotedDownPymt": "102.14",
    "cancelSourceCode": "IR",
    "sourceEnvironment": null
  },
  {
    "insuredName": "Smith, Tony Leroy",
    "policyID": "104630920950001",
    "version": "5",
    "policyStatus": "Cancelled",
    "origEffDate": "02/06/2016",
    "origExpDate": "08/06/2016",
    "cancelDate": "03/21/2016",
    "rateDate": "02/06/2016",
    "agencyNum": "26892",
    "homePhone": "(213) 798-7313",
    "workPhone": null,
    "email": null,
    "policyTerm": "6",
    "payPlan": "6-Pay RNDB",
    "versionType": "Renewal",
    "quotedDownPymt": "185.41",
    "cancelSourceCode": "NONPAY",
    "sourceEnvironment": null
  },
  {
    "insuredName": "Smith, Tony Leroy",
    "policyID": "104630920950001",
    "version": "4",
    "policyStatus": "Expired",
    "origEffDate": "07/21/2015",
    "origExpDate": "01/21/2016",
    "cancelDate": "01/21/2016",
    "rateDate": "07/21/2015",
    "agencyNum": "26892",
    "homePhone": "(213) 798-7313",
    "workPhone": null,
    "email": null,
    "policyTerm": "6",
    "payPlan": "6-Pay RNDB",
    "versionType": "Renewal",
    "quotedDownPymt": "172.74",
    "cancelSourceCode": null,
    "sourceEnvironment": null
  },
  {
    "insuredName": "Smith, Tony Leroy",
    "policyID": "104630920950001",
    "version": "3",
    "policyStatus": "Expired",
    "origEffDate": "01/21/2015",
    "origExpDate": "07/21/2015",
    "cancelDate": "07/21/2015",
    "rateDate": "01/21/2015",
    "agencyNum": "26892",
    "homePhone": "(213) 798-7313",
    "workPhone": null,
    "email": null,
    "policyTerm": "6",
    "payPlan": "6-Pay RNDB",
    "versionType": "Renewal",
    "quotedDownPymt": "169.99",
    "cancelSourceCode": null,
    "sourceEnvironment": null
  },
  {
    "insuredName": "Smith, Tony Leroy",
    "policyID": "104630920950001",
    "version": "2",
    "policyStatus": "Expired",
    "origEffDate": "07/21/2014",
    "origExpDate": "01/21/2015",
    "cancelDate": "01/21/2015",
    "rateDate": "07/21/2014",
    "agencyNum": "26892",
    "homePhone": "(213) 798-7313",
    "workPhone": null,
    "email": null,
    "policyTerm": "6",
    "payPlan": "6-Pay RNDB",
    "versionType": "Renewal",
    "quotedDownPymt": "159.93",
    "cancelSourceCode": null,
    "sourceEnvironment": null
  },
  {
    "insuredName": "Smith, Tony Leroy",
    "policyID": "104630920950001",
    "version": "1",
    "policyStatus": "Expired",
    "origEffDate": "01/21/2014",
    "origExpDate": "07/21/2014",
    "cancelDate": "07/21/2014",
    "rateDate": "01/21/2014",
    "agencyNum": "26892",
    "homePhone": "(213) 798-7313",
    "workPhone": null,
    "email": null,
    "policyTerm": "6",
    "payPlan": "6-Pay DB",
    "versionType": "New",
    "quotedDownPymt": "241",
    "cancelSourceCode": null,
    "sourceEnvironment": null
  },
  {
    "insuredName": "Smith, Kenneth",
    "policyID": "104630932131001",
    "version": "1",
    "policyStatus": "Cancelled",
    "origEffDate": "02/13/2014",
    "origExpDate": "02/13/2015",
    "cancelDate": "05/28/2014",
    "rateDate": "02/13/2014",
    "agencyNum": "26892",
    "homePhone": "(323) 481-5013",
    "workPhone": null,
    "email": null,
    "policyTerm": "12",
    "payPlan": "12-Pay DB",
    "versionType": "New",
    "quotedDownPymt": "116.1",
    "cancelSourceCode": "NONPAY",
    "sourceEnvironment": null
  },
  {
    "insuredName": "Smith, Daretta Chantel",
    "policyID": "104630973512001",
    "version": "1",
    "policyStatus": "Cancelled",
    "origEffDate": "05/01/2014",
    "origExpDate": "05/01/2015",
    "cancelDate": "08/16/2014",
    "rateDate": "05/01/2014",
    "agencyNum": "26892",
    "homePhone": "(310) 743-2563",
    "workPhone": null,
    "email": "hannirobinson2@gmail.com",
    "policyTerm": "12",
    "payPlan": "12-Pay DB",
    "versionType": "New",
    "quotedDownPymt": "103",
    "cancelSourceCode": "NONPAY",
    "sourceEnvironment": null
  },
  {
    "insuredName": "Smith, Jeanette Martha",
    "policyID": "104631033149001",
    "version": "2",
    "policyStatus": "Cancelled",
    "origEffDate": "08/23/2015",
    "origExpDate": "08/23/2016",
    "cancelDate": "03/12/2016",
    "rateDate": "08/23/2015",
    "agencyNum": "26892",
    "homePhone": "(323) 481-8380",
    "workPhone": null,
    "email": null,
    "policyTerm": "12",
    "payPlan": "12PayRNEFT",
    "versionType": "Renewal",
    "quotedDownPymt": "134.3",
    "cancelSourceCode": "NONPAY",
    "sourceEnvironment": null
  },
  {
    "insuredName": "Smith, Jeanette Martha",
    "policyID": "104631033149001",
    "version": "1",
    "policyStatus": "Expired",
    "origEffDate": "08/23/2014",
    "origExpDate": "08/23/2015",
    "cancelDate": "08/23/2015",
    "rateDate": "08/23/2014",
    "agencyNum": "26892",
    "homePhone": "(323) 481-8380",
    "workPhone": null,
    "email": null,
    "policyTerm": "12",
    "payPlan": "12-Pay EFT",
    "versionType": "New",
    "quotedDownPymt": "107.2",
    "cancelSourceCode": null,
    "sourceEnvironment": null
  },
  {
    "insuredName": "Smith, Brittany Annette",
    "policyID": "104631035143001",
    "version": "1",
    "policyStatus": "Cancelled",
    "origEffDate": "08/27/2014",
    "origExpDate": "08/27/2015",
    "cancelDate": "07/12/2015",
    "rateDate": "08/27/2014",
    "agencyNum": "26892",
    "homePhone": "(310) 324-3307",
    "workPhone": null,
    "email": null,
    "policyTerm": "12",
    "payPlan": "12-Pay DB",
    "versionType": "New",
    "quotedDownPymt": "110",
    "cancelSourceCode": "NONPAY",
    "sourceEnvironment": null
  },
  {
    "insuredName": "Smith, Tiffany Lea",
    "policyID": "104631044363001",
    "version": "1",
    "policyStatus": "Cancelled",
    "origEffDate": "09/11/2014",
    "origExpDate": "09/11/2015",
    "cancelDate": "02/28/2015",
    "rateDate": "09/11/2014",
    "agencyNum": "26892",
    "homePhone": "(310) 400-4327",
    "workPhone": null,
    "email": null,
    "policyTerm": "12",
    "payPlan": "12-Pay EFT",
    "versionType": "New",
    "quotedDownPymt": "80",
    "cancelSourceCode": "NONPAY",
    "sourceEnvironment": null
  },
  {
    "insuredName": "Smith, Tracy Lashell",
    "policyID": "104631049351001",
    "version": "1",
    "policyStatus": "Expired",
    "origEffDate": "09/19/2014",
    "origExpDate": "09/19/2015",
    "cancelDate": "09/19/2015",
    "rateDate": "09/19/2014",
    "agencyNum": "26892",
    "homePhone": "(760) 981-5944",
    "workPhone": null,
    "email": null,
    "policyTerm": "12",
    "payPlan": "1-Pay",
    "versionType": "New",
    "quotedDownPymt": "827.8",
    "cancelSourceCode": null,
    "sourceEnvironment": null
  },
  {
    "insuredName": "Smith, Stephanie Denise",
    "policyID": "104631067006001",
    "version": "5",
    "policyStatus": "Cancelled",
    "origEffDate": "09/27/2016",
    "origExpDate": "03/27/2017",
    "cancelDate": "12/12/2016",
    "rateDate": "09/27/2016",
    "agencyNum": "26892",
    "homePhone": "(562) 606-8020",
    "workPhone": null,
    "email": null,
    "policyTerm": "6",
    "payPlan": "6-Pay DB",
    "versionType": "New",
    "quotedDownPymt": "97",
    "cancelSourceCode": "NONPAY",
    "sourceEnvironment": null
  },
  {
    "insuredName": "Smith, Stephanie Denise",
    "policyID": "104631067006001",
    "version": "3",
    "policyStatus": "Cancelled",
    "origEffDate": "07/10/2015",
    "origExpDate": "07/10/2016",
    "cancelDate": "09/26/2015",
    "rateDate": "07/10/2015",
    "agencyNum": "26892",
    "homePhone": "(562) 606-8020",
    "workPhone": null,
    "email": null,
    "policyTerm": "12",
    "payPlan": "12-Pay DB",
    "versionType": "New",
    "quotedDownPymt": "62.4",
    "cancelSourceCode": "NONPAY",
    "sourceEnvironment": null
  },
  {
    "insuredName": "Smith, Stephanie Denise",
    "policyID": "104631067006001",
    "version": "1",
    "policyStatus": "Cancelled",
    "origEffDate": "10/24/2014",
    "origExpDate": "04/24/2015",
    "cancelDate": "12/10/2014",
    "rateDate": "10/24/2014",
    "agencyNum": "26892",
    "homePhone": "(562) 606-8020",
    "workPhone": null,
    "email": null,
    "policyTerm": "6",
    "payPlan": "6-Pay EFT",
    "versionType": "New",
    "quotedDownPymt": "135",
    "cancelSourceCode": "NONPAY",
    "sourceEnvironment": null
  },
  {
    "insuredName": "Smith, Carlos Leonard",
    "policyID": "104631237281001",
    "version": "1",
    "policyStatus": "Cancelled",
    "origEffDate": "08/29/2015",
    "origExpDate": "08/29/2016",
    "cancelDate": "01/13/2016",
    "rateDate": "08/29/2015",
    "agencyNum": "26892",
    "homePhone": "(562) 704-7926",
    "workPhone": null,
    "email": null,
    "policyTerm": "12",
    "payPlan": "12-Pay DB",
    "versionType": "New",
    "quotedDownPymt": "67.46",
    "cancelSourceCode": "NONPAY",
    "sourceEnvironment": null
  },
  {
    "insuredName": "Smith, Germaine Samuel",
    "policyID": "104631244677001",
    "version": "2",
    "policyStatus": "Expired",
    "origEffDate": "09/24/2016",
    "origExpDate": "09/24/2017",
    "cancelDate": "09/24/2017",
    "rateDate": "09/24/2016",
    "agencyNum": "26892",
    "homePhone": "(323) 649-2200",
    "workPhone": null,
    "email": null,
    "policyTerm": "12",
    "payPlan": "12-Pay REN",
    "versionType": "Renewal",
    "quotedDownPymt": "175.79",
    "cancelSourceCode": null,
    "sourceEnvironment": null
  },
  {
    "insuredName": "Smith, Germaine Samuel",
    "policyID": "104631244677001",
    "version": "1",
    "policyStatus": "Expired",
    "origEffDate": "09/24/2015",
    "origExpDate": "09/24/2016",
    "cancelDate": "09/24/2016",
    "rateDate": "09/14/2015",
    "agencyNum": "26892",
    "homePhone": "(323) 649-2200",
    "workPhone": null,
    "email": null,
    "policyTerm": "12",
    "payPlan": "12-Pay DB",
    "versionType": "New",
    "quotedDownPymt": "179.96",
    "cancelSourceCode": null,
    "sourceEnvironment": null
  },
  {
    "insuredName": "Smith, Shaina Arlene",
    "policyID": "104631255860001",
    "version": "1",
    "policyStatus": "Cancelled",
    "origEffDate": "10/10/2015",
    "origExpDate": "10/10/2016",
    "cancelDate": "05/25/2016",
    "rateDate": "10/10/2015",
    "agencyNum": "26892",
    "homePhone": "(310) 259-6519",
    "workPhone": null,
    "email": null,
    "policyTerm": "12",
    "payPlan": "12-Pay DB",
    "versionType": "New",
    "quotedDownPymt": "198",
    "cancelSourceCode": "NONPAY",
    "sourceEnvironment": null
  },
  {
    "insuredName": "Smith, Lora Jean",
    "policyID": "104631263288001",
    "version": "1",
    "policyStatus": "Cancelled",
    "origEffDate": "10/29/2015",
    "origExpDate": "10/29/2016",
    "cancelDate": "06/21/2016",
    "rateDate": "10/29/2015",
    "agencyNum": "26892",
    "homePhone": "(323) 240-2839",
    "workPhone": null,
    "email": null,
    "policyTerm": "12",
    "payPlan": "12-Pay DB",
    "versionType": "New",
    "quotedDownPymt": "166",
    "cancelSourceCode": "IR",
    "sourceEnvironment": null
  },
  {
    "insuredName": "Smith, Bobbie Jean",
    "policyID": "104631300612001",
    "version": "2",
    "policyStatus": "Expired",
    "origEffDate": "01/28/2017",
    "origExpDate": "01/28/2018",
    "cancelDate": "01/28/2018",
    "rateDate": "01/28/2017",
    "agencyNum": "26892",
    "homePhone": "(310) 670-4275",
    "workPhone": null,
    "email": null,
    "policyTerm": "12",
    "payPlan": "12-Pay REN",
    "versionType": "Renewal",
    "quotedDownPymt": "165.6",
    "cancelSourceCode": null,
    "sourceEnvironment": null
  },
  {
    "insuredName": "Smith, Bobbie Jean",
    "policyID": "104631300612001",
    "version": "1",
    "policyStatus": "Expired",
    "origEffDate": "01/28/2016",
    "origExpDate": "01/28/2017",
    "cancelDate": "01/28/2017",
    "rateDate": "01/28/2016",
    "agencyNum": "26892",
    "homePhone": "(310) 670-4275",
    "workPhone": null,
    "email": null,
    "policyTerm": "12",
    "payPlan": "12-Pay DB",
    "versionType": "New",
    "quotedDownPymt": "149.36",
    "cancelSourceCode": null,
    "sourceEnvironment": null
  },
  {
    "insuredName": "Smith Reece, Barbara",
    "policyID": "104631316616001",
    "version": "2",
    "policyStatus": "Cancelled",
    "origEffDate": "03/02/2017",
    "origExpDate": "03/02/2018",
    "cancelDate": "04/17/2017",
    "rateDate": "03/02/2017",
    "agencyNum": "26892",
    "homePhone": "(323) 296-5102",
    "workPhone": null,
    "email": null,
    "policyTerm": "12",
    "payPlan": "12-Pay REN",
    "versionType": "Renewal",
    "quotedDownPymt": "171.53",
    "cancelSourceCode": "NONPAY",
    "sourceEnvironment": null
  },
  {
    "insuredName": "Smith Reece, Barbara",
    "policyID": "104631316616001",
    "version": "1",
    "policyStatus": "Expired",
    "origEffDate": "03/02/2016",
    "origExpDate": "03/02/2017",
    "cancelDate": "03/02/2017",
    "rateDate": "03/02/2016",
    "agencyNum": "26892",
    "homePhone": "(323) 296-5102",
    "workPhone": null,
    "email": null,
    "policyTerm": "12",
    "payPlan": "12-Pay DB",
    "versionType": "New",
    "quotedDownPymt": "192",
    "cancelSourceCode": null,
    "sourceEnvironment": null
  },
  {
    "insuredName": "Smith, Christopher",
    "policyID": "504610010221001",
    "version": "2",
    "policyStatus": "Cancelled",
    "origEffDate": "03/02/2010",
    "origExpDate": "03/02/2011",
    "cancelDate": "04/10/2010",
    "rateDate": "03/02/2010",
    "agencyNum": "26892",
    "homePhone": null,
    "workPhone": "(213) 281-7522",
    "email": null,
    "policyTerm": "12",
    "payPlan": "11-Pay",
    "versionType": "New",
    "quotedDownPymt": "215.8",
    "cancelSourceCode": "NONPAY",
    "sourceEnvironment": null
  },
  {
    "insuredName": "Smith, Christopher",
    "policyID": "504610010221001",
    "version": "1",
    "policyStatus": "Cancelled",
    "origEffDate": "02/11/2009",
    "origExpDate": "02/11/2010",
    "cancelDate": "04/05/2009",
    "rateDate": "02/11/2009",
    "agencyNum": "26892",
    "homePhone": null,
    "workPhone": "(213) 281-7522",
    "email": null,
    "policyTerm": "12",
    "payPlan": "11-Pay",
    "versionType": "New",
    "quotedDownPymt": "299.1",
    "cancelSourceCode": "NONPAY",
    "sourceEnvironment": null
  },
  {
    "insuredName": "Smith, William Quay",
    "policyID": "504610086392001",
    "version": "1",
    "policyStatus": "Cancel Pending",
    "origEffDate": "11/04/2016",
    "origExpDate": "11/04/2017",
    "cancelDate": "05/14/2017",
    "rateDate": "11/04/2016",
    "agencyNum": "26892",
    "homePhone": null,
    "workPhone": "(323) 823-7511",
    "email": null,
    "policyTerm": "12",
    "payPlan": "10-Pay",
    "versionType": "New",
    "quotedDownPymt": "175.2",
    "cancelSourceCode": "NONPAY",
    "sourceEnvironment": null
  }
]
 
10:27:06.991 [pool-1-thread-3] INFO  com.intuit.karate - Loading karate-config 
10:27:06.992 [pool-1-thread-3] INFO  com.intuit.karate - Karate environment:u0 
10:27:06.992 [pool-1-thread-3] INFO  com.intuit.karate - Karate baseURL:https://prssu0.pri.kemper.com/policyReportSearchService/v2 
10:27:09.906 [pool-1-thread-2] INFO  com.intuit.karate - [print] [
  {
    "agencyCode": "5003",
    "cashItemId": "40879249",
    "policyId": "104601109692001",
    "version": "1",
    "entryDate": "12/28/2016",
    "amount": "157.76",
    "typeCode": "2",
    "appliedDate": "12/28/2016",
    "clearDate": null,
    "companyNumber": "60",
    "namedInsured": "Testcasefr11, Testing 02",
    "settleDate": "12/30/2016"
  },
  {
    "agencyCode": "5003",
    "cashItemId": "40879224",
    "policyId": "104601109674001",
    "version": "1",
    "entryDate": "12/27/2016",
    "amount": "177.76",
    "typeCode": "2",
    "appliedDate": "12/27/2016",
    "clearDate": null,
    "companyNumber": "60",
    "namedInsured": "Anderson, James",
    "settleDate": "12/29/2016"
  },
  {
    "agencyCode": "5003",
    "cashItemId": "40879178",
    "policyId": "104631109657001",
    "version": "1",
    "entryDate": "12/19/2016",
    "amount": "353.16",
    "typeCode": "2",
    "appliedDate": "12/19/2016",
    "clearDate": null,
    "companyNumber": "63",
    "namedInsured": "Testcasel13, Bob",
    "settleDate": "12/21/2016"
  },
  {
    "agencyCode": "5003",
    "cashItemId": "40879179",
    "policyId": "104631109658001",
    "version": "1",
    "entryDate": "12/19/2016",
    "amount": "353.16",
    "typeCode": "2",
    "appliedDate": "12/19/2016",
    "clearDate": null,
    "companyNumber": "63",
    "namedInsured": "Testcasel13, Bob",
    "settleDate": "12/21/2016"
  },
  {
    "agencyCode": "5003",
    "cashItemId": "40879130",
    "policyId": "104631109629001",
    "version": "1",
    "entryDate": "12/14/2016",
    "amount": "395.06",
    "typeCode": "2",
    "appliedDate": "12/14/2016",
    "clearDate": null,
    "companyNumber": "63",
    "namedInsured": "Test, Test",
    "settleDate": "12/16/2016"
  },
  {
    "agencyCode": "5003",
    "cashItemId": "40879148",
    "policyId": "504090035799001",
    "version": "1",
    "entryDate": "12/14/2016",
    "amount": "272.88",
    "typeCode": "2",
    "appliedDate": "12/14/2016",
    "clearDate": null,
    "companyNumber": "61",
    "namedInsured": "Testcasel11, Glcm Med",
    "settleDate": "12/16/2016"
  },
  {
    "agencyCode": "5003",
    "cashItemId": "40879146",
    "policyId": "504246675595001",
    "version": "1",
    "entryDate": "12/14/2016",
    "amount": "275.31",
    "typeCode": "2",
    "appliedDate": "12/14/2016",
    "clearDate": null,
    "companyNumber": "61",
    "namedInsured": "Testcasel11, Glcmlightheavy",
    "settleDate": "12/16/2016"
  },
  {
    "agencyCode": "5003",
    "cashItemId": "40879133",
    "policyId": "504610101826001",
    "version": "1",
    "entryDate": "12/14/2016",
    "amount": "2678",
    "typeCode": "2",
    "appliedDate": "12/14/2016",
    "clearDate": null,
    "companyNumber": "61",
    "namedInsured": "Testcasel12, Gltest",
    "settleDate": "12/16/2016"
  },
  {
    "agencyCode": "5003",
    "cashItemId": "40879134",
    "policyId": "504610101827001",
    "version": "1",
    "entryDate": "12/14/2016",
    "amount": "2611",
    "typeCode": "2",
    "appliedDate": "12/14/2016",
    "clearDate": null,
    "companyNumber": "61",
    "namedInsured": "Testcasel12, Gltest",
    "settleDate": "12/16/2016"
  },
  {
    "agencyCode": "5003",
    "cashItemId": "40879135",
    "policyId": "504610101828001",
    "version": "1",
    "entryDate": "12/14/2016",
    "amount": "2542",
    "typeCode": "2",
    "appliedDate": "12/14/2016",
    "clearDate": null,
    "companyNumber": "61",
    "namedInsured": "Testcasel12, Gltest",
    "settleDate": "12/16/2016"
  },
  {
    "agencyCode": "5003",
    "cashItemId": "40879136",
    "policyId": "504610101829001",
    "version": "1",
    "entryDate": "12/14/2016",
    "amount": "2875",
    "typeCode": "2",
    "appliedDate": "12/14/2016",
    "clearDate": null,
    "companyNumber": "61",
    "namedInsured": "Testcasel12, Gltest",
    "settleDate": "12/16/2016"
  },
  {
    "agencyCode": "5003",
    "cashItemId": "40879137",
    "policyId": "504610101830001",
    "version": "1",
    "entryDate": "12/14/2016",
    "amount": "2800",
    "typeCode": "2",
    "appliedDate": "12/14/2016",
    "clearDate": null,
    "companyNumber": "61",
    "namedInsured": "Testcasel12, Gltest",
    "settleDate": "12/16/2016"
  },
  {
    "agencyCode": "5003",
    "cashItemId": "40879138",
    "policyId": "504610101831001",
    "version": "1",
    "entryDate": "12/14/2016",
    "amount": "2724",
    "typeCode": "2",
    "appliedDate": "12/14/2016",
    "clearDate": null,
    "companyNumber": "61",
    "namedInsured": "Testcasel12, Gltest",
    "settleDate": "12/16/2016"
  },
  {
    "agencyCode": "5003",
    "cashItemId": "40879139",
    "policyId": "504610101832001",
    "version": "1",
    "entryDate": "12/14/2016",
    "amount": "3137",
    "typeCode": "2",
    "appliedDate": "12/14/2016",
    "clearDate": null,
    "companyNumber": "61",
    "namedInsured": "Testcasel12, Gltest",
    "settleDate": "12/16/2016"
  },
  {
    "agencyCode": "5003",
    "cashItemId": "40879141",
    "policyId": "504610101833001",
    "version": "1",
    "entryDate": "12/14/2016",
    "amount": "3052",
    "typeCode": "2",
    "appliedDate": "12/14/2016",
    "clearDate": null,
    "companyNumber": "61",
    "namedInsured": "Testcasel12, Gltest",
    "settleDate": "12/16/2016"
  },
  {
    "agencyCode": "5003",
    "cashItemId": "40879142",
    "policyId": "504610101834001",
    "version": "1",
    "entryDate": "12/14/2016",
    "amount": "2965",
    "typeCode": "2",
    "appliedDate": "12/14/2016",
    "clearDate": null,
    "companyNumber": "61",
    "namedInsured": "Testcasel12, Gltest",
    "settleDate": "12/16/2016"
  },
  {
    "agencyCode": "5003",
    "cashItemId": "40879147",
    "policyId": "504610101835001",
    "version": "1",
    "entryDate": "12/14/2016",
    "amount": "429.48",
    "typeCode": "2",
    "appliedDate": "12/14/2016",
    "clearDate": null,
    "companyNumber": "61",
    "namedInsured": "Testcasel16, Glcmlimits",
    "settleDate": "12/16/2016"
  },
  {
    "agencyCode": "5003",
    "cashItemId": "40875532",
    "policyId": "104601109627001",
    "version": "1",
    "entryDate": "12/13/2016",
    "amount": "5103.28",
    "typeCode": "2",
    "appliedDate": null,
    "clearDate": null,
    "companyNumber": "60",
    "namedInsured": "Testing, Susan",
    "settleDate": null
  },
  {
    "agencyCode": "5003",
    "cashItemId": "40874406",
    "policyId": "104601109599002",
    "version": "1",
    "entryDate": "12/12/2016",
    "amount": "320.72",
    "typeCode": "2",
    "appliedDate": "12/12/2016",
    "clearDate": null,
    "companyNumber": "60",
    "namedInsured": "Svb, Susan",
    "settleDate": "12/14/2016"
  },
  {
    "agencyCode": "5003",
    "cashItemId": "40874407",
    "policyId": "104601109600001",
    "version": "1",
    "entryDate": "12/12/2016",
    "amount": "791.68",
    "typeCode": "2",
    "appliedDate": "12/12/2016",
    "clearDate": null,
    "companyNumber": "60",
    "namedInsured": "Svb, Susan",
    "settleDate": "12/14/2016"
  },
  {
    "agencyCode": "5003",
    "cashItemId": "40874412",
    "policyId": "104601109607002",
    "version": "1",
    "entryDate": "12/12/2016",
    "amount": "526.38",
    "typeCode": "2",
    "appliedDate": "12/12/2016",
    "clearDate": null,
    "companyNumber": "60",
    "namedInsured": "Svb, Susan",
    "settleDate": "12/14/2016"
  },
  {
    "agencyCode": "5003",
    "cashItemId": "40874414",
    "policyId": "104601109611002",
    "version": "1",
    "entryDate": "12/12/2016",
    "amount": "332.22",
    "typeCode": "2",
    "appliedDate": "12/12/2016",
    "clearDate": null,
    "companyNumber": "60",
    "namedInsured": "Svb, Susan",
    "settleDate": "12/14/2016"
  },
  {
    "agencyCode": "5003",
    "cashItemId": "40874404",
    "policyId": "104631109594002",
    "version": "1",
    "entryDate": "12/12/2016",
    "amount": "481.92",
    "typeCode": "2",
    "appliedDate": "12/12/2016",
    "clearDate": null,
    "companyNumber": "63",
    "namedInsured": "Svb, Susan",
    "settleDate": "12/14/2016"
  },
  {
    "agencyCode": "5003",
    "cashItemId": "40874405",
    "policyId": "104631109598001",
    "version": "1",
    "entryDate": "12/12/2016",
    "amount": "716.58",
    "typeCode": "2",
    "appliedDate": "12/12/2016",
    "clearDate": null,
    "companyNumber": "63",
    "namedInsured": "Svb, Susan",
    "settleDate": "12/14/2016"
  },
  {
    "agencyCode": "5003",
    "cashItemId": "40874413",
    "policyId": "104631109608001",
    "version": "1",
    "entryDate": "12/12/2016",
    "amount": "343.52",
    "typeCode": "2",
    "appliedDate": "12/12/2016",
    "clearDate": null,
    "companyNumber": "63",
    "namedInsured": "Svb, Susan",
    "settleDate": "12/14/2016"
  },
  {
    "agencyCode": "5003",
    "cashItemId": "40874408",
    "policyId": "504100086863001",
    "version": "1",
    "entryDate": "12/12/2016",
    "amount": "712.17",
    "typeCode": "2",
    "appliedDate": "12/12/2016",
    "clearDate": null,
    "companyNumber": "61",
    "namedInsured": "Rome, Rome",
    "settleDate": "12/14/2016"
  },
  {
    "agencyCode": "5003",
    "cashItemId": "40874415",
    "policyId": "504610101825001",
    "version": "1",
    "entryDate": "12/12/2016",
    "amount": "279.5",
    "typeCode": "2",
    "appliedDate": "12/12/2016",
    "clearDate": null,
    "companyNumber": "61",
    "namedInsured": "Plumbing, Idomybest",
    "settleDate": "12/14/2016"
  },
  {
    "agencyCode": "5003",
    "cashItemId": "40874371",
    "policyId": "104601109570002",
    "version": "1",
    "entryDate": "12/09/2016",
    "amount": "2795.76",
    "typeCode": "2",
    "appliedDate": "12/09/2016",
    "clearDate": null,
    "companyNumber": "60",
    "namedInsured": "California, Susan",
    "settleDate": "12/13/2016"
  },
  {
    "agencyCode": "5003",
    "cashItemId": "40874377",
    "policyId": "104601109572002",
    "version": "1",
    "entryDate": "12/09/2016",
    "amount": "372.62",
    "typeCode": "2",
    "appliedDate": "12/09/2016",
    "clearDate": null,
    "companyNumber": "60",
    "namedInsured": "Svb, Susan",
    "settleDate": "12/13/2016"
  },
  {
    "agencyCode": "5003",
    "cashItemId": "40874375",
    "policyId": "104631109571002",
    "version": "1",
    "entryDate": "12/09/2016",
    "amount": "216.16",
    "typeCode": "2",
    "appliedDate": "12/09/2016",
    "clearDate": null,
    "companyNumber": "63",
    "namedInsured": "Svb, Susan",
    "settleDate": "12/13/2016"
  },
  {
    "agencyCode": "5003",
    "cashItemId": "40874378",
    "policyId": "104631109573002",
    "version": "1",
    "entryDate": "12/09/2016",
    "amount": "3098.52",
    "typeCode": "2",
    "appliedDate": "12/09/2016",
    "clearDate": null,
    "companyNumber": "63",
    "namedInsured": "California, Susan",
    "settleDate": "12/13/2016"
  },
  {
    "agencyCode": "5003",
    "cashItemId": "40874379",
    "policyId": "504100083567001",
    "version": "1",
    "entryDate": "12/09/2016",
    "amount": "1102.41",
    "typeCode": "2",
    "appliedDate": "12/09/2016",
    "clearDate": null,
    "companyNumber": "61",
    "namedInsured": "Jose, Jose",
    "settleDate": "12/13/2016"
  },
  {
    "agencyCode": "5003",
    "cashItemId": "40874370",
    "policyId": "504288481459001",
    "version": "1",
    "entryDate": "12/09/2016",
    "amount": "243.81",
    "typeCode": "2",
    "appliedDate": "12/09/2016",
    "clearDate": null,
    "companyNumber": "61",
    "namedInsured": "Case, Test",
    "settleDate": "12/13/2016"
  },
  {
    "agencyCode": "5003",
    "cashItemId": "40874385",
    "policyId": "504288481514001",
    "version": "1",
    "entryDate": "12/09/2016",
    "amount": "819.27",
    "typeCode": "2",
    "appliedDate": "12/09/2016",
    "clearDate": null,
    "companyNumber": "61",
    "namedInsured": "Tom, Tom",
    "settleDate": "12/13/2016"
  },
  {
    "agencyCode": "5003",
    "cashItemId": "40874384",
    "policyId": "504430527545001",
    "version": "1",
    "entryDate": "12/09/2016",
    "amount": "885.69",
    "typeCode": "2",
    "appliedDate": "12/09/2016",
    "clearDate": null,
    "companyNumber": "61",
    "namedInsured": "Rose, Rose",
    "settleDate": "12/13/2016"
  },
  {
    "agencyCode": "5003",
    "cashItemId": "40874363",
    "policyId": "504610101819001",
    "version": "1",
    "entryDate": "12/09/2016",
    "amount": "1426",
    "typeCode": "2",
    "appliedDate": "12/09/2016",
    "clearDate": null,
    "companyNumber": "61",
    "namedInsured": "Test, Test",
    "settleDate": "12/13/2016"
  },
  {
    "agencyCode": "5003",
    "cashItemId": "40874364",
    "policyId": "504610101820001",
    "version": "1",
    "entryDate": "12/09/2016",
    "amount": "2051",
    "typeCode": "2",
    "appliedDate": "12/09/2016",
    "clearDate": null,
    "companyNumber": "61",
    "namedInsured": "Testcasel13, Certins",
    "settleDate": "12/13/2016"
  },
  {
    "agencyCode": "5003",
    "cashItemId": "40874369",
    "policyId": "504610101821001",
    "version": "1",
    "entryDate": "12/09/2016",
    "amount": "2329",
    "typeCode": "2",
    "appliedDate": "12/09/2016",
    "clearDate": null,
    "companyNumber": "61",
    "namedInsured": "Testcasel13, Certins",
    "settleDate": "12/13/2016"
  },
  {
    "agencyCode": "5003",
    "cashItemId": "40874372",
    "policyId": "504610101822001",
    "version": "1",
    "entryDate": "12/09/2016",
    "amount": "2119",
    "typeCode": "2",
    "appliedDate": "12/09/2016",
    "clearDate": null,
    "companyNumber": "61",
    "namedInsured": "Test, Test",
    "settleDate": "12/13/2016"
  },
  {
    "agencyCode": "5003",
    "cashItemId": "40874374",
    "policyId": "504610101823001",
    "version": "1",
    "entryDate": "12/09/2016",
    "amount": "4038.25",
    "typeCode": "2",
    "appliedDate": null,
    "clearDate": null,
    "companyNumber": "61",
    "namedInsured": "Testcasel16, Thompson",
    "settleDate": null
  },
  {
    "agencyCode": "5003",
    "cashItemId": "40874376",
    "policyId": "504610101824001",
    "version": "1",
    "entryDate": "12/09/2016",
    "amount": "1887",
    "typeCode": "2",
    "appliedDate": "12/09/2016",
    "clearDate": null,
    "companyNumber": "61",
    "namedInsured": "Testcasel14, Esigninoffice",
    "settleDate": "12/13/2016"
  },
  {
    "agencyCode": "5003",
    "cashItemId": "40874181",
    "policyId": "504288375450001",
    "version": "1",
    "entryDate": "12/08/2016",
    "amount": "180.54",
    "typeCode": "2",
    "appliedDate": "12/08/2016",
    "clearDate": null,
    "companyNumber": "61",
    "namedInsured": "Chan, Chan",
    "settleDate": "12/12/2016"
  },
  {
    "agencyCode": "5003",
    "cashItemId": "40874202",
    "policyId": "504289387035001",
    "version": "1",
    "entryDate": "12/08/2016",
    "amount": "349.2",
    "typeCode": "2",
    "appliedDate": "12/08/2016",
    "clearDate": null,
    "companyNumber": "61",
    "namedInsured": "Ralph, Ralph",
    "settleDate": "12/12/2016"
  },
  {
    "agencyCode": "5003",
    "cashItemId": "40874191",
    "policyId": "504481957900001",
    "version": "1",
    "entryDate": "12/08/2016",
    "amount": "115.38",
    "typeCode": "2",
    "appliedDate": "12/08/2016",
    "clearDate": null,
    "companyNumber": "61",
    "namedInsured": "Jack, Jack",
    "settleDate": "12/12/2016"
  },
  {
    "agencyCode": "5003",
    "cashItemId": "40874197",
    "policyId": "504599030784001",
    "version": "1",
    "entryDate": "12/08/2016",
    "amount": "335.43",
    "typeCode": "2",
    "appliedDate": "12/08/2016",
    "clearDate": null,
    "companyNumber": "61",
    "namedInsured": "Joe, Joe",
    "settleDate": "12/12/2016"
  },
  {
    "agencyCode": "5003",
    "cashItemId": "40874179",
    "policyId": "504610101809001",
    "version": "1",
    "entryDate": "12/08/2016",
    "amount": "1930.64",
    "typeCode": "2",
    "appliedDate": "12/08/2016",
    "clearDate": null,
    "companyNumber": "61",
    "namedInsured": "Testcasel14, Pceconomy",
    "settleDate": "12/12/2016"
  },
  {
    "agencyCode": "5003",
    "cashItemId": "40874187",
    "policyId": "504610101811001",
    "version": "1",
    "entryDate": "12/08/2016",
    "amount": "136.44",
    "typeCode": "2",
    "appliedDate": "12/08/2016",
    "clearDate": null,
    "companyNumber": "61",
    "namedInsured": "James, James",
    "settleDate": "12/12/2016"
  },
  {
    "agencyCode": "5003",
    "cashItemId": "40874190",
    "policyId": "504610101812001",
    "version": "1",
    "entryDate": "12/08/2016",
    "amount": "883",
    "typeCode": "2",
    "appliedDate": "12/08/2016",
    "clearDate": null,
    "companyNumber": "61",
    "namedInsured": "Testcasel14, Test",
    "settleDate": "12/12/2016"
  },
  {
    "agencyCode": "5003",
    "cashItemId": "40874211",
    "policyId": "504610101813001",
    "version": "1",
    "entryDate": "12/08/2016",
    "amount": "2796",
    "typeCode": "2",
    "appliedDate": "12/08/2016",
    "clearDate": null,
    "companyNumber": "61",
    "namedInsured": "Testcasel13, Pcstandard",
    "settleDate": "12/12/2016"
  },
  {
    "agencyCode": "5003",
    "cashItemId": "40874218",
    "policyId": "504610101814001",
    "version": "1",
    "entryDate": "12/08/2016",
    "amount": "2105.5",
    "typeCode": "2",
    "appliedDate": "12/08/2016",
    "clearDate": null,
    "companyNumber": "61",
    "namedInsured": "Testcasel13, Pcstandard",
    "settleDate": "12/12/2016"
  },
  {
    "agencyCode": "5003",
    "cashItemId": "40874152",
    "policyId": "104601109530002",
    "version": "1",
    "entryDate": "12/07/2016",
    "amount": "267.96",
    "typeCode": "2",
    "appliedDate": "12/07/2016",
    "clearDate": null,
    "companyNumber": "60",
    "namedInsured": "Svb, Susan",
    "settleDate": "12/09/2016"
  },
  {
    "agencyCode": "5003",
    "cashItemId": "40874163",
    "policyId": "104601109537001",
    "version": "1",
    "entryDate": "12/07/2016",
    "amount": "277.08",
    "typeCode": "2",
    "appliedDate": "12/07/2016",
    "clearDate": null,
    "companyNumber": "60",
    "namedInsured": "Svb, Susan",
    "settleDate": "12/09/2016"
  },
  {
    "agencyCode": "5003",
    "cashItemId": "40874164",
    "policyId": "104601109538002",
    "version": "1",
    "entryDate": "12/07/2016",
    "amount": "510.22",
    "typeCode": "2",
    "appliedDate": "12/07/2016",
    "clearDate": null,
    "companyNumber": "60",
    "namedInsured": "Svb, Susan",
    "settleDate": "12/09/2016"
  },
  {
    "agencyCode": "5003",
    "cashItemId": "40874145",
    "policyId": "104631109528001",
    "version": "1",
    "entryDate": "12/07/2016",
    "amount": "216.16",
    "typeCode": "2",
    "appliedDate": "12/07/2016",
    "clearDate": null,
    "companyNumber": "63",
    "namedInsured": "Svb, Susan",
    "settleDate": "12/09/2016"
  },
  {
    "agencyCode": "5003",
    "cashItemId": "40874148",
    "policyId": "104631109529002",
    "version": "1",
    "entryDate": "12/07/2016",
    "amount": "280.86",
    "typeCode": "2",
    "appliedDate": "12/07/2016",
    "clearDate": null,
    "companyNumber": "63",
    "namedInsured": "Svb, Susan",
    "settleDate": "12/09/2016"
  },
  {
    "agencyCode": "5003",
    "cashItemId": "40874159",
    "policyId": "104631109531001",
    "version": "1",
    "entryDate": "12/07/2016",
    "amount": "216.16",
    "typeCode": "2",
    "appliedDate": "12/07/2016",
    "clearDate": null,
    "companyNumber": "63",
    "namedInsured": "Svb, Susan",
    "settleDate": "12/09/2016"
  },
  {
    "agencyCode": "5003",
    "cashItemId": "40874174",
    "policyId": "504089183174001",
    "version": "1",
    "entryDate": "12/07/2016",
    "amount": "689.04",
    "typeCode": "2",
    "appliedDate": "12/07/2016",
    "clearDate": null,
    "companyNumber": "61",
    "namedInsured": "Bob, Bob",
    "settleDate": "12/09/2016"
  },
  {
    "agencyCode": "5003",
    "cashItemId": "40874170",
    "policyId": "504288316752001",
    "version": "1",
    "entryDate": "12/07/2016",
    "amount": "255.24",
    "typeCode": "2",
    "appliedDate": "12/07/2016",
    "clearDate": null,
    "companyNumber": "61",
    "namedInsured": "Charm, Charm",
    "settleDate": "12/09/2016"
  },
  {
    "agencyCode": "5003",
    "cashItemId": "40874112",
    "policyId": "104601109526002",
    "version": "1",
    "entryDate": "12/06/2016",
    "amount": "421.52",
    "typeCode": "2",
    "appliedDate": "12/06/2016",
    "clearDate": null,
    "companyNumber": "60",
    "namedInsured": "Lee, Ricky",
    "settleDate": "12/08/2016"
  },
  {
    "agencyCode": "5003",
    "cashItemId": "40874109",
    "policyId": "104631109525002",
    "version": "1",
    "entryDate": "12/06/2016",
    "amount": "266.16",
    "typeCode": "2",
    "appliedDate": "12/06/2016",
    "clearDate": null,
    "companyNumber": "63",
    "namedInsured": "Svb, Susan",
    "settleDate": "12/08/2016"
  },
  {
    "agencyCode": "5003",
    "cashItemId": "40874113",
    "policyId": "104631109527001",
    "version": "1",
    "entryDate": "12/06/2016",
    "amount": "511.06",
    "typeCode": "2",
    "appliedDate": "12/06/2016",
    "clearDate": null,
    "companyNumber": "63",
    "namedInsured": "Testcase, Test",
    "settleDate": "12/08/2016"
  },
  {
    "agencyCode": "5003",
    "cashItemId": "40874106",
    "policyId": "504610101801001",
    "version": "1",
    "entryDate": "12/06/2016",
    "amount": "2092.52",
    "typeCode": "2",
    "appliedDate": "12/06/2016",
    "clearDate": null,
    "companyNumber": "61",
    "namedInsured": "Bower, John",
    "settleDate": "12/08/2016"
  },
  {
    "agencyCode": "5003",
    "cashItemId": "40874116",
    "policyId": "504610101802001",
    "version": "1",
    "entryDate": "12/06/2016",
    "amount": "1713.25",
    "typeCode": "2",
    "appliedDate": "12/06/2016",
    "clearDate": null,
    "companyNumber": "61",
    "namedInsured": "Testcasel18, Unliconsurch",
    "settleDate": "12/08/2016"
  },
  {
    "agencyCode": "5003",
    "cashItemId": "40874074",
    "policyId": "104631109509001",
    "version": "1",
    "entryDate": "12/02/2016",
    "amount": "102.76",
    "typeCode": "2",
    "appliedDate": "12/02/2016",
    "clearDate": null,
    "companyNumber": "63",
    "namedInsured": "Testcasel11, Testing 02",
    "settleDate": "12/06/2016"
  },
  {
    "agencyCode": "5003",
    "cashItemId": "40874079",
    "policyId": "104631109514001",
    "version": "1",
    "entryDate": "12/02/2016",
    "amount": "102.76",
    "typeCode": "2",
    "appliedDate": "12/02/2016",
    "clearDate": null,
    "companyNumber": "63",
    "namedInsured": "Testcasel11, Testing 02",
    "settleDate": "12/06/2016"
  },
  {
    "agencyCode": "5003",
    "cashItemId": "40874080",
    "policyId": "104631109515002",
    "version": "1",
    "entryDate": "12/02/2016",
    "amount": "879.76",
    "typeCode": "2",
    "appliedDate": "12/02/2016",
    "clearDate": null,
    "companyNumber": "63",
    "namedInsured": "Testcasel11, Testing 02",
    "settleDate": "12/06/2016"
  },
  {
    "agencyCode": "5003",
    "cashItemId": "40874084",
    "policyId": "504288481506001",
    "version": "1",
    "entryDate": "12/02/2016",
    "amount": "153.99",
    "typeCode": "2",
    "appliedDate": "12/02/2016",
    "clearDate": null,
    "companyNumber": "61",
    "namedInsured": "John, John",
    "settleDate": "12/06/2016"
  },
  {
    "agencyCode": "5003",
    "cashItemId": "40874057",
    "policyId": "104631109504002",
    "version": "1",
    "entryDate": "12/01/2016",
    "amount": "131.76",
    "typeCode": "2",
    "appliedDate": "12/01/2016",
    "clearDate": null,
    "companyNumber": "63",
    "namedInsured": "Testcasefr11, Testing 02",
    "settleDate": "12/05/2016"
  },
  {
    "agencyCode": "5003",
    "cashItemId": "40874068",
    "policyId": "104631109506001",
    "version": "1",
    "entryDate": "12/01/2016",
    "amount": "138.16",
    "typeCode": "2",
    "appliedDate": "12/01/2016",
    "clearDate": null,
    "companyNumber": "63",
    "namedInsured": "Testcasefr11, Testing 02",
    "settleDate": "12/05/2016"
  },
  {
    "agencyCode": "5003",
    "cashItemId": "40874054",
    "policyId": "504610101799001",
    "version": "1",
    "entryDate": "12/01/2016",
    "amount": "370.98",
    "typeCode": "2",
    "appliedDate": "12/01/2016",
    "clearDate": null,
    "companyNumber": "61",
    "namedInsured": "Case, Test",
    "settleDate": "12/05/2016"
  },
  {
    "agencyCode": "5003",
    "cashItemId": "40874045",
    "policyId": "104631109501001",
    "version": "1",
    "entryDate": "11/30/2016",
    "amount": "138.16",
    "typeCode": "2",
    "appliedDate": "11/30/2016",
    "clearDate": null,
    "companyNumber": "63",
    "namedInsured": "Testcasefr11, Testing 02",
    "settleDate": "12/02/2016"
  },
  {
    "agencyCode": "5003",
    "cashItemId": "40874032",
    "policyId": "504610101793001",
    "version": "1",
    "entryDate": "11/30/2016",
    "amount": "1147",
    "typeCode": "2",
    "appliedDate": "11/30/2016",
    "clearDate": null,
    "companyNumber": "61",
    "namedInsured": "Testcasel12, Test1",
    "settleDate": "12/02/2016"
  },
  {
    "agencyCode": "5003",
    "cashItemId": "40874033",
    "policyId": "504610101794001",
    "version": "1",
    "entryDate": "11/30/2016",
    "amount": "1147",
    "typeCode": "2",
    "appliedDate": "11/30/2016",
    "clearDate": null,
    "companyNumber": "61",
    "namedInsured": "Testcasel12, Test1",
    "settleDate": "12/02/2016"
  },
  {
    "agencyCode": "5003",
    "cashItemId": "40874034",
    "policyId": "504610101795001",
    "version": "1",
    "entryDate": "11/30/2016",
    "amount": "2266",
    "typeCode": "2",
    "appliedDate": "11/30/2016",
    "clearDate": null,
    "companyNumber": "61",
    "namedInsured": "Testcasel12, Test1",
    "settleDate": "12/02/2016"
  },
  {
    "agencyCode": "5003",
    "cashItemId": "40874036",
    "policyId": "504610101796001",
    "version": "1",
    "entryDate": "11/30/2016",
    "amount": "4682",
    "typeCode": "2",
    "appliedDate": null,
    "clearDate": null,
    "companyNumber": "61",
    "namedInsured": "Testcasel12, Test1",
    "settleDate": null
  },
  {
    "agencyCode": "5003",
    "cashItemId": "40874037",
    "policyId": "504610101797001",
    "version": "1",
    "entryDate": "11/30/2016",
    "amount": "2683",
    "typeCode": "2",
    "appliedDate": "11/30/2016",
    "clearDate": null,
    "companyNumber": "61",
    "namedInsured": "Testcasel12, Test1",
    "settleDate": "12/02/2016"
  },
  {
    "agencyCode": "5003",
    "cashItemId": "40874044",
    "policyId": "504610101798001",
    "version": "1",
    "entryDate": "11/30/2016",
    "amount": "2543.72",
    "typeCode": "2",
    "appliedDate": "11/30/2016",
    "clearDate": null,
    "companyNumber": "61",
    "namedInsured": "Testcasel13, Pos",
    "settleDate": "12/02/2016"
  },
  {
    "agencyCode": "5003",
    "cashItemId": "40874011",
    "policyId": "104631109494001",
    "version": "1",
    "entryDate": "11/29/2016",
    "amount": "107.56",
    "typeCode": "2",
    "appliedDate": "11/29/2016",
    "clearDate": null,
    "companyNumber": "63",
    "namedInsured": "Testcasefr11, Testing 02",
    "settleDate": "12/01/2016"
  },
  {
    "agencyCode": "5003",
    "cashItemId": "40874015",
    "policyId": "104631109497002",
    "version": "1",
    "entryDate": "11/29/2016",
    "amount": "102.76",
    "typeCode": "2",
    "appliedDate": "11/29/2016",
    "clearDate": null,
    "companyNumber": "63",
    "namedInsured": "Testcasefr11, Testing 02",
    "settleDate": "12/01/2016"
  },
  {
    "agencyCode": "5003",
    "cashItemId": "40874003",
    "policyId": "504610101787001",
    "version": "1",
    "entryDate": "11/29/2016",
    "amount": "375.36",
    "typeCode": "2",
    "appliedDate": "11/29/2016",
    "clearDate": null,
    "companyNumber": "61",
    "namedInsured": "Testcasel12, Test1",
    "settleDate": "12/01/2016"
  },
  {
    "agencyCode": "5003",
    "cashItemId": "40874004",
    "policyId": "504610101788001",
    "version": "1",
    "entryDate": "11/29/2016",
    "amount": "2418",
    "typeCode": "2",
    "appliedDate": "11/29/2016",
    "clearDate": null,
    "companyNumber": "61",
    "namedInsured": "Testcasel12, Test1",
    "settleDate": "12/01/2016"
  },
  {
    "agencyCode": "5003",
    "cashItemId": "40874005",
    "policyId": "504610101789001",
    "version": "1",
    "entryDate": "11/29/2016",
    "amount": "695.68",
    "typeCode": "2",
    "appliedDate": "11/29/2016",
    "clearDate": null,
    "companyNumber": "61",
    "namedInsured": "Testcasel12, Test1",
    "settleDate": "12/01/2016"
  },
  {
    "agencyCode": "5003",
    "cashItemId": "40874007",
    "policyId": "504610101790001",
    "version": "1",
    "entryDate": "11/29/2016",
    "amount": "4169",
    "typeCode": "2",
    "appliedDate": null,
    "clearDate": null,
    "companyNumber": "61",
    "namedInsured": "Testcasel12, Test1",
    "settleDate": null
  },
  {
    "agencyCode": "5003",
    "cashItemId": "40874013",
    "policyId": "504610101791001",
    "version": "1",
    "entryDate": "11/29/2016",
    "amount": "185.85",
    "typeCode": "2",
    "appliedDate": "11/29/2016",
    "clearDate": null,
    "companyNumber": "61",
    "namedInsured": "Testcasel18, Supplement",
    "settleDate": "12/01/2016"
  },
  {
    "agencyCode": "5003",
    "cashItemId": "40874020",
    "policyId": "504610101792001",
    "version": "1",
    "entryDate": "11/29/2016",
    "amount": "144",
    "typeCode": "2",
    "appliedDate": "11/29/2016",
    "clearDate": null,
    "companyNumber": "61",
    "namedInsured": "Testcasel21, Ineligible",
    "settleDate": "12/01/2016"
  },
  {
    "agencyCode": "5003",
    "cashItemId": "40873995",
    "policyId": "504621150572001",
    "version": "1",
    "entryDate": "11/29/2016",
    "amount": "4638.04",
    "typeCode": "2",
    "appliedDate": null,
    "clearDate": null,
    "companyNumber": "61",
    "namedInsured": "Testcasel13, Inoffice",
    "settleDate": null
  },
  {
    "agencyCode": "5003",
    "cashItemId": "40873974",
    "policyId": "504376405263001",
    "version": "1",
    "entryDate": "11/28/2016",
    "amount": "353.79",
    "typeCode": "2",
    "appliedDate": "11/28/2016",
    "clearDate": null,
    "companyNumber": "61",
    "namedInsured": "Testcasel11, Cacvsmoketest",
    "settleDate": "11/30/2016"
  },
  {
    "agencyCode": "5003",
    "cashItemId": "40873981",
    "policyId": "504376405263002",
    "version": "1",
    "entryDate": "11/28/2016",
    "amount": "370.35",
    "typeCode": "2",
    "appliedDate": "11/28/2016",
    "clearDate": null,
    "companyNumber": "61",
    "namedInsured": "Testcasel11, Cacvsmoketest",
    "settleDate": "11/30/2016"
  },
  {
    "agencyCode": "5003",
    "cashItemId": "40873956",
    "policyId": "504610101786001",
    "version": "1",
    "entryDate": "11/22/2016",
    "amount": "2119",
    "typeCode": "2",
    "appliedDate": "11/22/2016",
    "clearDate": null,
    "companyNumber": "61",
    "namedInsured": "Test, Test",
    "settleDate": "11/25/2016"
  },
  {
    "agencyCode": "5003",
    "cashItemId": "40873914",
    "policyId": "504610101775001",
    "version": "1",
    "entryDate": "11/21/2016",
    "amount": "214.92",
    "typeCode": "2",
    "appliedDate": "11/21/2016",
    "clearDate": null,
    "companyNumber": "61",
    "namedInsured": "Testcasel12, Test1",
    "settleDate": "11/23/2016"
  },
  {
    "agencyCode": "5003",
    "cashItemId": "40873918",
    "policyId": "504610101777001",
    "version": "1",
    "entryDate": "11/21/2016",
    "amount": "4284",
    "typeCode": "2",
    "appliedDate": null,
    "clearDate": null,
    "companyNumber": "61",
    "namedInsured": "Testcasel11, Test3",
    "settleDate": null
  },
  {
    "agencyCode": "5003",
    "cashItemId": "40873920",
    "policyId": "504610101778001",
    "version": "1",
    "entryDate": "11/21/2016",
    "amount": "4384",
    "typeCode": "2",
    "appliedDate": null,
    "clearDate": null,
    "companyNumber": "61",
    "namedInsured": "Testcasel11, Test3",
    "settleDate": null
  },
  {
    "agencyCode": "5003",
    "cashItemId": "40873921",
    "policyId": "504610101779001",
    "version": "1",
    "entryDate": "11/21/2016",
    "amount": "928.96",
    "typeCode": "2",
    "appliedDate": "11/21/2016",
    "clearDate": null,
    "companyNumber": "61",
    "namedInsured": "Testcasel14, Test5",
    "settleDate": "11/23/2016"
  },
  {
    "agencyCode": "5003",
    "cashItemId": "40873922",
    "policyId": "504610101780001",
    "version": "1",
    "entryDate": "11/21/2016",
    "amount": "2064.56",
    "typeCode": "2",
    "appliedDate": "11/21/2016",
    "clearDate": null,
    "companyNumber": "61",
    "namedInsured": "Testcasel14, Test5",
    "settleDate": "11/23/2016"
  },
  {
    "agencyCode": "5003",
    "cashItemId": "40873923",
    "policyId": "504610101781001",
    "version": "1",
    "entryDate": "11/21/2016",
    "amount": "3064",
    "typeCode": "2",
    "appliedDate": "11/21/2016",
    "clearDate": null,
    "companyNumber": "61",
    "namedInsured": "Testcasel11, Test7",
    "settleDate": "11/23/2016"
  },
  {
    "agencyCode": "5003",
    "cashItemId": "40873925",
    "policyId": "504610101784001",
    "version": "1",
    "entryDate": "11/21/2016",
    "amount": "24446",
    "typeCode": "2",
    "appliedDate": null,
    "clearDate": null,
    "companyNumber": "61",
    "namedInsured": "Testcasel12, Test8",
    "settleDate": null
  },
  {
    "agencyCode": "5003",
    "cashItemId": "40873934",
    "policyId": "504610101785001",
    "version": "1",
    "entryDate": "11/21/2016",
    "amount": "1387",
    "typeCode": "2",
    "appliedDate": "11/21/2016",
    "clearDate": null,
    "companyNumber": "61",
    "namedInsured": "Plumbertoo, Ima",
    "settleDate": "11/23/2016"
  },
  {
    "agencyCode": "5003",
    "cashItemId": "40873911",
    "policyId": "104601109472002",
    "version": "1",
    "entryDate": "11/18/2016",
    "amount": "157.76",
    "typeCode": "2",
    "appliedDate": "11/18/2016",
    "clearDate": null,
    "companyNumber": "60",
    "namedInsured": "Testcasel11, Testing 02",
    "settleDate": "11/22/2016"
  },
  {
    "agencyCode": "5003",
    "cashItemId": "40873907",
    "policyId": "104631109471001",
    "version": "1",
    "entryDate": "11/18/2016",
    "amount": "298.76",
    "typeCode": "2",
    "appliedDate": "11/18/2016",
    "clearDate": null,
    "companyNumber": "63",
    "namedInsured": "Testcasel11, Test",
    "settleDate": "11/22/2016"
  },
  {
    "agencyCode": "5003",
    "cashItemId": "40873886",
    "policyId": "104417725948001",
    "version": "1",
    "entryDate": "11/17/2016",
    "amount": "464.46",
    "typeCode": "2",
    "appliedDate": "11/17/2016",
    "clearDate": null,
    "companyNumber": "63",
    "namedInsured": "Smith, Anthony",
    "settleDate": "11/21/2016"
  },
  {
    "agencyCode": "5003",
    "cashItemId": "40873846",
    "policyId": "104631109460001",
    "version": "1",
    "entryDate": "11/16/2016",
    "amount": "138.16",
    "typeCode": "2",
    "appliedDate": "11/16/2016",
    "clearDate": null,
    "companyNumber": "63",
    "namedInsured": "Testcasefr11, Testing 02",
    "settleDate": "11/18/2016"
  },
  {
    "agencyCode": "5003",
    "cashItemId": "40873878",
    "policyId": "104631109461001",
    "version": "1",
    "entryDate": "11/16/2016",
    "amount": "2051.76",
    "typeCode": "2",
    "appliedDate": "11/16/2016",
    "clearDate": null,
    "companyNumber": "63",
    "namedInsured": "The Jams, The Jams",
    "settleDate": "11/18/2016"
  },
  {
    "agencyCode": "5003",
    "cashItemId": "40873861",
    "policyId": "504610101773001",
    "version": "1",
    "entryDate": "11/16/2016",
    "amount": "197.82",
    "typeCode": "2",
    "appliedDate": "11/16/2016",
    "clearDate": null,
    "companyNumber": "61",
    "namedInsured": "Driver, Test",
    "settleDate": "11/18/2016"
  },
  {
    "agencyCode": "5003",
    "cashItemId": "40873868",
    "policyId": "504610101774001",
    "version": "1",
    "entryDate": "11/16/2016",
    "amount": "2814",
    "typeCode": "2",
    "appliedDate": "11/16/2016",
    "clearDate": null,
    "companyNumber": "61",
    "namedInsured": "Test, Ray",
    "settleDate": "11/18/2016"
  },
  {
    "agencyCode": "5003",
    "cashItemId": "40873840",
    "policyId": "104631109459001",
    "version": "1",
    "entryDate": "11/15/2016",
    "amount": "138.16",
    "typeCode": "2",
    "appliedDate": "11/15/2016",
    "clearDate": null,
    "companyNumber": "63",
    "namedInsured": "Testcasefr11, Testing 02",
    "settleDate": "11/17/2016"
  },
  {
    "agencyCode": "5003",
    "cashItemId": "40873807",
    "policyId": "104601109458001",
    "version": "1",
    "entryDate": "11/14/2016",
    "amount": "1336.76",
    "typeCode": "2",
    "appliedDate": "11/14/2016",
    "clearDate": null,
    "companyNumber": "60",
    "namedInsured": "Testcasefr11, Testing 02",
    "settleDate": "11/16/2016"
  },
  {
    "agencyCode": "5003",
    "cashItemId": "40873803",
    "policyId": "104631109457001",
    "version": "1",
    "entryDate": "11/14/2016",
    "amount": "138.16",
    "typeCode": "2",
    "appliedDate": "11/14/2016",
    "clearDate": null,
    "companyNumber": "63",
    "namedInsured": "Testcasefr11, Testing 02",
    "settleDate": "11/16/2016"
  },
  {
    "agencyCode": "5003",
    "cashItemId": "40873804",
    "policyId": "504610101766001",
    "version": "1",
    "entryDate": "11/14/2016",
    "amount": "623",
    "typeCode": "2",
    "appliedDate": "11/14/2016",
    "clearDate": null,
    "companyNumber": "61",
    "namedInsured": "Testcasel11, Testing 01",
    "settleDate": "11/16/2016"
  },
  {
    "agencyCode": "5003",
    "cashItemId": "40873821",
    "policyId": "504610101772001",
    "version": "1",
    "entryDate": "11/14/2016",
    "amount": "2814",
    "typeCode": "2",
    "appliedDate": "11/14/2016",
    "clearDate": null,
    "companyNumber": "61",
    "namedInsured": "Raytest, Raytest",
    "settleDate": "11/16/2016"
  },
  {
    "agencyCode": "5003",
    "cashItemId": "40873764",
    "policyId": "104601109453002",
    "version": "1",
    "entryDate": "11/11/2016",
    "amount": "122.26",
    "typeCode": "2",
    "appliedDate": "11/11/2016",
    "clearDate": null,
    "companyNumber": "60",
    "namedInsured": "Testcasefr11, Testing 02",
    "settleDate": "11/15/2016"
  },
  {
    "agencyCode": "5003",
    "cashItemId": "40873754",
    "policyId": "104631109451001",
    "version": "1",
    "entryDate": "11/11/2016",
    "amount": "107.56",
    "typeCode": "2",
    "appliedDate": "11/11/2016",
    "clearDate": null,
    "companyNumber": "63",
    "namedInsured": "Testcasefr11, Testing 02",
    "settleDate": "11/15/2016"
  },
  {
    "agencyCode": "5003",
    "cashItemId": "40873763",
    "policyId": "104631109452001",
    "version": "1",
    "entryDate": "11/11/2016",
    "amount": "102.76",
    "typeCode": "2",
    "appliedDate": "11/11/2016",
    "clearDate": null,
    "companyNumber": "63",
    "namedInsured": "Testcasefr11, Testing 02",
    "settleDate": "11/15/2016"
  },
  {
    "agencyCode": "5003",
    "cashItemId": "40873765",
    "policyId": "104631109454001",
    "version": "1",
    "entryDate": "11/11/2016",
    "amount": "101.68",
    "typeCode": "2",
    "appliedDate": "11/11/2016",
    "clearDate": null,
    "companyNumber": "63",
    "namedInsured": "Testcasefr11, Testing 02",
    "settleDate": "11/15/2016"
  },
  {
    "agencyCode": "5003",
    "cashItemId": "40873778",
    "policyId": "104631109455001",
    "version": "1",
    "entryDate": "11/11/2016",
    "amount": "204.16",
    "typeCode": "2",
    "appliedDate": "11/11/2016",
    "clearDate": null,
    "companyNumber": "63",
    "namedInsured": "Testcasefr11, Testing 02",
    "settleDate": "11/15/2016"
  },
  {
    "agencyCode": "5003",
    "cashItemId": "40873781",
    "policyId": "104631109456001",
    "version": "1",
    "entryDate": "11/11/2016",
    "amount": "138.16",
    "typeCode": "2",
    "appliedDate": "11/11/2016",
    "clearDate": null,
    "companyNumber": "63",
    "namedInsured": "Testcasefr11, Testing 02",
    "settleDate": "11/15/2016"
  },
  {
    "agencyCode": "5003",
    "cashItemId": "40873789",
    "policyId": "504610101765001",
    "version": "1",
    "entryDate": "11/11/2016",
    "amount": "1337",
    "typeCode": "2",
    "appliedDate": "11/11/2016",
    "clearDate": null,
    "companyNumber": "61",
    "namedInsured": "Testcasel11, Test",
    "settleDate": "11/15/2016"
  },
  {
    "agencyCode": "5003",
    "cashItemId": "40873261",
    "policyId": "104601109449001",
    "version": "1",
    "entryDate": "11/10/2016",
    "amount": "847.88",
    "typeCode": "2",
    "appliedDate": "11/10/2016",
    "clearDate": null,
    "companyNumber": "60",
    "namedInsured": "Jones, Kyle",
    "settleDate": "11/15/2016"
  },
  {
    "agencyCode": "5003",
    "cashItemId": "40873282",
    "policyId": "104631109450001",
    "version": "1",
    "entryDate": "11/10/2016",
    "amount": "107.56",
    "typeCode": "2",
    "appliedDate": "11/10/2016",
    "clearDate": null,
    "companyNumber": "63",
    "namedInsured": "Testcasefr11, Testing 02",
    "settleDate": "11/15/2016"
  },
  {
    "agencyCode": "5003",
    "cashItemId": "40872288",
    "policyId": "504610101753001",
    "version": "1",
    "entryDate": "11/07/2016",
    "amount": "2692",
    "typeCode": "2",
    "appliedDate": "11/07/2016",
    "clearDate": null,
    "companyNumber": "61",
    "namedInsured": "Testcasel12, Raytest",
    "settleDate": "11/09/2016"
  },
  {
    "agencyCode": "5003",
    "cashItemId": "40872676",
    "policyId": "504610101754001",
    "version": "1",
    "entryDate": "11/07/2016",
    "amount": "2149",
    "typeCode": "2",
    "appliedDate": "11/07/2016",
    "clearDate": null,
    "companyNumber": "61",
    "namedInsured": "Testcasel11, Testing 01",
    "settleDate": "11/09/2016"
  },
  {
    "agencyCode": "5003",
    "cashItemId": "40872677",
    "policyId": "504610101755001",
    "version": "1",
    "entryDate": "11/07/2016",
    "amount": "202.05",
    "typeCode": "2",
    "appliedDate": "11/07/2016",
    "clearDate": null,
    "companyNumber": "61",
    "namedInsured": "Testcasel12, Basequote",
    "settleDate": "11/09/2016"
  },
  {
    "agencyCode": "5003",
    "cashItemId": "40872678",
    "policyId": "504610101756001",
    "version": "1",
    "entryDate": "11/07/2016",
    "amount": "1802.01",
    "typeCode": "2",
    "appliedDate": "11/07/2016",
    "clearDate": null,
    "companyNumber": "61",
    "namedInsured": "Testcasel14, Loadedquote",
    "settleDate": "11/09/2016"
  },
  {
    "agencyCode": "5003",
    "cashItemId": "40872684",
    "policyId": "504610101757001",
    "version": "1",
    "entryDate": "11/07/2016",
    "amount": "3139",
    "typeCode": "2",
    "appliedDate": "11/07/2016",
    "clearDate": null,
    "companyNumber": "61",
    "namedInsured": "Test, Ray",
    "settleDate": "11/09/2016"
  },
  {
    "agencyCode": "5003",
    "cashItemId": "40872221",
    "policyId": "504610101751001",
    "version": "1",
    "entryDate": "11/03/2016",
    "amount": "321.03",
    "typeCode": "2",
    "appliedDate": "11/03/2016",
    "clearDate": null,
    "companyNumber": "61",
    "namedInsured": "Vergara, Arturo",
    "settleDate": "11/07/2016"
  },
  {
    "agencyCode": "5003",
    "cashItemId": "40872225",
    "policyId": "504610101752001",
    "version": "1",
    "entryDate": "11/03/2016",
    "amount": "119.7",
    "typeCode": "2",
    "appliedDate": "11/03/2016",
    "clearDate": null,
    "companyNumber": "61",
    "namedInsured": "Escoto, Juany",
    "settleDate": "11/07/2016"
  },
  {
    "agencyCode": "5003",
    "cashItemId": "40872169",
    "policyId": "504610101750001",
    "version": "1",
    "entryDate": "11/02/2016",
    "amount": "1058",
    "typeCode": "2",
    "appliedDate": "11/02/2016",
    "clearDate": null,
    "companyNumber": "61",
    "namedInsured": "Testcasel11, Testing 01",
    "settleDate": "11/04/2016"
  },
  {
    "agencyCode": "5003",
    "cashItemId": "40870892",
    "policyId": "504610101749001",
    "version": "1",
    "entryDate": "10/31/2016",
    "amount": "2486",
    "typeCode": "2",
    "appliedDate": "10/31/2016",
    "clearDate": null,
    "companyNumber": "61",
    "namedInsured": "Testcasel11, Susan",
    "settleDate": "11/02/2016"
  },
  {
    "agencyCode": "5003",
    "cashItemId": "40870828",
    "policyId": "104631109442001",
    "version": "1",
    "entryDate": "10/27/2016",
    "amount": "156.06",
    "typeCode": "2",
    "appliedDate": "10/27/2016",
    "clearDate": null,
    "companyNumber": "63",
    "namedInsured": "Testcasefr11, Testing 02",
    "settleDate": "10/31/2016"
  },
  {
    "agencyCode": "5003",
    "cashItemId": "40870834",
    "policyId": "104631109443001",
    "version": "1",
    "entryDate": "10/27/2016",
    "amount": "575.56",
    "typeCode": "2",
    "appliedDate": "10/27/2016",
    "clearDate": null,
    "companyNumber": "63",
    "namedInsured": "Longstone, Kristi M",
    "settleDate": "10/31/2016"
  },
  {
    "agencyCode": "5003",
    "cashItemId": "40870751",
    "policyId": "104631109438002",
    "version": "1",
    "entryDate": "10/26/2016",
    "amount": "102.76",
    "typeCode": "2",
    "appliedDate": "10/26/2016",
    "clearDate": null,
    "companyNumber": "63",
    "namedInsured": "Testcasefr11, Testing 02",
    "settleDate": "10/28/2016"
  },
  {
    "agencyCode": "5003",
    "cashItemId": "40870652",
    "policyId": "104631109432001",
    "version": "1",
    "entryDate": "10/24/2016",
    "amount": "102.76",
    "typeCode": "2",
    "appliedDate": "10/24/2016",
    "clearDate": null,
    "companyNumber": "63",
    "namedInsured": "Testcasefr11, Testing 02",
    "settleDate": "10/26/2016"
  },
  {
    "agencyCode": "5003",
    "cashItemId": "40870622",
    "policyId": "104631109430001",
    "version": "1",
    "entryDate": "10/22/2016",
    "amount": "102.76",
    "typeCode": "2",
    "appliedDate": "10/22/2016",
    "clearDate": null,
    "companyNumber": "63",
    "namedInsured": "Testcasefr11, Testing 02",
    "settleDate": "10/25/2016"
  },
  {
    "agencyCode": "5003",
    "cashItemId": "40868330",
    "policyId": "104631109366001",
    "version": "1",
    "entryDate": "10/18/2016",
    "amount": "297.06",
    "typeCode": "2",
    "appliedDate": "10/18/2016",
    "clearDate": null,
    "companyNumber": "63",
    "namedInsured": "Sw-test, Test",
    "settleDate": "10/20/2016"
  },
  {
    "agencyCode": "5003",
    "cashItemId": "40868065",
    "policyId": "104631109364001",
    "version": "1",
    "entryDate": "10/13/2016",
    "amount": "268.76",
    "typeCode": "2",
    "appliedDate": "10/13/2016",
    "clearDate": null,
    "companyNumber": "63",
    "namedInsured": "Test, Sw-test",
    "settleDate": "10/17/2016"
  },
  {
    "agencyCode": "5003",
    "cashItemId": "40868067",
    "policyId": "104631109365002",
    "version": "1",
    "entryDate": "10/13/2016",
    "amount": "484.26",
    "typeCode": "2",
    "appliedDate": "10/13/2016",
    "clearDate": null,
    "companyNumber": "63",
    "namedInsured": "Test, Sw-test2",
    "settleDate": "10/17/2016"
  },
  {
    "agencyCode": "5003",
    "cashItemId": "40867615",
    "policyId": "104631109277001",
    "version": "1",
    "entryDate": "09/29/2016",
    "amount": "257.76",
    "typeCode": "2",
    "appliedDate": "09/29/2016",
    "clearDate": null,
    "companyNumber": "63",
    "namedInsured": "Pate, Lucas",
    "settleDate": "10/03/2016"
  },
  {
    "agencyCode": "5003",
    "cashItemId": "40867534",
    "policyId": "104631109247001",
    "version": "1",
    "entryDate": "09/28/2016",
    "amount": "502.06",
    "typeCode": "2",
    "appliedDate": "09/28/2016",
    "clearDate": null,
    "companyNumber": "63",
    "namedInsured": "Stein, Frank N",
    "settleDate": "09/30/2016"
  },
  {
    "agencyCode": "5003",
    "cashItemId": "40867506",
    "policyId": "104455865532001",
    "version": "1",
    "entryDate": "09/27/2016",
    "amount": "1169.86",
    "typeCode": "2",
    "appliedDate": "09/27/2016",
    "clearDate": null,
    "companyNumber": "63",
    "namedInsured": "Dick, Moby",
    "settleDate": "09/29/2016"
  },
  {
    "agencyCode": "5003",
    "cashItemId": "40867385",
    "policyId": "104631109189001",
    "version": "1",
    "entryDate": "09/22/2016",
    "amount": "529.88",
    "typeCode": "2",
    "appliedDate": null,
    "clearDate": null,
    "companyNumber": "63",
    "namedInsured": "Testcase, Test",
    "settleDate": null
  },
  {
    "agencyCode": "5003",
    "cashItemId": "40867386",
    "policyId": "104631109190001",
    "version": "1",
    "entryDate": "09/22/2016",
    "amount": "529.88",
    "typeCode": "2",
    "appliedDate": "09/22/2016",
    "clearDate": null,
    "companyNumber": "63",
    "namedInsured": "Testcase, Test",
    "settleDate": "09/26/2016"
  },
  {
    "agencyCode": "5003",
    "cashItemId": "40867308",
    "policyId": "104412950204001",
    "version": "1",
    "entryDate": "09/20/2016",
    "amount": "555.96",
    "typeCode": "2",
    "appliedDate": "09/20/2016",
    "clearDate": null,
    "companyNumber": "63",
    "namedInsured": "Smith, John",
    "settleDate": "09/22/2016"
  },
  {
    "agencyCode": "5003",
    "cashItemId": "40867311",
    "policyId": "104418535368001",
    "version": "1",
    "entryDate": "09/20/2016",
    "amount": "659.36",
    "typeCode": "2",
    "appliedDate": "09/20/2016",
    "clearDate": null,
    "companyNumber": "63",
    "namedInsured": "Burg, John",
    "settleDate": "09/22/2016"
  },
  {
    "agencyCode": "5003",
    "cashItemId": "40867315",
    "policyId": "104631109148001",
    "version": "1",
    "entryDate": "09/20/2016",
    "amount": "131.76",
    "typeCode": "2",
    "appliedDate": "09/20/2016",
    "clearDate": null,
    "companyNumber": "63",
    "namedInsured": "Testcasefr11, Testing 02",
    "settleDate": "09/22/2016"
  },
  {
    "agencyCode": "5003",
    "cashItemId": "40867268",
    "policyId": "104417725184001",
    "version": "1",
    "entryDate": "09/19/2016",
    "amount": "605.56",
    "typeCode": "2",
    "appliedDate": "09/19/2016",
    "clearDate": null,
    "companyNumber": "63",
    "namedInsured": "Dow, John",
    "settleDate": "09/21/2016"
  },
  {
    "agencyCode": "5003",
    "cashItemId": "40867221",
    "policyId": "104419225015001",
    "version": "1",
    "entryDate": "09/16/2016",
    "amount": "872.96",
    "typeCode": "2",
    "appliedDate": "09/16/2016",
    "clearDate": null,
    "companyNumber": "63",
    "namedInsured": "Mushipatla, Praveen",
    "settleDate": "09/20/2016"
  },
  {
    "agencyCode": "5003",
    "cashItemId": "40867033",
    "policyId": "104631109069001",
    "version": "1",
    "entryDate": "09/15/2016",
    "amount": "3096.76",
    "typeCode": "2",
    "appliedDate": "09/15/2016",
    "clearDate": null,
    "companyNumber": "63",
    "namedInsured": "Pate, Lucas",
    "settleDate": "09/19/2016"
  },
  {
    "agencyCode": "5003",
    "cashItemId": "40867003",
    "policyId": "104601109053001",
    "version": "1",
    "entryDate": "09/14/2016",
    "amount": "193.32",
    "typeCode": "2",
    "appliedDate": "09/14/2016",
    "clearDate": null,
    "companyNumber": "60",
    "namedInsured": "Baker, Richard P",
    "settleDate": "09/16/2016"
  },
  {
    "agencyCode": "5003",
    "cashItemId": "40867011",
    "policyId": "104601109057002",
    "version": "1",
    "entryDate": "09/14/2016",
    "amount": "467.08",
    "typeCode": "2",
    "appliedDate": "09/14/2016",
    "clearDate": null,
    "companyNumber": "60",
    "namedInsured": "Baker, Richard P",
    "settleDate": "09/16/2016"
  },
  {
    "agencyCode": "5003",
    "cashItemId": "40866983",
    "policyId": "504610101736001",
    "version": "1",
    "entryDate": "09/14/2016",
    "amount": "730",
    "typeCode": "2",
    "appliedDate": "09/14/2016",
    "clearDate": null,
    "companyNumber": "61",
    "namedInsured": "Testcasel11, Susan",
    "settleDate": "09/16/2016"
  },
  {
    "agencyCode": "5003",
    "cashItemId": "40866947",
    "policyId": "104631109039001",
    "version": "1",
    "entryDate": "09/13/2016",
    "amount": "3096.76",
    "typeCode": "2",
    "appliedDate": "09/13/2016",
    "clearDate": null,
    "companyNumber": "63",
    "namedInsured": "Pate, Lucas",
    "settleDate": "09/15/2016"
  },
  {
    "agencyCode": "5003",
    "cashItemId": "40866934",
    "policyId": "104631109027001",
    "version": "1",
    "entryDate": "09/12/2016",
    "amount": "2309.88",
    "typeCode": "2",
    "appliedDate": "09/12/2016",
    "clearDate": null,
    "companyNumber": "63",
    "namedInsured": "Testfr, Joey",
    "settleDate": "09/14/2016"
  },
  {
    "agencyCode": "5003",
    "cashItemId": "40864374",
    "policyId": "104631109004001",
    "version": "1",
    "entryDate": "09/07/2016",
    "amount": "3096.76",
    "typeCode": "2",
    "appliedDate": "09/07/2016",
    "clearDate": null,
    "companyNumber": "63",
    "namedInsured": "Pate, Lucas",
    "settleDate": "09/09/2016"
  },
  {
    "agencyCode": "5003",
    "cashItemId": "40864432",
    "policyId": "104631109005001",
    "version": "1",
    "entryDate": "09/07/2016",
    "amount": "333.76",
    "typeCode": "2",
    "appliedDate": "09/07/2016",
    "clearDate": null,
    "companyNumber": "63",
    "namedInsured": "Pate, Lucas",
    "settleDate": "09/09/2016"
  },
  {
    "agencyCode": "5003",
    "cashItemId": "40866534",
    "policyId": "104631109006001",
    "version": "1",
    "entryDate": "09/07/2016",
    "amount": "3096.76",
    "typeCode": "2",
    "appliedDate": "09/07/2016",
    "clearDate": null,
    "companyNumber": "63",
    "namedInsured": "Pate, Lucas",
    "settleDate": "09/09/2016"
  },
  {
    "agencyCode": "5003",
    "cashItemId": "40866539",
    "policyId": "104631109007001",
    "version": "1",
    "entryDate": "09/07/2016",
    "amount": "187.16",
    "typeCode": "2",
    "appliedDate": "09/07/2016",
    "clearDate": null,
    "companyNumber": "63",
    "namedInsured": "Test, Test",
    "settleDate": "09/09/2016"
  },
  {
    "agencyCode": "5003",
    "cashItemId": "40864307",
    "policyId": "104601108988002",
    "version": "1",
    "entryDate": "09/02/2016",
    "amount": "527.88",
    "typeCode": "2",
    "appliedDate": "09/02/2016",
    "clearDate": null,
    "companyNumber": "60",
    "namedInsured": "Adsf, Adf",
    "settleDate": "09/07/2016"
  },
  {
    "agencyCode": "5003",
    "cashItemId": "40864299",
    "policyId": "104631108983002",
    "version": "1",
    "entryDate": "09/02/2016",
    "amount": "2516.76",
    "typeCode": "2",
    "appliedDate": "09/02/2016",
    "clearDate": null,
    "companyNumber": "63",
    "namedInsured": "Esigtest, Joey",
    "settleDate": "09/07/2016"
  },
  {
    "agencyCode": "5003",
    "cashItemId": "40864306",
    "policyId": "104631108987002",
    "version": "1",
    "entryDate": "09/02/2016",
    "amount": "735.88",
    "typeCode": "2",
    "appliedDate": "09/02/2016",
    "clearDate": null,
    "companyNumber": "63",
    "namedInsured": "Asdf, Asdf",
    "settleDate": "09/07/2016"
  },
  {
    "agencyCode": "5003",
    "cashItemId": "40864210",
    "policyId": "104601108961001",
    "version": "1",
    "entryDate": "09/01/2016",
    "amount": "124.88",
    "typeCode": "2",
    "appliedDate": "09/01/2016",
    "clearDate": null,
    "companyNumber": "60",
    "namedInsured": "Test, Test",
    "settleDate": "09/06/2016"
  },
  {
    "agencyCode": "5003",
    "cashItemId": "40864209",
    "policyId": "104631108960001",
    "version": "1",
    "entryDate": "09/01/2016",
    "amount": "180.48",
    "typeCode": "2",
    "appliedDate": "09/01/2016",
    "clearDate": null,
    "companyNumber": "63",
    "namedInsured": "Test, Test",
    "settleDate": "09/06/2016"
  },
  {
    "agencyCode": "5003",
    "cashItemId": "40864146",
    "policyId": "104631108935001",
    "version": "1",
    "entryDate": "08/31/2016",
    "amount": "735.88",
    "typeCode": "2",
    "appliedDate": "08/31/2016",
    "clearDate": null,
    "companyNumber": "63",
    "namedInsured": "Asdf, Asdf",
    "settleDate": "09/02/2016"
  },
  {
    "agencyCode": "5003",
    "cashItemId": "40864185",
    "policyId": "504610101730001",
    "version": "1",
    "entryDate": "08/31/2016",
    "amount": "692.46",
    "typeCode": "2",
    "appliedDate": "08/31/2016",
    "clearDate": null,
    "companyNumber": "61",
    "namedInsured": "Test, Cacv",
    "settleDate": "09/02/2016"
  },
  {
    "agencyCode": "5003",
    "cashItemId": "40863968",
    "policyId": "104601108895002",
    "version": "1",
    "entryDate": "08/30/2016",
    "amount": "527.88",
    "typeCode": "2",
    "appliedDate": "08/30/2016",
    "clearDate": null,
    "companyNumber": "60",
    "namedInsured": "Asdf, Asdf",
    "settleDate": "09/01/2016"
  },
  {
    "agencyCode": "5003",
    "cashItemId": "40863978",
    "policyId": "104601108901002",
    "version": "1",
    "entryDate": "08/30/2016",
    "amount": "126.28",
    "typeCode": "2",
    "appliedDate": "08/30/2016",
    "clearDate": null,
    "companyNumber": "60",
    "namedInsured": "Asdf, Asdf",
    "settleDate": "09/01/2016"
  },
  {
    "agencyCode": "5003",
    "cashItemId": "40864105",
    "policyId": "104601108906002",
    "version": "1",
    "entryDate": "08/30/2016",
    "amount": "527.88",
    "typeCode": "2",
    "appliedDate": "08/30/2016",
    "clearDate": null,
    "companyNumber": "60",
    "namedInsured": "Asdf, Asdf",
    "settleDate": "09/01/2016"
  },
  {
    "agencyCode": "5003",
    "cashItemId": "40864106",
    "policyId": "104601108907002",
    "version": "1",
    "entryDate": "08/30/2016",
    "amount": "527.88",
    "typeCode": "2",
    "appliedDate": "08/30/2016",
    "clearDate": null,
    "companyNumber": "60",
    "namedInsured": "Asdf, Asdf",
    "settleDate": "09/01/2016"
  },
  {
    "agencyCode": "5003",
    "cashItemId": "40864107",
    "policyId": "104601108910001",
    "version": "1",
    "entryDate": "08/30/2016",
    "amount": "527.88",
    "typeCode": "2",
    "appliedDate": "08/30/2016",
    "clearDate": null,
    "companyNumber": "60",
    "namedInsured": "Asdf, Asdf",
    "settleDate": "09/01/2016"
  },
  {
    "agencyCode": "5003",
    "cashItemId": "40864108",
    "policyId": "104601108911002",
    "version": "1",
    "entryDate": "08/30/2016",
    "amount": "527.88",
    "typeCode": "2",
    "appliedDate": "08/30/2016",
    "clearDate": null,
    "companyNumber": "60",
    "namedInsured": "Asdf, Asdf",
    "settleDate": "09/01/2016"
  },
  {
    "agencyCode": "5003",
    "cashItemId": "40864109",
    "policyId": "104601108912002",
    "version": "1",
    "entryDate": "08/30/2016",
    "amount": "527.88",
    "typeCode": "2",
    "appliedDate": "08/30/2016",
    "clearDate": null,
    "companyNumber": "60",
    "namedInsured": "Asdf, Asdf",
    "settleDate": "09/01/2016"
  },
  {
    "agencyCode": "5003",
    "cashItemId": "40864110",
    "policyId": "104601108914001",
    "version": "1",
    "entryDate": "08/30/2016",
    "amount": "527.88",
    "typeCode": "2",
    "appliedDate": "08/30/2016",
    "clearDate": null,
    "companyNumber": "60",
    "namedInsured": "Asdf, Asdf",
    "settleDate": "09/01/2016"
  },
  {
    "agencyCode": "5003",
    "cashItemId": "40864112",
    "policyId": "104601108918001",
    "version": "1",
    "entryDate": "08/30/2016",
    "amount": "527.88",
    "typeCode": "2",
    "appliedDate": "08/30/2016",
    "clearDate": null,
    "companyNumber": "60",
    "namedInsured": "Asdf, Asdf",
    "settleDate": "09/01/2016"
  },
  {
    "agencyCode": "5003",
    "cashItemId": "40864115",
    "policyId": "104601108921001",
    "version": "1",
    "entryDate": "08/30/2016",
    "amount": "527.88",
    "typeCode": "2",
    "appliedDate": "08/30/2016",
    "clearDate": null,
    "companyNumber": "60",
    "namedInsured": "Asdf, Asdf",
    "settleDate": "09/01/2016"
  },
  {
    "agencyCode": "5003",
    "cashItemId": "40864116",
    "policyId": "104601108922001",
    "version": "1",
    "entryDate": "08/30/2016",
    "amount": "527.88",
    "typeCode": "2",
    "appliedDate": "08/30/2016",
    "clearDate": null,
    "companyNumber": "60",
    "namedInsured": "Asdf, Asdf",
    "settleDate": "09/01/2016"
  },
  {
    "agencyCode": "5003",
    "cashItemId": "40863977",
    "policyId": "104631108898001",
    "version": "1",
    "entryDate": "08/30/2016",
    "amount": "267.46",
    "typeCode": "2",
    "appliedDate": "08/30/2016",
    "clearDate": null,
    "companyNumber": "63",
    "namedInsured": "Testcasel12, Test",
    "settleDate": "09/01/2016"
  },
  {
    "agencyCode": "5003",
    "cashItemId": "40863980",
    "policyId": "104631108902001",
    "version": "1",
    "entryDate": "08/30/2016",
    "amount": "626.04",
    "typeCode": "2",
    "appliedDate": "08/30/2016",
    "clearDate": null,
    "companyNumber": "63",
    "namedInsured": "Test, Susan",
    "settleDate": "09/01/2016"
  },
  {
    "agencyCode": "5003",
    "cashItemId": "40863920",
    "policyId": "104601108850002",
    "version": "1",
    "entryDate": "08/29/2016",
    "amount": "527.88",
    "typeCode": "2",
    "appliedDate": "08/29/2016",
    "clearDate": null,
    "companyNumber": "60",
    "namedInsured": "Asdf, Asdf",
    "settleDate": "08/31/2016"
  },
  {
    "agencyCode": "5003",
    "cashItemId": "40863926",
    "policyId": "104601108873002",
    "version": "1",
    "entryDate": "08/29/2016",
    "amount": "527.88",
    "typeCode": "2",
    "appliedDate": "08/29/2016",
    "clearDate": null,
    "companyNumber": "60",
    "namedInsured": "Asdf, Asdf",
    "settleDate": "08/31/2016"
  },
  {
    "agencyCode": "5003",
    "cashItemId": "40863927",
    "policyId": "104601108874001",
    "version": "1",
    "entryDate": "08/29/2016",
    "amount": "527.88",
    "typeCode": "2",
    "appliedDate": "08/29/2016",
    "clearDate": null,
    "companyNumber": "60",
    "namedInsured": "Asdf, Asdf",
    "settleDate": "08/31/2016"
  },
  {
    "agencyCode": "5003",
    "cashItemId": "40863929",
    "policyId": "104601108876001",
    "version": "1",
    "entryDate": "08/29/2016",
    "amount": "527.88",
    "typeCode": "2",
    "appliedDate": "08/29/2016",
    "clearDate": null,
    "companyNumber": "60",
    "namedInsured": "Asdf, Asdf",
    "settleDate": "08/31/2016"
  },
  {
    "agencyCode": "5003",
    "cashItemId": "40863930",
    "policyId": "104601108877001",
    "version": "1",
    "entryDate": "08/29/2016",
    "amount": "527.88",
    "typeCode": "2",
    "appliedDate": "08/29/2016",
    "clearDate": null,
    "companyNumber": "60",
    "namedInsured": "Asdf, Asdf",
    "settleDate": "08/31/2016"
  },
  {
    "agencyCode": "5003",
    "cashItemId": "40863922",
    "policyId": "104631108860001",
    "version": "1",
    "entryDate": "08/29/2016",
    "amount": "223.26",
    "typeCode": "2",
    "appliedDate": "08/29/2016",
    "clearDate": null,
    "companyNumber": "63",
    "namedInsured": "Jams, Jams",
    "settleDate": "08/31/2016"
  },
  {
    "agencyCode": "5003",
    "cashItemId": "40863906",
    "policyId": "104601108845002",
    "version": "1",
    "entryDate": "08/26/2016",
    "amount": "236.68",
    "typeCode": "2",
    "appliedDate": null,
    "clearDate": null,
    "companyNumber": "60",
    "namedInsured": "Svb, Susan",
    "settleDate": null
  },
  {
    "agencyCode": "5003",
    "cashItemId": "40863856",
    "policyId": "104631108844001",
    "version": "1",
    "entryDate": "08/26/2016",
    "amount": "859.76",
    "typeCode": "2",
    "appliedDate": "08/26/2016",
    "clearDate": null,
    "companyNumber": "63",
    "namedInsured": "Testcasefr11, Testing 02",
    "settleDate": "08/30/2016"
  },
  {
    "agencyCode": "5003",
    "cashItemId": "40863807",
    "policyId": "104601108840001",
    "version": "1",
    "entryDate": "08/25/2016",
    "amount": "250.48",
    "typeCode": "2",
    "appliedDate": "08/25/2016",
    "clearDate": null,
    "companyNumber": "60",
    "namedInsured": "Svb, Susan",
    "settleDate": "08/29/2016"
  },
  {
    "agencyCode": "5003",
    "cashItemId": "40863823",
    "policyId": "104631108841001",
    "version": "1",
    "entryDate": "08/25/2016",
    "amount": "859.76",
    "typeCode": "2",
    "appliedDate": "08/25/2016",
    "clearDate": null,
    "companyNumber": "63",
    "namedInsured": "Testcasefr11, Testing 02",
    "settleDate": "08/29/2016"
  },
  {
    "agencyCode": "5003",
    "cashItemId": "40863825",
    "policyId": "104631108842001",
    "version": "1",
    "entryDate": "08/25/2016",
    "amount": "811.76",
    "typeCode": "2",
    "appliedDate": "08/25/2016",
    "clearDate": null,
    "companyNumber": "63",
    "namedInsured": "Testcasefr11, Testing 02",
    "settleDate": "08/29/2016"
  },
  {
    "agencyCode": "5003",
    "cashItemId": "40863843",
    "policyId": "104631108843002",
    "version": "1",
    "entryDate": "08/25/2016",
    "amount": "811.76",
    "typeCode": "2",
    "appliedDate": "08/25/2016",
    "clearDate": null,
    "companyNumber": "63",
    "namedInsured": "Testcasefr11, Testing 02",
    "settleDate": "08/29/2016"
  },
  {
    "agencyCode": "5003",
    "cashItemId": "40863632",
    "policyId": "104631108837001",
    "version": "1",
    "entryDate": "08/23/2016",
    "amount": "100.76",
    "typeCode": "2",
    "appliedDate": "08/23/2016",
    "clearDate": null,
    "companyNumber": "63",
    "namedInsured": "Testcasefr11, Testing 02",
    "settleDate": "08/25/2016"
  },
  {
    "agencyCode": "5003",
    "cashItemId": "40863596",
    "policyId": "104601108836002",
    "version": "1",
    "entryDate": "08/22/2016",
    "amount": "325.52",
    "typeCode": "2",
    "appliedDate": "08/22/2016",
    "clearDate": null,
    "companyNumber": "60",
    "namedInsured": "Premcal1, Special",
    "settleDate": "08/24/2016"
  },
  {
    "agencyCode": "5003",
    "cashItemId": "40863569",
    "policyId": "104601108832002",
    "version": "1",
    "entryDate": "08/19/2016",
    "amount": "197.52",
    "typeCode": "2",
    "appliedDate": "08/19/2016",
    "clearDate": null,
    "companyNumber": "60",
    "namedInsured": "Testca, Smoke",
    "settleDate": "08/23/2016"
  },
  {
    "agencyCode": "5003",
    "cashItemId": "40863582",
    "policyId": "104601108834002",
    "version": "1",
    "entryDate": "08/19/2016",
    "amount": "563.82",
    "typeCode": "2",
    "appliedDate": "08/19/2016",
    "clearDate": null,
    "companyNumber": "60",
    "namedInsured": "Special1, Premcal",
    "settleDate": "08/23/2016"
  },
  {
    "agencyCode": "5003",
    "cashItemId": "40863590",
    "policyId": "104601108835002",
    "version": "1",
    "entryDate": "08/19/2016",
    "amount": "304.52",
    "typeCode": "2",
    "appliedDate": "08/19/2016",
    "clearDate": null,
    "companyNumber": "60",
    "namedInsured": "Premcal1, Special",
    "settleDate": "08/23/2016"
  },
  {
    "agencyCode": "5003",
    "cashItemId": "40863563",
    "policyId": "504610101728001",
    "version": "1",
    "entryDate": "08/19/2016",
    "amount": "695.36",
    "typeCode": "2",
    "appliedDate": "08/19/2016",
    "clearDate": null,
    "companyNumber": "61",
    "namedInsured": "Testcasel14, Name",
    "settleDate": "08/23/2016"
  },
  {
    "agencyCode": "5003",
    "cashItemId": "40863571",
    "policyId": "504610101729001",
    "version": "1",
    "entryDate": "08/19/2016",
    "amount": "655.3",
    "typeCode": "2",
    "appliedDate": "08/19/2016",
    "clearDate": null,
    "companyNumber": "61",
    "namedInsured": "Testcasel15, Notab",
    "settleDate": "08/23/2016"
  },
  {
    "agencyCode": "5003",
    "cashItemId": "40863475",
    "policyId": "104631108827001",
    "version": "1",
    "entryDate": "08/18/2016",
    "amount": "126.16",
    "typeCode": "2",
    "appliedDate": "08/18/2016",
    "clearDate": null,
    "companyNumber": "63",
    "namedInsured": "Magana, Rivas Virginia",
    "settleDate": "08/22/2016"
  },
  {
    "agencyCode": "5003",
    "cashItemId": "40863489",
    "policyId": "104631108831001",
    "version": "1",
    "entryDate": "08/18/2016",
    "amount": "271.56",
    "typeCode": "2",
    "appliedDate": "08/18/2016",
    "clearDate": null,
    "companyNumber": "63",
    "namedInsured": "Testcase, Upload",
    "settleDate": "08/22/2016"
  },
  {
    "agencyCode": "5003",
    "cashItemId": "40863486",
    "policyId": "504610101725001",
    "version": "1",
    "entryDate": "08/18/2016",
    "amount": "601.47",
    "typeCode": "2",
    "appliedDate": "08/18/2016",
    "clearDate": null,
    "companyNumber": "61",
    "namedInsured": "Testcasel14, Name",
    "settleDate": "08/22/2016"
  },
  {
    "agencyCode": "5003",
    "cashItemId": "40863491",
    "policyId": "504610101726001",
    "version": "1",
    "entryDate": "08/18/2016",
    "amount": "601.47",
    "typeCode": "2",
    "appliedDate": "08/18/2016",
    "clearDate": null,
    "companyNumber": "61",
    "namedInsured": "Testcasel14, Name",
    "settleDate": "08/22/2016"
  },
  {
    "agencyCode": "5003",
    "cashItemId": "40863521",
    "policyId": "504610101727001",
    "version": "1",
    "entryDate": "08/18/2016",
    "amount": "2646",
    "typeCode": "2",
    "appliedDate": "08/18/2016",
    "clearDate": null,
    "companyNumber": "61",
    "namedInsured": "Testcasel14, Name",
    "settleDate": "08/22/2016"
  },
  {
    "agencyCode": "5003",
    "cashItemId": "40863479",
    "policyId": "604610019820001",
    "version": "1",
    "entryDate": "08/18/2016",
    "amount": "2710",
    "typeCode": "2",
    "appliedDate": "08/18/2016",
    "clearDate": null,
    "companyNumber": "61",
    "namedInsured": "Classic, Ca",
    "settleDate": "08/22/2016"
  },
  {
    "agencyCode": "5003",
    "cashItemId": "40863434",
    "policyId": "104631108824001",
    "version": "1",
    "entryDate": "08/17/2016",
    "amount": "287.56",
    "typeCode": "2",
    "appliedDate": "08/17/2016",
    "clearDate": null,
    "companyNumber": "63",
    "namedInsured": "Estell, Christina",
    "settleDate": "08/19/2016"
  },
  {
    "agencyCode": "5003",
    "cashItemId": "40863440",
    "policyId": "104631108825001",
    "version": "1",
    "entryDate": "08/17/2016",
    "amount": "735.88",
    "typeCode": "2",
    "appliedDate": "08/17/2016",
    "clearDate": null,
    "companyNumber": "63",
    "namedInsured": "Asdf, Asdf",
    "settleDate": "08/19/2016"
  },
  {
    "agencyCode": "5003",
    "cashItemId": "40863446",
    "policyId": "104631108826001",
    "version": "1",
    "entryDate": "08/17/2016",
    "amount": "735.88",
    "typeCode": "2",
    "appliedDate": "08/17/2016",
    "clearDate": null,
    "companyNumber": "63",
    "namedInsured": "Asdf, Asdf",
    "settleDate": "08/19/2016"
  },
  {
    "agencyCode": "5003",
    "cashItemId": "40822551",
    "policyId": "104422385441001",
    "version": "1",
    "entryDate": "08/10/2016",
    "amount": "462.26",
    "typeCode": "2",
    "appliedDate": "08/10/2016",
    "clearDate": null,
    "companyNumber": "63",
    "namedInsured": "Sad, Happy",
    "settleDate": "08/12/2016"
  },
  {
    "agencyCode": "5003",
    "cashItemId": "40822474",
    "policyId": "104601108808002",
    "version": "1",
    "entryDate": "08/04/2016",
    "amount": "3067.76",
    "typeCode": "2",
    "appliedDate": "08/04/2016",
    "clearDate": null,
    "companyNumber": "60",
    "namedInsured": "Bbb, Aaa",
    "settleDate": "08/08/2016"
  },
  {
    "agencyCode": "5003",
    "cashItemId": "40822460",
    "policyId": "104631108807002",
    "version": "1",
    "entryDate": "08/03/2016",
    "amount": "138.96",
    "typeCode": "2",
    "appliedDate": "08/03/2016",
    "clearDate": null,
    "companyNumber": "63",
    "namedInsured": "Testcasefr11, Testing 02",
    "settleDate": "08/05/2016"
  },
  {
    "agencyCode": "5003",
    "cashItemId": "40822441",
    "policyId": "104701108798001",
    "version": "1",
    "entryDate": "08/03/2016",
    "amount": "2456.28",
    "typeCode": "2",
    "appliedDate": "08/03/2016",
    "clearDate": null,
    "companyNumber": "70",
    "namedInsured": "Tisdell, Turner",
    "settleDate": null
  },
  {
    "agencyCode": "5003",
    "cashItemId": "40822417",
    "policyId": "104631108785002",
    "version": "1",
    "entryDate": "08/02/2016",
    "amount": "475.66",
    "typeCode": "2",
    "appliedDate": "08/02/2016",
    "clearDate": null,
    "companyNumber": "63",
    "namedInsured": "Test, Samaya",
    "settleDate": "08/04/2016"
  },
  {
    "agencyCode": "5003",
    "cashItemId": "40822429",
    "policyId": "104701108796001",
    "version": "1",
    "entryDate": "08/02/2016",
    "amount": "648.76",
    "typeCode": "2",
    "appliedDate": "08/02/2016",
    "clearDate": null,
    "companyNumber": "70",
    "namedInsured": "Anderson, James",
    "settleDate": "08/04/2016"
  },
  {
    "agencyCode": "5003",
    "cashItemId": "40822384",
    "policyId": "104601108765002",
    "version": "1",
    "entryDate": "08/01/2016",
    "amount": "3762.28",
    "typeCode": "2",
    "appliedDate": null,
    "clearDate": null,
    "companyNumber": "60",
    "namedInsured": "Tisdell, Turner",
    "settleDate": null
  },
  {
    "agencyCode": "5003",
    "cashItemId": "40822387",
    "policyId": "104631108767001",
    "version": "1",
    "entryDate": "08/01/2016",
    "amount": "100.76",
    "typeCode": "2",
    "appliedDate": "08/01/2016",
    "clearDate": null,
    "companyNumber": "63",
    "namedInsured": "Testcasefr11, Testing 02",
    "settleDate": "08/03/2016"
  },
  {
    "agencyCode": "5003",
    "cashItemId": "40822388",
    "policyId": "104631108768001",
    "version": "1",
    "entryDate": "08/01/2016",
    "amount": "100.76",
    "typeCode": "2",
    "appliedDate": "08/01/2016",
    "clearDate": null,
    "companyNumber": "63",
    "namedInsured": "Testcasefr11, Testing 02",
    "settleDate": "08/03/2016"
  },
  {
    "agencyCode": "5003",
    "cashItemId": "40822365",
    "policyId": "104601108761002",
    "version": "1",
    "entryDate": "07/29/2016",
    "amount": "207.88",
    "typeCode": "2",
    "appliedDate": "07/29/2016",
    "clearDate": null,
    "companyNumber": "60",
    "namedInsured": "Svb, Susan",
    "settleDate": "08/02/2016"
  },
  {
    "agencyCode": "5003",
    "cashItemId": "40822377",
    "policyId": "104631108763001",
    "version": "1",
    "entryDate": "07/29/2016",
    "amount": "2067.76",
    "typeCode": "2",
    "appliedDate": "07/29/2016",
    "clearDate": null,
    "companyNumber": "63",
    "namedInsured": "Test, Ray",
    "settleDate": "08/02/2016"
  },
  {
    "agencyCode": "5003",
    "cashItemId": "40822378",
    "policyId": "104701108764001",
    "version": "1",
    "entryDate": "07/29/2016",
    "amount": "2309.28",
    "typeCode": "2",
    "appliedDate": "07/29/2016",
    "clearDate": null,
    "companyNumber": "70",
    "namedInsured": "Tisdell, Turner",
    "settleDate": "08/02/2016"
  },
  {
    "agencyCode": "5003",
    "cashItemId": "40822362",
    "policyId": "104601108759002",
    "version": "1",
    "entryDate": "07/28/2016",
    "amount": "192.96",
    "typeCode": "2",
    "appliedDate": "07/28/2016",
    "clearDate": null,
    "companyNumber": "60",
    "namedInsured": "Dempsey, Manuel D",
    "settleDate": "08/01/2016"
  },
  {
    "agencyCode": "5003",
    "cashItemId": "40822363",
    "policyId": "104601108760001",
    "version": "1",
    "entryDate": "07/28/2016",
    "amount": "179.86",
    "typeCode": "2",
    "appliedDate": "07/28/2016",
    "clearDate": null,
    "companyNumber": "60",
    "namedInsured": "Dempsey, Manuel D",
    "settleDate": "08/01/2016"
  },
  {
    "agencyCode": "5003",
    "cashItemId": "40821973",
    "policyId": "104631108758001",
    "version": "1",
    "entryDate": "07/26/2016",
    "amount": "100.76",
    "typeCode": "2",
    "appliedDate": "07/26/2016",
    "clearDate": null,
    "companyNumber": "63",
    "namedInsured": "Testcasefr11, Testing 02",
    "settleDate": "07/28/2016"
  },
  {
    "agencyCode": "5003",
    "cashItemId": "40736920",
    "policyId": "104601108278001",
    "version": "1",
    "entryDate": "01/26/2016",
    "amount": "80",
    "typeCode": "2",
    "appliedDate": "01/26/2016",
    "clearDate": null,
    "companyNumber": "60",
    "namedInsured": "Zepeda, Caroll",
    "settleDate": "01/28/2016"
  },
  {
    "agencyCode": "26892",
    "cashItemId": "88842945",
    "policyId": "104433162367001",
    "version": "10",
    "entryDate": "12/31/2016",
    "amount": "96.15",
    "typeCode": "2",
    "appliedDate": "12/31/2016",
    "clearDate": null,
    "companyNumber": "63",
    "namedInsured": "GARCIA, CARLOS CORONEL",
    "settleDate": "01/03/2017"
  },
  {
    "agencyCode": "26892",
    "cashItemId": "88843177",
    "policyId": "104630512118001",
    "version": "3",
    "entryDate": "12/31/2016",
    "amount": "163.22",
    "typeCode": "2",
    "appliedDate": "12/31/2016",
    "clearDate": null,
    "companyNumber": "60",
    "namedInsured": "Mejia Donis, Manuel Orlando",
    "settleDate": "01/03/2017"
  },
  {
    "agencyCode": "26892",
    "cashItemId": "88843763",
    "policyId": "104630956889001",
    "version": "3",
    "entryDate": "12/31/2016",
    "amount": "342",
    "typeCode": "2",
    "appliedDate": "12/31/2016",
    "clearDate": null,
    "companyNumber": "63",
    "namedInsured": "Villafana, Guadalupe",
    "settleDate": "01/03/2017"
  },
  {
    "agencyCode": "26892",
    "cashItemId": "88820211",
    "policyId": "104600340021001",
    "version": "5",
    "entryDate": "12/30/2016",
    "amount": "106",
    "typeCode": "2",
    "appliedDate": "12/30/2016",
    "clearDate": null,
    "companyNumber": "60",
    "namedInsured": "Gomez Ramos, Julio Antonio",
    "settleDate": "01/03/2017"
  },
  {
    "agencyCode": "26892",
    "cashItemId": "88794261",
    "policyId": "104630778795001",
    "version": "4",
    "entryDate": "12/29/2016",
    "amount": "193",
    "typeCode": "2",
    "appliedDate": "12/29/2016",
    "clearDate": null,
    "companyNumber": "63",
    "namedInsured": "Gray, Ziva",
    "settleDate": "01/02/2017"
  },
  {
    "agencyCode": "26892",
    "cashItemId": "88696738",
    "policyId": "104630154531001",
    "version": "5",
    "entryDate": "12/24/2016",
    "amount": "53.76",
    "typeCode": "2",
    "appliedDate": "12/24/2016",
    "clearDate": null,
    "companyNumber": "60",
    "namedInsured": "Bello-mora, Felipe",
    "settleDate": "12/28/2016"
  },
  {
    "agencyCode": "26892",
    "cashItemId": "88541796",
    "policyId": "104600633939001",
    "version": "4",
    "entryDate": "12/19/2016",
    "amount": "70.23",
    "typeCode": "2",
    "appliedDate": "12/19/2016",
    "clearDate": null,
    "companyNumber": "60",
    "namedInsured": "Munozgonzalez, Rafael",
    "settleDate": "12/21/2016"
  },
  {
    "agencyCode": "26892",
    "cashItemId": "88529277",
    "policyId": "104600508851001",
    "version": "5",
    "entryDate": "12/17/2016",
    "amount": "41",
    "typeCode": "2",
    "appliedDate": "12/17/2016",
    "clearDate": null,
    "companyNumber": "60",
    "namedInsured": "HERNANDEZ, ANGEL CUSTODIO",
    "settleDate": "12/20/2016"
  },
  {
    "agencyCode": "26892",
    "cashItemId": "88528430",
    "policyId": "104630965437001",
    "version": "3",
    "entryDate": "12/17/2016",
    "amount": "131.84",
    "typeCode": "2",
    "appliedDate": "12/17/2016",
    "clearDate": null,
    "companyNumber": "63",
    "namedInsured": "Alatorre-Herrero, Asuncion",
    "settleDate": "12/20/2016"
  },
  {
    "agencyCode": "26892",
    "cashItemId": "88527235",
    "policyId": "104631417902001",
    "version": "1",
    "entryDate": "12/17/2016",
    "amount": "68.96",
    "typeCode": "2",
    "appliedDate": "12/17/2016",
    "clearDate": null,
    "companyNumber": "63",
    "namedInsured": "Lara, Freddy R",
    "settleDate": "12/20/2016"
  },
  {
    "agencyCode": "26892",
    "cashItemId": "88503680",
    "policyId": "104630112353001",
    "version": "5",
    "entryDate": "12/16/2016",
    "amount": "107",
    "typeCode": "2",
    "appliedDate": "12/16/2016",
    "clearDate": null,
    "companyNumber": "63",
    "namedInsured": "Gomez Saenz, Felipe Misael",
    "settleDate": "12/20/2016"
  },
  {
    "agencyCode": "26892",
    "cashItemId": "88477952",
    "policyId": "104630512433001",
    "version": "5",
    "entryDate": "12/15/2016",
    "amount": "161.6",
    "typeCode": "2",
    "appliedDate": "12/15/2016",
    "clearDate": null,
    "companyNumber": "63",
    "namedInsured": "Mabry, Ben",
    "settleDate": "12/19/2016"
  },
  {
    "agencyCode": "26892",
    "cashItemId": "88476908",
    "policyId": "104631339337001",
    "version": "1",
    "entryDate": "12/15/2016",
    "amount": "77.09",
    "typeCode": "2",
    "appliedDate": "12/15/2016",
    "clearDate": null,
    "companyNumber": "63",
    "namedInsured": "Nicolas, Francisco Sebastian",
    "settleDate": "12/19/2016"
  },
  {
    "agencyCode": "26892",
    "cashItemId": "88433262",
    "policyId": "104601114342001",
    "version": "3",
    "entryDate": "12/14/2016",
    "amount": "175",
    "typeCode": "2",
    "appliedDate": "12/14/2016",
    "clearDate": null,
    "companyNumber": "60",
    "namedInsured": "Minor Osorio And Hilaria Tamayomex",
    "settleDate": "12/16/2016"
  },
  {
    "agencyCode": "26892",
    "cashItemId": "88412638",
    "policyId": "104631137245001",
    "version": "4",
    "entryDate": "12/13/2016",
    "amount": "107.98",
    "typeCode": "2",
    "appliedDate": "12/13/2016",
    "clearDate": null,
    "companyNumber": "63",
    "namedInsured": "Urias Vasquez, Santos Antonio",
    "settleDate": "12/15/2016"
  },
  {
    "agencyCode": "26892",
    "cashItemId": "88372488",
    "policyId": "104601024508001",
    "version": "3",
    "entryDate": "12/12/2016",
    "amount": "51.2",
    "typeCode": "2",
    "appliedDate": "12/12/2016",
    "clearDate": null,
    "companyNumber": "60",
    "namedInsured": "Navia, Jose",
    "settleDate": "12/14/2016"
  },
  {
    "agencyCode": "26892",
    "cashItemId": "88358959",
    "policyId": "104601080129001",
    "version": "3",
    "entryDate": "12/10/2016",
    "amount": "112",
    "typeCode": "2",
    "appliedDate": "12/10/2016",
    "clearDate": null,
    "companyNumber": "60",
    "namedInsured": "Pratts, Jaime",
    "settleDate": "12/13/2016"
  },
  {
    "agencyCode": "26892",
    "cashItemId": "88360095",
    "policyId": "104631318957001",
    "version": "1",
    "entryDate": "12/10/2016",
    "amount": "71.41",
    "typeCode": "2",
    "appliedDate": "12/10/2016",
    "clearDate": null,
    "companyNumber": "63",
    "namedInsured": "Herod, Lashawn Denise",
    "settleDate": "12/13/2016"
  },
  {
    "agencyCode": "26892",
    "cashItemId": "88338507",
    "policyId": "104651542532001",
    "version": "5",
    "entryDate": "12/09/2016",
    "amount": "80.28",
    "typeCode": "2",
    "appliedDate": "12/09/2016",
    "clearDate": null,
    "companyNumber": "60",
    "namedInsured": "AJPOPTZIC, CARLOS CLEMENTE",
    "settleDate": "12/13/2016"
  },
  {
    "agencyCode": "26892",
    "cashItemId": "88305686",
    "policyId": "104630688053001",
    "version": "3",
    "entryDate": "12/08/2016",
    "amount": "50",
    "typeCode": "2",
    "appliedDate": "12/08/2016",
    "clearDate": null,
    "companyNumber": "63",
    "namedInsured": "Mejia, Ana Dora Ortiz",
    "settleDate": "12/12/2016"
  },
  {
    "agencyCode": "26892",
    "cashItemId": "88210127",
    "policyId": "104601405720001",
    "version": "1",
    "entryDate": "12/05/2016",
    "amount": "141.4",
    "typeCode": "2",
    "appliedDate": "12/05/2016",
    "clearDate": null,
    "companyNumber": "60",
    "namedInsured": "Ortega Jimenez, Rodrigo",
    "settleDate": "12/07/2016"
  },
  {
    "agencyCode": "26892",
    "cashItemId": "88206472",
    "policyId": "104630925941001",
    "version": "7",
    "entryDate": "12/05/2016",
    "amount": "300",
    "typeCode": "2",
    "appliedDate": "12/05/2016",
    "clearDate": null,
    "companyNumber": "60",
    "namedInsured": "Sundar, Ravindra",
    "settleDate": "12/07/2016"
  },
  {
    "agencyCode": "26892",
    "cashItemId": "88181293",
    "policyId": "104630892183001",
    "version": "4",
    "entryDate": "12/03/2016",
    "amount": "134",
    "typeCode": "2",
    "appliedDate": "12/03/2016",
    "clearDate": null,
    "companyNumber": "63",
    "namedInsured": "Bustos, Alejandro",
    "settleDate": "12/06/2016"
  },
  {
    "agencyCode": "26892",
    "cashItemId": "88126177",
    "policyId": "104600976478001",
    "version": "3",
    "entryDate": "12/01/2016",
    "amount": "84.16",
    "typeCode": "2",
    "appliedDate": "12/01/2016",
    "clearDate": null,
    "companyNumber": "63",
    "namedInsured": "Hillman Sr, Donnell",
    "settleDate": "12/05/2016"
  },
  {
    "agencyCode": "26892",
    "cashItemId": "88130921",
    "policyId": "104601342903001",
    "version": "1",
    "entryDate": "12/01/2016",
    "amount": "64",
    "typeCode": "2",
    "appliedDate": "12/01/2016",
    "clearDate": null,
    "companyNumber": "60",
    "namedInsured": "Acosta-fuentes, Yazmin Lorena",
    "settleDate": "12/05/2016"
  },
  {
    "agencyCode": "26892",
    "cashItemId": "88061824",
    "policyId": "104630956889001",
    "version": "3",
    "entryDate": "11/29/2016",
    "amount": "342.01",
    "typeCode": "2",
    "appliedDate": "11/29/2016",
    "clearDate": null,
    "companyNumber": "63",
    "namedInsured": "Villafana, Guadalupe",
    "settleDate": "12/01/2016"
  },
  {
    "agencyCode": "26892",
    "cashItemId": "88014751",
    "policyId": "104601220101001",
    "version": "2",
    "entryDate": "11/26/2016",
    "amount": "171.02",
    "typeCode": "2",
    "appliedDate": "11/26/2016",
    "clearDate": null,
    "companyNumber": "60",
    "namedInsured": "Perobal Canu, Demetrio",
    "settleDate": "11/29/2016"
  },
  {
    "agencyCode": "26892",
    "cashItemId": "87991588",
    "policyId": "104601194052001",
    "version": "2",
    "entryDate": "11/25/2016",
    "amount": "107",
    "typeCode": "2",
    "appliedDate": "11/25/2016",
    "clearDate": null,
    "companyNumber": "60",
    "namedInsured": "Reyes, Norma Elizabeth",
    "settleDate": "11/29/2016"
  },
  {
    "agencyCode": "26892",
    "cashItemId": "87992003",
    "policyId": "104630512433001",
    "version": "5",
    "entryDate": "11/25/2016",
    "amount": "162",
    "typeCode": "2",
    "appliedDate": "11/25/2016",
    "clearDate": null,
    "companyNumber": "63",
    "namedInsured": "Mabry, Ben",
    "settleDate": "11/29/2016"
  },
  {
    "agencyCode": "26892",
    "cashItemId": "87765240",
    "policyId": "104600508851001",
    "version": "5",
    "entryDate": "11/19/2016",
    "amount": "42",
    "typeCode": "2",
    "appliedDate": "11/19/2016",
    "clearDate": null,
    "companyNumber": "60",
    "namedInsured": "HERNANDEZ, ANGEL CUSTODIO",
    "settleDate": "11/22/2016"
  },
  {
    "agencyCode": "26892",
    "cashItemId": "87820216",
    "policyId": "104600633939001",
    "version": "4",
    "entryDate": "11/19/2016",
    "amount": "70.23",
    "typeCode": "2",
    "appliedDate": "11/19/2016",
    "clearDate": null,
    "companyNumber": "60",
    "namedInsured": "Munozgonzalez, Rafael",
    "settleDate": "11/22/2016"
  },
  {
    "agencyCode": "26892",
    "cashItemId": "87824467",
    "policyId": "104600970177001",
    "version": "2",
    "entryDate": "11/19/2016",
    "amount": "143.15",
    "typeCode": "2",
    "appliedDate": "11/19/2016",
    "clearDate": null,
    "companyNumber": "60",
    "namedInsured": "Mendez Gomez, Omar",
    "settleDate": "11/22/2016"
  },
  {
    "agencyCode": "26892",
    "cashItemId": "87790799",
    "policyId": "104630710760001",
    "version": "5",
    "entryDate": "11/19/2016",
    "amount": "118",
    "typeCode": "2",
    "appliedDate": "11/19/2016",
    "clearDate": null,
    "companyNumber": "60",
    "namedInsured": "Montes, Pedro",
    "settleDate": "11/22/2016"
  },
  {
    "agencyCode": "26892",
    "cashItemId": "87824001",
    "policyId": "104631339337001",
    "version": "1",
    "entryDate": "11/19/2016",
    "amount": "77",
    "typeCode": "2",
    "appliedDate": "11/19/2016",
    "clearDate": null,
    "companyNumber": "63",
    "namedInsured": "Nicolas, Francisco Sebastian",
    "settleDate": "11/22/2016"
  },
  {
    "agencyCode": "26892",
    "cashItemId": "87740711",
    "policyId": "104630965437001",
    "version": "3",
    "entryDate": "11/18/2016",
    "amount": "133",
    "typeCode": "2",
    "appliedDate": "11/18/2016",
    "clearDate": null,
    "companyNumber": "63",
    "namedInsured": "Alatorre-Herrero, Asuncion",
    "settleDate": "11/22/2016"
  },
  {
    "agencyCode": "26892",
    "cashItemId": "87712647",
    "policyId": "104630290760001",
    "version": "6",
    "entryDate": "11/17/2016",
    "amount": "51.95",
    "typeCode": "2",
    "appliedDate": "11/17/2016",
    "clearDate": null,
    "companyNumber": "63",
    "namedInsured": "Gladney, Shenesia Juanea",
    "settleDate": "11/21/2016"
  },
  {
    "agencyCode": "26892",
    "cashItemId": "87646083",
    "policyId": "104601024508001",
    "version": "3",
    "entryDate": "11/15/2016",
    "amount": "46",
    "typeCode": "2",
    "appliedDate": "11/15/2016",
    "clearDate": null,
    "companyNumber": "60",
    "namedInsured": "Navia, Jose",
    "settleDate": "11/17/2016"
  },
  {
    "agencyCode": "26892",
    "cashItemId": "87615691",
    "policyId": "104600841958001",
    "version": "4",
    "entryDate": "11/14/2016",
    "amount": "61.92",
    "typeCode": "2",
    "appliedDate": "11/14/2016",
    "clearDate": null,
    "companyNumber": "60",
    "namedInsured": "Garcia, Oscar Antonio",
    "settleDate": "11/16/2016"
  },
  {
    "agencyCode": "26892",
    "cashItemId": "87625448",
    "policyId": "104631318957001",
    "version": "1",
    "entryDate": "11/14/2016",
    "amount": "71.41",
    "typeCode": "2",
    "appliedDate": "11/14/2016",
    "clearDate": null,
    "companyNumber": "63",
    "namedInsured": "Herod, Lashawn Denise",
    "settleDate": "11/16/2016"
  },
  {
    "agencyCode": "26892",
    "cashItemId": "87581735",
    "policyId": "104601080129001",
    "version": "3",
    "entryDate": "11/11/2016",
    "amount": "136",
    "typeCode": "2",
    "appliedDate": "11/11/2016",
    "clearDate": null,
    "companyNumber": "60",
    "namedInsured": "Pratts, Jaime",
    "settleDate": "11/15/2016"
  },
  {
    "agencyCode": "26892",
    "cashItemId": "87587119",
    "policyId": "104601392934001",
    "version": "1",
    "entryDate": "11/11/2016",
    "amount": "163",
    "typeCode": "2",
    "appliedDate": "11/11/2016",
    "clearDate": null,
    "companyNumber": "60",
    "namedInsured": "Pugh, James Devon",
    "settleDate": "11/15/2016"
  },
  {
    "agencyCode": "26892",
    "cashItemId": "87586079",
    "policyId": "104601409105001",
    "version": "1",
    "entryDate": "11/11/2016",
    "amount": "156.06",
    "typeCode": "2",
    "appliedDate": "11/11/2016",
    "clearDate": null,
    "companyNumber": "60",
    "namedInsured": "Beza, Ryan Edward",
    "settleDate": "11/15/2016"
  },
  {
    "agencyCode": "26892",
    "cashItemId": "87533925",
    "policyId": "104601114342001",
    "version": "3",
    "entryDate": "11/09/2016",
    "amount": "169",
    "typeCode": "2",
    "appliedDate": "11/09/2016",
    "clearDate": null,
    "companyNumber": "60",
    "namedInsured": "Minor Osorio And Hilaria Tamayomex",
    "settleDate": "11/14/2016"
  },
  {
    "agencyCode": "26892",
    "cashItemId": "87536977",
    "policyId": "104631408660001",
    "version": "1",
    "entryDate": "11/09/2016",
    "amount": "119.86",
    "typeCode": "2",
    "appliedDate": "11/09/2016",
    "clearDate": null,
    "companyNumber": "63",
    "namedInsured": "Callies Jr, Herbert Joseph",
    "settleDate": "11/14/2016"
  },
  {
    "agencyCode": "26892",
    "cashItemId": "87447974",
    "policyId": "104600975840001",
    "version": "2",
    "entryDate": "11/07/2016",
    "amount": "130",
    "typeCode": "2",
    "appliedDate": "11/07/2016",
    "clearDate": null,
    "companyNumber": "60",
    "namedInsured": "Penn, Sherri Diana",
    "settleDate": "11/09/2016"
  },
  {
    "agencyCode": "26892",
    "cashItemId": "87450460",
    "policyId": "104630688053001",
    "version": "3",
    "entryDate": "11/07/2016",
    "amount": "49.02",
    "typeCode": "2",
    "appliedDate": "11/07/2016",
    "clearDate": null,
    "companyNumber": "63",
    "namedInsured": "Mejia, Ana Dora Ortiz",
    "settleDate": "11/09/2016"
  },
  {
    "agencyCode": "26892",
    "cashItemId": "87436142",
    "policyId": "104600587330001",
    "version": "6",
    "entryDate": "11/05/2016",
    "amount": "106",
    "typeCode": "2",
    "appliedDate": "11/05/2016",
    "clearDate": null,
    "companyNumber": "60",
    "namedInsured": "Yarbrough, Kathryn",
    "settleDate": "11/08/2016"
  },
  {
    "agencyCode": "26892",
    "cashItemId": "87431574",
    "policyId": "104630112353001",
    "version": "5",
    "entryDate": "11/05/2016",
    "amount": "61",
    "typeCode": "2",
    "appliedDate": "11/05/2016",
    "clearDate": null,
    "companyNumber": "63",
    "namedInsured": "Gomez Saenz, Felipe Misael",
    "settleDate": "11/08/2016"
  },
  {
    "agencyCode": "26892",
    "cashItemId": "87432425",
    "policyId": "104630892183001",
    "version": "3",
    "entryDate": "11/05/2016",
    "amount": "77.18",
    "typeCode": "2",
    "appliedDate": "11/05/2016",
    "clearDate": null,
    "companyNumber": "63",
    "namedInsured": "Bustos, Alejandro",
    "settleDate": "11/08/2016"
  },
  {
    "agencyCode": "26892",
    "cashItemId": "87415332",
    "policyId": "104631407079001",
    "version": "1",
    "entryDate": "11/04/2016",
    "amount": "104.56",
    "typeCode": "2",
    "appliedDate": "11/04/2016",
    "clearDate": null,
    "companyNumber": "63",
    "namedInsured": "Lindo, Anita Marie",
    "settleDate": "11/08/2016"
  },
  {
    "agencyCode": "26892",
    "cashItemId": "87378134",
    "policyId": "104601212296001",
    "version": "3",
    "entryDate": "11/03/2016",
    "amount": "175.15",
    "typeCode": "2",
    "appliedDate": "11/03/2016",
    "clearDate": null,
    "companyNumber": "60",
    "namedInsured": "Avila, Juan Ramon",
    "settleDate": "11/07/2016"
  },
  {
    "agencyCode": "26892",
    "cashItemId": "87385813",
    "policyId": "104601406614001",
    "version": "1",
    "entryDate": "11/03/2016",
    "amount": "322.92",
    "typeCode": "2",
    "appliedDate": "11/03/2016",
    "clearDate": null,
    "companyNumber": "60",
    "namedInsured": "Randolph, Melody Patrice",
    "settleDate": "11/07/2016"
  },
  {
    "agencyCode": "26892",
    "cashItemId": "87379667",
    "policyId": "104630307250001",
    "version": "5",
    "entryDate": "11/03/2016",
    "amount": "60.17",
    "typeCode": "2",
    "appliedDate": "11/03/2016",
    "clearDate": null,
    "companyNumber": "63",
    "namedInsured": "SAMUELS, THOMAS K",
    "settleDate": "11/07/2016"
  },
  {
    "agencyCode": "26892",
    "cashItemId": "87375110",
    "policyId": "104631406297001",
    "version": "1",
    "entryDate": "11/03/2016",
    "amount": "109",
    "typeCode": "2",
    "appliedDate": "11/03/2016",
    "clearDate": null,
    "companyNumber": "63",
    "namedInsured": "Cook, Markita Annese",
    "settleDate": "11/07/2016"
  },
  {
    "agencyCode": "26892",
    "cashItemId": "87313035",
    "policyId": "104601405720001",
    "version": "1",
    "entryDate": "11/01/2016",
    "amount": "187.36",
    "typeCode": "2",
    "appliedDate": "11/01/2016",
    "clearDate": null,
    "companyNumber": "60",
    "namedInsured": "Ortega Jimenez, Rodrigo",
    "settleDate": "11/03/2016"
  },
  {
    "agencyCode": "26892",
    "cashItemId": "87312917",
    "policyId": "104630487044001",
    "version": "3",
    "entryDate": "11/01/2016",
    "amount": "116.46",
    "typeCode": "2",
    "appliedDate": "11/01/2016",
    "clearDate": null,
    "companyNumber": "60",
    "namedInsured": "Stanford, Marlon Al",
    "settleDate": "11/03/2016"
  },
  {
    "agencyCode": "26892",
    "cashItemId": "87290054",
    "policyId": "104630512118001",
    "version": "3",
    "entryDate": "10/31/2016",
    "amount": "91.46",
    "typeCode": "2",
    "appliedDate": "10/31/2016",
    "clearDate": null,
    "companyNumber": "60",
    "namedInsured": "Mejia Donis, Manuel Orlando",
    "settleDate": "11/02/2016"
  },
  {
    "agencyCode": "26892",
    "cashItemId": "87263506",
    "policyId": "104600802953001",
    "version": "6",
    "entryDate": "10/29/2016",
    "amount": "86.02",
    "typeCode": "2",
    "appliedDate": "10/29/2016",
    "clearDate": null,
    "companyNumber": "60",
    "namedInsured": "Leon, Juan Manuel",
    "settleDate": "11/01/2016"
  },
  {
    "agencyCode": "26892",
    "cashItemId": "87262320",
    "policyId": "104630439079001",
    "version": "5",
    "entryDate": "10/29/2016",
    "amount": "73.46",
    "typeCode": "2",
    "appliedDate": "10/29/2016",
    "clearDate": null,
    "companyNumber": "60",
    "namedInsured": "Gooden, Rochelle A",
    "settleDate": "11/01/2016"
  },
  {
    "agencyCode": "26892",
    "cashItemId": "87260560",
    "policyId": "104630900768001",
    "version": "4",
    "entryDate": "10/29/2016",
    "amount": "76.27",
    "typeCode": "2",
    "appliedDate": "10/29/2016",
    "clearDate": null,
    "companyNumber": "63",
    "namedInsured": "Magana-godinez, Miguel Angel",
    "settleDate": "11/01/2016"
  },
  {
    "agencyCode": "26892",
    "cashItemId": "87265702",
    "policyId": "104630956889001",
    "version": "3",
    "entryDate": "10/29/2016",
    "amount": "342.01",
    "typeCode": "2",
    "appliedDate": "10/29/2016",
    "clearDate": null,
    "companyNumber": "63",
    "namedInsured": "Villafana, Guadalupe",
    "settleDate": "11/01/2016"
  },
  {
    "agencyCode": "26892",
    "cashItemId": "87239271",
    "policyId": "104601339767001",
    "version": "1",
    "entryDate": "10/28/2016",
    "amount": "60.44",
    "typeCode": "2",
    "appliedDate": "10/28/2016",
    "clearDate": null,
    "companyNumber": "60",
    "namedInsured": "Washington, Shirley Ann",
    "settleDate": "11/01/2016"
  },
  {
    "agencyCode": "26892",
    "cashItemId": "87248334",
    "policyId": "104630268042001",
    "version": "6",
    "entryDate": "10/28/2016",
    "amount": "70.02",
    "typeCode": "2",
    "appliedDate": "10/28/2016",
    "clearDate": null,
    "companyNumber": "63",
    "namedInsured": "Pena Perea, Juan Ramon",
    "settleDate": "11/01/2016"
  },
  {
    "agencyCode": "26892",
    "cashItemId": "87241534",
    "policyId": "104630504273001",
    "version": "5",
    "entryDate": "10/28/2016",
    "amount": "125.78",
    "typeCode": "2",
    "appliedDate": "10/28/2016",
    "clearDate": null,
    "companyNumber": "63",
    "namedInsured": "BOWMAN, WENDELL LAVELLE",
    "settleDate": "11/01/2016"
  },
  {
    "agencyCode": "26892",
    "cashItemId": "87246293",
    "policyId": "104630849779001",
    "version": "4",
    "entryDate": "10/28/2016",
    "amount": "103.07",
    "typeCode": "2",
    "appliedDate": "10/28/2016",
    "clearDate": null,
    "companyNumber": "63",
    "namedInsured": "Rodriguez, Jose Salvador",
    "settleDate": "11/01/2016"
  },
  {
    "agencyCode": "26892",
    "cashItemId": "87250023",
    "policyId": "104631308499001",
    "version": "1",
    "entryDate": "10/28/2016",
    "amount": "61.23",
    "typeCode": "2",
    "appliedDate": "10/28/2016",
    "clearDate": null,
    "companyNumber": "63",
    "namedInsured": "Rodriguez-morales, Isaias",
    "settleDate": "11/01/2016"
  },
  {
    "agencyCode": "26892",
    "cashItemId": "87222420",
    "policyId": "104600850243001",
    "version": "4",
    "entryDate": "10/27/2016",
    "amount": "46.6",
    "typeCode": "2",
    "appliedDate": "10/27/2016",
    "clearDate": null,
    "companyNumber": "60",
    "namedInsured": "Gaytan, Carlos Rea",
    "settleDate": "10/31/2016"
  },
  {
    "agencyCode": "26892",
    "cashItemId": "87221800",
    "policyId": "104600965668001",
    "version": "3",
    "entryDate": "10/27/2016",
    "amount": "59",
    "typeCode": "2",
    "appliedDate": "10/27/2016",
    "clearDate": null,
    "companyNumber": "60",
    "namedInsured": "Garcia, Francisco",
    "settleDate": "10/31/2016"
  },
  {
    "agencyCode": "26892",
    "cashItemId": "87216600",
    "policyId": "104601249982001",
    "version": "3",
    "entryDate": "10/27/2016",
    "amount": "56",
    "typeCode": "2",
    "appliedDate": "10/27/2016",
    "clearDate": null,
    "companyNumber": "60",
    "namedInsured": "Vazquezcatalan, Karina",
    "settleDate": "10/31/2016"
  },
  {
    "agencyCode": "26892",
    "cashItemId": "87218953",
    "policyId": "104601342903001",
    "version": "1",
    "entryDate": "10/27/2016",
    "amount": "62.26",
    "typeCode": "2",
    "appliedDate": "10/27/2016",
    "clearDate": null,
    "companyNumber": "60",
    "namedInsured": "Acosta-fuentes, Yazmin Lorena",
    "settleDate": "10/31/2016"
  },
  {
    "agencyCode": "26892",
    "cashItemId": "87213682",
    "policyId": "104601386710001",
    "version": "1",
    "entryDate": "10/27/2016",
    "amount": "97",
    "typeCode": "2",
    "appliedDate": "10/27/2016",
    "clearDate": null,
    "companyNumber": "60",
    "namedInsured": "Arroyo, Jose Manuel",
    "settleDate": "10/31/2016"
  },
  {
    "agencyCode": "26892",
    "cashItemId": "87219438",
    "policyId": "104630174857001",
    "version": "5",
    "entryDate": "10/27/2016",
    "amount": "115",
    "typeCode": "2",
    "appliedDate": "10/27/2016",
    "clearDate": null,
    "companyNumber": "63",
    "namedInsured": "DIAZ, JOSE",
    "settleDate": "10/31/2016"
  },
  {
    "agencyCode": "26892",
    "cashItemId": "87222129",
    "policyId": "104630841829001",
    "version": "4",
    "entryDate": "10/27/2016",
    "amount": "29.6",
    "typeCode": "2",
    "appliedDate": "10/27/2016",
    "clearDate": null,
    "companyNumber": "63",
    "namedInsured": "Clark, Vivian",
    "settleDate": "10/31/2016"
  },
  {
    "agencyCode": "26892",
    "cashItemId": "87222129",
    "policyId": "104630841829001",
    "version": "5",
    "entryDate": "10/27/2016",
    "amount": "114.4",
    "typeCode": "2",
    "appliedDate": "10/27/2016",
    "clearDate": null,
    "companyNumber": "63",
    "namedInsured": "Clark, Vivian",
    "settleDate": "10/31/2016"
  },
  {
    "agencyCode": "26892",
    "cashItemId": "87216065",
    "policyId": "104631404108001",
    "version": "1",
    "entryDate": "10/27/2016",
    "amount": "194.16",
    "typeCode": "2",
    "appliedDate": "10/27/2016",
    "clearDate": null,
    "companyNumber": "63",
    "namedInsured": "Jackson, Natasha",
    "settleDate": "10/31/2016"
  },
  {
    "agencyCode": "26892",
    "cashItemId": "87220175",
    "policyId": "104631404225001",
    "version": "1",
    "entryDate": "10/27/2016",
    "amount": "118.56",
    "typeCode": "2",
    "appliedDate": "10/27/2016",
    "clearDate": null,
    "companyNumber": "63",
    "namedInsured": "Munoz, Esmeralda",
    "settleDate": "10/31/2016"
  },
  {
    "agencyCode": "26892",
    "cashItemId": "87221276",
    "policyId": "104631404250001",
    "version": "1",
    "entryDate": "10/27/2016",
    "amount": "250",
    "typeCode": "2",
    "appliedDate": "10/27/2016",
    "clearDate": null,
    "companyNumber": "63",
    "namedInsured": "Thomas, Dwayne Marvin",
    "settleDate": "10/31/2016"
  },
  {
    "agencyCode": "26892",
    "cashItemId": "87222081",
    "policyId": "104631404292001",
    "version": "1",
    "entryDate": "10/27/2016",
    "amount": "164.46",
    "typeCode": "2",
    "appliedDate": "10/27/2016",
    "clearDate": null,
    "companyNumber": "63",
    "namedInsured": "Avila, Carmen",
    "settleDate": "10/31/2016"
  },
  {
    "agencyCode": "26892",
    "cashItemId": "87186794",
    "policyId": "104600103221001",
    "version": "5",
    "entryDate": "10/26/2016",
    "amount": "113.89",
    "typeCode": "2",
    "appliedDate": "10/26/2016",
    "clearDate": null,
    "companyNumber": "60",
    "namedInsured": "RODRIGUES, FELIPE RESENDIZ",
    "settleDate": "10/28/2016"
  },
  {
    "agencyCode": "26892",
    "cashItemId": "87183585",
    "policyId": "104600113220001",
    "version": "5",
    "entryDate": "10/26/2016",
    "amount": "157",
    "typeCode": "2",
    "appliedDate": "10/26/2016",
    "clearDate": null,
    "companyNumber": "60",
    "namedInsured": "Jones, Roshanda Lynn",
    "settleDate": "10/28/2016"
  },
  {
    "agencyCode": "26892",
    "cashItemId": "87185801",
    "policyId": "104601000700001",
    "version": "3",
    "entryDate": "10/26/2016",
    "amount": "130",
    "typeCode": "2",
    "appliedDate": "10/26/2016",
    "clearDate": null,
    "companyNumber": "60",
    "namedInsured": "Kelly, Ray Bernard",
    "settleDate": "10/28/2016"
  },
  {
    "agencyCode": "26892",
    "cashItemId": "87187714",
    "policyId": "104601220101001",
    "version": "2",
    "entryDate": "10/26/2016",
    "amount": "172",
    "typeCode": "2",
    "appliedDate": "10/26/2016",
    "clearDate": null,
    "companyNumber": "60",
    "namedInsured": "Perobal Canu, Demetrio",
    "settleDate": "10/28/2016"
  },
  {
    "agencyCode": "26892",
    "cashItemId": "87188469",
    "policyId": "104601245266001",
    "version": "3",
    "entryDate": "10/26/2016",
    "amount": "23.2",
    "typeCode": "2",
    "appliedDate": "10/26/2016",
    "clearDate": null,
    "companyNumber": "60",
    "namedInsured": "Arreola, Juana Isabel",
    "settleDate": "10/28/2016"
  },
  {
    "agencyCode": "26892",
    "cashItemId": "87188469",
    "policyId": "104601245266001",
    "version": "4",
    "entryDate": "10/26/2016",
    "amount": "86.76",
    "typeCode": "2",
    "appliedDate": "10/26/2016",
    "clearDate": null,
    "companyNumber": "60",
    "namedInsured": "Arreola, Juana Isabel",
    "settleDate": "10/28/2016"
  },
  {
    "agencyCode": "26892",
    "cashItemId": "87185709",
    "policyId": "104601403923001",
    "version": "1",
    "entryDate": "10/26/2016",
    "amount": "125.66",
    "typeCode": "2",
    "appliedDate": "10/26/2016",
    "clearDate": null,
    "companyNumber": "60",
    "namedInsured": "Timbo, Isatu Sadie",
    "settleDate": "10/28/2016"
  },
  {
    "agencyCode": "26892",
    "cashItemId": "87185026",
    "policyId": "104630453494001",
    "version": "5",
    "entryDate": "10/26/2016",
    "amount": "118.76",
    "typeCode": "2",
    "appliedDate": "10/26/2016",
    "clearDate": null,
    "companyNumber": "63",
    "namedInsured": "Salas, Juan Carlos",
    "settleDate": "10/28/2016"
  },
  {
    "agencyCode": "26892",
    "cashItemId": "87184177",
    "policyId": "104631403866001",
    "version": "1",
    "entryDate": "10/26/2016",
    "amount": "162.66",
    "typeCode": "2",
    "appliedDate": "10/26/2016",
    "clearDate": null,
    "companyNumber": "63",
    "namedInsured": "Torres King, Reynaldo",
    "settleDate": "10/28/2016"
  },
  {
    "agencyCode": "26892",
    "cashItemId": "87163789",
    "policyId": "104600970177001",
    "version": "2",
    "entryDate": "10/25/2016",
    "amount": "137.15",
    "typeCode": "2",
    "appliedDate": "10/25/2016",
    "clearDate": null,
    "companyNumber": "60",
    "namedInsured": "Mendez Gomez, Omar",
    "settleDate": "10/27/2016"
  },
  {
    "agencyCode": "26892",
    "cashItemId": "87154183",
    "policyId": "104601332599001",
    "version": "1",
    "entryDate": "10/25/2016",
    "amount": "190",
    "typeCode": "2",
    "appliedDate": "10/25/2016",
    "clearDate": null,
    "companyNumber": "60",
    "namedInsured": "Harris, Le Shrawnda Z",
    "settleDate": "10/27/2016"
  },
  {
    "agencyCode": "26892",
    "cashItemId": "87158897",
    "policyId": "104631030954001",
    "version": "3",
    "entryDate": "10/25/2016",
    "amount": "104.16",
    "typeCode": "2",
    "appliedDate": "10/25/2016",
    "clearDate": null,
    "companyNumber": "63",
    "namedInsured": "Juarez-morales, Eriberto",
    "settleDate": "10/27/2016"
  },
  {
    "agencyCode": "26892",
    "cashItemId": "87155262",
    "policyId": "104631202597001",
    "version": "2",
    "entryDate": "10/25/2016",
    "amount": "185",
    "typeCode": "2",
    "appliedDate": "10/25/2016",
    "clearDate": null,
    "companyNumber": "63",
    "namedInsured": "Corado Acalja, Wilmer Anibal",
    "settleDate": "10/27/2016"
  },
  {
    "agencyCode": "26892",
    "cashItemId": "87128724",
    "policyId": "104600769170001",
    "version": "4",
    "entryDate": "10/24/2016",
    "amount": "135",
    "typeCode": "2",
    "appliedDate": "10/24/2016",
    "clearDate": null,
    "companyNumber": "60",
    "namedInsured": "Aguillon-carbajal, Joel Lorenzo",
    "settleDate": "10/26/2016"
  },
  {
    "agencyCode": "26892",
    "cashItemId": "87138634",
    "policyId": "104630613862001",
    "version": "4",
    "entryDate": "10/24/2016",
    "amount": "119.13",
    "typeCode": "2",
    "appliedDate": "10/24/2016",
    "clearDate": null,
    "companyNumber": "63",
    "namedInsured": "Palacio, Jacqueline Jane",
    "settleDate": "10/26/2016"
  },
  {
    "agencyCode": "26892",
    "cashItemId": "87111902",
    "policyId": "104600134298001",
    "version": "5",
    "entryDate": "10/22/2016",
    "amount": "112.34",
    "typeCode": "2",
    "appliedDate": "10/22/2016",
    "clearDate": null,
    "companyNumber": "60",
    "namedInsured": "Samayoa, Cristina Marjoriet",
    "settleDate": "10/25/2016"
  },
  {
    "agencyCode": "26892",
    "cashItemId": "87060214",
    "policyId": "104601386886001",
    "version": "1",
    "entryDate": "10/22/2016",
    "amount": "204",
    "typeCode": "2",
    "appliedDate": "10/22/2016",
    "clearDate": null,
    "companyNumber": "60",
    "namedInsured": "Curtis, Sheba Gail",
    "settleDate": "10/25/2016"
  },
  {
    "agencyCode": "26892",
    "cashItemId": "87099609",
    "policyId": "104630274811001",
    "version": "3",
    "entryDate": "10/22/2016",
    "amount": "190.82",
    "typeCode": "2",
    "appliedDate": "10/22/2016",
    "clearDate": null,
    "companyNumber": "60",
    "namedInsured": "Flores-zavaleta, Rosalinda",
    "settleDate": "10/25/2016"
  },
  {
    "agencyCode": "26892",
    "cashItemId": "87041746",
    "policyId": "104631402635001",
    "version": "1",
    "entryDate": "10/22/2016",
    "amount": "167.16",
    "typeCode": "2",
    "appliedDate": "10/22/2016",
    "clearDate": null,
    "companyNumber": "63",
    "namedInsured": "Iniguez, Ruben",
    "settleDate": "10/25/2016"
  },
  {
    "agencyCode": "26892",
    "cashItemId": "87084518",
    "policyId": "104650174418001",
    "version": "5",
    "entryDate": "10/22/2016",
    "amount": "94.95",
    "typeCode": "2",
    "appliedDate": "10/22/2016",
    "clearDate": null,
    "companyNumber": "60",
    "namedInsured": "RODRIGUEZ, CESAR P",
    "settleDate": "10/25/2016"
  },
  {
    "agencyCode": "26892",
    "cashItemId": "86989851",
    "policyId": "104433162367001",
    "version": "9",
    "entryDate": "10/21/2016",
    "amount": "6",
    "typeCode": "2",
    "appliedDate": "10/21/2016",
    "clearDate": null,
    "companyNumber": "63",
    "namedInsured": "GARCIA, CARLOS CORONEL",
    "settleDate": "10/25/2016"
  },
  {
    "agencyCode": "26892",
    "cashItemId": "86989851",
    "policyId": "104433162367001",
    "version": "10",
    "entryDate": "10/21/2016",
    "amount": "102",
    "typeCode": "2",
    "appliedDate": "10/21/2016",
    "clearDate": null,
    "companyNumber": "63",
    "namedInsured": "GARCIA, CARLOS CORONEL",
    "settleDate": "10/25/2016"
  },
  {
    "agencyCode": "26892",
    "cashItemId": "86990485",
    "policyId": "104600403597001",
    "version": "5",
    "entryDate": "10/21/2016",
    "amount": "120",
    "typeCode": "2",
    "appliedDate": "10/21/2016",
    "clearDate": null,
    "companyNumber": "60",
    "namedInsured": "MORAGA, CHRISTINA",
    "settleDate": "10/25/2016"
  },
  {
    "agencyCode": "26892",
    "cashItemId": "86985997",
    "policyId": "104601004298001",
    "version": "4",
    "entryDate": "10/21/2016",
    "amount": "45",
    "typeCode": "2",
    "appliedDate": "10/21/2016",
    "clearDate": null,
    "companyNumber": "60",
    "namedInsured": "Lopez, Jose Antonio Estrada",
    "settleDate": "10/25/2016"
  },
  {
    "agencyCode": "26892",
    "cashItemId": "86990376",
    "policyId": "104630512433001",
    "version": "5",
    "entryDate": "10/21/2016",
    "amount": "155.4",
    "typeCode": "2",
    "appliedDate": "10/21/2016",
    "clearDate": null,
    "companyNumber": "63",
    "namedInsured": "Mabry, Ben",
    "settleDate": "10/25/2016"
  },
  {
    "agencyCode": "26892",
    "cashItemId": "86990519",
    "policyId": "104631018457001",
    "version": "3",
    "entryDate": "10/21/2016",
    "amount": "149.07",
    "typeCode": "2",
    "appliedDate": "10/21/2016",
    "clearDate": null,
    "companyNumber": "63",
    "namedInsured": "Martinez, Wilfredo A",
    "settleDate": "10/25/2016"
  },
  {
    "agencyCode": "26892",
    "cashItemId": "86997795",
    "policyId": "104640221422001",
    "version": "5",
    "entryDate": "10/21/2016",
    "amount": "94",
    "typeCode": "2",
    "appliedDate": "10/21/2016",
    "clearDate": null,
    "companyNumber": "60",
    "namedInsured": "Raymundo, Maria G",
    "settleDate": "10/25/2016"
  },
  {
    "agencyCode": "26892",
    "cashItemId": "86957546",
    "policyId": "104600302671001",
    "version": "6",
    "entryDate": "10/20/2016",
    "amount": "274.12",
    "typeCode": "2",
    "appliedDate": "10/20/2016",
    "clearDate": null,
    "companyNumber": "63",
    "namedInsured": "Burries, Latoria Denise",
    "settleDate": "10/24/2016"
  },
  {
    "agencyCode": "26892",
    "cashItemId": "86958019",
    "policyId": "104600456188001",
    "version": "5",
    "entryDate": "10/20/2016",
    "amount": "122.84",
    "typeCode": "2",
    "appliedDate": "10/20/2016",
    "clearDate": null,
    "companyNumber": "60",
    "namedInsured": "KEGLER, REGINALD",
    "settleDate": "10/24/2016"
  },
  {
    "agencyCode": "26892",
    "cashItemId": "86961917",
    "policyId": "104630895916001",
    "version": "4",
    "entryDate": "10/20/2016",
    "amount": "120",
    "typeCode": "2",
    "appliedDate": "10/20/2016",
    "clearDate": null,
    "companyNumber": "63",
    "namedInsured": "Pinto, Salvador Flores",
    "settleDate": "10/24/2016"
  },
  {
    "agencyCode": "26892",
    "cashItemId": "86921195",
    "policyId": "104540977536001",
    "version": "5",
    "entryDate": "10/19/2016",
    "amount": "90",
    "typeCode": "2",
    "appliedDate": "10/19/2016",
    "clearDate": null,
    "companyNumber": "60",
    "namedInsured": "CARROLL, BARBARA LYNNE",
    "settleDate": "10/21/2016"
  },
  {
    "agencyCode": "26892",
    "cashItemId": "86918447",
    "policyId": "104630440393001",
    "version": "5",
    "entryDate": "10/19/2016",
    "amount": "363",
    "typeCode": "2",
    "appliedDate": "10/19/2016",
    "clearDate": null,
    "companyNumber": "63",
    "namedInsured": "Floresmartinez, Flora",
    "settleDate": "10/21/2016"
  },
  {
    "agencyCode": "26892",
    "cashItemId": "86925398",
    "policyId": "104630589041001",
    "version": "5",
    "entryDate": "10/19/2016",
    "amount": "110",
    "typeCode": "2",
    "appliedDate": "10/19/2016",
    "clearDate": null,
    "companyNumber": "63",
    "namedInsured": "Villar, Manuel De Jesus Del",
    "settleDate": "10/21/2016"
  },
  {
    "agencyCode": "26892",
    "cashItemId": "86918225",
    "policyId": "104630699201001",
    "version": "5",
    "entryDate": "10/19/2016",
    "amount": "172",
    "typeCode": "2",
    "appliedDate": "10/19/2016",
    "clearDate": null,
    "companyNumber": "60",
    "namedInsured": "Jackson, Michael Rene",
    "settleDate": "10/21/2016"
  },
  {
    "agencyCode": "26892",
    "cashItemId": "86922949",
    "policyId": "104630818455001",
    "version": "4",
    "entryDate": "10/19/2016",
    "amount": "95",
    "typeCode": "2",
    "appliedDate": "10/19/2016",
    "clearDate": null,
    "companyNumber": "63",
    "namedInsured": "Nolasco, Jose E Vargas",
    "settleDate": "10/21/2016"
  },
  {
    "agencyCode": "26892",
    "cashItemId": "86922769",
    "policyId": "104631030894001",
    "version": "3",
    "entryDate": "10/19/2016",
    "amount": "61",
    "typeCode": "2",
    "appliedDate": "10/19/2016",
    "clearDate": null,
    "companyNumber": "63",
    "namedInsured": "Washington, Vaughn Alan",
    "settleDate": "10/21/2016"
  },
  {
    "agencyCode": "26892",
    "cashItemId": "86893327",
    "policyId": "104630895765001",
    "version": "3",
    "entryDate": "10/18/2016",
    "amount": "100.09",
    "typeCode": "2",
    "appliedDate": "10/18/2016",
    "clearDate": null,
    "companyNumber": "60",
    "namedInsured": "Gregory, Joseph Nathen",
    "settleDate": "10/20/2016"
  },
  {
    "agencyCode": "26892",
    "cashItemId": "86896094",
    "policyId": "104631339337001",
    "version": "1",
    "entryDate": "10/18/2016",
    "amount": "77",
    "typeCode": "2",
    "appliedDate": "10/18/2016",
    "clearDate": null,
    "companyNumber": "63",
    "namedInsured": "Nicolas, Francisco Sebastian",
    "settleDate": "10/20/2016"
  },
  {
    "agencyCode": "26892",
    "cashItemId": "86875049",
    "policyId": "104600506686001",
    "version": "5",
    "entryDate": "10/17/2016",
    "amount": "168.05",
    "typeCode": "2",
    "appliedDate": "10/17/2016",
    "clearDate": null,
    "companyNumber": "60",
    "namedInsured": "BOBADILLA, RAMON",
    "settleDate": "10/19/2016"
  },
  {
    "agencyCode": "26892",
    "cashItemId": "86860603",
    "policyId": "104600508851001",
    "version": "5",
    "entryDate": "10/17/2016",
    "amount": "40.84",
    "typeCode": "2",
    "appliedDate": "10/17/2016",
    "clearDate": null,
    "companyNumber": "60",
    "namedInsured": "HERNANDEZ, ANGEL CUSTODIO",
    "settleDate": "10/19/2016"
  },
  {
    "agencyCode": "26892",
    "cashItemId": "86867916",
    "policyId": "104600633939001",
    "version": "4",
    "entryDate": "10/17/2016",
    "amount": "70.23",
    "typeCode": "2",
    "appliedDate": "10/17/2016",
    "clearDate": null,
    "companyNumber": "60",
    "namedInsured": "Munozgonzalez, Rafael",
    "settleDate": "10/19/2016"
  },
  {
    "agencyCode": "26892",
    "cashItemId": "86861543",
    "policyId": "104600867500001",
    "version": "3",
    "entryDate": "10/17/2016",
    "amount": "237.23",
    "typeCode": "2",
    "appliedDate": "10/17/2016",
    "clearDate": null,
    "companyNumber": "60",
    "namedInsured": "Dagley, Terrence Steven",
    "settleDate": "10/19/2016"
  },
  {
    "agencyCode": "26892",
    "cashItemId": "86873604",
    "policyId": "104630080674001",
    "version": "7",
    "entryDate": "10/17/2016",
    "amount": "106.42",
    "typeCode": "2",
    "appliedDate": "10/17/2016",
    "clearDate": null,
    "companyNumber": "60",
    "namedInsured": "Alvarez, Alejandra",
    "settleDate": "10/19/2016"
  },
  {
    "agencyCode": "26892",
    "cashItemId": "86866540",
    "policyId": "104630223527001",
    "version": "2",
    "entryDate": "10/17/2016",
    "amount": "88.8",
    "typeCode": "2",
    "appliedDate": "10/17/2016",
    "clearDate": null,
    "companyNumber": "60",
    "namedInsured": "Johnson Jr, Paul",
    "settleDate": "10/19/2016"
  },
  {
    "agencyCode": "26892",
    "cashItemId": "86865059",
    "policyId": "104630290760001",
    "version": "6",
    "entryDate": "10/17/2016",
    "amount": "45.06",
    "typeCode": "2",
    "appliedDate": "10/17/2016",
    "clearDate": null,
    "companyNumber": "63",
    "namedInsured": "Gladney, Shenesia Juanea",
    "settleDate": "10/19/2016"
  },
  {
    "agencyCode": "26892",
    "cashItemId": "86862157",
    "policyId": "104630357030001",
    "version": "5",
    "entryDate": "10/17/2016",
    "amount": "148.85",
    "typeCode": "2",
    "appliedDate": "10/17/2016",
    "clearDate": null,
    "companyNumber": "63",
    "namedInsured": "Hernandez, Yolanda",
    "settleDate": "10/19/2016"
  },
  {
    "agencyCode": "26892",
    "cashItemId": "86874106",
    "policyId": "104630933298001",
    "version": "3",
    "entryDate": "10/17/2016",
    "amount": "138",
    "typeCode": "2",
    "appliedDate": "10/17/2016",
    "clearDate": null,
    "companyNumber": "63",
    "namedInsured": "Martling, Jeffrey Michael",
    "settleDate": "10/19/2016"
  },
  {
    "agencyCode": "26892",
    "cashItemId": "86848428",
    "policyId": "104631137245001",
    "version": "4",
    "entryDate": "10/15/2016",
    "amount": "108",
    "typeCode": "2",
    "appliedDate": "10/15/2016",
    "clearDate": null,
    "companyNumber": "63",
    "namedInsured": "Urias Vasquez, Santos Antonio",
    "settleDate": "10/18/2016"
  },
  {
    "agencyCode": "26892",
    "cashItemId": "86825810",
    "policyId": "104600534784001",
    "version": "6",
    "entryDate": "10/14/2016",
    "amount": "96",
    "typeCode": "2",
    "appliedDate": "10/14/2016",
    "clearDate": null,
    "companyNumber": "60",
    "namedInsured": "Madrigal, Hector Jimenez",
    "settleDate": "10/18/2016"
  },
  {
    "agencyCode": "26892",
    "cashItemId": "86819261",
    "policyId": "104601028322001",
    "version": "3",
    "entryDate": "10/14/2016",
    "amount": "72.2",
    "typeCode": "2",
    "appliedDate": "10/14/2016",
    "clearDate": null,
    "companyNumber": "60",
    "namedInsured": "Perez, Sara",
    "settleDate": "10/18/2016"
  },
  {
    "agencyCode": "26892",
    "cashItemId": "86814689",
    "policyId": "104601399848001",
    "version": "1",
    "entryDate": "10/14/2016",
    "amount": "115.22",
    "typeCode": "2",
    "appliedDate": "10/14/2016",
    "clearDate": null,
    "companyNumber": "60",
    "namedInsured": "Dorantes Cisnero, Elena",
    "settleDate": "10/18/2016"
  },
  {
    "agencyCode": "26892",
    "cashItemId": "86822294",
    "policyId": "104630455321001",
    "version": "5",
    "entryDate": "10/14/2016",
    "amount": "84.64",
    "typeCode": "2",
    "appliedDate": "10/14/2016",
    "clearDate": null,
    "companyNumber": "63",
    "namedInsured": "Escoto, Jorge",
    "settleDate": "10/18/2016"
  },
  {
    "agencyCode": "26892",
    "cashItemId": "86824278",
    "policyId": "104631400118001",
    "version": "1",
    "entryDate": "10/14/2016",
    "amount": "111.66",
    "typeCode": "2",
    "appliedDate": "10/14/2016",
    "clearDate": null,
    "companyNumber": "63",
    "namedInsured": "Ortega, Gabriela",
    "settleDate": "10/18/2016"
  },
  {
    "agencyCode": "26892",
    "cashItemId": "86793357",
    "policyId": "104631339789001",
    "version": "1",
    "entryDate": "10/13/2016",
    "amount": "279.28",
    "typeCode": "2",
    "appliedDate": "10/13/2016",
    "clearDate": null,
    "companyNumber": "63",
    "namedInsured": "Bailey, Dennis Earl",
    "settleDate": "10/17/2016"
  },
  {
    "agencyCode": "26892",
    "cashItemId": "86749792",
    "policyId": "104600296605001",
    "version": "2",
    "entryDate": "10/12/2016",
    "amount": "82.76",
    "typeCode": "2",
    "appliedDate": "10/12/2016",
    "clearDate": null,
    "companyNumber": "63",
    "namedInsured": "Galinda, Ana Maria",
    "settleDate": "10/14/2016"
  },
  {
    "agencyCode": "26892",
    "cashItemId": "86717980",
    "policyId": "104601339745001",
    "version": "1",
    "entryDate": "10/11/2016",
    "amount": "60.86",
    "typeCode": "2",
    "appliedDate": "10/11/2016",
    "clearDate": null,
    "companyNumber": "60",
    "namedInsured": "Villanueva Torres, Diana",
    "settleDate": "10/13/2016"
  },
  {
    "agencyCode": "26892",
    "cashItemId": "86729833",
    "policyId": "104631318957001",
    "version": "1",
    "entryDate": "10/11/2016",
    "amount": "71.41",
    "typeCode": "2",
    "appliedDate": "10/11/2016",
    "clearDate": null,
    "companyNumber": "63",
    "namedInsured": "Herod, Lashawn Denise",
    "settleDate": "10/13/2016"
  },
  {
    "agencyCode": "26892",
    "cashItemId": "86730872",
    "policyId": "104651542532001",
    "version": "5",
    "entryDate": "10/11/2016",
    "amount": "80",
    "typeCode": "2",
    "appliedDate": "10/11/2016",
    "clearDate": null,
    "companyNumber": "60",
    "namedInsured": "AJPOPTZIC, CARLOS CLEMENTE",
    "settleDate": "10/13/2016"
  },
  {
    "agencyCode": "26892",
    "cashItemId": "86709650",
    "policyId": "104601194052001",
    "version": "2",
    "entryDate": "10/10/2016",
    "amount": "143",
    "typeCode": "2",
    "appliedDate": "10/10/2016",
    "clearDate": null,
    "companyNumber": "60",
    "namedInsured": "Reyes, Norma Elizabeth",
    "settleDate": "10/12/2016"
  },
  {
    "agencyCode": "26892",
    "cashItemId": "86712050",
    "policyId": "104630205496001",
    "version": "4",
    "entryDate": "10/10/2016",
    "amount": "149",
    "typeCode": "2",
    "appliedDate": "10/10/2016",
    "clearDate": null,
    "companyNumber": "60",
    "namedInsured": "Cuellar, Mirna Isabel",
    "settleDate": "10/12/2016"
  },
  {
    "agencyCode": "26892",
    "cashItemId": "86702101",
    "policyId": "104630496893001",
    "version": "5",
    "entryDate": "10/10/2016",
    "amount": "85",
    "typeCode": "2",
    "appliedDate": "10/10/2016",
    "clearDate": null,
    "companyNumber": "60",
    "namedInsured": "Actualsaldana, Mayra",
    "settleDate": "10/12/2016"
  },
  {
    "agencyCode": "26892",
    "cashItemId": "86689191",
    "policyId": "104600788534001",
    "version": "4",
    "entryDate": "10/08/2016",
    "amount": "162",
    "typeCode": "2",
    "appliedDate": "10/08/2016",
    "clearDate": null,
    "companyNumber": "60",
    "namedInsured": "Bonilla, Delores Rene",
    "settleDate": "10/12/2016"
  },
  {
    "agencyCode": "26892",
    "cashItemId": "86682965",
    "policyId": "104645400363001",
    "version": "5",
    "entryDate": "10/08/2016",
    "amount": "122.66",
    "typeCode": "2",
    "appliedDate": "10/08/2016",
    "clearDate": null,
    "companyNumber": "60",
    "namedInsured": "Ramierez, Santiago",
    "settleDate": "10/12/2016"
  },
  {
    "agencyCode": "26892",
    "cashItemId": "86670048",
    "policyId": "104631397933001",
    "version": "1",
    "entryDate": "10/07/2016",
    "amount": "330.52",
    "typeCode": "2",
    "appliedDate": "10/07/2016",
    "clearDate": null,
    "companyNumber": "63",
    "namedInsured": "Nzegwu, Mathew Ifeanyi",
    "settleDate": "10/12/2016"
  },
  {
    "agencyCode": "26892",
    "cashItemId": "86630558",
    "policyId": "104601080129001",
    "version": "2",
    "entryDate": "10/06/2016",
    "amount": "110.46",
    "typeCode": "2",
    "appliedDate": "10/06/2016",
    "clearDate": null,
    "companyNumber": "60",
    "namedInsured": "Pratts, Jaime",
    "settleDate": "10/11/2016"
  },
  {
    "agencyCode": "26892",
    "cashItemId": "86634542",
    "policyId": "104601114342001",
    "version": "3",
    "entryDate": "10/06/2016",
    "amount": "188",
    "typeCode": "2",
    "appliedDate": "10/06/2016",
    "clearDate": null,
    "companyNumber": "60",
    "namedInsured": "Minor Osorio And Hilaria Tamayomex",
    "settleDate": "10/11/2016"
  },
  {
    "agencyCode": "26892",
    "cashItemId": "86632486",
    "policyId": "104630546646001",
    "version": "5",
    "entryDate": "10/06/2016",
    "amount": "76",
    "typeCode": "2",
    "appliedDate": "10/06/2016",
    "clearDate": null,
    "companyNumber": "63",
    "namedInsured": "Hernandez, Fredy Antonio",
    "settleDate": "10/11/2016"
  },
  {
    "agencyCode": "26892",
    "cashItemId": "86632422",
    "policyId": "104630688053001",
    "version": "3",
    "entryDate": "10/06/2016",
    "amount": "50",
    "typeCode": "2",
    "appliedDate": "10/06/2016",
    "clearDate": null,
    "companyNumber": "63",
    "namedInsured": "Mejia, Ana Dora Ortiz",
    "settleDate": "10/11/2016"
  },
  {
    "agencyCode": "26892",
    "cashItemId": "86637681",
    "policyId": "104630892183001",
    "version": "3",
    "entryDate": "10/06/2016",
    "amount": "83",
    "typeCode": "2",
    "appliedDate": "10/06/2016",
    "clearDate": null,
    "companyNumber": "63",
    "namedInsured": "Bustos, Alejandro",
    "settleDate": "10/11/2016"
  },
  {
    "agencyCode": "26892",
    "cashItemId": "86582470",
    "policyId": "104600123659001",
    "version": "5",
    "entryDate": "10/05/2016",
    "amount": "127.17",
    "typeCode": "2",
    "appliedDate": "10/05/2016",
    "clearDate": null,
    "companyNumber": "60",
    "namedInsured": "TISCARENO, IGNACIO FRANCO",
    "settleDate": "10/07/2016"
  },
  {
    "agencyCode": "26892",
    "cashItemId": "86587342",
    "policyId": "104630725180001",
    "version": "4",
    "entryDate": "10/05/2016",
    "amount": "156",
    "typeCode": "2",
    "appliedDate": "10/05/2016",
    "clearDate": null,
    "companyNumber": "63",
    "namedInsured": "Marshall, Latonya Rochelle",
    "settleDate": "10/07/2016"
  },
  {
    "agencyCode": "26892",
    "cashItemId": "86562794",
    "policyId": "104600975840001",
    "version": "2",
    "entryDate": "10/04/2016",
    "amount": "163.32",
    "typeCode": "2",
    "appliedDate": "10/04/2016",
    "clearDate": null,
    "companyNumber": "60",
    "namedInsured": "Penn, Sherri Diana",
    "settleDate": "10/06/2016"
  },
  {
    "agencyCode": "26892",
    "cashItemId": "86554982",
    "policyId": "104601024508001",
    "version": "3",
    "entryDate": "10/04/2016",
    "amount": "46",
    "typeCode": "2",
    "appliedDate": "10/04/2016",
    "clearDate": null,
    "companyNumber": "60",
    "namedInsured": "Navia, Jose",
    "settleDate": "10/06/2016"
  },
  {
    "agencyCode": "26892",
    "cashItemId": "86564875",
    "policyId": "104601159677001",
    "version": "2",
    "entryDate": "10/04/2016",
    "amount": "66.09",
    "typeCode": "2",
    "appliedDate": "10/04/2016",
    "clearDate": null,
    "companyNumber": "60",
    "namedInsured": "Perez, David",
    "settleDate": "10/06/2016"
  },
  {
    "agencyCode": "26892",
    "cashItemId": "86557976",
    "policyId": "104601384628001",
    "version": "2",
    "entryDate": "10/04/2016",
    "amount": "207.02",
    "typeCode": "2",
    "appliedDate": "10/04/2016",
    "clearDate": null,
    "companyNumber": "63",
    "namedInsured": "Pocon Sagastume, Wilfredo",
    "settleDate": "10/06/2016"
  },
  {
    "agencyCode": "26892",
    "cashItemId": "86559446",
    "policyId": "104630307250001",
    "version": "5",
    "entryDate": "10/04/2016",
    "amount": "54.17",
    "typeCode": "2",
    "appliedDate": "10/04/2016",
    "clearDate": null,
    "companyNumber": "63",
    "namedInsured": "SAMUELS, THOMAS K",
    "settleDate": "10/06/2016"
  },
  {
    "agencyCode": "26892",
    "cashItemId": "86531911",
    "policyId": "104600788534001",
    "version": "4",
    "entryDate": "10/03/2016",
    "amount": "156",
    "typeCode": "2",
    "appliedDate": "10/03/2016",
    "clearDate": null,
    "companyNumber": "60",
    "namedInsured": "Bonilla, Delores Rene",
    "settleDate": "10/05/2016"
  },
  {
    "agencyCode": "26892",
    "cashItemId": "86521724",
    "policyId": "104601383656001",
    "version": "1",
    "entryDate": "10/03/2016",
    "amount": "87.73",
    "typeCode": "2",
    "appliedDate": "10/03/2016",
    "clearDate": null,
    "companyNumber": "60",
    "namedInsured": "Sims, Lynette Rene",
    "settleDate": "10/05/2016"
  },
  {
    "agencyCode": "26892",
    "cashItemId": "86522349",
    "policyId": "104601395816001",
    "version": "1",
    "entryDate": "10/03/2016",
    "amount": "123.96",
    "typeCode": "2",
    "appliedDate": "10/03/2016",
    "clearDate": null,
    "companyNumber": "60",
    "namedInsured": "Anderson, Maurice Jonte",
    "settleDate": "10/05/2016"
  },
  {
    "agencyCode": "26892",
    "cashItemId": "86519177",
    "policyId": "104630525917001",
    "version": "5",
    "entryDate": "10/03/2016",
    "amount": "62",
    "typeCode": "2",
    "appliedDate": "10/03/2016",
    "clearDate": null,
    "companyNumber": "63",
    "namedInsured": "ORTIZ, ALEJANDRO",
    "settleDate": "10/05/2016"
  },
  {
    "agencyCode": "26892",
    "cashItemId": "86520543",
    "policyId": "104630719507001",
    "version": "5",
    "entryDate": "10/03/2016",
    "amount": "113",
    "typeCode": "2",
    "appliedDate": "10/03/2016",
    "clearDate": null,
    "companyNumber": "63",
    "namedInsured": "Robinson, Angela Denice",
    "settleDate": "10/05/2016"
  },
  {
    "agencyCode": "26892",
    "cashItemId": "86498249",
    "policyId": "104600802953001",
    "version": "5",
    "entryDate": "10/01/2016",
    "amount": "135.41",
    "typeCode": "2",
    "appliedDate": "10/01/2016",
    "clearDate": null,
    "companyNumber": "60",
    "namedInsured": "Leon, Juan Manuel",
    "settleDate": "10/04/2016"
  },
  {
    "agencyCode": "26892",
    "cashItemId": "86502405",
    "policyId": "104601373591001",
    "version": "1",
    "entryDate": "10/01/2016",
    "amount": "61",
    "typeCode": "2",
    "appliedDate": "10/01/2016",
    "clearDate": null,
    "companyNumber": "60",
    "namedInsured": "Perez Diaz, Federico",
    "settleDate": "10/04/2016"
  },
  {
    "agencyCode": "26892",
    "cashItemId": "86499286",
    "policyId": "104601395154001",
    "version": "1",
    "entryDate": "10/01/2016",
    "amount": "146.62",
    "typeCode": "2",
    "appliedDate": "10/01/2016",
    "clearDate": null,
    "companyNumber": "60",
    "namedInsured": "Perez Hernandez, Enrique",
    "settleDate": "10/04/2016"
  },
  {
    "agencyCode": "26892",
    "cashItemId": "86502437",
    "policyId": "104601395394001",
    "version": "1",
    "entryDate": "10/01/2016",
    "amount": "146.26",
    "typeCode": "2",
    "appliedDate": "10/01/2016",
    "clearDate": null,
    "companyNumber": "60",
    "namedInsured": "Arteaga, Lauren Guadalupe",
    "settleDate": "10/04/2016"
  },
  {
    "agencyCode": "26892",
    "cashItemId": "86502759",
    "policyId": "104601395417001",
    "version": "1",
    "entryDate": "10/01/2016",
    "amount": "134.36",
    "typeCode": "2",
    "appliedDate": "10/01/2016",
    "clearDate": null,
    "companyNumber": "60",
    "namedInsured": "Owens, Shawn Anthony",
    "settleDate": "10/04/2016"
  },
  {
    "agencyCode": "26892",
    "cashItemId": "86501267",
    "policyId": "104630112353001",
    "version": "5",
    "entryDate": "10/01/2016",
    "amount": "60.03",
    "typeCode": "2",
    "appliedDate": "10/01/2016",
    "clearDate": null,
    "companyNumber": "63",
    "namedInsured": "Gomez Saenz, Felipe Misael",
    "settleDate": "10/04/2016"
  },
  {
    "agencyCode": "26892",
    "cashItemId": "86502133",
    "policyId": "104630306293001",
    "version": "4",
    "entryDate": "10/01/2016",
    "amount": "205.96",
    "typeCode": "2",
    "appliedDate": "10/01/2016",
    "clearDate": null,
    "companyNumber": "63",
    "namedInsured": "Pintor Hernandez, Iris D",
    "settleDate": "10/04/2016"
  },
  {
    "agencyCode": "26892",
    "cashItemId": "86500575",
    "policyId": "104630900768001",
    "version": "4",
    "entryDate": "10/01/2016",
    "amount": "77",
    "typeCode": "2",
    "appliedDate": "10/01/2016",
    "clearDate": null,
    "companyNumber": "63",
    "namedInsured": "Magana-godinez, Miguel Angel",
    "settleDate": "10/04/2016"
  },
  {
    "agencyCode": "26892",
    "cashItemId": "86451959",
    "policyId": "104489007414001",
    "version": "3",
    "entryDate": "09/29/2016",
    "amount": "47.42",
    "typeCode": "2",
    "appliedDate": "09/29/2016",
    "clearDate": null,
    "companyNumber": "60",
    "namedInsured": "Delgado Villalobos, Jose Manuel",
    "settleDate": "10/03/2016"
  },
  {
    "agencyCode": "26892",
    "cashItemId": "86445577",
    "policyId": "104600166866001",
    "version": "13",
    "entryDate": "09/29/2016",
    "amount": "112",
    "typeCode": "2",
    "appliedDate": "09/29/2016",
    "clearDate": null,
    "companyNumber": "60",
    "namedInsured": "Mcnack, Wandasha Ann",
    "settleDate": "10/03/2016"
  },
  {
    "agencyCode": "26892",
    "cashItemId": "86445184",
    "policyId": "104601393744001",
    "version": "1",
    "entryDate": "09/29/2016",
    "amount": "90.16",
    "typeCode": "2",
    "appliedDate": "09/29/2016",
    "clearDate": null,
    "companyNumber": "60",
    "namedInsured": "Niroshan Gayan, Thangalla Vithanage",
    "settleDate": "10/03/2016"
  },
  {
    "agencyCode": "26892",
    "cashItemId": "86447324",
    "policyId": "104630540263001",
    "version": "4",
    "entryDate": "09/29/2016",
    "amount": "6",
    "typeCode": "2",
    "appliedDate": "09/29/2016",
    "clearDate": null,
    "companyNumber": "63",
    "namedInsured": "BRIGGS, KALVIN EDWARD",
    "settleDate": "10/03/2016"
  },
  {
    "agencyCode": "26892",
    "cashItemId": "86447324",
    "policyId": "104630540263001",
    "version": "5",
    "entryDate": "09/29/2016",
    "amount": "159",
    "typeCode": "2",
    "appliedDate": "09/29/2016",
    "clearDate": null,
    "companyNumber": "63",
    "namedInsured": "BRIGGS, KALVIN EDWARD",
    "settleDate": "10/03/2016"
  },
  {
    "agencyCode": "26892",
    "cashItemId": "86407154",
    "policyId": "104630440393001",
    "version": "5",
    "entryDate": "09/28/2016",
    "amount": "358",
    "typeCode": "2",
    "appliedDate": "09/28/2016",
    "clearDate": null,
    "companyNumber": "63",
    "namedInsured": "Floresmartinez, Flora",
    "settleDate": "09/30/2016"
  },
  {
    "agencyCode": "26892",
    "cashItemId": "86410992",
    "policyId": "104630759029001",
    "version": "4",
    "entryDate": "09/28/2016",
    "amount": "145",
    "typeCode": "2",
    "appliedDate": "09/28/2016",
    "clearDate": null,
    "companyNumber": "60",
    "namedInsured": "Martinez-ortega, J. Moises",
    "settleDate": "09/30/2016"
  },
  {
    "agencyCode": "26892",
    "cashItemId": "86386400",
    "policyId": "104601342903001",
    "version": "1",
    "entryDate": "09/27/2016",
    "amount": "64",
    "typeCode": "2",
    "appliedDate": "09/27/2016",
    "clearDate": null,
    "companyNumber": "60",
    "namedInsured": "Acosta-fuentes, Yazmin Lorena",
    "settleDate": "09/29/2016"
  },
  {
    "agencyCode": "26892",
    "cashItemId": "86384548",
    "policyId": "104601392934001",
    "version": "1",
    "entryDate": "09/27/2016",
    "amount": "227",
    "typeCode": "2",
    "appliedDate": "09/27/2016",
    "clearDate": null,
    "companyNumber": "60",
    "namedInsured": "Pugh, James Devon",
    "settleDate": "09/29/2016"
  },
  {
    "agencyCode": "26892",
    "cashItemId": "86385631",
    "policyId": "104630103770001",
    "version": "3",
    "entryDate": "09/27/2016",
    "amount": "110",
    "typeCode": "2",
    "appliedDate": "09/27/2016",
    "clearDate": null,
    "companyNumber": "63",
    "namedInsured": "Colbourne, Melissa",
    "settleDate": "09/29/2016"
  },
  {
    "agencyCode": "26892",
    "cashItemId": "86382540",
    "policyId": "104630713346001",
    "version": "5",
    "entryDate": "09/27/2016",
    "amount": "171",
    "typeCode": "2",
    "appliedDate": "09/27/2016",
    "clearDate": null,
    "companyNumber": "63",
    "namedInsured": "Marshall, Sharon",
    "settleDate": "09/29/2016"
  },
  {
    "agencyCode": "26892",
    "cashItemId": "86377861",
    "policyId": "104631067006001",
    "version": "5",
    "entryDate": "09/27/2016",
    "amount": "97",
    "typeCode": "2",
    "appliedDate": "09/27/2016",
    "clearDate": null,
    "companyNumber": "60",
    "namedInsured": "Smith, Stephanie Denise",
    "settleDate": "09/29/2016"
  },
  {
    "agencyCode": "26892",
    "cashItemId": "86352880",
    "policyId": "104600103221001",
    "version": "5",
    "entryDate": "09/26/2016",
    "amount": "114",
    "typeCode": "2",
    "appliedDate": "09/26/2016",
    "clearDate": null,
    "companyNumber": "60",
    "namedInsured": "RODRIGUES, FELIPE RESENDIZ",
    "settleDate": "09/28/2016"
  },
  {
    "agencyCode": "26892",
    "cashItemId": "86360679",
    "policyId": "104600177620001",
    "version": "3",
    "entryDate": "09/26/2016",
    "amount": "722.76",
    "typeCode": "2",
    "appliedDate": "09/26/2016",
    "clearDate": null,
    "companyNumber": "60",
    "namedInsured": "Alston, Curtis Manuel",
    "settleDate": "09/28/2016"
  },
  {
    "agencyCode": "26892",
    "cashItemId": "86360156",
    "policyId": "104600850243001",
    "version": "4",
    "entryDate": "09/26/2016",
    "amount": "47",
    "typeCode": "2",
    "appliedDate": "09/26/2016",
    "clearDate": null,
    "companyNumber": "60",
    "namedInsured": "Gaytan, Carlos Rea",
    "settleDate": "09/28/2016"
  },
  {
    "agencyCode": "26892",
    "cashItemId": "86350224",
    "policyId": "104600932385001",
    "version": "4",
    "entryDate": "09/26/2016",
    "amount": "67",
    "typeCode": "2",
    "appliedDate": "09/26/2016",
    "clearDate": null,
    "companyNumber": "63",
    "namedInsured": "Melchor Sanchez, Jose Juan",
    "settleDate": "09/28/2016"
  },
  {
    "agencyCode": "26892",
    "cashItemId": "86351211",
    "policyId": "104600965668001",
    "version": "3",
    "entryDate": "09/26/2016",
    "amount": "59",
    "typeCode": "2",
    "appliedDate": "09/26/2016",
    "clearDate": null,
    "companyNumber": "60",
    "namedInsured": "Garcia, Francisco",
    "settleDate": "09/28/2016"
  },
  {
    "agencyCode": "26892",
    "cashItemId": "86360732",
    "policyId": "104601004298001",
    "version": "4",
    "entryDate": "09/26/2016",
    "amount": "46",
    "typeCode": "2",
    "appliedDate": "09/26/2016",
    "clearDate": null,
    "companyNumber": "60",
    "namedInsured": "Lopez, Jose Antonio Estrada",
    "settleDate": "09/28/2016"
  },
  {
    "agencyCode": "26892",
    "cashItemId": "86348750",
    "policyId": "104601339767001",
    "version": "1",
    "entryDate": "09/26/2016",
    "amount": "60.44",
    "typeCode": "2",
    "appliedDate": "09/26/2016",
    "clearDate": null,
    "companyNumber": "60",
    "namedInsured": "Washington, Shirley Ann",
    "settleDate": "09/28/2016"
  },
  {
    "agencyCode": "26892",
    "cashItemId": "86354424",
    "policyId": "104601392232001",
    "version": "1",
    "entryDate": "09/26/2016",
    "amount": "89.26",
    "typeCode": "2",
    "appliedDate": "09/26/2016",
    "clearDate": null,
    "companyNumber": "60",
    "namedInsured": "Hamilton, Ronald",
    "settleDate": "09/28/2016"
  },
  {
    "agencyCode": "26892",
    "cashItemId": "86359181",
    "policyId": "104630174857001",
    "version": "5",
    "entryDate": "09/26/2016",
    "amount": "114.76",
    "typeCode": "2",
    "appliedDate": "09/26/2016",
    "clearDate": null,
    "companyNumber": "63",
    "namedInsured": "DIAZ, JOSE",
    "settleDate": "09/28/2016"
  },
  {
    "agencyCode": "26892",
    "cashItemId": "86349878",
    "policyId": "104630544939001",
    "version": "5",
    "entryDate": "09/26/2016",
    "amount": "6",
    "typeCode": "2",
    "appliedDate": "09/26/2016",
    "clearDate": null,
    "companyNumber": "60",
    "namedInsured": "Jenkins, Evette",
    "settleDate": "09/28/2016"
  },
  {
    "agencyCode": "26892",
    "cashItemId": "86349878",
    "policyId": "104630544939001",
    "version": "6",
    "entryDate": "09/26/2016",
    "amount": "116",
    "typeCode": "2",
    "appliedDate": "09/26/2016",
    "clearDate": null,
    "companyNumber": "60",
    "namedInsured": "Jenkins, Evette",
    "settleDate": "09/28/2016"
  },
  {
    "agencyCode": "26892",
    "cashItemId": "86363450",
    "policyId": "104631392549001",
    "version": "1",
    "entryDate": "09/26/2016",
    "amount": "241.02",
    "typeCode": "2",
    "appliedDate": "09/26/2016",
    "clearDate": null,
    "companyNumber": "63",
    "namedInsured": "Rivas, Julio Enrique",
    "settleDate": "09/28/2016"
  },
  {
    "agencyCode": "26892",
    "cashItemId": "86347154",
    "policyId": "104640221422001",
    "version": "5",
    "entryDate": "09/26/2016",
    "amount": "100",
    "typeCode": "2",
    "appliedDate": "09/26/2016",
    "clearDate": null,
    "companyNumber": "60",
    "namedInsured": "Raymundo, Maria G",
    "settleDate": "09/28/2016"
  },
  {
    "agencyCode": "26892",
    "cashItemId": "86350311",
    "policyId": "104650174418001",
    "version": "5",
    "entryDate": "09/26/2016",
    "amount": "65",
    "typeCode": "2",
    "appliedDate": "09/26/2016",
    "clearDate": null,
    "companyNumber": "60",
    "namedInsured": "RODRIGUEZ, CESAR P",
    "settleDate": "09/28/2016"
  },
  {
    "agencyCode": "26892",
    "cashItemId": "86276473",
    "policyId": "104600134298001",
    "version": "5",
    "entryDate": "09/24/2016",
    "amount": "107",
    "typeCode": "2",
    "appliedDate": "09/24/2016",
    "clearDate": null,
    "companyNumber": "60",
    "namedInsured": "Samayoa, Cristina Marjoriet",
    "settleDate": "09/27/2016"
  },
  {
    "agencyCode": "26892",
    "cashItemId": "86255890",
    "policyId": "104630444293001",
    "version": "5",
    "entryDate": "09/24/2016",
    "amount": "216",
    "typeCode": "2",
    "appliedDate": "09/24/2016",
    "clearDate": null,
    "companyNumber": "63",
    "namedInsured": "VILORIA, CATALINO MARTINEZ",
    "settleDate": "09/27/2016"
  },
  {
    "agencyCode": "26892",
    "cashItemId": "86281236",
    "policyId": "104631250063001",
    "version": "1",
    "entryDate": "09/24/2016",
    "amount": "6",
    "typeCode": "2",
    "appliedDate": "09/24/2016",
    "clearDate": null,
    "companyNumber": "63",
    "namedInsured": "Rodriguez Lopez, Edin Andres",
    "settleDate": "09/27/2016"
  },
  {
    "agencyCode": "26892",
    "cashItemId": "86281236",
    "policyId": "104631250063001",
    "version": "2",
    "entryDate": "09/24/2016",
    "amount": "147",
    "typeCode": "2",
    "appliedDate": "09/24/2016",
    "clearDate": null,
    "companyNumber": "63",
    "namedInsured": "Rodriguez Lopez, Edin Andres",
    "settleDate": "09/27/2016"
  },
  {
    "agencyCode": "26892",
    "cashItemId": "86220652",
    "policyId": "104631391387001",
    "version": "1",
    "entryDate": "09/24/2016",
    "amount": "191.16",
    "typeCode": "2",
    "appliedDate": "09/24/2016",
    "clearDate": null,
    "companyNumber": "63",
    "namedInsured": "Delgado, Evelyn Lizet",
    "settleDate": "09/27/2016"
  },
  {
    "agencyCode": "26892",
    "cashItemId": "86200393",
    "policyId": "104600243178001",
    "version": "5",
    "entryDate": "09/23/2016",
    "amount": "160",
    "typeCode": "2",
    "appliedDate": "09/23/2016",
    "clearDate": null,
    "companyNumber": "60",
    "namedInsured": "BARRIO, MARIO",
    "settleDate": "09/27/2016"
  },
  {
    "agencyCode": "26892",
    "cashItemId": "86195032",
    "policyId": "104600403597001",
    "version": "5",
    "entryDate": "09/23/2016",
    "amount": "114",
    "typeCode": "2",
    "appliedDate": "09/23/2016",
    "clearDate": null,
    "companyNumber": "60",
    "namedInsured": "MORAGA, CHRISTINA",
    "settleDate": "09/27/2016"
  },
  {
    "agencyCode": "26892",
    "cashItemId": "86193817",
    "policyId": "104630823497001",
    "version": "4",
    "entryDate": "09/23/2016",
    "amount": "182",
    "typeCode": "2",
    "appliedDate": "09/23/2016",
    "clearDate": null,
    "companyNumber": "63",
    "namedInsured": "Smith, Enevila Kiana",
    "settleDate": "09/27/2016"
  },
  {
    "agencyCode": "26892",
    "cashItemId": "86193794",
    "policyId": "104631391006001",
    "version": "1",
    "entryDate": "09/23/2016",
    "amount": "621.76",
    "typeCode": "2",
    "appliedDate": "09/23/2016",
    "clearDate": null,
    "companyNumber": "63",
    "namedInsured": "Barrios Flores, Kenia Eden",
    "settleDate": "09/27/2016"
  },
  {
    "agencyCode": "26892",
    "cashItemId": "86163433",
    "policyId": "104600432361001",
    "version": "5",
    "entryDate": "09/22/2016",
    "amount": "193.76",
    "typeCode": "2",
    "appliedDate": "09/22/2016",
    "clearDate": null,
    "companyNumber": "60",
    "namedInsured": "Spence, Romonda Lashay",
    "settleDate": "09/26/2016"
  },
  {
    "agencyCode": "26892",
    "cashItemId": "86164442",
    "policyId": "104630982073001",
    "version": "3",
    "entryDate": "09/22/2016",
    "amount": "106.02",
    "typeCode": "2",
    "appliedDate": "09/22/2016",
    "clearDate": null,
    "companyNumber": "63",
    "namedInsured": "White, Natashia Ledeace",
    "settleDate": "09/26/2016"
  },
  {
    "agencyCode": "26892",
    "cashItemId": "86131118",
    "policyId": "104601194052001",
    "version": "2",
    "entryDate": "09/21/2016",
    "amount": "103",
    "typeCode": "2",
    "appliedDate": "09/21/2016",
    "clearDate": null,
    "companyNumber": "60",
    "namedInsured": "Reyes, Norma Elizabeth",
    "settleDate": "09/23/2016"
  },
  {
    "agencyCode": "26892",
    "cashItemId": "86127478",
    "policyId": "104630280614001",
    "version": "4",
    "entryDate": "09/21/2016",
    "amount": "167.26",
    "typeCode": "2",
    "appliedDate": "09/21/2016",
    "clearDate": null,
    "companyNumber": "60",
    "namedInsured": "Branch, Yesterday Marina",
    "settleDate": "09/23/2016"
  },
  {
    "agencyCode": "26892",
    "cashItemId": "86129046",
    "policyId": "104631030894001",
    "version": "3",
    "entryDate": "09/21/2016",
    "amount": "61.06",
    "typeCode": "2",
    "appliedDate": "09/21/2016",
    "clearDate": null,
    "companyNumber": "63",
    "namedInsured": "Washington, Vaughn Alan",
    "settleDate": "09/23/2016"
  },
  {
    "agencyCode": "26892",
    "cashItemId": "86105174",
    "policyId": "104600587330001",
    "version": "5",
    "entryDate": "09/20/2016",
    "amount": "58.1",
    "typeCode": "2",
    "appliedDate": "09/20/2016",
    "clearDate": null,
    "companyNumber": "60",
    "namedInsured": "Yarbrough, Kathryn",
    "settleDate": "09/22/2016"
  },
  {
    "agencyCode": "26892",
    "cashItemId": "86105174",
    "policyId": "104600587330001",
    "version": "6",
    "entryDate": "09/20/2016",
    "amount": "138.26",
    "typeCode": "2",
    "appliedDate": "09/20/2016",
    "clearDate": null,
    "companyNumber": "60",
    "namedInsured": "Yarbrough, Kathryn",
    "settleDate": "09/22/2016"
  },
  {
    "agencyCode": "26892",
    "cashItemId": "86101469",
    "policyId": "104600633939001",
    "version": "4",
    "entryDate": "09/20/2016",
    "amount": "70.23",
    "typeCode": "2",
    "appliedDate": "09/20/2016",
    "clearDate": null,
    "companyNumber": "60",
    "namedInsured": "Munozgonzalez, Rafael",
    "settleDate": "09/22/2016"
  },
  {
    "agencyCode": "26892",
    "cashItemId": "86099106",
    "policyId": "104600993401001",
    "version": "4",
    "entryDate": "09/20/2016",
    "amount": "105",
    "typeCode": "2",
    "appliedDate": "09/20/2016",
    "clearDate": null,
    "companyNumber": "60",
    "namedInsured": "Lacey, Derrick Jerome",
    "settleDate": "09/22/2016"
  },
  {
    "agencyCode": "26892",
    "cashItemId": "86105337",
    "policyId": "104630189062001",
    "version": "6",
    "entryDate": "09/20/2016",
    "amount": "70",
    "typeCode": "2",
    "appliedDate": "09/20/2016",
    "clearDate": null,
    "companyNumber": "60",
    "namedInsured": "Alvarez, Arturo",
    "settleDate": "09/22/2016"
  },
  {
    "agencyCode": "26892",
    "cashItemId": "86107677",
    "policyId": "104630933298001",
    "version": "3",
    "entryDate": "09/20/2016",
    "amount": "131.42",
    "typeCode": "2",
    "appliedDate": "09/20/2016",
    "clearDate": null,
    "companyNumber": "63",
    "namedInsured": "Martling, Jeffrey Michael",
    "settleDate": "09/22/2016"
  },
  {
    "agencyCode": "26892",
    "cashItemId": "86066780",
    "policyId": "104600456188001",
    "version": "5",
    "entryDate": "09/19/2016",
    "amount": "128.68",
    "typeCode": "2",
    "appliedDate": "09/19/2016",
    "clearDate": null,
    "companyNumber": "60",
    "namedInsured": "KEGLER, REGINALD",
    "settleDate": "09/21/2016"
  },
  {
    "agencyCode": "26892",
    "cashItemId": "86074506",
    "policyId": "104600769170001",
    "version": "4",
    "entryDate": "09/19/2016",
    "amount": "134.46",
    "typeCode": "2",
    "appliedDate": "09/19/2016",
    "clearDate": null,
    "companyNumber": "60",
    "namedInsured": "Aguillon-carbajal, Joel Lorenzo",
    "settleDate": "09/21/2016"
  },
  {
    "agencyCode": "26892",
    "cashItemId": "86072446",
    "policyId": "104601000700001",
    "version": "3",
    "entryDate": "09/19/2016",
    "amount": "129.57",
    "typeCode": "2",
    "appliedDate": "09/19/2016",
    "clearDate": null,
    "companyNumber": "60",
    "namedInsured": "Kelly, Ray Bernard",
    "settleDate": "09/21/2016"
  },
  {
    "agencyCode": "26892",
    "cashItemId": "86072957",
    "policyId": "104601161297001",
    "version": "2",
    "entryDate": "09/19/2016",
    "amount": "65",
    "typeCode": "2",
    "appliedDate": "09/19/2016",
    "clearDate": null,
    "companyNumber": "60",
    "namedInsured": "Corona Velasquez, Rafael",
    "settleDate": "09/21/2016"
  },
  {
    "agencyCode": "26892",
    "cashItemId": "86065837",
    "policyId": "104601388194001",
    "version": "1",
    "entryDate": "09/19/2016",
    "amount": "82.06",
    "typeCode": "2",
    "appliedDate": "09/19/2016",
    "clearDate": null,
    "companyNumber": "60",
    "namedInsured": "Abram Ii, Earl D",
    "settleDate": "09/21/2016"
  },
  {
    "agencyCode": "26892",
    "cashItemId": "86069940",
    "policyId": "104630254364001",
    "version": "5",
    "entryDate": "09/19/2016",
    "amount": "91",
    "typeCode": "2",
    "appliedDate": "09/19/2016",
    "clearDate": null,
    "companyNumber": "63",
    "namedInsured": "Palomino-ortiz, Felix",
    "settleDate": "09/21/2016"
  },
  {
    "agencyCode": "26892",
    "cashItemId": "86071228",
    "policyId": "104631270610001",
    "version": "1",
    "entryDate": "09/19/2016",
    "amount": "310",
    "typeCode": "2",
    "appliedDate": "09/19/2016",
    "clearDate": null,
    "companyNumber": "63",
    "namedInsured": "Portero, Danilo",
    "settleDate": "09/21/2016"
  },
  {
    "agencyCode": "26892",
    "cashItemId": "86048938",
    "policyId": "104595323881001",
    "version": "4",
    "entryDate": "09/17/2016",
    "amount": "54",
    "typeCode": "2",
    "appliedDate": "09/17/2016",
    "clearDate": null,
    "companyNumber": "60",
    "namedInsured": "MORGANELLI, SANDRA JEAN",
    "settleDate": "09/20/2016"
  },
  {
    "agencyCode": "26892",
    "cashItemId": "86054815",
    "policyId": "104600506686001",
    "version": "5",
    "entryDate": "09/17/2016",
    "amount": "197.03",
    "typeCode": "2",
    "appliedDate": "09/17/2016",
    "clearDate": null,
    "companyNumber": "60",
    "namedInsured": "BOBADILLA, RAMON",
    "settleDate": "09/20/2016"
  },
  {
    "agencyCode": "26892",
    "cashItemId": "86051316",
    "policyId": "104600508851001",
    "version": "5",
    "entryDate": "09/17/2016",
    "amount": "42",
    "typeCode": "2",
    "appliedDate": "09/17/2016",
    "clearDate": null,
    "companyNumber": "60",
    "namedInsured": "HERNANDEZ, ANGEL CUSTODIO",
    "settleDate": "09/20/2016"
  },
  {
    "agencyCode": "26892",
    "cashItemId": "86050066",
    "policyId": "104600550982001",
    "version": "5",
    "entryDate": "09/17/2016",
    "amount": "100",
    "typeCode": "2",
    "appliedDate": "09/17/2016",
    "clearDate": null,
    "companyNumber": "60",
    "namedInsured": "JUAREZ ARAGON, JUAN A",
    "settleDate": "09/20/2016"
  },
  {
    "agencyCode": "26892",
    "cashItemId": "86051586",
    "policyId": "104600770235001",
    "version": "4",
    "entryDate": "09/17/2016",
    "amount": "56",
    "typeCode": "2",
    "appliedDate": "09/17/2016",
    "clearDate": null,
    "companyNumber": "60",
    "namedInsured": "Danhieux, Raymond Anthony",
    "settleDate": "09/20/2016"
  },
  {
    "agencyCode": "26892",
    "cashItemId": "86050660",
    "policyId": "104600966766001",
    "version": "3",
    "entryDate": "09/17/2016",
    "amount": "71",
    "typeCode": "2",
    "appliedDate": "09/17/2016",
    "clearDate": null,
    "companyNumber": "60",
    "namedInsured": "Mendoza-Arteaga, Bertha Alicia",
    "settleDate": "09/20/2016"
  },
  {
    "agencyCode": "26892",
    "cashItemId": "86051703",
    "policyId": "104601387858001",
    "version": "1",
    "entryDate": "09/17/2016",
    "amount": "51.36",
    "typeCode": "2",
    "appliedDate": "09/17/2016",
    "clearDate": null,
    "companyNumber": "60",
    "namedInsured": "Rodriguez Jr, Joe Raymond",
    "settleDate": "09/20/2016"
  },
  {
    "agencyCode": "26892",
    "cashItemId": "86052312",
    "policyId": "104630268042001",
    "version": "6",
    "entryDate": "09/17/2016",
    "amount": "70.02",
    "typeCode": "2",
    "appliedDate": "09/17/2016",
    "clearDate": null,
    "companyNumber": "63",
    "namedInsured": "Pena Perea, Juan Ramon",
    "settleDate": "09/20/2016"
  },
  {
    "agencyCode": "26892",
    "cashItemId": "86050729",
    "policyId": "104630439079001",
    "version": "5",
    "entryDate": "09/17/2016",
    "amount": "68.34",
    "typeCode": "2",
    "appliedDate": "09/17/2016",
    "clearDate": null,
    "companyNumber": "60",
    "namedInsured": "Gooden, Rochelle A",
    "settleDate": "09/20/2016"
  },
  {
    "agencyCode": "26892",
    "cashItemId": "86048751",
    "policyId": "104630602203001",
    "version": "5",
    "entryDate": "09/17/2016",
    "amount": "156",
    "typeCode": "2",
    "appliedDate": "09/17/2016",
    "clearDate": null,
    "companyNumber": "60",
    "namedInsured": "Cortez, Irma Victoria",
    "settleDate": "09/20/2016"
  },
  {
    "agencyCode": "26892",
    "cashItemId": "86051238",
    "policyId": "104630818455001",
    "version": "4",
    "entryDate": "09/17/2016",
    "amount": "95",
    "typeCode": "2",
    "appliedDate": "09/17/2016",
    "clearDate": null,
    "companyNumber": "63",
    "namedInsured": "Nolasco, Jose E Vargas",
    "settleDate": "09/20/2016"
  },
  {
    "agencyCode": "26892",
    "cashItemId": "86054440",
    "policyId": "104630965437001",
    "version": "3",
    "entryDate": "09/17/2016",
    "amount": "22",
    "typeCode": "2",
    "appliedDate": "09/17/2016",
    "clearDate": null,
    "companyNumber": "63",
    "namedInsured": "Alatorre-Herrero, Asuncion",
    "settleDate": "09/20/2016"
  },
  {
    "agencyCode": "26892",
    "cashItemId": "86051898",
    "policyId": "104631030954001",
    "version": "3",
    "entryDate": "09/17/2016",
    "amount": "104.16",
    "typeCode": "2",
    "appliedDate": "09/17/2016",
    "clearDate": null,
    "companyNumber": "63",
    "namedInsured": "Juarez-morales, Eriberto",
    "settleDate": "09/20/2016"
  },
  {
    "agencyCode": "26892",
    "cashItemId": "86049736",
    "policyId": "104631339337001",
    "version": "1",
    "entryDate": "09/17/2016",
    "amount": "78",
    "typeCode": "2",
    "appliedDate": "09/17/2016",
    "clearDate": null,
    "companyNumber": "63",
    "namedInsured": "Nicolas, Francisco Sebastian",
    "settleDate": "09/20/2016"
  },
  {
    "agencyCode": "26892",
    "cashItemId": "86050785",
    "policyId": "104631377798001",
    "version": "1",
    "entryDate": "09/17/2016",
    "amount": "144",
    "typeCode": "2",
    "appliedDate": "09/17/2016",
    "clearDate": null,
    "companyNumber": "63",
    "namedInsured": "Sarceno, Deiver Antonio",
    "settleDate": "09/20/2016"
  },
  {
    "agencyCode": "26892",
    "cashItemId": "86025258",
    "policyId": "104600534784001",
    "version": "6",
    "entryDate": "09/16/2016",
    "amount": "102",
    "typeCode": "2",
    "appliedDate": "09/16/2016",
    "clearDate": null,
    "companyNumber": "60",
    "namedInsured": "Madrigal, Hector Jimenez",
    "settleDate": "09/20/2016"
  },
  {
    "agencyCode": "26892",
    "cashItemId": "86034134",
    "policyId": "104600970177001",
    "version": "2",
    "entryDate": "09/16/2016",
    "amount": "185.68",
    "typeCode": "2",
    "appliedDate": "09/16/2016",
    "clearDate": null,
    "companyNumber": "60",
    "namedInsured": "Mendez Gomez, Omar",
    "settleDate": "09/20/2016"
  },
  {
    "agencyCode": "26892",
    "cashItemId": "86030626",
    "policyId": "104601387464001",
    "version": "1",
    "entryDate": "09/16/2016",
    "amount": "79.06",
    "typeCode": "2",
    "appliedDate": "09/16/2016",
    "clearDate": null,
    "companyNumber": "60",
    "namedInsured": "Craig, Daniel Jamaal",
    "settleDate": "09/20/2016"
  },
  {
    "agencyCode": "26892",
    "cashItemId": "86033936",
    "policyId": "104630116757001",
    "version": "8",
    "entryDate": "09/16/2016",
    "amount": "125.29",
    "typeCode": "2",
    "appliedDate": "09/16/2016",
    "clearDate": null,
    "companyNumber": "60",
    "namedInsured": "Reyes, Juan Carlos",
    "settleDate": "09/20/2016"
  },
  {
    "agencyCode": "26892",
    "cashItemId": "86024580",
    "policyId": "104630408781001",
    "version": "5",
    "entryDate": "09/16/2016",
    "amount": "121",
    "typeCode": "2",
    "appliedDate": "09/16/2016",
    "clearDate": null,
    "companyNumber": "63",
    "namedInsured": "GUSTAVIS, SHARON DENISE",
    "settleDate": "09/20/2016"
  },
  {
    "agencyCode": "26892",
    "cashItemId": "86023810",
    "policyId": "104630589041001",
    "version": "4",
    "entryDate": "09/16/2016",
    "amount": "80.59",
    "typeCode": "2",
    "appliedDate": "09/16/2016",
    "clearDate": null,
    "companyNumber": "63",
    "namedInsured": "Villar, Manuel De Jesus Del",
    "settleDate": "09/20/2016"
  },
  {
    "agencyCode": "26892",
    "cashItemId": "86023282",
    "policyId": "104630895765001",
    "version": "3",
    "entryDate": "09/16/2016",
    "amount": "153.62",
    "typeCode": "2",
    "appliedDate": "09/16/2016",
    "clearDate": null,
    "companyNumber": "60",
    "namedInsured": "Gregory, Joseph Nathen",
    "settleDate": "09/20/2016"
  },
  {
    "agencyCode": "26892",
    "cashItemId": "86033862",
    "policyId": "104631308499001",
    "version": "1",
    "entryDate": "09/16/2016",
    "amount": "55",
    "typeCode": "2",
    "appliedDate": "09/16/2016",
    "clearDate": null,
    "companyNumber": "63",
    "namedInsured": "Rodriguez-morales, Isaias",
    "settleDate": "09/20/2016"
  },
  {
    "agencyCode": "26892",
    "cashItemId": "86033854",
    "policyId": "104631387667001",
    "version": "1",
    "entryDate": "09/16/2016",
    "amount": "94.06",
    "typeCode": "2",
    "appliedDate": "09/16/2016",
    "clearDate": null,
    "companyNumber": "63",
    "namedInsured": "Bowman, Rae Shauna Samone",
    "settleDate": "09/20/2016"
  },
  {
    "agencyCode": "26892",
    "cashItemId": "85997664",
    "policyId": "104600867974001",
    "version": "5",
    "entryDate": "09/15/2016",
    "amount": "82",
    "typeCode": "2",
    "appliedDate": "09/15/2016",
    "clearDate": null,
    "companyNumber": "60",
    "namedInsured": "Grayson, Charles Lamar",
    "settleDate": "09/19/2016"
  },
  {
    "agencyCode": "26892",
    "cashItemId": "85991919",
    "policyId": "104601028322001",
    "version": "3",
    "entryDate": "09/15/2016",
    "amount": "72.2",
    "typeCode": "2",
    "appliedDate": "09/15/2016",
    "clearDate": null,
    "companyNumber": "60",
    "namedInsured": "Perez, Sara",
    "settleDate": "09/19/2016"
  },
  {
    "agencyCode": "26892",
    "cashItemId": "86003382",
    "policyId": "104601322265001",
    "version": "1",
    "entryDate": "09/15/2016",
    "amount": "132.34",
    "typeCode": "2",
    "appliedDate": "09/15/2016",
    "clearDate": null,
    "companyNumber": "60",
    "namedInsured": "Castillo, Marisol",
    "settleDate": "09/19/2016"
  },
  {
    "agencyCode": "26892",
    "cashItemId": "85996726",
    "policyId": "104601386710001",
    "version": "1",
    "entryDate": "09/15/2016",
    "amount": "148.82",
    "typeCode": "2",
    "appliedDate": "09/15/2016",
    "clearDate": null,
    "companyNumber": "60",
    "namedInsured": "Arroyo, Jose Manuel",
    "settleDate": "09/19/2016"
  },
  {
    "agencyCode": "26892",
    "cashItemId": "86001594",
    "policyId": "104601386886001",
    "version": "1",
    "entryDate": "09/15/2016",
    "amount": "129",
    "typeCode": "2",
    "appliedDate": "09/15/2016",
    "clearDate": null,
    "companyNumber": "60",
    "namedInsured": "Curtis, Sheba Gail",
    "settleDate": "09/19/2016"
  },
  {
    "agencyCode": "26892",
    "cashItemId": "86003318",
    "policyId": "104630357030001",
    "version": "5",
    "entryDate": "09/15/2016",
    "amount": "149",
    "typeCode": "2",
    "appliedDate": "09/15/2016",
    "clearDate": null,
    "companyNumber": "63",
    "namedInsured": "Hernandez, Yolanda",
    "settleDate": "09/19/2016"
  },
  {
    "agencyCode": "26892",
    "cashItemId": "85997615",
    "policyId": "104630453494001",
    "version": "5",
    "entryDate": "09/15/2016",
    "amount": "119",
    "typeCode": "2",
    "appliedDate": "09/15/2016",
    "clearDate": null,
    "companyNumber": "63",
    "namedInsured": "Salas, Juan Carlos",
    "settleDate": "09/19/2016"
  },
  {
    "agencyCode": "26892",
    "cashItemId": "85994728",
    "policyId": "104630504273001",
    "version": "5",
    "entryDate": "09/15/2016",
    "amount": "140",
    "typeCode": "2",
    "appliedDate": "09/15/2016",
    "clearDate": null,
    "companyNumber": "63",
    "namedInsured": "BOWMAN, WENDELL LAVELLE",
    "settleDate": "09/19/2016"
  },
  {
    "agencyCode": "26892",
    "cashItemId": "85994852",
    "policyId": "104630585916001",
    "version": "3",
    "entryDate": "09/15/2016",
    "amount": "381",
    "typeCode": "2",
    "appliedDate": "09/15/2016",
    "clearDate": null,
    "companyNumber": "63",
    "namedInsured": "Ray, Joann",
    "settleDate": "09/19/2016"
  },
  {
    "agencyCode": "26892",
    "cashItemId": "85958356",
    "policyId": "104630551296001",
    "version": "5",
    "entryDate": "09/14/2016",
    "amount": "93",
    "typeCode": "2",
    "appliedDate": "09/14/2016",
    "clearDate": null,
    "companyNumber": "63",
    "namedInsured": "MARTINEZ, ANA L",
    "settleDate": "09/16/2016"
  },
  {
    "agencyCode": "26892",
    "cashItemId": "85954548",
    "policyId": "104630699201001",
    "version": "5",
    "entryDate": "09/14/2016",
    "amount": "177.43",
    "typeCode": "2",
    "appliedDate": "09/14/2016",
    "clearDate": null,
    "companyNumber": "60",
    "namedInsured": "Jackson, Michael Rene",
    "settleDate": "09/16/2016"
  },
  {
    "agencyCode": "26892",
    "cashItemId": "85930298",
    "policyId": "104601057509001",
    "version": "2",
    "entryDate": "09/13/2016",
    "amount": "169.41",
    "typeCode": "2",
    "appliedDate": "09/13/2016",
    "clearDate": null,
    "companyNumber": "60",
    "namedInsured": "Hernandez-perfecto, Angel",
    "settleDate": "09/15/2016"
  },
  {
    "agencyCode": "26892",
    "cashItemId": "85928642",
    "policyId": "104601385389001",
    "version": "1",
    "entryDate": "09/13/2016",
    "amount": "884.88",
    "typeCode": "2",
    "appliedDate": "09/13/2016",
    "clearDate": null,
    "companyNumber": "60",
    "namedInsured": "Garcia, Esperanza",
    "settleDate": "09/15/2016"
  },
  {
    "agencyCode": "26892",
    "cashItemId": "85934899",
    "policyId": "104601385707001",
    "version": "1",
    "entryDate": "09/13/2016",
    "amount": "248",
    "typeCode": "2",
    "appliedDate": "09/13/2016",
    "clearDate": null,
    "companyNumber": "60",
    "namedInsured": "Gordan, June Carol",
    "settleDate": "09/15/2016"
  },
  {
    "agencyCode": "26892",
    "cashItemId": "85933055",
    "policyId": "104630223527001",
    "version": "2",
    "entryDate": "09/13/2016",
    "amount": "118.06",
    "typeCode": "2",
    "appliedDate": "09/13/2016",
    "clearDate": null,
    "companyNumber": "60",
    "namedInsured": "Johnson Jr, Paul",
    "settleDate": "09/15/2016"
  },
  {
    "agencyCode": "26892",
    "cashItemId": "85930720",
    "policyId": "104630290760001",
    "version": "6",
    "entryDate": "09/13/2016",
    "amount": "50.12",
    "typeCode": "2",
    "appliedDate": "09/13/2016",
    "clearDate": null,
    "companyNumber": "63",
    "namedInsured": "Gladney, Shenesia Juanea",
    "settleDate": "09/15/2016"
  },
  {
    "agencyCode": "26892",
    "cashItemId": "85929762",
    "policyId": "104630725180001",
    "version": "4",
    "entryDate": "09/13/2016",
    "amount": "204.76",
    "typeCode": "2",
    "appliedDate": "09/13/2016",
    "clearDate": null,
    "companyNumber": "63",
    "namedInsured": "Marshall, Latonya Rochelle",
    "settleDate": "09/15/2016"
  },
  {
    "agencyCode": "26892",
    "cashItemId": "85892194",
    "policyId": "104600712528001",
    "version": "4",
    "entryDate": "09/12/2016",
    "amount": "149",
    "typeCode": "2",
    "appliedDate": "09/12/2016",
    "clearDate": null,
    "companyNumber": "60",
    "namedInsured": "FERREYRA, MASEDONIO",
    "settleDate": "09/14/2016"
  },
  {
    "agencyCode": "26892",
    "cashItemId": "85898827",
    "policyId": "104600827781001",
    "version": "4",
    "entryDate": "09/12/2016",
    "amount": "81",
    "typeCode": "2",
    "appliedDate": "09/12/2016",
    "clearDate": null,
    "companyNumber": "60",
    "namedInsured": "Cuevas, Wilfrido Aguilar",
    "settleDate": "09/14/2016"
  },
  {
    "agencyCode": "26892",
    "cashItemId": "85894445",
    "policyId": "104601339745001",
    "version": "1",
    "entryDate": "09/12/2016",
    "amount": "68",
    "typeCode": "2",
    "appliedDate": "09/12/2016",
    "clearDate": null,
    "companyNumber": "60",
    "namedInsured": "Villanueva Torres, Diana",
    "settleDate": "09/14/2016"
  },
  {
    "agencyCode": "26892",
    "cashItemId": "85899650",
    "policyId": "104630205496001",
    "version": "4",
    "entryDate": "09/12/2016",
    "amount": "149",
    "typeCode": "2",
    "appliedDate": "09/12/2016",
    "clearDate": null,
    "companyNumber": "60",
    "namedInsured": "Cuellar, Mirna Isabel",
    "settleDate": "09/14/2016"
  },
  {
    "agencyCode": "26892",
    "cashItemId": "85907635",
    "policyId": "104630401850001",
    "version": "5",
    "entryDate": "09/12/2016",
    "amount": "213",
    "typeCode": "2",
    "appliedDate": "09/12/2016",
    "clearDate": null,
    "companyNumber": "63",
    "namedInsured": "GRIMALDOMEJIA, LUIS GABRIEL",
    "settleDate": "09/14/2016"
  },
  {
    "agencyCode": "26892",
    "cashItemId": "85909736",
    "policyId": "104630455321001",
    "version": "5",
    "entryDate": "09/12/2016",
    "amount": "90",
    "typeCode": "2",
    "appliedDate": "09/12/2016",
    "clearDate": null,
    "companyNumber": "63",
    "namedInsured": "Escoto, Jorge",
    "settleDate": "09/14/2016"
  },
  {
    "agencyCode": "26892",
    "cashItemId": "85910524",
    "policyId": "104631137245001",
    "version": "4",
    "entryDate": "09/12/2016",
    "amount": "119",
    "typeCode": "2",
    "appliedDate": "09/12/2016",
    "clearDate": null,
    "companyNumber": "63",
    "namedInsured": "Urias Vasquez, Santos Antonio",
    "settleDate": "09/14/2016"
  },
  {
    "agencyCode": "26892",
    "cashItemId": "85900116",
    "policyId": "104631339789001",
    "version": "1",
    "entryDate": "09/12/2016",
    "amount": "286",
    "typeCode": "2",
    "appliedDate": "09/12/2016",
    "clearDate": null,
    "companyNumber": "63",
    "namedInsured": "Bailey, Dennis Earl",
    "settleDate": "09/14/2016"
  },
  {
    "agencyCode": "26892",
    "cashItemId": "85894302",
    "policyId": "104645400363001",
    "version": "5",
    "entryDate": "09/12/2016",
    "amount": "133.4",
    "typeCode": "2",
    "appliedDate": "09/12/2016",
    "clearDate": null,
    "companyNumber": "60",
    "namedInsured": "Ramierez, Santiago",
    "settleDate": "09/14/2016"
  },
  {
    "agencyCode": "26892",
    "cashItemId": "85877031",
    "policyId": "104630892183001",
    "version": "3",
    "entryDate": "09/10/2016",
    "amount": "162.18",
    "typeCode": "2",
    "appliedDate": "09/10/2016",
    "clearDate": null,
    "companyNumber": "63",
    "namedInsured": "Bustos, Alejandro",
    "settleDate": "09/13/2016"
  },
  {
    "agencyCode": "26892",
    "cashItemId": "85847645",
    "policyId": "104600491398001",
    "version": "4",
    "entryDate": "09/09/2016",
    "amount": "18.44",
    "typeCode": "2",
    "appliedDate": "09/09/2016",
    "clearDate": null,
    "companyNumber": "60",
    "namedInsured": "Torres, Victor",
    "settleDate": "09/13/2016"
  },
  {
    "agencyCode": "26892",
    "cashItemId": "85847645",
    "policyId": "104600491398001",
    "version": "5",
    "entryDate": "09/09/2016",
    "amount": "613.76",
    "typeCode": "2",
    "appliedDate": "09/09/2016",
    "clearDate": null,
    "companyNumber": "60",
    "namedInsured": "Torres, Victor",
    "settleDate": "09/13/2016"
  },
  {
    "agencyCode": "26892",
    "cashItemId": "85853582",
    "policyId": "104601024508001",
    "version": "3",
    "entryDate": "09/09/2016",
    "amount": "46",
    "typeCode": "2",
    "appliedDate": "09/09/2016",
    "clearDate": null,
    "companyNumber": "60",
    "namedInsured": "Navia, Jose",
    "settleDate": "09/13/2016"
  },
  {
    "agencyCode": "26892",
    "cashItemId": "85851789",
    "policyId": "104601383656001",
    "version": "1",
    "entryDate": "09/09/2016",
    "amount": "121.76",
    "typeCode": "2",
    "appliedDate": "09/09/2016",
    "clearDate": null,
    "companyNumber": "60",
    "namedInsured": "Sims, Lynette Rene",
    "settleDate": "09/13/2016"
  },
  {
    "agencyCode": "26892",
    "cashItemId": "85859562",
    "policyId": "104630482979001",
    "version": "3",
    "entryDate": "09/09/2016",
    "amount": "137",
    "typeCode": "2",
    "appliedDate": "09/09/2016",
    "clearDate": null,
    "companyNumber": "63",
    "namedInsured": "Valencia, Marlene Mercado",
    "settleDate": "09/13/2016"
  },
  {
    "agencyCode": "26892",
    "cashItemId": "85849111",
    "policyId": "104630496893001",
    "version": "5",
    "entryDate": "09/09/2016",
    "amount": "85",
    "typeCode": "2",
    "appliedDate": "09/09/2016",
    "clearDate": null,
    "companyNumber": "60",
    "namedInsured": "Actualsaldana, Mayra",
    "settleDate": "09/13/2016"
  },
  {
    "agencyCode": "26892",
    "cashItemId": "85852096",
    "policyId": "104630512433001",
    "version": "5",
    "entryDate": "09/09/2016",
    "amount": "156",
    "typeCode": "2",
    "appliedDate": "09/09/2016",
    "clearDate": null,
    "companyNumber": "63",
    "namedInsured": "Mabry, Ben",
    "settleDate": "09/13/2016"
  },
  {
    "agencyCode": "26892",
    "cashItemId": "85849696",
    "policyId": "104630547124001",
    "version": "5",
    "entryDate": "09/09/2016",
    "amount": "150.13",
    "typeCode": "2",
    "appliedDate": "09/09/2016",
    "clearDate": null,
    "companyNumber": "63",
    "namedInsured": "CUENCA, ANGELA ROSA    LARRAZABAL",
    "settleDate": "09/13/2016"
  },
  {
    "agencyCode": "26892",
    "cashItemId": "85856956",
    "policyId": "104631318957001",
    "version": "1",
    "entryDate": "09/09/2016",
    "amount": "76.41",
    "typeCode": "2",
    "appliedDate": "09/09/2016",
    "clearDate": null,
    "companyNumber": "63",
    "namedInsured": "Herod, Lashawn Denise",
    "settleDate": "09/13/2016"
  },
  {
    "agencyCode": "26892",
    "cashItemId": "85858289",
    "policyId": "104651542532001",
    "version": "5",
    "entryDate": "09/09/2016",
    "amount": "81",
    "typeCode": "2",
    "appliedDate": "09/09/2016",
    "clearDate": null,
    "companyNumber": "60",
    "namedInsured": "AJPOPTZIC, CARLOS CLEMENTE",
    "settleDate": "09/13/2016"
  },
  {
    "agencyCode": "26892",
    "cashItemId": "85822059",
    "policyId": "104601080129001",
    "version": "2",
    "entryDate": "09/08/2016",
    "amount": "112",
    "typeCode": "2",
    "appliedDate": "09/08/2016",
    "clearDate": null,
    "companyNumber": "60",
    "namedInsured": "Pratts, Jaime",
    "settleDate": "09/12/2016"
  },
  {
    "agencyCode": "26892",
    "cashItemId": "85825086",
    "policyId": "104630487044001",
    "version": "3",
    "entryDate": "09/08/2016",
    "amount": "104",
    "typeCode": "2",
    "appliedDate": "09/08/2016",
    "clearDate": null,
    "companyNumber": "60",
    "namedInsured": "Stanford, Marlon Al",
    "settleDate": "09/12/2016"
  },
  {
    "agencyCode": "26892",
    "cashItemId": "85827105",
    "policyId": "104630688053001",
    "version": "3",
    "entryDate": "09/08/2016",
    "amount": "50",
    "typeCode": "2",
    "appliedDate": "09/08/2016",
    "clearDate": null,
    "companyNumber": "63",
    "namedInsured": "Mejia, Ana Dora Ortiz",
    "settleDate": "09/12/2016"
  },
  {
    "agencyCode": "26892",
    "cashItemId": "85779652",
    "policyId": "104600123659001",
    "version": "5",
    "entryDate": "09/07/2016",
    "amount": "128",
    "typeCode": "2",
    "appliedDate": "09/07/2016",
    "clearDate": null,
    "companyNumber": "60",
    "namedInsured": "TISCARENO, IGNACIO FRANCO",
    "settleDate": "09/09/2016"
  },
  {
    "agencyCode": "26892",
    "cashItemId": "85786576",
    "policyId": "104601342903001",
    "version": "1",
    "entryDate": "09/07/2016",
    "amount": "63.13",
    "typeCode": "2",
    "appliedDate": "09/07/2016",
    "clearDate": null,
    "companyNumber": "60",
    "namedInsured": "Acosta-fuentes, Yazmin Lorena",
    "settleDate": "09/09/2016"
  },
  {
    "agencyCode": "26892",
    "cashItemId": "85780153",
    "policyId": "104630153633001",
    "version": "3",
    "entryDate": "09/07/2016",
    "amount": "325",
    "typeCode": "2",
    "appliedDate": "09/07/2016",
    "clearDate": null,
    "companyNumber": "60",
    "namedInsured": "Gonzalez, Juan Chiquirin",
    "settleDate": "09/09/2016"
  },
  {
    "agencyCode": "26892",
    "cashItemId": "85744259",
    "policyId": "104601381509001",
    "version": "1",
    "entryDate": "09/06/2016",
    "amount": "130.06",
    "typeCode": "2",
    "appliedDate": "09/06/2016",
    "clearDate": null,
    "companyNumber": "60",
    "namedInsured": "Xanthogeorgis, Georgios",
    "settleDate": "09/08/2016"
  },
  {
    "agencyCode": "26892",
    "cashItemId": "85722016",
    "policyId": "104630900768001",
    "version": "4",
    "entryDate": "09/03/2016",
    "amount": "77",
    "typeCode": "2",
    "appliedDate": "09/03/2016",
    "clearDate": null,
    "companyNumber": "63",
    "namedInsured": "Magana-godinez, Miguel Angel",
    "settleDate": "09/07/2016"
  },
  {
    "agencyCode": "26892",
    "cashItemId": "85719659",
    "policyId": "104652201819001",
    "version": "5",
    "entryDate": "09/03/2016",
    "amount": "259.16",
    "typeCode": "2",
    "appliedDate": "09/03/2016",
    "clearDate": null,
    "companyNumber": "63",
    "namedInsured": "Jackson, Scorpio",
    "settleDate": "09/07/2016"
  },
  {
    "agencyCode": "26892",
    "cashItemId": "85701536",
    "policyId": "104630103770001",
    "version": "3",
    "entryDate": "09/02/2016",
    "amount": "103.89",
    "typeCode": "2",
    "appliedDate": "09/02/2016",
    "clearDate": null,
    "companyNumber": "63",
    "namedInsured": "Colbourne, Melissa",
    "settleDate": "09/07/2016"
  },
  {
    "agencyCode": "26892",
    "cashItemId": "85691273",
    "policyId": "104630525917001",
    "version": "5",
    "entryDate": "09/02/2016",
    "amount": "65",
    "typeCode": "2",
    "appliedDate": "09/02/2016",
    "clearDate": null,
    "companyNumber": "63",
    "namedInsured": "ORTIZ, ALEJANDRO",
    "settleDate": "09/07/2016"
  },
  {
    "agencyCode": "26892",
    "cashItemId": "85660765",
    "policyId": "104600166866001",
    "version": "13",
    "entryDate": "09/01/2016",
    "amount": "106",
    "typeCode": "2",
    "appliedDate": "09/01/2016",
    "clearDate": null,
    "companyNumber": "60",
    "namedInsured": "Mcnack, Wandasha Ann",
    "settleDate": "09/06/2016"
  },
  {
    "agencyCode": "26892",
    "cashItemId": "85667580",
    "policyId": "104600647269001",
    "version": "6",
    "entryDate": "09/01/2016",
    "amount": "123.76",
    "typeCode": "2",
    "appliedDate": "09/01/2016",
    "clearDate": null,
    "companyNumber": "60",
    "namedInsured": "Virgil, Otis Leon",
    "settleDate": "09/06/2016"
  },
  {
    "agencyCode": "26892",
    "cashItemId": "85672142",
    "policyId": "104630567992001",
    "version": "8",
    "entryDate": "09/01/2016",
    "amount": "591.98",
    "typeCode": "2",
    "appliedDate": "09/01/2016",
    "clearDate": null,
    "companyNumber": "63",
    "namedInsured": "Solares, Jose Miguel",
    "settleDate": "09/06/2016"
  },
  {
    "agencyCode": "26892",
    "cashItemId": "85664146",
    "policyId": "104631165040001",
    "version": "2",
    "entryDate": "09/01/2016",
    "amount": "363",
    "typeCode": "2",
    "appliedDate": "09/01/2016",
    "clearDate": null,
    "companyNumber": "63",
    "namedInsured": "Sanchez, Celia Margarita",
    "settleDate": "09/06/2016"
  },
  {
    "agencyCode": "26892",
    "cashItemId": "85662199",
    "policyId": "104631379628001",
    "version": "1",
    "entryDate": "09/01/2016",
    "amount": "309.06",
    "typeCode": "2",
    "appliedDate": "09/01/2016",
    "clearDate": null,
    "companyNumber": "63",
    "namedInsured": "Renteria, Jonathan",
    "settleDate": "09/06/2016"
  },
  {
    "agencyCode": "26892",
    "cashItemId": "85616657",
    "policyId": "104601004298001",
    "version": "3",
    "entryDate": "08/31/2016",
    "amount": "61.69",
    "typeCode": "2",
    "appliedDate": "08/31/2016",
    "clearDate": null,
    "companyNumber": "60",
    "namedInsured": "Lopez, Jose Antonio Estrada",
    "settleDate": "09/02/2016"
  },
  {
    "agencyCode": "26892",
    "cashItemId": "85614992",
    "policyId": "104630080674001",
    "version": "7",
    "entryDate": "08/31/2016",
    "amount": "50",
    "typeCode": "2",
    "appliedDate": "08/31/2016",
    "clearDate": null,
    "companyNumber": "60",
    "namedInsured": "Alvarez, Alejandra",
    "settleDate": "09/02/2016"
  },
  {
    "agencyCode": "26892",
    "cashItemId": "85621775",
    "policyId": "104630841829001",
    "version": "4",
    "entryDate": "08/31/2016",
    "amount": "106.92",
    "typeCode": "2",
    "appliedDate": "08/31/2016",
    "clearDate": null,
    "companyNumber": "63",
    "namedInsured": "Clark, Vivian",
    "settleDate": "09/02/2016"
  },
  {
    "agencyCode": "26892",
    "cashItemId": "85620028",
    "policyId": "504610084532001",
    "version": "1",
    "entryDate": "08/31/2016",
    "amount": "238.14",
    "typeCode": "2",
    "appliedDate": "08/31/2016",
    "clearDate": null,
    "companyNumber": "61",
    "namedInsured": "Shiferaw, Dagnachew Fantaye",
    "settleDate": "09/02/2016"
  },
  {
    "agencyCode": "26892",
    "cashItemId": "85593634",
    "policyId": "104600932385001",
    "version": "4",
    "entryDate": "08/30/2016",
    "amount": "67",
    "typeCode": "2",
    "appliedDate": "08/30/2016",
    "clearDate": null,
    "companyNumber": "63",
    "namedInsured": "Melchor Sanchez, Jose Juan",
    "settleDate": "09/01/2016"
  },
  {
    "agencyCode": "26892",
    "cashItemId": "85571692",
    "policyId": "104600655239001",
    "version": "5",
    "entryDate": "08/29/2016",
    "amount": "305.32",
    "typeCode": "2",
    "appliedDate": "08/29/2016",
    "clearDate": null,
    "companyNumber": "60",
    "namedInsured": "GARCIA, TUPAC",
    "settleDate": "08/31/2016"
  },
  {
    "agencyCode": "26892",
    "cashItemId": "85564569",
    "policyId": "104601255124001",
    "version": "4",
    "entryDate": "08/29/2016",
    "amount": "170.36",
    "typeCode": "2",
    "appliedDate": "08/29/2016",
    "clearDate": null,
    "companyNumber": "60",
    "namedInsured": "Hernandez-guzman, Joaquin",
    "settleDate": "08/31/2016"
  },
  {
    "agencyCode": "26892",
    "cashItemId": "85571419",
    "policyId": "104630112353001",
    "version": "5",
    "entryDate": "08/29/2016",
    "amount": "60.03",
    "typeCode": "2",
    "appliedDate": "08/29/2016",
    "clearDate": null,
    "companyNumber": "63",
    "namedInsured": "Gomez Saenz, Felipe Misael",
    "settleDate": "08/31/2016"
  },
  {
    "agencyCode": "26892",
    "cashItemId": "85565237",
    "policyId": "104650174418001",
    "version": "5",
    "entryDate": "08/29/2016",
    "amount": "63",
    "typeCode": "2",
    "appliedDate": "08/29/2016",
    "clearDate": null,
    "companyNumber": "60",
    "namedInsured": "RODRIGUEZ, CESAR P",
    "settleDate": "08/31/2016"
  },
  {
    "agencyCode": "26892",
    "cashItemId": "85545106",
    "policyId": "104489007414001",
    "version": "3",
    "entryDate": "08/27/2016",
    "amount": "47.42",
    "typeCode": "2",
    "appliedDate": "08/27/2016",
    "clearDate": null,
    "companyNumber": "60",
    "namedInsured": "Delgado Villalobos, Jose Manuel",
    "settleDate": "08/30/2016"
  },
  {
    "agencyCode": "26892",
    "cashItemId": "85549402",
    "policyId": "104600850243001",
    "version": "4",
    "entryDate": "08/27/2016",
    "amount": "59",
    "typeCode": "2",
    "appliedDate": "08/27/2016",
    "clearDate": null,
    "companyNumber": "60",
    "namedInsured": "Gaytan, Carlos Rea",
    "settleDate": "08/30/2016"
  },
  {
    "agencyCode": "26892",
    "cashItemId": "85547718",
    "policyId": "104601114342001",
    "version": "2",
    "entryDate": "08/27/2016",
    "amount": "171.17",
    "typeCode": "2",
    "appliedDate": "08/27/2016",
    "clearDate": null,
    "companyNumber": "60",
    "namedInsured": "Minor Osorio And Hilaria Tamayomex",
    "settleDate": "08/30/2016"
  },
  {
    "agencyCode": "26892",
    "cashItemId": "85547005",
    "policyId": "104601220101001",
    "version": "2",
    "entryDate": "08/27/2016",
    "amount": "172",
    "typeCode": "2",
    "appliedDate": "08/27/2016",
    "clearDate": null,
    "companyNumber": "60",
    "namedInsured": "Perobal Canu, Demetrio",
    "settleDate": "08/30/2016"
  },
  {
    "agencyCode": "26892",
    "cashItemId": "85548146",
    "policyId": "104601283816001",
    "version": "1",
    "entryDate": "08/27/2016",
    "amount": "50",
    "typeCode": "2",
    "appliedDate": "08/27/2016",
    "clearDate": null,
    "companyNumber": "60",
    "namedInsured": "Brazile, Lorsicy Marie",
    "settleDate": "08/30/2016"
  },
  {
    "agencyCode": "26892",
    "cashItemId": "85544244",
    "policyId": "104601339767001",
    "version": "1",
    "entryDate": "08/27/2016",
    "amount": "54.29",
    "typeCode": "2",
    "appliedDate": "08/27/2016",
    "clearDate": null,
    "companyNumber": "60",
    "namedInsured": "Washington, Shirley Ann",
    "settleDate": "08/30/2016"
  },
  {
    "agencyCode": "26892",
    "cashItemId": "85549541",
    "policyId": "104630759029001",
    "version": "4",
    "entryDate": "08/27/2016",
    "amount": "146",
    "typeCode": "2",
    "appliedDate": "08/27/2016",
    "clearDate": null,
    "companyNumber": "60",
    "namedInsured": "Martinez-ortega, J. Moises",
    "settleDate": "08/30/2016"
  },
  {
    "agencyCode": "26892",
    "cashItemId": "85545593",
    "policyId": "104630849779001",
    "version": "4",
    "entryDate": "08/27/2016",
    "amount": "124",
    "typeCode": "2",
    "appliedDate": "08/27/2016",
    "clearDate": null,
    "companyNumber": "63",
    "namedInsured": "Rodriguez, Jose Salvador",
    "settleDate": "08/30/2016"
  },
  {
    "agencyCode": "26892",
    "cashItemId": "85549698",
    "policyId": "104631377798001",
    "version": "1",
    "entryDate": "08/27/2016",
    "amount": "184.76",
    "typeCode": "2",
    "appliedDate": "08/27/2016",
    "clearDate": null,
    "companyNumber": "63",
    "namedInsured": "Sarceno, Deiver Antonio",
    "settleDate": "08/30/2016"
  },
  {
    "agencyCode": "26892",
    "cashItemId": "85532137",
    "policyId": "104600103221001",
    "version": "5",
    "entryDate": "08/26/2016",
    "amount": "114",
    "typeCode": "2",
    "appliedDate": "08/26/2016",
    "clearDate": null,
    "companyNumber": "60",
    "namedInsured": "RODRIGUES, FELIPE RESENDIZ",
    "settleDate": "08/30/2016"
  },
  {
    "agencyCode": "26892",
    "cashItemId": "85535962",
    "policyId": "104600534784001",
    "version": "6",
    "entryDate": "08/26/2016",
    "amount": "102",
    "typeCode": "2",
    "appliedDate": "08/26/2016",
    "clearDate": null,
    "companyNumber": "60",
    "namedInsured": "Madrigal, Hector Jimenez",
    "settleDate": "08/30/2016"
  },
  {
    "agencyCode": "26892",
    "cashItemId": "85527332",
    "policyId": "104631027809001",
    "version": "3",
    "entryDate": "08/26/2016",
    "amount": "96.42",
    "typeCode": "2",
    "appliedDate": "08/26/2016",
    "clearDate": null,
    "companyNumber": "60",
    "namedInsured": "Fields, Tamara Lashea",
    "settleDate": "08/30/2016"
  },
  {
    "agencyCode": "26892",
    "cashItemId": "85496696",
    "policyId": "104630174857001",
    "version": "5",
    "entryDate": "08/25/2016",
    "amount": "114.02",
    "typeCode": "2",
    "appliedDate": "08/25/2016",
    "clearDate": null,
    "companyNumber": "63",
    "namedInsured": "DIAZ, JOSE",
    "settleDate": "08/29/2016"
  },
  {
    "agencyCode": "26892",
    "cashItemId": "85504170",
    "policyId": "104630444293001",
    "version": "5",
    "entryDate": "08/25/2016",
    "amount": "261",
    "typeCode": "2",
    "appliedDate": "08/25/2016",
    "clearDate": null,
    "companyNumber": "63",
    "namedInsured": "VILORIA, CATALINO MARTINEZ",
    "settleDate": "08/29/2016"
  },
  {
    "agencyCode": "26892",
    "cashItemId": "85498458",
    "policyId": "104630551296001",
    "version": "5",
    "entryDate": "08/25/2016",
    "amount": "159.16",
    "typeCode": "2",
    "appliedDate": "08/25/2016",
    "clearDate": null,
    "companyNumber": "63",
    "namedInsured": "MARTINEZ, ANA L",
    "settleDate": "08/29/2016"
  },
  {
    "agencyCode": "26892",
    "cashItemId": "85498448",
    "policyId": "104630982073001",
    "version": "3",
    "entryDate": "08/25/2016",
    "amount": "101",
    "typeCode": "2",
    "appliedDate": "08/25/2016",
    "clearDate": null,
    "companyNumber": "63",
    "namedInsured": "White, Natashia Ledeace",
    "settleDate": "08/29/2016"
  },
  {
    "agencyCode": "26892",
    "cashItemId": "85494844",
    "policyId": "104631119805001",
    "version": "2",
    "entryDate": "08/25/2016",
    "amount": "135",
    "typeCode": "2",
    "appliedDate": "08/25/2016",
    "clearDate": null,
    "companyNumber": "63",
    "namedInsured": "Lopez, Orlando Omar",
    "settleDate": "08/29/2016"
  },
  {
    "agencyCode": "26892",
    "cashItemId": "85460992",
    "policyId": "104600965668001",
    "version": "3",
    "entryDate": "08/24/2016",
    "amount": "59",
    "typeCode": "2",
    "appliedDate": "08/24/2016",
    "clearDate": null,
    "companyNumber": "60",
    "namedInsured": "Garcia, Francisco",
    "settleDate": "08/26/2016"
  },
  {
    "agencyCode": "26892",
    "cashItemId": "85463305",
    "policyId": "104601349877001",
    "version": "1",
    "entryDate": "08/24/2016",
    "amount": "53.4",
    "typeCode": "2",
    "appliedDate": "08/24/2016",
    "clearDate": null,
    "companyNumber": "60",
    "namedInsured": "Saavedra, Oralia Abigail",
    "settleDate": "08/26/2016"
  },
  {
    "agencyCode": "26892",
    "cashItemId": "85430485",
    "policyId": "104600456188001",
    "version": "5",
    "entryDate": "08/23/2016",
    "amount": "123",
    "typeCode": "2",
    "appliedDate": "08/23/2016",
    "clearDate": null,
    "companyNumber": "60",
    "namedInsured": "KEGLER, REGINALD",
    "settleDate": "08/25/2016"
  },
  {
    "agencyCode": "26892",
    "cashItemId": "85440564",
    "policyId": "104630823497001",
    "version": "4",
    "entryDate": "08/23/2016",
    "amount": "175.48",
    "typeCode": "2",
    "appliedDate": "08/23/2016",
    "clearDate": null,
    "companyNumber": "63",
    "namedInsured": "Smith, Enevila Kiana",
    "settleDate": "08/25/2016"
  },
  {
    "agencyCode": "26892",
    "cashItemId": "85437773",
    "policyId": "104631293758001",
    "version": "1",
    "entryDate": "08/23/2016",
    "amount": "139.81",
    "typeCode": "2",
    "appliedDate": "08/23/2016",
    "clearDate": null,
    "companyNumber": "63",
    "namedInsured": "Dean, Westley Bernard",
    "settleDate": "08/25/2016"
  },
  {
    "agencyCode": "26892",
    "cashItemId": "85406499",
    "policyId": "104433162367001",
    "version": "9",
    "entryDate": "08/22/2016",
    "amount": "93.48",
    "typeCode": "2",
    "appliedDate": "08/22/2016",
    "clearDate": null,
    "companyNumber": "63",
    "namedInsured": "GARCIA, CARLOS CORONEL",
    "settleDate": "08/24/2016"
  },
  {
    "agencyCode": "26892",
    "cashItemId": "85410216",
    "policyId": "104600316990001",
    "version": "5",
    "entryDate": "08/22/2016",
    "amount": "69",
    "typeCode": "2",
    "appliedDate": "08/22/2016",
    "clearDate": null,
    "companyNumber": "60",
    "namedInsured": "COLO, JOSE JULIIO",
    "settleDate": "08/24/2016"
  },
  {
    "agencyCode": "26892",
    "cashItemId": "85403100",
    "policyId": "104601000700001",
    "version": "3",
    "entryDate": "08/22/2016",
    "amount": "136.01",
    "typeCode": "2",
    "appliedDate": "08/22/2016",
    "clearDate": null,
    "companyNumber": "60",
    "namedInsured": "Kelly, Ray Bernard",
    "settleDate": "08/24/2016"
  },
  {
    "agencyCode": "26892",
    "cashItemId": "85412105",
    "policyId": "104601339745001",
    "version": "1",
    "entryDate": "08/22/2016",
    "amount": "61",
    "typeCode": "2",
    "appliedDate": "08/22/2016",
    "clearDate": null,
    "companyNumber": "60",
    "namedInsured": "Villanueva Torres, Diana",
    "settleDate": "08/24/2016"
  },
  {
    "agencyCode": "26892",
    "cashItemId": "85402720",
    "policyId": "104640221422001",
    "version": "5",
    "entryDate": "08/22/2016",
    "amount": "100",
    "typeCode": "2",
    "appliedDate": "08/22/2016",
    "clearDate": null,
    "companyNumber": "60",
    "namedInsured": "Raymundo, Maria G",
    "settleDate": "08/24/2016"
  },
  {
    "agencyCode": "26892",
    "cashItemId": "85293868",
    "policyId": "104600633939001",
    "version": "4",
    "entryDate": "08/20/2016",
    "amount": "70.23",
    "typeCode": "2",
    "appliedDate": "08/20/2016",
    "clearDate": null,
    "companyNumber": "60",
    "namedInsured": "Munozgonzalez, Rafael",
    "settleDate": "08/23/2016"
  },
  {
    "agencyCode": "26892",
    "cashItemId": "85340435",
    "policyId": "104600769170001",
    "version": "4",
    "entryDate": "08/20/2016",
    "amount": "141.23",
    "typeCode": "2",
    "appliedDate": "08/20/2016",
    "clearDate": null,
    "companyNumber": "60",
    "namedInsured": "Aguillon-carbajal, Joel Lorenzo",
    "settleDate": "08/23/2016"
  },
  {
    "agencyCode": "26892",
    "cashItemId": "85372566",
    "policyId": "104601022885001",
    "version": "3",
    "entryDate": "08/20/2016",
    "amount": "343",
    "typeCode": "2",
    "appliedDate": "08/20/2016",
    "clearDate": null,
    "companyNumber": "60",
    "namedInsured": "Bermeo, Carlos Enrique",
    "settleDate": "08/23/2016"
  },
  {
    "agencyCode": "26892",
    "cashItemId": "85364916",
    "policyId": "104601095707001",
    "version": "3",
    "entryDate": "08/20/2016",
    "amount": "25",
    "typeCode": "2",
    "appliedDate": "08/20/2016",
    "clearDate": null,
    "companyNumber": "60",
    "namedInsured": "Madrigal, Maria Soto",
    "settleDate": "08/23/2016"
  },
  {
    "agencyCode": "26892",
    "cashItemId": "85331579",
    "policyId": "104630602203001",
    "version": "5",
    "entryDate": "08/20/2016",
    "amount": "157",
    "typeCode": "2",
    "appliedDate": "08/20/2016",
    "clearDate": null,
    "companyNumber": "60",
    "namedInsured": "Cortez, Irma Victoria",
    "settleDate": "08/23/2016"
  },
  {
    "agencyCode": "26892",
    "cashItemId": "85358076",
    "policyId": "104630945485001",
    "version": "4",
    "entryDate": "08/20/2016",
    "amount": "311.06",
    "typeCode": "2",
    "appliedDate": "08/20/2016",
    "clearDate": null,
    "companyNumber": "63",
    "namedInsured": "Davies, Ashtin Brittany",
    "settleDate": "08/23/2016"
  },
  {
    "agencyCode": "26892",
    "cashItemId": "85337719",
    "policyId": "104631270610001",
    "version": "1",
    "entryDate": "08/20/2016",
    "amount": "295",
    "typeCode": "2",
    "appliedDate": "08/20/2016",
    "clearDate": null,
    "companyNumber": "63",
    "namedInsured": "Portero, Danilo",
    "settleDate": "08/23/2016"
  },
  {
    "agencyCode": "26892",
    "cashItemId": "85281882",
    "policyId": "104600329252001",
    "version": "6",
    "entryDate": "08/19/2016",
    "amount": "131.92",
    "typeCode": "2",
    "appliedDate": "08/19/2016",
    "clearDate": null,
    "companyNumber": "60",
    "namedInsured": "Lopez-guerrero, Alfonso",
    "settleDate": "08/23/2016"
  },
  {
    "agencyCode": "26892",
    "cashItemId": "85272755",
    "policyId": "104601374038001",
    "version": "1",
    "entryDate": "08/19/2016",
    "amount": "486",
    "typeCode": "2",
    "appliedDate": "08/19/2016",
    "clearDate": null,
    "companyNumber": "60",
    "namedInsured": "Rubiolopez, Juan Arnulfo",
    "settleDate": "08/23/2016"
  },
  {
    "agencyCode": "26892",
    "cashItemId": "85269054",
    "policyId": "104630268042001",
    "version": "6",
    "entryDate": "08/19/2016",
    "amount": "70.02",
    "typeCode": "2",
    "appliedDate": "08/19/2016",
    "clearDate": null,
    "companyNumber": "63",
    "namedInsured": "Pena Perea, Juan Ramon",
    "settleDate": "08/23/2016"
  },
  {
    "agencyCode": "26892",
    "cashItemId": "85272230",
    "policyId": "104630307250001",
    "version": "5",
    "entryDate": "08/19/2016",
    "amount": "60.17",
    "typeCode": "2",
    "appliedDate": "08/19/2016",
    "clearDate": null,
    "companyNumber": "63",
    "namedInsured": "SAMUELS, THOMAS K",
    "settleDate": "08/23/2016"
  },
  {
    "agencyCode": "26892",
    "cashItemId": "85269178",
    "policyId": "104630408781001",
    "version": "5",
    "entryDate": "08/19/2016",
    "amount": "116",
    "typeCode": "2",
    "appliedDate": "08/19/2016",
    "clearDate": null,
    "companyNumber": "63",
    "namedInsured": "GUSTAVIS, SHARON DENISE",
    "settleDate": "08/23/2016"
  },
  {
    "agencyCode": "26892",
    "cashItemId": "85273756",
    "policyId": "104630749206001",
    "version": "4",
    "entryDate": "08/19/2016",
    "amount": "162.29",
    "typeCode": "2",
    "appliedDate": "08/19/2016",
    "clearDate": null,
    "companyNumber": "63",
    "namedInsured": "Gallegos, Roberto Gallegos",
    "settleDate": "08/23/2016"
  },
  {
    "agencyCode": "26892",
    "cashItemId": "85273932",
    "policyId": "104630818455001",
    "version": "4",
    "entryDate": "08/19/2016",
    "amount": "95",
    "typeCode": "2",
    "appliedDate": "08/19/2016",
    "clearDate": null,
    "companyNumber": "63",
    "namedInsured": "Nolasco, Jose E Vargas",
    "settleDate": "08/23/2016"
  },
  {
    "agencyCode": "26892",
    "cashItemId": "85273093",
    "policyId": "104631030894001",
    "version": "3",
    "entryDate": "08/19/2016",
    "amount": "54",
    "typeCode": "2",
    "appliedDate": "08/19/2016",
    "clearDate": null,
    "companyNumber": "63",
    "namedInsured": "Washington, Vaughn Alan",
    "settleDate": "08/23/2016"
  },
  {
    "agencyCode": "26892",
    "cashItemId": "85269840",
    "policyId": "104631311300001",
    "version": "2",
    "entryDate": "08/19/2016",
    "amount": "206.85",
    "typeCode": "2",
    "appliedDate": "08/19/2016",
    "clearDate": null,
    "companyNumber": "63",
    "namedInsured": "Montesrodriguez, Maria De Los M",
    "settleDate": "08/23/2016"
  },
  {
    "agencyCode": "26892",
    "cashItemId": "85273889",
    "policyId": "104631339789001",
    "version": "1",
    "entryDate": "08/19/2016",
    "amount": "286",
    "typeCode": "2",
    "appliedDate": "08/19/2016",
    "clearDate": null,
    "companyNumber": "63",
    "namedInsured": "Bailey, Dennis Earl",
    "settleDate": "08/23/2016"
  },
  {
    "agencyCode": "26892",
    "cashItemId": "85240110",
    "policyId": "104600550982001",
    "version": "4",
    "entryDate": "08/18/2016",
    "amount": "89.4",
    "typeCode": "2",
    "appliedDate": "08/18/2016",
    "clearDate": null,
    "companyNumber": "60",
    "namedInsured": "JUAREZ ARAGON, JUAN A",
    "settleDate": "08/22/2016"
  },
  {
    "agencyCode": "26892",
    "cashItemId": "85239545",
    "policyId": "104600966766001",
    "version": "3",
    "entryDate": "08/18/2016",
    "amount": "87",
    "typeCode": "2",
    "appliedDate": "08/18/2016",
    "clearDate": null,
    "companyNumber": "60",
    "namedInsured": "Mendoza-Arteaga, Bertha Alicia",
    "settleDate": "08/22/2016"
  },
  {
    "agencyCode": "26892",
    "cashItemId": "85247318",
    "policyId": "104601373591001",
    "version": "1",
    "entryDate": "08/18/2016",
    "amount": "89.06",
    "typeCode": "2",
    "appliedDate": "08/18/2016",
    "clearDate": null,
    "companyNumber": "60",
    "namedInsured": "Perez Diaz, Federico",
    "settleDate": "08/22/2016"
  },
  {
    "agencyCode": "26892",
    "cashItemId": "85244882",
    "policyId": "104630254364001",
    "version": "5",
    "entryDate": "08/18/2016",
    "amount": "92",
    "typeCode": "2",
    "appliedDate": "08/18/2016",
    "clearDate": null,
    "companyNumber": "63",
    "namedInsured": "Palomino-ortiz, Felix",
    "settleDate": "08/22/2016"
  },
  {
    "agencyCode": "26892",
    "cashItemId": "85241610",
    "policyId": "104630547124001",
    "version": "4",
    "entryDate": "08/18/2016",
    "amount": "137.26",
    "typeCode": "2",
    "appliedDate": "08/18/2016",
    "clearDate": null,
    "companyNumber": "63",
    "namedInsured": "CUENCA, ANGELA ROSA    LARRAZABAL",
    "settleDate": "08/22/2016"
  },
  {
    "agencyCode": "26892",
    "cashItemId": "85240389",
    "policyId": "104630589041001",
    "version": "4",
    "entryDate": "08/18/2016",
    "amount": "75",
    "typeCode": "2",
    "appliedDate": "08/18/2016",
    "clearDate": null,
    "companyNumber": "63",
    "namedInsured": "Villar, Manuel De Jesus Del",
    "settleDate": "08/22/2016"
  },
  {
    "agencyCode": "26892",
    "cashItemId": "85251309",
    "policyId": "104631018457001",
    "version": "3",
    "entryDate": "08/18/2016",
    "amount": "155.07",
    "typeCode": "2",
    "appliedDate": "08/18/2016",
    "clearDate": null,
    "companyNumber": "63",
    "namedInsured": "Martinez, Wilfredo A",
    "settleDate": "08/22/2016"
  },
  {
    "agencyCode": "26892",
    "cashItemId": "85199497",
    "policyId": "104595323881001",
    "version": "4",
    "entryDate": "08/17/2016",
    "amount": "54",
    "typeCode": "2",
    "appliedDate": "08/17/2016",
    "clearDate": null,
    "companyNumber": "60",
    "namedInsured": "MORGANELLI, SANDRA JEAN",
    "settleDate": "08/19/2016"
  },
  {
    "agencyCode": "26892",
    "cashItemId": "85206439",
    "policyId": "104600506686001",
    "version": "4",
    "entryDate": "08/17/2016",
    "amount": "158.58",
    "typeCode": "2",
    "appliedDate": "08/17/2016",
    "clearDate": null,
    "companyNumber": "60",
    "namedInsured": "BOBADILLA, RAMON",
    "settleDate": "08/19/2016"
  },
  {
    "agencyCode": "26892",
    "cashItemId": "85206329",
    "policyId": "104600508851001",
    "version": "5",
    "entryDate": "08/17/2016",
    "amount": "68.16",
    "typeCode": "2",
    "appliedDate": "08/17/2016",
    "clearDate": null,
    "companyNumber": "60",
    "namedInsured": "HERNANDEZ, ANGEL CUSTODIO",
    "settleDate": "08/19/2016"
  },
  {
    "agencyCode": "26892",
    "cashItemId": "85203524",
    "policyId": "104630453494001",
    "version": "5",
    "entryDate": "08/17/2016",
    "amount": "119",
    "typeCode": "2",
    "appliedDate": "08/17/2016",
    "clearDate": null,
    "companyNumber": "63",
    "namedInsured": "Salas, Juan Carlos",
    "settleDate": "08/19/2016"
  },
  {
    "agencyCode": "26892",
    "cashItemId": "85206422",
    "policyId": "104631030954001",
    "version": "3",
    "entryDate": "08/17/2016",
    "amount": "121",
    "typeCode": "2",
    "appliedDate": "08/17/2016",
    "clearDate": null,
    "companyNumber": "63",
    "namedInsured": "Juarez-morales, Eriberto",
    "settleDate": "08/19/2016"
  },
  {
    "agencyCode": "26892",
    "cashItemId": "85207099",
    "policyId": "104631137245001",
    "version": "3",
    "entryDate": "08/17/2016",
    "amount": "111",
    "typeCode": "2",
    "appliedDate": "08/17/2016",
    "clearDate": null,
    "companyNumber": "63",
    "namedInsured": "Urias Vasquez, Santos Antonio",
    "settleDate": "08/19/2016"
  },
  {
    "agencyCode": "26892",
    "cashItemId": "85177845",
    "policyId": "104600134298001",
    "version": "5",
    "entryDate": "08/16/2016",
    "amount": "120.15",
    "typeCode": "2",
    "appliedDate": "08/16/2016",
    "clearDate": null,
    "companyNumber": "60",
    "namedInsured": "Samayoa, Cristina Marjoriet",
    "settleDate": "08/18/2016"
  },
  {
    "agencyCode": "26892",
    "cashItemId": "85182705",
    "policyId": "104600770235001",
    "version": "4",
    "entryDate": "08/16/2016",
    "amount": "61.42",
    "typeCode": "2",
    "appliedDate": "08/16/2016",
    "clearDate": null,
    "companyNumber": "60",
    "namedInsured": "Danhieux, Raymond Anthony",
    "settleDate": "08/18/2016"
  },
  {
    "agencyCode": "26892",
    "cashItemId": "85178874",
    "policyId": "104601372582001",
    "version": "1",
    "entryDate": "08/16/2016",
    "amount": "51.96",
    "typeCode": "2",
    "appliedDate": "08/16/2016",
    "clearDate": null,
    "companyNumber": "60",
    "namedInsured": "Vasquez, Clemente",
    "settleDate": "08/18/2016"
  },
  {
    "agencyCode": "26892",
    "cashItemId": "85180898",
    "policyId": "104630189062001",
    "version": "5",
    "entryDate": "08/16/2016",
    "amount": "96.22",
    "typeCode": "2",
    "appliedDate": "08/16/2016",
    "clearDate": null,
    "companyNumber": "60",
    "namedInsured": "Alvarez, Arturo",
    "settleDate": "08/18/2016"
  },
  {
    "agencyCode": "26892",
    "cashItemId": "85183358",
    "policyId": "104630401850001",
    "version": "5",
    "entryDate": "08/16/2016",
    "amount": "206",
    "typeCode": "2",
    "appliedDate": "08/16/2016",
    "clearDate": null,
    "companyNumber": "63",
    "namedInsured": "GRIMALDOMEJIA, LUIS GABRIEL",
    "settleDate": "08/18/2016"
  },
  {
    "agencyCode": "26892",
    "cashItemId": "85182116",
    "policyId": "104630504273001",
    "version": "4",
    "entryDate": "08/16/2016",
    "amount": "131.62",
    "typeCode": "2",
    "appliedDate": "08/16/2016",
    "clearDate": null,
    "companyNumber": "63",
    "namedInsured": "BOWMAN, WENDELL LAVELLE",
    "settleDate": "08/18/2016"
  },
  {
    "agencyCode": "26892",
    "cashItemId": "85175194",
    "policyId": "104630699201001",
    "version": "5",
    "entryDate": "08/16/2016",
    "amount": "177",
    "typeCode": "2",
    "appliedDate": "08/16/2016",
    "clearDate": null,
    "companyNumber": "60",
    "namedInsured": "Jackson, Michael Rene",
    "settleDate": "08/18/2016"
  },
  {
    "agencyCode": "26892",
    "cashItemId": "85137313",
    "policyId": "104600827781001",
    "version": "4",
    "entryDate": "08/15/2016",
    "amount": "81",
    "typeCode": "2",
    "appliedDate": "08/15/2016",
    "clearDate": null,
    "companyNumber": "60",
    "namedInsured": "Cuevas, Wilfrido Aguilar",
    "settleDate": "08/17/2016"
  },
  {
    "agencyCode": "26892",
    "cashItemId": "85136195",
    "policyId": "104601028322001",
    "version": "3",
    "entryDate": "08/15/2016",
    "amount": "83.41",
    "typeCode": "2",
    "appliedDate": "08/15/2016",
    "clearDate": null,
    "companyNumber": "60",
    "namedInsured": "Perez, Sara",
    "settleDate": "08/17/2016"
  },
  {
    "agencyCode": "26892",
    "cashItemId": "85146447",
    "policyId": "104630357030001",
    "version": "5",
    "entryDate": "08/15/2016",
    "amount": "148.93",
    "typeCode": "2",
    "appliedDate": "08/15/2016",
    "clearDate": null,
    "companyNumber": "63",
    "namedInsured": "Hernandez, Yolanda",
    "settleDate": "08/17/2016"
  },
  {
    "agencyCode": "26892",
    "cashItemId": "85136611",
    "policyId": "104630440393001",
    "version": "5",
    "entryDate": "08/15/2016",
    "amount": "378",
    "typeCode": "2",
    "appliedDate": "08/15/2016",
    "clearDate": null,
    "companyNumber": "63",
    "namedInsured": "Floresmartinez, Flora",
    "settleDate": "08/17/2016"
  },
  {
    "agencyCode": "26892",
    "cashItemId": "85148189",
    "policyId": "104630962829001",
    "version": "3",
    "entryDate": "08/15/2016",
    "amount": "229",
    "typeCode": "2",
    "appliedDate": "08/15/2016",
    "clearDate": null,
    "companyNumber": "63",
    "namedInsured": "Gil, Lisbeth Damaris Barreto",
    "settleDate": "08/17/2016"
  },
  {
    "agencyCode": "26892",
    "cashItemId": "85122827",
    "policyId": "104600788534001",
    "version": "4",
    "entryDate": "08/13/2016",
    "amount": "162",
    "typeCode": "2",
    "appliedDate": "08/13/2016",
    "clearDate": null,
    "companyNumber": "60",
    "namedInsured": "Bonilla, Delores Rene",
    "settleDate": "08/16/2016"
  },
  {
    "agencyCode": "26892",
    "cashItemId": "85120758",
    "policyId": "104601159677001",
    "version": "2",
    "entryDate": "08/13/2016",
    "amount": "60.09",
    "typeCode": "2",
    "appliedDate": "08/13/2016",
    "clearDate": null,
    "companyNumber": "60",
    "namedInsured": "Perez, David",
    "settleDate": "08/16/2016"
  },
  {
    "agencyCode": "26892",
    "cashItemId": "85119690",
    "policyId": "104630205496001",
    "version": "4",
    "entryDate": "08/13/2016",
    "amount": "168",
    "typeCode": "2",
    "appliedDate": "08/13/2016",
    "clearDate": null,
    "companyNumber": "60",
    "namedInsured": "Cuellar, Mirna Isabel",
    "settleDate": "08/16/2016"
  },
  {
    "agencyCode": "26892",
    "cashItemId": "85119325",
    "policyId": "104630455321001",
    "version": "5",
    "entryDate": "08/13/2016",
    "amount": "87.31",
    "typeCode": "2",
    "appliedDate": "08/13/2016",
    "clearDate": null,
    "companyNumber": "63",
    "namedInsured": "Escoto, Jorge",
    "settleDate": "08/16/2016"
  },
  {
    "agencyCode": "26892",
    "cashItemId": "85118404",
    "policyId": "104631106296001",
    "version": "2",
    "entryDate": "08/13/2016",
    "amount": "6",
    "typeCode": "2",
    "appliedDate": "08/13/2016",
    "clearDate": null,
    "companyNumber": "63",
    "namedInsured": "Perez, Yvette",
    "settleDate": "08/16/2016"
  },
  {
    "agencyCode": "26892",
    "cashItemId": "85118404",
    "policyId": "104631106296001",
    "version": "3",
    "entryDate": "08/13/2016",
    "amount": "247.84",
    "typeCode": "2",
    "appliedDate": "08/13/2016",
    "clearDate": null,
    "companyNumber": "63",
    "namedInsured": "Perez, Yvette",
    "settleDate": "08/16/2016"
  },
  {
    "agencyCode": "26892",
    "cashItemId": "85122390",
    "policyId": "104631339337001",
    "version": "1",
    "entryDate": "08/13/2016",
    "amount": "54",
    "typeCode": "2",
    "appliedDate": "08/13/2016",
    "clearDate": null,
    "companyNumber": "63",
    "namedInsured": "Nicolas, Francisco Sebastian",
    "settleDate": "08/16/2016"
  },
  {
    "agencyCode": "26892",
    "cashItemId": "85092806",
    "policyId": "104600403597001",
    "version": "5",
    "entryDate": "08/12/2016",
    "amount": "114",
    "typeCode": "2",
    "appliedDate": "08/12/2016",
    "clearDate": null,
    "companyNumber": "60",
    "namedInsured": "MORAGA, CHRISTINA",
    "settleDate": "08/16/2016"
  },
  {
    "agencyCode": "26892",
    "cashItemId": "85103122",
    "policyId": "104630116757001",
    "version": "7",
    "entryDate": "08/12/2016",
    "amount": "38.2",
    "typeCode": "2",
    "appliedDate": "08/12/2016",
    "clearDate": null,
    "companyNumber": "63",
    "namedInsured": "Reyes, Juan Carlos",
    "settleDate": "08/16/2016"
  },
  {
    "agencyCode": "26892",
    "cashItemId": "85103122",
    "policyId": "104630116757001",
    "version": "8",
    "entryDate": "08/12/2016",
    "amount": "164.42",
    "typeCode": "2",
    "appliedDate": "08/12/2016",
    "clearDate": null,
    "companyNumber": "60",
    "namedInsured": "Reyes, Juan Carlos",
    "settleDate": "08/16/2016"
  },
  {
    "agencyCode": "26892",
    "cashItemId": "85097642",
    "policyId": "104630512433001",
    "version": "5",
    "entryDate": "08/12/2016",
    "amount": "156",
    "typeCode": "2",
    "appliedDate": "08/12/2016",
    "clearDate": null,
    "companyNumber": "63",
    "namedInsured": "Mabry, Ben",
    "settleDate": "08/16/2016"
  },
  {
    "agencyCode": "26892",
    "cashItemId": "85103495",
    "policyId": "104631308499001",
    "version": "1",
    "entryDate": "08/12/2016",
    "amount": "62",
    "typeCode": "2",
    "appliedDate": "08/12/2016",
    "clearDate": null,
    "companyNumber": "63",
    "namedInsured": "Rodriguez-morales, Isaias",
    "settleDate": "08/16/2016"
  },
  {
    "agencyCode": "26892",
    "cashItemId": "85071572",
    "policyId": "104601095707001",
    "version": "2",
    "entryDate": "08/11/2016",
    "amount": "18.56",
    "typeCode": "2",
    "appliedDate": "08/11/2016",
    "clearDate": null,
    "companyNumber": "60",
    "namedInsured": "Madrigal, Maria Soto",
    "settleDate": "08/15/2016"
  },
  {
    "agencyCode": "26892",
    "cashItemId": "85071572",
    "policyId": "104601095707001",
    "version": "3",
    "entryDate": "08/11/2016",
    "amount": "65.5",
    "typeCode": "2",
    "appliedDate": "08/11/2016",
    "clearDate": null,
    "companyNumber": "60",
    "namedInsured": "Madrigal, Maria Soto",
    "settleDate": "08/15/2016"
  },
  {
    "agencyCode": "26892",
    "cashItemId": "85077960",
    "policyId": "104630306293001",
    "version": "4",
    "entryDate": "08/11/2016",
    "amount": "223",
    "typeCode": "2",
    "appliedDate": "08/11/2016",
    "clearDate": null,
    "companyNumber": "63",
    "namedInsured": "Pintor Hernandez, Iris D",
    "settleDate": "08/15/2016"
  },
  {
    "agencyCode": "26892",
    "cashItemId": "85028754",
    "policyId": "104630496893001",
    "version": "5",
    "entryDate": "08/10/2016",
    "amount": "105",
    "typeCode": "2",
    "appliedDate": "08/10/2016",
    "clearDate": null,
    "companyNumber": "60",
    "namedInsured": "Actualsaldana, Mayra",
    "settleDate": "08/12/2016"
  },
  {
    "agencyCode": "26892",
    "cashItemId": "85034532",
    "policyId": "104630892183001",
    "version": "3",
    "entryDate": "08/10/2016",
    "amount": "204",
    "typeCode": "2",
    "appliedDate": "08/10/2016",
    "clearDate": null,
    "companyNumber": "63",
    "namedInsured": "Bustos, Alejandro",
    "settleDate": "08/12/2016"
  },
  {
    "agencyCode": "26892",
    "cashItemId": "85032962",
    "policyId": "104651542532001",
    "version": "5",
    "entryDate": "08/10/2016",
    "amount": "80.42",
    "typeCode": "2",
    "appliedDate": "08/10/2016",
    "clearDate": null,
    "companyNumber": "60",
    "namedInsured": "AJPOPTZIC, CARLOS CLEMENTE",
    "settleDate": "08/12/2016"
  },
  {
    "agencyCode": "26892",
    "cashItemId": "85006307",
    "policyId": "104630439079001",
    "version": "5",
    "entryDate": "08/09/2016",
    "amount": "69",
    "typeCode": "2",
    "appliedDate": "08/09/2016",
    "clearDate": null,
    "companyNumber": "60",
    "namedInsured": "Gooden, Rochelle A",
    "settleDate": "08/11/2016"
  },
  {
    "agencyCode": "26892",
    "cashItemId": "84977052",
    "policyId": "104601024508001",
    "version": "3",
    "entryDate": "08/08/2016",
    "amount": "58",
    "typeCode": "2",
    "appliedDate": "08/08/2016",
    "clearDate": null,
    "companyNumber": "60",
    "namedInsured": "Navia, Jose",
    "settleDate": "08/10/2016"
  },
  {
    "agencyCode": "26892",
    "cashItemId": "84971486",
    "policyId": "104601192372001",
    "version": "1",
    "entryDate": "08/08/2016",
    "amount": "32.24",
    "typeCode": "2",
    "appliedDate": "08/08/2016",
    "clearDate": null,
    "companyNumber": "60",
    "namedInsured": "Pool Ku, Norma",
    "settleDate": "08/10/2016"
  },
  {
    "agencyCode": "26892",
    "cashItemId": "84971486",
    "policyId": "104601192372001",
    "version": "2",
    "entryDate": "08/08/2016",
    "amount": "55.92",
    "typeCode": "2",
    "appliedDate": "08/08/2016",
    "clearDate": null,
    "companyNumber": "60",
    "namedInsured": "Pool Ku, Norma",
    "settleDate": "08/10/2016"
  },
  {
    "agencyCode": "26892",
    "cashItemId": "84976480",
    "policyId": "104630688053001",
    "version": "3",
    "entryDate": "08/08/2016",
    "amount": "50",
    "typeCode": "2",
    "appliedDate": "08/08/2016",
    "clearDate": null,
    "companyNumber": "63",
    "namedInsured": "Mejia, Ana Dora Ortiz",
    "settleDate": "08/10/2016"
  },
  {
    "agencyCode": "26892",
    "cashItemId": "84971821",
    "policyId": "104631318957001",
    "version": "1",
    "entryDate": "08/08/2016",
    "amount": "159.41",
    "typeCode": "2",
    "appliedDate": "08/08/2016",
    "clearDate": null,
    "companyNumber": "63",
    "namedInsured": "Herod, Lashawn Denise",
    "settleDate": "08/10/2016"
  },
  {
    "agencyCode": "26892",
    "cashItemId": "84957908",
    "policyId": "104601342903001",
    "version": "1",
    "entryDate": "08/06/2016",
    "amount": "57.13",
    "typeCode": "2",
    "appliedDate": "08/06/2016",
    "clearDate": null,
    "companyNumber": "60",
    "namedInsured": "Acosta-fuentes, Yazmin Lorena",
    "settleDate": "08/09/2016"
  },
  {
    "agencyCode": "26892",
    "cashItemId": "84954209",
    "policyId": "104630112353001",
    "version": "4",
    "entryDate": "08/06/2016",
    "amount": "151.46",
    "typeCode": "2",
    "appliedDate": "08/06/2016",
    "clearDate": null,
    "companyNumber": "63",
    "namedInsured": "Gomez Saenz, Felipe Misael",
    "settleDate": "08/09/2016"
  },
  {
    "agencyCode": "26892",
    "cashItemId": "84930031",
    "policyId": "104600566548001",
    "version": "6",
    "entryDate": "08/05/2016",
    "amount": "66.05",
    "typeCode": "2",
    "appliedDate": "08/05/2016",
    "clearDate": null,
    "companyNumber": "60",
    "namedInsured": "Moreno, Arturo",
    "settleDate": "08/09/2016"
  },
  {
    "agencyCode": "26892",
    "cashItemId": "84901437",
    "policyId": "104600123659001",
    "version": "5",
    "entryDate": "08/04/2016",
    "amount": "127.16",
    "typeCode": "2",
    "appliedDate": "08/04/2016",
    "clearDate": null,
    "companyNumber": "60",
    "namedInsured": "TISCARENO, IGNACIO FRANCO",
    "settleDate": "08/08/2016"
  },
  {
    "agencyCode": "26892",
    "cashItemId": "84904055",
    "policyId": "104601080129001",
    "version": "2",
    "entryDate": "08/04/2016",
    "amount": "111.24",
    "typeCode": "2",
    "appliedDate": "08/04/2016",
    "clearDate": null,
    "companyNumber": "60",
    "namedInsured": "Pratts, Jaime",
    "settleDate": "08/08/2016"
  },
  {
    "agencyCode": "26892",
    "cashItemId": "84831469",
    "policyId": "104630525917001",
    "version": "5",
    "entryDate": "08/02/2016",
    "amount": "65",
    "typeCode": "2",
    "appliedDate": "08/02/2016",
    "clearDate": null,
    "companyNumber": "63",
    "namedInsured": "ORTIZ, ALEJANDRO",
    "settleDate": "08/04/2016"
  },
  {
    "agencyCode": "26892",
    "cashItemId": "84810453",
    "policyId": "104600113220001",
    "version": "5",
    "entryDate": "08/01/2016",
    "amount": "160.34",
    "typeCode": "2",
    "appliedDate": "08/01/2016",
    "clearDate": null,
    "companyNumber": "60",
    "namedInsured": "Jones, Roshanda Lynn",
    "settleDate": "08/03/2016"
  },
  {
    "agencyCode": "26892",
    "cashItemId": "84789218",
    "policyId": "104630268042001",
    "version": "6",
    "entryDate": "07/30/2016",
    "amount": "64.02",
    "typeCode": "2",
    "appliedDate": "07/30/2016",
    "clearDate": null,
    "companyNumber": "63",
    "namedInsured": "Pena Perea, Juan Ramon",
    "settleDate": "08/02/2016"
  },
  {
    "agencyCode": "26892",
    "cashItemId": "84787691",
    "policyId": "104630900768001",
    "version": "4",
    "entryDate": "07/30/2016",
    "amount": "70.25",
    "typeCode": "2",
    "appliedDate": "07/30/2016",
    "clearDate": null,
    "companyNumber": "63",
    "namedInsured": "Magana-godinez, Miguel Angel",
    "settleDate": "08/02/2016"
  },
  {
    "agencyCode": "26892",
    "cashItemId": "84784514",
    "policyId": "104630956889001",
    "version": "3",
    "entryDate": "07/30/2016",
    "amount": "210.01",
    "typeCode": "2",
    "appliedDate": "07/30/2016",
    "clearDate": null,
    "companyNumber": "63",
    "namedInsured": "Villafana, Guadalupe",
    "settleDate": "08/02/2016"
  },
  {
    "agencyCode": "26892",
    "cashItemId": "84769668",
    "policyId": "104489007414001",
    "version": "3",
    "entryDate": "07/29/2016",
    "amount": "47.42",
    "typeCode": "2",
    "appliedDate": "07/29/2016",
    "clearDate": null,
    "companyNumber": "60",
    "namedInsured": "Delgado Villalobos, Jose Manuel",
    "settleDate": "08/02/2016"
  },
  {
    "agencyCode": "26892",
    "cashItemId": "84768681",
    "policyId": "104600534784001",
    "version": "6",
    "entryDate": "07/29/2016",
    "amount": "95.5",
    "typeCode": "2",
    "appliedDate": "07/29/2016",
    "clearDate": null,
    "companyNumber": "60",
    "namedInsured": "Madrigal, Hector Jimenez",
    "settleDate": "08/02/2016"
  },
  {
    "agencyCode": "26892",
    "cashItemId": "84767008",
    "policyId": "104600747120001",
    "version": "5",
    "entryDate": "07/29/2016",
    "amount": "127.74",
    "typeCode": "2",
    "appliedDate": "07/29/2016",
    "clearDate": null,
    "companyNumber": "60",
    "namedInsured": "Frias, Georgette",
    "settleDate": "08/02/2016"
  },
  {
    "agencyCode": "26892",
    "cashItemId": "84767967",
    "policyId": "104601220101001",
    "version": "2",
    "entryDate": "07/29/2016",
    "amount": "189.96",
    "typeCode": "2",
    "appliedDate": "07/29/2016",
    "clearDate": null,
    "companyNumber": "60",
    "namedInsured": "Perobal Canu, Demetrio",
    "settleDate": "08/02/2016"
  },
  {
    "agencyCode": "26892",
    "cashItemId": "84737800",
    "policyId": "104600072769001",
    "version": "5",
    "entryDate": "07/28/2016",
    "amount": "310.58",
    "typeCode": "2",
    "appliedDate": "07/28/2016",
    "clearDate": null,
    "companyNumber": "60",
    "namedInsured": "Reyes, Rafael Medina",
    "settleDate": "08/01/2016"
  },
  {
    "agencyCode": "26892",
    "cashItemId": "84736468",
    "policyId": "104600829125001",
    "version": "4",
    "entryDate": "07/28/2016",
    "amount": "152",
    "typeCode": "2",
    "appliedDate": "07/28/2016",
    "clearDate": null,
    "companyNumber": "63",
    "namedInsured": "Martinez Fuentes, Jose A",
    "settleDate": "08/01/2016"
  },
  {
    "agencyCode": "26892",
    "cashItemId": "84736962",
    "policyId": "104630307250001",
    "version": "5",
    "entryDate": "07/28/2016",
    "amount": "54.17",
    "typeCode": "2",
    "appliedDate": "07/28/2016",
    "clearDate": null,
    "companyNumber": "63",
    "namedInsured": "SAMUELS, THOMAS K",
    "settleDate": "08/01/2016"
  },
  {
    "agencyCode": "26892",
    "cashItemId": "84741267",
    "policyId": "104631344886001",
    "version": "1",
    "entryDate": "07/28/2016",
    "amount": "150",
    "typeCode": "2",
    "appliedDate": "07/28/2016",
    "clearDate": null,
    "companyNumber": "63",
    "namedInsured": "Aguilar Hernandez, Jose Luis",
    "settleDate": "08/01/2016"
  },
  {
    "agencyCode": "26892",
    "cashItemId": "84703236",
    "policyId": "104600168893001",
    "version": "5",
    "entryDate": "07/27/2016",
    "amount": "173.25",
    "typeCode": "2",
    "appliedDate": "07/27/2016",
    "clearDate": null,
    "companyNumber": "60",
    "namedInsured": "Cambre, Darren",
    "settleDate": "07/29/2016"
  },
  {
    "agencyCode": "26892",
    "cashItemId": "84702183",
    "policyId": "104600850243001",
    "version": "3",
    "entryDate": "07/27/2016",
    "amount": "43.4",
    "typeCode": "2",
    "appliedDate": "07/27/2016",
    "clearDate": null,
    "companyNumber": "60",
    "namedInsured": "Gaytan, Carlos Rea",
    "settleDate": "07/29/2016"
  },
  {
    "agencyCode": "26892",
    "cashItemId": "84702630",
    "policyId": "104600932385001",
    "version": "4",
    "entryDate": "07/27/2016",
    "amount": "67",
    "typeCode": "2",
    "appliedDate": "07/27/2016",
    "clearDate": null,
    "companyNumber": "63",
    "namedInsured": "Melchor Sanchez, Jose Juan",
    "settleDate": "07/29/2016"
  },
  {
    "agencyCode": "26892",
    "cashItemId": "84696174",
    "policyId": "104601233259001",
    "version": "2",
    "entryDate": "07/27/2016",
    "amount": "42.35",
    "typeCode": "2",
    "appliedDate": "07/27/2016",
    "clearDate": null,
    "companyNumber": "60",
    "namedInsured": "Macario, Alfredo Lopez",
    "settleDate": "07/29/2016"
  },
  {
    "agencyCode": "26892",
    "cashItemId": "84699934",
    "policyId": "104631270610001",
    "version": "1",
    "entryDate": "07/27/2016",
    "amount": "164.32",
    "typeCode": "2",
    "appliedDate": "07/27/2016",
    "clearDate": null,
    "companyNumber": "63",
    "namedInsured": "Portero, Danilo",
    "settleDate": "07/29/2016"
  },
  {
    "agencyCode": "26892",
    "cashItemId": "84678327",
    "policyId": "104600103221001",
    "version": "5",
    "entryDate": "07/26/2016",
    "amount": "107.96",
    "typeCode": "2",
    "appliedDate": "07/26/2016",
    "clearDate": null,
    "companyNumber": "60",
    "namedInsured": "RODRIGUES, FELIPE RESENDIZ",
    "settleDate": "07/28/2016"
  },
  {
    "agencyCode": "26892",
    "cashItemId": "84677058",
    "policyId": "104600967797001",
    "version": "3",
    "entryDate": "07/26/2016",
    "amount": "64",
    "typeCode": "2",
    "appliedDate": "07/26/2016",
    "clearDate": null,
    "companyNumber": "60",
    "namedInsured": "Ayon-godinez, Consuelo Guadalupe",
    "settleDate": "07/28/2016"
  },
  {
    "agencyCode": "26892",
    "cashItemId": "84679400",
    "policyId": "104601081283001",
    "version": "2",
    "entryDate": "07/26/2016",
    "amount": "95",
    "typeCode": "2",
    "appliedDate": "07/26/2016",
    "clearDate": null,
    "companyNumber": "60",
    "namedInsured": "Resendizcarrillo, Jose Francisco",
    "settleDate": "07/28/2016"
  },
  {
    "agencyCode": "26892",
    "cashItemId": "84682354",
    "policyId": "104630174857001",
    "version": "5",
    "entryDate": "07/26/2016",
    "amount": "115",
    "typeCode": "2",
    "appliedDate": "07/26/2016",
    "clearDate": null,
    "companyNumber": "63",
    "namedInsured": "DIAZ, JOSE",
    "settleDate": "07/28/2016"
  },
  {
    "agencyCode": "26892",
    "cashItemId": "84678926",
    "policyId": "104630290760001",
    "version": "6",
    "entryDate": "07/26/2016",
    "amount": "55.05",
    "typeCode": "2",
    "appliedDate": "07/26/2016",
    "clearDate": null,
    "companyNumber": "63",
    "namedInsured": "Gladney, Shenesia Juanea",
    "settleDate": "07/28/2016"
  },
  {
    "agencyCode": "26892",
    "cashItemId": "84673920",
    "policyId": "104630517519001",
    "version": "4",
    "entryDate": "07/26/2016",
    "amount": "163",
    "typeCode": "2",
    "appliedDate": "07/26/2016",
    "clearDate": null,
    "companyNumber": "63",
    "namedInsured": "Strong, Shaun Douglas",
    "settleDate": "07/28/2016"
  },
  {
    "agencyCode": "26892",
    "cashItemId": "84679751",
    "policyId": "104630849779001",
    "version": "3",
    "entryDate": "07/26/2016",
    "amount": "113.01",
    "typeCode": "2",
    "appliedDate": "07/26/2016",
    "clearDate": null,
    "companyNumber": "63",
    "namedInsured": "Rodriguez, Jose Salvador",
    "settleDate": "07/28/2016"
  },
  {
    "agencyCode": "26892",
    "cashItemId": "84678471",
    "policyId": "104631030954001",
    "version": "2",
    "entryDate": "07/26/2016",
    "amount": "102",
    "typeCode": "2",
    "appliedDate": "07/26/2016",
    "clearDate": null,
    "companyNumber": "63",
    "namedInsured": "Juarez-morales, Eriberto",
    "settleDate": "07/28/2016"
  },
  {
    "agencyCode": "26892",
    "cashItemId": "84657310",
    "policyId": "104600134298001",
    "version": "4",
    "entryDate": "07/25/2016",
    "amount": "104.66",
    "typeCode": "2",
    "appliedDate": "07/25/2016",
    "clearDate": null,
    "companyNumber": "60",
    "namedInsured": "Samayoa, Cristina Marjoriet",
    "settleDate": "07/27/2016"
  },
  {
    "agencyCode": "26892",
    "cashItemId": "84662324",
    "policyId": "104601000700001",
    "version": "3",
    "entryDate": "07/25/2016",
    "amount": "124",
    "typeCode": "2",
    "appliedDate": "07/25/2016",
    "clearDate": null,
    "companyNumber": "60",
    "namedInsured": "Kelly, Ray Bernard",
    "settleDate": "07/27/2016"
  },
  {
    "agencyCode": "26892",
    "cashItemId": "84642507",
    "policyId": "104631339337001",
    "version": "1",
    "entryDate": "07/25/2016",
    "amount": "53.92",
    "typeCode": "2",
    "appliedDate": "07/25/2016",
    "clearDate": null,
    "companyNumber": "63",
    "namedInsured": "Nicolas, Francisco Sebastian",
    "settleDate": "07/27/2016"
  },
  {
    "agencyCode": "26892",
    "cashItemId": "84599997",
    "policyId": "104600965668001",
    "version": "3",
    "entryDate": "07/23/2016",
    "amount": "59",
    "typeCode": "2",
    "appliedDate": "07/23/2016",
    "clearDate": null,
    "companyNumber": "60",
    "namedInsured": "Garcia, Francisco",
    "settleDate": "07/26/2016"
  },
  {
    "agencyCode": "26892",
    "cashItemId": "84593004",
    "policyId": "104630602203001",
    "version": "5",
    "entryDate": "07/23/2016",
    "amount": "149.62",
    "typeCode": "2",
    "appliedDate": "07/23/2016",
    "clearDate": null,
    "companyNumber": "60",
    "namedInsured": "Cortez, Irma Victoria",
    "settleDate": "07/26/2016"
  },
  {
    "agencyCode": "26892",
    "cashItemId": "84554655",
    "policyId": "104630631561001",
    "version": "4",
    "entryDate": "07/23/2016",
    "amount": "105.28",
    "typeCode": "2",
    "appliedDate": "07/23/2016",
    "clearDate": null,
    "companyNumber": "63",
    "namedInsured": "ALVAREZ, GLADYS OLINDA",
    "settleDate": "07/26/2016"
  },
  {
    "agencyCode": "26892",
    "cashItemId": "84569465",
    "policyId": "104640221422001",
    "version": "5",
    "entryDate": "07/23/2016",
    "amount": "100",
    "typeCode": "2",
    "appliedDate": "07/23/2016",
    "clearDate": null,
    "companyNumber": "60",
    "namedInsured": "Raymundo, Maria G",
    "settleDate": "07/26/2016"
  },
  {
    "agencyCode": "26892",
    "cashItemId": "84573374",
    "policyId": "104650174418001",
    "version": "5",
    "entryDate": "07/23/2016",
    "amount": "65",
    "typeCode": "2",
    "appliedDate": "07/23/2016",
    "clearDate": null,
    "companyNumber": "60",
    "namedInsured": "RODRIGUEZ, CESAR P",
    "settleDate": "07/26/2016"
  },
  {
    "agencyCode": "26892",
    "cashItemId": "84523587",
    "policyId": "104600320850001",
    "version": "6",
    "entryDate": "07/22/2016",
    "amount": "56",
    "typeCode": "2",
    "appliedDate": "07/22/2016",
    "clearDate": null,
    "companyNumber": "60",
    "namedInsured": "SANCHEZ, MARTIN BAUTISTA",
    "settleDate": "07/26/2016"
  },
  {
    "agencyCode": "26892",
    "cashItemId": "84525034",
    "policyId": "104630515958001",
    "version": "5",
    "entryDate": "07/22/2016",
    "amount": "76.74",
    "typeCode": "2",
    "appliedDate": "07/22/2016",
    "clearDate": null,
    "companyNumber": "63",
    "namedInsured": "Trinidad-flores, Juan De La",
    "settleDate": "07/26/2016"
  },
  {
    "agencyCode": "26892",
    "cashItemId": "84525434",
    "policyId": "104630759029001",
    "version": "4",
    "entryDate": "07/22/2016",
    "amount": "140",
    "typeCode": "2",
    "appliedDate": "07/22/2016",
    "clearDate": null,
    "companyNumber": "60",
    "namedInsured": "Martinez-ortega, J. Moises",
    "settleDate": "07/26/2016"
  },
  {
    "agencyCode": "26892",
    "cashItemId": "84519125",
    "policyId": "104631119805001",
    "version": "2",
    "entryDate": "07/22/2016",
    "amount": "130",
    "typeCode": "2",
    "appliedDate": "07/22/2016",
    "clearDate": null,
    "companyNumber": "63",
    "namedInsured": "Lopez, Orlando Omar",
    "settleDate": "07/26/2016"
  },
  {
    "agencyCode": "26892",
    "cashItemId": "84489737",
    "policyId": "104419686705001",
    "version": "5",
    "entryDate": "07/21/2016",
    "amount": "184.84",
    "typeCode": "2",
    "appliedDate": "07/21/2016",
    "clearDate": null,
    "companyNumber": "60",
    "namedInsured": "HERNANDEZ, GUSTAVO",
    "settleDate": "07/25/2016"
  },
  {
    "agencyCode": "26892",
    "cashItemId": "84495594",
    "policyId": "104433162367001",
    "version": "9",
    "entryDate": "07/21/2016",
    "amount": "95",
    "typeCode": "2",
    "appliedDate": "07/21/2016",
    "clearDate": null,
    "companyNumber": "63",
    "namedInsured": "GARCIA, CARLOS CORONEL",
    "settleDate": "07/25/2016"
  },
  {
    "agencyCode": "26892",
    "cashItemId": "84494078",
    "policyId": "104601161757001",
    "version": "2",
    "entryDate": "07/21/2016",
    "amount": "88.33",
    "typeCode": "2",
    "appliedDate": "07/21/2016",
    "clearDate": null,
    "companyNumber": "60",
    "namedInsured": "Huerta, Erika",
    "settleDate": "07/25/2016"
  },
  {
    "agencyCode": "26892",
    "cashItemId": "84498930",
    "policyId": "104601283816001",
    "version": "1",
    "entryDate": "07/21/2016",
    "amount": "50",
    "typeCode": "2",
    "appliedDate": "07/21/2016",
    "clearDate": null,
    "companyNumber": "60",
    "namedInsured": "Brazile, Lorsicy Marie",
    "settleDate": "07/25/2016"
  },
  {
    "agencyCode": "26892",
    "cashItemId": "84498880",
    "policyId": "104601305154001",
    "version": "1",
    "entryDate": "07/21/2016",
    "amount": "38.58",
    "typeCode": "2",
    "appliedDate": "07/21/2016",
    "clearDate": null,
    "companyNumber": "60",
    "namedInsured": "Ali, Khasijah Zarinah Zakiyyah",
    "settleDate": "07/25/2016"
  },
  {
    "agencyCode": "26892",
    "cashItemId": "84498880",
    "policyId": "104601305154001",
    "version": "2",
    "entryDate": "07/21/2016",
    "amount": "120.66",
    "typeCode": "2",
    "appliedDate": "07/21/2016",
    "clearDate": null,
    "companyNumber": "60",
    "namedInsured": "Ali, Khasijah Zarinah Zakiyyah",
    "settleDate": "07/25/2016"
  },
  {
    "agencyCode": "26892",
    "cashItemId": "84492509",
    "policyId": "104630453550001",
    "version": "5",
    "entryDate": "07/21/2016",
    "amount": "416",
    "typeCode": "2",
    "appliedDate": "07/21/2016",
    "clearDate": null,
    "companyNumber": "60",
    "namedInsured": "Oi, Masami",
    "settleDate": "07/25/2016"
  },
  {
    "agencyCode": "26892",
    "cashItemId": "84499351",
    "policyId": "104630623660001",
    "version": "4",
    "entryDate": "07/21/2016",
    "amount": "120",
    "typeCode": "2",
    "appliedDate": "07/21/2016",
    "clearDate": null,
    "companyNumber": "63",
    "namedInsured": "ROMERO, NORMA SANCHEZ",
    "settleDate": "07/25/2016"
  },
  {
    "agencyCode": "26892",
    "cashItemId": "84486589",
    "policyId": "104630710760001",
    "version": "4",
    "entryDate": "07/21/2016",
    "amount": "83",
    "typeCode": "2",
    "appliedDate": "07/21/2016",
    "clearDate": null,
    "companyNumber": "60",
    "namedInsured": "Montes, Pedro",
    "settleDate": "07/25/2016"
  },
  {
    "agencyCode": "26892",
    "cashItemId": "84494715",
    "policyId": "104631268361001",
    "version": "1",
    "entryDate": "07/21/2016",
    "amount": "202",
    "typeCode": "2",
    "appliedDate": "07/21/2016",
    "clearDate": null,
    "companyNumber": "63",
    "namedInsured": "Calderon De Morales, Carmela Caronilia",
    "settleDate": "07/25/2016"
  },
  {
    "agencyCode": "26892",
    "cashItemId": "84453273",
    "policyId": "104600316990001",
    "version": "5",
    "entryDate": "07/20/2016",
    "amount": "68.58",
    "typeCode": "2",
    "appliedDate": "07/20/2016",
    "clearDate": null,
    "companyNumber": "60",
    "namedInsured": "COLO, JOSE JULIIO",
    "settleDate": "07/22/2016"
  },
  {
    "agencyCode": "26892",
    "cashItemId": "84446565",
    "policyId": "104600550982001",
    "version": "4",
    "entryDate": "07/20/2016",
    "amount": "83.42",
    "typeCode": "2",
    "appliedDate": "07/20/2016",
    "clearDate": null,
    "companyNumber": "60",
    "namedInsured": "JUAREZ ARAGON, JUAN A",
    "settleDate": "07/22/2016"
  },
  {
    "agencyCode": "26892",
    "cashItemId": "84451925",
    "policyId": "104600770235001",
    "version": "4",
    "entryDate": "07/20/2016",
    "amount": "55.26",
    "typeCode": "2",
    "appliedDate": "07/20/2016",
    "clearDate": null,
    "companyNumber": "60",
    "namedInsured": "Danhieux, Raymond Anthony",
    "settleDate": "07/22/2016"
  },
  {
    "agencyCode": "26892",
    "cashItemId": "84451051",
    "policyId": "104630205496001",
    "version": "3",
    "entryDate": "07/20/2016",
    "amount": "175.02",
    "typeCode": "2",
    "appliedDate": "07/20/2016",
    "clearDate": null,
    "companyNumber": "60",
    "namedInsured": "Cuellar, Mirna Isabel",
    "settleDate": "07/22/2016"
  },
  {
    "agencyCode": "26892",
    "cashItemId": "84453769",
    "policyId": "104630547124001",
    "version": "4",
    "entryDate": "07/20/2016",
    "amount": "131.25",
    "typeCode": "2",
    "appliedDate": "07/20/2016",
    "clearDate": null,
    "companyNumber": "63",
    "namedInsured": "CUENCA, ANGELA ROSA    LARRAZABAL",
    "settleDate": "07/22/2016"
  },
  {
    "agencyCode": "26892",
    "cashItemId": "84450648",
    "policyId": "104630618703001",
    "version": "5",
    "entryDate": "07/20/2016",
    "amount": "120.75",
    "typeCode": "2",
    "appliedDate": "07/20/2016",
    "clearDate": null,
    "companyNumber": "63",
    "namedInsured": "Smith, Eric Dell",
    "settleDate": "07/22/2016"
  },
  {
    "agencyCode": "26892",
    "cashItemId": "84446397",
    "policyId": "104630699201001",
    "version": "5",
    "entryDate": "07/20/2016",
    "amount": "178",
    "typeCode": "2",
    "appliedDate": "07/20/2016",
    "clearDate": null,
    "companyNumber": "60",
    "namedInsured": "Jackson, Michael Rene",
    "settleDate": "07/22/2016"
  },
  {
    "agencyCode": "26892",
    "cashItemId": "84448202",
    "policyId": "104630982073001",
    "version": "3",
    "entryDate": "07/20/2016",
    "amount": "107",
    "typeCode": "2",
    "appliedDate": "07/20/2016",
    "clearDate": null,
    "companyNumber": "63",
    "namedInsured": "White, Natashia Ledeace",
    "settleDate": "07/22/2016"
  },
  {
    "agencyCode": "26892",
    "cashItemId": "84451344",
    "policyId": "104631339789001",
    "version": "1",
    "entryDate": "07/20/2016",
    "amount": "285.5",
    "typeCode": "2",
    "appliedDate": "07/20/2016",
    "clearDate": null,
    "companyNumber": "63",
    "namedInsured": "Bailey, Dennis Earl",
    "settleDate": "07/22/2016"
  },
  {
    "agencyCode": "26892",
    "cashItemId": "84432969",
    "policyId": "104600682345001",
    "version": "6",
    "entryDate": "07/19/2016",
    "amount": "101.86",
    "typeCode": "2",
    "appliedDate": "07/19/2016",
    "clearDate": null,
    "companyNumber": "63",
    "namedInsured": "Osifeso, Benjamin Ifebanjo",
    "settleDate": "07/21/2016"
  },
  {
    "agencyCode": "26892",
    "cashItemId": "84432969",
    "policyId": "104600682345001",
    "version": "7",
    "entryDate": "07/19/2016",
    "amount": "109.06",
    "typeCode": "2",
    "appliedDate": "07/19/2016",
    "clearDate": null,
    "companyNumber": "60",
    "namedInsured": "Osifeso, Benjamin Ifebanjo",
    "settleDate": "07/21/2016"
  },
  {
    "agencyCode": "26892",
    "cashItemId": "84422360",
    "policyId": "104600933135001",
    "version": "4",
    "entryDate": "07/19/2016",
    "amount": "156.02",
    "typeCode": "2",
    "appliedDate": "07/19/2016",
    "clearDate": null,
    "companyNumber": "60",
    "namedInsured": "Volrie Jr, Marvin Ray",
    "settleDate": "07/21/2016"
  },
  {
    "agencyCode": "26892",
    "cashItemId": "84430703",
    "policyId": "104601141910001",
    "version": "2",
    "entryDate": "07/19/2016",
    "amount": "43.26",
    "typeCode": "2",
    "appliedDate": "07/19/2016",
    "clearDate": null,
    "companyNumber": "60",
    "namedInsured": "Martinez, Manuel C",
    "settleDate": "07/21/2016"
  },
  {
    "agencyCode": "26892",
    "cashItemId": "84424809",
    "policyId": "104601161297001",
    "version": "2",
    "entryDate": "07/19/2016",
    "amount": "64.41",
    "typeCode": "2",
    "appliedDate": "07/19/2016",
    "clearDate": null,
    "companyNumber": "60",
    "namedInsured": "Corona Velasquez, Rafael",
    "settleDate": "07/21/2016"
  },
  {
    "agencyCode": "26892",
    "cashItemId": "84431824",
    "policyId": "104601245266001",
    "version": "3",
    "entryDate": "07/19/2016",
    "amount": "76.56",
    "typeCode": "2",
    "appliedDate": "07/19/2016",
    "clearDate": null,
    "companyNumber": "60",
    "namedInsured": "Arreola, Juana Isabel",
    "settleDate": "07/21/2016"
  },
  {
    "agencyCode": "26892",
    "cashItemId": "84429330",
    "policyId": "104601349877001",
    "version": "1",
    "entryDate": "07/19/2016",
    "amount": "43.39",
    "typeCode": "2",
    "appliedDate": "07/19/2016",
    "clearDate": null,
    "companyNumber": "60",
    "namedInsured": "Saavedra, Oralia Abigail",
    "settleDate": "07/21/2016"
  },
  {
    "agencyCode": "26892",
    "cashItemId": "84425359",
    "policyId": "104630282757001",
    "version": "10",
    "entryDate": "07/19/2016",
    "amount": "191.18",
    "typeCode": "2",
    "appliedDate": "07/19/2016",
    "clearDate": null,
    "companyNumber": "63",
    "namedInsured": "PAREDES, CARMEN M",
    "settleDate": "07/21/2016"
  },
  {
    "agencyCode": "26892",
    "cashItemId": "84430550",
    "policyId": "104630749206001",
    "version": "4",
    "entryDate": "07/19/2016",
    "amount": "165.1",
    "typeCode": "2",
    "appliedDate": "07/19/2016",
    "clearDate": null,
    "companyNumber": "63",
    "namedInsured": "Gallegos, Roberto Gallegos",
    "settleDate": "07/21/2016"
  },
  {
    "agencyCode": "26892",
    "cashItemId": "84423711",
    "policyId": "104630818455001",
    "version": "4",
    "entryDate": "07/19/2016",
    "amount": "94.84",
    "typeCode": "2",
    "appliedDate": "07/19/2016",
    "clearDate": null,
    "companyNumber": "63",
    "namedInsured": "Nolasco, Jose E Vargas",
    "settleDate": "07/21/2016"
  },
  {
    "agencyCode": "26892",
    "cashItemId": "84431645",
    "policyId": "104631308499001",
    "version": "1",
    "entryDate": "07/19/2016",
    "amount": "55.41",
    "typeCode": "2",
    "appliedDate": "07/19/2016",
    "clearDate": null,
    "companyNumber": "63",
    "namedInsured": "Rodriguez-morales, Isaias",
    "settleDate": "07/21/2016"
  },
  {
    "agencyCode": "26892",
    "cashItemId": "84401595",
    "policyId": "104600131627001",
    "version": "5",
    "entryDate": "07/18/2016",
    "amount": "128.69",
    "typeCode": "2",
    "appliedDate": "07/18/2016",
    "clearDate": null,
    "companyNumber": "60",
    "namedInsured": "GARCIA CASTRO, RICARDO MANUEL",
    "settleDate": "07/20/2016"
  },
  {
    "agencyCode": "26892",
    "cashItemId": "84403637",
    "policyId": "104600376900001",
    "version": "5",
    "entryDate": "07/18/2016",
    "amount": "178",
    "typeCode": "2",
    "appliedDate": "07/18/2016",
    "clearDate": null,
    "companyNumber": "60",
    "namedInsured": "ARTEAGA, OSCAR CRUZ",
    "settleDate": "07/20/2016"
  },
  {
    "agencyCode": "26892",
    "cashItemId": "84391142",
    "policyId": "104600456188001",
    "version": "5",
    "entryDate": "07/18/2016",
    "amount": "156.31",
    "typeCode": "2",
    "appliedDate": "07/18/2016",
    "clearDate": null,
    "companyNumber": "60",
    "namedInsured": "KEGLER, REGINALD",
    "settleDate": "07/20/2016"
  },
  {
    "agencyCode": "26892",
    "cashItemId": "84393460",
    "policyId": "104600633939001",
    "version": "4",
    "entryDate": "07/18/2016",
    "amount": "70.23",
    "typeCode": "2",
    "appliedDate": "07/18/2016",
    "clearDate": null,
    "companyNumber": "60",
    "namedInsured": "Munozgonzalez, Rafael",
    "settleDate": "07/20/2016"
  },
  {
    "agencyCode": "26892",
    "cashItemId": "84394322",
    "policyId": "104600896586001",
    "version": "3",
    "entryDate": "07/18/2016",
    "amount": "144.03",
    "typeCode": "2",
    "appliedDate": "07/18/2016",
    "clearDate": null,
    "companyNumber": "60",
    "namedInsured": "Evans, Anice",
    "settleDate": "07/20/2016"
  },
  {
    "agencyCode": "26892",
    "cashItemId": "84393396",
    "policyId": "104600966766001",
    "version": "3",
    "entryDate": "07/18/2016",
    "amount": "59.23",
    "typeCode": "2",
    "appliedDate": "07/18/2016",
    "clearDate": null,
    "companyNumber": "60",
    "namedInsured": "Mendoza-Arteaga, Bertha Alicia",
    "settleDate": "07/20/2016"
  },
  {
    "agencyCode": "26892",
    "cashItemId": "84390332",
    "policyId": "104601057509001",
    "version": "2",
    "entryDate": "07/18/2016",
    "amount": "89.43",
    "typeCode": "2",
    "appliedDate": "07/18/2016",
    "clearDate": null,
    "companyNumber": "60",
    "namedInsured": "Hernandez-perfecto, Angel",
    "settleDate": "07/20/2016"
  },
  {
    "agencyCode": "26892",
    "cashItemId": "84404727",
    "policyId": "104601270619001",
    "version": "1",
    "entryDate": "07/18/2016",
    "amount": "47.98",
    "typeCode": "2",
    "appliedDate": "07/18/2016",
    "clearDate": null,
    "companyNumber": "60",
    "namedInsured": "Macias Cano, Eligio",
    "settleDate": "07/20/2016"
  },
  {
    "agencyCode": "26892",
    "cashItemId": "84403723",
    "policyId": "104630254364001",
    "version": "5",
    "entryDate": "07/18/2016",
    "amount": "91.42",
    "typeCode": "2",
    "appliedDate": "07/18/2016",
    "clearDate": null,
    "companyNumber": "63",
    "namedInsured": "Palomino-ortiz, Felix",
    "settleDate": "07/20/2016"
  },
  {
    "agencyCode": "26892",
    "cashItemId": "84404535",
    "policyId": "104630440393001",
    "version": "4",
    "entryDate": "07/18/2016",
    "amount": "380.96",
    "typeCode": "2",
    "appliedDate": "07/18/2016",
    "clearDate": null,
    "companyNumber": "63",
    "namedInsured": "Floresmartinez, Flora",
    "settleDate": "07/20/2016"
  },
  {
    "agencyCode": "26892",
    "cashItemId": "84395776",
    "policyId": "104631018457001",
    "version": "3",
    "entryDate": "07/18/2016",
    "amount": "154.07",
    "typeCode": "2",
    "appliedDate": "07/18/2016",
    "clearDate": null,
    "companyNumber": "63",
    "namedInsured": "Martinez, Wilfredo A",
    "settleDate": "07/20/2016"
  },
  {
    "agencyCode": "26892",
    "cashItemId": "84371120",
    "policyId": "104595323881001",
    "version": "4",
    "entryDate": "07/16/2016",
    "amount": "55",
    "typeCode": "2",
    "appliedDate": "07/16/2016",
    "clearDate": null,
    "companyNumber": "60",
    "namedInsured": "MORGANELLI, SANDRA JEAN",
    "settleDate": "07/19/2016"
  },
  {
    "agencyCode": "26892",
    "cashItemId": "84376593",
    "policyId": "104600506686001",
    "version": "4",
    "entryDate": "07/16/2016",
    "amount": "158.36",
    "typeCode": "2",
    "appliedDate": "07/16/2016",
    "clearDate": null,
    "companyNumber": "60",
    "namedInsured": "BOBADILLA, RAMON",
    "settleDate": "07/19/2016"
  },
  {
    "agencyCode": "26892",
    "cashItemId": "84372646",
    "policyId": "104600508851001",
    "version": "4",
    "entryDate": "07/16/2016",
    "amount": "35.82",
    "typeCode": "2",
    "appliedDate": "07/16/2016",
    "clearDate": null,
    "companyNumber": "60",
    "namedInsured": "HERNANDEZ, ANGEL CUSTODIO",
    "settleDate": "07/19/2016"
  },
  {
    "agencyCode": "26892",
    "cashItemId": "84370528",
    "policyId": "104630080674001",
    "version": "7",
    "entryDate": "07/16/2016",
    "amount": "49",
    "typeCode": "2",
    "appliedDate": "07/16/2016",
    "clearDate": null,
    "companyNumber": "60",
    "namedInsured": "Alvarez, Alejandra",
    "settleDate": "07/19/2016"
  },
  {
    "agencyCode": "26892",
    "cashItemId": "84373295",
    "policyId": "104630103770001",
    "version": "3",
    "entryDate": "07/16/2016",
    "amount": "103.88",
    "typeCode": "2",
    "appliedDate": "07/16/2016",
    "clearDate": null,
    "companyNumber": "63",
    "namedInsured": "Colbourne, Melissa",
    "settleDate": "07/19/2016"
  },
  {
    "agencyCode": "26892",
    "cashItemId": "84370029",
    "policyId": "104630154531001",
    "version": "5",
    "entryDate": "07/16/2016",
    "amount": "73.06",
    "typeCode": "2",
    "appliedDate": "07/16/2016",
    "clearDate": null,
    "companyNumber": "60",
    "namedInsured": "Bello-mora, Felipe",
    "settleDate": "07/19/2016"
  },
  {
    "agencyCode": "26892",
    "cashItemId": "84370448",
    "policyId": "104630357030001",
    "version": "5",
    "entryDate": "07/16/2016",
    "amount": "148.84",
    "typeCode": "2",
    "appliedDate": "07/16/2016",
    "clearDate": null,
    "companyNumber": "63",
    "namedInsured": "Hernandez, Yolanda",
    "settleDate": "07/19/2016"
  },
  {
    "agencyCode": "26892",
    "cashItemId": "84375755",
    "policyId": "104630453494001",
    "version": "5",
    "entryDate": "07/16/2016",
    "amount": "112.92",
    "typeCode": "2",
    "appliedDate": "07/16/2016",
    "clearDate": null,
    "companyNumber": "63",
    "namedInsured": "Salas, Juan Carlos",
    "settleDate": "07/19/2016"
  },
  {
    "agencyCode": "26892",
    "cashItemId": "84371664",
    "policyId": "104630613862001",
    "version": "4",
    "entryDate": "07/16/2016",
    "amount": "90",
    "typeCode": "2",
    "appliedDate": "07/16/2016",
    "clearDate": null,
    "companyNumber": "63",
    "namedInsured": "Palacio, Jacqueline Jane",
    "settleDate": "07/19/2016"
  },
  {
    "agencyCode": "26892",
    "cashItemId": "84373996",
    "policyId": "104631012465001",
    "version": "2",
    "entryDate": "07/16/2016",
    "amount": "6",
    "typeCode": "2",
    "appliedDate": "07/16/2016",
    "clearDate": null,
    "companyNumber": "63",
    "namedInsured": "Pitts, Stephen Gregory",
    "settleDate": "07/19/2016"
  },
  {
    "agencyCode": "26892",
    "cashItemId": "84373996",
    "policyId": "104631012465001",
    "version": "3",
    "entryDate": "07/16/2016",
    "amount": "141.21",
    "typeCode": "2",
    "appliedDate": "07/16/2016",
    "clearDate": null,
    "companyNumber": "63",
    "namedInsured": "Pitts, Stephen Gregory",
    "settleDate": "07/19/2016"
  },
  {
    "agencyCode": "26892",
    "cashItemId": "84372165",
    "policyId": "104631360613001",
    "version": "1",
    "entryDate": "07/16/2016",
    "amount": "119.66",
    "typeCode": "2",
    "appliedDate": "07/16/2016",
    "clearDate": null,
    "companyNumber": "63",
    "namedInsured": "Herrera, Edic A Herrera",
    "settleDate": "07/19/2016"
  },
  {
    "agencyCode": "26892",
    "cashItemId": "84342623",
    "policyId": "104600403597001",
    "version": "5",
    "entryDate": "07/15/2016",
    "amount": "113.01",
    "typeCode": "2",
    "appliedDate": "07/15/2016",
    "clearDate": null,
    "companyNumber": "60",
    "namedInsured": "MORAGA, CHRISTINA",
    "settleDate": "07/19/2016"
  },
  {
    "agencyCode": "26892",
    "cashItemId": "84348247",
    "policyId": "104600769170001",
    "version": "4",
    "entryDate": "07/15/2016",
    "amount": "127.18",
    "typeCode": "2",
    "appliedDate": "07/15/2016",
    "clearDate": null,
    "companyNumber": "60",
    "namedInsured": "Aguillon-carbajal, Joel Lorenzo",
    "settleDate": "07/19/2016"
  },
  {
    "agencyCode": "26892",
    "cashItemId": "84350735",
    "policyId": "104601078093001",
    "version": "2",
    "entryDate": "07/15/2016",
    "amount": "163",
    "typeCode": "2",
    "appliedDate": "07/15/2016",
    "clearDate": null,
    "companyNumber": "60",
    "namedInsured": "Wadman, Justin Michael",
    "settleDate": "07/19/2016"
  },
  {
    "agencyCode": "26892",
    "cashItemId": "84351092",
    "policyId": "104630589041001",
    "version": "4",
    "entryDate": "07/15/2016",
    "amount": "74.79",
    "typeCode": "2",
    "appliedDate": "07/15/2016",
    "clearDate": null,
    "companyNumber": "63",
    "namedInsured": "Villar, Manuel De Jesus Del",
    "settleDate": "07/19/2016"
  },
  {
    "agencyCode": "26892",
    "cashItemId": "84351249",
    "policyId": "104630593283001",
    "version": "4",
    "entryDate": "07/15/2016",
    "amount": "50.53",
    "typeCode": "2",
    "appliedDate": "07/15/2016",
    "clearDate": null,
    "companyNumber": "60",
    "namedInsured": "Gonzalez, Martin Martin",
    "settleDate": "07/19/2016"
  },
  {
    "agencyCode": "26892",
    "cashItemId": "84348069",
    "policyId": "104630793598001",
    "version": "3",
    "entryDate": "07/15/2016",
    "amount": "53",
    "typeCode": "2",
    "appliedDate": "07/15/2016",
    "clearDate": null,
    "companyNumber": "60",
    "namedInsured": "Alvarado-cortes, Yoni",
    "settleDate": "07/19/2016"
  },
  {
    "agencyCode": "26892",
    "cashItemId": "84354598",
    "policyId": "104630962829001",
    "version": "3",
    "entryDate": "07/15/2016",
    "amount": "222.84",
    "typeCode": "2",
    "appliedDate": "07/15/2016",
    "clearDate": null,
    "companyNumber": "63",
    "namedInsured": "Gil, Lisbeth Damaris Barreto",
    "settleDate": "07/19/2016"
  },
  {
    "agencyCode": "26892",
    "cashItemId": "84344117",
    "policyId": "104631030894001",
    "version": "3",
    "entryDate": "07/15/2016",
    "amount": "55",
    "typeCode": "2",
    "appliedDate": "07/15/2016",
    "clearDate": null,
    "companyNumber": "63",
    "namedInsured": "Washington, Vaughn Alan",
    "settleDate": "07/19/2016"
  },
  {
    "agencyCode": "26892",
    "cashItemId": "84349172",
    "policyId": "104631340682001",
    "version": "1",
    "entryDate": "07/15/2016",
    "amount": "252.43",
    "typeCode": "2",
    "appliedDate": "07/15/2016",
    "clearDate": null,
    "companyNumber": "63",
    "namedInsured": "Recinos, Alexis",
    "settleDate": "07/19/2016"
  },
  {
    "agencyCode": "26892",
    "cashItemId": "84313436",
    "policyId": "104601028322001",
    "version": "2",
    "entryDate": "07/14/2016",
    "amount": "50.49",
    "typeCode": "2",
    "appliedDate": "07/14/2016",
    "clearDate": null,
    "companyNumber": "60",
    "namedInsured": "Perez, Sara",
    "settleDate": "07/18/2016"
  },
  {
    "agencyCode": "26892",
    "cashItemId": "84318269",
    "policyId": "104601212296001",
    "version": "2",
    "entryDate": "07/14/2016",
    "amount": "6",
    "typeCode": "2",
    "appliedDate": "07/14/2016",
    "clearDate": null,
    "companyNumber": "60",
    "namedInsured": "Avila, Juan Ramon",
    "settleDate": "07/18/2016"
  },
  {
    "agencyCode": "26892",
    "cashItemId": "84318269",
    "policyId": "104601212296001",
    "version": "3",
    "entryDate": "07/14/2016",
    "amount": "186",
    "typeCode": "2",
    "appliedDate": "07/14/2016",
    "clearDate": null,
    "companyNumber": "60",
    "namedInsured": "Avila, Juan Ramon",
    "settleDate": "07/18/2016"
  },
  {
    "agencyCode": "26892",
    "cashItemId": "84315786",
    "policyId": "104630439079001",
    "version": "5",
    "entryDate": "07/14/2016",
    "amount": "82.16",
    "typeCode": "2",
    "appliedDate": "07/14/2016",
    "clearDate": null,
    "companyNumber": "60",
    "namedInsured": "Gooden, Rochelle A",
    "settleDate": "07/18/2016"
  },
  {
    "agencyCode": "26892",
    "cashItemId": "84322176",
    "policyId": "104630444293001",
    "version": "5",
    "entryDate": "07/14/2016",
    "amount": "279",
    "typeCode": "2",
    "appliedDate": "07/14/2016",
    "clearDate": null,
    "companyNumber": "63",
    "namedInsured": "VILORIA, CATALINO MARTINEZ",
    "settleDate": "07/18/2016"
  },
  {
    "agencyCode": "26892",
    "cashItemId": "84318493",
    "policyId": "104630551296001",
    "version": "5",
    "entryDate": "07/14/2016",
    "amount": "114.07",
    "typeCode": "2",
    "appliedDate": "07/14/2016",
    "clearDate": null,
    "companyNumber": "63",
    "namedInsured": "MARTINEZ, ANA L",
    "settleDate": "07/18/2016"
  },
  {
    "agencyCode": "26892",
    "cashItemId": "84316248",
    "policyId": "104630995684001",
    "version": "3",
    "entryDate": "07/14/2016",
    "amount": "103",
    "typeCode": "2",
    "appliedDate": "07/14/2016",
    "clearDate": null,
    "companyNumber": "63",
    "namedInsured": "Lazo, Noemy Cecilia",
    "settleDate": "07/18/2016"
  },
  {
    "agencyCode": "26892",
    "cashItemId": "84270752",
    "policyId": "104601339767001",
    "version": "1",
    "entryDate": "07/13/2016",
    "amount": "54",
    "typeCode": "2",
    "appliedDate": "07/13/2016",
    "clearDate": null,
    "companyNumber": "60",
    "namedInsured": "Washington, Shirley Ann",
    "settleDate": "07/15/2016"
  },
  {
    "agencyCode": "26892",
    "cashItemId": "84277265",
    "policyId": "104630401850001",
    "version": "5",
    "entryDate": "07/13/2016",
    "amount": "207",
    "typeCode": "2",
    "appliedDate": "07/13/2016",
    "clearDate": null,
    "companyNumber": "63",
    "namedInsured": "GRIMALDOMEJIA, LUIS GABRIEL",
    "settleDate": "07/15/2016"
  },
  {
    "agencyCode": "26892",
    "cashItemId": "84275878",
    "policyId": "104630455321001",
    "version": "5",
    "entryDate": "07/13/2016",
    "amount": "87.31",
    "typeCode": "2",
    "appliedDate": "07/13/2016",
    "clearDate": null,
    "companyNumber": "63",
    "namedInsured": "Escoto, Jorge",
    "settleDate": "07/15/2016"
  },
  {
    "agencyCode": "26892",
    "cashItemId": "84243659",
    "policyId": "104600841958001",
    "version": "3",
    "entryDate": "07/12/2016",
    "amount": "46.16",
    "typeCode": "2",
    "appliedDate": "07/12/2016",
    "clearDate": null,
    "companyNumber": "60",
    "namedInsured": "Garcia, Oscar Antonio",
    "settleDate": "07/14/2016"
  },
  {
    "agencyCode": "26892",
    "cashItemId": "84254693",
    "policyId": "104601303348001",
    "version": "1",
    "entryDate": "07/12/2016",
    "amount": "92.17",
    "typeCode": "2",
    "appliedDate": "07/12/2016",
    "clearDate": null,
    "companyNumber": "60",
    "namedInsured": "Reyes, Juan M",
    "settleDate": "07/14/2016"
  },
  {
    "agencyCode": "26892",
    "cashItemId": "84253924",
    "policyId": "104630512433001",
    "version": "5",
    "entryDate": "07/12/2016",
    "amount": "155.8",
    "typeCode": "2",
    "appliedDate": "07/12/2016",
    "clearDate": null,
    "companyNumber": "63",
    "namedInsured": "Mabry, Ben",
    "settleDate": "07/14/2016"
  },
  {
    "agencyCode": "26892",
    "cashItemId": "84254819",
    "policyId": "104631137245001",
    "version": "3",
    "entryDate": "07/12/2016",
    "amount": "110",
    "typeCode": "2",
    "appliedDate": "07/12/2016",
    "clearDate": null,
    "companyNumber": "63",
    "namedInsured": "Urias Vasquez, Santos Antonio",
    "settleDate": "07/14/2016"
  },
  {
    "agencyCode": "26892",
    "cashItemId": "84224449",
    "policyId": "104601024508001",
    "version": "2",
    "entryDate": "07/11/2016",
    "amount": "49.98",
    "typeCode": "2",
    "appliedDate": "07/11/2016",
    "clearDate": null,
    "companyNumber": "60",
    "namedInsured": "Navia, Jose",
    "settleDate": "07/13/2016"
  },
  {
    "agencyCode": "26892",
    "cashItemId": "84217066",
    "policyId": "104630245204001",
    "version": "6",
    "entryDate": "07/11/2016",
    "amount": "95.31",
    "typeCode": "2",
    "appliedDate": "07/11/2016",
    "clearDate": null,
    "companyNumber": "63",
    "namedInsured": "Smith, Jacqueline Kim",
    "settleDate": "07/13/2016"
  },
  {
    "agencyCode": "26892",
    "cashItemId": "84215229",
    "policyId": "104630408781001",
    "version": "5",
    "entryDate": "07/11/2016",
    "amount": "115.16",
    "typeCode": "2",
    "appliedDate": "07/11/2016",
    "clearDate": null,
    "companyNumber": "63",
    "namedInsured": "GUSTAVIS, SHARON DENISE",
    "settleDate": "07/13/2016"
  },
  {
    "agencyCode": "26892",
    "cashItemId": "84226664",
    "policyId": "104630567992001",
    "version": "7",
    "entryDate": "07/11/2016",
    "amount": "205.13",
    "typeCode": "2",
    "appliedDate": "07/11/2016",
    "clearDate": null,
    "companyNumber": "60",
    "namedInsured": "Solares, Jose Miguel",
    "settleDate": "07/13/2016"
  },
  {
    "agencyCode": "26892",
    "cashItemId": "84197177",
    "policyId": "104601236462001",
    "version": "2",
    "entryDate": "07/09/2016",
    "amount": "237.36",
    "typeCode": "2",
    "appliedDate": "07/09/2016",
    "clearDate": null,
    "companyNumber": "63",
    "namedInsured": "Idemudia, Effosa E",
    "settleDate": "07/12/2016"
  },
  {
    "agencyCode": "26892",
    "cashItemId": "84198982",
    "policyId": "104601306518001",
    "version": "1",
    "entryDate": "07/09/2016",
    "amount": "73.16",
    "typeCode": "2",
    "appliedDate": "07/09/2016",
    "clearDate": null,
    "companyNumber": "60",
    "namedInsured": "Martinez, Lizete",
    "settleDate": "07/12/2016"
  },
  {
    "agencyCode": "26892",
    "cashItemId": "84171134",
    "policyId": "104600123659001",
    "version": "5",
    "entryDate": "07/08/2016",
    "amount": "128",
    "typeCode": "2",
    "appliedDate": "07/08/2016",
    "clearDate": null,
    "companyNumber": "60",
    "namedInsured": "TISCARENO, IGNACIO FRANCO",
    "settleDate": "07/12/2016"
  },
  {
    "agencyCode": "26892",
    "cashItemId": "84170896",
    "policyId": "104601062930001",
    "version": "3",
    "entryDate": "07/08/2016",
    "amount": "51.98",
    "typeCode": "2",
    "appliedDate": "07/08/2016",
    "clearDate": null,
    "companyNumber": "60",
    "namedInsured": "Carlos, Brian Anthony",
    "settleDate": "07/12/2016"
  },
  {
    "agencyCode": "26892",
    "cashItemId": "84178186",
    "policyId": "104630496893001",
    "version": "4",
    "entryDate": "07/08/2016",
    "amount": "80.91",
    "typeCode": "2",
    "appliedDate": "07/08/2016",
    "clearDate": null,
    "companyNumber": "60",
    "namedInsured": "Actual Saldana, Mayra",
    "settleDate": "07/12/2016"
  },
  {
    "agencyCode": "26892",
    "cashItemId": "84177411",
    "policyId": "104630688053001",
    "version": "3",
    "entryDate": "07/08/2016",
    "amount": "49.75",
    "typeCode": "2",
    "appliedDate": "07/08/2016",
    "clearDate": null,
    "companyNumber": "63",
    "namedInsured": "Mejia, Ana Dora Ortiz",
    "settleDate": "07/12/2016"
  },
  {
    "agencyCode": "26892",
    "cashItemId": "84170730",
    "policyId": "104630823497001",
    "version": "4",
    "entryDate": "07/08/2016",
    "amount": "204",
    "typeCode": "2",
    "appliedDate": "07/08/2016",
    "clearDate": null,
    "companyNumber": "63",
    "namedInsured": "Smith, Enevila Kiana",
    "settleDate": "07/12/2016"
  },
  {
    "agencyCode": "26892",
    "cashItemId": "84178357",
    "policyId": "104630892183001",
    "version": "3",
    "entryDate": "07/08/2016",
    "amount": "203.59",
    "typeCode": "2",
    "appliedDate": "07/08/2016",
    "clearDate": null,
    "companyNumber": "63",
    "namedInsured": "Bustos, Alejandro",
    "settleDate": "07/12/2016"
  },
  {
    "agencyCode": "26892",
    "cashItemId": "84177249",
    "policyId": "104631318957001",
    "version": "1",
    "entryDate": "07/08/2016",
    "amount": "158.82",
    "typeCode": "2",
    "appliedDate": "07/08/2016",
    "clearDate": null,
    "companyNumber": "63",
    "namedInsured": "Herod, Lashawn Denise",
    "settleDate": "07/12/2016"
  },
  {
    "agencyCode": "26892",
    "cashItemId": "84097308",
    "policyId": "104601080129001",
    "version": "2",
    "entryDate": "07/06/2016",
    "amount": "110.46",
    "typeCode": "2",
    "appliedDate": "07/06/2016",
    "clearDate": null,
    "companyNumber": "60",
    "namedInsured": "Pratts, Jaime",
    "settleDate": "07/08/2016"
  },
  {
    "agencyCode": "26892",
    "cashItemId": "84068829",
    "policyId": "104600084710001",
    "version": "5",
    "entryDate": "07/05/2016",
    "amount": "296",
    "typeCode": "2",
    "appliedDate": "07/05/2016",
    "clearDate": null,
    "companyNumber": "60",
    "namedInsured": "SANGUINO, JOSE MANUEL",
    "settleDate": "07/07/2016"
  },
  {
    "agencyCode": "26892",
    "cashItemId": "84076009",
    "policyId": "104601004298001",
    "version": "3",
    "entryDate": "07/05/2016",
    "amount": "47",
    "typeCode": "2",
    "appliedDate": "07/05/2016",
    "clearDate": null,
    "companyNumber": "60",
    "namedInsured": "Lopez, Jose Antonio Estrada",
    "settleDate": "07/07/2016"
  },
  {
    "agencyCode": "26892",
    "cashItemId": "84070006",
    "policyId": "104648983174001",
    "version": "5",
    "entryDate": "07/05/2016",
    "amount": "278.32",
    "typeCode": "2",
    "appliedDate": "07/05/2016",
    "clearDate": null,
    "companyNumber": "60",
    "namedInsured": "CONTRERAS AQUINO, ERICK L",
    "settleDate": "07/07/2016"
  },
  {
    "agencyCode": "26892",
    "cashItemId": "84035379",
    "policyId": "104600802953001",
    "version": "5",
    "entryDate": "07/02/2016",
    "amount": "76.1",
    "typeCode": "2",
    "appliedDate": "07/02/2016",
    "clearDate": null,
    "companyNumber": "60",
    "namedInsured": "Leon, Juan Manuel",
    "settleDate": "07/06/2016"
  },
  {
    "agencyCode": "26892",
    "cashItemId": "84040115",
    "policyId": "104601104427001",
    "version": "2",
    "entryDate": "07/02/2016",
    "amount": "150.53",
    "typeCode": "2",
    "appliedDate": "07/02/2016",
    "clearDate": null,
    "companyNumber": "60",
    "namedInsured": "Garcia-vazquez, Amada",
    "settleDate": "07/06/2016"
  },
  {
    "agencyCode": "26892",
    "cashItemId": "84041924",
    "policyId": "104630719507001",
    "version": "5",
    "entryDate": "07/02/2016",
    "amount": "112",
    "typeCode": "2",
    "appliedDate": "07/02/2016",
    "clearDate": null,
    "companyNumber": "63",
    "namedInsured": "Robinson, Angela Denice",
    "settleDate": "07/06/2016"
  },
  {
    "agencyCode": "26892",
    "cashItemId": "84041739",
    "policyId": "104631012465001",
    "version": "2",
    "entryDate": "07/02/2016",
    "amount": "115.01",
    "typeCode": "2",
    "appliedDate": "07/02/2016",
    "clearDate": null,
    "companyNumber": "63",
    "namedInsured": "Pitts, Stephen Gregory",
    "settleDate": "07/06/2016"
  },
  {
    "agencyCode": "26892",
    "cashItemId": "84018856",
    "policyId": "104601317523001",
    "version": "1",
    "entryDate": "07/01/2016",
    "amount": "78",
    "typeCode": "2",
    "appliedDate": "07/01/2016",
    "clearDate": null,
    "companyNumber": "60",
    "namedInsured": "Sanchez Padilla, Fernando",
    "settleDate": "07/06/2016"
  },
  {
    "agencyCode": "26892",
    "cashItemId": "84007629",
    "policyId": "104630849779001",
    "version": "3",
    "entryDate": "07/01/2016",
    "amount": "114",
    "typeCode": "2",
    "appliedDate": "07/01/2016",
    "clearDate": null,
    "companyNumber": "63",
    "namedInsured": "Rodriguez, Jose Salvador",
    "settleDate": "07/06/2016"
  },
  {
    "agencyCode": "26892",
    "cashItemId": "83978314",
    "policyId": "104489007414001",
    "version": "3",
    "entryDate": "06/30/2016",
    "amount": "59.16",
    "typeCode": "2",
    "appliedDate": "06/30/2016",
    "clearDate": null,
    "companyNumber": "60",
    "namedInsured": "Delgado Villalobos, Jose Manuel",
    "settleDate": "07/05/2016"
  },
  {
    "agencyCode": "26892",
    "cashItemId": "83980986",
    "policyId": "104630173502001",
    "version": "3",
    "entryDate": "06/30/2016",
    "amount": "270.08",
    "typeCode": "2",
    "appliedDate": "06/30/2016",
    "clearDate": null,
    "companyNumber": "60",
    "namedInsured": "Binion, Sharon Renee",
    "settleDate": "07/05/2016"
  },
  {
    "agencyCode": "26892",
    "cashItemId": "83981512",
    "policyId": "104630982073001",
    "version": "3",
    "entryDate": "06/30/2016",
    "amount": "21",
    "typeCode": "2",
    "appliedDate": "06/30/2016",
    "clearDate": null,
    "companyNumber": "63",
    "namedInsured": "White, Natashia Ledeace",
    "settleDate": "07/05/2016"
  },
  {
    "agencyCode": "26892",
    "cashItemId": "83932121",
    "policyId": "104433162367001",
    "version": "9",
    "entryDate": "06/29/2016",
    "amount": "95",
    "typeCode": "2",
    "appliedDate": "06/29/2016",
    "clearDate": null,
    "companyNumber": "63",
    "namedInsured": "GARCIA, CARLOS CORONEL",
    "settleDate": "07/01/2016"
  },
  {
    "agencyCode": "26892",
    "cashItemId": "83934118",
    "policyId": "104600965668001",
    "version": "3",
    "entryDate": "06/29/2016",
    "amount": "59",
    "typeCode": "2",
    "appliedDate": "06/29/2016",
    "clearDate": null,
    "companyNumber": "60",
    "namedInsured": "Garcia, Francisco",
    "settleDate": "07/01/2016"
  },
  {
    "agencyCode": "26892",
    "cashItemId": "83928644",
    "policyId": "104601233259001",
    "version": "2",
    "entryDate": "06/29/2016",
    "amount": "42.36",
    "typeCode": "2",
    "appliedDate": "06/29/2016",
    "clearDate": null,
    "companyNumber": "60",
    "namedInsured": "Macario, Alfredo Lopez",
    "settleDate": "07/01/2016"
  },
  {
    "agencyCode": "26892",
    "cashItemId": "83905154",
    "policyId": "104601081283001",
    "version": "2",
    "entryDate": "06/28/2016",
    "amount": "129.01",
    "typeCode": "2",
    "appliedDate": "06/28/2016",
    "clearDate": null,
    "companyNumber": "60",
    "namedInsured": "Resendizcarrillo, Jose Francisco",
    "settleDate": "06/30/2016"
  },
  {
    "agencyCode": "26892",
    "cashItemId": "83876737",
    "policyId": "104600072769001",
    "version": "5",
    "entryDate": "06/27/2016",
    "amount": "310.18",
    "typeCode": "2",
    "appliedDate": "06/27/2016",
    "clearDate": null,
    "companyNumber": "60",
    "namedInsured": "Reyes, Rafael Medina",
    "settleDate": "06/29/2016"
  },
  {
    "agencyCode": "26892",
    "cashItemId": "83881791",
    "policyId": "104600850243001",
    "version": "3",
    "entryDate": "06/27/2016",
    "amount": "44",
    "typeCode": "2",
    "appliedDate": "06/27/2016",
    "clearDate": null,
    "companyNumber": "60",
    "namedInsured": "Gaytan, Carlos Rea",
    "settleDate": "06/29/2016"
  },
  {
    "agencyCode": "26892",
    "cashItemId": "83873713",
    "policyId": "104600932385001",
    "version": "4",
    "entryDate": "06/27/2016",
    "amount": "66.32",
    "typeCode": "2",
    "appliedDate": "06/27/2016",
    "clearDate": null,
    "companyNumber": "63",
    "namedInsured": "Melchor Sanchez, Jose Juan",
    "settleDate": "06/29/2016"
  },
  {
    "agencyCode": "26892",
    "cashItemId": "83875880",
    "policyId": "104601000700001",
    "version": "3",
    "entryDate": "06/27/2016",
    "amount": "137.14",
    "typeCode": "2",
    "appliedDate": "06/27/2016",
    "clearDate": null,
    "companyNumber": "60",
    "namedInsured": "Kelly, Ray Bernard",
    "settleDate": "06/29/2016"
  },
  {
    "agencyCode": "26892",
    "cashItemId": "83873534",
    "policyId": "104601220101001",
    "version": "1",
    "entryDate": "06/27/2016",
    "amount": "193.05",
    "typeCode": "2",
    "appliedDate": "06/27/2016",
    "clearDate": null,
    "companyNumber": "60",
    "namedInsured": "Perobal Canu, Demetrio",
    "settleDate": "06/29/2016"
  },
  {
    "agencyCode": "26892",
    "cashItemId": "83876120",
    "policyId": "104630174857001",
    "version": "5",
    "entryDate": "06/27/2016",
    "amount": "115",
    "typeCode": "2",
    "appliedDate": "06/27/2016",
    "clearDate": null,
    "companyNumber": "63",
    "namedInsured": "DIAZ, JOSE",
    "settleDate": "06/29/2016"
  },
  {
    "agencyCode": "26892",
    "cashItemId": "83882888",
    "policyId": "104630816625001",
    "version": "8",
    "entryDate": "06/27/2016",
    "amount": "616.76",
    "typeCode": "2",
    "appliedDate": "06/27/2016",
    "clearDate": null,
    "companyNumber": "60",
    "namedInsured": "Martinez, Monica",
    "settleDate": "06/29/2016"
  },
  {
    "agencyCode": "26892",
    "cashItemId": "83870013",
    "policyId": "104650174418001",
    "version": "5",
    "entryDate": "06/27/2016",
    "amount": "83",
    "typeCode": "2",
    "appliedDate": "06/27/2016",
    "clearDate": null,
    "companyNumber": "60",
    "namedInsured": "RODRIGUEZ, CESAR P",
    "settleDate": "06/29/2016"
  },
  {
    "agencyCode": "26892",
    "cashItemId": "83749546",
    "policyId": "104188217321001",
    "version": "7",
    "entryDate": "06/25/2016",
    "amount": "8.88",
    "typeCode": "2",
    "appliedDate": "06/25/2016",
    "clearDate": null,
    "companyNumber": "63",
    "namedInsured": "Juarez-torres, Carlos",
    "settleDate": "06/28/2016"
  },
  {
    "agencyCode": "26892",
    "cashItemId": "83753029",
    "policyId": "104600134298001",
    "version": "4",
    "entryDate": "06/25/2016",
    "amount": "99",
    "typeCode": "2",
    "appliedDate": "06/25/2016",
    "clearDate": null,
    "companyNumber": "60",
    "namedInsured": "Samayoa, Cristina Marjoriet",
    "settleDate": "06/28/2016"
  },
  {
    "agencyCode": "26892",
    "cashItemId": "83748531",
    "policyId": "104600320850001",
    "version": "6",
    "entryDate": "06/25/2016",
    "amount": "56.03",
    "typeCode": "2",
    "appliedDate": "06/25/2016",
    "clearDate": null,
    "companyNumber": "60",
    "namedInsured": "SANCHEZ, MARTIN BAUTISTA",
    "settleDate": "06/28/2016"
  },
  {
    "agencyCode": "26892",
    "cashItemId": "83780732",
    "policyId": "104630900768001",
    "version": "4",
    "entryDate": "06/25/2016",
    "amount": "71",
    "typeCode": "2",
    "appliedDate": "06/25/2016",
    "clearDate": null,
    "companyNumber": "63",
    "namedInsured": "Magana-godinez, Miguel Angel",
    "settleDate": "06/28/2016"
  },
  {
    "agencyCode": "26892",
    "cashItemId": "83732273",
    "policyId": "104630112353001",
    "version": "4",
    "entryDate": "06/24/2016",
    "amount": "77",
    "typeCode": "2",
    "appliedDate": "06/24/2016",
    "clearDate": null,
    "companyNumber": "63",
    "namedInsured": "Gomez Saenz, Felipe Misael",
    "settleDate": "06/28/2016"
  },
  {
    "agencyCode": "26892",
    "cashItemId": "83729739",
    "policyId": "104630623660001",
    "version": "4",
    "entryDate": "06/24/2016",
    "amount": "118.8",
    "typeCode": "2",
    "appliedDate": "06/24/2016",
    "clearDate": null,
    "companyNumber": "63",
    "namedInsured": "ROMERO, NORMA SANCHEZ",
    "settleDate": "06/28/2016"
  },
  {
    "agencyCode": "26892",
    "cashItemId": "83727726",
    "policyId": "104631270610001",
    "version": "1",
    "entryDate": "06/24/2016",
    "amount": "164.64",
    "typeCode": "2",
    "appliedDate": "06/24/2016",
    "clearDate": null,
    "companyNumber": "63",
    "namedInsured": "Portero, Danilo",
    "settleDate": "06/28/2016"
  },
  {
    "agencyCode": "26892",
    "cashItemId": "83706319",
    "policyId": "104630515958001",
    "version": "4",
    "entryDate": "06/23/2016",
    "amount": "52.83",
    "typeCode": "2",
    "appliedDate": "06/23/2016",
    "clearDate": null,
    "companyNumber": "63",
    "namedInsured": "Trinidad-flores, Juan De La",
    "settleDate": "06/27/2016"
  },
  {
    "agencyCode": "26892",
    "cashItemId": "83701130",
    "policyId": "104630525917001",
    "version": "5",
    "entryDate": "06/23/2016",
    "amount": "65",
    "typeCode": "2",
    "appliedDate": "06/23/2016",
    "clearDate": null,
    "companyNumber": "63",
    "namedInsured": "ORTIZ, ALEJANDRO",
    "settleDate": "06/27/2016"
  },
  {
    "agencyCode": "26892",
    "cashItemId": "83701853",
    "policyId": "104640221422001",
    "version": "5",
    "entryDate": "06/23/2016",
    "amount": "99",
    "typeCode": "2",
    "appliedDate": "06/23/2016",
    "clearDate": null,
    "companyNumber": "60",
    "namedInsured": "Raymundo, Maria G",
    "settleDate": "06/27/2016"
  },
  {
    "agencyCode": "26892",
    "cashItemId": "83656467",
    "policyId": "104419686705001",
    "version": "5",
    "entryDate": "06/22/2016",
    "amount": "185",
    "typeCode": "2",
    "appliedDate": "06/22/2016",
    "clearDate": null,
    "companyNumber": "60",
    "namedInsured": "HERNANDEZ, GUSTAVO",
    "settleDate": "06/24/2016"
  },
  {
    "agencyCode": "26892",
    "cashItemId": "83658330",
    "policyId": "104600397927001",
    "version": "5",
    "entryDate": "06/22/2016",
    "amount": "665",
    "typeCode": "2",
    "appliedDate": "06/22/2016",
    "clearDate": null,
    "companyNumber": "60",
    "namedInsured": "Bustos, Susana Gabriel",
    "settleDate": "06/24/2016"
  },
  {
    "agencyCode": "26892",
    "cashItemId": "83660537",
    "policyId": "104601161757001",
    "version": "2",
    "entryDate": "06/22/2016",
    "amount": "87.34",
    "typeCode": "2",
    "appliedDate": "06/22/2016",
    "clearDate": null,
    "companyNumber": "60",
    "namedInsured": "Huerta, Erika",
    "settleDate": "06/24/2016"
  },
  {
    "agencyCode": "26892",
    "cashItemId": "83663324",
    "policyId": "104630793598001",
    "version": "2",
    "entryDate": "06/22/2016",
    "amount": "113.46",
    "typeCode": "2",
    "appliedDate": "06/22/2016",
    "clearDate": null,
    "companyNumber": "60",
    "namedInsured": "Alvarado-cortes, Yoni",
    "settleDate": "06/24/2016"
  },
  {
    "agencyCode": "26892",
    "cashItemId": "83640606",
    "policyId": "104600168893001",
    "version": "5",
    "entryDate": "06/21/2016",
    "amount": "173.26",
    "typeCode": "2",
    "appliedDate": "06/21/2016",
    "clearDate": null,
    "companyNumber": "60",
    "namedInsured": "Cambre, Darren",
    "settleDate": "06/23/2016"
  },
  {
    "agencyCode": "26892",
    "cashItemId": "83635462",
    "policyId": "104601122482001",
    "version": "2",
    "entryDate": "06/21/2016",
    "amount": "99",
    "typeCode": "2",
    "appliedDate": "06/21/2016",
    "clearDate": null,
    "companyNumber": "60",
    "namedInsured": "Rosales, Sara",
    "settleDate": "06/23/2016"
  },
  {
    "agencyCode": "26892",
    "cashItemId": "83632064",
    "policyId": "104601351787001",
    "version": "1",
    "entryDate": "06/21/2016",
    "amount": "214",
    "typeCode": "2",
    "appliedDate": "06/21/2016",
    "clearDate": null,
    "companyNumber": "60",
    "namedInsured": "Ruiz, Rolando",
    "settleDate": "06/23/2016"
  },
  {
    "agencyCode": "26892",
    "cashItemId": "83624117",
    "policyId": "104630307250001",
    "version": "5",
    "entryDate": "06/21/2016",
    "amount": "54.17",
    "typeCode": "2",
    "appliedDate": "06/21/2016",
    "clearDate": null,
    "companyNumber": "63",
    "namedInsured": "SAMUELS, THOMAS K",
    "settleDate": "06/23/2016"
  },
  {
    "agencyCode": "26892",
    "cashItemId": "83632147",
    "policyId": "104630408781001",
    "version": "5",
    "entryDate": "06/21/2016",
    "amount": "127",
    "typeCode": "2",
    "appliedDate": "06/21/2016",
    "clearDate": null,
    "companyNumber": "63",
    "namedInsured": "GUSTAVIS, SHARON DENISE",
    "settleDate": "06/23/2016"
  },
  {
    "agencyCode": "26892",
    "cashItemId": "83632280",
    "policyId": "104630631561001",
    "version": "4",
    "entryDate": "06/21/2016",
    "amount": "111.28",
    "typeCode": "2",
    "appliedDate": "06/21/2016",
    "clearDate": null,
    "companyNumber": "63",
    "namedInsured": "ALVAREZ, GLADYS OLINDA",
    "settleDate": "06/23/2016"
  },
  {
    "agencyCode": "26892",
    "cashItemId": "83606501",
    "policyId": "104600456188001",
    "version": "4",
    "entryDate": "06/20/2016",
    "amount": "106.49",
    "typeCode": "2",
    "appliedDate": "06/20/2016",
    "clearDate": null,
    "companyNumber": "60",
    "namedInsured": "KEGLER, REGINALD",
    "settleDate": "06/22/2016"
  },
  {
    "agencyCode": "26892",
    "cashItemId": "83607896",
    "policyId": "104600769170001",
    "version": "4",
    "entryDate": "06/20/2016",
    "amount": "130",
    "typeCode": "2",
    "appliedDate": "06/20/2016",
    "clearDate": null,
    "companyNumber": "60",
    "namedInsured": "Aguillon-carbajal, Joel Lorenzo",
    "settleDate": "06/22/2016"
  },
  {
    "agencyCode": "26892",
    "cashItemId": "83601867",
    "policyId": "104600967797001",
    "version": "3",
    "entryDate": "06/20/2016",
    "amount": "64",
    "typeCode": "2",
    "appliedDate": "06/20/2016",
    "clearDate": null,
    "companyNumber": "60",
    "namedInsured": "Ayon-godinez, Consuelo Guadalupe",
    "settleDate": "06/22/2016"
  },
  {
    "agencyCode": "26892",
    "cashItemId": "83614243",
    "policyId": "104601283816001",
    "version": "1",
    "entryDate": "06/20/2016",
    "amount": "49.23",
    "typeCode": "2",
    "appliedDate": "06/20/2016",
    "clearDate": null,
    "companyNumber": "60",
    "namedInsured": "Brazile, Lorsicy Marie",
    "settleDate": "06/22/2016"
  },
  {
    "agencyCode": "26892",
    "cashItemId": "83602935",
    "policyId": "104630504273001",
    "version": "4",
    "entryDate": "06/20/2016",
    "amount": "125.63",
    "typeCode": "2",
    "appliedDate": "06/20/2016",
    "clearDate": null,
    "companyNumber": "63",
    "namedInsured": "BOWMAN, WENDELL LAVELLE",
    "settleDate": "06/22/2016"
  },
  {
    "agencyCode": "26892",
    "cashItemId": "83586149",
    "policyId": "104600131627001",
    "version": "5",
    "entryDate": "06/18/2016",
    "amount": "104.94",
    "typeCode": "2",
    "appliedDate": "06/18/2016",
    "clearDate": null,
    "companyNumber": "60",
    "namedInsured": "GARCIA CASTRO, RICARDO MANUEL",
    "settleDate": "06/21/2016"
  },
  {
    "agencyCode": "26892",
    "cashItemId": "83588710",
    "policyId": "104600506686001",
    "version": "4",
    "entryDate": "06/18/2016",
    "amount": "158",
    "typeCode": "2",
    "appliedDate": "06/18/2016",
    "clearDate": null,
    "companyNumber": "60",
    "namedInsured": "BOBADILLA, RAMON",
    "settleDate": "06/21/2016"
  },
  {
    "agencyCode": "26892",
    "cashItemId": "83583841",
    "policyId": "104600508851001",
    "version": "4",
    "entryDate": "06/18/2016",
    "amount": "37",
    "typeCode": "2",
    "appliedDate": "06/18/2016",
    "clearDate": null,
    "companyNumber": "60",
    "namedInsured": "HERNANDEZ, ANGEL CUSTODIO",
    "settleDate": "06/21/2016"
  },
  {
    "agencyCode": "26892",
    "cashItemId": "83587564",
    "policyId": "104600770235001",
    "version": "4",
    "entryDate": "06/18/2016",
    "amount": "55",
    "typeCode": "2",
    "appliedDate": "06/18/2016",
    "clearDate": null,
    "companyNumber": "60",
    "namedInsured": "Danhieux, Raymond Anthony",
    "settleDate": "06/21/2016"
  },
  {
    "agencyCode": "26892",
    "cashItemId": "83584169",
    "policyId": "104601141910001",
    "version": "2",
    "entryDate": "06/18/2016",
    "amount": "44.25",
    "typeCode": "2",
    "appliedDate": "06/18/2016",
    "clearDate": null,
    "companyNumber": "60",
    "namedInsured": "Martinez, Manuel C",
    "settleDate": "06/21/2016"
  },
  {
    "agencyCode": "26892",
    "cashItemId": "83582512",
    "policyId": "104630080674001",
    "version": "7",
    "entryDate": "06/18/2016",
    "amount": "50",
    "typeCode": "2",
    "appliedDate": "06/18/2016",
    "clearDate": null,
    "companyNumber": "60",
    "namedInsured": "Alvarez, Alejandra",
    "settleDate": "06/21/2016"
  },
  {
    "agencyCode": "26892",
    "cashItemId": "83587183",
    "policyId": "104630159006001",
    "version": "5",
    "entryDate": "06/18/2016",
    "amount": "262.05",
    "typeCode": "2",
    "appliedDate": "06/18/2016",
    "clearDate": null,
    "companyNumber": "63",
    "namedInsured": "Barnard, Shawntae Reene",
    "settleDate": "06/21/2016"
  },
  {
    "agencyCode": "26892",
    "cashItemId": "83584406",
    "policyId": "104630268042001",
    "version": "5",
    "entryDate": "06/18/2016",
    "amount": "110.48",
    "typeCode": "2",
    "appliedDate": "06/18/2016",
    "clearDate": null,
    "companyNumber": "63",
    "namedInsured": "Pena Perea, Juan Ramon",
    "settleDate": "06/21/2016"
  },
  {
    "agencyCode": "26892",
    "cashItemId": "83586976",
    "policyId": "104630602203001",
    "version": "5",
    "entryDate": "06/18/2016",
    "amount": "151",
    "typeCode": "2",
    "appliedDate": "06/18/2016",
    "clearDate": null,
    "companyNumber": "60",
    "namedInsured": "Cortez, Irma Victoria",
    "settleDate": "06/21/2016"
  },
  {
    "agencyCode": "26892",
    "cashItemId": "83585302",
    "policyId": "104630818455001",
    "version": "4",
    "entryDate": "06/18/2016",
    "amount": "94.68",
    "typeCode": "2",
    "appliedDate": "06/18/2016",
    "clearDate": null,
    "companyNumber": "63",
    "namedInsured": "Nolasco, Jose E Vargas",
    "settleDate": "06/21/2016"
  },
  {
    "agencyCode": "26892",
    "cashItemId": "83586943",
    "policyId": "104630965437001",
    "version": "3",
    "entryDate": "06/18/2016",
    "amount": "133",
    "typeCode": "2",
    "appliedDate": "06/18/2016",
    "clearDate": null,
    "companyNumber": "63",
    "namedInsured": "Alatorre-Herrero, Asuncion",
    "settleDate": "06/21/2016"
  },
  {
    "agencyCode": "26892",
    "cashItemId": "83558257",
    "policyId": "104600534784001",
    "version": "6",
    "entryDate": "06/17/2016",
    "amount": "96",
    "typeCode": "2",
    "appliedDate": "06/17/2016",
    "clearDate": null,
    "companyNumber": "60",
    "namedInsured": "Madrigal, Hector Jimenez",
    "settleDate": "06/21/2016"
  },
  {
    "agencyCode": "26892",
    "cashItemId": "83566998",
    "policyId": "104600566548001",
    "version": "6",
    "entryDate": "06/17/2016",
    "amount": "90.26",
    "typeCode": "2",
    "appliedDate": "06/17/2016",
    "clearDate": null,
    "companyNumber": "60",
    "namedInsured": "Moreno, Arturo",
    "settleDate": "06/21/2016"
  },
  {
    "agencyCode": "26892",
    "cashItemId": "83561760",
    "policyId": "104600966766001",
    "version": "3",
    "entryDate": "06/17/2016",
    "amount": "90.43",
    "typeCode": "2",
    "appliedDate": "06/17/2016",
    "clearDate": null,
    "companyNumber": "60",
    "namedInsured": "Mendoza-Arteaga, Bertha Alicia",
    "settleDate": "06/21/2016"
  },
  {
    "agencyCode": "26892",
    "cashItemId": "83565827",
    "policyId": "104601078093001",
    "version": "2",
    "entryDate": "06/17/2016",
    "amount": "163",
    "typeCode": "2",
    "appliedDate": "06/17/2016",
    "clearDate": null,
    "companyNumber": "60",
    "namedInsured": "Wadman, Justin Michael",
    "settleDate": "06/21/2016"
  },
  {
    "agencyCode": "26892",
    "cashItemId": "83560864",
    "policyId": "104630357030001",
    "version": "5",
    "entryDate": "06/17/2016",
    "amount": "149",
    "typeCode": "2",
    "appliedDate": "06/17/2016",
    "clearDate": null,
    "companyNumber": "63",
    "namedInsured": "Hernandez, Yolanda",
    "settleDate": "06/21/2016"
  },
  {
    "agencyCode": "26892",
    "cashItemId": "83560712",
    "policyId": "104630547124001",
    "version": "4",
    "entryDate": "06/17/2016",
    "amount": "125.26",
    "typeCode": "2",
    "appliedDate": "06/17/2016",
    "clearDate": null,
    "companyNumber": "63",
    "namedInsured": "CUENCA, ANGELA ROSA    LARRAZABAL",
    "settleDate": "06/21/2016"
  },
  {
    "agencyCode": "26892",
    "cashItemId": "83565232",
    "policyId": "104630589041001",
    "version": "4",
    "entryDate": "06/17/2016",
    "amount": "80.18",
    "typeCode": "2",
    "appliedDate": "06/17/2016",
    "clearDate": null,
    "companyNumber": "63",
    "namedInsured": "Villar, Manuel De Jesus Del",
    "settleDate": "06/21/2016"
  },
  {
    "agencyCode": "26892",
    "cashItemId": "83566597",
    "policyId": "104630613862001",
    "version": "4",
    "entryDate": "06/17/2016",
    "amount": "89.75",
    "typeCode": "2",
    "appliedDate": "06/17/2016",
    "clearDate": null,
    "companyNumber": "63",
    "namedInsured": "Palacio, Jacqueline Jane",
    "settleDate": "06/21/2016"
  },
  {
    "agencyCode": "26892",
    "cashItemId": "83561275",
    "policyId": "104630759029001",
    "version": "4",
    "entryDate": "06/17/2016",
    "amount": "140",
    "typeCode": "2",
    "appliedDate": "06/17/2016",
    "clearDate": null,
    "companyNumber": "60",
    "namedInsured": "Martinez-ortega, J. Moises",
    "settleDate": "06/21/2016"
  },
  {
    "agencyCode": "26892",
    "cashItemId": "83558124",
    "policyId": "104631030894001",
    "version": "3",
    "entryDate": "06/17/2016",
    "amount": "60.69",
    "typeCode": "2",
    "appliedDate": "06/17/2016",
    "clearDate": null,
    "companyNumber": "63",
    "namedInsured": "Washington, Vaughn Alan",
    "settleDate": "06/21/2016"
  },
  {
    "agencyCode": "26892",
    "cashItemId": "83529205",
    "policyId": "104600633939001",
    "version": "4",
    "entryDate": "06/16/2016",
    "amount": "58.23",
    "typeCode": "2",
    "appliedDate": "06/16/2016",
    "clearDate": null,
    "companyNumber": "60",
    "namedInsured": "Munozgonzalez, Rafael",
    "settleDate": "06/20/2016"
  },
  {
    "agencyCode": "26892",
    "cashItemId": "83533619",
    "policyId": "104600720632001",
    "version": "4",
    "entryDate": "06/16/2016",
    "amount": "146",
    "typeCode": "2",
    "appliedDate": "06/16/2016",
    "clearDate": null,
    "companyNumber": "60",
    "namedInsured": "Fiawoo, Nathan",
    "settleDate": "06/20/2016"
  },
  {
    "agencyCode": "26892",
    "cashItemId": "83532450",
    "policyId": "104600747120001",
    "version": "4",
    "entryDate": "06/16/2016",
    "amount": "3.33",
    "typeCode": "2",
    "appliedDate": "06/16/2016",
    "clearDate": null,
    "companyNumber": "60",
    "namedInsured": "Frias, Georgette",
    "settleDate": "06/20/2016"
  },
  {
    "agencyCode": "26892",
    "cashItemId": "83532450",
    "policyId": "104600747120001",
    "version": "5",
    "entryDate": "06/16/2016",
    "amount": "64.22",
    "typeCode": "2",
    "appliedDate": "06/16/2016",
    "clearDate": null,
    "companyNumber": "60",
    "namedInsured": "Frias, Georgette",
    "settleDate": "06/20/2016"
  },
  {
    "agencyCode": "26892",
    "cashItemId": "83533219",
    "policyId": "104601161297001",
    "version": "2",
    "entryDate": "06/16/2016",
    "amount": "65",
    "typeCode": "2",
    "appliedDate": "06/16/2016",
    "clearDate": null,
    "companyNumber": "60",
    "namedInsured": "Corona Velasquez, Rafael",
    "settleDate": "06/20/2016"
  },
  {
    "agencyCode": "26892",
    "cashItemId": "83538378",
    "policyId": "104601270619001",
    "version": "1",
    "entryDate": "06/16/2016",
    "amount": "47.98",
    "typeCode": "2",
    "appliedDate": "06/16/2016",
    "clearDate": null,
    "companyNumber": "60",
    "namedInsured": "Macias Cano, Eligio",
    "settleDate": "06/20/2016"
  },
  {
    "agencyCode": "26892",
    "cashItemId": "83536601",
    "policyId": "104601322265001",
    "version": "1",
    "entryDate": "06/16/2016",
    "amount": "133",
    "typeCode": "2",
    "appliedDate": "06/16/2016",
    "clearDate": null,
    "companyNumber": "60",
    "namedInsured": "Castillo, Marisol",
    "settleDate": "06/20/2016"
  },
  {
    "agencyCode": "26892",
    "cashItemId": "83537653",
    "policyId": "104601350493001",
    "version": "1",
    "entryDate": "06/16/2016",
    "amount": "133.96",
    "typeCode": "2",
    "appliedDate": "06/16/2016",
    "clearDate": null,
    "companyNumber": "60",
    "namedInsured": "Johnson, Lauren R",
    "settleDate": "06/20/2016"
  },
  {
    "agencyCode": "26892",
    "cashItemId": "83533811",
    "policyId": "104630380961001",
    "version": "2",
    "entryDate": "06/16/2016",
    "amount": "166",
    "typeCode": "2",
    "appliedDate": "06/16/2016",
    "clearDate": null,
    "companyNumber": "63",
    "namedInsured": "Ford, Muzette Lynn",
    "settleDate": "06/20/2016"
  },
  {
    "agencyCode": "26892",
    "cashItemId": "83537941",
    "policyId": "104631018457001",
    "version": "3",
    "entryDate": "06/16/2016",
    "amount": "168.07",
    "typeCode": "2",
    "appliedDate": "06/16/2016",
    "clearDate": null,
    "companyNumber": "63",
    "namedInsured": "Martinez, Wilfredo A",
    "settleDate": "06/20/2016"
  },
  {
    "agencyCode": "26892",
    "cashItemId": "83486279",
    "policyId": "104595323881001",
    "version": "4",
    "entryDate": "06/15/2016",
    "amount": "54",
    "typeCode": "2",
    "appliedDate": "06/15/2016",
    "clearDate": null,
    "companyNumber": "60",
    "namedInsured": "MORGANELLI, SANDRA JEAN",
    "settleDate": "06/17/2016"
  },
  {
    "agencyCode": "26892",
    "cashItemId": "83497634",
    "policyId": "104601159677001",
    "version": "2",
    "entryDate": "06/15/2016",
    "amount": "60.09",
    "typeCode": "2",
    "appliedDate": "06/15/2016",
    "clearDate": null,
    "companyNumber": "60",
    "namedInsured": "Perez, David",
    "settleDate": "06/17/2016"
  },
  {
    "agencyCode": "26892",
    "cashItemId": "83495796",
    "policyId": "104601306518001",
    "version": "1",
    "entryDate": "06/15/2016",
    "amount": "67.16",
    "typeCode": "2",
    "appliedDate": "06/15/2016",
    "clearDate": null,
    "companyNumber": "60",
    "namedInsured": "Martinez, Lizete",
    "settleDate": "06/17/2016"
  },
  {
    "agencyCode": "26892",
    "cashItemId": "83495059",
    "policyId": "104601309952001",
    "version": "1",
    "entryDate": "06/15/2016",
    "amount": "79.79",
    "typeCode": "2",
    "appliedDate": "06/15/2016",
    "clearDate": null,
    "companyNumber": "60",
    "namedInsured": "Zepeda, Saul Jorge",
    "settleDate": "06/17/2016"
  },
  {
    "agencyCode": "26892",
    "cashItemId": "83488121",
    "policyId": "104601349877001",
    "version": "1",
    "entryDate": "06/15/2016",
    "amount": "67.46",
    "typeCode": "2",
    "appliedDate": "06/15/2016",
    "clearDate": null,
    "companyNumber": "60",
    "namedInsured": "Saavedra, Oralia Abigail",
    "settleDate": "06/17/2016"
  },
  {
    "agencyCode": "26892",
    "cashItemId": "83484906",
    "policyId": "104630118264001",
    "version": "7",
    "entryDate": "06/15/2016",
    "amount": "6",
    "typeCode": "2",
    "appliedDate": "06/15/2016",
    "clearDate": null,
    "companyNumber": "63",
    "namedInsured": "Herrera, Alicia",
    "settleDate": "06/17/2016"
  },
  {
    "agencyCode": "26892",
    "cashItemId": "83484906",
    "policyId": "104630118264001",
    "version": "8",
    "entryDate": "06/15/2016",
    "amount": "68.56",
    "typeCode": "2",
    "appliedDate": "06/15/2016",
    "clearDate": null,
    "companyNumber": "60",
    "namedInsured": "Herrera, Alicia",
    "settleDate": "06/17/2016"
  },
  {
    "agencyCode": "26892",
    "cashItemId": "83496412",
    "policyId": "104630205496001",
    "version": "3",
    "entryDate": "06/15/2016",
    "amount": "117",
    "typeCode": "2",
    "appliedDate": "06/15/2016",
    "clearDate": null,
    "companyNumber": "60",
    "namedInsured": "Cuellar, Mirna Isabel",
    "settleDate": "06/17/2016"
  },
  {
    "agencyCode": "26892",
    "cashItemId": "83496523",
    "policyId": "104630254364001",
    "version": "5",
    "entryDate": "06/15/2016",
    "amount": "91.42",
    "typeCode": "2",
    "appliedDate": "06/15/2016",
    "clearDate": null,
    "companyNumber": "63",
    "namedInsured": "Palomino-ortiz, Felix",
    "settleDate": "06/17/2016"
  },
  {
    "agencyCode": "26892",
    "cashItemId": "83493109",
    "policyId": "104630551296001",
    "version": "5",
    "entryDate": "06/15/2016",
    "amount": "115",
    "typeCode": "2",
    "appliedDate": "06/15/2016",
    "clearDate": null,
    "companyNumber": "63",
    "namedInsured": "MARTINEZ, ANA L",
    "settleDate": "06/17/2016"
  },
  {
    "agencyCode": "26892",
    "cashItemId": "83488753",
    "policyId": "104630699201001",
    "version": "5",
    "entryDate": "06/15/2016",
    "amount": "176.94",
    "typeCode": "2",
    "appliedDate": "06/15/2016",
    "clearDate": null,
    "companyNumber": "60",
    "namedInsured": "Jackson, Michael Rene",
    "settleDate": "06/17/2016"
  },
  {
    "agencyCode": "26892",
    "cashItemId": "83493004",
    "policyId": "104631339789001",
    "version": "1",
    "entryDate": "06/15/2016",
    "amount": "280",
    "typeCode": "2",
    "appliedDate": "06/15/2016",
    "clearDate": null,
    "companyNumber": "63",
    "namedInsured": "Bailey, Dennis Earl",
    "settleDate": "06/17/2016"
  },
  {
    "agencyCode": "26892",
    "cashItemId": "83459429",
    "policyId": "104630440393001",
    "version": "4",
    "entryDate": "06/14/2016",
    "amount": "375",
    "typeCode": "2",
    "appliedDate": "06/14/2016",
    "clearDate": null,
    "companyNumber": "63",
    "namedInsured": "Floresmartinez, Flora",
    "settleDate": "06/16/2016"
  },
  {
    "agencyCode": "26892",
    "cashItemId": "83462703",
    "policyId": "104630823497001",
    "version": "3",
    "entryDate": "06/14/2016",
    "amount": "176.33",
    "typeCode": "2",
    "appliedDate": "06/14/2016",
    "clearDate": null,
    "companyNumber": "63",
    "namedInsured": "Smith, Enevila Kiana",
    "settleDate": "06/16/2016"
  },
  {
    "agencyCode": "26892",
    "cashItemId": "83467617",
    "policyId": "104631137245001",
    "version": "3",
    "entryDate": "06/14/2016",
    "amount": "105",
    "typeCode": "2",
    "appliedDate": "06/14/2016",
    "clearDate": null,
    "companyNumber": "63",
    "namedInsured": "Urias Vasquez, Santos Antonio",
    "settleDate": "06/16/2016"
  },
  {
    "agencyCode": "26892",
    "cashItemId": "83435347",
    "policyId": "104600175531001",
    "version": "5",
    "entryDate": "06/13/2016",
    "amount": "142",
    "typeCode": "2",
    "appliedDate": "06/13/2016",
    "clearDate": null,
    "companyNumber": "60",
    "namedInsured": "SANDOVAL, RAMIRO",
    "settleDate": "06/15/2016"
  },
  {
    "agencyCode": "26892",
    "cashItemId": "83442683",
    "policyId": "104601188687001",
    "version": "2",
    "entryDate": "06/13/2016",
    "amount": "778.52",
    "typeCode": "2",
    "appliedDate": "06/13/2016",
    "clearDate": null,
    "companyNumber": "60",
    "namedInsured": "Arteaga, Melissa",
    "settleDate": "06/15/2016"
  },
  {
    "agencyCode": "26892",
    "cashItemId": "83427830",
    "policyId": "104601339767001",
    "version": "1",
    "entryDate": "06/13/2016",
    "amount": "55",
    "typeCode": "2",
    "appliedDate": "06/13/2016",
    "clearDate": null,
    "companyNumber": "60",
    "namedInsured": "Washington, Shirley Ann",
    "settleDate": "06/15/2016"
  },
  {
    "agencyCode": "26892",
    "cashItemId": "83442634",
    "policyId": "104630103770001",
    "version": "3",
    "entryDate": "06/13/2016",
    "amount": "109.88",
    "typeCode": "2",
    "appliedDate": "06/13/2016",
    "clearDate": null,
    "companyNumber": "63",
    "namedInsured": "Colbourne, Melissa",
    "settleDate": "06/15/2016"
  },
  {
    "agencyCode": "26892",
    "cashItemId": "83442248",
    "policyId": "104630401850001",
    "version": "5",
    "entryDate": "06/13/2016",
    "amount": "242",
    "typeCode": "2",
    "appliedDate": "06/13/2016",
    "clearDate": null,
    "companyNumber": "63",
    "namedInsured": "GRIMALDOMEJIA, LUIS GABRIEL",
    "settleDate": "06/15/2016"
  },
  {
    "agencyCode": "26892",
    "cashItemId": "83442043",
    "policyId": "104630455321001",
    "version": "5",
    "entryDate": "06/13/2016",
    "amount": "119.3",
    "typeCode": "2",
    "appliedDate": "06/13/2016",
    "clearDate": null,
    "companyNumber": "63",
    "namedInsured": "Escoto, Jorge",
    "settleDate": "06/15/2016"
  },
  {
    "agencyCode": "26892",
    "cashItemId": "83442743",
    "policyId": "104631308499001",
    "version": "1",
    "entryDate": "06/13/2016",
    "amount": "55.41",
    "typeCode": "2",
    "appliedDate": "06/13/2016",
    "clearDate": null,
    "companyNumber": "63",
    "namedInsured": "Rodriguez-morales, Isaias",
    "settleDate": "06/15/2016"
  },
  {
    "agencyCode": "26892",
    "cashItemId": "83411960",
    "policyId": "104630290760001",
    "version": "6",
    "entryDate": "06/11/2016",
    "amount": "73.16",
    "typeCode": "2",
    "appliedDate": "06/11/2016",
    "clearDate": null,
    "companyNumber": "63",
    "namedInsured": "Gladney, Shenesia Juanea",
    "settleDate": "06/14/2016"
  },
  {
    "agencyCode": "26892",
    "cashItemId": "83415930",
    "policyId": "104630453494001",
    "version": "5",
    "entryDate": "06/11/2016",
    "amount": "131.4",
    "typeCode": "2",
    "appliedDate": "06/11/2016",
    "clearDate": null,
    "companyNumber": "63",
    "namedInsured": "Salas, Juan Carlos",
    "settleDate": "06/14/2016"
  },
  {
    "agencyCode": "26892",
    "cashItemId": "83381915",
    "policyId": "104600403597001",
    "version": "5",
    "entryDate": "06/10/2016",
    "amount": "127.15",
    "typeCode": "2",
    "appliedDate": "06/10/2016",
    "clearDate": null,
    "companyNumber": "60",
    "namedInsured": "MORAGA, CHRISTINA",
    "settleDate": "06/14/2016"
  },
  {
    "agencyCode": "26892",
    "cashItemId": "83384082",
    "policyId": "104630496893001",
    "version": "4",
    "entryDate": "06/10/2016",
    "amount": "81",
    "typeCode": "2",
    "appliedDate": "06/10/2016",
    "clearDate": null,
    "companyNumber": "60",
    "namedInsured": "Actual Saldana, Mayra",
    "settleDate": "06/14/2016"
  },
  {
    "agencyCode": "26892",
    "cashItemId": "83395573",
    "policyId": "104630512433001",
    "version": "5",
    "entryDate": "06/10/2016",
    "amount": "155.8",
    "typeCode": "2",
    "appliedDate": "06/10/2016",
    "clearDate": null,
    "companyNumber": "63",
    "namedInsured": "Mabry, Ben",
    "settleDate": "06/14/2016"
  },
  {
    "agencyCode": "26892",
    "cashItemId": "83354598",
    "policyId": "104600084710001",
    "version": "5",
    "entryDate": "06/09/2016",
    "amount": "221.07",
    "typeCode": "2",
    "appliedDate": "06/09/2016",
    "clearDate": null,
    "companyNumber": "60",
    "namedInsured": "SANGUINO, JOSE MANUEL",
    "settleDate": "06/13/2016"
  },
  {
    "agencyCode": "26892",
    "cashItemId": "83359682",
    "policyId": "104601024508001",
    "version": "2",
    "entryDate": "06/09/2016",
    "amount": "49.98",
    "typeCode": "2",
    "appliedDate": "06/09/2016",
    "clearDate": null,
    "companyNumber": "60",
    "namedInsured": "Navia, Jose",
    "settleDate": "06/13/2016"
  },
  {
    "agencyCode": "26892",
    "cashItemId": "83358484",
    "policyId": "104601062930001",
    "version": "3",
    "entryDate": "06/09/2016",
    "amount": "51.98",
    "typeCode": "2",
    "appliedDate": "06/09/2016",
    "clearDate": null,
    "companyNumber": "60",
    "namedInsured": "Carlos, Brian Anthony",
    "settleDate": "06/13/2016"
  },
  {
    "agencyCode": "26892",
    "cashItemId": "83355695",
    "policyId": "104601080129001",
    "version": "2",
    "entryDate": "06/09/2016",
    "amount": "112",
    "typeCode": "2",
    "appliedDate": "06/09/2016",
    "clearDate": null,
    "companyNumber": "60",
    "namedInsured": "Pratts, Jaime",
    "settleDate": "06/13/2016"
  },
  {
    "agencyCode": "26892",
    "cashItemId": "83359959",
    "policyId": "104601114342001",
    "version": "2",
    "entryDate": "06/09/2016",
    "amount": "87",
    "typeCode": "2",
    "appliedDate": "06/09/2016",
    "clearDate": null,
    "companyNumber": "60",
    "namedInsured": "Minor Osorio And Hilaria Tamayomex",
    "settleDate": "06/13/2016"
  },
  {
    "agencyCode": "26892",
    "cashItemId": "83317348",
    "policyId": "104600932385001",
    "version": "4",
    "entryDate": "06/08/2016",
    "amount": "67",
    "typeCode": "2",
    "appliedDate": "06/08/2016",
    "clearDate": null,
    "companyNumber": "63",
    "namedInsured": "Melchor Sanchez, Jose Juan",
    "settleDate": "06/10/2016"
  },
  {
    "agencyCode": "26892",
    "cashItemId": "83317458",
    "policyId": "104630439079001",
    "version": "4",
    "entryDate": "06/08/2016",
    "amount": "35",
    "typeCode": "2",
    "appliedDate": "06/08/2016",
    "clearDate": null,
    "companyNumber": "60",
    "namedInsured": "Gooden, Rochelle A",
    "settleDate": "06/10/2016"
  },
  {
    "agencyCode": "26892",
    "cashItemId": "83322125",
    "policyId": "104631318957001",
    "version": "1",
    "entryDate": "06/08/2016",
    "amount": "160",
    "typeCode": "2",
    "appliedDate": "06/08/2016",
    "clearDate": null,
    "companyNumber": "63",
    "namedInsured": "Herod, Lashawn Denise",
    "settleDate": "06/10/2016"
  },
  {
    "agencyCode": "26892",
    "cashItemId": "83290217",
    "policyId": "104601004298001",
    "version": "3",
    "entryDate": "06/07/2016",
    "amount": "41",
    "typeCode": "2",
    "appliedDate": "06/07/2016",
    "clearDate": null,
    "companyNumber": "60",
    "namedInsured": "Lopez, Jose Antonio Estrada",
    "settleDate": "06/09/2016"
  },
  {
    "agencyCode": "26892",
    "cashItemId": "83259309",
    "policyId": "104630688053001",
    "version": "3",
    "entryDate": "06/06/2016",
    "amount": "61.49",
    "typeCode": "2",
    "appliedDate": "06/06/2016",
    "clearDate": null,
    "companyNumber": "63",
    "namedInsured": "Mejia, Ana Dora Ortiz",
    "settleDate": "06/08/2016"
  },
  {
    "agencyCode": "26892",
    "cashItemId": "83271245",
    "policyId": "104630892183001",
    "version": "3",
    "entryDate": "06/06/2016",
    "amount": "203.59",
    "typeCode": "2",
    "appliedDate": "06/06/2016",
    "clearDate": null,
    "companyNumber": "63",
    "namedInsured": "Bustos, Alejandro",
    "settleDate": "06/08/2016"
  },
  {
    "agencyCode": "26892",
    "cashItemId": "83242640",
    "policyId": "104630473257001",
    "version": "6",
    "entryDate": "06/04/2016",
    "amount": "318.87",
    "typeCode": "2",
    "appliedDate": "06/04/2016",
    "clearDate": null,
    "companyNumber": "63",
    "namedInsured": "ROBLES-JUAREZ, MARIO",
    "settleDate": "06/07/2016"
  },
  {
    "agencyCode": "26892",
    "cashItemId": "83211443",
    "policyId": "104600373087001",
    "version": "5",
    "entryDate": "06/03/2016",
    "amount": "161.54",
    "typeCode": "2",
    "appliedDate": "06/03/2016",
    "clearDate": null,
    "companyNumber": "60",
    "namedInsured": "Duenas Lima, Patrica Carolina",
    "settleDate": "06/07/2016"
  },
  {
    "agencyCode": "26892",
    "cashItemId": "83221666",
    "policyId": "104601317523001",
    "version": "1",
    "entryDate": "06/03/2016",
    "amount": "83",
    "typeCode": "2",
    "appliedDate": "06/03/2016",
    "clearDate": null,
    "companyNumber": "60",
    "namedInsured": "Sanchez Padilla, Fernando",
    "settleDate": "06/07/2016"
  },
  {
    "agencyCode": "26892",
    "cashItemId": "83210944",
    "policyId": "104630525917001",
    "version": "5",
    "entryDate": "06/03/2016",
    "amount": "64.16",
    "typeCode": "2",
    "appliedDate": "06/03/2016",
    "clearDate": null,
    "companyNumber": "63",
    "namedInsured": "ORTIZ, ALEJANDRO",
    "settleDate": "06/07/2016"
  },
  {
    "agencyCode": "26892",
    "cashItemId": "83217705",
    "policyId": "104630995684001",
    "version": "3",
    "entryDate": "06/03/2016",
    "amount": "109",
    "typeCode": "2",
    "appliedDate": "06/03/2016",
    "clearDate": null,
    "companyNumber": "63",
    "namedInsured": "Lazo, Noemy Cecilia",
    "settleDate": "06/07/2016"
  },
  {
    "agencyCode": "26892",
    "cashItemId": "83191148",
    "policyId": "104600376900001",
    "version": "5",
    "entryDate": "06/02/2016",
    "amount": "193",
    "typeCode": "2",
    "appliedDate": "06/02/2016",
    "clearDate": null,
    "companyNumber": "60",
    "namedInsured": "ARTEAGA, OSCAR CRUZ",
    "settleDate": "06/06/2016"
  },
  {
    "agencyCode": "26892",
    "cashItemId": "83187295",
    "policyId": "104600647269001",
    "version": "6",
    "entryDate": "06/02/2016",
    "amount": "118.5",
    "typeCode": "2",
    "appliedDate": "06/02/2016",
    "clearDate": null,
    "companyNumber": "60",
    "namedInsured": "Virgil, Otis Leon",
    "settleDate": "06/06/2016"
  },
  {
    "agencyCode": "26892",
    "cashItemId": "83182232",
    "policyId": "104631012465001",
    "version": "2",
    "entryDate": "06/02/2016",
    "amount": "116",
    "typeCode": "2",
    "appliedDate": "06/02/2016",
    "clearDate": null,
    "companyNumber": "63",
    "namedInsured": "Pitts, Stephen Gregory",
    "settleDate": "06/06/2016"
  },
  {
    "agencyCode": "26892",
    "cashItemId": "83147332",
    "policyId": "104630719507001",
    "version": "5",
    "entryDate": "06/01/2016",
    "amount": "106.38",
    "typeCode": "2",
    "appliedDate": "06/01/2016",
    "clearDate": null,
    "companyNumber": "63",
    "namedInsured": "Robinson, Angela Denice",
    "settleDate": "06/03/2016"
  },
  {
    "agencyCode": "26892",
    "cashItemId": "83111912",
    "policyId": "104600881681001",
    "version": "3",
    "entryDate": "05/31/2016",
    "amount": "115.6",
    "typeCode": "2",
    "appliedDate": "05/31/2016",
    "clearDate": null,
    "companyNumber": "60",
    "namedInsured": "Campos, Alfredo",
    "settleDate": "06/02/2016"
  },
  {
    "agencyCode": "26892",
    "cashItemId": "83088993",
    "policyId": "104600850243001",
    "version": "3",
    "entryDate": "05/28/2016",
    "amount": "43.41",
    "typeCode": "2",
    "appliedDate": "05/28/2016",
    "clearDate": null,
    "companyNumber": "60",
    "namedInsured": "Gaytan, Carlos Rea",
    "settleDate": "06/01/2016"
  },
  {
    "agencyCode": "26892",
    "cashItemId": "83090856",
    "policyId": "104600965668001",
    "version": "3",
    "entryDate": "05/28/2016",
    "amount": "53",
    "typeCode": "2",
    "appliedDate": "05/28/2016",
    "clearDate": null,
    "companyNumber": "60",
    "namedInsured": "Garcia, Francisco",
    "settleDate": "06/01/2016"
  },
  {
    "agencyCode": "26892",
    "cashItemId": "83085384",
    "policyId": "104601081283001",
    "version": "2",
    "entryDate": "05/28/2016",
    "amount": "129",
    "typeCode": "2",
    "appliedDate": "05/28/2016",
    "clearDate": null,
    "companyNumber": "60",
    "namedInsured": "Resendizcarrillo, Jose Francisco",
    "settleDate": "06/01/2016"
  },
  {
    "agencyCode": "26892",
    "cashItemId": "83090874",
    "policyId": "104630631561001",
    "version": "4",
    "entryDate": "05/28/2016",
    "amount": "105.28",
    "typeCode": "2",
    "appliedDate": "05/28/2016",
    "clearDate": null,
    "companyNumber": "63",
    "namedInsured": "ALVAREZ, GLADYS OLINDA",
    "settleDate": "06/01/2016"
  },
  {
    "agencyCode": "26892",
    "cashItemId": "83090663",
    "policyId": "104631344886001",
    "version": "1",
    "entryDate": "05/28/2016",
    "amount": "162.06",
    "typeCode": "2",
    "appliedDate": "05/28/2016",
    "clearDate": null,
    "companyNumber": "63",
    "namedInsured": "Aguilar, Jose Luis",
    "settleDate": "06/01/2016"
  },
  {
    "agencyCode": "26892",
    "cashItemId": "83071192",
    "policyId": "104600134298001",
    "version": "4",
    "entryDate": "05/27/2016",
    "amount": "104.71",
    "typeCode": "2",
    "appliedDate": "05/27/2016",
    "clearDate": null,
    "companyNumber": "60",
    "namedInsured": "Samayoa, Cristina Marjoriet",
    "settleDate": "06/01/2016"
  },
  {
    "agencyCode": "26892",
    "cashItemId": "83065874",
    "policyId": "104630174857001",
    "version": "5",
    "entryDate": "05/27/2016",
    "amount": "115",
    "typeCode": "2",
    "appliedDate": "05/27/2016",
    "clearDate": null,
    "companyNumber": "63",
    "namedInsured": "DIAZ, JOSE",
    "settleDate": "06/01/2016"
  },
  {
    "agencyCode": "26892",
    "cashItemId": "83066063",
    "policyId": "104630623660001",
    "version": "4",
    "entryDate": "05/27/2016",
    "amount": "120",
    "typeCode": "2",
    "appliedDate": "05/27/2016",
    "clearDate": null,
    "companyNumber": "63",
    "namedInsured": "ROMERO, NORMA SANCHEZ",
    "settleDate": "06/01/2016"
  },
  {
    "agencyCode": "26892",
    "cashItemId": "83066721",
    "policyId": "104631344508001",
    "version": "1",
    "entryDate": "05/27/2016",
    "amount": "140.36",
    "typeCode": "2",
    "appliedDate": "05/27/2016",
    "clearDate": null,
    "companyNumber": "63",
    "namedInsured": "Elias, Veronica Aleida",
    "settleDate": "06/01/2016"
  },
  {
    "agencyCode": "26892",
    "cashItemId": "83041677",
    "policyId": "104600072769001",
    "version": "5",
    "entryDate": "05/26/2016",
    "amount": "311",
    "typeCode": "2",
    "appliedDate": "05/26/2016",
    "clearDate": null,
    "companyNumber": "60",
    "namedInsured": "Reyes, Rafael Medina",
    "settleDate": "05/31/2016"
  },
  {
    "agencyCode": "26892",
    "cashItemId": "83034766",
    "policyId": "104600103221001",
    "version": "5",
    "entryDate": "05/26/2016",
    "amount": "119.86",
    "typeCode": "2",
    "appliedDate": "05/26/2016",
    "clearDate": null,
    "companyNumber": "60",
    "namedInsured": "RODRIGUES, FELIPE RESENDIZ",
    "settleDate": "05/31/2016"
  },
  {
    "agencyCode": "26892",
    "cashItemId": "83042527",
    "policyId": "104601220101001",
    "version": "1",
    "entryDate": "05/26/2016",
    "amount": "197.96",
    "typeCode": "2",
    "appliedDate": "05/26/2016",
    "clearDate": null,
    "companyNumber": "60",
    "namedInsured": "Perobal Canu, Demetrio",
    "settleDate": "05/31/2016"
  },
  {
    "agencyCode": "26892",
    "cashItemId": "83038923",
    "policyId": "104601233259001",
    "version": "2",
    "entryDate": "05/26/2016",
    "amount": "36.36",
    "typeCode": "2",
    "appliedDate": "05/26/2016",
    "clearDate": null,
    "companyNumber": "60",
    "namedInsured": "Macario, Alfredo Lopez",
    "settleDate": "05/31/2016"
  },
  {
    "agencyCode": "26892",
    "cashItemId": "83039004",
    "policyId": "104630849779001",
    "version": "3",
    "entryDate": "05/26/2016",
    "amount": "79.07",
    "typeCode": "2",
    "appliedDate": "05/26/2016",
    "clearDate": null,
    "companyNumber": "63",
    "namedInsured": "Rodriguez, Jose Salvador",
    "settleDate": "05/31/2016"
  },
  {
    "agencyCode": "26892",
    "cashItemId": "83035410",
    "policyId": "104630895916001",
    "version": "3",
    "entryDate": "05/26/2016",
    "amount": "109.16",
    "typeCode": "2",
    "appliedDate": "05/26/2016",
    "clearDate": null,
    "companyNumber": "63",
    "namedInsured": "Pinto, Salvador Flores",
    "settleDate": "05/31/2016"
  },
  {
    "agencyCode": "26892",
    "cashItemId": "83041972",
    "policyId": "104631129912001",
    "version": "3",
    "entryDate": "05/26/2016",
    "amount": "214.2",
    "typeCode": "2",
    "appliedDate": "05/26/2016",
    "clearDate": null,
    "companyNumber": "63",
    "namedInsured": "Anderson, Wynona Delphine",
    "settleDate": "05/31/2016"
  },
  {
    "agencyCode": "26892",
    "cashItemId": "83043195",
    "policyId": "104650174418001",
    "version": "4",
    "entryDate": "05/26/2016",
    "amount": "56.13",
    "typeCode": "2",
    "appliedDate": "05/26/2016",
    "clearDate": null,
    "companyNumber": "60",
    "namedInsured": "RODRIGUEZ, CESAR P",
    "settleDate": "05/31/2016"
  },
  {
    "agencyCode": "26892",
    "cashItemId": "82990498",
    "policyId": "104600599732001",
    "version": "4",
    "entryDate": "05/25/2016",
    "amount": "62.95",
    "typeCode": "2",
    "appliedDate": "05/25/2016",
    "clearDate": null,
    "companyNumber": "60",
    "namedInsured": "SMITH, EDNA",
    "settleDate": "05/27/2016"
  },
  {
    "agencyCode": "26892",
    "cashItemId": "82997918",
    "policyId": "104630112353001",
    "version": "4",
    "entryDate": "05/25/2016",
    "amount": "76.25",
    "typeCode": "2",
    "appliedDate": "05/25/2016",
    "clearDate": null,
    "companyNumber": "63",
    "namedInsured": "Gomez Saenz, Felipe Misael",
    "settleDate": "05/27/2016"
  },
  {
    "agencyCode": "26892",
    "cashItemId": "82967365",
    "policyId": "104600403597001",
    "version": "4",
    "entryDate": "05/24/2016",
    "amount": "113",
    "typeCode": "2",
    "appliedDate": "05/24/2016",
    "clearDate": null,
    "companyNumber": "60",
    "namedInsured": "MORAGA, CHRISTINA",
    "settleDate": "05/26/2016"
  },
  {
    "agencyCode": "26892",
    "cashItemId": "82973922",
    "policyId": "104600998252001",
    "version": "4",
    "entryDate": "05/24/2016",
    "amount": "40.11",
    "typeCode": "2",
    "appliedDate": "05/24/2016",
    "clearDate": null,
    "companyNumber": "60",
    "namedInsured": "Montejano, Sandra Luz",
    "settleDate": "05/26/2016"
  },
  {
    "agencyCode": "26892",
    "cashItemId": "82966305",
    "policyId": "104601000700001",
    "version": "2",
    "entryDate": "05/24/2016",
    "amount": "171.16",
    "typeCode": "2",
    "appliedDate": "05/24/2016",
    "clearDate": null,
    "companyNumber": "60",
    "namedInsured": "Kelly, Ray Bernard",
    "settleDate": "05/26/2016"
  },
  {
    "agencyCode": "26892",
    "cashItemId": "82974549",
    "policyId": "104630401850001",
    "version": "4",
    "entryDate": "05/24/2016",
    "amount": "9",
    "typeCode": "2",
    "appliedDate": "05/24/2016",
    "clearDate": null,
    "companyNumber": "63",
    "namedInsured": "GRIMALDOMEJIA, LUIS GABRIEL",
    "settleDate": "05/26/2016"
  },
  {
    "agencyCode": "26892",
    "cashItemId": "82967902",
    "policyId": "104630778795001",
    "version": "3",
    "entryDate": "05/24/2016",
    "amount": "21.44",
    "typeCode": "2",
    "appliedDate": "05/24/2016",
    "clearDate": null,
    "companyNumber": "63",
    "namedInsured": "Gray, Ziva",
    "settleDate": "05/26/2016"
  },
  {
    "agencyCode": "26892",
    "cashItemId": "82967902",
    "policyId": "104630778795001",
    "version": "4",
    "entryDate": "05/24/2016",
    "amount": "112.56",
    "typeCode": "2",
    "appliedDate": "05/24/2016",
    "clearDate": null,
    "companyNumber": "63",
    "namedInsured": "Gray, Ziva",
    "settleDate": "05/26/2016"
  },
  {
    "agencyCode": "26892",
    "cashItemId": "82967926",
    "policyId": "104631202597001",
    "version": "1",
    "entryDate": "05/24/2016",
    "amount": "194",
    "typeCode": "2",
    "appliedDate": "05/24/2016",
    "clearDate": null,
    "companyNumber": "63",
    "namedInsured": "Corado Acalja, Wilmer Anibal",
    "settleDate": "05/26/2016"
  },
  {
    "agencyCode": "26892",
    "cashItemId": "82940549",
    "policyId": "104600456188001",
    "version": "4",
    "entryDate": "05/23/2016",
    "amount": "98.07",
    "typeCode": "2",
    "appliedDate": "05/23/2016",
    "clearDate": null,
    "companyNumber": "60",
    "namedInsured": "KEGLER, REGINALD",
    "settleDate": "05/25/2016"
  },
  {
    "agencyCode": "26892",
    "cashItemId": "82940202",
    "policyId": "104601342903001",
    "version": "1",
    "entryDate": "05/23/2016",
    "amount": "84.36",
    "typeCode": "2",
    "appliedDate": "05/23/2016",
    "clearDate": null,
    "companyNumber": "60",
    "namedInsured": "Acosta-fuentes, Yazmin Lorena",
    "settleDate": "05/25/2016"
  },
  {
    "agencyCode": "26892",
    "cashItemId": "82948521",
    "policyId": "104630103770001",
    "version": "3",
    "entryDate": "05/23/2016",
    "amount": "114.88",
    "typeCode": "2",
    "appliedDate": "05/23/2016",
    "clearDate": null,
    "companyNumber": "63",
    "namedInsured": "Colbourne, Melissa",
    "settleDate": "05/25/2016"
  },
  {
    "agencyCode": "26892",
    "cashItemId": "82949816",
    "policyId": "104630515958001",
    "version": "4",
    "entryDate": "05/23/2016",
    "amount": "52.67",
    "typeCode": "2",
    "appliedDate": "05/23/2016",
    "clearDate": null,
    "companyNumber": "63",
    "namedInsured": "Trinidad-flores, Juan De La",
    "settleDate": "05/25/2016"
  },
  {
    "agencyCode": "26892",
    "cashItemId": "82835954",
    "policyId": "104600829125001",
    "version": "4",
    "entryDate": "05/21/2016",
    "amount": "192.16",
    "typeCode": "2",
    "appliedDate": "05/21/2016",
    "clearDate": null,
    "companyNumber": "63",
    "namedInsured": "Martinez Fuentes, Jose A",
    "settleDate": "05/24/2016"
  },
  {
    "agencyCode": "26892",
    "cashItemId": "82829404",
    "policyId": "104601022885001",
    "version": "2",
    "entryDate": "05/21/2016",
    "amount": "211",
    "typeCode": "2",
    "appliedDate": "05/21/2016",
    "clearDate": null,
    "companyNumber": "60",
    "namedInsured": "Bermeo, Carlos Enrique",
    "settleDate": "05/24/2016"
  },
  {
    "agencyCode": "26892",
    "cashItemId": "82834127",
    "policyId": "104630453494001",
    "version": "4",
    "entryDate": "05/21/2016",
    "amount": "113.01",
    "typeCode": "2",
    "appliedDate": "05/21/2016",
    "clearDate": null,
    "companyNumber": "63",
    "namedInsured": "Salas, Juan Carlos",
    "settleDate": "05/24/2016"
  },
  {
    "agencyCode": "26892",
    "cashItemId": "82831704",
    "policyId": "104630900768001",
    "version": "4",
    "entryDate": "05/21/2016",
    "amount": "71",
    "typeCode": "2",
    "appliedDate": "05/21/2016",
    "clearDate": null,
    "companyNumber": "63",
    "namedInsured": "Magana-godinez, Miguel Angel",
    "settleDate": "05/24/2016"
  },
  {
    "agencyCode": "26892",
    "cashItemId": "82845580",
    "policyId": "104631268361001",
    "version": "1",
    "entryDate": "05/21/2016",
    "amount": "56",
    "typeCode": "2",
    "appliedDate": "05/21/2016",
    "clearDate": null,
    "companyNumber": "63",
    "namedInsured": "Calderon De Morales, Carmela Caronilia",
    "settleDate": "05/24/2016"
  },
  {
    "agencyCode": "26892",
    "cashItemId": "82833237",
    "policyId": "104640221422001",
    "version": "5",
    "entryDate": "05/21/2016",
    "amount": "106.05",
    "typeCode": "2",
    "appliedDate": "05/21/2016",
    "clearDate": null,
    "companyNumber": "60",
    "namedInsured": "Raymundo, Maria G",
    "settleDate": "05/24/2016"
  },
  {
    "agencyCode": "26892",
    "cashItemId": "82815438",
    "policyId": "104489007414001",
    "version": "2",
    "entryDate": "05/20/2016",
    "amount": "56.53",
    "typeCode": "2",
    "appliedDate": "05/20/2016",
    "clearDate": null,
    "companyNumber": "60",
    "namedInsured": "Delgado Villalobos, Jose Manuel",
    "settleDate": "05/24/2016"
  },
  {
    "agencyCode": "26892",
    "cashItemId": "82813791",
    "policyId": "104600131627001",
    "version": "5",
    "entryDate": "05/20/2016",
    "amount": "98.79",
    "typeCode": "2",
    "appliedDate": "05/20/2016",
    "clearDate": null,
    "companyNumber": "60",
    "namedInsured": "GARCIA CASTRO, RICARDO MANUEL",
    "settleDate": "05/24/2016"
  },
  {
    "agencyCode": "26892",
    "cashItemId": "82815109",
    "policyId": "104600329252001",
    "version": "4",
    "entryDate": "05/20/2016",
    "amount": "1.44",
    "typeCode": "2",
    "appliedDate": "05/20/2016",
    "clearDate": null,
    "companyNumber": "60",
    "namedInsured": "LOPEZ-GUERRERO, ALFONSO",
    "settleDate": "05/24/2016"
  },
  {
    "agencyCode": "26892",
    "cashItemId": "82815109",
    "policyId": "104600329252001",
    "version": "5",
    "entryDate": "05/20/2016",
    "amount": "94.74",
    "typeCode": "2",
    "appliedDate": "05/20/2016",
    "clearDate": null,
    "companyNumber": "60",
    "namedInsured": "LOPEZ-GUERRERO, ALFONSO",
    "settleDate": "05/24/2016"
  },
  {
    "agencyCode": "26892",
    "cashItemId": "82803187",
    "policyId": "104600769170001",
    "version": "4",
    "entryDate": "05/20/2016",
    "amount": "128.59",
    "typeCode": "2",
    "appliedDate": "05/20/2016",
    "clearDate": null,
    "companyNumber": "60",
    "namedInsured": "Aguillon-carbajal, Joel Lorenzo",
    "settleDate": "05/24/2016"
  },
  {
    "agencyCode": "26892",
    "cashItemId": "82802644",
    "policyId": "104630307250001",
    "version": "5",
    "entryDate": "05/20/2016",
    "amount": "65.91",
    "typeCode": "2",
    "appliedDate": "05/20/2016",
    "clearDate": null,
    "companyNumber": "63",
    "namedInsured": "SAMUELS, THOMAS K",
    "settleDate": "05/24/2016"
  },
  {
    "agencyCode": "26892",
    "cashItemId": "82813754",
    "policyId": "104630408781001",
    "version": "4",
    "entryDate": "05/20/2016",
    "amount": "109.88",
    "typeCode": "2",
    "appliedDate": "05/20/2016",
    "clearDate": null,
    "companyNumber": "63",
    "namedInsured": "GUSTAVIS, SHARON DENISE",
    "settleDate": "05/24/2016"
  },
  {
    "agencyCode": "26892",
    "cashItemId": "82808017",
    "policyId": "104631018457001",
    "version": "3",
    "entryDate": "05/20/2016",
    "amount": "168.07",
    "typeCode": "2",
    "appliedDate": "05/20/2016",
    "clearDate": null,
    "companyNumber": "63",
    "namedInsured": "Martinez, Wilfredo A",
    "settleDate": "05/24/2016"
  },
  {
    "agencyCode": "26892",
    "cashItemId": "82775339",
    "policyId": "104600967797001",
    "version": "3",
    "entryDate": "05/19/2016",
    "amount": "63.67",
    "typeCode": "2",
    "appliedDate": "05/19/2016",
    "clearDate": null,
    "companyNumber": "60",
    "namedInsured": "Ayon-godinez, Consuelo Guadalupe",
    "settleDate": "05/23/2016"
  },
  {
    "agencyCode": "26892",
    "cashItemId": "82779717",
    "policyId": "104601161757001",
    "version": "2",
    "entryDate": "05/19/2016",
    "amount": "69.34",
    "typeCode": "2",
    "appliedDate": "05/19/2016",
    "clearDate": null,
    "companyNumber": "60",
    "namedInsured": "Huerta, Erika",
    "settleDate": "05/23/2016"
  },
  {
    "agencyCode": "26892",
    "cashItemId": "82783548",
    "policyId": "104601172044001",
    "version": "1",
    "entryDate": "05/19/2016",
    "amount": "6",
    "typeCode": "2",
    "appliedDate": "05/19/2016",
    "clearDate": null,
    "companyNumber": "60",
    "namedInsured": "Reyes, Jeffrey Payumo",
    "settleDate": "05/23/2016"
  },
  {
    "agencyCode": "26892",
    "cashItemId": "82783548",
    "policyId": "104601172044001",
    "version": "2",
    "entryDate": "05/19/2016",
    "amount": "237.98",
    "typeCode": "2",
    "appliedDate": "05/19/2016",
    "clearDate": null,
    "companyNumber": "60",
    "namedInsured": "Reyes, Jeffrey Payumo",
    "settleDate": "05/23/2016"
  },
  {
    "agencyCode": "26892",
    "cashItemId": "82785236",
    "policyId": "104601283816001",
    "version": "1",
    "entryDate": "05/19/2016",
    "amount": "50",
    "typeCode": "2",
    "appliedDate": "05/19/2016",
    "clearDate": null,
    "companyNumber": "60",
    "namedInsured": "Brazile, Lorsicy Marie",
    "settleDate": "05/23/2016"
  },
  {
    "agencyCode": "26892",
    "cashItemId": "82775116",
    "policyId": "104630589041001",
    "version": "4",
    "entryDate": "05/19/2016",
    "amount": "75",
    "typeCode": "2",
    "appliedDate": "05/19/2016",
    "clearDate": null,
    "companyNumber": "63",
    "namedInsured": "Villar, Manuel De Jesus Del",
    "settleDate": "05/23/2016"
  },
  {
    "agencyCode": "26892",
    "cashItemId": "82777126",
    "policyId": "104630982073001",
    "version": "3",
    "entryDate": "05/19/2016",
    "amount": "112.47",
    "typeCode": "2",
    "appliedDate": "05/19/2016",
    "clearDate": null,
    "companyNumber": "63",
    "namedInsured": "White, Natashia Ledeace",
    "settleDate": "05/23/2016"
  },
  {
    "agencyCode": "26892",
    "cashItemId": "82738318",
    "policyId": "104419686705001",
    "version": "5",
    "entryDate": "05/18/2016",
    "amount": "184.57",
    "typeCode": "2",
    "appliedDate": "05/18/2016",
    "clearDate": null,
    "companyNumber": "60",
    "namedInsured": "HERNANDEZ, GUSTAVO",
    "settleDate": "05/20/2016"
  },
  {
    "agencyCode": "26892",
    "cashItemId": "82735535",
    "policyId": "104600320850001",
    "version": "6",
    "entryDate": "05/18/2016",
    "amount": "56.03",
    "typeCode": "2",
    "appliedDate": "05/18/2016",
    "clearDate": null,
    "companyNumber": "60",
    "namedInsured": "SANCHEZ, MARTIN BAUTISTA",
    "settleDate": "05/20/2016"
  },
  {
    "agencyCode": "26892",
    "cashItemId": "82734328",
    "policyId": "104600550982001",
    "version": "4",
    "entryDate": "05/18/2016",
    "amount": "89.42",
    "typeCode": "2",
    "appliedDate": "05/18/2016",
    "clearDate": null,
    "companyNumber": "60",
    "namedInsured": "JUAREZ ARAGON, JUAN A",
    "settleDate": "05/20/2016"
  },
  {
    "agencyCode": "26892",
    "cashItemId": "82732728",
    "policyId": "104600966766001",
    "version": "3",
    "entryDate": "05/18/2016",
    "amount": "72",
    "typeCode": "2",
    "appliedDate": "05/18/2016",
    "clearDate": null,
    "companyNumber": "60",
    "namedInsured": "Mendoza-Arteaga, Bertha Alicia",
    "settleDate": "05/20/2016"
  },
  {
    "agencyCode": "26892",
    "cashItemId": "82735039",
    "policyId": "104601341530001",
    "version": "1",
    "entryDate": "05/18/2016",
    "amount": "98.16",
    "typeCode": "2",
    "appliedDate": "05/18/2016",
    "clearDate": null,
    "companyNumber": "60",
    "namedInsured": "Rios, Maria",
    "settleDate": "05/20/2016"
  },
  {
    "agencyCode": "26892",
    "cashItemId": "82740287",
    "policyId": "104630602203001",
    "version": "5",
    "entryDate": "05/18/2016",
    "amount": "156",
    "typeCode": "2",
    "appliedDate": "05/18/2016",
    "clearDate": null,
    "companyNumber": "60",
    "namedInsured": "Cortez, Irma Victoria",
    "settleDate": "05/20/2016"
  },
  {
    "agencyCode": "26892",
    "cashItemId": "82732262",
    "policyId": "104630965437001",
    "version": "3",
    "entryDate": "05/18/2016",
    "amount": "132.42",
    "typeCode": "2",
    "appliedDate": "05/18/2016",
    "clearDate": null,
    "companyNumber": "63",
    "namedInsured": "Alatorre-Herrero, Asuncion",
    "settleDate": "05/20/2016"
  },
  {
    "agencyCode": "26892",
    "cashItemId": "82735824",
    "policyId": "104631030894001",
    "version": "3",
    "entryDate": "05/18/2016",
    "amount": "54.68",
    "typeCode": "2",
    "appliedDate": "05/18/2016",
    "clearDate": null,
    "companyNumber": "63",
    "namedInsured": "Washington, Vaughn Alan",
    "settleDate": "05/20/2016"
  },
  {
    "agencyCode": "26892",
    "cashItemId": "82738299",
    "policyId": "104631270610001",
    "version": "1",
    "entryDate": "05/18/2016",
    "amount": "124.33",
    "typeCode": "2",
    "appliedDate": "05/18/2016",
    "clearDate": null,
    "companyNumber": "63",
    "namedInsured": "Portero, Danilo",
    "settleDate": "05/20/2016"
  },
  {
    "agencyCode": "26892",
    "cashItemId": "82706568",
    "policyId": "104595323881001",
    "version": "4",
    "entryDate": "05/17/2016",
    "amount": "54",
    "typeCode": "2",
    "appliedDate": "05/17/2016",
    "clearDate": null,
    "companyNumber": "60",
    "namedInsured": "MORGANELLI, SANDRA JEAN",
    "settleDate": "05/19/2016"
  },
  {
    "agencyCode": "26892",
    "cashItemId": "82708881",
    "policyId": "104600508851001",
    "version": "4",
    "entryDate": "05/17/2016",
    "amount": "37",
    "typeCode": "2",
    "appliedDate": "05/17/2016",
    "clearDate": null,
    "companyNumber": "60",
    "namedInsured": "HERNANDEZ, ANGEL CUSTODIO",
    "settleDate": "05/19/2016"
  },
  {
    "agencyCode": "26892",
    "cashItemId": "82716861",
    "policyId": "104600770235001",
    "version": "4",
    "entryDate": "05/17/2016",
    "amount": "56",
    "typeCode": "2",
    "appliedDate": "05/17/2016",
    "clearDate": null,
    "companyNumber": "60",
    "namedInsured": "Danhieux, Raymond Anthony",
    "settleDate": "05/19/2016"
  },
  {
    "agencyCode": "26892",
    "cashItemId": "82715908",
    "policyId": "104601141910001",
    "version": "2",
    "entryDate": "05/17/2016",
    "amount": "44.25",
    "typeCode": "2",
    "appliedDate": "05/17/2016",
    "clearDate": null,
    "companyNumber": "60",
    "namedInsured": "Martinez, Manuel C",
    "settleDate": "05/19/2016"
  },
  {
    "agencyCode": "26892",
    "cashItemId": "82718572",
    "policyId": "104630254364001",
    "version": "5",
    "entryDate": "05/17/2016",
    "amount": "91.92",
    "typeCode": "2",
    "appliedDate": "05/17/2016",
    "clearDate": null,
    "companyNumber": "63",
    "namedInsured": "Palomino-ortiz, Felix",
    "settleDate": "05/19/2016"
  },
  {
    "agencyCode": "26892",
    "cashItemId": "82706780",
    "policyId": "104630613862001",
    "version": "4",
    "entryDate": "05/17/2016",
    "amount": "101.48",
    "typeCode": "2",
    "appliedDate": "05/17/2016",
    "clearDate": null,
    "companyNumber": "63",
    "namedInsured": "Palacio, Jacqueline Jane",
    "settleDate": "05/19/2016"
  },
  {
    "agencyCode": "26892",
    "cashItemId": "82706694",
    "policyId": "104630699201001",
    "version": "5",
    "entryDate": "05/17/2016",
    "amount": "172",
    "typeCode": "2",
    "appliedDate": "05/17/2016",
    "clearDate": null,
    "companyNumber": "60",
    "namedInsured": "Jackson, Michael Rene",
    "settleDate": "05/19/2016"
  },
  {
    "agencyCode": "26892",
    "cashItemId": "82717521",
    "policyId": "104630759029001",
    "version": "4",
    "entryDate": "05/17/2016",
    "amount": "140",
    "typeCode": "2",
    "appliedDate": "05/17/2016",
    "clearDate": null,
    "companyNumber": "60",
    "namedInsured": "Martinez-ortega, J. Moises",
    "settleDate": "05/19/2016"
  },
  {
    "agencyCode": "26892",
    "cashItemId": "82715111",
    "policyId": "104630818455001",
    "version": "4",
    "entryDate": "05/17/2016",
    "amount": "95",
    "typeCode": "2",
    "appliedDate": "05/17/2016",
    "clearDate": null,
    "companyNumber": "63",
    "namedInsured": "Nolasco, Jose E Vargas",
    "settleDate": "05/19/2016"
  },
  {
    "agencyCode": "26892",
    "cashItemId": "82706234",
    "policyId": "104630977845001",
    "version": "3",
    "entryDate": "05/17/2016",
    "amount": "105",
    "typeCode": "2",
    "appliedDate": "05/17/2016",
    "clearDate": null,
    "companyNumber": "60",
    "namedInsured": "Piche Avila, Miriam Leticia",
    "settleDate": "05/19/2016"
  },
  {
    "agencyCode": "26892",
    "cashItemId": "82710279",
    "policyId": "104631119805001",
    "version": "2",
    "entryDate": "05/17/2016",
    "amount": "129.67",
    "typeCode": "2",
    "appliedDate": "05/17/2016",
    "clearDate": null,
    "companyNumber": "63",
    "namedInsured": "Lopez, Orlando Omar",
    "settleDate": "05/19/2016"
  },
  {
    "agencyCode": "26892",
    "cashItemId": "82680653",
    "policyId": "104600103221001",
    "version": "5",
    "entryDate": "05/16/2016",
    "amount": "114",
    "typeCode": "2",
    "appliedDate": "05/16/2016",
    "clearDate": null,
    "companyNumber": "60",
    "namedInsured": "RODRIGUES, FELIPE RESENDIZ",
    "settleDate": "05/18/2016"
  },
  {
    "agencyCode": "26892",
    "cashItemId": "82676617",
    "policyId": "104600506686001",
    "version": "4",
    "entryDate": "05/16/2016",
    "amount": "165",
    "typeCode": "2",
    "appliedDate": "05/16/2016",
    "clearDate": null,
    "companyNumber": "60",
    "namedInsured": "BOBADILLA, RAMON",
    "settleDate": "05/18/2016"
  },
  {
    "agencyCode": "26892",
    "cashItemId": "82688040",
    "policyId": "104601161297001",
    "version": "2",
    "entryDate": "05/16/2016",
    "amount": "64.71",
    "typeCode": "2",
    "appliedDate": "05/16/2016",
    "clearDate": null,
    "companyNumber": "60",
    "namedInsured": "Corona Velasquez, Rafael",
    "settleDate": "05/18/2016"
  },
  {
    "agencyCode": "26892",
    "cashItemId": "82687425",
    "policyId": "104630343132001",
    "version": "3",
    "entryDate": "05/16/2016",
    "amount": "241.82",
    "typeCode": "2",
    "appliedDate": "05/16/2016",
    "clearDate": null,
    "companyNumber": "60",
    "namedInsured": "Warren, Vernon Craig",
    "settleDate": "05/18/2016"
  },
  {
    "agencyCode": "26892",
    "cashItemId": "82675660",
    "policyId": "104630357030001",
    "version": "5",
    "entryDate": "05/16/2016",
    "amount": "162.38",
    "typeCode": "2",
    "appliedDate": "05/16/2016",
    "clearDate": null,
    "companyNumber": "63",
    "namedInsured": "Hernandez, Yolanda",
    "settleDate": "05/18/2016"
  },
  {
    "agencyCode": "26892",
    "cashItemId": "82676998",
    "policyId": "104630551296001",
    "version": "5",
    "entryDate": "05/16/2016",
    "amount": "114.07",
    "typeCode": "2",
    "appliedDate": "05/16/2016",
    "clearDate": null,
    "companyNumber": "63",
    "namedInsured": "MARTINEZ, ANA L",
    "settleDate": "05/18/2016"
  },
  {
    "agencyCode": "26892",
    "cashItemId": "82682913",
    "policyId": "104630593283001",
    "version": "4",
    "entryDate": "05/16/2016",
    "amount": "50.53",
    "typeCode": "2",
    "appliedDate": "05/16/2016",
    "clearDate": null,
    "companyNumber": "60",
    "namedInsured": "Gonzalez, Martin Martin",
    "settleDate": "05/18/2016"
  },
  {
    "agencyCode": "26892",
    "cashItemId": "82691523",
    "policyId": "104630962829001",
    "version": "3",
    "entryDate": "05/16/2016",
    "amount": "222.84",
    "typeCode": "2",
    "appliedDate": "05/16/2016",
    "clearDate": null,
    "companyNumber": "63",
    "namedInsured": "Gil, Lisbeth Damaris Barreto",
    "settleDate": "05/18/2016"
  },
  {
    "agencyCode": "26892",
    "cashItemId": "82688611",
    "policyId": "104631029279001",
    "version": "2",
    "entryDate": "05/16/2016",
    "amount": "161.04",
    "typeCode": "2",
    "appliedDate": "05/16/2016",
    "clearDate": null,
    "companyNumber": "63",
    "namedInsured": "Custodio Olmos, Juan Antonio",
    "settleDate": "05/18/2016"
  },
  {
    "agencyCode": "26892",
    "cashItemId": "82676563",
    "policyId": "104631340682001",
    "version": "1",
    "entryDate": "05/16/2016",
    "amount": "318.06",
    "typeCode": "2",
    "appliedDate": "05/16/2016",
    "clearDate": null,
    "companyNumber": "63",
    "namedInsured": "Recinos, Alexis",
    "settleDate": "05/18/2016"
  },
  {
    "agencyCode": "26892",
    "cashItemId": "82664263",
    "policyId": "104600788534001",
    "version": "4",
    "entryDate": "05/14/2016",
    "amount": "216.8",
    "typeCode": "2",
    "appliedDate": "05/14/2016",
    "clearDate": null,
    "companyNumber": "60",
    "namedInsured": "Bonilla, Delores Rene",
    "settleDate": "05/17/2016"
  },
  {
    "agencyCode": "26892",
    "cashItemId": "82664386",
    "policyId": "104601270619001",
    "version": "1",
    "entryDate": "05/14/2016",
    "amount": "47.96",
    "typeCode": "2",
    "appliedDate": "05/14/2016",
    "clearDate": null,
    "companyNumber": "60",
    "namedInsured": "Macias Cano, Eligio",
    "settleDate": "05/17/2016"
  },
  {
    "agencyCode": "26892",
    "cashItemId": "82657898",
    "policyId": "104630080674001",
    "version": "7",
    "entryDate": "05/14/2016",
    "amount": "49.28",
    "typeCode": "2",
    "appliedDate": "05/14/2016",
    "clearDate": null,
    "companyNumber": "60",
    "namedInsured": "Alvarez, Alejandra",
    "settleDate": "05/17/2016"
  },
  {
    "agencyCode": "26892",
    "cashItemId": "82662653",
    "policyId": "104630823497001",
    "version": "3",
    "entryDate": "05/14/2016",
    "amount": "178",
    "typeCode": "2",
    "appliedDate": "05/14/2016",
    "clearDate": null,
    "companyNumber": "63",
    "namedInsured": "Smith, Enevila Kiana",
    "settleDate": "05/17/2016"
  },
  {
    "agencyCode": "26892",
    "cashItemId": "82663227",
    "policyId": "104630933298001",
    "version": "3",
    "entryDate": "05/14/2016",
    "amount": "132",
    "typeCode": "2",
    "appliedDate": "05/14/2016",
    "clearDate": null,
    "companyNumber": "63",
    "namedInsured": "Martling, Jeffrey Michael",
    "settleDate": "05/17/2016"
  },
  {
    "agencyCode": "26892",
    "cashItemId": "82642568",
    "policyId": "104600534784001",
    "version": "6",
    "entryDate": "05/13/2016",
    "amount": "96",
    "typeCode": "2",
    "appliedDate": "05/13/2016",
    "clearDate": null,
    "companyNumber": "60",
    "namedInsured": "Madrigal, Hector Jimenez",
    "settleDate": "05/17/2016"
  },
  {
    "agencyCode": "26892",
    "cashItemId": "82636373",
    "policyId": "104601078093001",
    "version": "2",
    "entryDate": "05/13/2016",
    "amount": "162.8",
    "typeCode": "2",
    "appliedDate": "05/13/2016",
    "clearDate": null,
    "companyNumber": "60",
    "namedInsured": "Wadman, Justin Michael",
    "settleDate": "05/17/2016"
  },
  {
    "agencyCode": "26892",
    "cashItemId": "82640288",
    "policyId": "104601340250001",
    "version": "1",
    "entryDate": "05/13/2016",
    "amount": "209.72",
    "typeCode": "2",
    "appliedDate": "05/13/2016",
    "clearDate": null,
    "companyNumber": "60",
    "namedInsured": "Hernandez, Merni Esmeni",
    "settleDate": "05/17/2016"
  },
  {
    "agencyCode": "26892",
    "cashItemId": "82605187",
    "policyId": "104601339745001",
    "version": "1",
    "entryDate": "05/12/2016",
    "amount": "84.66",
    "typeCode": "2",
    "appliedDate": "05/12/2016",
    "clearDate": null,
    "companyNumber": "60",
    "namedInsured": "Villanueva Torres, Diana",
    "settleDate": "05/16/2016"
  },
  {
    "agencyCode": "26892",
    "cashItemId": "82605832",
    "policyId": "104601339767001",
    "version": "1",
    "entryDate": "05/12/2016",
    "amount": "90",
    "typeCode": "2",
    "appliedDate": "05/12/2016",
    "clearDate": null,
    "companyNumber": "60",
    "namedInsured": "Washington, Shirley Ann",
    "settleDate": "05/16/2016"
  },
  {
    "agencyCode": "26892",
    "cashItemId": "82611079",
    "policyId": "104630205496001",
    "version": "3",
    "entryDate": "05/12/2016",
    "amount": "111.13",
    "typeCode": "2",
    "appliedDate": "05/12/2016",
    "clearDate": null,
    "companyNumber": "60",
    "namedInsured": "Cuellar, Mirna Isabel",
    "settleDate": "05/16/2016"
  },
  {
    "agencyCode": "26892",
    "cashItemId": "82611688",
    "policyId": "104630995684001",
    "version": "3",
    "entryDate": "05/12/2016",
    "amount": "102.59",
    "typeCode": "2",
    "appliedDate": "05/12/2016",
    "clearDate": null,
    "companyNumber": "63",
    "namedInsured": "Lazo, Noemy Cecilia",
    "settleDate": "05/16/2016"
  },
  {
    "agencyCode": "26892",
    "cashItemId": "82606446",
    "policyId": "104631339789001",
    "version": "1",
    "entryDate": "05/12/2016",
    "amount": "356.46",
    "typeCode": "2",
    "appliedDate": "05/12/2016",
    "clearDate": null,
    "companyNumber": "63",
    "namedInsured": "Bailey, Dennis Earl",
    "settleDate": "05/16/2016"
  },
  {
    "agencyCode": "26892",
    "cashItemId": "82559744",
    "policyId": "104500005003001",
    "version": "3",
    "entryDate": "05/11/2016",
    "amount": "68.39",
    "typeCode": "2",
    "appliedDate": "05/11/2016",
    "clearDate": null,
    "companyNumber": "60",
    "namedInsured": "Moore, Larry Thomas",
    "settleDate": "05/13/2016"
  },
  {
    "agencyCode": "26892",
    "cashItemId": "82565801",
    "policyId": "104630512433001",
    "version": "4",
    "entryDate": "05/11/2016",
    "amount": "106.6",
    "typeCode": "2",
    "appliedDate": "05/11/2016",
    "clearDate": null,
    "companyNumber": "63",
    "namedInsured": "Mabry, Ben",
    "settleDate": "05/13/2016"
  },
  {
    "agencyCode": "26892",
    "cashItemId": "82565801",
    "policyId": "104630512433001",
    "version": "5",
    "entryDate": "05/11/2016",
    "amount": "206.72",
    "typeCode": "2",
    "appliedDate": "05/11/2016",
    "clearDate": null,
    "companyNumber": "63",
    "namedInsured": "Mabry, Ben",
    "settleDate": "05/13/2016"
  },
  {
    "agencyCode": "26892",
    "cashItemId": "82568002",
    "policyId": "104630547124001",
    "version": "4",
    "entryDate": "05/11/2016",
    "amount": "137.57",
    "typeCode": "2",
    "appliedDate": "05/11/2016",
    "clearDate": null,
    "companyNumber": "63",
    "namedInsured": "CUENCA, ANGELA ROSA    LARRAZABAL",
    "settleDate": "05/13/2016"
  },
  {
    "agencyCode": "26892",
    "cashItemId": "82568752",
    "policyId": "104631308499001",
    "version": "1",
    "entryDate": "05/11/2016",
    "amount": "55.41",
    "typeCode": "2",
    "appliedDate": "05/11/2016",
    "clearDate": null,
    "companyNumber": "63",
    "namedInsured": "Rodriguez-morales, Isaias",
    "settleDate": "05/13/2016"
  },
  {
    "agencyCode": "26892",
    "cashItemId": "82559548",
    "policyId": "104631339337001",
    "version": "1",
    "entryDate": "05/11/2016",
    "amount": "73.16",
    "typeCode": "2",
    "appliedDate": "05/11/2016",
    "clearDate": null,
    "companyNumber": "63",
    "namedInsured": "Nicolas, Francisco Sebastian",
    "settleDate": "05/13/2016"
  },
  {
    "agencyCode": "26892",
    "cashItemId": "82539216",
    "policyId": "104591839038001",
    "version": "5",
    "entryDate": "05/10/2016",
    "amount": "87",
    "typeCode": "2",
    "appliedDate": "05/10/2016",
    "clearDate": null,
    "companyNumber": "63",
    "namedInsured": "LOPEZ, CELIA ARTEAGA",
    "settleDate": "05/12/2016"
  },
  {
    "agencyCode": "26892",
    "cashItemId": "82539917",
    "policyId": "104601062930001",
    "version": "3",
    "entryDate": "05/10/2016",
    "amount": "51.98",
    "typeCode": "2",
    "appliedDate": "05/10/2016",
    "clearDate": null,
    "companyNumber": "60",
    "namedInsured": "Carlos, Brian Anthony",
    "settleDate": "05/12/2016"
  },
  {
    "agencyCode": "26892",
    "cashItemId": "82539822",
    "policyId": "104601114342001",
    "version": "2",
    "entryDate": "05/10/2016",
    "amount": "86.16",
    "typeCode": "2",
    "appliedDate": "05/10/2016",
    "clearDate": null,
    "companyNumber": "60",
    "namedInsured": "Osorio, Minor",
    "settleDate": "05/12/2016"
  },
  {
    "agencyCode": "26892",
    "cashItemId": "82543673",
    "policyId": "104601306518001",
    "version": "1",
    "entryDate": "05/10/2016",
    "amount": "67.16",
    "typeCode": "2",
    "appliedDate": "05/10/2016",
    "clearDate": null,
    "companyNumber": "60",
    "namedInsured": "Martinez, Lizete",
    "settleDate": "05/12/2016"
  },
  {
    "agencyCode": "26892",
    "cashItemId": "82536854",
    "policyId": "104630496893001",
    "version": "4",
    "entryDate": "05/10/2016",
    "amount": "81",
    "typeCode": "2",
    "appliedDate": "05/10/2016",
    "clearDate": null,
    "companyNumber": "60",
    "namedInsured": "Actual Saldana, Mayra",
    "settleDate": "05/12/2016"
  },
  {
    "agencyCode": "26892",
    "cashItemId": "82535065",
    "policyId": "104630785882001",
    "version": "4",
    "entryDate": "05/10/2016",
    "amount": "261.85",
    "typeCode": "2",
    "appliedDate": "05/10/2016",
    "clearDate": null,
    "companyNumber": "63",
    "namedInsured": "Robertson, Selena",
    "settleDate": "05/12/2016"
  },
  {
    "agencyCode": "26892",
    "cashItemId": "82537981",
    "policyId": "104630897005001",
    "version": "4",
    "entryDate": "05/10/2016",
    "amount": "200",
    "typeCode": "2",
    "appliedDate": "05/10/2016",
    "clearDate": null,
    "companyNumber": "63",
    "namedInsured": "SHEPHERD, PATRICK VICTOR",
    "settleDate": "05/12/2016"
  },
  {
    "agencyCode": "26892",
    "cashItemId": "82543891",
    "policyId": "104631137245001",
    "version": "3",
    "entryDate": "05/10/2016",
    "amount": "110",
    "typeCode": "2",
    "appliedDate": "05/10/2016",
    "clearDate": null,
    "companyNumber": "63",
    "namedInsured": "Urias Vasquez, Santos Antonio",
    "settleDate": "05/12/2016"
  },
  {
    "agencyCode": "26892",
    "cashItemId": "82504622",
    "policyId": "104600790047001",
    "version": "3",
    "entryDate": "05/09/2016",
    "amount": "3.44",
    "typeCode": "2",
    "appliedDate": "05/09/2016",
    "clearDate": null,
    "companyNumber": "60",
    "namedInsured": "Moghaddam, Ahmad M",
    "settleDate": "05/11/2016"
  },
  {
    "agencyCode": "26892",
    "cashItemId": "82504622",
    "policyId": "104600790047001",
    "version": "4",
    "entryDate": "05/09/2016",
    "amount": "1190.56",
    "typeCode": "2",
    "appliedDate": "05/09/2016",
    "clearDate": null,
    "companyNumber": "60",
    "namedInsured": "Moghaddam, Ahmad M",
    "settleDate": "05/11/2016"
  },
  {
    "agencyCode": "26892",
    "cashItemId": "82513132",
    "policyId": "104601024508001",
    "version": "2",
    "entryDate": "05/09/2016",
    "amount": "49.8",
    "typeCode": "2",
    "appliedDate": "05/09/2016",
    "clearDate": null,
    "companyNumber": "60",
    "namedInsured": "Navia, Jose",
    "settleDate": "05/11/2016"
  },
  {
    "agencyCode": "26892",
    "cashItemId": "82517035",
    "policyId": "104601330657001",
    "version": "1",
    "entryDate": "05/09/2016",
    "amount": "49",
    "typeCode": "2",
    "appliedDate": "05/09/2016",
    "clearDate": null,
    "companyNumber": "60",
    "namedInsured": "Ziga Vielma, Moises",
    "settleDate": "05/11/2016"
  },
  {
    "agencyCode": "26892",
    "cashItemId": "82517553",
    "policyId": "104631318957001",
    "version": "1",
    "entryDate": "05/09/2016",
    "amount": "166.17",
    "typeCode": "2",
    "appliedDate": "05/09/2016",
    "clearDate": null,
    "companyNumber": "63",
    "namedInsured": "Herod, Lashawn Denise",
    "settleDate": "05/11/2016"
  },
  {
    "agencyCode": "26892",
    "cashItemId": "82458319",
    "policyId": "104601080129001",
    "version": "2",
    "entryDate": "05/06/2016",
    "amount": "110.6",
    "typeCode": "2",
    "appliedDate": "05/06/2016",
    "clearDate": null,
    "companyNumber": "60",
    "namedInsured": "Pratts, Jaime",
    "settleDate": "05/10/2016"
  },
  {
    "agencyCode": "26892",
    "cashItemId": "82469178",
    "policyId": "104601317523001",
    "version": "1",
    "entryDate": "05/06/2016",
    "amount": "87",
    "typeCode": "2",
    "appliedDate": "05/06/2016",
    "clearDate": null,
    "companyNumber": "60",
    "namedInsured": "Sanchez Padilla, Fernando",
    "settleDate": "05/10/2016"
  },
  {
    "agencyCode": "26892",
    "cashItemId": "82467982",
    "policyId": "104630892183001",
    "version": "3",
    "entryDate": "05/06/2016",
    "amount": "203.36",
    "typeCode": "2",
    "appliedDate": "05/06/2016",
    "clearDate": null,
    "companyNumber": "63",
    "namedInsured": "Bustos, Alejandro",
    "settleDate": "05/10/2016"
  },
  {
    "agencyCode": "26892",
    "cashItemId": "82430686",
    "policyId": "104630439079001",
    "version": "4",
    "entryDate": "05/05/2016",
    "amount": "34",
    "typeCode": "2",
    "appliedDate": "05/05/2016",
    "clearDate": null,
    "companyNumber": "60",
    "namedInsured": "Gooden, Rochelle A",
    "settleDate": "05/09/2016"
  },
  {
    "agencyCode": "26892",
    "cashItemId": "82380162",
    "policyId": "104600633939001",
    "version": "4",
    "entryDate": "05/04/2016",
    "amount": "111",
    "typeCode": "2",
    "appliedDate": "05/04/2016",
    "clearDate": null,
    "companyNumber": "60",
    "namedInsured": "Munozgonzalez, Rafael",
    "settleDate": "05/06/2016"
  },
  {
    "agencyCode": "26892",
    "cashItemId": "82379804",
    "policyId": "104630440393001",
    "version": "4",
    "entryDate": "05/04/2016",
    "amount": "375",
    "typeCode": "2",
    "appliedDate": "05/04/2016",
    "clearDate": null,
    "companyNumber": "63",
    "namedInsured": "Floresmartinez, Flora",
    "settleDate": "05/06/2016"
  },
  {
    "agencyCode": "26892",
    "cashItemId": "82357409",
    "policyId": "104600340021001",
    "version": "5",
    "entryDate": "05/03/2016",
    "amount": "117.91",
    "typeCode": "2",
    "appliedDate": "05/03/2016",
    "clearDate": null,
    "companyNumber": "60",
    "namedInsured": "Gomez Ramos, Julio Antonio",
    "settleDate": "05/05/2016"
  },
  {
    "agencyCode": "26892",
    "cashItemId": "82353604",
    "policyId": "104600932385001",
    "version": "4",
    "entryDate": "05/03/2016",
    "amount": "67",
    "typeCode": "2",
    "appliedDate": "05/03/2016",
    "clearDate": null,
    "companyNumber": "63",
    "namedInsured": "Melchor Sanchez, Jose Juan",
    "settleDate": "05/05/2016"
  },
  {
    "agencyCode": "26892",
    "cashItemId": "82363604",
    "policyId": "104601039639001",
    "version": "4",
    "entryDate": "05/03/2016",
    "amount": "8.27",
    "typeCode": "2",
    "appliedDate": "05/03/2016",
    "clearDate": null,
    "companyNumber": "63",
    "namedInsured": "Wilson, Brandi Noel",
    "settleDate": "05/05/2016"
  },
  {
    "agencyCode": "26892",
    "cashItemId": "82363604",
    "policyId": "104601039639001",
    "version": "5",
    "entryDate": "05/03/2016",
    "amount": "179.29",
    "typeCode": "2",
    "appliedDate": "05/03/2016",
    "clearDate": null,
    "companyNumber": "63",
    "namedInsured": "Wilson, Brandi Noel",
    "settleDate": "05/05/2016"
  },
  {
    "agencyCode": "26892",
    "cashItemId": "82361603",
    "policyId": "104630567992001",
    "version": "7",
    "entryDate": "05/03/2016",
    "amount": "477.63",
    "typeCode": "2",
    "appliedDate": "05/03/2016",
    "clearDate": null,
    "companyNumber": "60",
    "namedInsured": "Solares, Jose Miguel",
    "settleDate": "05/05/2016"
  },
  {
    "agencyCode": "26892",
    "cashItemId": "82353772",
    "policyId": "104631012465001",
    "version": "2",
    "entryDate": "05/03/2016",
    "amount": "115.51",
    "typeCode": "2",
    "appliedDate": "05/03/2016",
    "clearDate": null,
    "companyNumber": "63",
    "namedInsured": "Pitts, Stephen Gregory",
    "settleDate": "05/05/2016"
  },
  {
    "agencyCode": "26892",
    "cashItemId": "82334890",
    "policyId": "104601220101001",
    "version": "1",
    "entryDate": "05/02/2016",
    "amount": "109",
    "typeCode": "2",
    "appliedDate": "05/02/2016",
    "clearDate": null,
    "companyNumber": "60",
    "namedInsured": "Perobal Canu, Demetrio",
    "settleDate": "05/04/2016"
  },
  {
    "agencyCode": "26892",
    "cashItemId": "82319273",
    "policyId": "104630525917001",
    "version": "5",
    "entryDate": "05/02/2016",
    "amount": "63.27",
    "typeCode": "2",
    "appliedDate": "05/02/2016",
    "clearDate": null,
    "companyNumber": "63",
    "namedInsured": "ORTIZ, ALEJANDRO",
    "settleDate": "05/04/2016"
  },
  {
    "agencyCode": "26892",
    "cashItemId": "82307367",
    "policyId": "104630268042001",
    "version": "5",
    "entryDate": "04/30/2016",
    "amount": "64",
    "typeCode": "2",
    "appliedDate": "04/30/2016",
    "clearDate": null,
    "companyNumber": "63",
    "namedInsured": "Pena Perea, Juan Ramon",
    "settleDate": "05/03/2016"
  },
  {
    "agencyCode": "26892",
    "cashItemId": "82292258",
    "policyId": "104600134298001",
    "version": "4",
    "entryDate": "04/29/2016",
    "amount": "119.49",
    "typeCode": "2",
    "appliedDate": "04/29/2016",
    "clearDate": null,
    "companyNumber": "60",
    "namedInsured": "Samayoa, Cristina Marjoriet",
    "settleDate": "05/03/2016"
  },
  {
    "agencyCode": "26892",
    "cashItemId": "82282900",
    "policyId": "104601131939001",
    "version": "2",
    "entryDate": "04/29/2016",
    "amount": "59.25",
    "typeCode": "2",
    "appliedDate": "04/29/2016",
    "clearDate": null,
    "companyNumber": "60",
    "namedInsured": "Garcia, Irma",
    "settleDate": "05/03/2016"
  },
  {
    "agencyCode": "26892",
    "cashItemId": "82289585",
    "policyId": "104630713346001",
    "version": "4",
    "entryDate": "04/29/2016",
    "amount": "171.85",
    "typeCode": "2",
    "appliedDate": "04/29/2016",
    "clearDate": null,
    "companyNumber": "63",
    "namedInsured": "Marshall, Sharon",
    "settleDate": "05/03/2016"
  },
  {
    "agencyCode": "26892",
    "cashItemId": "82286367",
    "policyId": "104630956889001",
    "version": "3",
    "entryDate": "04/29/2016",
    "amount": "210.01",
    "typeCode": "2",
    "appliedDate": "04/29/2016",
    "clearDate": null,
    "companyNumber": "63",
    "namedInsured": "Villafana, Guadalupe",
    "settleDate": "05/03/2016"
  },
  {
    "agencyCode": "26892",
    "cashItemId": "82257867",
    "policyId": "104600647269001",
    "version": "6",
    "entryDate": "04/28/2016",
    "amount": "123",
    "typeCode": "2",
    "appliedDate": "04/28/2016",
    "clearDate": null,
    "companyNumber": "60",
    "namedInsured": "Virgil, Otis Leon",
    "settleDate": "05/02/2016"
  },
  {
    "agencyCode": "26892",
    "cashItemId": "82261895",
    "policyId": "104650174418001",
    "version": "4",
    "entryDate": "04/28/2016",
    "amount": "56.15",
    "typeCode": "2",
    "appliedDate": "04/28/2016",
    "clearDate": null,
    "companyNumber": "60",
    "namedInsured": "RODRIGUEZ, CESAR P",
    "settleDate": "05/02/2016"
  },
  {
    "agencyCode": "26892",
    "cashItemId": "82207360",
    "policyId": "104630895916001",
    "version": "3",
    "entryDate": "04/27/2016",
    "amount": "109.16",
    "typeCode": "2",
    "appliedDate": "04/27/2016",
    "clearDate": null,
    "companyNumber": "63",
    "namedInsured": "Pinto, Salvador Flores",
    "settleDate": "04/29/2016"
  },
  {
    "agencyCode": "26892",
    "cashItemId": "82184597",
    "policyId": "104600103221001",
    "version": "5",
    "entryDate": "04/26/2016",
    "amount": "114",
    "typeCode": "2",
    "appliedDate": "04/26/2016",
    "clearDate": null,
    "companyNumber": "60",
    "namedInsured": "RODRIGUES, FELIPE RESENDIZ",
    "settleDate": "04/28/2016"
  },
  {
    "agencyCode": "26892",
    "cashItemId": "82183781",
    "policyId": "104600320850001",
    "version": "5",
    "entryDate": "04/26/2016",
    "amount": "86.47",
    "typeCode": "2",
    "appliedDate": "04/26/2016",
    "clearDate": null,
    "companyNumber": "60",
    "namedInsured": "SANCHEZ, MARTIN BAUTISTA",
    "settleDate": "04/28/2016"
  },
  {
    "agencyCode": "26892",
    "cashItemId": "82192930",
    "policyId": "104600850243001",
    "version": "3",
    "entryDate": "04/26/2016",
    "amount": "44",
    "typeCode": "2",
    "appliedDate": "04/26/2016",
    "clearDate": null,
    "companyNumber": "60",
    "namedInsured": "Gaytan, Carlos Rea",
    "settleDate": "04/28/2016"
  },
  {
    "agencyCode": "26892",
    "cashItemId": "82193402",
    "policyId": "104630829904001",
    "version": "3",
    "entryDate": "04/26/2016",
    "amount": "198",
    "typeCode": "2",
    "appliedDate": "04/26/2016",
    "clearDate": null,
    "companyNumber": "63",
    "namedInsured": "Calvillo, Ernesto",
    "settleDate": "04/28/2016"
  },
  {
    "agencyCode": "26892",
    "cashItemId": "82189128",
    "policyId": "104630849779001",
    "version": "3",
    "entryDate": "04/26/2016",
    "amount": "79.07",
    "typeCode": "2",
    "appliedDate": "04/26/2016",
    "clearDate": null,
    "companyNumber": "63",
    "namedInsured": "Rodriguez, Jose Salvador",
    "settleDate": "04/28/2016"
  },
  {
    "agencyCode": "26892",
    "cashItemId": "82158056",
    "policyId": "104489007414001",
    "version": "2",
    "entryDate": "04/25/2016",
    "amount": "50.52",
    "typeCode": "2",
    "appliedDate": "04/25/2016",
    "clearDate": null,
    "companyNumber": "60",
    "namedInsured": "Delgado Villalobos, Jose Manuel",
    "settleDate": "04/27/2016"
  },
  {
    "agencyCode": "26892",
    "cashItemId": "82157240",
    "policyId": "104591839038001",
    "version": "4",
    "entryDate": "04/25/2016",
    "amount": "38",
    "typeCode": "2",
    "appliedDate": "04/25/2016",
    "clearDate": null,
    "companyNumber": "63",
    "namedInsured": "LOPEZ, CELIA ARTEAGA",
    "settleDate": "04/27/2016"
  },
  {
    "agencyCode": "26892",
    "cashItemId": "82155952",
    "policyId": "104600168893001",
    "version": "5",
    "entryDate": "04/25/2016",
    "amount": "168",
    "typeCode": "2",
    "appliedDate": "04/25/2016",
    "clearDate": null,
    "companyNumber": "60",
    "namedInsured": "Cambre, Darren",
    "settleDate": "04/27/2016"
  },
  {
    "agencyCode": "26892",
    "cashItemId": "82164948",
    "policyId": "104600874280001",
    "version": "3",
    "entryDate": "04/25/2016",
    "amount": "180.08",
    "typeCode": "2",
    "appliedDate": "04/25/2016",
    "clearDate": null,
    "companyNumber": "60",
    "namedInsured": "Carmona, Mia Deandra",
    "settleDate": "04/27/2016"
  },
  {
    "agencyCode": "26892",
    "cashItemId": "82154385",
    "policyId": "104601233259001",
    "version": "1",
    "entryDate": "04/25/2016",
    "amount": "76.02",
    "typeCode": "2",
    "appliedDate": "04/25/2016",
    "clearDate": null,
    "companyNumber": "60",
    "namedInsured": "Macario, Alfredo Lopez",
    "settleDate": "04/27/2016"
  },
  {
    "agencyCode": "26892",
    "cashItemId": "82166179",
    "policyId": "104630103770001",
    "version": "3",
    "entryDate": "04/25/2016",
    "amount": "65.88",
    "typeCode": "2",
    "appliedDate": "04/25/2016",
    "clearDate": null,
    "companyNumber": "63",
    "namedInsured": "Colbourne, Melissa",
    "settleDate": "04/27/2016"
  },
  {
    "agencyCode": "26892",
    "cashItemId": "82158684",
    "policyId": "104630623660001",
    "version": "4",
    "entryDate": "04/25/2016",
    "amount": "130",
    "typeCode": "2",
    "appliedDate": "04/25/2016",
    "clearDate": null,
    "companyNumber": "63",
    "namedInsured": "ROMERO, NORMA SANCHEZ",
    "settleDate": "04/27/2016"
  },
  {
    "agencyCode": "26892",
    "cashItemId": "82168765",
    "policyId": "104631018457001",
    "version": "3",
    "entryDate": "04/25/2016",
    "amount": "0.83",
    "typeCode": "2",
    "appliedDate": "04/25/2016",
    "clearDate": null,
    "companyNumber": "63",
    "namedInsured": "Martinez, Wilfredo A",
    "settleDate": "04/27/2016"
  },
  {
    "agencyCode": "26892",
    "cashItemId": "82084507",
    "policyId": "104600962863001",
    "version": "3",
    "entryDate": "04/23/2016",
    "amount": "60.58",
    "typeCode": "2",
    "appliedDate": "04/23/2016",
    "clearDate": null,
    "companyNumber": "60",
    "namedInsured": "Mccorvey, Isaac Lonzo",
    "settleDate": "04/26/2016"
  },
  {
    "agencyCode": "26892",
    "cashItemId": "82073177",
    "policyId": "104630900768001",
    "version": "4",
    "entryDate": "04/23/2016",
    "amount": "89.25",
    "typeCode": "2",
    "appliedDate": "04/23/2016",
    "clearDate": null,
    "companyNumber": "63",
    "namedInsured": "Magana-godinez, Miguel Angel",
    "settleDate": "04/26/2016"
  },
  {
    "agencyCode": "26892",
    "cashItemId": "82018511",
    "policyId": "104600166866001",
    "version": "11",
    "entryDate": "04/22/2016",
    "amount": "2.08",
    "typeCode": "2",
    "appliedDate": "04/22/2016",
    "clearDate": null,
    "companyNumber": "60",
    "namedInsured": "Mcnack, Wandasha Ann",
    "settleDate": "04/26/2016"
  },
  {
    "agencyCode": "26892",
    "cashItemId": "82018511",
    "policyId": "104600166866001",
    "version": "12",
    "entryDate": "04/22/2016",
    "amount": "116.56",
    "typeCode": "2",
    "appliedDate": "04/22/2016",
    "clearDate": null,
    "companyNumber": "60",
    "namedInsured": "Mcnack, Wandasha Ann",
    "settleDate": "04/26/2016"
  },
  {
    "agencyCode": "26892",
    "cashItemId": "82021966",
    "policyId": "104601104573001",
    "version": "2",
    "entryDate": "04/22/2016",
    "amount": "255",
    "typeCode": "2",
    "appliedDate": "04/22/2016",
    "clearDate": null,
    "companyNumber": "60",
    "namedInsured": "Moreno, Jessica Jacklyn",
    "settleDate": "04/26/2016"
  },
  {
    "agencyCode": "26892",
    "cashItemId": "82029629",
    "policyId": "104630515958001",
    "version": "4",
    "entryDate": "04/22/2016",
    "amount": "53",
    "typeCode": "2",
    "appliedDate": "04/22/2016",
    "clearDate": null,
    "companyNumber": "63",
    "namedInsured": "Trinidad-flores, Juan De La",
    "settleDate": "04/26/2016"
  },
  {
    "agencyCode": "26892",
    "cashItemId": "82017595",
    "policyId": "104630631561001",
    "version": "4",
    "entryDate": "04/22/2016",
    "amount": "105.28",
    "typeCode": "2",
    "appliedDate": "04/22/2016",
    "clearDate": null,
    "companyNumber": "63",
    "namedInsured": "ALVAREZ, GLADYS OLINDA",
    "settleDate": "04/26/2016"
  },
  {
    "agencyCode": "26892",
    "cashItemId": "82029440",
    "policyId": "104631270610001",
    "version": "1",
    "entryDate": "04/22/2016",
    "amount": "123.65",
    "typeCode": "2",
    "appliedDate": "04/22/2016",
    "clearDate": null,
    "companyNumber": "63",
    "namedInsured": "Portero, Danilo",
    "settleDate": "04/26/2016"
  },
  {
    "agencyCode": "26892",
    "cashItemId": "81993851",
    "policyId": "104600403597001",
    "version": "4",
    "entryDate": "04/21/2016",
    "amount": "107",
    "typeCode": "2",
    "appliedDate": "04/21/2016",
    "clearDate": null,
    "companyNumber": "60",
    "namedInsured": "MORAGA, CHRISTINA",
    "settleDate": "04/25/2016"
  },
  {
    "agencyCode": "26892",
    "cashItemId": "81994536",
    "policyId": "104600655239001",
    "version": "4",
    "entryDate": "04/21/2016",
    "amount": "518.87",
    "typeCode": "2",
    "appliedDate": "04/21/2016",
    "clearDate": null,
    "companyNumber": "60",
    "namedInsured": "GARCIA, TUPAC",
    "settleDate": "04/25/2016"
  },
  {
    "agencyCode": "26892",
    "cashItemId": "81996474",
    "policyId": "104630307250001",
    "version": "4",
    "entryDate": "04/21/2016",
    "amount": "54.71",
    "typeCode": "2",
    "appliedDate": "04/21/2016",
    "clearDate": null,
    "companyNumber": "63",
    "namedInsured": "SAMUELS, THOMAS K",
    "settleDate": "04/25/2016"
  },
  {
    "agencyCode": "26892",
    "cashItemId": "81993781",
    "policyId": "104630551296001",
    "version": "5",
    "entryDate": "04/21/2016",
    "amount": "115",
    "typeCode": "2",
    "appliedDate": "04/21/2016",
    "clearDate": null,
    "companyNumber": "63",
    "namedInsured": "MARTINEZ, ANA L",
    "settleDate": "04/25/2016"
  },
  {
    "agencyCode": "26892",
    "cashItemId": "82001141",
    "policyId": "104630841829001",
    "version": "3",
    "entryDate": "04/21/2016",
    "amount": "76.58",
    "typeCode": "2",
    "appliedDate": "04/21/2016",
    "clearDate": null,
    "companyNumber": "63",
    "namedInsured": "Clark, Vivian",
    "settleDate": "04/25/2016"
  },
  {
    "agencyCode": "26892",
    "cashItemId": "81995737",
    "policyId": "104630982073001",
    "version": "2",
    "entryDate": "04/21/2016",
    "amount": "121.18",
    "typeCode": "2",
    "appliedDate": "04/21/2016",
    "clearDate": null,
    "companyNumber": "63",
    "namedInsured": "White, Natashia Ledeace",
    "settleDate": "04/25/2016"
  },
  {
    "agencyCode": "26892",
    "cashItemId": "81996668",
    "policyId": "104631030954001",
    "version": "2",
    "entryDate": "04/21/2016",
    "amount": "96.06",
    "typeCode": "2",
    "appliedDate": "04/21/2016",
    "clearDate": null,
    "companyNumber": "63",
    "namedInsured": "Juarez-morales, Eriberto",
    "settleDate": "04/25/2016"
  },
  {
    "agencyCode": "26892",
    "cashItemId": "81958159",
    "policyId": "104600550982001",
    "version": "4",
    "entryDate": "04/20/2016",
    "amount": "83.4",
    "typeCode": "2",
    "appliedDate": "04/20/2016",
    "clearDate": null,
    "companyNumber": "60",
    "namedInsured": "JUAREZ ARAGON, JUAN A",
    "settleDate": "04/22/2016"
  },
  {
    "agencyCode": "26892",
    "cashItemId": "81956311",
    "policyId": "104600633939001",
    "version": "3",
    "entryDate": "04/20/2016",
    "amount": "98.16",
    "typeCode": "2",
    "appliedDate": "04/20/2016",
    "clearDate": null,
    "companyNumber": "60",
    "namedInsured": "Munozgonzalez, Rafael",
    "settleDate": "04/22/2016"
  },
  {
    "agencyCode": "26892",
    "cashItemId": "81956977",
    "policyId": "104630453494001",
    "version": "4",
    "entryDate": "04/20/2016",
    "amount": "102",
    "typeCode": "2",
    "appliedDate": "04/20/2016",
    "clearDate": null,
    "companyNumber": "63",
    "namedInsured": "Salas, Juan Carlos",
    "settleDate": "04/22/2016"
  },
  {
    "agencyCode": "26892",
    "cashItemId": "81945255",
    "policyId": "104630517519001",
    "version": "4",
    "entryDate": "04/20/2016",
    "amount": "156.78",
    "typeCode": "2",
    "appliedDate": "04/20/2016",
    "clearDate": null,
    "companyNumber": "63",
    "namedInsured": "Strong, Shaun Douglas",
    "settleDate": "04/22/2016"
  },
  {
    "agencyCode": "26892",
    "cashItemId": "81955001",
    "policyId": "104630688053001",
    "version": "2",
    "entryDate": "04/20/2016",
    "amount": "45.43",
    "typeCode": "2",
    "appliedDate": "04/20/2016",
    "clearDate": null,
    "companyNumber": "63",
    "namedInsured": "Mejia, Ana Dora Ortiz",
    "settleDate": "04/22/2016"
  },
  {
    "agencyCode": "26892",
    "cashItemId": "81934494",
    "policyId": "104600131627001",
    "version": "5",
    "entryDate": "04/19/2016",
    "amount": "99",
    "typeCode": "2",
    "appliedDate": "04/19/2016",
    "clearDate": null,
    "companyNumber": "60",
    "namedInsured": "GARCIA CASTRO, RICARDO MANUEL",
    "settleDate": "04/21/2016"
  },
  {
    "agencyCode": "26892",
    "cashItemId": "81928802",
    "policyId": "104600506686001",
    "version": "4",
    "entryDate": "04/19/2016",
    "amount": "159",
    "typeCode": "2",
    "appliedDate": "04/19/2016",
    "clearDate": null,
    "companyNumber": "60",
    "namedInsured": "BOBADILLA, RAMON",
    "settleDate": "04/21/2016"
  },
  {
    "agencyCode": "26892",
    "cashItemId": "81930015",
    "policyId": "104601078093001",
    "version": "2",
    "entryDate": "04/19/2016",
    "amount": "162.8",
    "typeCode": "2",
    "appliedDate": "04/19/2016",
    "clearDate": null,
    "companyNumber": "60",
    "namedInsured": "Wadman, Justin Michael",
    "settleDate": "04/21/2016"
  },
  {
    "agencyCode": "26892",
    "cashItemId": "81930530",
    "policyId": "104601161297001",
    "version": "2",
    "entryDate": "04/19/2016",
    "amount": "77",
    "typeCode": "2",
    "appliedDate": "04/19/2016",
    "clearDate": null,
    "companyNumber": "60",
    "namedInsured": "Corona Velasquez, Rafael",
    "settleDate": "04/21/2016"
  },
  {
    "agencyCode": "26892",
    "cashItemId": "81933977",
    "policyId": "104601283816001",
    "version": "1",
    "entryDate": "04/19/2016",
    "amount": "49",
    "typeCode": "2",
    "appliedDate": "04/19/2016",
    "clearDate": null,
    "companyNumber": "60",
    "namedInsured": "Brazile, Lorsicy Marie",
    "settleDate": "04/21/2016"
  },
  {
    "agencyCode": "26892",
    "cashItemId": "81934631",
    "policyId": "104630408781001",
    "version": "4",
    "entryDate": "04/19/2016",
    "amount": "103.89",
    "typeCode": "2",
    "appliedDate": "04/19/2016",
    "clearDate": null,
    "companyNumber": "63",
    "namedInsured": "GUSTAVIS, SHARON DENISE",
    "settleDate": "04/21/2016"
  },
  {
    "agencyCode": "26892",
    "cashItemId": "81934582",
    "policyId": "104630547124001",
    "version": "4",
    "entryDate": "04/19/2016",
    "amount": "112.51",
    "typeCode": "2",
    "appliedDate": "04/19/2016",
    "clearDate": null,
    "companyNumber": "63",
    "namedInsured": "CUENCA, ANGELA ROSA    LARRAZABAL",
    "settleDate": "04/21/2016"
  },
  {
    "agencyCode": "26892",
    "cashItemId": "81933311",
    "policyId": "104630602203001",
    "version": "5",
    "entryDate": "04/19/2016",
    "amount": "149.63",
    "typeCode": "2",
    "appliedDate": "04/19/2016",
    "clearDate": null,
    "companyNumber": "60",
    "namedInsured": "Cortez, Irma Victoria",
    "settleDate": "04/21/2016"
  },
  {
    "agencyCode": "26892",
    "cashItemId": "81927592",
    "policyId": "104640221422001",
    "version": "5",
    "entryDate": "04/19/2016",
    "amount": "120",
    "typeCode": "2",
    "appliedDate": "04/19/2016",
    "clearDate": null,
    "companyNumber": "60",
    "namedInsured": "Raymundo, Maria G",
    "settleDate": "04/21/2016"
  },
  {
    "agencyCode": "26892",
    "cashItemId": "81896789",
    "policyId": "104600508851001",
    "version": "4",
    "entryDate": "04/18/2016",
    "amount": "36.62",
    "typeCode": "2",
    "appliedDate": "04/18/2016",
    "clearDate": null,
    "companyNumber": "60",
    "namedInsured": "HERNANDEZ, ANGEL CUSTODIO",
    "settleDate": "04/20/2016"
  },
  {
    "agencyCode": "26892",
    "cashItemId": "81895937",
    "policyId": "104600966766001",
    "version": "3",
    "entryDate": "04/18/2016",
    "amount": "90",
    "typeCode": "2",
    "appliedDate": "04/18/2016",
    "clearDate": null,
    "companyNumber": "60",
    "namedInsured": "Mendoza-Arteaga, Bertha Alicia",
    "settleDate": "04/20/2016"
  },
  {
    "agencyCode": "26892",
    "cashItemId": "81894244",
    "policyId": "104600967797001",
    "version": "3",
    "entryDate": "04/18/2016",
    "amount": "63.67",
    "typeCode": "2",
    "appliedDate": "04/18/2016",
    "clearDate": null,
    "companyNumber": "60",
    "namedInsured": "Ayon-godinez, Consuelo Guadalupe",
    "settleDate": "04/20/2016"
  },
  {
    "agencyCode": "26892",
    "cashItemId": "81893798",
    "policyId": "104630080674001",
    "version": "7",
    "entryDate": "04/18/2016",
    "amount": "49",
    "typeCode": "2",
    "appliedDate": "04/18/2016",
    "clearDate": null,
    "companyNumber": "60",
    "namedInsured": "Alvarez, Alejandra",
    "settleDate": "04/20/2016"
  },
  {
    "agencyCode": "26892",
    "cashItemId": "81893085",
    "policyId": "104630818455001",
    "version": "4",
    "entryDate": "04/18/2016",
    "amount": "113.32",
    "typeCode": "2",
    "appliedDate": "04/18/2016",
    "clearDate": null,
    "companyNumber": "63",
    "namedInsured": "Nolasco, Jose E Vargas",
    "settleDate": "04/20/2016"
  },
  {
    "agencyCode": "26892",
    "cashItemId": "81907673",
    "policyId": "104630933298001",
    "version": "3",
    "entryDate": "04/18/2016",
    "amount": "131.41",
    "typeCode": "2",
    "appliedDate": "04/18/2016",
    "clearDate": null,
    "companyNumber": "63",
    "namedInsured": "Martling, Jeffrey Michael",
    "settleDate": "04/20/2016"
  },
  {
    "agencyCode": "26892",
    "cashItemId": "81898567",
    "policyId": "104631268981001",
    "version": "2",
    "entryDate": "04/18/2016",
    "amount": "95",
    "typeCode": "2",
    "appliedDate": "04/18/2016",
    "clearDate": null,
    "companyNumber": "63",
    "namedInsured": "Avery, Brannan Sedrick",
    "settleDate": "04/20/2016"
  },
  {
    "agencyCode": "26892",
    "cashItemId": "81876605",
    "policyId": "104595323881001",
    "version": "4",
    "entryDate": "04/16/2016",
    "amount": "53",
    "typeCode": "2",
    "appliedDate": "04/16/2016",
    "clearDate": null,
    "companyNumber": "60",
    "namedInsured": "MORGANELLI, SANDRA JEAN",
    "settleDate": "04/19/2016"
  },
  {
    "agencyCode": "26892",
    "cashItemId": "81881669",
    "policyId": "104600769170001",
    "version": "4",
    "entryDate": "04/16/2016",
    "amount": "147.06",
    "typeCode": "2",
    "appliedDate": "04/16/2016",
    "clearDate": null,
    "companyNumber": "60",
    "namedInsured": "Aguillon-carbajal, Joel Lorenzo",
    "settleDate": "04/19/2016"
  },
  {
    "agencyCode": "26892",
    "cashItemId": "81878796",
    "policyId": "104600788534001",
    "version": "3",
    "entryDate": "04/16/2016",
    "amount": "170.43",
    "typeCode": "2",
    "appliedDate": "04/16/2016",
    "clearDate": null,
    "companyNumber": "60",
    "namedInsured": "Bonilla, Delores Rene",
    "settleDate": "04/19/2016"
  },
  {
    "agencyCode": "26892",
    "cashItemId": "81881658",
    "policyId": "104601000700001",
    "version": "2",
    "entryDate": "04/16/2016",
    "amount": "100",
    "typeCode": "2",
    "appliedDate": "04/16/2016",
    "clearDate": null,
    "companyNumber": "60",
    "namedInsured": "Kelly, Ray Bernard",
    "settleDate": "04/19/2016"
  },
  {
    "agencyCode": "26892",
    "cashItemId": "81881700",
    "policyId": "104601332599001",
    "version": "1",
    "entryDate": "04/16/2016",
    "amount": "112.56",
    "typeCode": "2",
    "appliedDate": "04/16/2016",
    "clearDate": null,
    "companyNumber": "60",
    "namedInsured": "Harris, Le Shrawnda Z",
    "settleDate": "04/19/2016"
  },
  {
    "agencyCode": "26892",
    "cashItemId": "81876094",
    "policyId": "104630112353001",
    "version": "4",
    "entryDate": "04/16/2016",
    "amount": "70.25",
    "typeCode": "2",
    "appliedDate": "04/16/2016",
    "clearDate": null,
    "companyNumber": "63",
    "namedInsured": "Gomez Saenz, Felipe Misael",
    "settleDate": "04/19/2016"
  },
  {
    "agencyCode": "26892",
    "cashItemId": "81881974",
    "policyId": "104630357030001",
    "version": "4",
    "entryDate": "04/16/2016",
    "amount": "139.94",
    "typeCode": "2",
    "appliedDate": "04/16/2016",
    "clearDate": null,
    "companyNumber": "63",
    "namedInsured": "Hernandez, Yolanda",
    "settleDate": "04/19/2016"
  },
  {
    "agencyCode": "26892",
    "cashItemId": "81882138",
    "policyId": "104631332622001",
    "version": "1",
    "entryDate": "04/16/2016",
    "amount": "173.06",
    "typeCode": "2",
    "appliedDate": "04/16/2016",
    "clearDate": null,
    "companyNumber": "63",
    "namedInsured": "Soto, Claudia",
    "settleDate": "04/19/2016"
  },
  {
    "agencyCode": "26892",
    "cashItemId": "81857824",
    "policyId": "104600316990001",
    "version": "5",
    "entryDate": "04/15/2016",
    "amount": "85.32",
    "typeCode": "2",
    "appliedDate": "04/15/2016",
    "clearDate": null,
    "companyNumber": "60",
    "namedInsured": "COLO, JOSE JULIIO",
    "settleDate": "04/19/2016"
  },
  {
    "agencyCode": "26892",
    "cashItemId": "81859782",
    "policyId": "104600770235001",
    "version": "4",
    "entryDate": "04/15/2016",
    "amount": "67.16",
    "typeCode": "2",
    "appliedDate": "04/15/2016",
    "clearDate": null,
    "companyNumber": "60",
    "namedInsured": "Danhieux, Raymond Anthony",
    "settleDate": "04/19/2016"
  },
  {
    "agencyCode": "26892",
    "cashItemId": "81861251",
    "policyId": "104601270619001",
    "version": "1",
    "entryDate": "04/15/2016",
    "amount": "48",
    "typeCode": "2",
    "appliedDate": "04/15/2016",
    "clearDate": null,
    "companyNumber": "60",
    "namedInsured": "Macias Cano, Eligio",
    "settleDate": "04/19/2016"
  },
  {
    "agencyCode": "26892",
    "cashItemId": "81853244",
    "policyId": "104630116757001",
    "version": "7",
    "entryDate": "04/15/2016",
    "amount": "143.68",
    "typeCode": "2",
    "appliedDate": "04/15/2016",
    "clearDate": null,
    "companyNumber": "63",
    "namedInsured": "Reyes, Juan Carlos",
    "settleDate": "04/19/2016"
  },
  {
    "agencyCode": "26892",
    "cashItemId": "81857271",
    "policyId": "104630589041001",
    "version": "4",
    "entryDate": "04/15/2016",
    "amount": "75",
    "typeCode": "2",
    "appliedDate": "04/15/2016",
    "clearDate": null,
    "companyNumber": "63",
    "namedInsured": "Villar, Manuel De Jesus Del",
    "settleDate": "04/19/2016"
  },
  {
    "agencyCode": "26892",
    "cashItemId": "81849739",
    "policyId": "104630613862001",
    "version": "3",
    "entryDate": "04/15/2016",
    "amount": "86.66",
    "typeCode": "2",
    "appliedDate": "04/15/2016",
    "clearDate": null,
    "companyNumber": "63",
    "namedInsured": "Palacio, Jacqueline Jane",
    "settleDate": "04/19/2016"
  },
  {
    "agencyCode": "26892",
    "cashItemId": "81820995",
    "policyId": "104600896586001",
    "version": "3",
    "entryDate": "04/14/2016",
    "amount": "146.01",
    "typeCode": "2",
    "appliedDate": "04/14/2016",
    "clearDate": null,
    "companyNumber": "60",
    "namedInsured": "Evans, Anice",
    "settleDate": "04/18/2016"
  },
  {
    "agencyCode": "26892",
    "cashItemId": "81822827",
    "policyId": "104630593283001",
    "version": "4",
    "entryDate": "04/14/2016",
    "amount": "50.09",
    "typeCode": "2",
    "appliedDate": "04/14/2016",
    "clearDate": null,
    "companyNumber": "60",
    "namedInsured": "Gonzalez, Martin Martin",
    "settleDate": "04/18/2016"
  },
  {
    "agencyCode": "26892",
    "cashItemId": "81828863",
    "policyId": "104631137245001",
    "version": "3",
    "entryDate": "04/14/2016",
    "amount": "105",
    "typeCode": "2",
    "appliedDate": "04/14/2016",
    "clearDate": null,
    "companyNumber": "63",
    "namedInsured": "Urias Vasquez, Santos Antonio",
    "settleDate": "04/18/2016"
  },
  {
    "agencyCode": "26892",
    "cashItemId": "81784782",
    "policyId": "104630205496001",
    "version": "3",
    "entryDate": "04/13/2016",
    "amount": "118",
    "typeCode": "2",
    "appliedDate": "04/13/2016",
    "clearDate": null,
    "companyNumber": "60",
    "namedInsured": "Cuellar, Mirna Isabel",
    "settleDate": "04/15/2016"
  },
  {
    "agencyCode": "26892",
    "cashItemId": "81781132",
    "policyId": "104630401850001",
    "version": "4",
    "entryDate": "04/13/2016",
    "amount": "155",
    "typeCode": "2",
    "appliedDate": "04/13/2016",
    "clearDate": null,
    "companyNumber": "63",
    "namedInsured": "GRIMALDOMEJIA, LUIS GABRIEL",
    "settleDate": "04/15/2016"
  },
  {
    "agencyCode": "26892",
    "cashItemId": "81760667",
    "policyId": "104601176785001",
    "version": "1",
    "entryDate": "04/12/2016",
    "amount": "230.05",
    "typeCode": "2",
    "appliedDate": "04/12/2016",
    "clearDate": null,
    "companyNumber": "60",
    "namedInsured": "Mceleveen, Shelly Denise",
    "settleDate": "04/14/2016"
  },
  {
    "agencyCode": "26892",
    "cashItemId": "81757742",
    "policyId": "104601305154001",
    "version": "1",
    "entryDate": "04/12/2016",
    "amount": "87.02",
    "typeCode": "2",
    "appliedDate": "04/12/2016",
    "clearDate": null,
    "companyNumber": "60",
    "namedInsured": "Ali, Khasijah Zarinah Zakiyyah",
    "settleDate": "04/14/2016"
  },
  {
    "agencyCode": "26892",
    "cashItemId": "81753419",
    "policyId": "104630699201001",
    "version": "5",
    "entryDate": "04/12/2016",
    "amount": "177.47",
    "typeCode": "2",
    "appliedDate": "04/12/2016",
    "clearDate": null,
    "companyNumber": "60",
    "namedInsured": "Jackson, Michael Rene",
    "settleDate": "04/14/2016"
  },
  {
    "agencyCode": "26892",
    "cashItemId": "81761137",
    "policyId": "104630759029001",
    "version": "4",
    "entryDate": "04/12/2016",
    "amount": "157",
    "typeCode": "2",
    "appliedDate": "04/12/2016",
    "clearDate": null,
    "companyNumber": "60",
    "namedInsured": "Martinez-ortega, J. Moises",
    "settleDate": "04/14/2016"
  },
  {
    "agencyCode": "26892",
    "cashItemId": "81757055",
    "policyId": "104630823497001",
    "version": "3",
    "entryDate": "04/12/2016",
    "amount": "177.17",
    "typeCode": "2",
    "appliedDate": "04/12/2016",
    "clearDate": null,
    "companyNumber": "63",
    "namedInsured": "Smith, Enevila Kiana",
    "settleDate": "04/14/2016"
  },
  {
    "agencyCode": "26892",
    "cashItemId": "81755952",
    "policyId": "104630841829001",
    "version": "3",
    "entryDate": "04/12/2016",
    "amount": "295",
    "typeCode": "2",
    "appliedDate": "04/12/2016",
    "clearDate": null,
    "companyNumber": "63",
    "namedInsured": "Clark, Vivian",
    "settleDate": "04/14/2016"
  },
  {
    "agencyCode": "26892",
    "cashItemId": "81751455",
    "policyId": "104631308499001",
    "version": "1",
    "entryDate": "04/12/2016",
    "amount": "61.41",
    "typeCode": "2",
    "appliedDate": "04/12/2016",
    "clearDate": null,
    "companyNumber": "63",
    "namedInsured": "Rodriguez-morales, Isaias",
    "settleDate": "04/14/2016"
  },
  {
    "agencyCode": "26892",
    "cashItemId": "81720204",
    "policyId": "104600491398001",
    "version": "4",
    "entryDate": "04/11/2016",
    "amount": "366.64",
    "typeCode": "2",
    "appliedDate": "04/11/2016",
    "clearDate": null,
    "companyNumber": "60",
    "namedInsured": "Torres, Victor",
    "settleDate": "04/13/2016"
  },
  {
    "agencyCode": "26892",
    "cashItemId": "81719708",
    "policyId": "104600534784001",
    "version": "6",
    "entryDate": "04/11/2016",
    "amount": "95.83",
    "typeCode": "2",
    "appliedDate": "04/11/2016",
    "clearDate": null,
    "companyNumber": "60",
    "namedInsured": "Madrigal, Hector Jimenez",
    "settleDate": "04/13/2016"
  },
  {
    "agencyCode": "26892",
    "cashItemId": "81735416",
    "policyId": "104600965668001",
    "version": "3",
    "entryDate": "04/11/2016",
    "amount": "70",
    "typeCode": "2",
    "appliedDate": "04/11/2016",
    "clearDate": null,
    "companyNumber": "60",
    "namedInsured": "Garcia, Francisco",
    "settleDate": "04/13/2016"
  },
  {
    "agencyCode": "26892",
    "cashItemId": "81719014",
    "policyId": "104601141910001",
    "version": "2",
    "entryDate": "04/11/2016",
    "amount": "44.25",
    "typeCode": "2",
    "appliedDate": "04/11/2016",
    "clearDate": null,
    "companyNumber": "60",
    "namedInsured": "Martinez, Manuel C",
    "settleDate": "04/13/2016"
  },
  {
    "agencyCode": "26892",
    "cashItemId": "81734135",
    "policyId": "104601306518001",
    "version": "1",
    "entryDate": "04/11/2016",
    "amount": "66.32",
    "typeCode": "2",
    "appliedDate": "04/11/2016",
    "clearDate": null,
    "companyNumber": "60",
    "namedInsured": "Martinez, Lizete",
    "settleDate": "04/13/2016"
  },
  {
    "agencyCode": "26892",
    "cashItemId": "81734748",
    "policyId": "104630254364001",
    "version": "5",
    "entryDate": "04/11/2016",
    "amount": "91.92",
    "typeCode": "2",
    "appliedDate": "04/11/2016",
    "clearDate": null,
    "companyNumber": "63",
    "namedInsured": "Palomino-ortiz, Felix",
    "settleDate": "04/13/2016"
  },
  {
    "agencyCode": "26892",
    "cashItemId": "81722391",
    "policyId": "104631030894001",
    "version": "3",
    "entryDate": "04/11/2016",
    "amount": "60.36",
    "typeCode": "2",
    "appliedDate": "04/11/2016",
    "clearDate": null,
    "companyNumber": "63",
    "namedInsured": "Washington, Vaughn Alan",
    "settleDate": "04/13/2016"
  },
  {
    "agencyCode": "26892",
    "cashItemId": "81706630",
    "policyId": "104601024508001",
    "version": "2",
    "entryDate": "04/09/2016",
    "amount": "50",
    "typeCode": "2",
    "appliedDate": "04/09/2016",
    "clearDate": null,
    "companyNumber": "60",
    "namedInsured": "Navia, Jose",
    "settleDate": "04/12/2016"
  },
  {
    "agencyCode": "26892",
    "cashItemId": "81707233",
    "policyId": "104601330657001",
    "version": "1",
    "entryDate": "04/09/2016",
    "amount": "69.36",
    "typeCode": "2",
    "appliedDate": "04/09/2016",
    "clearDate": null,
    "companyNumber": "60",
    "namedInsured": "Ziga Vielma, Moises",
    "settleDate": "04/12/2016"
  },
  {
    "agencyCode": "26892",
    "cashItemId": "81700563",
    "policyId": "104630496893001",
    "version": "4",
    "entryDate": "04/09/2016",
    "amount": "82",
    "typeCode": "2",
    "appliedDate": "04/09/2016",
    "clearDate": null,
    "companyNumber": "60",
    "namedInsured": "Actual Saldana, Mayra",
    "settleDate": "04/12/2016"
  },
  {
    "agencyCode": "26892",
    "cashItemId": "81683970",
    "policyId": "104601317523001",
    "version": "1",
    "entryDate": "04/08/2016",
    "amount": "35",
    "typeCode": "2",
    "appliedDate": "04/08/2016",
    "clearDate": null,
    "companyNumber": "60",
    "namedInsured": "Sanchez Padilla, Fernando",
    "settleDate": "04/12/2016"
  },
  {
    "agencyCode": "26892",
    "cashItemId": "81671115",
    "policyId": "104601329942001",
    "version": "1",
    "entryDate": "04/08/2016",
    "amount": "830.52",
    "typeCode": "2",
    "appliedDate": "04/08/2016",
    "clearDate": null,
    "companyNumber": "60",
    "namedInsured": "Bedame, Dawit T",
    "settleDate": "04/12/2016"
  },
  {
    "agencyCode": "26892",
    "cashItemId": "81684146",
    "policyId": "104630440393001",
    "version": "4",
    "entryDate": "04/08/2016",
    "amount": "375",
    "typeCode": "2",
    "appliedDate": "04/08/2016",
    "clearDate": null,
    "companyNumber": "63",
    "namedInsured": "Floresmartinez, Flora",
    "settleDate": "04/12/2016"
  },
  {
    "agencyCode": "26892",
    "cashItemId": "81684085",
    "policyId": "104630892183001",
    "version": "3",
    "entryDate": "04/08/2016",
    "amount": "203",
    "typeCode": "2",
    "appliedDate": "04/08/2016",
    "clearDate": null,
    "companyNumber": "63",
    "namedInsured": "Bustos, Alejandro",
    "settleDate": "04/12/2016"
  },
  {
    "agencyCode": "26892",
    "cashItemId": "81683102",
    "policyId": "104631318957001",
    "version": "1",
    "entryDate": "04/08/2016",
    "amount": "77.01",
    "typeCode": "2",
    "appliedDate": "04/08/2016",
    "clearDate": null,
    "companyNumber": "63",
    "namedInsured": "Herod, Lashawn Denise",
    "settleDate": "04/12/2016"
  },
  {
    "agencyCode": "26892",
    "cashItemId": "81645499",
    "policyId": "104601080129001",
    "version": "2",
    "entryDate": "04/07/2016",
    "amount": "111",
    "typeCode": "2",
    "appliedDate": "04/07/2016",
    "clearDate": null,
    "companyNumber": "60",
    "namedInsured": "Pratts, Jaime",
    "settleDate": "04/11/2016"
  },
  {
    "agencyCode": "26892",
    "cashItemId": "81648397",
    "policyId": "104601329755001",
    "version": "1",
    "entryDate": "04/07/2016",
    "amount": "327",
    "typeCode": "2",
    "appliedDate": "04/07/2016",
    "clearDate": null,
    "companyNumber": "60",
    "namedInsured": "Murgia, Luis Javier",
    "settleDate": "04/11/2016"
  },
  {
    "agencyCode": "26892",
    "cashItemId": "81607503",
    "policyId": "104601114342001",
    "version": "2",
    "entryDate": "04/06/2016",
    "amount": "86.17",
    "typeCode": "2",
    "appliedDate": "04/06/2016",
    "clearDate": null,
    "companyNumber": "60",
    "namedInsured": "Osorio, Minor",
    "settleDate": "04/08/2016"
  },
  {
    "agencyCode": "26892",
    "cashItemId": "81585970",
    "policyId": "104601159677001",
    "version": "2",
    "entryDate": "04/05/2016",
    "amount": "71.82",
    "typeCode": "2",
    "appliedDate": "04/05/2016",
    "clearDate": null,
    "companyNumber": "60",
    "namedInsured": "Perez, David",
    "settleDate": "04/07/2016"
  },
  {
    "agencyCode": "26892",
    "cashItemId": "81584272",
    "policyId": "104630546646001",
    "version": "4",
    "entryDate": "04/05/2016",
    "amount": "120.01",
    "typeCode": "2",
    "appliedDate": "04/05/2016",
    "clearDate": null,
    "companyNumber": "63",
    "namedInsured": "Hernandez, Fredy Antonio",
    "settleDate": "04/07/2016"
  },
  {
    "agencyCode": "26892",
    "cashItemId": "81540697",
    "policyId": "104600932385001",
    "version": "4",
    "entryDate": "04/04/2016",
    "amount": "61",
    "typeCode": "2",
    "appliedDate": "04/04/2016",
    "clearDate": null,
    "companyNumber": "63",
    "namedInsured": "Melchor Sanchez, Jose Juan",
    "settleDate": "04/06/2016"
  },
  {
    "agencyCode": "26892",
    "cashItemId": "81542067",
    "policyId": "104601004298001",
    "version": "3",
    "entryDate": "04/04/2016",
    "amount": "47",
    "typeCode": "2",
    "appliedDate": "04/04/2016",
    "clearDate": null,
    "companyNumber": "60",
    "namedInsured": "Lopez, Jose Antonio Estrada",
    "settleDate": "04/06/2016"
  },
  {
    "agencyCode": "26892",
    "cashItemId": "81547514",
    "policyId": "104601062930001",
    "version": "3",
    "entryDate": "04/04/2016",
    "amount": "51.92",
    "typeCode": "2",
    "appliedDate": "04/04/2016",
    "clearDate": null,
    "companyNumber": "60",
    "namedInsured": "Carlos, Brian Anthony",
    "settleDate": "04/06/2016"
  },
  {
    "agencyCode": "26892",
    "cashItemId": "81543744",
    "policyId": "104630238285001",
    "version": "9",
    "entryDate": "04/04/2016",
    "amount": "276.88",
    "typeCode": "2",
    "appliedDate": "04/04/2016",
    "clearDate": null,
    "companyNumber": "60",
    "namedInsured": "Ponce-ramos, Angel",
    "settleDate": "04/06/2016"
  },
  {
    "agencyCode": "26892",
    "cashItemId": "81546423",
    "policyId": "104630688053001",
    "version": "2",
    "entryDate": "04/04/2016",
    "amount": "45.42",
    "typeCode": "2",
    "appliedDate": "04/04/2016",
    "clearDate": null,
    "companyNumber": "63",
    "namedInsured": "Mejia, Ana Dora Ortiz",
    "settleDate": "04/06/2016"
  },
  {
    "agencyCode": "26892",
    "cashItemId": "81526341",
    "policyId": "104600231892001",
    "version": "7",
    "entryDate": "04/02/2016",
    "amount": "133.32",
    "typeCode": "2",
    "appliedDate": "04/02/2016",
    "clearDate": null,
    "companyNumber": "60",
    "namedInsured": "Hinton, Yvonne Anita",
    "settleDate": "04/05/2016"
  },
  {
    "agencyCode": "26892",
    "cashItemId": "81525205",
    "policyId": "104600802953001",
    "version": "4",
    "entryDate": "04/02/2016",
    "amount": "177.59",
    "typeCode": "2",
    "appliedDate": "04/02/2016",
    "clearDate": null,
    "companyNumber": "60",
    "namedInsured": "Leon, Juan Manuel",
    "settleDate": "04/05/2016"
  },
  {
    "agencyCode": "26892",
    "cashItemId": "81523350",
    "policyId": "104631012465001",
    "version": "2",
    "entryDate": "04/02/2016",
    "amount": "115.01",
    "typeCode": "2",
    "appliedDate": "04/02/2016",
    "clearDate": null,
    "companyNumber": "63",
    "namedInsured": "Pitts, Stephen Gregory",
    "settleDate": "04/05/2016"
  },
  {
    "agencyCode": "26892",
    "cashItemId": "81507463",
    "policyId": "104600134298001",
    "version": "4",
    "entryDate": "04/01/2016",
    "amount": "99.44",
    "typeCode": "2",
    "appliedDate": "04/01/2016",
    "clearDate": null,
    "companyNumber": "60",
    "namedInsured": "Samayoa, Cristina Marjoriet",
    "settleDate": "04/05/2016"
  },
  {
    "agencyCode": "26892",
    "cashItemId": "81493564",
    "policyId": "104630525917001",
    "version": "5",
    "entryDate": "04/01/2016",
    "amount": "65",
    "typeCode": "2",
    "appliedDate": "04/01/2016",
    "clearDate": null,
    "companyNumber": "63",
    "namedInsured": "ORTIZ, ALEJANDRO",
    "settleDate": "04/05/2016"
  },
  {
    "agencyCode": "26892",
    "cashItemId": "81500341",
    "policyId": "104630713346001",
    "version": "4",
    "entryDate": "04/01/2016",
    "amount": "166",
    "typeCode": "2",
    "appliedDate": "04/01/2016",
    "clearDate": null,
    "companyNumber": "63",
    "namedInsured": "Marshall, Sharon",
    "settleDate": "04/05/2016"
  },
  {
    "agencyCode": "26892",
    "cashItemId": "81431908",
    "policyId": "104630956889001",
    "version": "3",
    "entryDate": "03/30/2016",
    "amount": "225.2",
    "typeCode": "2",
    "appliedDate": "03/30/2016",
    "clearDate": null,
    "companyNumber": "63",
    "namedInsured": "Villafana, Guadalupe",
    "settleDate": "04/01/2016"
  },
  {
    "agencyCode": "26892",
    "cashItemId": "81433300",
    "policyId": "104631129912001",
    "version": "3",
    "entryDate": "03/30/2016",
    "amount": "127.87",
    "typeCode": "2",
    "appliedDate": "03/30/2016",
    "clearDate": null,
    "companyNumber": "63",
    "namedInsured": "Anderson, Wynona Delphine",
    "settleDate": "04/01/2016"
  },
  {
    "agencyCode": "26892",
    "cashItemId": "81410476",
    "policyId": "104600881681001",
    "version": "3",
    "entryDate": "03/29/2016",
    "amount": "116",
    "typeCode": "2",
    "appliedDate": "03/29/2016",
    "clearDate": null,
    "companyNumber": "60",
    "namedInsured": "Campos, Alfredo",
    "settleDate": "03/31/2016"
  },
  {
    "agencyCode": "26892",
    "cashItemId": "81391683",
    "policyId": "104489007414001",
    "version": "2",
    "entryDate": "03/28/2016",
    "amount": "50.53",
    "typeCode": "2",
    "appliedDate": "03/28/2016",
    "clearDate": null,
    "companyNumber": "60",
    "namedInsured": "Delgado Villalobos, Jose Manuel",
    "settleDate": "03/30/2016"
  },
  {
    "agencyCode": "26892",
    "cashItemId": "81379503",
    "policyId": "104600217907001",
    "version": "5",
    "entryDate": "03/28/2016",
    "amount": "1302.71",
    "typeCode": "2",
    "appliedDate": "03/28/2016",
    "clearDate": null,
    "companyNumber": "60",
    "namedInsured": "Carrasco, Adrian",
    "settleDate": "03/30/2016"
  },
  {
    "agencyCode": "26892",
    "cashItemId": "81392646",
    "policyId": "104601220101001",
    "version": "1",
    "entryDate": "03/28/2016",
    "amount": "101.27",
    "typeCode": "2",
    "appliedDate": "03/28/2016",
    "clearDate": null,
    "companyNumber": "60",
    "namedInsured": "Perobal Canu, Demetrio",
    "settleDate": "03/30/2016"
  },
  {
    "agencyCode": "26892",
    "cashItemId": "81392381",
    "policyId": "104630900768001",
    "version": "3",
    "entryDate": "03/28/2016",
    "amount": "81.52",
    "typeCode": "2",
    "appliedDate": "03/28/2016",
    "clearDate": null,
    "companyNumber": "63",
    "namedInsured": "Magana-godinez, Miguel Angel",
    "settleDate": "03/30/2016"
  },
  {
    "agencyCode": "26892",
    "cashItemId": "81244801",
    "policyId": "104600103221001",
    "version": "5",
    "entryDate": "03/26/2016",
    "amount": "114",
    "typeCode": "2",
    "appliedDate": "03/26/2016",
    "clearDate": null,
    "companyNumber": "60",
    "namedInsured": "RODRIGUES, FELIPE RESENDIZ",
    "settleDate": "03/29/2016"
  },
  {
    "agencyCode": "26892",
    "cashItemId": "81247264",
    "policyId": "104600850243001",
    "version": "3",
    "entryDate": "03/26/2016",
    "amount": "43.41",
    "typeCode": "2",
    "appliedDate": "03/26/2016",
    "clearDate": null,
    "companyNumber": "60",
    "namedInsured": "Gaytan, Carlos Rea",
    "settleDate": "03/29/2016"
  },
  {
    "agencyCode": "26892",
    "cashItemId": "81271361",
    "policyId": "104600958379001",
    "version": "4",
    "entryDate": "03/26/2016",
    "amount": "129.03",
    "typeCode": "2",
    "appliedDate": "03/26/2016",
    "clearDate": null,
    "companyNumber": "60",
    "namedInsured": "Gonzalez Saldana, Jaime Benny",
    "settleDate": "03/29/2016"
  },
  {
    "agencyCode": "26892",
    "cashItemId": "81268865",
    "policyId": "104600965668001",
    "version": "2",
    "entryDate": "03/26/2016",
    "amount": "62.62",
    "typeCode": "2",
    "appliedDate": "03/26/2016",
    "clearDate": null,
    "companyNumber": "60",
    "namedInsured": "Garcia, Francisco",
    "settleDate": "03/29/2016"
  },
  {
    "agencyCode": "26892",
    "cashItemId": "81265297",
    "policyId": "104601273006001",
    "version": "1",
    "entryDate": "03/26/2016",
    "amount": "204",
    "typeCode": "2",
    "appliedDate": "03/26/2016",
    "clearDate": null,
    "companyNumber": "60",
    "namedInsured": "Lopez Galvan, Berenice Del Carmen",
    "settleDate": "03/29/2016"
  },
  {
    "agencyCode": "26892",
    "cashItemId": "81245410",
    "policyId": "104630174857001",
    "version": "5",
    "entryDate": "03/26/2016",
    "amount": "108.28",
    "typeCode": "2",
    "appliedDate": "03/26/2016",
    "clearDate": null,
    "companyNumber": "63",
    "namedInsured": "DIAZ, JOSE",
    "settleDate": "03/29/2016"
  },
  {
    "agencyCode": "26892",
    "cashItemId": "81268846",
    "policyId": "104630849779001",
    "version": "3",
    "entryDate": "03/26/2016",
    "amount": "84.28",
    "typeCode": "2",
    "appliedDate": "03/26/2016",
    "clearDate": null,
    "companyNumber": "63",
    "namedInsured": "Rodriguez, Jose Salvador",
    "settleDate": "03/29/2016"
  },
  {
    "agencyCode": "26892",
    "cashItemId": "81197358",
    "policyId": "104630408781001",
    "version": "4",
    "entryDate": "03/24/2016",
    "amount": "103.77",
    "typeCode": "2",
    "appliedDate": "03/24/2016",
    "clearDate": null,
    "companyNumber": "63",
    "namedInsured": "GUSTAVIS, SHARON DENISE",
    "settleDate": "03/28/2016"
  },
  {
    "agencyCode": "26892",
    "cashItemId": "81191692",
    "policyId": "104630895916001",
    "version": "3",
    "entryDate": "03/24/2016",
    "amount": "108.72",
    "typeCode": "2",
    "appliedDate": "03/24/2016",
    "clearDate": null,
    "companyNumber": "63",
    "namedInsured": "Pinto, Salvador Flores",
    "settleDate": "03/28/2016"
  },
  {
    "agencyCode": "26892",
    "cashItemId": "81197028",
    "policyId": "104650174418001",
    "version": "4",
    "entryDate": "03/24/2016",
    "amount": "56.13",
    "typeCode": "2",
    "appliedDate": "03/24/2016",
    "clearDate": null,
    "companyNumber": "60",
    "namedInsured": "RODRIGUEZ, CESAR P",
    "settleDate": "03/28/2016"
  },
  {
    "agencyCode": "26892",
    "cashItemId": "81153343",
    "policyId": "104600464294001",
    "version": "4",
    "entryDate": "03/23/2016",
    "amount": "115",
    "typeCode": "2",
    "appliedDate": "03/23/2016",
    "clearDate": null,
    "companyNumber": "60",
    "namedInsured": "Clarkston, Savalia",
    "settleDate": "03/25/2016"
  },
  {
    "agencyCode": "26892",
    "cashItemId": "81149436",
    "policyId": "104600691082001",
    "version": "5",
    "entryDate": "03/23/2016",
    "amount": "161.06",
    "typeCode": "2",
    "appliedDate": "03/23/2016",
    "clearDate": null,
    "companyNumber": "60",
    "namedInsured": "Jontow, Melissa Elizabeth",
    "settleDate": "03/25/2016"
  },
  {
    "agencyCode": "26892",
    "cashItemId": "81157911",
    "policyId": "104631270610001",
    "version": "1",
    "entryDate": "03/23/2016",
    "amount": "125",
    "typeCode": "2",
    "appliedDate": "03/23/2016",
    "clearDate": null,
    "companyNumber": "63",
    "namedInsured": "Portero, Danilo",
    "settleDate": "03/25/2016"
  },
  {
    "agencyCode": "26892",
    "cashItemId": "81126061",
    "policyId": "104419686705001",
    "version": "4",
    "entryDate": "03/22/2016",
    "amount": "161.15",
    "typeCode": "2",
    "appliedDate": "03/22/2016",
    "clearDate": null,
    "companyNumber": "60",
    "namedInsured": "HERNANDEZ, GUSTAVO",
    "settleDate": "03/24/2016"
  },
  {
    "agencyCode": "26892",
    "cashItemId": "81131921",
    "policyId": "104630551296001",
    "version": "5",
    "entryDate": "03/22/2016",
    "amount": "114.54",
    "typeCode": "2",
    "appliedDate": "03/22/2016",
    "clearDate": null,
    "companyNumber": "63",
    "namedInsured": "MARTINEZ, ANA L",
    "settleDate": "03/24/2016"
  },
  {
    "agencyCode": "26892",
    "cashItemId": "81104419",
    "policyId": "104600316990001",
    "version": "4",
    "entryDate": "03/21/2016",
    "amount": "63.42",
    "typeCode": "2",
    "appliedDate": "03/21/2016",
    "clearDate": null,
    "companyNumber": "60",
    "namedInsured": "COLO, JOSE JULIIO",
    "settleDate": "03/23/2016"
  },
  {
    "agencyCode": "26892",
    "cashItemId": "81090726",
    "policyId": "104600633939001",
    "version": "3",
    "entryDate": "03/21/2016",
    "amount": "99",
    "typeCode": "2",
    "appliedDate": "03/21/2016",
    "clearDate": null,
    "companyNumber": "60",
    "namedInsured": "Munozgonzalez, Rafael",
    "settleDate": "03/23/2016"
  },
  {
    "agencyCode": "26892",
    "cashItemId": "81091131",
    "policyId": "104600966766001",
    "version": "2",
    "entryDate": "03/21/2016",
    "amount": "112.69",
    "typeCode": "2",
    "appliedDate": "03/21/2016",
    "clearDate": null,
    "companyNumber": "60",
    "namedInsured": "Mendoza-Arteaga, Bertha Alicia",
    "settleDate": "03/23/2016"
  },
  {
    "agencyCode": "26892",
    "cashItemId": "81091854",
    "policyId": "104630307250001",
    "version": "4",
    "entryDate": "03/21/2016",
    "amount": "48.44",
    "typeCode": "2",
    "appliedDate": "03/21/2016",
    "clearDate": null,
    "companyNumber": "63",
    "namedInsured": "SAMUELS, THOMAS K",
    "settleDate": "03/23/2016"
  },
  {
    "agencyCode": "26892",
    "cashItemId": "81106194",
    "policyId": "104630515958001",
    "version": "4",
    "entryDate": "03/21/2016",
    "amount": "52.36",
    "typeCode": "2",
    "appliedDate": "03/21/2016",
    "clearDate": null,
    "companyNumber": "63",
    "namedInsured": "Trinidad-flores, Juan De La",
    "settleDate": "03/23/2016"
  },
  {
    "agencyCode": "26892",
    "cashItemId": "81091791",
    "policyId": "104630631561001",
    "version": "4",
    "entryDate": "03/21/2016",
    "amount": "105.28",
    "typeCode": "2",
    "appliedDate": "03/21/2016",
    "clearDate": null,
    "companyNumber": "63",
    "namedInsured": "ALVAREZ, GLADYS OLINDA",
    "settleDate": "03/23/2016"
  },
  {
    "agencyCode": "26892",
    "cashItemId": "81093008",
    "policyId": "104631030894001",
    "version": "3",
    "entryDate": "03/21/2016",
    "amount": "55",
    "typeCode": "2",
    "appliedDate": "03/21/2016",
    "clearDate": null,
    "companyNumber": "63",
    "namedInsured": "Washington, Vaughn Alan",
    "settleDate": "03/23/2016"
  },
  {
    "agencyCode": "26892",
    "cashItemId": "81097085",
    "policyId": "104631030954001",
    "version": "2",
    "entryDate": "03/21/2016",
    "amount": "103",
    "typeCode": "2",
    "appliedDate": "03/21/2016",
    "clearDate": null,
    "companyNumber": "63",
    "namedInsured": "Juarez-morales, Eriberto",
    "settleDate": "03/23/2016"
  },
  {
    "agencyCode": "26892",
    "cashItemId": "81095983",
    "policyId": "104631202597001",
    "version": "1",
    "entryDate": "03/21/2016",
    "amount": "126",
    "typeCode": "2",
    "appliedDate": "03/21/2016",
    "clearDate": null,
    "companyNumber": "63",
    "namedInsured": "Corado Acalja, Wilmer Anibal",
    "settleDate": "03/23/2016"
  },
  {
    "agencyCode": "26892",
    "cashItemId": "81077125",
    "policyId": "104600131627001",
    "version": "5",
    "entryDate": "03/19/2016",
    "amount": "99",
    "typeCode": "2",
    "appliedDate": "03/19/2016",
    "clearDate": null,
    "companyNumber": "60",
    "namedInsured": "GARCIA CASTRO, RICARDO MANUEL",
    "settleDate": "03/22/2016"
  },
  {
    "agencyCode": "26892",
    "cashItemId": "81075660",
    "policyId": "104601081283001",
    "version": "2",
    "entryDate": "03/19/2016",
    "amount": "123",
    "typeCode": "2",
    "appliedDate": "03/19/2016",
    "clearDate": null,
    "companyNumber": "60",
    "namedInsured": "Resendizcarrillo, Jose Francisco",
    "settleDate": "03/22/2016"
  },
  {
    "agencyCode": "26892",
    "cashItemId": "81074136",
    "policyId": "104601283816001",
    "version": "1",
    "entryDate": "03/19/2016",
    "amount": "50",
    "typeCode": "2",
    "appliedDate": "03/19/2016",
    "clearDate": null,
    "companyNumber": "60",
    "namedInsured": "Brazile, Lorsicy Marie",
    "settleDate": "03/22/2016"
  },
  {
    "agencyCode": "26892",
    "cashItemId": "81077726",
    "policyId": "104630103770001",
    "version": "3",
    "entryDate": "03/19/2016",
    "amount": "110.06",
    "typeCode": "2",
    "appliedDate": "03/19/2016",
    "clearDate": null,
    "companyNumber": "63",
    "namedInsured": "Colbourne, Melissa",
    "settleDate": "03/22/2016"
  },
  {
    "agencyCode": "26892",
    "cashItemId": "81076144",
    "policyId": "104630268042001",
    "version": "5",
    "entryDate": "03/19/2016",
    "amount": "63.13",
    "typeCode": "2",
    "appliedDate": "03/19/2016",
    "clearDate": null,
    "companyNumber": "63",
    "namedInsured": "Pena Perea, Juan Ramon",
    "settleDate": "03/22/2016"
  },
  {
    "agencyCode": "26892",
    "cashItemId": "81071866",
    "policyId": "104630517519001",
    "version": "4",
    "entryDate": "03/19/2016",
    "amount": "156.78",
    "typeCode": "2",
    "appliedDate": "03/19/2016",
    "clearDate": null,
    "companyNumber": "63",
    "namedInsured": "Strong, Shaun Douglas",
    "settleDate": "03/22/2016"
  },
  {
    "agencyCode": "26892",
    "cashItemId": "81055663",
    "policyId": "104600647269001",
    "version": "6",
    "entryDate": "03/18/2016",
    "amount": "131.23",
    "typeCode": "2",
    "appliedDate": "03/18/2016",
    "clearDate": null,
    "companyNumber": "60",
    "namedInsured": "Virgil, Otis Leon",
    "settleDate": "03/22/2016"
  },
  {
    "agencyCode": "26892",
    "cashItemId": "81047784",
    "policyId": "104600769170001",
    "version": "3",
    "entryDate": "03/18/2016",
    "amount": "123.88",
    "typeCode": "2",
    "appliedDate": "03/18/2016",
    "clearDate": null,
    "companyNumber": "60",
    "namedInsured": "Aguillon-carbajal, Joel Lorenzo",
    "settleDate": "03/22/2016"
  },
  {
    "agencyCode": "26892",
    "cashItemId": "81053768",
    "policyId": "104601000700001",
    "version": "2",
    "entryDate": "03/18/2016",
    "amount": "99.14",
    "typeCode": "2",
    "appliedDate": "03/18/2016",
    "clearDate": null,
    "companyNumber": "60",
    "namedInsured": "Kelly, Ray Bernard",
    "settleDate": "03/22/2016"
  },
  {
    "agencyCode": "26892",
    "cashItemId": "81050745",
    "policyId": "104630254364001",
    "version": "5",
    "entryDate": "03/18/2016",
    "amount": "91.92",
    "typeCode": "2",
    "appliedDate": "03/18/2016",
    "clearDate": null,
    "companyNumber": "63",
    "namedInsured": "Palomino-ortiz, Felix",
    "settleDate": "03/22/2016"
  },
  {
    "agencyCode": "26892",
    "cashItemId": "81054559",
    "policyId": "104630357030001",
    "version": "4",
    "entryDate": "03/18/2016",
    "amount": "139.94",
    "typeCode": "2",
    "appliedDate": "03/18/2016",
    "clearDate": null,
    "companyNumber": "63",
    "namedInsured": "Hernandez, Yolanda",
    "settleDate": "03/22/2016"
  },
  {
    "agencyCode": "26892",
    "cashItemId": "81056198",
    "policyId": "104630504273001",
    "version": "4",
    "entryDate": "03/18/2016",
    "amount": "124.89",
    "typeCode": "2",
    "appliedDate": "03/18/2016",
    "clearDate": null,
    "companyNumber": "63",
    "namedInsured": "BOWMAN, WENDELL LAVELLE",
    "settleDate": "03/22/2016"
  },
  {
    "agencyCode": "26892",
    "cashItemId": "81043684",
    "policyId": "104630699201001",
    "version": "4",
    "entryDate": "03/18/2016",
    "amount": "4.16",
    "typeCode": "2",
    "appliedDate": "03/18/2016",
    "clearDate": null,
    "companyNumber": "60",
    "namedInsured": "Jackson, Michael Rene",
    "settleDate": "03/22/2016"
  },
  {
    "agencyCode": "26892",
    "cashItemId": "81043684",
    "policyId": "104630699201001",
    "version": "5",
    "entryDate": "03/18/2016",
    "amount": "171.47",
    "typeCode": "2",
    "appliedDate": "03/18/2016",
    "clearDate": null,
    "companyNumber": "60",
    "namedInsured": "Jackson, Michael Rene",
    "settleDate": "03/22/2016"
  },
  {
    "agencyCode": "26892",
    "cashItemId": "81056223",
    "policyId": "104630759029001",
    "version": "3",
    "entryDate": "03/18/2016",
    "amount": "137.67",
    "typeCode": "2",
    "appliedDate": "03/18/2016",
    "clearDate": null,
    "companyNumber": "60",
    "namedInsured": "Martinez-ortega, J. Moises",
    "settleDate": "03/22/2016"
  },
  {
    "agencyCode": "26892",
    "cashItemId": "81056019",
    "policyId": "104640221422001",
    "version": "4",
    "entryDate": "03/18/2016",
    "amount": "102.06",
    "typeCode": "2",
    "appliedDate": "03/18/2016",
    "clearDate": null,
    "companyNumber": "60",
    "namedInsured": "Raymundo, Maria G",
    "settleDate": "03/22/2016"
  },
  {
    "agencyCode": "26892",
    "cashItemId": "81016302",
    "policyId": "104595323881001",
    "version": "4",
    "entryDate": "03/17/2016",
    "amount": "55",
    "typeCode": "2",
    "appliedDate": "03/17/2016",
    "clearDate": null,
    "companyNumber": "60",
    "namedInsured": "MORGANELLI, SANDRA JEAN",
    "settleDate": "03/21/2016"
  },
  {
    "agencyCode": "26892",
    "cashItemId": "81016196",
    "policyId": "104600506686001",
    "version": "4",
    "entryDate": "03/17/2016",
    "amount": "158.03",
    "typeCode": "2",
    "appliedDate": "03/17/2016",
    "clearDate": null,
    "companyNumber": "60",
    "namedInsured": "BOBADILLA, RAMON",
    "settleDate": "03/21/2016"
  },
  {
    "agencyCode": "26892",
    "cashItemId": "81023763",
    "policyId": "104600967797001",
    "version": "3",
    "entryDate": "03/17/2016",
    "amount": "63.34",
    "typeCode": "2",
    "appliedDate": "03/17/2016",
    "clearDate": null,
    "companyNumber": "60",
    "namedInsured": "Ayon-godinez, Consuelo Guadalupe",
    "settleDate": "03/21/2016"
  },
  {
    "agencyCode": "26892",
    "cashItemId": "81026207",
    "policyId": "104601122482001",
    "version": "2",
    "entryDate": "03/17/2016",
    "amount": "99",
    "typeCode": "2",
    "appliedDate": "03/17/2016",
    "clearDate": null,
    "companyNumber": "60",
    "namedInsured": "Rosales, Sara",
    "settleDate": "03/21/2016"
  },
  {
    "agencyCode": "26892",
    "cashItemId": "81026002",
    "policyId": "104601322629001",
    "version": "1",
    "entryDate": "03/17/2016",
    "amount": "220.76",
    "typeCode": "2",
    "appliedDate": "03/17/2016",
    "clearDate": null,
    "companyNumber": "60",
    "namedInsured": "Adkins, Krystal Jenee",
    "settleDate": "03/21/2016"
  },
  {
    "agencyCode": "26892",
    "cashItemId": "81017033",
    "policyId": "104630589041001",
    "version": "4",
    "entryDate": "03/17/2016",
    "amount": "75",
    "typeCode": "2",
    "appliedDate": "03/17/2016",
    "clearDate": null,
    "companyNumber": "63",
    "namedInsured": "Villar, Manuel De Jesus Del",
    "settleDate": "03/21/2016"
  },
  {
    "agencyCode": "26892",
    "cashItemId": "81023752",
    "policyId": "104630602203001",
    "version": "5",
    "entryDate": "03/17/2016",
    "amount": "150",
    "typeCode": "2",
    "appliedDate": "03/17/2016",
    "clearDate": null,
    "companyNumber": "60",
    "namedInsured": "Cortez, Irma Victoria",
    "settleDate": "03/21/2016"
  },
  {
    "agencyCode": "26892",
    "cashItemId": "81015276",
    "policyId": "104630652701001",
    "version": "3",
    "entryDate": "03/17/2016",
    "amount": "163",
    "typeCode": "2",
    "appliedDate": "03/17/2016",
    "clearDate": null,
    "companyNumber": "63",
    "namedInsured": "Giron, Maria C",
    "settleDate": "03/21/2016"
  },
  {
    "agencyCode": "26892",
    "cashItemId": "81020261",
    "policyId": "104630818455001",
    "version": "3",
    "entryDate": "03/17/2016",
    "amount": "82.76",
    "typeCode": "2",
    "appliedDate": "03/17/2016",
    "clearDate": null,
    "companyNumber": "63",
    "namedInsured": "Nolasco, Jose E Vargas",
    "settleDate": "03/21/2016"
  },
  {
    "agencyCode": "26892",
    "cashItemId": "80974722",
    "policyId": "104600365901001",
    "version": "4",
    "entryDate": "03/16/2016",
    "amount": "78",
    "typeCode": "2",
    "appliedDate": "03/16/2016",
    "clearDate": null,
    "companyNumber": "60",
    "namedInsured": "VALDEZ, JUAN HERNANDEZ",
    "settleDate": "03/18/2016"
  },
  {
    "agencyCode": "26892",
    "cashItemId": "80981383",
    "policyId": "104600508851001",
    "version": "4",
    "entryDate": "03/16/2016",
    "amount": "36.32",
    "typeCode": "2",
    "appliedDate": "03/16/2016",
    "clearDate": null,
    "companyNumber": "60",
    "namedInsured": "HERNANDEZ, ANGEL CUSTODIO",
    "settleDate": "03/18/2016"
  },
  {
    "agencyCode": "26892",
    "cashItemId": "80973585",
    "policyId": "104600550982001",
    "version": "4",
    "entryDate": "03/16/2016",
    "amount": "83.42",
    "typeCode": "2",
    "appliedDate": "03/16/2016",
    "clearDate": null,
    "companyNumber": "60",
    "namedInsured": "JUAREZ ARAGON, JUAN A",
    "settleDate": "03/18/2016"
  },
  {
    "agencyCode": "26892",
    "cashItemId": "80980832",
    "policyId": "104600770235001",
    "version": "3",
    "entryDate": "03/16/2016",
    "amount": "41.76",
    "typeCode": "2",
    "appliedDate": "03/16/2016",
    "clearDate": null,
    "companyNumber": "60",
    "namedInsured": "Danhieux, Raymond Anthony",
    "settleDate": "03/18/2016"
  },
  {
    "agencyCode": "26892",
    "cashItemId": "80974584",
    "policyId": "104601161297001",
    "version": "1",
    "entryDate": "03/16/2016",
    "amount": "62",
    "typeCode": "2",
    "appliedDate": "03/16/2016",
    "clearDate": null,
    "companyNumber": "60",
    "namedInsured": "Corona Velasquez, Rafael",
    "settleDate": "03/18/2016"
  },
  {
    "agencyCode": "26892",
    "cashItemId": "80982652",
    "policyId": "104601270619001",
    "version": "1",
    "entryDate": "03/16/2016",
    "amount": "47.92",
    "typeCode": "2",
    "appliedDate": "03/16/2016",
    "clearDate": null,
    "companyNumber": "60",
    "namedInsured": "Macias Cano, Eligio",
    "settleDate": "03/18/2016"
  },
  {
    "agencyCode": "26892",
    "cashItemId": "80982894",
    "policyId": "104601322265001",
    "version": "1",
    "entryDate": "03/16/2016",
    "amount": "173.32",
    "typeCode": "2",
    "appliedDate": "03/16/2016",
    "clearDate": null,
    "companyNumber": "60",
    "namedInsured": "Castillo, Marisol",
    "settleDate": "03/18/2016"
  },
  {
    "agencyCode": "26892",
    "cashItemId": "80981466",
    "policyId": "104630205496001",
    "version": "3",
    "entryDate": "03/16/2016",
    "amount": "116.97",
    "typeCode": "2",
    "appliedDate": "03/16/2016",
    "clearDate": null,
    "companyNumber": "60",
    "namedInsured": "Cuellar, Mirna Isabel",
    "settleDate": "03/18/2016"
  },
  {
    "agencyCode": "26892",
    "cashItemId": "80980894",
    "policyId": "104630933298001",
    "version": "3",
    "entryDate": "03/16/2016",
    "amount": "132",
    "typeCode": "2",
    "appliedDate": "03/16/2016",
    "clearDate": null,
    "companyNumber": "63",
    "namedInsured": "Martling, Jeffrey Michael",
    "settleDate": "03/18/2016"
  },
  {
    "agencyCode": "26892",
    "cashItemId": "80979609",
    "policyId": "104630965437001",
    "version": "2",
    "entryDate": "03/16/2016",
    "amount": "123.86",
    "typeCode": "2",
    "appliedDate": "03/16/2016",
    "clearDate": null,
    "companyNumber": "63",
    "namedInsured": "Alatorre-Herrero, Asuncion",
    "settleDate": "03/18/2016"
  },
  {
    "agencyCode": "26892",
    "cashItemId": "80975059",
    "policyId": "104630982073001",
    "version": "2",
    "entryDate": "03/16/2016",
    "amount": "127.02",
    "typeCode": "2",
    "appliedDate": "03/16/2016",
    "clearDate": null,
    "companyNumber": "63",
    "namedInsured": "White, Natashia Ledeace",
    "settleDate": "03/18/2016"
  },
  {
    "agencyCode": "26892",
    "cashItemId": "80980789",
    "policyId": "104631018457001",
    "version": "2",
    "entryDate": "03/16/2016",
    "amount": "276.03",
    "typeCode": "2",
    "appliedDate": "03/16/2016",
    "clearDate": null,
    "companyNumber": "63",
    "namedInsured": "Martinez, Wilfredo A",
    "settleDate": "03/18/2016"
  },
  {
    "agencyCode": "26892",
    "cashItemId": "80949622",
    "policyId": "104600140283002",
    "version": "5",
    "entryDate": "03/15/2016",
    "amount": "22.44",
    "typeCode": "2",
    "appliedDate": "03/15/2016",
    "clearDate": null,
    "companyNumber": "63",
    "namedInsured": "Suarez, Miguel E",
    "settleDate": "03/17/2016"
  },
  {
    "agencyCode": "26892",
    "cashItemId": "80949622",
    "policyId": "104600140283002",
    "version": "6",
    "entryDate": "03/15/2016",
    "amount": "139.22",
    "typeCode": "2",
    "appliedDate": "03/15/2016",
    "clearDate": null,
    "companyNumber": "60",
    "namedInsured": "Suarez, Miguel E",
    "settleDate": "03/17/2016"
  },
  {
    "agencyCode": "26892",
    "cashItemId": "80954212",
    "policyId": "104601141910001",
    "version": "2",
    "entryDate": "03/15/2016",
    "amount": "56",
    "typeCode": "2",
    "appliedDate": "03/15/2016",
    "clearDate": null,
    "companyNumber": "60",
    "namedInsured": "Martinez, Manuel C",
    "settleDate": "03/17/2016"
  },
  {
    "agencyCode": "26892",
    "cashItemId": "80955401",
    "policyId": "104630962829001",
    "version": "2",
    "entryDate": "03/15/2016",
    "amount": "203.16",
    "typeCode": "2",
    "appliedDate": "03/15/2016",
    "clearDate": null,
    "companyNumber": "63",
    "namedInsured": "Gil, Lisbeth Damaris Barreto",
    "settleDate": "03/17/2016"
  },
  {
    "agencyCode": "26892",
    "cashItemId": "80955199",
    "policyId": "104631308499001",
    "version": "1",
    "entryDate": "03/15/2016",
    "amount": "55.41",
    "typeCode": "2",
    "appliedDate": "03/15/2016",
    "clearDate": null,
    "companyNumber": "63",
    "namedInsured": "Rodriguez-morales, Isaias",
    "settleDate": "03/17/2016"
  },
  {
    "agencyCode": "26892",
    "cashItemId": "80917982",
    "policyId": "104601306057001",
    "version": "1",
    "entryDate": "03/14/2016",
    "amount": "79.14",
    "typeCode": "2",
    "appliedDate": "03/14/2016",
    "clearDate": null,
    "companyNumber": "60",
    "namedInsured": "Howard, Porsha",
    "settleDate": "03/16/2016"
  },
  {
    "agencyCode": "26892",
    "cashItemId": "80917025",
    "policyId": "104630080674001",
    "version": "7",
    "entryDate": "03/14/2016",
    "amount": "50",
    "typeCode": "2",
    "appliedDate": "03/14/2016",
    "clearDate": null,
    "companyNumber": "60",
    "namedInsured": "Alvarez, Alejandra",
    "settleDate": "03/16/2016"
  },
  {
    "agencyCode": "26892",
    "cashItemId": "80924577",
    "policyId": "104630401850001",
    "version": "4",
    "entryDate": "03/14/2016",
    "amount": "155",
    "typeCode": "2",
    "appliedDate": "03/14/2016",
    "clearDate": null,
    "companyNumber": "63",
    "namedInsured": "GRIMALDOMEJIA, LUIS GABRIEL",
    "settleDate": "03/16/2016"
  },
  {
    "agencyCode": "26892",
    "cashItemId": "80895079",
    "policyId": "104601114342001",
    "version": "2",
    "entryDate": "03/12/2016",
    "amount": "86.16",
    "typeCode": "2",
    "appliedDate": "03/12/2016",
    "clearDate": null,
    "companyNumber": "60",
    "namedInsured": "Osorio, Minor",
    "settleDate": "03/15/2016"
  },
  {
    "agencyCode": "26892",
    "cashItemId": "80897299",
    "policyId": "104631320759001",
    "version": "1",
    "entryDate": "03/12/2016",
    "amount": "159.86",
    "typeCode": "2",
    "appliedDate": "03/12/2016",
    "clearDate": null,
    "companyNumber": "63",
    "namedInsured": "Villegas, Raymundo",
    "settleDate": "03/15/2016"
  },
  {
    "agencyCode": "26892",
    "cashItemId": "80872827",
    "policyId": "104630112353001",
    "version": "4",
    "entryDate": "03/11/2016",
    "amount": "70",
    "typeCode": "2",
    "appliedDate": "03/11/2016",
    "clearDate": null,
    "companyNumber": "63",
    "namedInsured": "Gomez Saenz, Felipe Misael",
    "settleDate": "03/15/2016"
  },
  {
    "agencyCode": "26892",
    "cashItemId": "80870079",
    "policyId": "104630453494001",
    "version": "4",
    "entryDate": "03/11/2016",
    "amount": "101.01",
    "typeCode": "2",
    "appliedDate": "03/11/2016",
    "clearDate": null,
    "companyNumber": "63",
    "namedInsured": "Salas, Juan Carlos",
    "settleDate": "03/15/2016"
  },
  {
    "agencyCode": "26892",
    "cashItemId": "80874935",
    "policyId": "104630823497001",
    "version": "3",
    "entryDate": "03/11/2016",
    "amount": "176.34",
    "typeCode": "2",
    "appliedDate": "03/11/2016",
    "clearDate": null,
    "companyNumber": "63",
    "namedInsured": "Smith, Enevila Kiana",
    "settleDate": "03/15/2016"
  },
  {
    "agencyCode": "26892",
    "cashItemId": "80835066",
    "policyId": "104600491398001",
    "version": "4",
    "entryDate": "03/10/2016",
    "amount": "140",
    "typeCode": "2",
    "appliedDate": "03/10/2016",
    "clearDate": null,
    "companyNumber": "60",
    "namedInsured": "Torres, Victor",
    "settleDate": "03/14/2016"
  },
  {
    "agencyCode": "26892",
    "cashItemId": "80837667",
    "policyId": "104601062930001",
    "version": "3",
    "entryDate": "03/10/2016",
    "amount": "53",
    "typeCode": "2",
    "appliedDate": "03/10/2016",
    "clearDate": null,
    "companyNumber": "60",
    "namedInsured": "Carlos, Brian Anthony",
    "settleDate": "03/14/2016"
  },
  {
    "agencyCode": "26892",
    "cashItemId": "80833229",
    "policyId": "104630440393001",
    "version": "4",
    "entryDate": "03/10/2016",
    "amount": "375",
    "typeCode": "2",
    "appliedDate": "03/10/2016",
    "clearDate": null,
    "companyNumber": "63",
    "namedInsured": "Floresmartinez, Flora",
    "settleDate": "03/14/2016"
  },
  {
    "agencyCode": "26892",
    "cashItemId": "80837164",
    "policyId": "104630593283001",
    "version": "4",
    "entryDate": "03/10/2016",
    "amount": "50",
    "typeCode": "2",
    "appliedDate": "03/10/2016",
    "clearDate": null,
    "companyNumber": "60",
    "namedInsured": "Gonzalez, Martin Martin",
    "settleDate": "03/14/2016"
  },
  {
    "agencyCode": "26892",
    "cashItemId": "80844165",
    "policyId": "104631137245001",
    "version": "3",
    "entryDate": "03/10/2016",
    "amount": "115.4",
    "typeCode": "2",
    "appliedDate": "03/10/2016",
    "clearDate": null,
    "companyNumber": "63",
    "namedInsured": "Urias Vasquez, Santos Antonio",
    "settleDate": "03/14/2016"
  },
  {
    "agencyCode": "26892",
    "cashItemId": "80795154",
    "policyId": "104601176785001",
    "version": "1",
    "entryDate": "03/09/2016",
    "amount": "230.06",
    "typeCode": "2",
    "appliedDate": "03/09/2016",
    "clearDate": null,
    "companyNumber": "60",
    "namedInsured": "Mceleveen, Shelly Denise",
    "settleDate": "03/11/2016"
  },
  {
    "agencyCode": "26892",
    "cashItemId": "80791797",
    "policyId": "104601305154001",
    "version": "1",
    "entryDate": "03/09/2016",
    "amount": "82",
    "typeCode": "2",
    "appliedDate": "03/09/2016",
    "clearDate": null,
    "companyNumber": "60",
    "namedInsured": "Ali, Khasijah Zarinah Zakiyyah",
    "settleDate": "03/11/2016"
  },
  {
    "agencyCode": "26892",
    "cashItemId": "80800041",
    "policyId": "104601306518001",
    "version": "1",
    "entryDate": "03/09/2016",
    "amount": "68",
    "typeCode": "2",
    "appliedDate": "03/09/2016",
    "clearDate": null,
    "companyNumber": "60",
    "namedInsured": "Martinez, Lizete",
    "settleDate": "03/11/2016"
  },
  {
    "agencyCode": "26892",
    "cashItemId": "80795239",
    "policyId": "104630848332001",
    "version": "6",
    "entryDate": "03/09/2016",
    "amount": "669",
    "typeCode": "2",
    "appliedDate": "03/09/2016",
    "clearDate": null,
    "companyNumber": "63",
    "namedInsured": "Gallegos, Vicente Armando",
    "settleDate": "03/11/2016"
  },
  {
    "agencyCode": "26892",
    "cashItemId": "80800132",
    "policyId": "104631195360001",
    "version": "1",
    "entryDate": "03/09/2016",
    "amount": "90",
    "typeCode": "2",
    "appliedDate": "03/09/2016",
    "clearDate": null,
    "companyNumber": "63",
    "namedInsured": "Robinson, Gregory Kevin",
    "settleDate": "03/11/2016"
  },
  {
    "agencyCode": "26892",
    "cashItemId": "80766644",
    "policyId": "104630496893001",
    "version": "4",
    "entryDate": "03/08/2016",
    "amount": "81.15",
    "typeCode": "2",
    "appliedDate": "03/08/2016",
    "clearDate": null,
    "companyNumber": "60",
    "namedInsured": "Actual Saldana, Mayra",
    "settleDate": "03/10/2016"
  },
  {
    "agencyCode": "26892",
    "cashItemId": "80767444",
    "policyId": "104630688053001",
    "version": "2",
    "entryDate": "03/08/2016",
    "amount": "45.43",
    "typeCode": "2",
    "appliedDate": "03/08/2016",
    "clearDate": null,
    "companyNumber": "63",
    "namedInsured": "Mejia, Ana Dora Ortiz",
    "settleDate": "03/10/2016"
  },
  {
    "agencyCode": "26892",
    "cashItemId": "80773677",
    "policyId": "104631318957001",
    "version": "1",
    "entryDate": "03/08/2016",
    "amount": "108.66",
    "typeCode": "2",
    "appliedDate": "03/08/2016",
    "clearDate": null,
    "companyNumber": "63",
    "namedInsured": "Herod, Lashawn Denise",
    "settleDate": "03/10/2016"
  },
  {
    "agencyCode": "26892",
    "cashItemId": "80734378",
    "policyId": "104601024508001",
    "version": "2",
    "entryDate": "03/07/2016",
    "amount": "50",
    "typeCode": "2",
    "appliedDate": "03/07/2016",
    "clearDate": null,
    "companyNumber": "60",
    "namedInsured": "Navia, Jose",
    "settleDate": "03/09/2016"
  },
  {
    "agencyCode": "26892",
    "cashItemId": "80745051",
    "policyId": "104601080129001",
    "version": "2",
    "entryDate": "03/07/2016",
    "amount": "111",
    "typeCode": "2",
    "appliedDate": "03/07/2016",
    "clearDate": null,
    "companyNumber": "60",
    "namedInsured": "Pratts, Jaime",
    "settleDate": "03/09/2016"
  },
  {
    "agencyCode": "26892",
    "cashItemId": "80745502",
    "policyId": "104630439079001",
    "version": "4",
    "entryDate": "03/07/2016",
    "amount": "125.06",
    "typeCode": "2",
    "appliedDate": "03/07/2016",
    "clearDate": null,
    "companyNumber": "60",
    "namedInsured": "Gooden, Rochelle A",
    "settleDate": "03/09/2016"
  },
  {
    "agencyCode": "26892",
    "cashItemId": "80745240",
    "policyId": "104630892183001",
    "version": "3",
    "entryDate": "03/07/2016",
    "amount": "204",
    "typeCode": "2",
    "appliedDate": "03/07/2016",
    "clearDate": null,
    "companyNumber": "63",
    "namedInsured": "Bustos, Alejandro",
    "settleDate": "03/09/2016"
  },
  {
    "agencyCode": "26892",
    "cashItemId": "80710496",
    "policyId": "104600166866001",
    "version": "11",
    "entryDate": "03/05/2016",
    "amount": "115",
    "typeCode": "2",
    "appliedDate": "03/05/2016",
    "clearDate": null,
    "companyNumber": "60",
    "namedInsured": "Mcnack, Wandasha Ann",
    "settleDate": "03/08/2016"
  },
  {
    "agencyCode": "26892",
    "cashItemId": "80715073",
    "policyId": "104600802953001",
    "version": "4",
    "entryDate": "03/05/2016",
    "amount": "179",
    "typeCode": "2",
    "appliedDate": "03/05/2016",
    "clearDate": null,
    "companyNumber": "60",
    "namedInsured": "Leon, Juan Manuel",
    "settleDate": "03/08/2016"
  },
  {
    "agencyCode": "26892",
    "cashItemId": "80715208",
    "policyId": "104630525917001",
    "version": "5",
    "entryDate": "03/05/2016",
    "amount": "64",
    "typeCode": "2",
    "appliedDate": "03/05/2016",
    "clearDate": null,
    "companyNumber": "63",
    "namedInsured": "ORTIZ, ALEJANDRO",
    "settleDate": "03/08/2016"
  },
  {
    "agencyCode": "26892",
    "cashItemId": "80713541",
    "policyId": "104630849779001",
    "version": "3",
    "entryDate": "03/05/2016",
    "amount": "86",
    "typeCode": "2",
    "appliedDate": "03/05/2016",
    "clearDate": null,
    "companyNumber": "63",
    "namedInsured": "Rodriguez, Jose Salvador",
    "settleDate": "03/08/2016"
  },
  {
    "agencyCode": "26892",
    "cashItemId": "80716281",
    "policyId": "104631012465001",
    "version": "2",
    "entryDate": "03/05/2016",
    "amount": "116",
    "typeCode": "2",
    "appliedDate": "03/05/2016",
    "clearDate": null,
    "companyNumber": "63",
    "namedInsured": "Pitts, Stephen Gregory",
    "settleDate": "03/08/2016"
  },
  {
    "agencyCode": "26892",
    "cashItemId": "80678406",
    "policyId": "104600072769001",
    "version": "5",
    "entryDate": "03/04/2016",
    "amount": "316.19",
    "typeCode": "2",
    "appliedDate": "03/04/2016",
    "clearDate": null,
    "companyNumber": "60",
    "namedInsured": "Reyes, Rafael Medina",
    "settleDate": "03/08/2016"
  },
  {
    "agencyCode": "26892",
    "cashItemId": "80682532",
    "policyId": "104600655239001",
    "version": "4",
    "entryDate": "03/04/2016",
    "amount": "245",
    "typeCode": "2",
    "appliedDate": "03/04/2016",
    "clearDate": null,
    "companyNumber": "60",
    "namedInsured": "GARCIA, TUPAC",
    "settleDate": "03/08/2016"
  },
  {
    "agencyCode": "26892",
    "cashItemId": "80682556",
    "policyId": "104601233259001",
    "version": "1",
    "entryDate": "03/04/2016",
    "amount": "36.44",
    "typeCode": "2",
    "appliedDate": "03/04/2016",
    "clearDate": null,
    "companyNumber": "60",
    "namedInsured": "Macario, Alfredo Lopez",
    "settleDate": "03/08/2016"
  },
  {
    "agencyCode": "26892",
    "cashItemId": "80693244",
    "policyId": "104601317523001",
    "version": "1",
    "entryDate": "03/04/2016",
    "amount": "51.88",
    "typeCode": "2",
    "appliedDate": "03/04/2016",
    "clearDate": null,
    "companyNumber": "60",
    "namedInsured": "Sanchez Padilla, Fernando",
    "settleDate": "03/08/2016"
  },
  {
    "agencyCode": "26892",
    "cashItemId": "80686736",
    "policyId": "104630759029001",
    "version": "3",
    "entryDate": "03/04/2016",
    "amount": "132",
    "typeCode": "2",
    "appliedDate": "03/04/2016",
    "clearDate": null,
    "companyNumber": "60",
    "namedInsured": "Martinez-ortega, J. Moises",
    "settleDate": "03/08/2016"
  },
  {
    "agencyCode": "26892",
    "cashItemId": "80650982",
    "policyId": "104587224067001",
    "version": "7",
    "entryDate": "03/03/2016",
    "amount": "164.09",
    "typeCode": "2",
    "appliedDate": "03/03/2016",
    "clearDate": null,
    "companyNumber": "60",
    "namedInsured": "SMITH, DIANA MARIE",
    "settleDate": "03/07/2016"
  },
  {
    "agencyCode": "26892",
    "cashItemId": "80656934",
    "policyId": "104600647269001",
    "version": "5",
    "entryDate": "03/03/2016",
    "amount": "169.98",
    "typeCode": "2",
    "appliedDate": "03/03/2016",
    "clearDate": null,
    "companyNumber": "60",
    "namedInsured": "Virgil, Otis Leon",
    "settleDate": "03/07/2016"
  },
  {
    "agencyCode": "26892",
    "cashItemId": "80659430",
    "policyId": "104630841829001",
    "version": "3",
    "entryDate": "03/03/2016",
    "amount": "378",
    "typeCode": "2",
    "appliedDate": "03/03/2016",
    "clearDate": null,
    "companyNumber": "63",
    "namedInsured": "Clark, Vivian",
    "settleDate": "03/07/2016"
  },
  {
    "agencyCode": "26892",
    "cashItemId": "80598413",
    "policyId": "104630900768001",
    "version": "3",
    "entryDate": "03/02/2016",
    "amount": "80",
    "typeCode": "2",
    "appliedDate": "03/02/2016",
    "clearDate": null,
    "companyNumber": "63",
    "namedInsured": "Magana-godinez, Miguel Angel",
    "settleDate": "03/04/2016"
  },
  {
    "agencyCode": "26892",
    "cashItemId": "80569709",
    "policyId": "104600464294001",
    "version": "4",
    "entryDate": "03/01/2016",
    "amount": "115",
    "typeCode": "2",
    "appliedDate": "03/01/2016",
    "clearDate": null,
    "companyNumber": "60",
    "namedInsured": "Clarkston, Savalia",
    "settleDate": "03/03/2016"
  },
  {
    "agencyCode": "26892",
    "cashItemId": "80575371",
    "policyId": "104630850772001",
    "version": "3",
    "entryDate": "03/01/2016",
    "amount": "84.11",
    "typeCode": "2",
    "appliedDate": "03/01/2016",
    "clearDate": null,
    "companyNumber": "63",
    "namedInsured": "Anderson, Kia",
    "settleDate": "03/03/2016"
  },
  {
    "agencyCode": "26892",
    "cashItemId": "80545123",
    "policyId": "104489007414001",
    "version": "2",
    "entryDate": "02/29/2016",
    "amount": "50.22",
    "typeCode": "2",
    "appliedDate": "02/29/2016",
    "clearDate": null,
    "companyNumber": "60",
    "namedInsured": "Delgado Villalobos, Jose Manuel",
    "settleDate": "03/02/2016"
  },
  {
    "agencyCode": "26892",
    "cashItemId": "80525781",
    "policyId": "104600134298001",
    "version": "4",
    "entryDate": "02/29/2016",
    "amount": "112",
    "typeCode": "2",
    "appliedDate": "02/29/2016",
    "clearDate": null,
    "companyNumber": "60",
    "namedInsured": "Samayoa, Cristina Marjoriet",
    "settleDate": "03/02/2016"
  },
  {
    "agencyCode": "26892",
    "cashItemId": "80528885",
    "policyId": "104601220101001",
    "version": "1",
    "entryDate": "02/29/2016",
    "amount": "103",
    "typeCode": "2",
    "appliedDate": "02/29/2016",
    "clearDate": null,
    "companyNumber": "60",
    "namedInsured": "Perobal Canu, Demetrio",
    "settleDate": "03/02/2016"
  },
  {
    "agencyCode": "26892",
    "cashItemId": "80539774",
    "policyId": "104630567992001",
    "version": "7",
    "entryDate": "02/29/2016",
    "amount": "471.64",
    "typeCode": "2",
    "appliedDate": "02/29/2016",
    "clearDate": null,
    "companyNumber": "60",
    "namedInsured": "Solares, Jose Miguel",
    "settleDate": "03/02/2016"
  },
  {
    "agencyCode": "26892",
    "cashItemId": "80529709",
    "policyId": "104630956889001",
    "version": "2",
    "entryDate": "02/29/2016",
    "amount": "204.45",
    "typeCode": "2",
    "appliedDate": "02/29/2016",
    "clearDate": null,
    "companyNumber": "63",
    "namedInsured": "Villafana, Guadalupe",
    "settleDate": "03/02/2016"
  },
  {
    "agencyCode": "26892",
    "cashItemId": "80534496",
    "policyId": "104631315409001",
    "version": "1",
    "entryDate": "02/29/2016",
    "amount": "318.32",
    "typeCode": "2",
    "appliedDate": "02/29/2016",
    "clearDate": null,
    "companyNumber": "63",
    "namedInsured": "Kruithof, Nicholas A",
    "settleDate": "03/02/2016"
  },
  {
    "agencyCode": "26892",
    "cashItemId": "80544405",
    "policyId": "104650174418001",
    "version": "4",
    "entryDate": "02/29/2016",
    "amount": "56.05",
    "typeCode": "2",
    "appliedDate": "02/29/2016",
    "clearDate": null,
    "companyNumber": "60",
    "namedInsured": "RODRIGUEZ, CESAR P",
    "settleDate": "03/02/2016"
  },
  {
    "agencyCode": "26892",
    "cashItemId": "80513140",
    "policyId": "104600788534001",
    "version": "3",
    "entryDate": "02/27/2016",
    "amount": "169.97",
    "typeCode": "2",
    "appliedDate": "02/27/2016",
    "clearDate": null,
    "companyNumber": "60",
    "namedInsured": "Bonilla, Delores Rene",
    "settleDate": "03/01/2016"
  },
  {
    "agencyCode": "26892",
    "cashItemId": "80511518",
    "policyId": "104600850243001",
    "version": "3",
    "entryDate": "02/27/2016",
    "amount": "44",
    "typeCode": "2",
    "appliedDate": "02/27/2016",
    "clearDate": null,
    "companyNumber": "60",
    "namedInsured": "Gaytan, Carlos Rea",
    "settleDate": "03/01/2016"
  },
  {
    "agencyCode": "26892",
    "cashItemId": "80506848",
    "policyId": "104600993384001",
    "version": "3",
    "entryDate": "02/27/2016",
    "amount": "55",
    "typeCode": "2",
    "appliedDate": "02/27/2016",
    "clearDate": null,
    "companyNumber": "60",
    "namedInsured": "Franco, Manuel",
    "settleDate": "03/01/2016"
  },
  {
    "agencyCode": "26892",
    "cashItemId": "80512866",
    "policyId": "104630268042001",
    "version": "5",
    "entryDate": "02/27/2016",
    "amount": "64",
    "typeCode": "2",
    "appliedDate": "02/27/2016",
    "clearDate": null,
    "companyNumber": "63",
    "namedInsured": "Pena Perea, Juan Ramon",
    "settleDate": "03/01/2016"
  },
  {
    "agencyCode": "26892",
    "cashItemId": "80512508",
    "policyId": "104630623660001",
    "version": "4",
    "entryDate": "02/27/2016",
    "amount": "87.23",
    "typeCode": "2",
    "appliedDate": "02/27/2016",
    "clearDate": null,
    "companyNumber": "63",
    "namedInsured": "ROMERO, NORMA SANCHEZ",
    "settleDate": "03/01/2016"
  },
  {
    "agencyCode": "26892",
    "cashItemId": "80482930",
    "policyId": "104600103221001",
    "version": "5",
    "entryDate": "02/26/2016",
    "amount": "113.9",
    "typeCode": "2",
    "appliedDate": "02/26/2016",
    "clearDate": null,
    "companyNumber": "60",
    "namedInsured": "RODRIGUES, FELIPE RESENDIZ",
    "settleDate": "03/01/2016"
  },
  {
    "agencyCode": "26892",
    "cashItemId": "80482042",
    "policyId": "104630512433001",
    "version": "4",
    "entryDate": "02/26/2016",
    "amount": "137",
    "typeCode": "2",
    "appliedDate": "02/26/2016",
    "clearDate": null,
    "companyNumber": "63",
    "namedInsured": "Mabry, Ben",
    "settleDate": "03/01/2016"
  },
  {
    "agencyCode": "26892",
    "cashItemId": "80459537",
    "policyId": "104600881681001",
    "version": "3",
    "entryDate": "02/25/2016",
    "amount": "114.76",
    "typeCode": "2",
    "appliedDate": "02/25/2016",
    "clearDate": null,
    "companyNumber": "60",
    "namedInsured": "Campos, Alfredo",
    "settleDate": "02/29/2016"
  },
  {
    "agencyCode": "26892",
    "cashItemId": "80455771",
    "policyId": "104630895916001",
    "version": "3",
    "entryDate": "02/25/2016",
    "amount": "109",
    "typeCode": "2",
    "appliedDate": "02/25/2016",
    "clearDate": null,
    "companyNumber": "63",
    "namedInsured": "Pinto, Salvador Flores",
    "settleDate": "02/29/2016"
  },
  {
    "agencyCode": "26892",
    "cashItemId": "80397966",
    "policyId": "104419686705001",
    "version": "4",
    "entryDate": "02/24/2016",
    "amount": "167",
    "typeCode": "2",
    "appliedDate": "02/24/2016",
    "clearDate": null,
    "companyNumber": "60",
    "namedInsured": "HERNANDEZ, GUSTAVO",
    "settleDate": "02/26/2016"
  },
  {
    "agencyCode": "26892",
    "cashItemId": "80402350",
    "policyId": "104600243178001",
    "version": "4",
    "entryDate": "02/24/2016",
    "amount": "151.04",
    "typeCode": "2",
    "appliedDate": "02/24/2016",
    "clearDate": null,
    "companyNumber": "60",
    "namedInsured": "BARRIO, MARIO",
    "settleDate": "02/26/2016"
  },
  {
    "agencyCode": "26892",
    "cashItemId": "80397674",
    "policyId": "104600320850001",
    "version": "5",
    "entryDate": "02/24/2016",
    "amount": "64.17",
    "typeCode": "2",
    "appliedDate": "02/24/2016",
    "clearDate": null,
    "companyNumber": "60",
    "namedInsured": "SANCHEZ, MARTIN BAUTISTA",
    "settleDate": "02/26/2016"
  },
  {
    "agencyCode": "26892",
    "cashItemId": "80399106",
    "policyId": "104600878937001",
    "version": "3",
    "entryDate": "02/24/2016",
    "amount": "58.26",
    "typeCode": "2",
    "appliedDate": "02/24/2016",
    "clearDate": null,
    "companyNumber": "60",
    "namedInsured": "Cervantes, Juan M",
    "settleDate": "02/26/2016"
  },
  {
    "agencyCode": "26892",
    "cashItemId": "80398476",
    "policyId": "104630723240001",
    "version": "4",
    "entryDate": "02/24/2016",
    "amount": "100",
    "typeCode": "2",
    "appliedDate": "02/24/2016",
    "clearDate": null,
    "companyNumber": "60",
    "namedInsured": "Castillo, Guadalupe Del Socoro",
    "settleDate": "02/26/2016"
  },
  {
    "agencyCode": "26892",
    "cashItemId": "80400148",
    "policyId": "104630982073001",
    "version": "2",
    "entryDate": "02/24/2016",
    "amount": "127",
    "typeCode": "2",
    "appliedDate": "02/24/2016",
    "clearDate": null,
    "companyNumber": "63",
    "namedInsured": "White, Natashia Ledeace",
    "settleDate": "02/26/2016"
  },
  {
    "agencyCode": "26892",
    "cashItemId": "80369958",
    "policyId": "104600132734001",
    "version": "4",
    "entryDate": "02/23/2016",
    "amount": "107.76",
    "typeCode": "2",
    "appliedDate": "02/23/2016",
    "clearDate": null,
    "companyNumber": "60",
    "namedInsured": "Cruz De Contreras, Baselisa",
    "settleDate": null
  },
  {
    "agencyCode": "26892",
    "cashItemId": "80372399",
    "policyId": "104600932385001",
    "version": "3",
    "entryDate": "02/23/2016",
    "amount": "109.21",
    "typeCode": "2",
    "appliedDate": "02/23/2016",
    "clearDate": null,
    "companyNumber": "63",
    "namedInsured": "Melchor Sanchez, Jose Juan",
    "settleDate": "02/25/2016"
  },
  {
    "agencyCode": "26892",
    "cashItemId": "80373333",
    "policyId": "104600932788001",
    "version": "3",
    "entryDate": "02/23/2016",
    "amount": "273.88",
    "typeCode": "2",
    "appliedDate": "02/23/2016",
    "clearDate": null,
    "companyNumber": "60",
    "namedInsured": "Cummings, Malika Tamu",
    "settleDate": null
  },
  {
    "agencyCode": "26892",
    "cashItemId": "80381141",
    "policyId": "104601273006001",
    "version": "1",
    "entryDate": "02/23/2016",
    "amount": "204",
    "typeCode": "2",
    "appliedDate": "02/23/2016",
    "clearDate": null,
    "companyNumber": "60",
    "namedInsured": "Lopez Galvan, Berenice Del Carmen",
    "settleDate": "02/25/2016"
  },
  {
    "agencyCode": "26892",
    "cashItemId": "80371049",
    "policyId": "104630619528001",
    "version": "5",
    "entryDate": "02/23/2016",
    "amount": "200",
    "typeCode": "2",
    "appliedDate": "02/23/2016",
    "clearDate": null,
    "companyNumber": "63",
    "namedInsured": "Rodriguez, Rosa Isela",
    "settleDate": null
  },
  {
    "agencyCode": "26892",
    "cashItemId": "80371205",
    "policyId": "104631202597001",
    "version": "1",
    "entryDate": "02/23/2016",
    "amount": "130",
    "typeCode": "2",
    "appliedDate": "02/23/2016",
    "clearDate": null,
    "companyNumber": "63",
    "namedInsured": "Corado Acalja, Wilmer Anibal",
    "settleDate": "02/25/2016"
  },
  {
    "agencyCode": "26892",
    "cashItemId": "80352359",
    "policyId": "104600168893001",
    "version": "4",
    "entryDate": "02/22/2016",
    "amount": "202",
    "typeCode": "2",
    "appliedDate": "02/22/2016",
    "clearDate": null,
    "companyNumber": "60",
    "namedInsured": "Cambre, Darren",
    "settleDate": "02/24/2016"
  },
  {
    "agencyCode": "26892",
    "cashItemId": "80340853",
    "policyId": "104600965668001",
    "version": "2",
    "entryDate": "02/22/2016",
    "amount": "57",
    "typeCode": "2",
    "appliedDate": "02/22/2016",
    "clearDate": null,
    "companyNumber": "60",
    "namedInsured": "Garcia, Francisco",
    "settleDate": "02/24/2016"
  },
  {
    "agencyCode": "26892",
    "cashItemId": "80339775",
    "policyId": "104601000700001",
    "version": "2",
    "entryDate": "02/22/2016",
    "amount": "99.14",
    "typeCode": "2",
    "appliedDate": "02/22/2016",
    "clearDate": null,
    "companyNumber": "60",
    "namedInsured": "Kelly, Ray Bernard",
    "settleDate": "02/24/2016"
  },
  {
    "agencyCode": "26892",
    "cashItemId": "80354368",
    "policyId": "104601081283001",
    "version": "2",
    "entryDate": "02/22/2016",
    "amount": "123",
    "typeCode": "2",
    "appliedDate": "02/22/2016",
    "clearDate": null,
    "companyNumber": "60",
    "namedInsured": "Resendizcarrillo, Jose Francisco",
    "settleDate": "02/24/2016"
  },
  {
    "agencyCode": "26892",
    "cashItemId": "80344879",
    "policyId": "104601122482001",
    "version": "2",
    "entryDate": "02/22/2016",
    "amount": "110.22",
    "typeCode": "2",
    "appliedDate": "02/22/2016",
    "clearDate": null,
    "companyNumber": "60",
    "namedInsured": "Rosales, Sara",
    "settleDate": "02/24/2016"
  },
  {
    "agencyCode": "26892",
    "cashItemId": "80352252",
    "policyId": "104601141910001",
    "version": "1",
    "entryDate": "02/22/2016",
    "amount": "57",
    "typeCode": "2",
    "appliedDate": "02/22/2016",
    "clearDate": null,
    "companyNumber": "60",
    "namedInsured": "Martinez, Manuel C",
    "settleDate": "02/24/2016"
  },
  {
    "agencyCode": "26892",
    "cashItemId": "80225694",
    "policyId": "104600231892001",
    "version": "7",
    "entryDate": "02/20/2016",
    "amount": "155",
    "typeCode": "2",
    "appliedDate": "02/20/2016",
    "clearDate": null,
    "companyNumber": "60",
    "namedInsured": "Hinton, Yvonne Anita",
    "settleDate": "02/23/2016"
  },
  {
    "agencyCode": "26892",
    "cashItemId": "80222003",
    "policyId": "104630307250001",
    "version": "4",
    "entryDate": "02/20/2016",
    "amount": "49",
    "typeCode": "2",
    "appliedDate": "02/20/2016",
    "clearDate": null,
    "companyNumber": "63",
    "namedInsured": "SAMUELS, THOMAS K",
    "settleDate": "02/23/2016"
  },
  {
    "agencyCode": "26892",
    "cashItemId": "80223430",
    "policyId": "104630515958001",
    "version": "4",
    "entryDate": "02/20/2016",
    "amount": "53",
    "typeCode": "2",
    "appliedDate": "02/20/2016",
    "clearDate": null,
    "companyNumber": "63",
    "namedInsured": "Trinidad-flores, Juan De La",
    "settleDate": "02/23/2016"
  },
  {
    "agencyCode": "26892",
    "cashItemId": "80222340",
    "policyId": "104631311705001",
    "version": "1",
    "entryDate": "02/20/2016",
    "amount": "159.46",
    "typeCode": "2",
    "appliedDate": "02/20/2016",
    "clearDate": null,
    "companyNumber": "63",
    "namedInsured": "Williamson, Shaquisha Yvette",
    "settleDate": "02/23/2016"
  },
  {
    "agencyCode": "26892",
    "cashItemId": "80238232",
    "policyId": "104640221422001",
    "version": "4",
    "entryDate": "02/20/2016",
    "amount": "102",
    "typeCode": "2",
    "appliedDate": "02/20/2016",
    "clearDate": null,
    "companyNumber": "60",
    "namedInsured": "Raymundo, Maria G",
    "settleDate": "02/23/2016"
  },
  {
    "agencyCode": "26892",
    "cashItemId": "80201187",
    "policyId": "104600131627001",
    "version": "5",
    "entryDate": "02/19/2016",
    "amount": "98.93",
    "typeCode": "2",
    "appliedDate": "02/19/2016",
    "clearDate": null,
    "companyNumber": "60",
    "namedInsured": "GARCIA CASTRO, RICARDO MANUEL",
    "settleDate": "02/23/2016"
  },
  {
    "agencyCode": "26892",
    "cashItemId": "80200928",
    "policyId": "104600316990001",
    "version": "4",
    "entryDate": "02/19/2016",
    "amount": "64",
    "typeCode": "2",
    "appliedDate": "02/19/2016",
    "clearDate": null,
    "companyNumber": "60",
    "namedInsured": "COLO, JOSE JULIIO",
    "settleDate": "02/23/2016"
  },
  {
    "agencyCode": "26892",
    "cashItemId": "80198022",
    "policyId": "104600769170001",
    "version": "3",
    "entryDate": "02/19/2016",
    "amount": "123.2",
    "typeCode": "2",
    "appliedDate": "02/19/2016",
    "clearDate": null,
    "companyNumber": "60",
    "namedInsured": "Aguillon-carbajal, Joel Lorenzo",
    "settleDate": "02/23/2016"
  },
  {
    "agencyCode": "26892",
    "cashItemId": "80189583",
    "policyId": "104600966766001",
    "version": "2",
    "entryDate": "02/19/2016",
    "amount": "107",
    "typeCode": "2",
    "appliedDate": "02/19/2016",
    "clearDate": null,
    "companyNumber": "60",
    "namedInsured": "Mendoza-Arteaga, Bertha Alicia",
    "settleDate": "02/23/2016"
  },
  {
    "agencyCode": "26892",
    "cashItemId": "80193961",
    "policyId": "104601311164001",
    "version": "1",
    "entryDate": "02/19/2016",
    "amount": "165.39",
    "typeCode": "2",
    "appliedDate": "02/19/2016",
    "clearDate": null,
    "companyNumber": "60",
    "namedInsured": "Gomez, Manuel",
    "settleDate": "02/23/2016"
  },
  {
    "agencyCode": "26892",
    "cashItemId": "80196201",
    "policyId": "104630408781001",
    "version": "4",
    "entryDate": "02/19/2016",
    "amount": "104",
    "typeCode": "2",
    "appliedDate": "02/19/2016",
    "clearDate": null,
    "companyNumber": "63",
    "namedInsured": "GUSTAVIS, SHARON DENISE",
    "settleDate": "02/23/2016"
  },
  {
    "agencyCode": "26892",
    "cashItemId": "80192931",
    "policyId": "104630504273001",
    "version": "4",
    "entryDate": "02/19/2016",
    "amount": "126",
    "typeCode": "2",
    "appliedDate": "02/19/2016",
    "clearDate": null,
    "companyNumber": "63",
    "namedInsured": "BOWMAN, WENDELL LAVELLE",
    "settleDate": "02/23/2016"
  },
  {
    "agencyCode": "26892",
    "cashItemId": "80194561",
    "policyId": "104630551296001",
    "version": "5",
    "entryDate": "02/19/2016",
    "amount": "108.21",
    "typeCode": "2",
    "appliedDate": "02/19/2016",
    "clearDate": null,
    "companyNumber": "63",
    "namedInsured": "MARTINEZ, ANA L",
    "settleDate": "02/23/2016"
  },
  {
    "agencyCode": "26892",
    "cashItemId": "80202187",
    "policyId": "104630749206001",
    "version": "3",
    "entryDate": "02/19/2016",
    "amount": "145.57",
    "typeCode": "2",
    "appliedDate": "02/19/2016",
    "clearDate": null,
    "companyNumber": "63",
    "namedInsured": "Gallegos, Roberto Gallegos",
    "settleDate": "02/23/2016"
  },
  {
    "agencyCode": "26892",
    "cashItemId": "80202959",
    "policyId": "104631270610001",
    "version": "1",
    "entryDate": "02/19/2016",
    "amount": "124",
    "typeCode": "2",
    "appliedDate": "02/19/2016",
    "clearDate": null,
    "companyNumber": "63",
    "namedInsured": "Portero, Danilo",
    "settleDate": "02/23/2016"
  },
  {
    "agencyCode": "26892",
    "cashItemId": "80162739",
    "policyId": "104600506686001",
    "version": "4",
    "entryDate": "02/18/2016",
    "amount": "157",
    "typeCode": "2",
    "appliedDate": "02/18/2016",
    "clearDate": null,
    "companyNumber": "60",
    "namedInsured": "BOBADILLA, RAMON",
    "settleDate": "02/22/2016"
  },
  {
    "agencyCode": "26892",
    "cashItemId": "80165356",
    "policyId": "104600508851001",
    "version": "4",
    "entryDate": "02/18/2016",
    "amount": "37",
    "typeCode": "2",
    "appliedDate": "02/18/2016",
    "clearDate": null,
    "companyNumber": "60",
    "namedInsured": "HERNANDEZ, ANGEL CUSTODIO",
    "settleDate": "02/22/2016"
  },
  {
    "agencyCode": "26892",
    "cashItemId": "80174015",
    "policyId": "104601245266001",
    "version": "2",
    "entryDate": "02/18/2016",
    "amount": "76.26",
    "typeCode": "2",
    "appliedDate": "02/18/2016",
    "clearDate": null,
    "companyNumber": "60",
    "namedInsured": "Arreola, Juana Isabel",
    "settleDate": "02/22/2016"
  },
  {
    "agencyCode": "26892",
    "cashItemId": "80171055",
    "policyId": "104601283816001",
    "version": "1",
    "entryDate": "02/18/2016",
    "amount": "50",
    "typeCode": "2",
    "appliedDate": "02/18/2016",
    "clearDate": null,
    "companyNumber": "60",
    "namedInsured": "Brazile, Lorsicy Marie",
    "settleDate": "02/22/2016"
  },
  {
    "agencyCode": "26892",
    "cashItemId": "80166748",
    "policyId": "104630254364001",
    "version": "5",
    "entryDate": "02/18/2016",
    "amount": "110.4",
    "typeCode": "2",
    "appliedDate": "02/18/2016",
    "clearDate": null,
    "companyNumber": "63",
    "namedInsured": "Palomino-ortiz, Felix",
    "settleDate": "02/22/2016"
  },
  {
    "agencyCode": "26892",
    "cashItemId": "80122255",
    "policyId": "104600550982001",
    "version": "4",
    "entryDate": "02/17/2016",
    "amount": "89.4",
    "typeCode": "2",
    "appliedDate": "02/17/2016",
    "clearDate": null,
    "companyNumber": "60",
    "namedInsured": "JUAREZ ARAGON, JUAN A",
    "settleDate": "02/19/2016"
  },
  {
    "agencyCode": "26892",
    "cashItemId": "80123532",
    "policyId": "104601161297001",
    "version": "1",
    "entryDate": "02/17/2016",
    "amount": "63",
    "typeCode": "2",
    "appliedDate": "02/17/2016",
    "clearDate": null,
    "companyNumber": "60",
    "namedInsured": "Corona Velasquez, Rafael",
    "settleDate": "02/19/2016"
  },
  {
    "agencyCode": "26892",
    "cashItemId": "80122006",
    "policyId": "104630517519001",
    "version": "4",
    "entryDate": "02/17/2016",
    "amount": "201.16",
    "typeCode": "2",
    "appliedDate": "02/17/2016",
    "clearDate": null,
    "companyNumber": "63",
    "namedInsured": "Strong, Shaun Douglas",
    "settleDate": "02/19/2016"
  },
  {
    "agencyCode": "26892",
    "cashItemId": "80117551",
    "policyId": "104630589041001",
    "version": "4",
    "entryDate": "02/17/2016",
    "amount": "73.27",
    "typeCode": "2",
    "appliedDate": "02/17/2016",
    "clearDate": null,
    "companyNumber": "63",
    "namedInsured": "Villar, Manuel De Jesus Del",
    "settleDate": "02/19/2016"
  },
  {
    "agencyCode": "26892",
    "cashItemId": "80127534",
    "policyId": "104630699201001",
    "version": "4",
    "entryDate": "02/17/2016",
    "amount": "358.11",
    "typeCode": "2",
    "appliedDate": "02/17/2016",
    "clearDate": null,
    "companyNumber": "60",
    "namedInsured": "Jackson, Michael Rene",
    "settleDate": "02/19/2016"
  },
  {
    "agencyCode": "26892",
    "cashItemId": "80120908",
    "policyId": "104630818455001",
    "version": "3",
    "entryDate": "02/17/2016",
    "amount": "82.75",
    "typeCode": "2",
    "appliedDate": "02/17/2016",
    "clearDate": null,
    "companyNumber": "63",
    "namedInsured": "Nolasco, Jose E Vargas",
    "settleDate": "02/19/2016"
  },
  {
    "agencyCode": "26892",
    "cashItemId": "80086784",
    "policyId": "104595323881001",
    "version": "4",
    "entryDate": "02/16/2016",
    "amount": "54",
    "typeCode": "2",
    "appliedDate": "02/16/2016",
    "clearDate": null,
    "companyNumber": "60",
    "namedInsured": "MORGANELLI, SANDRA JEAN",
    "settleDate": "02/18/2016"
  },
  {
    "agencyCode": "26892",
    "cashItemId": "80089206",
    "policyId": "104600770235001",
    "version": "3",
    "entryDate": "02/16/2016",
    "amount": "42",
    "typeCode": "2",
    "appliedDate": "02/16/2016",
    "clearDate": null,
    "companyNumber": "60",
    "namedInsured": "Danhieux, Raymond Anthony",
    "settleDate": "02/18/2016"
  },
  {
    "agencyCode": "26892",
    "cashItemId": "80086911",
    "policyId": "104600967797001",
    "version": "3",
    "entryDate": "02/16/2016",
    "amount": "64",
    "typeCode": "2",
    "appliedDate": "02/16/2016",
    "clearDate": null,
    "companyNumber": "60",
    "namedInsured": "Ayon-godinez, Consuelo Guadalupe",
    "settleDate": "02/18/2016"
  },
  {
    "agencyCode": "26892",
    "cashItemId": "80093499",
    "policyId": "104601309772001",
    "version": "1",
    "entryDate": "02/16/2016",
    "amount": "127",
    "typeCode": "2",
    "appliedDate": "02/16/2016",
    "clearDate": null,
    "companyNumber": "60",
    "namedInsured": "Ortiz, Lydia Ester",
    "settleDate": "02/18/2016"
  },
  {
    "agencyCode": "26892",
    "cashItemId": "80102215",
    "policyId": "104601309952001",
    "version": "1",
    "entryDate": "02/16/2016",
    "amount": "112.06",
    "typeCode": "2",
    "appliedDate": "02/16/2016",
    "clearDate": null,
    "companyNumber": "60",
    "namedInsured": "Zepeda, Saul Jorge",
    "settleDate": "02/18/2016"
  },
  {
    "agencyCode": "26892",
    "cashItemId": "80101870",
    "policyId": "104630205496001",
    "version": "3",
    "entryDate": "02/16/2016",
    "amount": "118",
    "typeCode": "2",
    "appliedDate": "02/16/2016",
    "clearDate": null,
    "companyNumber": "60",
    "namedInsured": "Cuellar, Mirna Isabel",
    "settleDate": "02/18/2016"
  },
  {
    "agencyCode": "26892",
    "cashItemId": "80100473",
    "policyId": "104630613862001",
    "version": "3",
    "entryDate": "02/16/2016",
    "amount": "86.66",
    "typeCode": "2",
    "appliedDate": "02/16/2016",
    "clearDate": null,
    "companyNumber": "63",
    "namedInsured": "Palacio, Jacqueline Jane",
    "settleDate": "02/18/2016"
  },
  {
    "agencyCode": "26892",
    "cashItemId": "80070079",
    "policyId": "104601028322001",
    "version": "2",
    "entryDate": "02/15/2016",
    "amount": "66.51",
    "typeCode": "2",
    "appliedDate": "02/15/2016",
    "clearDate": null,
    "companyNumber": "60",
    "namedInsured": "Perez, Sara",
    "settleDate": "02/17/2016"
  },
  {
    "agencyCode": "26892",
    "cashItemId": "80078502",
    "policyId": "104601122221001",
    "version": "2",
    "entryDate": "02/15/2016",
    "amount": "92.32",
    "typeCode": "2",
    "appliedDate": "02/15/2016",
    "clearDate": null,
    "companyNumber": "60",
    "namedInsured": "Ayala, Francisco J",
    "settleDate": "02/17/2016"
  },
  {
    "agencyCode": "26892",
    "cashItemId": "80075272",
    "policyId": "104601256352001",
    "version": "1",
    "entryDate": "02/15/2016",
    "amount": "54",
    "typeCode": "2",
    "appliedDate": "02/15/2016",
    "clearDate": null,
    "companyNumber": "60",
    "namedInsured": "Pantoja, Jesus",
    "settleDate": "02/17/2016"
  },
  {
    "agencyCode": "26892",
    "cashItemId": "80079464",
    "policyId": "104601270619001",
    "version": "1",
    "entryDate": "02/15/2016",
    "amount": "48",
    "typeCode": "2",
    "appliedDate": "02/15/2016",
    "clearDate": null,
    "companyNumber": "60",
    "namedInsured": "Macias Cano, Eligio",
    "settleDate": "02/17/2016"
  },
  {
    "agencyCode": "26892",
    "cashItemId": "80069175",
    "policyId": "104630080674001",
    "version": "7",
    "entryDate": "02/15/2016",
    "amount": "49.29",
    "typeCode": "2",
    "appliedDate": "02/15/2016",
    "clearDate": null,
    "companyNumber": "60",
    "namedInsured": "Alvarez, Alejandra",
    "settleDate": "02/17/2016"
  },
  {
    "agencyCode": "26892",
    "cashItemId": "80069055",
    "policyId": "104630357030001",
    "version": "4",
    "entryDate": "02/15/2016",
    "amount": "144.94",
    "typeCode": "2",
    "appliedDate": "02/15/2016",
    "clearDate": null,
    "companyNumber": "63",
    "namedInsured": "Hernandez, Yolanda",
    "settleDate": "02/17/2016"
  },
  {
    "agencyCode": "26892",
    "cashItemId": "80076950",
    "policyId": "104631029279001",
    "version": "2",
    "entryDate": "02/15/2016",
    "amount": "129.05",
    "typeCode": "2",
    "appliedDate": "02/15/2016",
    "clearDate": null,
    "companyNumber": "63",
    "namedInsured": "Custodio Olmos, Juan Antonio",
    "settleDate": "02/17/2016"
  },
  {
    "agencyCode": "26892",
    "cashItemId": "80072072",
    "policyId": "104631030894001",
    "version": "3",
    "entryDate": "02/15/2016",
    "amount": "53.24",
    "typeCode": "2",
    "appliedDate": "02/15/2016",
    "clearDate": null,
    "companyNumber": "63",
    "namedInsured": "Washington, Vaughn Alan",
    "settleDate": "02/17/2016"
  },
  {
    "agencyCode": "26892",
    "cashItemId": "80078207",
    "policyId": "104631137245001",
    "version": "2",
    "entryDate": "02/15/2016",
    "amount": "115.55",
    "typeCode": "2",
    "appliedDate": "02/15/2016",
    "clearDate": null,
    "companyNumber": "63",
    "namedInsured": "Urias Vasquez, Santos Antonio",
    "settleDate": "02/17/2016"
  },
  {
    "agencyCode": "26892",
    "cashItemId": "80055269",
    "policyId": "104630112353001",
    "version": "4",
    "entryDate": "02/13/2016",
    "amount": "76",
    "typeCode": "2",
    "appliedDate": "02/13/2016",
    "clearDate": null,
    "companyNumber": "63",
    "namedInsured": "Gomez Saenz, Felipe Misael",
    "settleDate": "02/17/2016"
  },
  {
    "agencyCode": "26892",
    "cashItemId": "80057258",
    "policyId": "104630306293001",
    "version": "3",
    "entryDate": "02/13/2016",
    "amount": "1031.76",
    "typeCode": "2",
    "appliedDate": "02/13/2016",
    "clearDate": null,
    "companyNumber": "63",
    "namedInsured": "Pintor Hernandez, Iris D",
    "settleDate": "02/17/2016"
  },
  {
    "agencyCode": "26892",
    "cashItemId": "80056309",
    "policyId": "104630823497001",
    "version": "3",
    "entryDate": "02/13/2016",
    "amount": "178",
    "typeCode": "2",
    "appliedDate": "02/13/2016",
    "clearDate": null,
    "companyNumber": "63",
    "namedInsured": "Smith, Enevila Kiana",
    "settleDate": "02/17/2016"
  },
  {
    "agencyCode": "26892",
    "cashItemId": "80055059",
    "policyId": "104630933298001",
    "version": "3",
    "entryDate": "02/13/2016",
    "amount": "149",
    "typeCode": "2",
    "appliedDate": "02/13/2016",
    "clearDate": null,
    "companyNumber": "63",
    "namedInsured": "Martling, Jeffrey Michael",
    "settleDate": "02/17/2016"
  },
  {
    "agencyCode": "26892",
    "cashItemId": "80053900",
    "policyId": "104631293758001",
    "version": "1",
    "entryDate": "02/13/2016",
    "amount": "134",
    "typeCode": "2",
    "appliedDate": "02/13/2016",
    "clearDate": null,
    "companyNumber": "63",
    "namedInsured": "Dean, Westley Bernard",
    "settleDate": "02/17/2016"
  },
  {
    "agencyCode": "26892",
    "cashItemId": "80022396",
    "policyId": "104600403597001",
    "version": "4",
    "entryDate": "02/12/2016",
    "amount": "101",
    "typeCode": "2",
    "appliedDate": "02/12/2016",
    "clearDate": null,
    "companyNumber": "60",
    "namedInsured": "MORAGA, CHRISTINA",
    "settleDate": "02/17/2016"
  },
  {
    "agencyCode": "26892",
    "cashItemId": "80024743",
    "policyId": "104600896586001",
    "version": "3",
    "entryDate": "02/12/2016",
    "amount": "84.21",
    "typeCode": "2",
    "appliedDate": "02/12/2016",
    "clearDate": null,
    "companyNumber": "60",
    "namedInsured": "Evans, Anice",
    "settleDate": "02/17/2016"
  },
  {
    "agencyCode": "26892",
    "cashItemId": "80034504",
    "policyId": "104630401850001",
    "version": "4",
    "entryDate": "02/12/2016",
    "amount": "155",
    "typeCode": "2",
    "appliedDate": "02/12/2016",
    "clearDate": null,
    "companyNumber": "63",
    "namedInsured": "GRIMALDOMEJIA, LUIS GABRIEL",
    "settleDate": "02/17/2016"
  },
  {
    "agencyCode": "26892",
    "cashItemId": "80020494",
    "policyId": "104630692406001",
    "version": "2",
    "entryDate": "02/12/2016",
    "amount": "62",
    "typeCode": "2",
    "appliedDate": "02/12/2016",
    "clearDate": null,
    "companyNumber": "60",
    "namedInsured": "King, Sharon M",
    "settleDate": "02/17/2016"
  },
  {
    "agencyCode": "26892",
    "cashItemId": "80028123",
    "policyId": "104630962829001",
    "version": "2",
    "entryDate": "02/12/2016",
    "amount": "204",
    "typeCode": "2",
    "appliedDate": "02/12/2016",
    "clearDate": null,
    "companyNumber": "63",
    "namedInsured": "Gil, Lisbeth Damaris Barreto",
    "settleDate": "02/17/2016"
  },
  {
    "agencyCode": "26892",
    "cashItemId": "80022319",
    "policyId": "104631195360001",
    "version": "1",
    "entryDate": "02/12/2016",
    "amount": "90",
    "typeCode": "2",
    "appliedDate": "02/12/2016",
    "clearDate": null,
    "companyNumber": "63",
    "namedInsured": "Robinson, Gregory Kevin",
    "settleDate": "02/17/2016"
  },
  {
    "agencyCode": "26892",
    "cashItemId": "80034442",
    "policyId": "104631308499001",
    "version": "1",
    "entryDate": "02/12/2016",
    "amount": "82.26",
    "typeCode": "2",
    "appliedDate": "02/12/2016",
    "clearDate": null,
    "companyNumber": "63",
    "namedInsured": "Rodriguez-morales, Isaias",
    "settleDate": "02/17/2016"
  },
  {
    "agencyCode": "26892",
    "cashItemId": "79993960",
    "policyId": "104600841958001",
    "version": "3",
    "entryDate": "02/11/2016",
    "amount": "45.49",
    "typeCode": "2",
    "appliedDate": "02/11/2016",
    "clearDate": null,
    "companyNumber": "60",
    "namedInsured": "Garcia, Oscar Antonio",
    "settleDate": "02/16/2016"
  },
  {
    "agencyCode": "26892",
    "cashItemId": "79997917",
    "policyId": "104601078093001",
    "version": "2",
    "entryDate": "02/11/2016",
    "amount": "162.39",
    "typeCode": "2",
    "appliedDate": "02/11/2016",
    "clearDate": null,
    "companyNumber": "60",
    "namedInsured": "Wadman, Justin Michael",
    "settleDate": "02/16/2016"
  },
  {
    "agencyCode": "26892",
    "cashItemId": "79994065",
    "policyId": "104601307565001",
    "version": "1",
    "entryDate": "02/11/2016",
    "amount": "111.16",
    "typeCode": "2",
    "appliedDate": "02/11/2016",
    "clearDate": null,
    "companyNumber": "60",
    "namedInsured": "Hernandez-knights, Natasha",
    "settleDate": "02/16/2016"
  },
  {
    "agencyCode": "26892",
    "cashItemId": "80000871",
    "policyId": "104630174857001",
    "version": "5",
    "entryDate": "02/11/2016",
    "amount": "125.47",
    "typeCode": "2",
    "appliedDate": "02/11/2016",
    "clearDate": null,
    "companyNumber": "63",
    "namedInsured": "DIAZ, JOSE",
    "settleDate": "02/16/2016"
  },
  {
    "agencyCode": "26892",
    "cashItemId": "80001906",
    "policyId": "104630602203001",
    "version": "5",
    "entryDate": "02/11/2016",
    "amount": "151",
    "typeCode": "2",
    "appliedDate": "02/11/2016",
    "clearDate": null,
    "companyNumber": "60",
    "namedInsured": "Cortez, Irma Victoria",
    "settleDate": "02/16/2016"
  },
  {
    "agencyCode": "26892",
    "cashItemId": "79945043",
    "policyId": "104601062930001",
    "version": "3",
    "entryDate": "02/10/2016",
    "amount": "51",
    "typeCode": "2",
    "appliedDate": "02/10/2016",
    "clearDate": null,
    "companyNumber": "60",
    "namedInsured": "Carlos, Brian Anthony",
    "settleDate": "02/12/2016"
  },
  {
    "agencyCode": "26892",
    "cashItemId": "79941313",
    "policyId": "104630453494001",
    "version": "4",
    "entryDate": "02/10/2016",
    "amount": "98",
    "typeCode": "2",
    "appliedDate": "02/10/2016",
    "clearDate": null,
    "companyNumber": "63",
    "namedInsured": "Salas, Juan Carlos",
    "settleDate": "02/12/2016"
  },
  {
    "agencyCode": "26892",
    "cashItemId": "79912247",
    "policyId": "104600633939001",
    "version": "3",
    "entryDate": "02/09/2016",
    "amount": "104",
    "typeCode": "2",
    "appliedDate": "02/09/2016",
    "clearDate": null,
    "companyNumber": "60",
    "namedInsured": "Munozgonzalez, Rafael",
    "settleDate": "02/11/2016"
  },
  {
    "agencyCode": "26892",
    "cashItemId": "79912774",
    "policyId": "104601024508001",
    "version": "2",
    "entryDate": "02/09/2016",
    "amount": "50",
    "typeCode": "2",
    "appliedDate": "02/09/2016",
    "clearDate": null,
    "companyNumber": "60",
    "namedInsured": "Navia, Jose",
    "settleDate": "02/11/2016"
  },
  {
    "agencyCode": "26892",
    "cashItemId": "79913494",
    "policyId": "104601306518001",
    "version": "1",
    "entryDate": "02/09/2016",
    "amount": "112",
    "typeCode": "2",
    "appliedDate": "02/09/2016",
    "clearDate": null,
    "companyNumber": "60",
    "namedInsured": "Martinez, Lizete",
    "settleDate": "02/11/2016"
  },
  {
    "agencyCode": "26892",
    "cashItemId": "79910842",
    "policyId": "104630440393001",
    "version": "4",
    "entryDate": "02/09/2016",
    "amount": "375",
    "typeCode": "2",
    "appliedDate": "02/09/2016",
    "clearDate": null,
    "companyNumber": "63",
    "namedInsured": "Floresmartinez, Flora",
    "settleDate": "02/11/2016"
  },
  {
    "agencyCode": "26892",
    "cashItemId": "79913191",
    "policyId": "104630496893001",
    "version": "4",
    "entryDate": "02/09/2016",
    "amount": "81",
    "typeCode": "2",
    "appliedDate": "02/09/2016",
    "clearDate": null,
    "companyNumber": "60",
    "namedInsured": "Actual Saldana, Mayra",
    "settleDate": "02/11/2016"
  },
  {
    "agencyCode": "26892",
    "cashItemId": "79882964",
    "policyId": "104601095707001",
    "version": "1",
    "entryDate": "02/08/2016",
    "amount": "132.22",
    "typeCode": "2",
    "appliedDate": "02/08/2016",
    "clearDate": null,
    "companyNumber": "60",
    "namedInsured": "Madrigal, Maria Soto",
    "settleDate": "02/10/2016"
  },
  {
    "agencyCode": "26892",
    "cashItemId": "79882245",
    "policyId": "104601114342001",
    "version": "2",
    "entryDate": "02/08/2016",
    "amount": "85.97",
    "typeCode": "2",
    "appliedDate": "02/08/2016",
    "clearDate": null,
    "companyNumber": "60",
    "namedInsured": "Osorio, Minor",
    "settleDate": "02/10/2016"
  },
  {
    "agencyCode": "26892",
    "cashItemId": "79881665",
    "policyId": "104601306057001",
    "version": "1",
    "entryDate": "02/08/2016",
    "amount": "111.26",
    "typeCode": "2",
    "appliedDate": "02/08/2016",
    "clearDate": null,
    "companyNumber": "60",
    "namedInsured": "Howard, Porsha",
    "settleDate": "02/10/2016"
  },
  {
    "agencyCode": "26892",
    "cashItemId": "79881918",
    "policyId": "104630688053001",
    "version": "2",
    "entryDate": "02/08/2016",
    "amount": "45.27",
    "typeCode": "2",
    "appliedDate": "02/08/2016",
    "clearDate": null,
    "companyNumber": "63",
    "namedInsured": "Mejia, Ana Dora Ortiz",
    "settleDate": "02/10/2016"
  },
  {
    "agencyCode": "26892",
    "cashItemId": "79883317",
    "policyId": "104631007007001",
    "version": "2",
    "entryDate": "02/08/2016",
    "amount": "89",
    "typeCode": "2",
    "appliedDate": "02/08/2016",
    "clearDate": null,
    "companyNumber": "63",
    "namedInsured": "Henry, Laquita Rochelle",
    "settleDate": "02/10/2016"
  },
  {
    "agencyCode": "26892",
    "cashItemId": "79882162",
    "policyId": "104651542532001",
    "version": "4",
    "entryDate": "02/08/2016",
    "amount": "59",
    "typeCode": "2",
    "appliedDate": "02/08/2016",
    "clearDate": null,
    "companyNumber": "60",
    "namedInsured": "AJPOPTZIC, CARLOS CLEMENTE",
    "settleDate": "02/10/2016"
  },
  {
    "agencyCode": "26892",
    "cashItemId": "79859781",
    "policyId": "104600166866001",
    "version": "11",
    "entryDate": "02/06/2016",
    "amount": "115",
    "typeCode": "2",
    "appliedDate": "02/06/2016",
    "clearDate": null,
    "companyNumber": "60",
    "namedInsured": "Mcnack, Wandasha Ann",
    "settleDate": "02/09/2016"
  },
  {
    "agencyCode": "26892",
    "cashItemId": "79864034",
    "policyId": "104600655239001",
    "version": "4",
    "entryDate": "02/06/2016",
    "amount": "240",
    "typeCode": "2",
    "appliedDate": "02/06/2016",
    "clearDate": null,
    "companyNumber": "60",
    "namedInsured": "GARCIA, TUPAC",
    "settleDate": "02/09/2016"
  },
  {
    "agencyCode": "26892",
    "cashItemId": "79863437",
    "policyId": "104600802953001",
    "version": "4",
    "entryDate": "02/06/2016",
    "amount": "184.16",
    "typeCode": "2",
    "appliedDate": "02/06/2016",
    "clearDate": null,
    "companyNumber": "60",
    "namedInsured": "Leon, Juan Manuel",
    "settleDate": "02/09/2016"
  },
  {
    "agencyCode": "26892",
    "cashItemId": "79865498",
    "policyId": "104630841829001",
    "version": "3",
    "entryDate": "02/06/2016",
    "amount": "108.35",
    "typeCode": "2",
    "appliedDate": "02/06/2016",
    "clearDate": null,
    "companyNumber": "63",
    "namedInsured": "Clark, Vivian",
    "settleDate": "02/09/2016"
  },
  {
    "agencyCode": "26892",
    "cashItemId": "79861696",
    "policyId": "104630899995001",
    "version": "3",
    "entryDate": "02/06/2016",
    "amount": "112.86",
    "typeCode": "2",
    "appliedDate": "02/06/2016",
    "clearDate": null,
    "companyNumber": "63",
    "namedInsured": "Jointer, Danielle Shanette",
    "settleDate": "02/09/2016"
  },
  {
    "agencyCode": "26892",
    "cashItemId": "79841757",
    "policyId": "104601004298001",
    "version": "3",
    "entryDate": "02/05/2016",
    "amount": "41",
    "typeCode": "2",
    "appliedDate": "02/05/2016",
    "clearDate": null,
    "companyNumber": "60",
    "namedInsured": "Lopez, Jose Antonio Estrada",
    "settleDate": "02/09/2016"
  },
  {
    "agencyCode": "26892",
    "cashItemId": "79829601",
    "policyId": "104601039639001",
    "version": "4",
    "entryDate": "02/05/2016",
    "amount": "36",
    "typeCode": "2",
    "appliedDate": "02/05/2016",
    "clearDate": null,
    "companyNumber": "63",
    "namedInsured": "Wilson, Brandi Noel",
    "settleDate": "02/09/2016"
  },
  {
    "agencyCode": "26892",
    "cashItemId": "79840839",
    "policyId": "104601305154001",
    "version": "1",
    "entryDate": "02/05/2016",
    "amount": "89.16",
    "typeCode": "2",
    "appliedDate": "02/05/2016",
    "clearDate": null,
    "companyNumber": "60",
    "namedInsured": "Ali, Khasijah Zarinah Zakiyyah",
    "settleDate": "02/09/2016"
  },
  {
    "agencyCode": "26892",
    "cashItemId": "79803553",
    "policyId": "104188217321001",
    "version": "7",
    "entryDate": "02/04/2016",
    "amount": "1023.64",
    "typeCode": "2",
    "appliedDate": "02/04/2016",
    "clearDate": null,
    "companyNumber": "63",
    "namedInsured": "Juarez-torres, Carlos",
    "settleDate": "02/08/2016"
  },
  {
    "agencyCode": "26892",
    "cashItemId": "79805223",
    "policyId": "104601080129001",
    "version": "2",
    "entryDate": "02/04/2016",
    "amount": "111",
    "typeCode": "2",
    "appliedDate": "02/04/2016",
    "clearDate": null,
    "companyNumber": "60",
    "namedInsured": "Pratts, Jaime",
    "settleDate": "02/08/2016"
  },
  {
    "agencyCode": "26892",
    "cashItemId": "79811196",
    "policyId": "104630892183001",
    "version": "3",
    "entryDate": "02/04/2016",
    "amount": "204",
    "typeCode": "2",
    "appliedDate": "02/04/2016",
    "clearDate": null,
    "companyNumber": "63",
    "namedInsured": "Bustos, Alejandro",
    "settleDate": "02/08/2016"
  },
  {
    "agencyCode": "26892",
    "cashItemId": "79764734",
    "policyId": "104600800496001",
    "version": "5",
    "entryDate": "02/03/2016",
    "amount": "48.06",
    "typeCode": "2",
    "appliedDate": "02/03/2016",
    "clearDate": null,
    "companyNumber": "60",
    "namedInsured": "Bell, Tyrone Lamont",
    "settleDate": "02/05/2016"
  },
  {
    "agencyCode": "26892",
    "cashItemId": "79761243",
    "policyId": "104631012465001",
    "version": "2",
    "entryDate": "02/03/2016",
    "amount": "114.75",
    "typeCode": "2",
    "appliedDate": "02/03/2016",
    "clearDate": null,
    "companyNumber": "63",
    "namedInsured": "Pitts, Stephen Gregory",
    "settleDate": "02/05/2016"
  },
  {
    "agencyCode": "26892",
    "cashItemId": "79733912",
    "policyId": "104600217907001",
    "version": "4",
    "entryDate": "02/02/2016",
    "amount": "0.1",
    "typeCode": "2",
    "appliedDate": "02/02/2016",
    "clearDate": null,
    "companyNumber": "60",
    "namedInsured": "Carrasco, Adrian",
    "settleDate": "02/04/2016"
  },
  {
    "agencyCode": "26892",
    "cashItemId": "79733912",
    "policyId": "104600217907001",
    "version": "5",
    "entryDate": "02/02/2016",
    "amount": "133.9",
    "typeCode": "2",
    "appliedDate": "02/02/2016",
    "clearDate": null,
    "companyNumber": "60",
    "namedInsured": "Carrasco, Adrian",
    "settleDate": "02/04/2016"
  },
  {
    "agencyCode": "26892",
    "cashItemId": "79736332",
    "policyId": "104600647269001",
    "version": "5",
    "entryDate": "02/02/2016",
    "amount": "85",
    "typeCode": "2",
    "appliedDate": "02/02/2016",
    "clearDate": null,
    "companyNumber": "60",
    "namedInsured": "Virgil, Otis Leon",
    "settleDate": "02/04/2016"
  },
  {
    "agencyCode": "26892",
    "cashItemId": "79741640",
    "policyId": "104601303348001",
    "version": "1",
    "entryDate": "02/02/2016",
    "amount": "90",
    "typeCode": "2",
    "appliedDate": "02/02/2016",
    "clearDate": null,
    "companyNumber": "60",
    "namedInsured": "Reyes, Juan M",
    "settleDate": "02/04/2016"
  },
  {
    "agencyCode": "26892",
    "cashItemId": "79731715",
    "policyId": "104630439079001",
    "version": "4",
    "entryDate": "02/02/2016",
    "amount": "125",
    "typeCode": "2",
    "appliedDate": "02/02/2016",
    "clearDate": null,
    "companyNumber": "60",
    "namedInsured": "Gooden, Rochelle A",
    "settleDate": "02/04/2016"
  },
  {
    "agencyCode": "26892",
    "cashItemId": "79714852",
    "policyId": "104600376900001",
    "version": "4",
    "entryDate": "02/01/2016",
    "amount": "374.88",
    "typeCode": "2",
    "appliedDate": "02/01/2016",
    "clearDate": null,
    "companyNumber": "60",
    "namedInsured": "ARTEAGA, OSCAR CRUZ",
    "settleDate": "02/03/2016"
  },
  {
    "agencyCode": "26892",
    "cashItemId": "79699607",
    "policyId": "104601220101001",
    "version": "1",
    "entryDate": "02/01/2016",
    "amount": "107",
    "typeCode": "2",
    "appliedDate": "02/01/2016",
    "clearDate": null,
    "companyNumber": "60",
    "namedInsured": "Perobal Canu, Demetrio",
    "settleDate": "02/03/2016"
  },
  {
    "agencyCode": "26892",
    "cashItemId": "79699665",
    "policyId": "104630525917001",
    "version": "5",
    "entryDate": "02/01/2016",
    "amount": "64",
    "typeCode": "2",
    "appliedDate": "02/01/2016",
    "clearDate": null,
    "companyNumber": "63",
    "namedInsured": "ORTIZ, ALEJANDRO",
    "settleDate": "02/03/2016"
  },
  {
    "agencyCode": "26892",
    "cashItemId": "79687146",
    "policyId": "104630268042001",
    "version": "5",
    "entryDate": "01/30/2016",
    "amount": "57",
    "typeCode": "2",
    "appliedDate": "01/30/2016",
    "clearDate": null,
    "companyNumber": "63",
    "namedInsured": "Pena Perea, Juan Ramon",
    "settleDate": "02/02/2016"
  },
  {
    "agencyCode": "26892",
    "cashItemId": "79687638",
    "policyId": "104630692406001",
    "version": "2",
    "entryDate": "01/30/2016",
    "amount": "61.49",
    "typeCode": "2",
    "appliedDate": "01/30/2016",
    "clearDate": null,
    "companyNumber": "60",
    "namedInsured": "King, Sharon M",
    "settleDate": "02/02/2016"
  },
  {
    "agencyCode": "26892",
    "cashItemId": "79682738",
    "policyId": "104630900768001",
    "version": "3",
    "entryDate": "01/30/2016",
    "amount": "58",
    "typeCode": "2",
    "appliedDate": "01/30/2016",
    "clearDate": null,
    "companyNumber": "63",
    "namedInsured": "Magana-godinez, Miguel Angel",
    "settleDate": "02/02/2016"
  },
  {
    "agencyCode": "26892",
    "cashItemId": "79683785",
    "policyId": "104631129912001",
    "version": "2",
    "entryDate": "01/30/2016",
    "amount": "255.72",
    "typeCode": "2",
    "appliedDate": "01/30/2016",
    "clearDate": null,
    "companyNumber": "63",
    "namedInsured": "Anderson, Wynona Delphine",
    "settleDate": "02/02/2016"
  },
  {
    "agencyCode": "26892",
    "cashItemId": "79656581",
    "policyId": "104600134298001",
    "version": "4",
    "entryDate": "01/29/2016",
    "amount": "106",
    "typeCode": "2",
    "appliedDate": "01/29/2016",
    "clearDate": null,
    "companyNumber": "60",
    "namedInsured": "Samayoa, Cristina Marjoriet",
    "settleDate": "02/02/2016"
  },
  {
    "agencyCode": "26892",
    "cashItemId": "79664566",
    "policyId": "104600720632001",
    "version": "3",
    "entryDate": "01/29/2016",
    "amount": "6",
    "typeCode": "2",
    "appliedDate": "01/29/2016",
    "clearDate": null,
    "companyNumber": "60",
    "namedInsured": "Fiawoo, Nathan",
    "settleDate": "02/02/2016"
  },
  {
    "agencyCode": "26892",
    "cashItemId": "79659408",
    "policyId": "104630512433001",
    "version": "4",
    "entryDate": "01/29/2016",
    "amount": "132",
    "typeCode": "2",
    "appliedDate": "01/29/2016",
    "clearDate": null,
    "companyNumber": "63",
    "namedInsured": "Mabry, Ben",
    "settleDate": "02/02/2016"
  },
  {
    "agencyCode": "26892",
    "cashItemId": "79658499",
    "policyId": "104630567992001",
    "version": "7",
    "entryDate": "01/29/2016",
    "amount": "472.33",
    "typeCode": "2",
    "appliedDate": "01/29/2016",
    "clearDate": null,
    "companyNumber": "60",
    "namedInsured": "Solares, Jose Miguel",
    "settleDate": "02/02/2016"
  },
  {
    "agencyCode": "26892",
    "cashItemId": "79658468",
    "policyId": "104630849779001",
    "version": "3",
    "entryDate": "01/29/2016",
    "amount": "79",
    "typeCode": "2",
    "appliedDate": "01/29/2016",
    "clearDate": null,
    "companyNumber": "63",
    "namedInsured": "Rodriguez, Jose Salvador",
    "settleDate": "02/02/2016"
  },
  {
    "agencyCode": "26892",
    "cashItemId": "79660432",
    "policyId": "104631008520001",
    "version": "2",
    "entryDate": "01/29/2016",
    "amount": "78",
    "typeCode": "2",
    "appliedDate": "01/29/2016",
    "clearDate": null,
    "companyNumber": "63",
    "namedInsured": "Keels, Jordan Rae",
    "settleDate": "02/02/2016"
  },
  {
    "agencyCode": "26892",
    "cashItemId": "79665726",
    "policyId": "104631021929001",
    "version": "3",
    "entryDate": "01/29/2016",
    "amount": "129.03",
    "typeCode": "2",
    "appliedDate": "01/29/2016",
    "clearDate": null,
    "companyNumber": "63",
    "namedInsured": "Bennett, Nicole Danielle",
    "settleDate": "02/02/2016"
  },
  {
    "agencyCode": "26892",
    "cashItemId": "79637385",
    "policyId": "104489007414001",
    "version": "2",
    "entryDate": "01/28/2016",
    "amount": "44",
    "typeCode": "2",
    "appliedDate": "01/28/2016",
    "clearDate": null,
    "companyNumber": "60",
    "namedInsured": "Delgado Villalobos, Jose Manuel",
    "settleDate": "02/01/2016"
  },
  {
    "agencyCode": "26892",
    "cashItemId": "79633727",
    "policyId": "104600881681001",
    "version": "3",
    "entryDate": "01/28/2016",
    "amount": "110",
    "typeCode": "2",
    "appliedDate": "01/28/2016",
    "clearDate": null,
    "companyNumber": "60",
    "namedInsured": "Campos, Alfredo",
    "settleDate": "02/01/2016"
  },
  {
    "agencyCode": "26892",
    "cashItemId": "79631527",
    "policyId": "104630174857001",
    "version": "4",
    "entryDate": "01/28/2016",
    "amount": "108",
    "typeCode": "2",
    "appliedDate": "01/28/2016",
    "clearDate": null,
    "companyNumber": "63",
    "namedInsured": "DIAZ, JOSE",
    "settleDate": "02/01/2016"
  },
  {
    "agencyCode": "26892",
    "cashItemId": "79634443",
    "policyId": "104630623660001",
    "version": "4",
    "entryDate": "01/28/2016",
    "amount": "82",
    "typeCode": "2",
    "appliedDate": "01/28/2016",
    "clearDate": null,
    "companyNumber": "63",
    "namedInsured": "ROMERO, NORMA SANCHEZ",
    "settleDate": "02/01/2016"
  },
  {
    "agencyCode": "26892",
    "cashItemId": "79633593",
    "policyId": "104630747831001",
    "version": "3",
    "entryDate": "01/28/2016",
    "amount": "160",
    "typeCode": "2",
    "appliedDate": "01/28/2016",
    "clearDate": null,
    "companyNumber": "63",
    "namedInsured": "Gomez Marquez, Aldo Ivan",
    "settleDate": "02/01/2016"
  },
  {
    "agencyCode": "26892",
    "cashItemId": "79631600",
    "policyId": "104630982073001",
    "version": "2",
    "entryDate": "01/28/2016",
    "amount": "121",
    "typeCode": "2",
    "appliedDate": "01/28/2016",
    "clearDate": null,
    "companyNumber": "63",
    "namedInsured": "White, Natashia Ledeace",
    "settleDate": "02/01/2016"
  },
  {
    "agencyCode": "26892",
    "cashItemId": "79575544",
    "policyId": "104600072769001",
    "version": "5",
    "entryDate": "01/26/2016",
    "amount": "311",
    "typeCode": "2",
    "appliedDate": "01/26/2016",
    "clearDate": null,
    "companyNumber": "60",
    "namedInsured": "Reyes, Rafael Medina",
    "settleDate": "01/28/2016"
  },
  {
    "agencyCode": "26892",
    "cashItemId": "79571477",
    "policyId": "104600320850001",
    "version": "4",
    "entryDate": "01/26/2016",
    "amount": "1.67",
    "typeCode": "2",
    "appliedDate": "01/26/2016",
    "clearDate": null,
    "companyNumber": "60",
    "namedInsured": "SANCHEZ, MARTIN BAUTISTA",
    "settleDate": "01/28/2016"
  },
  {
    "agencyCode": "26892",
    "cashItemId": "79571477",
    "policyId": "104600320850001",
    "version": "5",
    "entryDate": "01/26/2016",
    "amount": "52.33",
    "typeCode": "2",
    "appliedDate": "01/26/2016",
    "clearDate": null,
    "companyNumber": "60",
    "namedInsured": "SANCHEZ, MARTIN BAUTISTA",
    "settleDate": "01/28/2016"
  },
  {
    "agencyCode": "26892",
    "cashItemId": "79578943",
    "policyId": "104600850243001",
    "version": "3",
    "entryDate": "01/26/2016",
    "amount": "38.44",
    "typeCode": "2",
    "appliedDate": "01/26/2016",
    "clearDate": null,
    "companyNumber": "60",
    "namedInsured": "Gaytan, Carlos Rea",
    "settleDate": "01/28/2016"
  },
  {
    "agencyCode": "26892",
    "cashItemId": "79579226",
    "policyId": "104630924157001",
    "version": "3",
    "entryDate": "01/26/2016",
    "amount": "108.84",
    "typeCode": "2",
    "appliedDate": "01/26/2016",
    "clearDate": null,
    "companyNumber": "60",
    "namedInsured": "Cardenas, Susana Yolanda",
    "settleDate": "01/28/2016"
  },
  {
    "agencyCode": "26892",
    "cashItemId": "79578854",
    "policyId": "104650174418001",
    "version": "4",
    "entryDate": "01/26/2016",
    "amount": "56",
    "typeCode": "2",
    "appliedDate": "01/26/2016",
    "clearDate": null,
    "companyNumber": "60",
    "namedInsured": "RODRIGUEZ, CESAR P",
    "settleDate": "01/28/2016"
  },
  {
    "agencyCode": "26892",
    "cashItemId": "79535987",
    "policyId": "104600103221001",
    "version": "5",
    "entryDate": "01/25/2016",
    "amount": "114",
    "typeCode": "2",
    "appliedDate": "01/25/2016",
    "clearDate": null,
    "companyNumber": "60",
    "namedInsured": "RODRIGUES, FELIPE RESENDIZ",
    "settleDate": "01/27/2016"
  },
  {
    "agencyCode": "26892",
    "cashItemId": "79548895",
    "policyId": "104600231892001",
    "version": "7",
    "entryDate": "01/25/2016",
    "amount": "138",
    "typeCode": "2",
    "appliedDate": "01/25/2016",
    "clearDate": null,
    "companyNumber": "60",
    "namedInsured": "Hinton, Yvonne Anita",
    "settleDate": "01/27/2016"
  },
  {
    "agencyCode": "26892",
    "cashItemId": "79537195",
    "policyId": "104601057509001",
    "version": "2",
    "entryDate": "01/25/2016",
    "amount": "158",
    "typeCode": "2",
    "appliedDate": "01/25/2016",
    "clearDate": null,
    "companyNumber": "60",
    "namedInsured": "Hernandez-perfecto, Angel",
    "settleDate": "01/27/2016"
  },
  {
    "agencyCode": "26892",
    "cashItemId": "79550468",
    "policyId": "104630205496001",
    "version": "3",
    "entryDate": "01/25/2016",
    "amount": "117",
    "typeCode": "2",
    "appliedDate": "01/25/2016",
    "clearDate": null,
    "companyNumber": "60",
    "namedInsured": "Cuellar, Mirna Isabel",
    "settleDate": "01/27/2016"
  },
  {
    "agencyCode": "26892",
    "cashItemId": "79536877",
    "policyId": "104630631561001",
    "version": "4",
    "entryDate": "01/25/2016",
    "amount": "48",
    "typeCode": "2",
    "appliedDate": "01/25/2016",
    "clearDate": null,
    "companyNumber": "63",
    "namedInsured": "ALVAREZ, GLADYS OLINDA",
    "settleDate": "01/27/2016"
  },
  {
    "agencyCode": "26892",
    "cashItemId": "79535402",
    "policyId": "104630895916001",
    "version": "3",
    "entryDate": "01/25/2016",
    "amount": "108.32",
    "typeCode": "2",
    "appliedDate": "01/25/2016",
    "clearDate": null,
    "companyNumber": "63",
    "namedInsured": "Pinto, Salvador Flores",
    "settleDate": "01/27/2016"
  },
  {
    "agencyCode": "26892",
    "cashItemId": "79536249",
    "policyId": "104631202597001",
    "version": "1",
    "entryDate": "01/25/2016",
    "amount": "117",
    "typeCode": "2",
    "appliedDate": "01/25/2016",
    "clearDate": null,
    "companyNumber": "63",
    "namedInsured": "Corado Acalja, Wilmer Anibal",
    "settleDate": "01/27/2016"
  },
  {
    "agencyCode": "26892",
    "cashItemId": "79462239",
    "policyId": "104600464294001",
    "version": "4",
    "entryDate": "01/23/2016",
    "amount": "115",
    "typeCode": "2",
    "appliedDate": "01/23/2016",
    "clearDate": null,
    "companyNumber": "60",
    "namedInsured": "Clarkston, Savalia",
    "settleDate": "01/26/2016"
  },
  {
    "agencyCode": "26892",
    "cashItemId": "79498319",
    "policyId": "104600965668001",
    "version": "2",
    "entryDate": "01/23/2016",
    "amount": "57",
    "typeCode": "2",
    "appliedDate": "01/23/2016",
    "clearDate": null,
    "companyNumber": "60",
    "namedInsured": "Garcia, Francisco",
    "settleDate": "01/26/2016"
  },
  {
    "agencyCode": "26892",
    "cashItemId": "79451917",
    "policyId": "104601081283001",
    "version": "2",
    "entryDate": "01/23/2016",
    "amount": "129",
    "typeCode": "2",
    "appliedDate": "01/23/2016",
    "clearDate": null,
    "companyNumber": "60",
    "namedInsured": "Resendizcarrillo, Jose Francisco",
    "settleDate": "01/26/2016"
  },
  {
    "agencyCode": "26892",
    "cashItemId": "79496648",
    "policyId": "104601273006001",
    "version": "1",
    "entryDate": "01/23/2016",
    "amount": "204",
    "typeCode": "2",
    "appliedDate": "01/23/2016",
    "clearDate": null,
    "companyNumber": "60",
    "namedInsured": "Lopez Galvan, Berenice Del Carmen",
    "settleDate": "01/26/2016"
  },
  {
    "agencyCode": "26892",
    "cashItemId": "79501599",
    "policyId": "104630408781001",
    "version": "4",
    "entryDate": "01/23/2016",
    "amount": "103.01",
    "typeCode": "2",
    "appliedDate": "01/23/2016",
    "clearDate": null,
    "companyNumber": "63",
    "namedInsured": "GUSTAVIS, SHARON DENISE",
    "settleDate": "01/26/2016"
  },
  {
    "agencyCode": "26892",
    "cashItemId": "79454475",
    "policyId": "104630515958001",
    "version": "4",
    "entryDate": "01/23/2016",
    "amount": "53",
    "typeCode": "2",
    "appliedDate": "01/23/2016",
    "clearDate": null,
    "companyNumber": "63",
    "namedInsured": "Trinidad-flores, Juan De La",
    "settleDate": "01/26/2016"
  },
  {
    "agencyCode": "26892",
    "cashItemId": "79404933",
    "policyId": "104419686705001",
    "version": "4",
    "entryDate": "01/22/2016",
    "amount": "161",
    "typeCode": "2",
    "appliedDate": "01/22/2016",
    "clearDate": null,
    "companyNumber": "60",
    "namedInsured": "HERNANDEZ, GUSTAVO",
    "settleDate": "01/26/2016"
  },
  {
    "agencyCode": "26892",
    "cashItemId": "79400093",
    "policyId": "104630307250001",
    "version": "4",
    "entryDate": "01/22/2016",
    "amount": "48.44",
    "typeCode": "2",
    "appliedDate": "01/22/2016",
    "clearDate": null,
    "companyNumber": "63",
    "namedInsured": "SAMUELS, THOMAS K",
    "settleDate": "01/26/2016"
  },
  {
    "agencyCode": "26892",
    "cashItemId": "79401405",
    "policyId": "104630829904001",
    "version": "3",
    "entryDate": "01/22/2016",
    "amount": "209.26",
    "typeCode": "2",
    "appliedDate": "01/22/2016",
    "clearDate": null,
    "companyNumber": "63",
    "namedInsured": "Calvillo, Ernesto",
    "settleDate": "01/26/2016"
  },
  {
    "agencyCode": "26892",
    "cashItemId": "79403666",
    "policyId": "104630935407001",
    "version": "2",
    "entryDate": "01/22/2016",
    "amount": "161.45",
    "typeCode": "2",
    "appliedDate": "01/22/2016",
    "clearDate": null,
    "companyNumber": "63",
    "namedInsured": "Oliveros Loeza, Francisca",
    "settleDate": "01/26/2016"
  },
  {
    "agencyCode": "26892",
    "cashItemId": "79399072",
    "policyId": "104631119805001",
    "version": "1",
    "entryDate": "01/22/2016",
    "amount": "140.15",
    "typeCode": "2",
    "appliedDate": "01/22/2016",
    "clearDate": null,
    "companyNumber": "63",
    "namedInsured": "Lopez, Orlando Omar",
    "settleDate": "01/26/2016"
  },
  {
    "agencyCode": "26892",
    "cashItemId": "79374768",
    "policyId": "104600084710001",
    "version": "5",
    "entryDate": "01/21/2016",
    "amount": "131",
    "typeCode": "2",
    "appliedDate": "01/21/2016",
    "clearDate": null,
    "companyNumber": "60",
    "namedInsured": "SANGUINO, JOSE MANUEL",
    "settleDate": "01/25/2016"
  },
  {
    "agencyCode": "26892",
    "cashItemId": "79370313",
    "policyId": "104600456188001",
    "version": "4",
    "entryDate": "01/21/2016",
    "amount": "117",
    "typeCode": "2",
    "appliedDate": "01/21/2016",
    "clearDate": null,
    "companyNumber": "60",
    "namedInsured": "KEGLER, REGINALD",
    "settleDate": "01/25/2016"
  },
  {
    "agencyCode": "26892",
    "cashItemId": "79371283",
    "policyId": "104600993384001",
    "version": "3",
    "entryDate": "01/21/2016",
    "amount": "46",
    "typeCode": "2",
    "appliedDate": "01/21/2016",
    "clearDate": null,
    "companyNumber": "60",
    "namedInsured": "Franco, Manuel",
    "settleDate": "01/25/2016"
  },
  {
    "agencyCode": "26892",
    "cashItemId": "79371842",
    "policyId": "104601233259001",
    "version": "1",
    "entryDate": "01/21/2016",
    "amount": "36.29",
    "typeCode": "2",
    "appliedDate": "01/21/2016",
    "clearDate": null,
    "companyNumber": "60",
    "namedInsured": "Macario, Alfredo Lopez",
    "settleDate": "01/25/2016"
  },
  {
    "agencyCode": "26892",
    "cashItemId": "79374311",
    "policyId": "104630723240001",
    "version": "4",
    "entryDate": "01/21/2016",
    "amount": "91",
    "typeCode": "2",
    "appliedDate": "01/21/2016",
    "clearDate": null,
    "companyNumber": "60",
    "namedInsured": "Castillo, Guadalupe Del Socoro",
    "settleDate": "01/25/2016"
  },
  {
    "agencyCode": "26892",
    "cashItemId": "79376930",
    "policyId": "104640221422001",
    "version": "4",
    "entryDate": "01/21/2016",
    "amount": "102",
    "typeCode": "2",
    "appliedDate": "01/21/2016",
    "clearDate": null,
    "companyNumber": "60",
    "namedInsured": "Raymundo, Maria G",
    "settleDate": "01/25/2016"
  },
  {
    "agencyCode": "26892",
    "cashItemId": "79332683",
    "policyId": "104600633939001",
    "version": "3",
    "entryDate": "01/20/2016",
    "amount": "65",
    "typeCode": "2",
    "appliedDate": "01/20/2016",
    "clearDate": null,
    "companyNumber": "60",
    "namedInsured": "Munozgonzalez, Rafael",
    "settleDate": "01/22/2016"
  },
  {
    "agencyCode": "26892",
    "cashItemId": "79330995",
    "policyId": "104630504273001",
    "version": "4",
    "entryDate": "01/20/2016",
    "amount": "126",
    "typeCode": "2",
    "appliedDate": "01/20/2016",
    "clearDate": null,
    "companyNumber": "63",
    "namedInsured": "BOWMAN, WENDELL LAVELLE",
    "settleDate": "01/22/2016"
  },
  {
    "agencyCode": "26892",
    "cashItemId": "79330368",
    "policyId": "104631270610001",
    "version": "1",
    "entryDate": "01/20/2016",
    "amount": "118",
    "typeCode": "2",
    "appliedDate": "01/20/2016",
    "clearDate": null,
    "companyNumber": "63",
    "namedInsured": "Portero, Danilo",
    "settleDate": "01/22/2016"
  },
  {
    "agencyCode": "26892",
    "cashItemId": "79296536",
    "policyId": "104600550982001",
    "version": "4",
    "entryDate": "01/19/2016",
    "amount": "89.36",
    "typeCode": "2",
    "appliedDate": "01/19/2016",
    "clearDate": null,
    "companyNumber": "60",
    "namedInsured": "JUAREZ ARAGON, JUAN A",
    "settleDate": "01/21/2016"
  },
  {
    "agencyCode": "26892",
    "cashItemId": "79308213",
    "policyId": "104601141910001",
    "version": "1",
    "entryDate": "01/19/2016",
    "amount": "50",
    "typeCode": "2",
    "appliedDate": "01/19/2016",
    "clearDate": null,
    "companyNumber": "60",
    "namedInsured": "Martinez, Manuel C",
    "settleDate": "01/21/2016"
  },
  {
    "agencyCode": "26892",
    "cashItemId": "79309379",
    "policyId": "104601190716001",
    "version": "3",
    "entryDate": "01/19/2016",
    "amount": "111.46",
    "typeCode": "2",
    "appliedDate": "01/19/2016",
    "clearDate": null,
    "companyNumber": "60",
    "namedInsured": "Moore, Arvell Tyrone",
    "settleDate": "01/21/2016"
  },
  {
    "agencyCode": "26892",
    "cashItemId": "79300494",
    "policyId": "104630759029001",
    "version": "3",
    "entryDate": "01/19/2016",
    "amount": "138",
    "typeCode": "2",
    "appliedDate": "01/19/2016",
    "clearDate": null,
    "companyNumber": "60",
    "namedInsured": "Martinez-ortega, J. Moises",
    "settleDate": "01/21/2016"
  },
  {
    "agencyCode": "26892",
    "cashItemId": "79298486",
    "policyId": "104630818455001",
    "version": "3",
    "entryDate": "01/19/2016",
    "amount": "82.27",
    "typeCode": "2",
    "appliedDate": "01/19/2016",
    "clearDate": null,
    "companyNumber": "63",
    "namedInsured": "Nolasco, Jose E Vargas",
    "settleDate": "01/21/2016"
  },
  {
    "agencyCode": "26892",
    "cashItemId": "79286645",
    "policyId": "104600508851001",
    "version": "4",
    "entryDate": "01/18/2016",
    "amount": "36",
    "typeCode": "2",
    "appliedDate": "01/18/2016",
    "clearDate": null,
    "companyNumber": "60",
    "namedInsured": "HERNANDEZ, ANGEL CUSTODIO",
    "settleDate": "01/20/2016"
  },
  {
    "agencyCode": "26892",
    "cashItemId": "79283002",
    "policyId": "104600769170001",
    "version": "3",
    "entryDate": "01/18/2016",
    "amount": "124",
    "typeCode": "2",
    "appliedDate": "01/18/2016",
    "clearDate": null,
    "companyNumber": "60",
    "namedInsured": "Aguillon-carbajal, Joel Lorenzo",
    "settleDate": "01/20/2016"
  },
  {
    "agencyCode": "26892",
    "cashItemId": "79286899",
    "policyId": "104600966766001",
    "version": "2",
    "entryDate": "01/18/2016",
    "amount": "113",
    "typeCode": "2",
    "appliedDate": "01/18/2016",
    "clearDate": null,
    "companyNumber": "60",
    "namedInsured": "Mendoza-Arteaga, Bertha Alicia",
    "settleDate": "01/20/2016"
  },
  {
    "agencyCode": "26892",
    "cashItemId": "79277875",
    "policyId": "104601283816001",
    "version": "1",
    "entryDate": "01/18/2016",
    "amount": "50",
    "typeCode": "2",
    "appliedDate": "01/18/2016",
    "clearDate": null,
    "companyNumber": "60",
    "namedInsured": "Brazile, Lorsicy Marie",
    "settleDate": "01/20/2016"
  },
  {
    "agencyCode": "26892",
    "cashItemId": "79285914",
    "policyId": "104630749206001",
    "version": "3",
    "entryDate": "01/18/2016",
    "amount": "145.13",
    "typeCode": "2",
    "appliedDate": "01/18/2016",
    "clearDate": null,
    "companyNumber": "63",
    "namedInsured": "Gallegos, Roberto Gallegos",
    "settleDate": "01/20/2016"
  },
  {
    "agencyCode": "26892",
    "cashItemId": "79285767",
    "policyId": "104631137245001",
    "version": "2",
    "entryDate": "01/18/2016",
    "amount": "110",
    "typeCode": "2",
    "appliedDate": "01/18/2016",
    "clearDate": null,
    "companyNumber": "63",
    "namedInsured": "Urias Vasquez, Santos Antonio",
    "settleDate": "01/20/2016"
  },
  {
    "agencyCode": "26892",
    "cashItemId": "79259887",
    "policyId": "104595323881001",
    "version": "4",
    "entryDate": "01/16/2016",
    "amount": "54",
    "typeCode": "2",
    "appliedDate": "01/16/2016",
    "clearDate": null,
    "companyNumber": "60",
    "namedInsured": "MORGANELLI, SANDRA JEAN",
    "settleDate": "01/20/2016"
  },
  {
    "agencyCode": "26892",
    "cashItemId": "79262278",
    "policyId": "104600131627001",
    "version": "5",
    "entryDate": "01/16/2016",
    "amount": "94",
    "typeCode": "2",
    "appliedDate": "01/16/2016",
    "clearDate": null,
    "companyNumber": "60",
    "namedInsured": "GARCIA CASTRO, RICARDO MANUEL",
    "settleDate": "01/20/2016"
  },
  {
    "agencyCode": "26892",
    "cashItemId": "79259708",
    "policyId": "104600506686001",
    "version": "4",
    "entryDate": "01/16/2016",
    "amount": "159",
    "typeCode": "2",
    "appliedDate": "01/16/2016",
    "clearDate": null,
    "companyNumber": "60",
    "namedInsured": "BOBADILLA, RAMON",
    "settleDate": "01/20/2016"
  },
  {
    "agencyCode": "26892",
    "cashItemId": "79264491",
    "policyId": "104600896586001",
    "version": "3",
    "entryDate": "01/16/2016",
    "amount": "92.46",
    "typeCode": "2",
    "appliedDate": "01/16/2016",
    "clearDate": null,
    "companyNumber": "60",
    "namedInsured": "Evans, Anice",
    "settleDate": "01/20/2016"
  },
  {
    "agencyCode": "26892",
    "cashItemId": "79261194",
    "policyId": "104601104427001",
    "version": "2",
    "entryDate": "01/16/2016",
    "amount": "137",
    "typeCode": "2",
    "appliedDate": "01/16/2016",
    "clearDate": null,
    "companyNumber": "60",
    "namedInsured": "Garcia-vazquez, Amada",
    "settleDate": "01/20/2016"
  },
  {
    "agencyCode": "26892",
    "cashItemId": "79264322",
    "policyId": "104601270619001",
    "version": "1",
    "entryDate": "01/16/2016",
    "amount": "48",
    "typeCode": "2",
    "appliedDate": "01/16/2016",
    "clearDate": null,
    "companyNumber": "60",
    "namedInsured": "Macias Cano, Eligio",
    "settleDate": "01/20/2016"
  },
  {
    "agencyCode": "26892",
    "cashItemId": "79258160",
    "policyId": "104630080674001",
    "version": "7",
    "entryDate": "01/16/2016",
    "amount": "49",
    "typeCode": "2",
    "appliedDate": "01/16/2016",
    "clearDate": null,
    "companyNumber": "60",
    "namedInsured": "Alvarez, Alejandra",
    "settleDate": "01/20/2016"
  },
  {
    "agencyCode": "26892",
    "cashItemId": "79261550",
    "policyId": "104630102787001",
    "version": "9",
    "entryDate": "01/16/2016",
    "amount": "228.67",
    "typeCode": "2",
    "appliedDate": "01/16/2016",
    "clearDate": null,
    "companyNumber": "63",
    "namedInsured": "HOLCOMBE, KIMBERLY BLAIR",
    "settleDate": "01/20/2016"
  },
  {
    "agencyCode": "26892",
    "cashItemId": "79264675",
    "policyId": "104630112353001",
    "version": "4",
    "entryDate": "01/16/2016",
    "amount": "70",
    "typeCode": "2",
    "appliedDate": "01/16/2016",
    "clearDate": null,
    "companyNumber": "63",
    "namedInsured": "Gomez Saenz, Felipe Misael",
    "settleDate": "01/20/2016"
  },
  {
    "agencyCode": "26892",
    "cashItemId": "79265067",
    "policyId": "104630613862001",
    "version": "3",
    "entryDate": "01/16/2016",
    "amount": "86.66",
    "typeCode": "2",
    "appliedDate": "01/16/2016",
    "clearDate": null,
    "companyNumber": "63",
    "namedInsured": "Palacio, Jacqueline Jane",
    "settleDate": "01/20/2016"
  },
  {
    "agencyCode": "26892",
    "cashItemId": "79264587",
    "policyId": "104630933298001",
    "version": "2",
    "entryDate": "01/16/2016",
    "amount": "138.01",
    "typeCode": "2",
    "appliedDate": "01/16/2016",
    "clearDate": null,
    "companyNumber": "63",
    "namedInsured": "Martling, Jeffrey Michael",
    "settleDate": "01/20/2016"
  },
  {
    "agencyCode": "26892",
    "cashItemId": "79263599",
    "policyId": "104630964018001",
    "version": "3",
    "entryDate": "01/16/2016",
    "amount": "244.22",
    "typeCode": "2",
    "appliedDate": "01/16/2016",
    "clearDate": null,
    "companyNumber": "63",
    "namedInsured": "Padilla, Sandra",
    "settleDate": "01/20/2016"
  },
  {
    "agencyCode": "26892",
    "cashItemId": "79263708",
    "policyId": "104631195360001",
    "version": "1",
    "entryDate": "01/16/2016",
    "amount": "85",
    "typeCode": "2",
    "appliedDate": "01/16/2016",
    "clearDate": null,
    "companyNumber": "63",
    "namedInsured": "Robinson, Gregory Kevin",
    "settleDate": "01/20/2016"
  },
  {
    "agencyCode": "26892",
    "cashItemId": "79265448",
    "policyId": "104631295064001",
    "version": "1",
    "entryDate": "01/16/2016",
    "amount": "159.24",
    "typeCode": "2",
    "appliedDate": "01/16/2016",
    "clearDate": null,
    "companyNumber": "63",
    "namedInsured": "Galeano Villanueva, Mario Saul",
    "settleDate": "01/20/2016"
  },
  {
    "agencyCode": "26892",
    "cashItemId": "79230762",
    "policyId": "104600403597001",
    "version": "4",
    "entryDate": "01/15/2016",
    "amount": "107",
    "typeCode": "2",
    "appliedDate": "01/15/2016",
    "clearDate": null,
    "companyNumber": "60",
    "namedInsured": "MORAGA, CHRISTINA",
    "settleDate": "01/20/2016"
  },
  {
    "agencyCode": "26892",
    "cashItemId": "79241375",
    "policyId": "104600770235001",
    "version": "3",
    "entryDate": "01/15/2016",
    "amount": "41",
    "typeCode": "2",
    "appliedDate": "01/15/2016",
    "clearDate": null,
    "companyNumber": "60",
    "namedInsured": "Danhieux, Raymond Anthony",
    "settleDate": "01/20/2016"
  },
  {
    "agencyCode": "26892",
    "cashItemId": "79229118",
    "policyId": "104601028322001",
    "version": "2",
    "entryDate": "01/15/2016",
    "amount": "72.22",
    "typeCode": "2",
    "appliedDate": "01/15/2016",
    "clearDate": null,
    "companyNumber": "60",
    "namedInsured": "Perez, Sara",
    "settleDate": "01/20/2016"
  },
  {
    "agencyCode": "26892",
    "cashItemId": "79236140",
    "policyId": "104601256352001",
    "version": "1",
    "entryDate": "01/15/2016",
    "amount": "58",
    "typeCode": "2",
    "appliedDate": "01/15/2016",
    "clearDate": null,
    "companyNumber": "60",
    "namedInsured": "Pantoja, Jesus",
    "settleDate": "01/20/2016"
  },
  {
    "agencyCode": "26892",
    "cashItemId": "79241119",
    "policyId": "104630357030001",
    "version": "4",
    "entryDate": "01/15/2016",
    "amount": "166.28",
    "typeCode": "2",
    "appliedDate": "01/15/2016",
    "clearDate": null,
    "companyNumber": "63",
    "namedInsured": "Hernandez, Yolanda",
    "settleDate": "01/20/2016"
  },
  {
    "agencyCode": "26892",
    "cashItemId": "79239691",
    "policyId": "104630602203001",
    "version": "5",
    "entryDate": "01/15/2016",
    "amount": "146",
    "typeCode": "2",
    "appliedDate": "01/15/2016",
    "clearDate": null,
    "companyNumber": "60",
    "namedInsured": "Cortez, Irma Victoria",
    "settleDate": "01/20/2016"
  },
  {
    "agencyCode": "26892",
    "cashItemId": "79226057",
    "policyId": "104630965437001",
    "version": "2",
    "entryDate": "01/15/2016",
    "amount": "124",
    "typeCode": "2",
    "appliedDate": "01/15/2016",
    "clearDate": null,
    "companyNumber": "63",
    "namedInsured": "Alatorre-Herrero, Asuncion",
    "settleDate": "01/20/2016"
  },
  {
    "agencyCode": "26892",
    "cashItemId": "79241135",
    "policyId": "104631029279001",
    "version": "2",
    "entryDate": "01/15/2016",
    "amount": "129.05",
    "typeCode": "2",
    "appliedDate": "01/15/2016",
    "clearDate": null,
    "companyNumber": "63",
    "namedInsured": "Custodio Olmos, Juan Antonio",
    "settleDate": "01/20/2016"
  },
  {
    "agencyCode": "26892",
    "cashItemId": "79202900",
    "policyId": "104584788784001",
    "version": "5",
    "entryDate": "01/14/2016",
    "amount": "11",
    "typeCode": "2",
    "appliedDate": "01/14/2016",
    "clearDate": null,
    "companyNumber": "60",
    "namedInsured": "King, Cynthia Denise",
    "settleDate": "01/19/2016"
  },
  {
    "agencyCode": "26892",
    "cashItemId": "79202900",
    "policyId": "104584788784001",
    "version": "6",
    "entryDate": "01/14/2016",
    "amount": "119.39",
    "typeCode": "2",
    "appliedDate": "01/14/2016",
    "clearDate": null,
    "companyNumber": "60",
    "namedInsured": "King, Cynthia Denise",
    "settleDate": "01/19/2016"
  },
  {
    "agencyCode": "26892",
    "cashItemId": "79203521",
    "policyId": "104600827781001",
    "version": "3",
    "entryDate": "01/14/2016",
    "amount": "65.2",
    "typeCode": "2",
    "appliedDate": "01/14/2016",
    "clearDate": null,
    "companyNumber": "60",
    "namedInsured": "Cuevas, Wilfrido Aguilar",
    "settleDate": "01/19/2016"
  },
  {
    "agencyCode": "26892",
    "cashItemId": "79203467",
    "policyId": "104600967797001",
    "version": "3",
    "entryDate": "01/14/2016",
    "amount": "63.67",
    "typeCode": "2",
    "appliedDate": "01/14/2016",
    "clearDate": null,
    "companyNumber": "60",
    "namedInsured": "Ayon-godinez, Consuelo Guadalupe",
    "settleDate": "01/19/2016"
  },
  {
    "agencyCode": "26892",
    "cashItemId": "79209299",
    "policyId": "104630589041001",
    "version": "4",
    "entryDate": "01/14/2016",
    "amount": "75",
    "typeCode": "2",
    "appliedDate": "01/14/2016",
    "clearDate": null,
    "companyNumber": "63",
    "namedInsured": "Villar, Manuel De Jesus Del",
    "settleDate": "01/19/2016"
  },
  {
    "agencyCode": "26892",
    "cashItemId": "79203579",
    "policyId": "104631293758001",
    "version": "1",
    "entryDate": "01/14/2016",
    "amount": "168.06",
    "typeCode": "2",
    "appliedDate": "01/14/2016",
    "clearDate": null,
    "companyNumber": "63",
    "namedInsured": "Dean, Westley Bernard",
    "settleDate": "01/19/2016"
  },
  {
    "agencyCode": "26892",
    "cashItemId": "79145086",
    "policyId": "104600993401001",
    "version": "2",
    "entryDate": "01/13/2016",
    "amount": "215",
    "typeCode": "2",
    "appliedDate": "01/13/2016",
    "clearDate": null,
    "companyNumber": "60",
    "namedInsured": "Lacey, Derrick Jerome",
    "settleDate": "01/15/2016"
  },
  {
    "agencyCode": "26892",
    "cashItemId": "79149585",
    "policyId": "104601099753001",
    "version": "2",
    "entryDate": "01/13/2016",
    "amount": "69",
    "typeCode": "2",
    "appliedDate": "01/13/2016",
    "clearDate": null,
    "companyNumber": "60",
    "namedInsured": "Flournoy, Darrick Albert",
    "settleDate": "01/15/2016"
  },
  {
    "agencyCode": "26892",
    "cashItemId": "79150561",
    "policyId": "104630401850001",
    "version": "4",
    "entryDate": "01/13/2016",
    "amount": "155",
    "typeCode": "2",
    "appliedDate": "01/13/2016",
    "clearDate": null,
    "companyNumber": "63",
    "namedInsured": "GRIMALDOMEJIA, LUIS GABRIEL",
    "settleDate": "01/15/2016"
  },
  {
    "agencyCode": "26892",
    "cashItemId": "79148643",
    "policyId": "104630823497001",
    "version": "3",
    "entryDate": "01/13/2016",
    "amount": "183.93",
    "typeCode": "2",
    "appliedDate": "01/13/2016",
    "clearDate": null,
    "companyNumber": "63",
    "namedInsured": "Smith, Enevila Kiana",
    "settleDate": "01/15/2016"
  },
  {
    "agencyCode": "26892",
    "cashItemId": "79151294",
    "policyId": "104630962829001",
    "version": "2",
    "entryDate": "01/13/2016",
    "amount": "203",
    "typeCode": "2",
    "appliedDate": "01/13/2016",
    "clearDate": null,
    "companyNumber": "63",
    "namedInsured": "Gil, Lisbeth Damaris Barreto",
    "settleDate": "01/15/2016"
  },
  {
    "agencyCode": "26892",
    "cashItemId": "79118753",
    "policyId": "104600841958001",
    "version": "3",
    "entryDate": "01/12/2016",
    "amount": "47",
    "typeCode": "2",
    "appliedDate": "01/12/2016",
    "clearDate": null,
    "companyNumber": "60",
    "namedInsured": "Garcia, Oscar Antonio",
    "settleDate": "01/14/2016"
  },
  {
    "agencyCode": "26892",
    "cashItemId": "79127726",
    "policyId": "104601176785001",
    "version": "1",
    "entryDate": "01/12/2016",
    "amount": "346.18",
    "typeCode": "2",
    "appliedDate": "01/12/2016",
    "clearDate": null,
    "companyNumber": "60",
    "namedInsured": "Mceleveen, Shelly Denise",
    "settleDate": "01/14/2016"
  },
  {
    "agencyCode": "26892",
    "cashItemId": "79129297",
    "policyId": "104630919802001",
    "version": "2",
    "entryDate": "01/12/2016",
    "amount": "1",
    "typeCode": "2",
    "appliedDate": "01/12/2016",
    "clearDate": null,
    "companyNumber": "63",
    "namedInsured": "Vargas, Igor Freitas",
    "settleDate": "01/14/2016"
  },
  {
    "agencyCode": "26892",
    "cashItemId": "79129297",
    "policyId": "104630919802001",
    "version": "3",
    "entryDate": "01/12/2016",
    "amount": "117",
    "typeCode": "2",
    "appliedDate": "01/12/2016",
    "clearDate": null,
    "companyNumber": "63",
    "namedInsured": "Vargas, Igor Freitas",
    "settleDate": "01/14/2016"
  },
  {
    "agencyCode": "26892",
    "cashItemId": "79128666",
    "policyId": "104631268981001",
    "version": "2",
    "entryDate": "01/12/2016",
    "amount": "88",
    "typeCode": "2",
    "appliedDate": "01/12/2016",
    "clearDate": null,
    "companyNumber": "63",
    "namedInsured": "Avery, Brannan Sedrick",
    "settleDate": "01/14/2016"
  },
  {
    "agencyCode": "26892",
    "cashItemId": "79128153",
    "policyId": "104631292938001",
    "version": "1",
    "entryDate": "01/12/2016",
    "amount": "142.56",
    "typeCode": "2",
    "appliedDate": "01/12/2016",
    "clearDate": null,
    "companyNumber": "63",
    "namedInsured": "Martinez Garcia, Alejandro",
    "settleDate": "01/14/2016"
  },
  {
    "agencyCode": "26892",
    "cashItemId": "79092622",
    "policyId": "104600802953001",
    "version": "4",
    "entryDate": "01/11/2016",
    "amount": "178",
    "typeCode": "2",
    "appliedDate": "01/11/2016",
    "clearDate": null,
    "companyNumber": "60",
    "namedInsured": "Leon, Juan Manuel",
    "settleDate": "01/13/2016"
  },
  {
    "agencyCode": "26892",
    "cashItemId": "79089535",
    "policyId": "104630551296001",
    "version": "5",
    "entryDate": "01/11/2016",
    "amount": "108",
    "typeCode": "2",
    "appliedDate": "01/11/2016",
    "clearDate": null,
    "companyNumber": "63",
    "namedInsured": "MARTINEZ, ANA L",
    "settleDate": "01/13/2016"
  },
  {
    "agencyCode": "26892",
    "cashItemId": "79072084",
    "policyId": "104600509010001",
    "version": "6",
    "entryDate": "01/09/2016",
    "amount": "54.56",
    "typeCode": "2",
    "appliedDate": "01/09/2016",
    "clearDate": null,
    "companyNumber": "60",
    "namedInsured": "Tatum, Rowland Sol",
    "settleDate": "01/12/2016"
  },
  {
    "agencyCode": "26892",
    "cashItemId": "79065849",
    "policyId": "104630496893001",
    "version": "4",
    "entryDate": "01/09/2016",
    "amount": "81",
    "typeCode": "2",
    "appliedDate": "01/09/2016",
    "clearDate": null,
    "companyNumber": "60",
    "namedInsured": "Actual Saldana, Mayra",
    "settleDate": "01/12/2016"
  },
  {
    "agencyCode": "26892",
    "cashItemId": "79070456",
    "policyId": "104630652701001",
    "version": "3",
    "entryDate": "01/09/2016",
    "amount": "164",
    "typeCode": "2",
    "appliedDate": "01/09/2016",
    "clearDate": null,
    "companyNumber": "63",
    "namedInsured": "Giron, Maria C",
    "settleDate": "01/12/2016"
  },
  {
    "agencyCode": "26892",
    "cashItemId": "79067723",
    "policyId": "104630900768001",
    "version": "3",
    "entryDate": "01/09/2016",
    "amount": "52",
    "typeCode": "2",
    "appliedDate": "01/09/2016",
    "clearDate": null,
    "companyNumber": "63",
    "namedInsured": "Magana-godinez, Miguel Angel",
    "settleDate": "01/12/2016"
  },
  {
    "agencyCode": "26892",
    "cashItemId": "79037928",
    "policyId": "104601024508001",
    "version": "2",
    "entryDate": "01/08/2016",
    "amount": "50",
    "typeCode": "2",
    "appliedDate": "01/08/2016",
    "clearDate": null,
    "companyNumber": "60",
    "namedInsured": "Navia, Jose",
    "settleDate": "01/12/2016"
  },
  {
    "agencyCode": "26892",
    "cashItemId": "79048417",
    "policyId": "104601062930001",
    "version": "3",
    "entryDate": "01/08/2016",
    "amount": "44",
    "typeCode": "2",
    "appliedDate": "01/08/2016",
    "clearDate": null,
    "companyNumber": "60",
    "namedInsured": "Carlos, Brian Anthony",
    "settleDate": "01/12/2016"
  },
  {
    "agencyCode": "26892",
    "cashItemId": "79043426",
    "policyId": "104601078093001",
    "version": "2",
    "entryDate": "01/08/2016",
    "amount": "169",
    "typeCode": "2",
    "appliedDate": "01/08/2016",
    "clearDate": null,
    "companyNumber": "60",
    "namedInsured": "Wadman, Justin Michael",
    "settleDate": "01/12/2016"
  },
  {
    "agencyCode": "26892",
    "cashItemId": "79036019",
    "policyId": "104601080129001",
    "version": "2",
    "entryDate": "01/08/2016",
    "amount": "111",
    "typeCode": "2",
    "appliedDate": "01/08/2016",
    "clearDate": null,
    "companyNumber": "60",
    "namedInsured": "Pratts, Jaime",
    "settleDate": "01/12/2016"
  },
  {
    "agencyCode": "26892",
    "cashItemId": "79051880",
    "policyId": "104630254364001",
    "version": "4",
    "entryDate": "01/08/2016",
    "amount": "92.01",
    "typeCode": "2",
    "appliedDate": "01/08/2016",
    "clearDate": null,
    "companyNumber": "63",
    "namedInsured": "Palomino-ortiz, Felix",
    "settleDate": "01/12/2016"
  },
  {
    "agencyCode": "26892",
    "cashItemId": "79042342",
    "policyId": "104630439079001",
    "version": "4",
    "entryDate": "01/08/2016",
    "amount": "126",
    "typeCode": "2",
    "appliedDate": "01/08/2016",
    "clearDate": null,
    "companyNumber": "60",
    "namedInsured": "Gooden, Rochelle A",
    "settleDate": "01/12/2016"
  },
  {
    "agencyCode": "26892",
    "cashItemId": "79012963",
    "policyId": "104601114342001",
    "version": "2",
    "entryDate": "01/07/2016",
    "amount": "86",
    "typeCode": "2",
    "appliedDate": "01/07/2016",
    "clearDate": null,
    "companyNumber": "60",
    "namedInsured": "Osorio, Minor",
    "settleDate": "01/11/2016"
  },
  {
    "agencyCode": "26892",
    "cashItemId": "79017337",
    "policyId": "104630995684001",
    "version": "2",
    "entryDate": "01/07/2016",
    "amount": "118.96",
    "typeCode": "2",
    "appliedDate": "01/07/2016",
    "clearDate": null,
    "companyNumber": "63",
    "namedInsured": "Lazo, Noemy Cecilia",
    "settleDate": "01/11/2016"
  },
  {
    "agencyCode": "26892",
    "cashItemId": "78969972",
    "policyId": "104601039639001",
    "version": "4",
    "entryDate": "01/06/2016",
    "amount": "62",
    "typeCode": "2",
    "appliedDate": "01/06/2016",
    "clearDate": null,
    "companyNumber": "63",
    "namedInsured": "Wilson, Brandi Noel",
    "settleDate": "01/08/2016"
  },
  {
    "agencyCode": "26892",
    "cashItemId": "78967899",
    "policyId": "104630688053001",
    "version": "2",
    "entryDate": "01/06/2016",
    "amount": "45",
    "typeCode": "2",
    "appliedDate": "01/06/2016",
    "clearDate": null,
    "companyNumber": "63",
    "namedInsured": "Mejia, Ana Dora Ortiz",
    "settleDate": "01/08/2016"
  },
  {
    "agencyCode": "26892",
    "cashItemId": "78937671",
    "policyId": "104601004298001",
    "version": "3",
    "entryDate": "01/05/2016",
    "amount": "41",
    "typeCode": "2",
    "appliedDate": "01/05/2016",
    "clearDate": null,
    "companyNumber": "60",
    "namedInsured": "Lopez, Jose Antonio Estrada",
    "settleDate": "01/07/2016"
  },
  {
    "agencyCode": "26892",
    "cashItemId": "78933973",
    "policyId": "104630440393001",
    "version": "4",
    "entryDate": "01/05/2016",
    "amount": "376",
    "typeCode": "2",
    "appliedDate": "01/05/2016",
    "clearDate": null,
    "companyNumber": "63",
    "namedInsured": "Floresmartinez, Flora",
    "settleDate": "01/07/2016"
  },
  {
    "agencyCode": "26892",
    "cashItemId": "78947355",
    "policyId": "104630841829001",
    "version": "3",
    "entryDate": "01/05/2016",
    "amount": "137",
    "typeCode": "2",
    "appliedDate": "01/05/2016",
    "clearDate": null,
    "companyNumber": "63",
    "namedInsured": "Clark, Vivian",
    "settleDate": "01/07/2016"
  },
  {
    "agencyCode": "26892",
    "cashItemId": "78913300",
    "policyId": "104600655239001",
    "version": "4",
    "entryDate": "01/04/2016",
    "amount": "234",
    "typeCode": "2",
    "appliedDate": "01/04/2016",
    "clearDate": null,
    "companyNumber": "60",
    "namedInsured": "GARCIA, TUPAC",
    "settleDate": "01/06/2016"
  },
  {
    "agencyCode": "26892",
    "cashItemId": "78903104",
    "policyId": "104600932385001",
    "version": "3",
    "entryDate": "01/04/2016",
    "amount": "52",
    "typeCode": "2",
    "appliedDate": "01/04/2016",
    "clearDate": null,
    "companyNumber": "63",
    "namedInsured": "Melchor Sanchez, Jose Juan",
    "settleDate": "01/06/2016"
  },
  {
    "agencyCode": "26892",
    "cashItemId": "78899768",
    "policyId": "104630080674001",
    "version": "7",
    "entryDate": "01/04/2016",
    "amount": "56",
    "typeCode": "2",
    "appliedDate": "01/04/2016",
    "clearDate": null,
    "companyNumber": "60",
    "namedInsured": "Alvarez, Alejandra",
    "settleDate": "01/06/2016"
  },
  {
    "agencyCode": "26892",
    "cashItemId": "78898742",
    "policyId": "104630115246001",
    "version": "4",
    "entryDate": "01/04/2016",
    "amount": "11.88",
    "typeCode": "2",
    "appliedDate": "01/04/2016",
    "clearDate": null,
    "companyNumber": "63",
    "namedInsured": "Lucio, Trinidad",
    "settleDate": "01/06/2016"
  },
  {
    "agencyCode": "26892",
    "cashItemId": "78898742",
    "policyId": "104630115246001",
    "version": "5",
    "entryDate": "01/04/2016",
    "amount": "1999.64",
    "typeCode": "2",
    "appliedDate": "01/04/2016",
    "clearDate": null,
    "companyNumber": "63",
    "namedInsured": "Lucio, Trinidad",
    "settleDate": "01/06/2016"
  },
  {
    "agencyCode": "26892",
    "cashItemId": "78915051",
    "policyId": "104630228290001",
    "version": "9",
    "entryDate": "01/04/2016",
    "amount": "132",
    "typeCode": "2",
    "appliedDate": "01/04/2016",
    "clearDate": null,
    "companyNumber": "63",
    "namedInsured": "Pena, Christina Elizabeth",
    "settleDate": "01/06/2016"
  },
  {
    "agencyCode": "26892",
    "cashItemId": "78896289",
    "policyId": "104630849779001",
    "version": "3",
    "entryDate": "01/04/2016",
    "amount": "85",
    "typeCode": "2",
    "appliedDate": "01/04/2016",
    "clearDate": null,
    "companyNumber": "63",
    "namedInsured": "Rodriguez, Jose Salvador",
    "settleDate": "01/06/2016"
  },
  {
    "agencyCode": "26892",
    "cashItemId": "78900398",
    "policyId": "104631012465001",
    "version": "2",
    "entryDate": "01/04/2016",
    "amount": "116",
    "typeCode": "2",
    "appliedDate": "01/04/2016",
    "clearDate": null,
    "companyNumber": "63",
    "namedInsured": "Pitts, Stephen Gregory",
    "settleDate": "01/06/2016"
  }
]
 
10:27:09.948 [pool-1-thread-2] INFO  com.intuit.karate - Loading karate-config 
10:27:09.949 [pool-1-thread-2] INFO  com.intuit.karate - Karate environment:u0 
10:27:09.950 [pool-1-thread-2] INFO  com.intuit.karate - Karate baseURL:https://prssu0.pri.kemper.com/policyReportSearchService/v2 
10:27:10.027 [pool-1-thread-5] INFO  com.intuit.karate - [print] [
  {
    "agencyCode": "5003",
    "owner": "NSC_CA.",
    "productNumber": "5",
    "product": "Commercial",
    "stateAbbreviation": "CA",
    "policyID": "504610108955001",
    "version": "1",
    "changeNumber": "1",
    "nameInsured": "Ca, Batman",
    "homePhone": null,
    "workPhone": "(123) 456-7890",
    "email": null,
    "effectiveDate": "11/18/2021",
    "expirationDate": null,
    "cancelDate": "11/18/2022",
    "cancelSourceCode": null,
    "companyNumber": "61",
    "rateDate": "11/18/2021",
    "producerNumber": "50461",
    "versionStatus": "Active",
    "versionType": "New",
    "quotedDownPayment": "5656",
    "policyTerm": "12",
    "payPlan": "1-Pay",
    "writtenPremium": "5651",
    "feeAmount": "160.00",
    "writtenPremiumWFees": "5811.00",
    "billedAmount": "5596.00",
    "billedFeeAmount": "60.00",
    "totalBilledAmount": "5656.00",
    "yetToBeBilledAmount": "155.00",
    "receiptAmount": "0.00",
    "currentDueAmount": "5656.00",
    "remainBalanceAmount": "5811.00",
    "writeOffAmount": "0.00",
    "lastActivityAmount": "03/10/2022",
    "lastBilledDate": "03/10/2022"
  },
  {
    "agencyCode": "5003",
    "owner": "NSC_CA.",
    "productNumber": "5",
    "product": "Commercial",
    "stateAbbreviation": "CA",
    "policyID": "504610108947001",
    "version": "1",
    "changeNumber": "1",
    "nameInsured": "Testing, Regression6",
    "homePhone": null,
    "workPhone": "(567) 356-2443",
    "email": null,
    "effectiveDate": "10/13/2021",
    "expirationDate": null,
    "cancelDate": "10/13/2022",
    "cancelSourceCode": null,
    "companyNumber": "61",
    "rateDate": "10/13/2021",
    "producerNumber": "50461",
    "versionStatus": "Active",
    "versionType": "New",
    "quotedDownPayment": "713.5",
    "policyTerm": "12",
    "payPlan": "2-Pay",
    "writtenPremium": "1926",
    "feeAmount": "112.44",
    "writtenPremiumWFees": "2038.44",
    "billedAmount": "1926.00",
    "billedFeeAmount": "112.44",
    "totalBilledAmount": "2038.44",
    "yetToBeBilledAmount": "0.00",
    "receiptAmount": "713.50",
    "currentDueAmount": "1324.94",
    "remainBalanceAmount": "1324.94",
    "writeOffAmount": "0.00",
    "lastActivityAmount": "02/21/2022",
    "lastBilledDate": "02/21/2022"
  },
  {
    "agencyCode": "5003",
    "owner": "NSC_CA.",
    "productNumber": "5",
    "product": "Commercial",
    "stateAbbreviation": "CA",
    "policyID": "504610108939001",
    "version": "1",
    "changeNumber": "1",
    "nameInsured": "Testing, Ca-cv12mpif",
    "homePhone": null,
    "workPhone": "(556) 846-8536",
    "email": null,
    "effectiveDate": "10/11/2021",
    "expirationDate": null,
    "cancelDate": "10/11/2022",
    "cancelSourceCode": null,
    "companyNumber": "61",
    "rateDate": "10/11/2021",
    "producerNumber": "50461",
    "versionStatus": "Active",
    "versionType": "New",
    "quotedDownPayment": "517",
    "policyTerm": "12",
    "payPlan": "1-Pay",
    "writtenPremium": "457",
    "feeAmount": "60.00",
    "writtenPremiumWFees": "517.00",
    "billedAmount": "457.00",
    "billedFeeAmount": "60.00",
    "totalBilledAmount": "517.00",
    "yetToBeBilledAmount": "0.00",
    "receiptAmount": "517.00",
    "currentDueAmount": "0",
    "remainBalanceAmount": "0.00",
    "writeOffAmount": "0.00",
    "lastActivityAmount": "10/11/2021",
    "lastBilledDate": "10/11/2021"
  },
  {
    "agencyCode": "5003",
    "owner": "NSC_CA.",
    "productNumber": "5",
    "product": "Commercial",
    "stateAbbreviation": "CA",
    "policyID": "504610108945001",
    "version": "1",
    "changeNumber": "1",
    "nameInsured": "Testing, Cacv12mi",
    "homePhone": null,
    "workPhone": "(246) 356-6787",
    "email": null,
    "effectiveDate": "10/11/2021",
    "expirationDate": null,
    "cancelDate": "10/11/2022",
    "cancelSourceCode": null,
    "companyNumber": "61",
    "rateDate": "10/11/2021",
    "producerNumber": "50461",
    "versionStatus": "Active",
    "versionType": "New",
    "quotedDownPayment": "110.07",
    "policyTerm": "12",
    "payPlan": "12-Pay RCP",
    "writtenPremium": "1163",
    "feeAmount": "5.40",
    "writtenPremiumWFees": "1168.40",
    "billedAmount": "104.67",
    "billedFeeAmount": "5.40",
    "totalBilledAmount": "110.07",
    "yetToBeBilledAmount": "1058.33",
    "receiptAmount": "110.07",
    "currentDueAmount": "0",
    "remainBalanceAmount": "1058.33",
    "writeOffAmount": "0.00",
    "lastActivityAmount": "10/11/2021",
    "lastBilledDate": "10/11/2021"
  },
  {
    "agencyCode": "5003",
    "owner": "NSC_CA.",
    "productNumber": "5",
    "product": "Commercial",
    "stateAbbreviation": "CA",
    "policyID": "504610108914001",
    "version": "1",
    "changeNumber": "2",
    "nameInsured": "Bowling, Louis",
    "homePhone": null,
    "workPhone": "(123) 456-7890",
    "email": null,
    "effectiveDate": "08/21/2021",
    "expirationDate": null,
    "cancelDate": "08/21/2022",
    "cancelSourceCode": null,
    "companyNumber": "61",
    "rateDate": "08/13/2021",
    "producerNumber": "50461",
    "versionStatus": "Active",
    "versionType": "New",
    "quotedDownPayment": "2145",
    "policyTerm": "12",
    "payPlan": "1-Pay",
    "writtenPremium": "1965",
    "feeAmount": "180.00",
    "writtenPremiumWFees": "2145.00",
    "billedAmount": "1965.00",
    "billedFeeAmount": "180.00",
    "totalBilledAmount": "2145.00",
    "yetToBeBilledAmount": "0.00",
    "receiptAmount": "2145.00",
    "currentDueAmount": "0",
    "remainBalanceAmount": "0.00",
    "writeOffAmount": "0.00",
    "lastActivityAmount": "05/18/2022",
    "lastBilledDate": "05/18/2022"
  },
  {
    "agencyCode": "5003",
    "owner": "NSC_CA.",
    "productNumber": "5",
    "product": "Commercial",
    "stateAbbreviation": "CA",
    "policyID": "504147328359001",
    "version": "1",
    "changeNumber": "1",
    "nameInsured": "Cargo, Ca",
    "homePhone": null,
    "workPhone": "(555) 555-5555",
    "email": null,
    "effectiveDate": "08/04/2021",
    "expirationDate": null,
    "cancelDate": "08/04/2022",
    "cancelSourceCode": null,
    "companyNumber": "61",
    "rateDate": "08/04/2021",
    "producerNumber": "50461",
    "versionStatus": "Active",
    "versionType": "New",
    "quotedDownPayment": "11207.52",
    "policyTerm": "12",
    "payPlan": "10-Pay",
    "writtenPremium": "73773",
    "feeAmount": "140.00",
    "writtenPremiumWFees": "73913.00",
    "billedAmount": "24178.96",
    "billedFeeAmount": "140.00",
    "totalBilledAmount": "24318.96",
    "yetToBeBilledAmount": "49594.04",
    "receiptAmount": "0.00",
    "currentDueAmount": "24318.96",
    "remainBalanceAmount": "73913.00",
    "writeOffAmount": "0.00",
    "lastActivityAmount": "09/22/2021",
    "lastBilledDate": "09/17/2021"
  },
  {
    "agencyCode": "5003",
    "owner": "NSC_CA.",
    "productNumber": "5",
    "product": "Commercial",
    "stateAbbreviation": "CA",
    "policyID": "504610108889001",
    "version": "1",
    "changeNumber": "1",
    "nameInsured": "Oldmatrixca, Test",
    "homePhone": null,
    "workPhone": "(205) 588-3590",
    "email": null,
    "effectiveDate": "06/07/2021",
    "expirationDate": null,
    "cancelDate": "06/07/2022",
    "cancelSourceCode": null,
    "companyNumber": "61",
    "rateDate": "06/07/2021",
    "producerNumber": "50461",
    "versionStatus": "Active",
    "versionType": "New",
    "quotedDownPayment": "8214",
    "policyTerm": "12",
    "payPlan": "1-Pay",
    "writtenPremium": "6913",
    "feeAmount": "60.00",
    "writtenPremiumWFees": "6973.00",
    "billedAmount": "6913.00",
    "billedFeeAmount": "60.00",
    "totalBilledAmount": "6973.00",
    "yetToBeBilledAmount": "0.00",
    "receiptAmount": "0.00",
    "currentDueAmount": "6973.00",
    "remainBalanceAmount": "6973.00",
    "writeOffAmount": "0.00",
    "lastActivityAmount": "06/17/2021",
    "lastBilledDate": "06/17/2021"
  },
  {
    "agencyCode": "5003",
    "owner": "NSC_CA.",
    "productNumber": "5",
    "product": "Commercial",
    "stateAbbreviation": "CA",
    "policyID": "504610108890001",
    "version": "1",
    "changeNumber": "1",
    "nameInsured": "Obdcalifornia, Test",
    "homePhone": null,
    "workPhone": "(123) 456-3688",
    "email": null,
    "effectiveDate": "06/07/2021",
    "expirationDate": null,
    "cancelDate": "06/07/2022",
    "cancelSourceCode": null,
    "companyNumber": "61",
    "rateDate": "06/07/2021",
    "producerNumber": "50461",
    "versionStatus": "Active",
    "versionType": "New",
    "quotedDownPayment": "90",
    "policyTerm": "12",
    "payPlan": "1-Pay",
    "writtenPremium": "7115",
    "feeAmount": "60.00",
    "writtenPremiumWFees": "7175.00",
    "billedAmount": "7115.00",
    "billedFeeAmount": "60.00",
    "totalBilledAmount": "7175.00",
    "yetToBeBilledAmount": "0.00",
    "receiptAmount": "90.00",
    "currentDueAmount": "7085.00",
    "remainBalanceAmount": "7085.00",
    "writeOffAmount": "0.00",
    "lastActivityAmount": "06/17/2021",
    "lastBilledDate": "06/17/2021"
  },
  {
    "agencyCode": "5003",
    "owner": "NSC_CA.",
    "productNumber": "5",
    "product": "Commercial",
    "stateAbbreviation": "CA",
    "policyID": "504610108891001",
    "version": "1",
    "changeNumber": "1",
    "nameInsured": "Polecritti, Charles",
    "homePhone": null,
    "workPhone": "(205) 585-4587",
    "email": "holly.runyan@kemper.com",
    "effectiveDate": "06/07/2021",
    "expirationDate": null,
    "cancelDate": "06/07/2022",
    "cancelSourceCode": null,
    "companyNumber": "61",
    "rateDate": "06/07/2021",
    "producerNumber": "50461",
    "versionStatus": "Active",
    "versionType": "New",
    "quotedDownPayment": "700.48",
    "policyTerm": "12",
    "payPlan": "10-Pay",
    "writtenPremium": "4198",
    "feeAmount": "74.40",
    "writtenPremiumWFees": "4272.40",
    "billedAmount": "1455.32",
    "billedFeeAmount": "74.40",
    "totalBilledAmount": "1529.72",
    "yetToBeBilledAmount": "2742.68",
    "receiptAmount": "700.48",
    "currentDueAmount": "829.24",
    "remainBalanceAmount": "3571.92",
    "writeOffAmount": "0.00",
    "lastActivityAmount": "07/19/2021",
    "lastBilledDate": "07/19/2021"
  },
  {
    "agencyCode": "5003",
    "owner": "NSC_CA.",
    "productNumber": "5",
    "product": "Commercial",
    "stateAbbreviation": "CA",
    "policyID": "504610108885001",
    "version": "1",
    "changeNumber": "1",
    "nameInsured": "Bowling, Louis",
    "homePhone": null,
    "workPhone": "(763) 237-8778",
    "email": null,
    "effectiveDate": "05/26/2021",
    "expirationDate": null,
    "cancelDate": "05/26/2022",
    "cancelSourceCode": null,
    "companyNumber": "61",
    "rateDate": "05/26/2021",
    "producerNumber": "50461",
    "versionStatus": "Active",
    "versionType": "New",
    "quotedDownPayment": "357.96",
    "policyTerm": "12",
    "payPlan": "10-Pay Low",
    "writtenPremium": "2863",
    "feeAmount": "49.86",
    "writtenPremiumWFees": "2912.86",
    "billedAmount": "903.44",
    "billedFeeAmount": "49.86",
    "totalBilledAmount": "953.30",
    "yetToBeBilledAmount": "1959.56",
    "receiptAmount": "357.96",
    "currentDueAmount": "595.34",
    "remainBalanceAmount": "2554.90",
    "writeOffAmount": "0.00",
    "lastActivityAmount": "07/09/2021",
    "lastBilledDate": "07/09/2021"
  },
  {
    "agencyCode": "5003",
    "owner": "NSC_CA.",
    "productNumber": "5",
    "product": "Commercial",
    "stateAbbreviation": "CA",
    "policyID": "504577948049001",
    "version": "1",
    "changeNumber": "1",
    "nameInsured": "Smokefuture, Cacv",
    "homePhone": null,
    "workPhone": "(543) 545-4546",
    "email": null,
    "effectiveDate": "04/30/2021",
    "expirationDate": null,
    "cancelDate": "04/30/2022",
    "cancelSourceCode": null,
    "companyNumber": "61",
    "rateDate": "03/31/2021",
    "producerNumber": "50461",
    "versionStatus": "Active",
    "versionType": "New",
    "quotedDownPayment": "1483.29",
    "policyTerm": "12",
    "payPlan": "12-Pay EFT",
    "writtenPremium": "16631",
    "feeAmount": "67.87",
    "writtenPremiumWFees": "16698.87",
    "billedAmount": "5602.71",
    "billedFeeAmount": "67.87",
    "totalBilledAmount": "5670.58",
    "yetToBeBilledAmount": "11028.29",
    "receiptAmount": "1483.29",
    "currentDueAmount": "4187.29",
    "remainBalanceAmount": "15215.58",
    "writeOffAmount": "0.00",
    "lastActivityAmount": "07/15/2021",
    "lastBilledDate": "07/15/2021"
  },
  {
    "agencyCode": "5003",
    "owner": "NSC_CA.",
    "productNumber": "5",
    "product": "Commercial",
    "stateAbbreviation": "CA",
    "policyID": "504610108870001",
    "version": "1",
    "changeNumber": "1",
    "nameInsured": "Policy, Eft",
    "homePhone": null,
    "workPhone": "(205) 435-6789",
    "email": "lesonja.willis@kemper.com",
    "effectiveDate": "04/27/2021",
    "expirationDate": null,
    "cancelDate": "04/27/2022",
    "cancelSourceCode": null,
    "companyNumber": "61",
    "rateDate": "04/27/2021",
    "producerNumber": "50461",
    "versionStatus": "Active",
    "versionType": "New",
    "quotedDownPayment": "175.95",
    "policyTerm": "12",
    "payPlan": "12-Pay EFT",
    "writtenPremium": "1895",
    "feeAmount": "27.28",
    "writtenPremiumWFees": "1922.28",
    "billedAmount": "640.86",
    "billedFeeAmount": "27.28",
    "totalBilledAmount": "668.14",
    "yetToBeBilledAmount": "1254.14",
    "receiptAmount": "175.95",
    "currentDueAmount": "492.19",
    "remainBalanceAmount": "1746.33",
    "writeOffAmount": "0.00",
    "lastActivityAmount": "07/12/2021",
    "lastBilledDate": "07/12/2021"
  },
  {
    "agencyCode": "5003",
    "owner": "NSC_CA.",
    "productNumber": "5",
    "product": "Commercial",
    "stateAbbreviation": "CA",
    "policyID": "504610108868001",
    "version": "1",
    "changeNumber": "1",
    "nameInsured": "Time, Vacation",
    "homePhone": null,
    "workPhone": "(205) 678-9876",
    "email": "lesonja.willis@kemper.com",
    "effectiveDate": "04/13/2021",
    "expirationDate": null,
    "cancelDate": "04/13/2022",
    "cancelSourceCode": null,
    "companyNumber": "61",
    "rateDate": "04/13/2021",
    "producerNumber": "50461",
    "versionStatus": "Active",
    "versionType": "New",
    "quotedDownPayment": "920",
    "policyTerm": "12",
    "payPlan": "2-Pay",
    "writtenPremium": "1780",
    "feeAmount": "72.00",
    "writtenPremiumWFees": "1852.00",
    "billedAmount": "1780.00",
    "billedFeeAmount": "72.00",
    "totalBilledAmount": "1852.00",
    "yetToBeBilledAmount": "0.00",
    "receiptAmount": "920.00",
    "currentDueAmount": "932.00",
    "remainBalanceAmount": "932.00",
    "writeOffAmount": "0.00",
    "lastActivityAmount": "07/09/2021",
    "lastBilledDate": "07/09/2021"
  },
  {
    "agencyCode": "5003",
    "owner": "NSC_CA.",
    "productNumber": "5",
    "product": "Commercial",
    "stateAbbreviation": "CA",
    "policyID": "504610108943001",
    "version": "1",
    "changeNumber": "1",
    "nameInsured": "Testing, Ca-cv6mi",
    "homePhone": null,
    "workPhone": "(657) 589-4656",
    "email": null,
    "effectiveDate": "10/11/2021",
    "expirationDate": null,
    "cancelDate": "04/11/2022",
    "cancelSourceCode": null,
    "companyNumber": "61",
    "rateDate": "10/11/2021",
    "producerNumber": "50461",
    "versionStatus": "Active",
    "versionType": "New",
    "quotedDownPayment": "65.34",
    "policyTerm": "6",
    "payPlan": "6-Pay RCP",
    "writtenPremium": "333",
    "feeAmount": "5.40",
    "writtenPremiumWFees": "338.40",
    "billedAmount": "59.94",
    "billedFeeAmount": "5.40",
    "totalBilledAmount": "65.34",
    "yetToBeBilledAmount": "273.06",
    "receiptAmount": "65.34",
    "currentDueAmount": "0",
    "remainBalanceAmount": "273.06",
    "writeOffAmount": "0.00",
    "lastActivityAmount": "10/11/2021",
    "lastBilledDate": "10/11/2021"
  },
  {
    "agencyCode": "5003",
    "owner": "NSC_CA.",
    "productNumber": "5",
    "product": "Commercial",
    "stateAbbreviation": "CA",
    "policyID": "504610108944001",
    "version": "1",
    "changeNumber": "1",
    "nameInsured": "Testing, Ca-cv6mpif",
    "homePhone": null,
    "workPhone": "(404) 097-0984",
    "email": null,
    "effectiveDate": "10/11/2021",
    "expirationDate": null,
    "cancelDate": "04/11/2022",
    "cancelSourceCode": null,
    "companyNumber": "61",
    "rateDate": "10/11/2021",
    "producerNumber": "50461",
    "versionStatus": "Active",
    "versionType": "New",
    "quotedDownPayment": "265",
    "policyTerm": "6",
    "payPlan": "1-Pay",
    "writtenPremium": "235",
    "feeAmount": "30.00",
    "writtenPremiumWFees": "265.00",
    "billedAmount": "235.00",
    "billedFeeAmount": "30.00",
    "totalBilledAmount": "265.00",
    "yetToBeBilledAmount": "0.00",
    "receiptAmount": "265.00",
    "currentDueAmount": "0",
    "remainBalanceAmount": "0.00",
    "writeOffAmount": "0.00",
    "lastActivityAmount": "10/11/2021",
    "lastBilledDate": "10/11/2021"
  },
  {
    "agencyCode": "5003",
    "owner": "NSC_CA.",
    "productNumber": "5",
    "product": "Commercial",
    "stateAbbreviation": "CA",
    "policyID": "504610108844001",
    "version": "2",
    "changeNumber": "1",
    "nameInsured": "Test, Incident",
    "homePhone": null,
    "workPhone": "(205) 678-9876",
    "email": "lesonja.willis@kemper.com",
    "effectiveDate": "04/08/2021",
    "expirationDate": null,
    "cancelDate": "04/08/2022",
    "cancelSourceCode": null,
    "companyNumber": "61",
    "rateDate": "04/08/2021",
    "producerNumber": "50461",
    "versionStatus": "Active",
    "versionType": "New",
    "quotedDownPayment": "1745.5",
    "policyTerm": "12",
    "payPlan": "2-Pay",
    "writtenPremium": "3371",
    "feeAmount": "132.00",
    "writtenPremiumWFees": "3503.00",
    "billedAmount": "3371.00",
    "billedFeeAmount": "132.00",
    "totalBilledAmount": "3503.00",
    "yetToBeBilledAmount": "0.00",
    "receiptAmount": "1762.67",
    "currentDueAmount": "1740.33",
    "remainBalanceAmount": "1740.33",
    "writeOffAmount": "0.00",
    "lastActivityAmount": "06/17/2021",
    "lastBilledDate": "06/17/2021"
  },
  {
    "agencyCode": "5003",
    "owner": "NSC_CA.",
    "productNumber": "5",
    "product": "Commercial",
    "stateAbbreviation": "CA",
    "policyID": "504610108854001",
    "version": "1",
    "changeNumber": "1",
    "nameInsured": "Mighty, Aiform",
    "homePhone": null,
    "workPhone": "(213) 458-9663",
    "email": "lesonja.willis@kemper.com",
    "effectiveDate": "04/08/2021",
    "expirationDate": null,
    "cancelDate": "04/08/2022",
    "cancelSourceCode": null,
    "companyNumber": "61",
    "rateDate": "04/08/2021",
    "producerNumber": "50461",
    "versionStatus": "Active",
    "versionType": "New",
    "quotedDownPayment": "1877",
    "policyTerm": "12",
    "payPlan": "2-Pay",
    "writtenPremium": "3544",
    "feeAmount": "147.00",
    "writtenPremiumWFees": "3691.00",
    "billedAmount": "3544.00",
    "billedFeeAmount": "147.00",
    "totalBilledAmount": "3691.00",
    "yetToBeBilledAmount": "0.00",
    "receiptAmount": "1877.00",
    "currentDueAmount": "1814.00",
    "remainBalanceAmount": "1814.00",
    "writeOffAmount": "0.00",
    "lastActivityAmount": "06/17/2021",
    "lastBilledDate": "06/17/2021"
  },
  {
    "agencyCode": "5003",
    "owner": "NSC_CA.",
    "productNumber": "5",
    "product": "Commercial",
    "stateAbbreviation": "CA",
    "policyID": "504610108855001",
    "version": "1",
    "changeNumber": "1",
    "nameInsured": "Luggage, Pack",
    "homePhone": null,
    "workPhone": "(205) 456-8976",
    "email": "lesonja.willis@kemper.com",
    "effectiveDate": "04/08/2021",
    "expirationDate": null,
    "cancelDate": "04/08/2022",
    "cancelSourceCode": null,
    "companyNumber": "61",
    "rateDate": "04/08/2021",
    "producerNumber": "50461",
    "versionStatus": "Active",
    "versionType": "New",
    "quotedDownPayment": "1855.5",
    "policyTerm": "12",
    "payPlan": "2-Pay",
    "writtenPremium": "3501",
    "feeAmount": "147.00",
    "writtenPremiumWFees": "3648.00",
    "billedAmount": "3501.00",
    "billedFeeAmount": "147.00",
    "totalBilledAmount": "3648.00",
    "yetToBeBilledAmount": "0.00",
    "receiptAmount": "1855.50",
    "currentDueAmount": "1792.50",
    "remainBalanceAmount": "1792.50",
    "writeOffAmount": "0.00",
    "lastActivityAmount": "06/17/2021",
    "lastBilledDate": "06/17/2021"
  },
  {
    "agencyCode": "5003",
    "owner": "NSC_CA.",
    "productNumber": "5",
    "product": "Commercial",
    "stateAbbreviation": "CA",
    "policyID": "504610108852001",
    "version": "1",
    "changeNumber": "1",
    "nameInsured": "Doe, John",
    "homePhone": null,
    "workPhone": "(205) 602-9231",
    "email": "brenda.newsom@kemper.com",
    "effectiveDate": "03/30/2021",
    "expirationDate": null,
    "cancelDate": "03/30/2022",
    "cancelSourceCode": null,
    "companyNumber": "61",
    "rateDate": "03/30/2021",
    "producerNumber": "50461",
    "versionStatus": "Active",
    "versionType": "New",
    "quotedDownPayment": "2320",
    "policyTerm": "12",
    "payPlan": "2-Pay",
    "writtenPremium": "7664",
    "feeAmount": "264.00",
    "writtenPremiumWFees": "7928.00",
    "billedAmount": "7664.00",
    "billedFeeAmount": "264.00",
    "totalBilledAmount": "7928.00",
    "yetToBeBilledAmount": "0.00",
    "receiptAmount": "2320.00",
    "currentDueAmount": "5608.00",
    "remainBalanceAmount": "5608.00",
    "writeOffAmount": "0.00",
    "lastActivityAmount": "06/17/2021",
    "lastBilledDate": "06/17/2021"
  },
  {
    "agencyCode": "5003",
    "owner": "NSC_CA.",
    "productNumber": "5",
    "product": "Commercial",
    "stateAbbreviation": "CA",
    "policyID": "504610108663002",
    "version": "2",
    "changeNumber": "1",
    "nameInsured": "Testcasel25, Cacvlocal",
    "homePhone": null,
    "workPhone": "(205) 585-4587",
    "email": "holly.runyan@kemper.com",
    "effectiveDate": "03/18/2021",
    "expirationDate": null,
    "cancelDate": "03/18/2022",
    "cancelSourceCode": null,
    "companyNumber": "61",
    "rateDate": "03/18/2021",
    "producerNumber": "50461",
    "versionStatus": "Active",
    "versionType": "New",
    "quotedDownPayment": "3297.2",
    "policyTerm": "12",
    "payPlan": "10-Pay",
    "writtenPremium": "20115",
    "feeAmount": "78.80",
    "writtenPremiumWFees": "20193.80",
    "billedAmount": "3218.40",
    "billedFeeAmount": "78.80",
    "totalBilledAmount": "3297.20",
    "yetToBeBilledAmount": "16896.60",
    "receiptAmount": "0.00",
    "currentDueAmount": "3297.20",
    "remainBalanceAmount": "20193.80",
    "writeOffAmount": "0.00",
    "lastActivityAmount": "03/18/2021",
    "lastBilledDate": "03/18/2021"
  },
  {
    "agencyCode": "5003",
    "owner": "NSC_CA.",
    "productNumber": "5",
    "product": "Commercial",
    "stateAbbreviation": "CA",
    "policyID": "504610108825001",
    "version": "2",
    "changeNumber": "1",
    "nameInsured": "Riddel, Jeffery",
    "homePhone": null,
    "workPhone": "(205) 585-4587",
    "email": "holly.runyan@kemper.com",
    "effectiveDate": "03/02/2021",
    "expirationDate": null,
    "cancelDate": "03/02/2022",
    "cancelSourceCode": null,
    "companyNumber": "61",
    "rateDate": "03/02/2021",
    "producerNumber": "50461",
    "versionStatus": "Active",
    "versionType": "New",
    "quotedDownPayment": "3760.32",
    "policyTerm": "12",
    "payPlan": "10-Pay",
    "writtenPremium": "28429",
    "feeAmount": "53.80",
    "writtenPremiumWFees": "28482.80",
    "billedAmount": "3731.52",
    "billedFeeAmount": "28.80",
    "totalBilledAmount": "3760.32",
    "yetToBeBilledAmount": "24722.48",
    "receiptAmount": "0.00",
    "currentDueAmount": "3760.32",
    "remainBalanceAmount": "28482.80",
    "writeOffAmount": "0.00",
    "lastActivityAmount": "05/06/2021",
    "lastBilledDate": "03/02/2021"
  },
  {
    "agencyCode": "5003",
    "owner": "NSC_CA.",
    "productNumber": "5",
    "product": "Commercial",
    "stateAbbreviation": "CA",
    "policyID": "504610108787001",
    "version": "1",
    "changeNumber": "1",
    "nameInsured": "Compliancebasequote, Compliancebasequote",
    "homePhone": null,
    "workPhone": "(800) 555-1234",
    "email": null,
    "effectiveDate": "01/30/2021",
    "expirationDate": null,
    "cancelDate": "01/30/2022",
    "cancelSourceCode": null,
    "companyNumber": "61",
    "rateDate": "01/05/2021",
    "producerNumber": "50461",
    "versionStatus": "Active",
    "versionType": "New",
    "quotedDownPayment": "268.96",
    "policyTerm": "12",
    "payPlan": "10-Pay",
    "writtenPremium": "1626",
    "feeAmount": "55.20",
    "writtenPremiumWFees": "1681.20",
    "billedAmount": "1170.46",
    "billedFeeAmount": "55.20",
    "totalBilledAmount": "1225.66",
    "yetToBeBilledAmount": "455.54",
    "receiptAmount": "268.96",
    "currentDueAmount": "956.70",
    "remainBalanceAmount": "1412.24",
    "writeOffAmount": "0.00",
    "lastActivityAmount": "07/11/2021",
    "lastBilledDate": "07/11/2021"
  },
  {
    "agencyCode": "5003",
    "owner": "NSC_CA.",
    "productNumber": "5",
    "product": "Commercial",
    "stateAbbreviation": "CA",
    "policyID": "504610108827001",
    "version": "1",
    "changeNumber": "1",
    "nameInsured": "Chriss, Mcchris",
    "homePhone": null,
    "workPhone": "(205) 588-3590",
    "email": null,
    "effectiveDate": "01/22/2021",
    "expirationDate": null,
    "cancelDate": "01/22/2022",
    "cancelSourceCode": null,
    "companyNumber": "61",
    "rateDate": "01/22/2021",
    "producerNumber": "50461",
    "versionStatus": "Active",
    "versionType": "New",
    "quotedDownPayment": "2587",
    "policyTerm": "12",
    "payPlan": "2-Pay",
    "writtenPremium": "2407",
    "feeAmount": "180.00",
    "writtenPremiumWFees": "2587.00",
    "billedAmount": "2407.00",
    "billedFeeAmount": "180.00",
    "totalBilledAmount": "2587.00",
    "yetToBeBilledAmount": "0.00",
    "receiptAmount": "2587.00",
    "currentDueAmount": "0",
    "remainBalanceAmount": "0.00",
    "writeOffAmount": "0.00",
    "lastActivityAmount": "06/17/2021",
    "lastBilledDate": "06/17/2021"
  },
  {
    "agencyCode": "5003",
    "owner": "NSC_CA.",
    "productNumber": "5",
    "product": "Commercial",
    "stateAbbreviation": "CA",
    "policyID": "504610120269001",
    "version": "5",
    "changeNumber": "1",
    "nameInsured": "Cartwright, Alan",
    "homePhone": "5303700602",
    "workPhone": null,
    "email": "CARTWRIGHTSUZI@HOTMAIL.COM",
    "effectiveDate": "07/18/2021",
    "expirationDate": null,
    "cancelDate": "01/18/2022",
    "cancelSourceCode": null,
    "companyNumber": "61",
    "rateDate": "07/18/2021",
    "producerNumber": null,
    "versionStatus": "Active",
    "versionType": "Renewal",
    "quotedDownPayment": "646",
    "policyTerm": "6",
    "payPlan": "1-Pay",
    "writtenPremium": "616",
    "feeAmount": "30.00",
    "writtenPremiumWFees": "646.00",
    "billedAmount": "616.00",
    "billedFeeAmount": "30.00",
    "totalBilledAmount": "646.00",
    "yetToBeBilledAmount": "0.00",
    "receiptAmount": "646.00",
    "currentDueAmount": "0",
    "remainBalanceAmount": "0.00",
    "writeOffAmount": "0.00",
    "lastActivityAmount": "07/23/2021",
    "lastBilledDate": "07/23/2021"
  }
]
 
10:27:10.030 [pool-1-thread-3] INFO  com.intuit.karate - [print] [
]
 
10:27:10.039 [pool-1-thread-5] INFO  com.intuit.karate - Loading karate-config 
10:27:10.041 [pool-1-thread-5] INFO  com.intuit.karate - Karate environment:u0 
10:27:10.042 [pool-1-thread-5] INFO  com.intuit.karate - Karate baseURL:https://prssu0.pri.kemper.com/policyReportSearchService/v2 
10:27:10.048 [pool-1-thread-3] INFO  com.intuit.karate - Loading karate-config 
10:27:10.050 [pool-1-thread-3] INFO  com.intuit.karate - Karate environment:u0 
10:27:10.051 [pool-1-thread-3] INFO  com.intuit.karate - Karate baseURL:https://prssu0.pri.kemper.com/policyReportSearchService/v2 
10:27:11.116 [pool-1-thread-3] INFO  com.intuit.karate - [print] [
  {
    "agencyNum": "9602",
    "policyNumber": "104600057794001",
    "insuredFirstName": "TRINH LE",
    "insuredLastName": "PHAM",
    "uploadDate": "20160817",
    "uploadTime": "13:48"
  },
  {
    "agencyNum": "10494",
    "policyNumber": "104600100725001",
    "insuredFirstName": "YOLANDA",
    "insuredLastName": "GOMEZ",
    "uploadDate": "20160817",
    "uploadTime": "13:58"
  },
  {
    "agencyNum": "10494",
    "policyNumber": "104600100725001",
    "insuredFirstName": "YOLANDA",
    "insuredLastName": "GOMEZ",
    "uploadDate": "20160817",
    "uploadTime": "13:58"
  },
  {
    "agencyNum": "10494",
    "policyNumber": "104600100725001",
    "insuredFirstName": "YOLANDA",
    "insuredLastName": "GOMEZ",
    "uploadDate": "20160817",
    "uploadTime": "13:58"
  },
  {
    "agencyNum": "10494",
    "policyNumber": "104600100725001",
    "insuredFirstName": "YOLANDA",
    "insuredLastName": "GOMEZ",
    "uploadDate": "20160817",
    "uploadTime": "13:58"
  },
  {
    "agencyNum": "10494",
    "policyNumber": "104600100725001",
    "insuredFirstName": "YOLANDA",
    "insuredLastName": "GOMEZ",
    "uploadDate": "20160817",
    "uploadTime": "13:58"
  },
  {
    "agencyNum": "10494",
    "policyNumber": "104600100725001",
    "insuredFirstName": "YOLANDA",
    "insuredLastName": "GOMEZ",
    "uploadDate": "20160817",
    "uploadTime": "13:58"
  },
  {
    "agencyNum": "10494",
    "policyNumber": "104600100725001",
    "insuredFirstName": "YOLANDA",
    "insuredLastName": "GOMEZ",
    "uploadDate": "20160817",
    "uploadTime": "13:58"
  },
  {
    "agencyNum": "10494",
    "policyNumber": "104600100725001",
    "insuredFirstName": "YOLANDA",
    "insuredLastName": "GOMEZ",
    "uploadDate": "20160817",
    "uploadTime": "13:58"
  },
  {
    "agencyNum": "9602",
    "policyNumber": "104600057794001",
    "insuredFirstName": "TRINH LE",
    "insuredLastName": "PHAM",
    "uploadDate": "20160817",
    "uploadTime": "13:47"
  },
  {
    "agencyNum": "9602",
    "policyNumber": "104600057794001",
    "insuredFirstName": "TRINH LE",
    "insuredLastName": "PHAM",
    "uploadDate": "20160817",
    "uploadTime": "13:47"
  },
  {
    "agencyNum": "9602",
    "policyNumber": "104600057794001",
    "insuredFirstName": "TRINH LE",
    "insuredLastName": "PHAM",
    "uploadDate": "20160817",
    "uploadTime": "13:47"
  },
  {
    "agencyNum": "9602",
    "policyNumber": "104600057794001",
    "insuredFirstName": "TRINH LE",
    "insuredLastName": "PHAM",
    "uploadDate": "20160817",
    "uploadTime": "13:47"
  },
  {
    "agencyNum": "9602",
    "policyNumber": "104600057794001",
    "insuredFirstName": "TRINH LE",
    "insuredLastName": "PHAM",
    "uploadDate": "20160817",
    "uploadTime": "13:47"
  },
  {
    "agencyNum": "9602",
    "policyNumber": "104600057794001",
    "insuredFirstName": "TRINH LE",
    "insuredLastName": "PHAM",
    "uploadDate": "20160817",
    "uploadTime": "13:47"
  },
  {
    "agencyNum": "9602",
    "policyNumber": "104600057794001",
    "insuredFirstName": "TRINH LE",
    "insuredLastName": "PHAM",
    "uploadDate": "20160817",
    "uploadTime": "13:48"
  },
  {
    "agencyNum": "9602",
    "policyNumber": "104600057794001",
    "insuredFirstName": "TRINH LE",
    "insuredLastName": "PHAM",
    "uploadDate": "20160817",
    "uploadTime": "13:48"
  },
  {
    "agencyNum": "10494",
    "policyNumber": "104630016055001",
    "insuredFirstName": "Marlon",
    "insuredLastName": "Montufar-minchez",
    "uploadDate": "20121011",
    "uploadTime": "07:40"
  },
  {
    "agencyNum": "10494",
    "policyNumber": "104600100725001",
    "insuredFirstName": "YOLANDA",
    "insuredLastName": "GOMEZ",
    "uploadDate": "20160817",
    "uploadTime": "13:58"
  },
  {
    "agencyNum": "10494",
    "policyNumber": "104600100725001",
    "insuredFirstName": "YOLANDA",
    "insuredLastName": "GOMEZ",
    "uploadDate": "20160817",
    "uploadTime": "13:58"
  },
  {
    "agencyNum": "10494",
    "policyNumber": "104600542462001",
    "insuredFirstName": "Hector Abraham",
    "insuredLastName": "Andujo Soto",
    "uploadDate": "20160401",
    "uploadTime": "16:15"
  },
  {
    "agencyNum": "10494",
    "policyNumber": "104597974569001",
    "insuredFirstName": "Roberto",
    "insuredLastName": "Acevedo",
    "uploadDate": "20121113",
    "uploadTime": "11:11"
  },
  {
    "agencyNum": "10494",
    "policyNumber": "504610062743001",
    "insuredFirstName": "Alvaro",
    "insuredLastName": "Herrera",
    "uploadDate": "20150819",
    "uploadTime": "10:51"
  },
  {
    "agencyNum": "10494",
    "policyNumber": "104648963089001",
    "insuredFirstName": "Maria Abigail",
    "insuredLastName": "Gomez",
    "uploadDate": "20151008",
    "uploadTime": "08:35"
  },
  {
    "agencyNum": "9602",
    "policyNumber": "104600057794001",
    "insuredFirstName": "TRINH LE",
    "insuredLastName": "PHAM",
    "uploadDate": "20160817",
    "uploadTime": "13:47"
  }
]
 
10:27:11.121 [pool-1-thread-3] INFO  com.intuit.karate - Loading karate-config 
10:27:11.121 [pool-1-thread-3] INFO  com.intuit.karate - Karate environment:u0 
10:27:11.122 [pool-1-thread-3] INFO  com.intuit.karate - Karate baseURL:https://prssu0.pri.kemper.com/policyReportSearchService/v2 
10:27:11.385 [pool-1-thread-5] INFO  com.intuit.karate - [print] [
  {
    "policyId": "10075281901",
    "policyVersion": "1",
    "insuredFullName": "Aaron FormTest",
    "infAgencyCode": "5003",
    "phoneNumber": "",
    "pepEventType": "RELEASERENEWAL",
    "reportName": "NEWBUSINESSRENEWALS",
    "processedDate": null,
    "policyEffDate": "2023-03-05T06:00:00.000+00:00",
    "policyExpDate": "2023-09-05T05:00:00.000+00:00",
    "invalidatedByPolReportId": null,
    "cancelDate": null,
    "changeEffDate": null,
    "writtenPremium": 1527.0,
    "changePremium": 1547.88,
    "totalFees": 10.0,
    "downPaymentAmount": 275.43,
    "depositCollectedAmount": null,
    "term": "6",
    "payPlan": "16.67% Down Pay - 5 Installments",
    "versionType": "Renewal",
    "withdrawalDate": null,
    "note": "",
    "eventUser": null,
    "eventDate": "2023-01-04T06:00:00.000+00:00",
    "eventSource": "GW Policy Center",
    "renewalDate": null,
    "allowedLateDate": null,
    "email": null,
    "sourceEnvironment": "u0",
    "policyState": "CA",
    "eventCode": null,
    "paymentType": null
  },
  {
    "policyId": "10075282001",
    "policyVersion": "1",
    "insuredFullName": "DONALD SCHMIDT",
    "infAgencyCode": "5003",
    "phoneNumber": "+1-788-725-4764",
    "pepEventType": "RELEASENEWBUSINESS",
    "reportName": "NEWBUSINESSRENEWALS",
    "processedDate": null,
    "policyEffDate": "2023-01-08T06:00:00.000+00:00",
    "policyExpDate": "2023-07-08T05:00:00.000+00:00",
    "invalidatedByPolReportId": null,
    "cancelDate": null,
    "changeEffDate": null,
    "writtenPremium": 874.0,
    "changePremium": 884.0,
    "totalFees": 10.0,
    "downPaymentAmount": 155.7,
    "depositCollectedAmount": null,
    "term": "6",
    "payPlan": "16.67% Down Pay - 5 Installments",
    "versionType": "New",
    "withdrawalDate": null,
    "note": "",
    "eventUser": null,
    "eventDate": "2023-01-04T06:00:00.000+00:00",
    "eventSource": "GW Policy Center",
    "renewalDate": null,
    "allowedLateDate": null,
    "email": null,
    "sourceEnvironment": "u0",
    "policyState": "PA",
    "eventCode": null,
    "paymentType": null
  },
  {
    "policyId": "10075282101",
    "policyVersion": "1",
    "insuredFullName": "DONALD SCHMIDT",
    "infAgencyCode": "5003",
    "phoneNumber": "+1-788-725-4764",
    "pepEventType": "RELEASENEWBUSINESS",
    "reportName": "NEWBUSINESSRENEWALS",
    "processedDate": null,
    "policyEffDate": "2023-01-08T06:00:00.000+00:00",
    "policyExpDate": "2023-07-08T05:00:00.000+00:00",
    "invalidatedByPolReportId": null,
    "cancelDate": null,
    "changeEffDate": null,
    "writtenPremium": 874.0,
    "changePremium": 884.0,
    "totalFees": 10.0,
    "downPaymentAmount": 155.7,
    "depositCollectedAmount": null,
    "term": "6",
    "payPlan": "16.67% Down Pay - 5 Installments",
    "versionType": "New",
    "withdrawalDate": null,
    "note": "",
    "eventUser": null,
    "eventDate": "2023-01-04T06:00:00.000+00:00",
    "eventSource": "GW Policy Center",
    "renewalDate": null,
    "allowedLateDate": null,
    "email": null,
    "sourceEnvironment": "u0",
    "policyState": "PA",
    "eventCode": null,
    "paymentType": null
  },
  {
    "policyId": "10075282201",
    "policyVersion": "1",
    "insuredFullName": "DONALD SCHMIDT",
    "infAgencyCode": "5003",
    "phoneNumber": "+1-788-725-4764",
    "pepEventType": "RELEASENEWBUSINESS",
    "reportName": "NEWBUSINESSRENEWALS",
    "processedDate": null,
    "policyEffDate": "2023-01-08T06:00:00.000+00:00",
    "policyExpDate": "2023-07-08T05:00:00.000+00:00",
    "invalidatedByPolReportId": null,
    "cancelDate": null,
    "changeEffDate": null,
    "writtenPremium": 874.0,
    "changePremium": 884.0,
    "totalFees": 10.0,
    "downPaymentAmount": 155.7,
    "depositCollectedAmount": null,
    "term": "6",
    "payPlan": "16.67% Down Pay - 5 Installments",
    "versionType": "New",
    "withdrawalDate": null,
    "note": "",
    "eventUser": null,
    "eventDate": "2023-01-04T06:00:00.000+00:00",
    "eventSource": "GW Policy Center",
    "renewalDate": null,
    "allowedLateDate": null,
    "email": null,
    "sourceEnvironment": "u0",
    "policyState": "PA",
    "eventCode": null,
    "paymentType": null
  },
  {
    "policyId": "10075282301",
    "policyVersion": "1",
    "insuredFullName": "AUSTIN HERMANN",
    "infAgencyCode": "5003",
    "phoneNumber": "+1-469-895-7663",
    "pepEventType": "RELEASENEWBUSINESS",
    "reportName": "NEWBUSINESSRENEWALS",
    "processedDate": null,
    "policyEffDate": "2023-01-06T06:00:00.000+00:00",
    "policyExpDate": "2023-07-06T05:00:00.000+00:00",
    "invalidatedByPolReportId": null,
    "cancelDate": null,
    "changeEffDate": null,
    "writtenPremium": 852.0,
    "changePremium": 862.0,
    "totalFees": 10.0,
    "downPaymentAmount": 152.03,
    "depositCollectedAmount": null,
    "term": "6",
    "payPlan": "16.67% Down Pay - 5 Installments",
    "versionType": "New",
    "withdrawalDate": null,
    "note": "",
    "eventUser": null,
    "eventDate": "2023-01-04T06:00:00.000+00:00",
    "eventSource": "GW Policy Center",
    "renewalDate": null,
    "allowedLateDate": null,
    "email": null,
    "sourceEnvironment": "u0",
    "policyState": "PA",
    "eventCode": null,
    "paymentType": null
  },
  {
    "policyId": "10075282501",
    "policyVersion": "1",
    "insuredFullName": "JOHN ALLEY",
    "infAgencyCode": "5003",
    "phoneNumber": "+1-899-999-9999",
    "pepEventType": "RELEASENEWBUSINESS",
    "reportName": "NEWBUSINESSRENEWALS",
    "processedDate": null,
    "policyEffDate": "2023-01-05T06:00:00.000+00:00",
    "policyExpDate": "2023-07-05T05:00:00.000+00:00",
    "invalidatedByPolReportId": null,
    "cancelDate": null,
    "changeEffDate": null,
    "writtenPremium": 3608.0,
    "changePremium": 3623.0,
    "totalFees": 15.0,
    "downPaymentAmount": 917.0,
    "depositCollectedAmount": null,
    "term": "6",
    "payPlan": "Monthly Pay - 25% Down Pay - 5 Installments",
    "versionType": "New",
    "withdrawalDate": null,
    "note": "",
    "eventUser": null,
    "eventDate": "2023-01-04T06:00:00.000+00:00",
    "eventSource": "GW Policy Center",
    "renewalDate": null,
    "allowedLateDate": null,
    "email": null,
    "sourceEnvironment": "u0",
    "policyState": "AZ",
    "eventCode": null,
    "paymentType": null
  },
  {
    "policyId": "10075282701",
    "policyVersion": "1",
    "insuredFullName": "MELODY FAPDIH",
    "infAgencyCode": "5003",
    "phoneNumber": "+1-201-901-0010",
    "pepEventType": "RELEASENEWBUSINESS",
    "reportName": "NEWBUSINESSRENEWALS",
    "processedDate": null,
    "policyEffDate": "2023-01-09T06:00:00.000+00:00",
    "policyExpDate": "2023-07-09T05:00:00.000+00:00",
    "invalidatedByPolReportId": null,
    "cancelDate": null,
    "changeEffDate": null,
    "writtenPremium": 453.0,
    "changePremium": 463.0,
    "totalFees": 10.0,
    "downPaymentAmount": 85.52,
    "depositCollectedAmount": null,
    "term": "6",
    "payPlan": "16.67% Down Pay - 5 Installments",
    "versionType": "New",
    "withdrawalDate": null,
    "note": "",
    "eventUser": null,
    "eventDate": "2023-01-05T06:00:00.000+00:00",
    "eventSource": "GW Policy Center",
    "renewalDate": null,
    "allowedLateDate": null,
    "email": null,
    "sourceEnvironment": "u0",
    "policyState": "PA",
    "eventCode": null,
    "paymentType": null
  },
  {
    "policyId": "10075282901",
    "policyVersion": "1",
    "insuredFullName": "kevin Adelsperger",
    "infAgencyCode": "5003",
    "phoneNumber": "+1-854-963-2452",
    "pepEventType": "RELEASENEWBUSINESS",
    "reportName": "NEWBUSINESSRENEWALS",
    "processedDate": null,
    "policyEffDate": "2023-01-05T06:00:00.000+00:00",
    "policyExpDate": "2023-07-05T05:00:00.000+00:00",
    "invalidatedByPolReportId": null,
    "cancelDate": null,
    "changeEffDate": null,
    "writtenPremium": 2307.0,
    "changePremium": 2332.0,
    "totalFees": 0.0,
    "downPaymentAmount": 2332.0,
    "depositCollectedAmount": null,
    "term": "6",
    "payPlan": "100% Down Pay - 0 Installments",
    "versionType": "New",
    "withdrawalDate": null,
    "note": "",
    "eventUser": null,
    "eventDate": "2023-01-05T06:00:00.000+00:00",
    "eventSource": "GW Policy Center",
    "renewalDate": null,
    "allowedLateDate": null,
    "email": null,
    "sourceEnvironment": "u0",
    "policyState": "GA",
    "eventCode": null,
    "paymentType": null
  },
  {
    "policyId": "10075283001",
    "policyVersion": "1",
    "insuredFullName": "SUSAN TMCTESTER",
    "infAgencyCode": "5003",
    "phoneNumber": "+1-345-368-7352",
    "pepEventType": "RELEASENEWBUSINESS",
    "reportName": "NEWBUSINESSRENEWALS",
    "processedDate": null,
    "policyEffDate": "2023-01-05T06:00:00.000+00:00",
    "policyExpDate": "2023-07-05T05:00:00.000+00:00",
    "invalidatedByPolReportId": null,
    "cancelDate": null,
    "changeEffDate": null,
    "writtenPremium": 744.0,
    "changePremium": 764.88,
    "totalFees": 0.0,
    "downPaymentAmount": 764.88,
    "depositCollectedAmount": null,
    "term": "6",
    "payPlan": "100% Down Pay - 0 Installments",
    "versionType": "New",
    "withdrawalDate": null,
    "note": "",
    "eventUser": null,
    "eventDate": "2023-01-05T06:00:00.000+00:00",
    "eventSource": "GW Policy Center",
    "renewalDate": null,
    "allowedLateDate": null,
    "email": null,
    "sourceEnvironment": "u0",
    "policyState": "CA",
    "eventCode": null,
    "paymentType": null
  },
  {
    "policyId": "10075283101",
    "policyVersion": "1",
    "insuredFullName": "ARIZONA TESTCASEL55",
    "infAgencyCode": "5003",
    "phoneNumber": "+1-345-698-9576",
    "pepEventType": "RELEASENEWBUSINESS",
    "reportName": "NEWBUSINESSRENEWALS",
    "processedDate": null,
    "policyEffDate": "2023-01-05T06:00:00.000+00:00",
    "policyExpDate": "2023-07-05T05:00:00.000+00:00",
    "invalidatedByPolReportId": null,
    "cancelDate": null,
    "changeEffDate": null,
    "writtenPremium": 1321.0,
    "changePremium": 1336.0,
    "totalFees": 0.0,
    "downPaymentAmount": 1336.0,
    "depositCollectedAmount": null,
    "term": "6",
    "payPlan": "100% Down Pay - 0 Installments",
    "versionType": "New",
    "withdrawalDate": null,
    "note": "",
    "eventUser": null,
    "eventDate": "2023-01-05T06:00:00.000+00:00",
    "eventSource": "GW Policy Center",
    "renewalDate": null,
    "allowedLateDate": null,
    "email": null,
    "sourceEnvironment": "u0",
    "policyState": "AZ",
    "eventCode": null,
    "paymentType": null
  }
]
 
10:27:11.393 [pool-1-thread-5] INFO  com.intuit.karate - Loading karate-config 
10:27:11.395 [pool-1-thread-5] INFO  com.intuit.karate - Karate environment:u0 
10:27:11.396 [pool-1-thread-5] INFO  com.intuit.karate - Karate baseURL:https://prssu0.pri.kemper.com/policyReportSearchService/v2 
10:27:12.036 [pool-1-thread-3] INFO  com.intuit.karate - [print] [
  {
    "insuredName": "April, Enrique",
    "policyID": "104631489338001",
    "version": "1",
    "policyStatus": "Active",
    "origEffDate": "04/15/2022",
    "origExpDate": "04/15/2023",
    "cancelDate": "04/15/2023",
    "rateDate": "04/15/2022",
    "agencyNum": "5003",
    "homePhone": "(201) 903-0200",
    "workPhone": "(201) 920-0200",
    "email": "rakesh@gmail.com",
    "policyTerm": "12",
    "payPlan": "12-Pay EFT",
    "versionType": "New",
    "quotedDownPymt": "503.71",
    "cancelSourceCode": null,
    "sourceEnvironment": null
  },
  {
    "insuredName": "Payplanner, Susan",
    "policyID": "104601489302001",
    "version": "1",
    "policyStatus": "Active",
    "origEffDate": "03/14/2022",
    "origExpDate": "03/14/2023",
    "cancelDate": "03/14/2023",
    "rateDate": "03/14/2022",
    "agencyNum": "5003",
    "homePhone": "(479) 996-2525",
    "workPhone": null,
    "email": null,
    "policyTerm": "12",
    "payPlan": "12-Pay DB",
    "versionType": "New",
    "quotedDownPymt": "424.26",
    "cancelSourceCode": null,
    "sourceEnvironment": null
  },
  {
    "insuredName": "Payplanz, Susan",
    "policyID": "104631489303001",
    "version": "1",
    "policyStatus": "Active",
    "origEffDate": "03/14/2022",
    "origExpDate": "03/14/2023",
    "cancelDate": "03/14/2023",
    "rateDate": "03/14/2022",
    "agencyNum": "5003",
    "homePhone": "(345) 722-5754",
    "workPhone": null,
    "email": null,
    "policyTerm": "12",
    "payPlan": "12-Pay DB",
    "versionType": "New",
    "quotedDownPymt": "270.36",
    "cancelSourceCode": null,
    "sourceEnvironment": null
  },
  {
    "insuredName": "Susan, Onepay",
    "policyID": "104601489282001",
    "version": "1",
    "policyStatus": "Active",
    "origEffDate": "03/14/2022",
    "origExpDate": "03/14/2023",
    "cancelDate": "03/14/2023",
    "rateDate": "03/03/2022",
    "agencyNum": "5003",
    "homePhone": "(478) 627-8357",
    "workPhone": null,
    "email": null,
    "policyTerm": "12",
    "payPlan": "1-Pay",
    "versionType": "New",
    "quotedDownPymt": "1146.76",
    "cancelSourceCode": null,
    "sourceEnvironment": null
  },
  {
    "insuredName": "Svb, Susan",
    "policyID": "104601489300001",
    "version": "1",
    "policyStatus": "Active",
    "origEffDate": "03/14/2022",
    "origExpDate": "03/14/2023",
    "cancelDate": "03/14/2023",
    "rateDate": "03/14/2022",
    "agencyNum": "5003",
    "homePhone": "(357) 995-8363",
    "workPhone": null,
    "email": null,
    "policyTerm": "12",
    "payPlan": "12-Pay EFT",
    "versionType": "New",
    "quotedDownPymt": "446.01",
    "cancelSourceCode": null,
    "sourceEnvironment": null
  },
  {
    "insuredName": "Test, Ca",
    "policyID": "104601489341001",
    "version": "1",
    "policyStatus": "Active",
    "origEffDate": "04/26/2022",
    "origExpDate": "04/26/2023",
    "cancelDate": "04/26/2023",
    "rateDate": "04/26/2022",
    "agencyNum": "5003",
    "homePhone": "(205) 585-4587",
    "workPhone": "(205) 585-4589",
    "email": "holly.runyan@kemper.com",
    "policyTerm": "12",
    "payPlan": "12-Pay DB",
    "versionType": "New",
    "quotedDownPymt": "315.91",
    "cancelSourceCode": null,
    "sourceEnvironment": null
  },
  {
    "insuredName": "Tester, Susan",
    "policyID": "104631489305001",
    "version": "1",
    "policyStatus": "Active",
    "origEffDate": "03/14/2022",
    "origExpDate": "03/14/2023",
    "cancelDate": "03/14/2023",
    "rateDate": "03/14/2022",
    "agencyNum": "5003",
    "homePhone": "(357) 898-5736",
    "workPhone": null,
    "email": null,
    "policyTerm": "12",
    "payPlan": "12-Pay EFT",
    "versionType": "New",
    "quotedDownPymt": "285.51",
    "cancelSourceCode": null,
    "sourceEnvironment": null
  },
  {
    "insuredName": "Testers, Susan",
    "policyID": "104601489315001",
    "version": "1",
    "policyStatus": "Active",
    "origEffDate": "03/14/2022",
    "origExpDate": "03/14/2023",
    "cancelDate": "03/14/2023",
    "rateDate": "03/14/2022",
    "agencyNum": "5003",
    "homePhone": "(456) 773-6235",
    "workPhone": null,
    "email": null,
    "policyTerm": "12",
    "payPlan": "12-Pay DB",
    "versionType": "New",
    "quotedDownPymt": "447.21",
    "cancelSourceCode": null,
    "sourceEnvironment": null
  },
  {
    "insuredName": "Testing, Susan",
    "policyID": "104631489317001",
    "version": "1",
    "policyStatus": "Active",
    "origEffDate": "03/14/2022",
    "origExpDate": "03/14/2023",
    "cancelDate": "03/14/2023",
    "rateDate": "03/14/2022",
    "agencyNum": "5003",
    "homePhone": "(468) 993-6524",
    "workPhone": null,
    "email": null,
    "policyTerm": "12",
    "payPlan": "12-Pay EFT",
    "versionType": "New",
    "quotedDownPymt": "361.47",
    "cancelSourceCode": null,
    "sourceEnvironment": null
  },
  {
    "insuredName": "Vinsusan, Susan",
    "policyID": "104601489350001",
    "version": "1",
    "policyStatus": "Active",
    "origEffDate": "07/15/2022",
    "origExpDate": "07/15/2023",
    "cancelDate": "07/15/2023",
    "rateDate": "06/30/2022",
    "agencyNum": "5003",
    "homePhone": "(878) 787-5645",
    "workPhone": null,
    "email": null,
    "policyTerm": "12",
    "payPlan": "12-Pay DB",
    "versionType": "New",
    "quotedDownPymt": "1455.98",
    "cancelSourceCode": null,
    "sourceEnvironment": null
  },
  {
    "insuredName": "Vintesting, Susan",
    "policyID": "104631489351001",
    "version": "1",
    "policyStatus": "Active",
    "origEffDate": "07/15/2022",
    "origExpDate": "07/15/2023",
    "cancelDate": "07/15/2023",
    "rateDate": "06/30/2022",
    "agencyNum": "5003",
    "homePhone": "(556) 768-3525",
    "workPhone": null,
    "email": null,
    "policyTerm": "12",
    "payPlan": "12-Pay DB",
    "versionType": "New",
    "quotedDownPymt": "1011.23",
    "cancelSourceCode": null,
    "sourceEnvironment": null
  }
]
 
10:27:12.041 [pool-1-thread-3] INFO  com.intuit.karate - Loading karate-config 
10:27:12.042 [pool-1-thread-3] INFO  com.intuit.karate - Karate environment:u0 
10:27:12.042 [pool-1-thread-3] INFO  com.intuit.karate - Karate baseURL:https://prssu0.pri.kemper.com/policyReportSearchService/v2 
10:27:13.807 [pool-1-thread-3] INFO  com.intuit.karate - [print] {
  "status": "UP",
  "groups": [
    "custom",
    "liveness",
    "readiness"
  ]
}
 
10:27:13.810 [pool-1-thread-3] INFO  com.intuit.karate - Loading karate-config 
10:27:13.811 [pool-1-thread-3] INFO  com.intuit.karate - Karate environment:u0 
10:27:13.811 [pool-1-thread-3] INFO  com.intuit.karate - Karate baseURL:https://prssu0.pri.kemper.com/policyReportSearchService/v2 
10:27:14.805 [pool-1-thread-3] INFO  com.intuit.karate - [print] # HELP executor_pool_core_threads The core number of threads for the pool
# TYPE executor_pool_core_threads gauge
executor_pool_core_threads{name="applicationTaskExecutor",} 8.0
# HELP http_server_requests_seconds Duration of HTTP server request handling
# TYPE http_server_requests_seconds summary
http_server_requests_seconds_count{exception="None",method="GET",outcome="SUCCESS",status="200",uri="/pifSearch",} 1.0
http_server_requests_seconds_sum{exception="None",method="GET",outcome="SUCCESS",status="200",uri="/pifSearch",} 0.139069071
http_server_requests_seconds_count{exception="None",method="GET",outcome="SUCCESS",status="200",uri="/actuator/prometheus",} 6471.0
http_server_requests_seconds_sum{exception="None",method="GET",outcome="SUCCESS",status="200",uri="/actuator/prometheus",} 10.366059901
http_server_requests_seconds_count{exception="None",method="GET",outcome="SUCCESS",status="200",uri="/actuator/health/**",} 25882.0
http_server_requests_seconds_sum{exception="None",method="GET",outcome="SUCCESS",status="200",uri="/actuator/health/**",} 10.512561744
http_server_requests_seconds_count{exception="None",method="GET",outcome="SUCCESS",status="200",uri="/searchByInsuredName",} 3.0
http_server_requests_seconds_sum{exception="None",method="GET",outcome="SUCCESS",status="200",uri="/searchByInsuredName",} 5.754000472
http_server_requests_seconds_count{exception="InputException",method="GET",outcome="SUCCESS",status="200",uri="/renewalSearch",} 2.0
http_server_requests_seconds_sum{exception="InputException",method="GET",outcome="SUCCESS",status="200",uri="/renewalSearch",} 0.031253183
http_server_requests_seconds_count{exception="None",method="GET",outcome="SUCCESS",status="200",uri="/dailyActivitiesSearch",} 1.0
http_server_requests_seconds_sum{exception="None",method="GET",outcome="SUCCESS",status="200",uri="/dailyActivitiesSearch",} 0.053850884
http_server_requests_seconds_count{exception="None",method="GET",outcome="SUCCESS",status="200",uri="/ping",} 1080.0
http_server_requests_seconds_sum{exception="None",method="GET",outcome="SUCCESS",status="200",uri="/ping",} 0.561089676
http_server_requests_seconds_count{exception="None",method="GET",outcome="SUCCESS",status="200",uri="/suspenseMemoSearch",} 13.0
http_server_requests_seconds_sum{exception="None",method="GET",outcome="SUCCESS",status="200",uri="/suspenseMemoSearch",} 8.520606457
http_server_requests_seconds_count{exception="None",method="GET",outcome="SUCCESS",status="200",uri="/paymentSearch",} 1.0
http_server_requests_seconds_sum{exception="None",method="GET",outcome="SUCCESS",status="200",uri="/paymentSearch",} 3.608767976
http_server_requests_seconds_count{exception="None",method="GET",outcome="SUCCESS",status="200",uri="/policyReportSearch",} 174.0
http_server_requests_seconds_sum{exception="None",method="GET",outcome="SUCCESS",status="200",uri="/policyReportSearch",} 234.508087864
http_server_requests_seconds_count{exception="None",method="GET",outcome="SUCCESS",status="200",uri="/applicationUploadSearch",} 1.0
http_server_requests_seconds_sum{exception="None",method="GET",outcome="SUCCESS",status="200",uri="/applicationUploadSearch",} 0.511927026
http_server_requests_seconds_count{exception="None",method="GET",outcome="SUCCESS",status="200",uri="/policyReportSearchCount",} 140.0
http_server_requests_seconds_sum{exception="None",method="GET",outcome="SUCCESS",status="200",uri="/policyReportSearchCount",} 223.328331267
http_server_requests_seconds_count{exception="None",method="GET",outcome="SUCCESS",status="200",uri="/renewalSearch",} 3.0
http_server_requests_seconds_sum{exception="None",method="GET",outcome="SUCCESS",status="200",uri="/renewalSearch",} 0.066577598
# HELP http_server_requests_seconds_max Duration of HTTP server request handling
# TYPE http_server_requests_seconds_max gauge
http_server_requests_seconds_max{exception="None",method="GET",outcome="SUCCESS",status="200",uri="/pifSearch",} 0.0
http_server_requests_seconds_max{exception="None",method="GET",outcome="SUCCESS",status="200",uri="/actuator/prometheus",} 0.001484737
http_server_requests_seconds_max{exception="None",method="GET",outcome="SUCCESS",status="200",uri="/actuator/health/**",} 4.86646E-4
http_server_requests_seconds_max{exception="None",method="GET",outcome="SUCCESS",status="200",uri="/searchByInsuredName",} 0.0
http_server_requests_seconds_max{exception="InputException",method="GET",outcome="SUCCESS",status="200",uri="/renewalSearch",} 0.0
http_server_requests_seconds_max{exception="None",method="GET",outcome="SUCCESS",status="200",uri="/dailyActivitiesSearch",} 0.053850884
http_server_requests_seconds_max{exception="None",method="GET",outcome="SUCCESS",status="200",uri="/ping",} 0.0
http_server_requests_seconds_max{exception="None",method="GET",outcome="SUCCESS",status="200",uri="/suspenseMemoSearch",} 0.0
http_server_requests_seconds_max{exception="None",method="GET",outcome="SUCCESS",status="200",uri="/paymentSearch",} 3.608767976
http_server_requests_seconds_max{exception="None",method="GET",outcome="SUCCESS",status="200",uri="/policyReportSearch",} 0.0
http_server_requests_seconds_max{exception="None",method="GET",outcome="SUCCESS",status="200",uri="/applicationUploadSearch",} 0.0
http_server_requests_seconds_max{exception="None",method="GET",outcome="SUCCESS",status="200",uri="/policyReportSearchCount",} 0.0
http_server_requests_seconds_max{exception="None",method="GET",outcome="SUCCESS",status="200",uri="/renewalSearch",} 0.010190753
# HELP jvm_memory_used_bytes The amount of used memory
# TYPE jvm_memory_used_bytes gauge
jvm_memory_used_bytes{area="nonheap",id="CodeHeap 'profiled nmethods'",} 2.9328896E7
jvm_memory_used_bytes{area="heap",id="G1 Survivor Space",} 1423488.0
jvm_memory_used_bytes{area="heap",id="G1 Old Gen",} 8.2503168E7
jvm_memory_used_bytes{area="nonheap",id="Metaspace",} 9.1730872E7
jvm_memory_used_bytes{area="nonheap",id="CodeHeap 'non-nmethods'",} 1441280.0
jvm_memory_used_bytes{area="heap",id="G1 Eden Space",} 2.7262976E7
jvm_memory_used_bytes{area="nonheap",id="Compressed Class Space",} 1.0780312E7
jvm_memory_used_bytes{area="nonheap",id="CodeHeap 'non-profiled nmethods'",} 1.7954048E7
# HELP jvm_buffer_memory_used_bytes An estimate of the memory that the Java virtual machine is using for this buffer pool
# TYPE jvm_buffer_memory_used_bytes gauge
jvm_buffer_memory_used_bytes{id="mapped - 'non-volatile memory'",} 0.0
jvm_buffer_memory_used_bytes{id="mapped",} 0.0
jvm_buffer_memory_used_bytes{id="direct",} 229546.0
# HELP jvm_threads_live_threads The current number of live threads including both daemon and non-daemon threads
# TYPE jvm_threads_live_threads gauge
jvm_threads_live_threads 58.0
# HELP jvm_gc_pause_seconds Time spent in GC pause
# TYPE jvm_gc_pause_seconds summary
jvm_gc_pause_seconds_count{action="end of minor GC",cause="G1 Humongous Allocation",} 1.0
jvm_gc_pause_seconds_sum{action="end of minor GC",cause="G1 Humongous Allocation",} 0.006
jvm_gc_pause_seconds_count{action="end of minor GC",cause="Metadata GC Threshold",} 2.0
jvm_gc_pause_seconds_sum{action="end of minor GC",cause="Metadata GC Threshold",} 0.011
jvm_gc_pause_seconds_count{action="end of minor GC",cause="G1 Evacuation Pause",} 981.0
jvm_gc_pause_seconds_sum{action="end of minor GC",cause="G1 Evacuation Pause",} 3.211
# HELP jvm_gc_pause_seconds_max Time spent in GC pause
# TYPE jvm_gc_pause_seconds_max gauge
jvm_gc_pause_seconds_max{action="end of minor GC",cause="G1 Humongous Allocation",} 0.0
jvm_gc_pause_seconds_max{action="end of minor GC",cause="Metadata GC Threshold",} 0.0
jvm_gc_pause_seconds_max{action="end of minor GC",cause="G1 Evacuation Pause",} 0.002
# HELP tomcat_sessions_rejected_sessions_total  
# TYPE tomcat_sessions_rejected_sessions_total counter
tomcat_sessions_rejected_sessions_total 0.0
# HELP jvm_classes_loaded_classes The number of classes that are currently loaded in the Java virtual machine
# TYPE jvm_classes_loaded_classes gauge
jvm_classes_loaded_classes 16109.0
# HELP jvm_memory_max_bytes The maximum amount of memory in bytes that can be used for memory management
# TYPE jvm_memory_max_bytes gauge
jvm_memory_max_bytes{area="nonheap",id="CodeHeap 'profiled nmethods'",} 1.22912768E8
jvm_memory_max_bytes{area="heap",id="G1 Survivor Space",} -1.0
jvm_memory_max_bytes{area="heap",id="G1 Old Gen",} 5.36870912E8
jvm_memory_max_bytes{area="nonheap",id="Metaspace",} -1.0
jvm_memory_max_bytes{area="nonheap",id="CodeHeap 'non-nmethods'",} 5828608.0
jvm_memory_max_bytes{area="heap",id="G1 Eden Space",} -1.0
jvm_memory_max_bytes{area="nonheap",id="Compressed Class Space",} 1.073741824E9
jvm_memory_max_bytes{area="nonheap",id="CodeHeap 'non-profiled nmethods'",} 1.22916864E8
# HELP tomcat_sessions_created_sessions_total  
# TYPE tomcat_sessions_created_sessions_total counter
tomcat_sessions_created_sessions_total 0.0
# HELP application_started_time_seconds Time taken (ms) to start the application
# TYPE application_started_time_seconds gauge
application_started_time_seconds{main_application_class="com.ipacc.policyreportservice.Application",} 23.898
# HELP process_uptime_seconds The uptime of the Java virtual machine
# TYPE process_uptime_seconds gauge
process_uptime_seconds 388256.748
# HELP system_cpu_usage The "recent cpu usage" of the system the application is running in
# TYPE system_cpu_usage gauge
system_cpu_usage 0.07070650144444444
# HELP executor_pool_max_threads The maximum allowed number of threads in the pool
# TYPE executor_pool_max_threads gauge
executor_pool_max_threads{name="applicationTaskExecutor",} 2.147483647E9
# HELP executor_pool_size_threads The current number of threads in the pool
# TYPE executor_pool_size_threads gauge
executor_pool_size_threads{name="applicationTaskExecutor",} 0.0
# HELP executor_completed_tasks_total The approximate total number of tasks that have completed execution
# TYPE executor_completed_tasks_total counter
executor_completed_tasks_total{name="applicationTaskExecutor",} 0.0
# HELP system_cpu_count The number of processors available to the Java virtual machine
# TYPE system_cpu_count gauge
system_cpu_count 2.0
# HELP executor_active_threads The approximate number of threads that are actively executing tasks
# TYPE executor_active_threads gauge
executor_active_threads{name="applicationTaskExecutor",} 0.0
# HELP tomcat_sessions_active_current_sessions  
# TYPE tomcat_sessions_active_current_sessions gauge
tomcat_sessions_active_current_sessions 0.0
# HELP jvm_gc_live_data_size_bytes Size of long-lived heap memory pool after reclamation
# TYPE jvm_gc_live_data_size_bytes gauge
jvm_gc_live_data_size_bytes 6.4978944E7
# HELP jvm_gc_overhead_percent An approximation of the percent of CPU time used by GC activities over the last lookback period or since monitoring began, whichever is shorter, in the range [0..1]
# TYPE jvm_gc_overhead_percent gauge
jvm_gc_overhead_percent 6.666666666666667E-6
# HELP jvm_buffer_total_capacity_bytes An estimate of the total capacity of the buffers in this pool
# TYPE jvm_buffer_total_capacity_bytes gauge
jvm_buffer_total_capacity_bytes{id="mapped - 'non-volatile memory'",} 0.0
jvm_buffer_total_capacity_bytes{id="mapped",} 0.0
jvm_buffer_total_capacity_bytes{id="direct",} 229546.0
# HELP disk_free_bytes Usable space for path
# TYPE disk_free_bytes gauge
disk_free_bytes{path="/.",} 1.0513240064E10
# HELP jvm_memory_usage_after_gc_percent The percentage of long-lived heap pool used after the last GC event, in the range [0..1]
# TYPE jvm_memory_usage_after_gc_percent gauge
jvm_memory_usage_after_gc_percent{area="heap",pool="long-lived",} 0.15367412567138672
# HELP jvm_buffer_count_buffers An estimate of the number of buffers in the pool
# TYPE jvm_buffer_count_buffers gauge
jvm_buffer_count_buffers{id="mapped - 'non-volatile memory'",} 0.0
jvm_buffer_count_buffers{id="mapped",} 0.0
jvm_buffer_count_buffers{id="direct",} 28.0
# HELP system_load_average_1m The sum of the number of runnable entities queued to available processors and the number of runnable entities running on the available processors averaged over a period of time
# TYPE system_load_average_1m gauge
system_load_average_1m 0.2685546875
# HELP jvm_gc_max_data_size_bytes Max size of long-lived heap memory pool
# TYPE jvm_gc_max_data_size_bytes gauge
jvm_gc_max_data_size_bytes 5.36870912E8
# HELP jvm_threads_peak_threads The peak live thread count since the Java virtual machine started or peak was reset
# TYPE jvm_threads_peak_threads gauge
jvm_threads_peak_threads 61.0
# HELP logback_events_total Number of events that made it to the logs
# TYPE logback_events_total counter
logback_events_total{level="warn",} 17.0
logback_events_total{level="debug",} 0.0
logback_events_total{level="error",} 2.0
logback_events_total{level="trace",} 0.0
logback_events_total{level="info",} 554.0
# HELP process_start_time_seconds Start time of the process since unix epoch.
# TYPE process_start_time_seconds gauge
process_start_time_seconds 1.677126977773E9
# HELP process_files_open_files The open file descriptor count
# TYPE process_files_open_files gauge
process_files_open_files 39.0
# HELP disk_total_bytes Total space for path
# TYPE disk_total_bytes gauge
disk_total_bytes{path="/.",} 2.1462233088E10
# HELP jvm_memory_committed_bytes The amount of memory in bytes that is committed for the Java virtual machine to use
# TYPE jvm_memory_committed_bytes gauge
jvm_memory_committed_bytes{area="nonheap",id="CodeHeap 'profiled nmethods'",} 3.1653888E7
jvm_memory_committed_bytes{area="heap",id="G1 Survivor Space",} 2097152.0
jvm_memory_committed_bytes{area="heap",id="G1 Old Gen",} 1.08003328E8
jvm_memory_committed_bytes{area="nonheap",id="Metaspace",} 9.2667904E7
jvm_memory_committed_bytes{area="nonheap",id="CodeHeap 'non-nmethods'",} 2555904.0
jvm_memory_committed_bytes{area="heap",id="G1 Eden Space",} 1.68820736E8
jvm_memory_committed_bytes{area="nonheap",id="Compressed Class Space",} 1.1272192E7
jvm_memory_committed_bytes{area="nonheap",id="CodeHeap 'non-profiled nmethods'",} 1.8087936E7
# HELP jvm_threads_daemon_threads The current number of live daemon threads
# TYPE jvm_threads_daemon_threads gauge
jvm_threads_daemon_threads 48.0
# HELP jvm_gc_memory_allocated_bytes_total Incremented for an increase in the size of the (young) heap memory pool after one GC to before the next
# TYPE jvm_gc_memory_allocated_bytes_total counter
jvm_gc_memory_allocated_bytes_total 1.55197636408E11
# HELP tomcat_sessions_alive_max_seconds  
# TYPE tomcat_sessions_alive_max_seconds gauge
tomcat_sessions_alive_max_seconds 0.0
# HELP executor_queued_tasks The approximate number of tasks that are queued for execution
# TYPE executor_queued_tasks gauge
executor_queued_tasks{name="applicationTaskExecutor",} 0.0
# HELP jvm_threads_states_threads The current number of threads
# TYPE jvm_threads_states_threads gauge
jvm_threads_states_threads{state="runnable",} 8.0
jvm_threads_states_threads{state="blocked",} 0.0
jvm_threads_states_threads{state="waiting",} 13.0
jvm_threads_states_threads{state="timed-waiting",} 37.0
jvm_threads_states_threads{state="new",} 0.0
jvm_threads_states_threads{state="terminated",} 0.0
# HELP process_cpu_usage The "recent cpu usage" for the Java Virtual Machine process
# TYPE process_cpu_usage gauge
process_cpu_usage 0.07111111111111111
# HELP application_ready_time_seconds Time taken (ms) for the application to be ready to service requests
# TYPE application_ready_time_seconds gauge
application_ready_time_seconds{main_application_class="com.ipacc.policyreportservice.Application",} 23.908
# HELP jvm_classes_unloaded_classes_total The total number of classes unloaded since the Java virtual machine has started execution
# TYPE jvm_classes_unloaded_classes_total counter
jvm_classes_unloaded_classes_total 0.0
# HELP tomcat_sessions_expired_sessions_total  
# TYPE tomcat_sessions_expired_sessions_total counter
tomcat_sessions_expired_sessions_total 0.0
# HELP jvm_gc_memory_promoted_bytes_total Count of positive increases in the size of the old generation memory pool before GC to after GC
# TYPE jvm_gc_memory_promoted_bytes_total counter
jvm_gc_memory_promoted_bytes_total 6.4060416E7
# HELP process_files_max_files The maximum file descriptor count
# TYPE process_files_max_files gauge
process_files_max_files 1048576.0
# HELP tomcat_sessions_active_max_sessions  
# TYPE tomcat_sessions_active_max_sessions gauge
tomcat_sessions_active_max_sessions 0.0
# HELP executor_queue_remaining_tasks The number of additional elements that this queue can ideally accept without blocking
# TYPE executor_queue_remaining_tasks gauge
executor_queue_remaining_tasks{name="applicationTaskExecutor",} 2.147483647E9
 
10:27:14.809 [pool-1-thread-3] INFO  com.intuit.karate - Loading karate-config 
10:27:14.810 [pool-1-thread-3] INFO  com.intuit.karate - Karate environment:u0 
10:27:14.811 [pool-1-thread-3] INFO  com.intuit.karate - Karate baseURL:https://prssu0.pri.kemper.com/policyReportSearchService/v2 
10:27:15.702 [pool-1-thread-3] INFO  com.intuit.karate - [print] {
  "status": "UP"
}
 
10:27:15.706 [pool-1-thread-3] INFO  com.intuit.karate - Loading karate-config 
10:27:15.707 [pool-1-thread-3] INFO  com.intuit.karate - Karate environment:u0 
10:27:15.707 [pool-1-thread-3] INFO  com.intuit.karate - Karate baseURL:https://prssu0.pri.kemper.com/policyReportSearchService/v2 
10:27:16.499 [pool-1-thread-3] INFO  com.intuit.karate - [print] {
  "status": "UP"
}
 
10:27:17.238 [pool-1-thread-2] INFO  com.intuit.karate - [print] [
  {
    "suspenseId": 5176905,
    "suspenseMessage": "If you want to substitute vehicles, please contact your local producer. If you want to delete the totaled vehicle, please sign and date in the spaces provided.  In order to continue coverage on the totaled vehicle, please provide a current re-certified vehicle registration showing the vehicle as salvaged.                                                                            \r\nName: _____________________________________________ Date:_______________ 1995 TOYT CAMRY 4T1GK12E7SU067919 ",
    "transaction": "endr",
    "createDate": "2016-07-18",
    "changeDate": "2017-09-14",
    "requestedBy": "Internal",
    "memoSentBy": "Nikki Waters ",
    "memoSentDate": "2016-07-19",
    "updatedBy": null,
    "suspenseMemoType": "canc",
    "suspenseDataId": "2356015",
    "policyStatus": "Inforce",
    "policyState": "CA",
    "suspenseCode": "CA Sub Total Loss Vehicle",
    "spanishSuspenseMessage": "If you want to substitute vehicles, please contact your local producer. If you want to delete the totaled vehicle, please sign and date in the spaces provided.  In order to continue coverage on the totaled vehicle, please provide a current re-certified vehicle registration showing the vehicle as salvaged.                                                                            \r\nName: _____________________________________________ Date:_______________ 1995 TOYT CAMRY 4T1GK12E7SU067919 ",
    "policyType": "10460",
    "companyId": "60",
    "producerNumber": " ",
    "subProducerNumber": "9602",
    "policyNumber": "104570229680001",
    "policyVersion": "9",
    "systemOfSource": "Infinity"
  },
  {
    "suspenseId": 5158876,
    "suspenseMessage": "If you want to substitute vehicles, please contact your local producer. If you want to cancel your policy, please sign your name and indicate the cancellation effective date in the spaces provided. In order to continue coverage on the totaled vehicle, please provide a current re-certified vehicle registration showing the vehicle as salvaged.    \r\nName:_________________________________________ Cancel Date:_______________ 2005 CHEV C1500 3GNEC16Z85G170819 ",
    "transaction": "endr",
    "createDate": "2016-06-30",
    "changeDate": "2017-09-14",
    "requestedBy": "Internal",
    "memoSentBy": "Lavita Oliver ",
    "memoSentDate": "2016-07-01",
    "updatedBy": null,
    "suspenseMemoType": "canc",
    "suspenseDataId": "2345018",
    "policyStatus": "Inforce",
    "policyState": "CA",
    "suspenseCode": "CA Cancel Due to Total Loss",
    "spanishSuspenseMessage": "If you want to substitute vehicles, please contact your local producer. If you want to cancel your policy, please sign your name and indicate the cancellation effective date in the spaces provided. In order to continue coverage on the totaled vehicle, please provide a current re-certified vehicle registration showing the vehicle as salvaged.    \r\nName:_________________________________________ Cancel Date:_______________ 2005 CHEV C1500 3GNEC16Z85G170819 ",
    "policyType": "10463",
    "companyId": "63",
    "producerNumber": " ",
    "subProducerNumber": "10494",
    "policyNumber": "104630466490001",
    "policyVersion": "4",
    "systemOfSource": "Infinity"
  },
  {
    "suspenseId": 5166628,
    "suspenseMessage": "Please provide proof that the spouse resides in the household. Proof required  for PAMELA RIOS with date of birth 03/30/1973",
    "transaction": "nwbs",
    "createDate": "2016-07-07",
    "changeDate": "2017-09-14",
    "requestedBy": "Onelink",
    "memoSentBy": "system",
    "memoSentDate": "2016-07-21",
    "updatedBy": null,
    "suspenseMemoType": "disc",
    "suspenseDataId": "2358637",
    "policyStatus": "Inforce",
    "policyState": "CA",
    "suspenseCode": "SPOUSEREQUEST",
    "spanishSuspenseMessage": "Please provide proof that the spouse resides in the household. Proof required  for PAMELA RIOS with date of birth 03/30/1973",
    "policyType": "10463",
    "companyId": "63",
    "producerNumber": "10463",
    "subProducerNumber": "10494",
    "policyNumber": "104631357539001",
    "policyVersion": "1",
    "systemOfSource": "Infinity"
  },
  {
    "suspenseId": 5159689,
    "suspenseMessage": "During an Infinity claims investigation, an additional household member/vehicle operator was discovered. Please provide complete driver information to add as active or a completed Infinity Driver Exclusion Form for Arturo Blandon",
    "transaction": "endr",
    "createDate": "2016-06-30",
    "changeDate": "2017-09-14",
    "requestedBy": "Internal",
    "memoSentBy": "Randall Wilson",
    "memoSentDate": "2016-07-01",
    "updatedBy": null,
    "suspenseMemoType": "canc",
    "suspenseDataId": "2344968",
    "policyStatus": "Inforce",
    "policyState": "CA",
    "suspenseCode": "household member discovered",
    "spanishSuspenseMessage": "During an Infinity claims investigation, an additional household member/vehicle operator was discovered. Please provide complete driver information to add as active or a completed Infinity Driver Exclusion Form for Arturo Blandon",
    "policyType": "10463",
    "companyId": "63",
    "producerNumber": " ",
    "subProducerNumber": "10494",
    "policyNumber": "104602828918001",
    "policyVersion": "6",
    "systemOfSource": "Infinity"
  },
  {
    "suspenseId": 5180542,
    "suspenseMessage": "A photocopy of a Current Vehicle Registration for the vehicle shown below.  In order to continue coverage on the salvage vehicle, please provide a current re-certified vehicle registration showing the vehicle is salvaged for the 2002 CHRY CRUISER ",
    "transaction": "endr",
    "createDate": "2016-07-20",
    "changeDate": "2017-09-14",
    "requestedBy": "Internal",
    "memoSentBy": "Myrna Sanchez",
    "memoSentDate": "2016-07-21",
    "updatedBy": null,
    "suspenseMemoType": "canc",
    "suspenseDataId": "2358190",
    "policyStatus": "Inforce",
    "policyState": "CA",
    "suspenseCode": "TL / Salvage Vehicle Recertification",
    "spanishSuspenseMessage": "A photocopy of a Current Vehicle Registration for the vehicle shown below.  In order to continue coverage on the salvage vehicle, please provide a current re-certified vehicle registration showing the vehicle is salvaged for the 2002 CHRY CRUISER ",
    "policyType": "10460",
    "companyId": "60",
    "producerNumber": " ",
    "subProducerNumber": "10494",
    "policyNumber": "104600708539001",
    "policyVersion": "2",
    "systemOfSource": "Infinity"
  },
  {
    "suspenseId": 4177882,
    "suspenseMessage": "Please provide proof that the spouse resides in the household. Proof required  for KHANH LE with date of birth 11/26/1973",
    "transaction": "nwbs",
    "createDate": "2013-10-07",
    "changeDate": "2017-09-14",
    "requestedBy": "Onelink",
    "memoSentBy": null,
    "memoSentDate": null,
    "updatedBy": null,
    "suspenseMemoType": "disc",
    "suspenseDataId": null,
    "policyStatus": "Inforce",
    "policyState": "CA",
    "suspenseCode": "SPOUSEREQUEST",
    "spanishSuspenseMessage": "Please provide proof that the spouse resides in the household. Proof required  for KHANH LE with date of birth 11/26/1973",
    "policyType": "10460",
    "companyId": "60",
    "producerNumber": "10460",
    "subProducerNumber": "9602",
    "policyNumber": "104600872179001",
    "policyVersion": null,
    "systemOfSource": "Infinity"
  },
  {
    "suspenseId": 4265550,
    "suspenseMessage": "Proof of Garaging",
    "transaction": "endr",
    "createDate": "2014-01-18",
    "changeDate": "2017-09-14",
    "requestedBy": "CSV",
    "memoSentBy": null,
    "memoSentDate": null,
    "updatedBy": null,
    "suspenseMemoType": "canc",
    "suspenseDataId": null,
    "policyStatus": "Not found",
    "policyState": "CA",
    "suspenseCode": "ZIP",
    "spanishSuspenseMessage": "Prueba de Estacionamiento",
    "policyType": "10463",
    "companyId": "63",
    "producerNumber": " ",
    "subProducerNumber": "10494",
    "policyNumber": "104630589791001",
    "policyVersion": null,
    "systemOfSource": "Infinity"
  }
]
 
10:27:17.844 [pool-1-thread-5] INFO  com.intuit.karate - [print] {
  "policyReportsCount": {
    "HEADER_PENDINGCANCELLATIONS": null,
    "PAYMENTS": 10,
    "EFT": 5,
    "UNDERWRITING": 2,
    "HEADER_UPCOMINGRENEWALS": 0,
    "ENDORSEMENTS": 4,
    "FINALCANCELLATIONS": 1,
    "NEWBUSINESSRENEWALS": 51,
    "HEADER_SUSPENSEMEMEO": 7
  }
}
 
10:28:07.266 [pool-1-thread-4] ERROR com.intuit.karate - java.net.SocketTimeoutException: Read timed out, http call failed after 62260 milliseconds for url: https://prssu0.pri.kemper.com/policyReportSearchService/v2/expiredPolicyReportSearch?req=%7B%22agencyCodes%22%3A%5B27741%2C26892%5D%2C%22insuredState%22%3A%5B%22CA%22%5D%2C%22beginDate%22%3A%2211%5C%2F17%5C%2F2016%22%2C%22endDate%22%3A%2201%5C%2F01%5C%2F2017%22%7D
10:28:07.267 [pool-1-thread-4] ERROR com.intuit.karate - classpath:com/karate/bdd/feature/PolicyReportSearchService.feature:83
When method get
http call failed after 62260 milliseconds for url: https://prssu0.pri.kemper.com/policyReportSearchService/v2/expiredPolicyReportSearch?req=%7B%22agencyCodes%22%3A%5B27741%2C26892%5D%2C%22insuredState%22%3A%5B%22CA%22%5D%2C%22beginDate%22%3A%2211%5C%2F17%5C%2F2016%22%2C%22endDate%22%3A%2201%5C%2F01%5C%2F2017%22%7D
classpath:com/karate/bdd/feature/PolicyReportSearchService.feature:83
10:28:08.101 [pool-1-thread-1] INFO  com.intuit.karate - [print] [
  {
    "agencyCode": "26892",
    "owner": "NSA_CA.",
    "productNumber": "1",
    "product": "Private Passenger",
    "stateAbbreviation": "CA",
    "policyID": "104641122134001",
    "version": "8",
    "changeNumber": "6",
    "nameInsured": "Lara, Martha Patricia",
    "homePhone": "(310) 671-2476",
    "workPhone": null,
    "email": null,
    "effectiveDate": "03/05/2018",
    "expirationDate": null,
    "cancelDate": "02/18/2019",
    "cancelSourceCode": "UW",
    "companyNumber": "60",
    "rateDate": "03/05/2018",
    "producerNumber": "10460",
    "versionStatus": "Cancel Pending",
    "versionType": "Renewal",
    "quotedDownPayment": "279.44",
    "policyTerm": "12",
    "payPlan": "12PayRNEFT",
    "writtenPremium": "2703",
    "feeAmount": "104.80",
    "writtenPremiumWFees": "2807.80",
    "billedAmount": "2703.00",
    "billedFeeAmount": "104.80",
    "totalBilledAmount": "2807.80",
    "yetToBeBilledAmount": "0.00",
    "receiptAmount": "2599.30",
    "currentDueAmount": "208.50",
    "remainBalanceAmount": "208.50",
    "writeOffAmount": "0.00",
    "lastActivityAmount": "01/21/2019",
    "lastBilledDate": "01/21/2019"
  },
  {
    "agencyCode": "26892",
    "owner": "NSA_CA.",
    "productNumber": "1",
    "product": "Private Passenger",
    "stateAbbreviation": "CA",
    "policyID": "104631084692001",
    "version": "6",
    "changeNumber": "4",
    "nameInsured": "Mitchell, Regina Tameka",
    "homePhone": "(323) 702-3775",
    "workPhone": null,
    "email": null,
    "effectiveDate": "08/26/2018",
    "expirationDate": null,
    "cancelDate": "02/11/2019",
    "cancelSourceCode": "UW",
    "companyNumber": "63",
    "rateDate": "08/26/2018",
    "producerNumber": "10463",
    "versionStatus": "Cancel Pending",
    "versionType": "Renewal",
    "quotedDownPayment": "178.61",
    "policyTerm": "12",
    "payPlan": "12-Pay REN",
    "writtenPremium": "1883",
    "feeAmount": "83.76",
    "writtenPremiumWFees": "1966.76",
    "billedAmount": "941.48",
    "billedFeeAmount": "77.76",
    "totalBilledAmount": "1019.24",
    "yetToBeBilledAmount": "947.52",
    "receiptAmount": "852.32",
    "currentDueAmount": "166.92",
    "remainBalanceAmount": "1114.44",
    "writeOffAmount": "0.00",
    "lastActivityAmount": "01/28/2019",
    "lastBilledDate": "01/06/2019"
  },
  {
    "agencyCode": "26892",
    "owner": "NSA_CA.",
    "productNumber": "1",
    "product": "Private Passenger",
    "stateAbbreviation": "CA",
    "policyID": "104581951589001",
    "version": "14",
    "changeNumber": "4",
    "nameInsured": "Gomez, Angel",
    "homePhone": "(323) 898-6158",
    "workPhone": "(800) 794-9070",
    "email": null,
    "effectiveDate": "07/31/2018",
    "expirationDate": null,
    "cancelDate": "12/18/2018",
    "cancelSourceCode": "NONPAY",
    "companyNumber": "63",
    "rateDate": "07/31/2018",
    "producerNumber": null,
    "versionStatus": "Cancel Pending",
    "versionType": "Renewal",
    "quotedDownPayment": "265.57",
    "policyTerm": "6",
    "payPlan": "6-Pay RNDB",
    "writtenPremium": "1431",
    "feeAmount": "63.52",
    "writtenPremiumWFees": "1494.52",
    "billedAmount": "1197.80",
    "billedFeeAmount": "63.52",
    "totalBilledAmount": "1261.32",
    "yetToBeBilledAmount": "233.20",
    "receiptAmount": "1009.33",
    "currentDueAmount": "251.99",
    "remainBalanceAmount": "485.19",
    "writeOffAmount": "0.00",
    "lastActivityAmount": "11/21/2018",
    "lastBilledDate": "11/15/2018"
  },
  {
    "agencyCode": "26892",
    "owner": "NSA_CA.",
    "productNumber": "1",
    "product": "Private Passenger",
    "stateAbbreviation": "CA",
    "policyID": "104600574014001",
    "version": "10",
    "changeNumber": "6",
    "nameInsured": "BEARD, KHALILLAH",
    "homePhone": "(310) 903-0423",
    "workPhone": null,
    "email": null,
    "effectiveDate": "09/07/2018",
    "expirationDate": null,
    "cancelDate": "12/17/2018",
    "cancelSourceCode": "NONPAY",
    "companyNumber": "60",
    "rateDate": "09/07/2018",
    "producerNumber": null,
    "versionStatus": "Cancel Pending",
    "versionType": "Rewrite",
    "quotedDownPayment": "211.35",
    "policyTerm": "12",
    "payPlan": "12-PayDBRW",
    "writtenPremium": "1491",
    "feeAmount": "65.52",
    "writtenPremiumWFees": "1556.52",
    "billedAmount": "543.24",
    "billedFeeAmount": "65.52",
    "totalBilledAmount": "608.76",
    "yetToBeBilledAmount": "947.76",
    "receiptAmount": "474.29",
    "currentDueAmount": "134.47",
    "remainBalanceAmount": "1082.23",
    "writeOffAmount": "0.00",
    "lastActivityAmount": "11/14/2018",
    "lastBilledDate": "11/14/2018"
  },
  {
    "agencyCode": "26892",
    "owner": "NSA_CA.",
    "productNumber": "1",
    "product": "Private Passenger",
    "stateAbbreviation": "CA",
    "policyID": "104600911143001",
    "version": "5",
    "changeNumber": "7",
    "nameInsured": "Magallanes Bugarin, Yoandra K",
    "homePhone": "(310) 339-4418",
    "workPhone": null,
    "email": null,
    "effectiveDate": "12/31/2017",
    "expirationDate": null,
    "cancelDate": "12/15/2018",
    "cancelSourceCode": "NONPAY",
    "companyNumber": "60",
    "rateDate": "12/31/2017",
    "producerNumber": "10460",
    "versionStatus": "Cancel Pending",
    "versionType": "Renewal",
    "quotedDownPayment": "65.74",
    "policyTerm": "12",
    "payPlan": "12PayRNEFT",
    "writtenPremium": "1151",
    "feeAmount": "99.52",
    "writtenPremiumWFees": "1250.52",
    "billedAmount": "1151.00",
    "billedFeeAmount": "99.52",
    "totalBilledAmount": "1250.52",
    "yetToBeBilledAmount": "0.00",
    "receiptAmount": "1090.99",
    "currentDueAmount": "159.53",
    "remainBalanceAmount": "159.53",
    "writeOffAmount": "0.00",
    "lastActivityAmount": "12/01/2018",
    "lastBilledDate": "12/01/2018"
  },
  {
    "agencyCode": "26892",
    "owner": "NSA_CA.",
    "productNumber": "1",
    "product": "Private Passenger",
    "stateAbbreviation": "CA",
    "policyID": "104630664510001",
    "version": "6",
    "changeNumber": "7",
    "nameInsured": "HILARIO, ABINADAB",
    "homePhone": "(310) 462-9062",
    "workPhone": null,
    "email": null,
    "effectiveDate": "12/30/2017",
    "expirationDate": null,
    "cancelDate": "12/15/2018",
    "cancelSourceCode": "NONPAY",
    "companyNumber": "63",
    "rateDate": "12/30/2017",
    "producerNumber": null,
    "versionStatus": "Cancel Pending",
    "versionType": "Renewal",
    "quotedDownPayment": "269.59",
    "policyTerm": "12",
    "payPlan": "12PayRNEFT",
    "writtenPremium": "2515",
    "feeAmount": "101.28",
    "writtenPremiumWFees": "2616.28",
    "billedAmount": "2515.00",
    "billedFeeAmount": "101.28",
    "totalBilledAmount": "2616.28",
    "yetToBeBilledAmount": "0.00",
    "receiptAmount": "2415.27",
    "currentDueAmount": "201.01",
    "remainBalanceAmount": "201.01",
    "writeOffAmount": "0.00",
    "lastActivityAmount": "12/01/2018",
    "lastBilledDate": "12/01/2018"
  },
  {
    "agencyCode": "26892",
    "owner": "NSA_CA.",
    "productNumber": "1",
    "product": "Private Passenger",
    "stateAbbreviation": "CA",
    "policyID": "104600668074001",
    "version": "6",
    "changeNumber": "8",
    "nameInsured": "Thompson, Novell",
    "homePhone": "(562) 547-6727",
    "workPhone": "(213) 763-5136",
    "email": null,
    "effectiveDate": "12/15/2017",
    "expirationDate": null,
    "cancelDate": "03/31/2018",
    "cancelSourceCode": "NONPAY",
    "companyNumber": "60",
    "rateDate": "12/15/2017",
    "producerNumber": "10460",
    "versionStatus": "Cancel Pending",
    "versionType": "Renewal",
    "quotedDownPayment": "92.57",
    "policyTerm": "12",
    "payPlan": "12-PayRNDB",
    "writtenPremium": "850",
    "feeAmount": "69.76",
    "writtenPremiumWFees": "919.76",
    "billedAmount": "283.33",
    "billedFeeAmount": "63.76",
    "totalBilledAmount": "347.09",
    "yetToBeBilledAmount": "572.67",
    "receiptAmount": "260.25",
    "currentDueAmount": "86.84",
    "remainBalanceAmount": "659.51",
    "writeOffAmount": "0.00",
    "lastActivityAmount": "03/18/2018",
    "lastBilledDate": "03/05/2018"
  },
  {
    "agencyCode": "26892",
    "owner": "NSA_CA.",
    "productNumber": "1",
    "product": "Private Passenger",
    "stateAbbreviation": "CA",
    "policyID": "104600954092001",
    "version": "4",
    "changeNumber": "2",
    "nameInsured": "Diaz, Jose Rene",
    "homePhone": "(323) 266-4748",
    "workPhone": null,
    "email": "VIHUELAPLYR1@YAHOO.COM",
    "effectiveDate": "03/24/2017",
    "expirationDate": null,
    "cancelDate": "01/31/2018",
    "cancelSourceCode": "UW",
    "companyNumber": "60",
    "rateDate": "03/24/2017",
    "producerNumber": "10460",
    "versionStatus": "Cancel Pending",
    "versionType": "Renewal",
    "quotedDownPayment": "286.11",
    "policyTerm": "12",
    "payPlan": "12PayRNEFT",
    "writtenPremium": "3050",
    "feeAmount": "86.04",
    "writtenPremiumWFees": "3136.04",
    "billedAmount": "2541.66",
    "billedFeeAmount": "86.04",
    "totalBilledAmount": "2627.70",
    "yetToBeBilledAmount": "508.34",
    "receiptAmount": "2627.70",
    "currentDueAmount": "0",
    "remainBalanceAmount": "508.34",
    "writeOffAmount": "0.00",
    "lastActivityAmount": "12/21/2017",
    "lastBilledDate": "12/09/2017"
  },
  {
    "agencyCode": "26892",
    "owner": "NSA_CA.",
    "productNumber": "1",
    "product": "Private Passenger",
    "stateAbbreviation": "CA",
    "policyID": "104600188455001",
    "version": "6",
    "changeNumber": "2",
    "nameInsured": "LOPEZ, MARIA ESTHER",
    "homePhone": "(323) 933-4431",
    "workPhone": null,
    "email": null,
    "effectiveDate": "02/20/2017",
    "expirationDate": null,
    "cancelDate": "01/18/2018",
    "cancelSourceCode": "UW",
    "companyNumber": "60",
    "rateDate": "02/20/2017",
    "producerNumber": null,
    "versionStatus": "Cancel Pending",
    "versionType": "Renewal",
    "quotedDownPayment": "132.72",
    "policyTerm": "12",
    "payPlan": "12PayRNEFT",
    "writtenPremium": "1332",
    "feeAmount": "81.76",
    "writtenPremiumWFees": "1413.76",
    "billedAmount": "1221.00",
    "billedFeeAmount": "81.76",
    "totalBilledAmount": "1302.76",
    "yetToBeBilledAmount": "111.00",
    "receiptAmount": "1302.76",
    "currentDueAmount": "0",
    "remainBalanceAmount": "111.00",
    "writeOffAmount": "0.00",
    "lastActivityAmount": "12/16/2017",
    "lastBilledDate": "12/05/2017"
  },
  {
    "agencyCode": "26892",
    "owner": "NSA_CA.",
    "productNumber": "1",
    "product": "Private Passenger",
    "stateAbbreviation": "CA",
    "policyID": "104600251191001",
    "version": "6",
    "changeNumber": "2",
    "nameInsured": "CORDOVA, RICHARD",
    "homePhone": "(323) 228-8139",
    "workPhone": null,
    "email": null,
    "effectiveDate": "03/22/2017",
    "expirationDate": null,
    "cancelDate": "12/13/2017",
    "cancelSourceCode": "NONPAY",
    "companyNumber": "60",
    "rateDate": "03/22/2017",
    "producerNumber": null,
    "versionStatus": "Cancel Pending",
    "versionType": "Renewal",
    "quotedDownPayment": "325.26",
    "policyTerm": "12",
    "payPlan": "12-PayRNDB",
    "writtenPremium": "3520",
    "feeAmount": "102.04",
    "writtenPremiumWFees": "3622.04",
    "billedAmount": "2346.64",
    "billedFeeAmount": "102.04",
    "totalBilledAmount": "2448.68",
    "yetToBeBilledAmount": "1173.36",
    "receiptAmount": "2145.34",
    "currentDueAmount": "303.34",
    "remainBalanceAmount": "1476.70",
    "writeOffAmount": "0.00",
    "lastActivityAmount": "10/02/2017",
    "lastBilledDate": "10/02/2017"
  },
  {
    "agencyCode": "26892",
    "owner": "NSA_CA.",
    "productNumber": "1",
    "product": "Private Passenger",
    "stateAbbreviation": "CA",
    "policyID": "104600453784001",
    "version": "6",
    "changeNumber": "2",
    "nameInsured": "Noriega, Jose F",
    "homePhone": "(310) 910-5002",
    "workPhone": null,
    "email": null,
    "effectiveDate": "06/22/2017",
    "expirationDate": null,
    "cancelDate": "12/13/2017",
    "cancelSourceCode": "NONPAY",
    "companyNumber": "60",
    "rateDate": "06/22/2017",
    "producerNumber": "10460",
    "versionStatus": "Cancel Pending",
    "versionType": "Renewal",
    "quotedDownPayment": "295.35",
    "policyTerm": "12",
    "payPlan": "12-PayRNDB",
    "writtenPremium": "2976",
    "feeAmount": "72.04",
    "writtenPremiumWFees": "3048.04",
    "billedAmount": "1275.91",
    "billedFeeAmount": "72.04",
    "totalBilledAmount": "1347.95",
    "yetToBeBilledAmount": "1700.09",
    "receiptAmount": "1095.08",
    "currentDueAmount": "252.87",
    "remainBalanceAmount": "1952.96",
    "writeOffAmount": "0.00",
    "lastActivityAmount": "10/02/2017",
    "lastBilledDate": "10/02/2017"
  },
  {
    "agencyCode": "26892",
    "owner": "NSA_CA.",
    "productNumber": "1",
    "product": "Private Passenger",
    "stateAbbreviation": "CA",
    "policyID": "104600514119001",
    "version": "6",
    "changeNumber": "2",
    "nameInsured": "Grajales, Marcos Oel",
    "homePhone": "(323) 540-7343",
    "workPhone": null,
    "email": "marcosoel82@yahoo.com",
    "effectiveDate": "08/22/2017",
    "expirationDate": null,
    "cancelDate": "12/13/2017",
    "cancelSourceCode": "NONPAY",
    "companyNumber": "60",
    "rateDate": "08/22/2017",
    "producerNumber": null,
    "versionStatus": "Cancel Pending",
    "versionType": "Renewal",
    "quotedDownPayment": "136.32",
    "policyTerm": "12",
    "payPlan": "12-PayRNDB",
    "writtenPremium": "701",
    "feeAmount": "48.52",
    "writtenPremiumWFees": "749.52",
    "billedAmount": "215.66",
    "billedFeeAmount": "48.52",
    "totalBilledAmount": "264.18",
    "yetToBeBilledAmount": "485.34",
    "receiptAmount": "248.39",
    "currentDueAmount": "15.79",
    "remainBalanceAmount": "501.13",
    "writeOffAmount": "0.00",
    "lastActivityAmount": "10/02/2017",
    "lastBilledDate": "10/02/2017"
  },
  {
    "agencyCode": "26892",
    "owner": "NSA_CA.",
    "productNumber": "1",
    "product": "Private Passenger",
    "stateAbbreviation": "CA",
    "policyID": "104600788534001",
    "version": "5",
    "changeNumber": "4",
    "nameInsured": "Bonilla, Delores Rene",
    "homePhone": "(323) 963-6350",
    "workPhone": "(323) 270-0800",
    "email": null,
    "effectiveDate": "05/13/2017",
    "expirationDate": null,
    "cancelDate": "12/13/2017",
    "cancelSourceCode": "NONPAY",
    "companyNumber": "60",
    "rateDate": "05/13/2017",
    "producerNumber": "10460",
    "versionStatus": "Cancel Pending",
    "versionType": "Renewal",
    "quotedDownPayment": "175.7",
    "policyTerm": "12",
    "payPlan": "12-PayRNDB",
    "writtenPremium": "1956",
    "feeAmount": "95.52",
    "writtenPremiumWFees": "2051.52",
    "billedAmount": "963.48",
    "billedFeeAmount": "95.52",
    "totalBilledAmount": "1059.00",
    "yetToBeBilledAmount": "992.52",
    "receiptAmount": "877.57",
    "currentDueAmount": "181.43",
    "remainBalanceAmount": "1173.95",
    "writeOffAmount": "0.00",
    "lastActivityAmount": "10/02/2017",
    "lastBilledDate": "10/02/2017"
  },
  {
    "agencyCode": "26892",
    "owner": "NSA_CA.",
    "productNumber": "1",
    "product": "Private Passenger",
    "stateAbbreviation": "CA",
    "policyID": "104600888997001",
    "version": "4",
    "changeNumber": "2",
    "nameInsured": "Estrada, Ramon Espinosa",
    "homePhone": "(310) 673-0973",
    "workPhone": null,
    "email": null,
    "effectiveDate": "05/01/2017",
    "expirationDate": null,
    "cancelDate": "12/13/2017",
    "cancelSourceCode": "NONPAY",
    "companyNumber": "60",
    "rateDate": "05/01/2017",
    "producerNumber": "10460",
    "versionStatus": "Cancel Pending",
    "versionType": "Renewal",
    "quotedDownPayment": "48.33",
    "policyTerm": "12",
    "payPlan": "12PayRNEFT",
    "writtenPremium": "319",
    "feeAmount": "33.76",
    "writtenPremiumWFees": "352.76",
    "billedAmount": "199.93",
    "billedFeeAmount": "33.76",
    "totalBilledAmount": "233.69",
    "yetToBeBilledAmount": "119.07",
    "receiptAmount": "48.33",
    "currentDueAmount": "185.36",
    "remainBalanceAmount": "304.43",
    "writeOffAmount": "0.00",
    "lastActivityAmount": "08/22/2017",
    "lastBilledDate": "08/22/2017"
  },
  {
    "agencyCode": "26892",
    "owner": "NSA_CA.",
    "productNumber": "1",
    "product": "Private Passenger",
    "stateAbbreviation": "CA",
    "policyID": "104600893491001",
    "version": "6",
    "changeNumber": "2",
    "nameInsured": "Lopez, Gabriela",
    "homePhone": "(310) 569-1906",
    "workPhone": "(310) 637-2006",
    "email": null,
    "effectiveDate": "01/28/2017",
    "expirationDate": null,
    "cancelDate": "12/13/2017",
    "cancelSourceCode": "NONPAY",
    "companyNumber": "63",
    "rateDate": "01/28/2017",
    "producerNumber": null,
    "versionStatus": "Cancel Pending",
    "versionType": "Renewal",
    "quotedDownPayment": "200.13",
    "policyTerm": "12",
    "payPlan": "12-PayRNDB",
    "writtenPremium": "2099",
    "feeAmount": "75.28",
    "writtenPremiumWFees": "2174.28",
    "billedAmount": "2283.08",
    "billedFeeAmount": "75.28",
    "totalBilledAmount": "2358.36",
    "yetToBeBilledAmount": "-184.08",
    "receiptAmount": "754.92",
    "currentDueAmount": "1419.36",
    "remainBalanceAmount": "1419.36",
    "writeOffAmount": "0.00",
    "lastActivityAmount": "08/22/2017",
    "lastBilledDate": "08/22/2017"
  },
  {
    "agencyCode": "26892",
    "owner": "NSA_CA.",
    "productNumber": "1",
    "product": "Private Passenger",
    "stateAbbreviation": "CA",
    "policyID": "104600894884001",
    "version": "4",
    "changeNumber": "2",
    "nameInsured": "Selly, Roger Neal",
    "homePhone": "(310) 651-4333",
    "workPhone": null,
    "email": null,
    "effectiveDate": "01/17/2017",
    "expirationDate": null,
    "cancelDate": "12/13/2017",
    "cancelSourceCode": "NONPAY",
    "companyNumber": "60",
    "rateDate": "01/17/2017",
    "producerNumber": "10460",
    "versionStatus": "Cancel Pending",
    "versionType": "Renewal",
    "quotedDownPayment": "51.75",
    "policyTerm": "12",
    "payPlan": "12PayRNEFT",
    "writtenPremium": "360",
    "feeAmount": "51.76",
    "writtenPremiumWFees": "411.76",
    "billedAmount": "397.92",
    "billedFeeAmount": "51.76",
    "totalBilledAmount": "449.68",
    "yetToBeBilledAmount": "-37.92",
    "receiptAmount": "195.76",
    "currentDueAmount": "216.00",
    "remainBalanceAmount": "216.00",
    "writeOffAmount": "0.00",
    "lastActivityAmount": "08/22/2017",
    "lastBilledDate": "08/22/2017"
  },
  {
    "agencyCode": "26892",
    "owner": "NSA_CA.",
    "productNumber": "1",
    "product": "Private Passenger",
    "stateAbbreviation": "CA",
    "policyID": "104600896586001",
    "version": "4",
    "changeNumber": "2",
    "nameInsured": "Evans, Anice",
    "homePhone": "(323) 915-4185",
    "workPhone": null,
    "email": null,
    "effectiveDate": "01/16/2017",
    "expirationDate": null,
    "cancelDate": "12/13/2017",
    "cancelSourceCode": "NONPAY",
    "companyNumber": "60",
    "rateDate": "01/16/2017",
    "producerNumber": "10460",
    "versionStatus": "Cancel Pending",
    "versionType": "Renewal",
    "quotedDownPayment": "130.63",
    "policyTerm": "12",
    "payPlan": "12-Pay REN",
    "writtenPremium": "1307",
    "feeAmount": "71.76",
    "writtenPremiumWFees": "1378.76",
    "billedAmount": "1423.80",
    "billedFeeAmount": "71.76",
    "totalBilledAmount": "1495.56",
    "yetToBeBilledAmount": "-116.80",
    "receiptAmount": "486.63",
    "currentDueAmount": "892.13",
    "remainBalanceAmount": "892.13",
    "writeOffAmount": "0.00",
    "lastActivityAmount": "08/22/2017",
    "lastBilledDate": "08/22/2017"
  },
  {
    "agencyCode": "26892",
    "owner": "NSA_CA.",
    "productNumber": "1",
    "product": "Private Passenger",
    "stateAbbreviation": "CA",
    "policyID": "104600897090001",
    "version": "4",
    "changeNumber": "2",
    "nameInsured": "Torres Delgadillo, Domingo",
    "homePhone": "(310) 671-7368",
    "workPhone": null,
    "email": null,
    "effectiveDate": "12/17/2016",
    "expirationDate": null,
    "cancelDate": "12/13/2017",
    "cancelSourceCode": "NONPAY",
    "companyNumber": "60",
    "rateDate": "12/17/2016",
    "producerNumber": "10460",
    "versionStatus": "Cancel Pending",
    "versionType": "Renewal",
    "quotedDownPayment": "57.66",
    "policyTerm": "12",
    "payPlan": "12PayRNEFT",
    "writtenPremium": "431",
    "feeAmount": "57.76",
    "writtenPremiumWFees": "488.76",
    "billedAmount": "544.68",
    "billedFeeAmount": "57.76",
    "totalBilledAmount": "602.44",
    "yetToBeBilledAmount": "-113.68",
    "receiptAmount": "267.26",
    "currentDueAmount": "221.50",
    "remainBalanceAmount": "221.50",
    "writeOffAmount": "0.00",
    "lastActivityAmount": "08/22/2017",
    "lastBilledDate": "08/22/2017"
  },
  {
    "agencyCode": "26892",
    "owner": "NSA_CA.",
    "productNumber": "1",
    "product": "Private Passenger",
    "stateAbbreviation": "CA",
    "policyID": "104600899795001",
    "version": "4",
    "changeNumber": "4",
    "nameInsured": "Diaz, Adalberto",
    "homePhone": "(714) 414-7712",
    "workPhone": null,
    "email": null,
    "effectiveDate": "12/15/2016",
    "expirationDate": null,
    "cancelDate": "12/13/2017",
    "cancelSourceCode": "NONPAY",
    "companyNumber": "60",
    "rateDate": "12/15/2016",
    "producerNumber": "10460",
    "versionStatus": "Cancel Pending",
    "versionType": "Renewal",
    "quotedDownPayment": "200",
    "policyTerm": "12",
    "payPlan": "12-PayRNDB",
    "writtenPremium": "547",
    "feeAmount": "81.76",
    "writtenPremiumWFees": "628.76",
    "billedAmount": "787.34",
    "billedFeeAmount": "81.76",
    "totalBilledAmount": "869.10",
    "yetToBeBilledAmount": "-240.34",
    "receiptAmount": "361.38",
    "currentDueAmount": "267.38",
    "remainBalanceAmount": "267.38",
    "writeOffAmount": "0.00",
    "lastActivityAmount": "08/22/2017",
    "lastBilledDate": "08/22/2017"
  },
  {
    "agencyCode": "26892",
    "owner": "NSA_CA.",
    "productNumber": "1",
    "product": "Private Passenger",
    "stateAbbreviation": "CA",
    "policyID": "104600904262001",
    "version": "4",
    "changeNumber": "10",
    "nameInsured": "Grageda, Leticia And Daniel Valenzuela",
    "homePhone": "(562) 945-2674",
    "workPhone": null,
    "email": null,
    "effectiveDate": "12/24/2016",
    "expirationDate": null,
    "cancelDate": "12/13/2017",
    "cancelSourceCode": "NONPAY",
    "companyNumber": "60",
    "rateDate": "12/24/2016",
    "producerNumber": "10460",
    "versionStatus": "Cancel Pending",
    "versionType": "Renewal",
    "quotedDownPayment": "150",
    "policyTerm": "12",
    "payPlan": "12-PayRNDB",
    "writtenPremium": "1958",
    "feeAmount": "124.28",
    "writtenPremiumWFees": "2082.28",
    "billedAmount": "2420.24",
    "billedFeeAmount": "124.28",
    "totalBilledAmount": "2544.52",
    "yetToBeBilledAmount": "-462.24",
    "receiptAmount": "876.48",
    "currentDueAmount": "1205.80",
    "remainBalanceAmount": "1205.80",
    "writeOffAmount": "0.00",
    "lastActivityAmount": "08/22/2017",
    "lastBilledDate": "08/22/2017"
  },
  {
    "agencyCode": "26892",
    "owner": "NSA_CA.",
    "productNumber": "1",
    "product": "Private Passenger",
    "stateAbbreviation": "CA",
    "policyID": "104600904300001",
    "version": "4",
    "changeNumber": "4",
    "nameInsured": "Figueroa, Ruben Lupian",
    "homePhone": "(310) 673-7034",
    "workPhone": null,
    "email": null,
    "effectiveDate": "01/07/2017",
    "expirationDate": null,
    "cancelDate": "12/13/2017",
    "cancelSourceCode": "NONPAY",
    "companyNumber": "60",
    "rateDate": "01/07/2017",
    "producerNumber": "10460",
    "versionStatus": "Cancel Pending",
    "versionType": "Renewal",
    "quotedDownPayment": "50",
    "policyTerm": "12",
    "payPlan": "12-PayRNDB",
    "writtenPremium": "339",
    "feeAmount": "77.76",
    "writtenPremiumWFees": "416.76",
    "billedAmount": "401.44",
    "billedFeeAmount": "77.76",
    "totalBilledAmount": "479.20",
    "yetToBeBilledAmount": "-62.44",
    "receiptAmount": "214.26",
    "currentDueAmount": "202.50",
    "remainBalanceAmount": "202.50",
    "writeOffAmount": "0.00",
    "lastActivityAmount": "08/22/2017",
    "lastBilledDate": "08/22/2017"
  },
  {
    "agencyCode": "26892",
    "owner": "NSA_CA.",
    "productNumber": "1",
    "product": "Private Passenger",
    "stateAbbreviation": "CA",
    "policyID": "104600907973001",
    "version": "4",
    "changeNumber": "2",
    "nameInsured": "Avalos, Moises",
    "homePhone": "(310) 329-8638",
    "workPhone": null,
    "email": null,
    "effectiveDate": "12/21/2016",
    "expirationDate": null,
    "cancelDate": "12/13/2017",
    "cancelSourceCode": "NONPAY",
    "companyNumber": "60",
    "rateDate": "12/21/2016",
    "producerNumber": "10460",
    "versionStatus": "Cancel Pending",
    "versionType": "Renewal",
    "quotedDownPayment": "107.72",
    "policyTerm": "12",
    "payPlan": "12PayRNEFT",
    "writtenPremium": "993",
    "feeAmount": "61.00",
    "writtenPremiumWFees": "1054.00",
    "billedAmount": "1248.06",
    "billedFeeAmount": "61.00",
    "totalBilledAmount": "1309.06",
    "yetToBeBilledAmount": "-255.06",
    "receiptAmount": "462.75",
    "currentDueAmount": "591.25",
    "remainBalanceAmount": "591.25",
    "writeOffAmount": "0.00",
    "lastActivityAmount": "08/22/2017",
    "lastBilledDate": "08/22/2017"
  },
  {
    "agencyCode": "26892",
    "owner": "NSA_CA.",
    "productNumber": "1",
    "product": "Private Passenger",
    "stateAbbreviation": "CA",
    "policyID": "104600910364001",
    "version": "4",
    "changeNumber": "2",
    "nameInsured": "Payan, Loreto Marisol",
    "homePhone": "(310) 644-7409",
    "workPhone": null,
    "email": null,
    "effectiveDate": "12/30/2016",
    "expirationDate": null,
    "cancelDate": "12/13/2017",
    "cancelSourceCode": "NONPAY",
    "companyNumber": "60",
    "rateDate": "12/30/2016",
    "producerNumber": "10460",
    "versionStatus": "Cancel Pending",
    "versionType": "Renewal",
    "quotedDownPayment": "194.64",
    "policyTerm": "12",
    "payPlan": "12PayRNEFT",
    "writtenPremium": "2012",
    "feeAmount": "63.04",
    "writtenPremiumWFees": "2075.04",
    "billedAmount": "2522.35",
    "billedFeeAmount": "63.04",
    "totalBilledAmount": "2585.39",
    "yetToBeBilledAmount": "-510.35",
    "receiptAmount": "889.35",
    "currentDueAmount": "1185.69",
    "remainBalanceAmount": "1185.69",
    "writeOffAmount": "0.00",
    "lastActivityAmount": "08/22/2017",
    "lastBilledDate": "08/22/2017"
  },
  {
    "agencyCode": "26892",
    "owner": "NSA_CA.",
    "productNumber": "1",
    "product": "Private Passenger",
    "stateAbbreviation": "CA",
    "policyID": "104600912009001",
    "version": "4",
    "changeNumber": "3",
    "nameInsured": "Chavez, Jose Manuel",
    "homePhone": "(323) 906-5705",
    "workPhone": null,
    "email": null,
    "effectiveDate": "01/03/2017",
    "expirationDate": null,
    "cancelDate": "12/13/2017",
    "cancelSourceCode": "NONPAY",
    "companyNumber": "60",
    "rateDate": "01/03/2017",
    "producerNumber": "10460",
    "versionStatus": "Cancel Pending",
    "versionType": "Renewal",
    "quotedDownPayment": "133.06",
    "policyTerm": "12",
    "payPlan": "12PayRNEFT",
    "writtenPremium": "963",
    "feeAmount": "58.52",
    "writtenPremiumWFees": "1021.52",
    "billedAmount": "1206.34",
    "billedFeeAmount": "58.52",
    "totalBilledAmount": "1264.86",
    "yetToBeBilledAmount": "-243.34",
    "receiptAmount": "522.20",
    "currentDueAmount": "499.32",
    "remainBalanceAmount": "499.32",
    "writeOffAmount": "0.00",
    "lastActivityAmount": "08/22/2017",
    "lastBilledDate": "08/22/2017"
  },
  {
    "agencyCode": "26892",
    "owner": "NSA_CA.",
    "productNumber": "1",
    "product": "Private Passenger",
    "stateAbbreviation": "CA",
    "policyID": "104600912928001",
    "version": "4",
    "changeNumber": "4",
    "nameInsured": "Smith Jr, Joe Louis",
    "homePhone": "(310) 927-1117",
    "workPhone": null,
    "email": null,
    "effectiveDate": "01/04/2017",
    "expirationDate": null,
    "cancelDate": "12/13/2017",
    "cancelSourceCode": "NONPAY",
    "companyNumber": "60",
    "rateDate": "01/04/2017",
    "producerNumber": "10460",
    "versionStatus": "Cancel Pending",
    "versionType": "Renewal",
    "quotedDownPayment": "69.07",
    "policyTerm": "12",
    "payPlan": "12-PayRNDB",
    "writtenPremium": "568",
    "feeAmount": "87.76",
    "writtenPremiumWFees": "655.76",
    "billedAmount": "715.96",
    "billedFeeAmount": "87.76",
    "totalBilledAmount": "803.72",
    "yetToBeBilledAmount": "-147.96",
    "receiptAmount": "304.43",
    "currentDueAmount": "351.33",
    "remainBalanceAmount": "351.33",
    "writeOffAmount": "0.00",
    "lastActivityAmount": "08/22/2017",
    "lastBilledDate": "08/22/2017"
  },
  {
    "agencyCode": "26892",
    "owner": "NSA_CA.",
    "productNumber": "1",
    "product": "Private Passenger",
    "stateAbbreviation": "CA",
    "policyID": "104600913256001",
    "version": "5",
    "changeNumber": "2",
    "nameInsured": "Orellana, Lucrecia Marisela",
    "homePhone": "(323) 721-2786",
    "workPhone": null,
    "email": null,
    "effectiveDate": "01/21/2017",
    "expirationDate": null,
    "cancelDate": "12/13/2017",
    "cancelSourceCode": "NONPAY",
    "companyNumber": "60",
    "rateDate": "01/21/2017",
    "producerNumber": "10460",
    "versionStatus": "Cancel Pending",
    "versionType": "Renewal",
    "quotedDownPayment": "75.25",
    "policyTerm": "12",
    "payPlan": "12-PayRNDB",
    "writtenPremium": "621",
    "feeAmount": "73.52",
    "writtenPremiumWFees": "694.52",
    "billedAmount": "681.31",
    "billedFeeAmount": "73.52",
    "totalBilledAmount": "754.83",
    "yetToBeBilledAmount": "-60.31",
    "receiptAmount": "260.52",
    "currentDueAmount": "434.00",
    "remainBalanceAmount": "434.00",
    "writeOffAmount": "0.00",
    "lastActivityAmount": "08/22/2017",
    "lastBilledDate": "08/22/2017"
  },
  {
    "agencyCode": "26892",
    "owner": "NSA_CA.",
    "productNumber": "1",
    "product": "Private Passenger",
    "stateAbbreviation": "CA",
    "policyID": "104600922252001",
    "version": "4",
    "changeNumber": "2",
    "nameInsured": "Garcia, Juan",
    "homePhone": "(310) 738-1858",
    "workPhone": null,
    "email": null,
    "effectiveDate": "01/20/2017",
    "expirationDate": null,
    "cancelDate": "12/13/2017",
    "cancelSourceCode": "NONPAY",
    "companyNumber": "60",
    "rateDate": "01/20/2017",
    "producerNumber": "10460",
    "versionStatus": "Cancel Pending",
    "versionType": "Renewal",
    "quotedDownPayment": "62.08",
    "policyTerm": "12",
    "payPlan": "12PayRNEFT",
    "writtenPremium": "484",
    "feeAmount": "51.76",
    "writtenPremiumWFees": "535.76",
    "billedAmount": "532.28",
    "billedFeeAmount": "51.76",
    "totalBilledAmount": "584.04",
    "yetToBeBilledAmount": "-48.28",
    "receiptAmount": "201.10",
    "currentDueAmount": "334.66",
    "remainBalanceAmount": "334.66",
    "writeOffAmount": "0.00",
    "lastActivityAmount": "08/22/2017",
    "lastBilledDate": "08/22/2017"
  },
  {
    "agencyCode": "26892",
    "owner": "NSA_CA.",
    "productNumber": "1",
    "product": "Private Passenger",
    "stateAbbreviation": "CA",
    "policyID": "104600922633001",
    "version": "4",
    "changeNumber": "2",
    "nameInsured": "Gutierrez, Norma",
    "homePhone": "(310) 646-7087",
    "workPhone": null,
    "email": null,
    "effectiveDate": "01/24/2017",
    "expirationDate": null,
    "cancelDate": "12/13/2017",
    "cancelSourceCode": "NONPAY",
    "companyNumber": "60",
    "rateDate": "01/24/2017",
    "producerNumber": "10460",
    "versionStatus": "Cancel Pending",
    "versionType": "Renewal",
    "quotedDownPayment": "157.47",
    "policyTerm": "12",
    "payPlan": "12PayRNEFT",
    "writtenPremium": "1608",
    "feeAmount": "53.52",
    "writtenPremiumWFees": "1661.52",
    "billedAmount": "1750.55",
    "billedFeeAmount": "53.52",
    "totalBilledAmount": "1804.07",
    "yetToBeBilledAmount": "-142.55",
    "receiptAmount": "578.57",
    "currentDueAmount": "1082.95",
    "remainBalanceAmount": "1082.95",
    "writeOffAmount": "0.00",
    "lastActivityAmount": "11/16/2018",
    "lastBilledDate": "08/22/2017"
  },
  {
    "agencyCode": "26892",
    "owner": "NSA_CA.",
    "productNumber": "1",
    "product": "Private Passenger",
    "stateAbbreviation": "CA",
    "policyID": "104600927795001",
    "version": "4",
    "changeNumber": "2",
    "nameInsured": "Michael, Samuel Gebre",
    "homePhone": "(323) 838-2468",
    "workPhone": "(562) 941-4141",
    "email": "MULUMICHAEL@GMAIL.COM",
    "effectiveDate": "02/05/2017",
    "expirationDate": null,
    "cancelDate": "12/13/2017",
    "cancelSourceCode": "NONPAY",
    "companyNumber": "60",
    "rateDate": "02/05/2017",
    "producerNumber": "10460",
    "versionStatus": "Cancel Pending",
    "versionType": "Renewal",
    "quotedDownPayment": "71",
    "policyTerm": "12",
    "payPlan": "12PayRNEFT",
    "writtenPremium": "570",
    "feeAmount": "47.52",
    "writtenPremiumWFees": "617.52",
    "billedAmount": "578.56",
    "billedFeeAmount": "47.52",
    "totalBilledAmount": "626.08",
    "yetToBeBilledAmount": "-8.56",
    "receiptAmount": "231.52",
    "currentDueAmount": "386.00",
    "remainBalanceAmount": "386.00",
    "writeOffAmount": "0.00",
    "lastActivityAmount": "08/22/2017",
    "lastBilledDate": "08/22/2017"
  },
  {
    "agencyCode": "26892",
    "owner": "NSA_CA.",
    "productNumber": "1",
    "product": "Private Passenger",
    "stateAbbreviation": "CA",
    "policyID": "104600932042001",
    "version": "4",
    "changeNumber": "2",
    "nameInsured": "Fernandez, Mauricio Ivan",
    "homePhone": "(424) 750-1442",
    "workPhone": null,
    "email": "MAURICIO@EXPERT-TRUCKING.COM",
    "effectiveDate": "03/23/2017",
    "expirationDate": null,
    "cancelDate": "12/13/2017",
    "cancelSourceCode": "NONPAY",
    "companyNumber": "60",
    "rateDate": "03/23/2017",
    "producerNumber": "10460",
    "versionStatus": "Cancel Pending",
    "versionType": "Renewal",
    "quotedDownPayment": "92.24",
    "policyTerm": "12",
    "payPlan": "12-PayRNDB",
    "writtenPremium": "606",
    "feeAmount": "71.76",
    "writtenPremiumWFees": "677.76",
    "billedAmount": "477.29",
    "billedFeeAmount": "71.76",
    "totalBilledAmount": "549.05",
    "yetToBeBilledAmount": "128.71",
    "receiptAmount": "213.26",
    "currentDueAmount": "335.79",
    "remainBalanceAmount": "464.50",
    "writeOffAmount": "0.00",
    "lastActivityAmount": "08/22/2017",
    "lastBilledDate": "08/22/2017"
  },
  {
    "agencyCode": "26892",
    "owner": "NSA_CA.",
    "productNumber": "1",
    "product": "Private Passenger",
    "stateAbbreviation": "CA",
    "policyID": "104600938390001",
    "version": "4",
    "changeNumber": "2",
    "nameInsured": "Welch, Cydney Sherise",
    "homePhone": "(323) 620-0623",
    "workPhone": null,
    "email": null,
    "effectiveDate": "02/24/2017",
    "expirationDate": null,
    "cancelDate": "12/13/2017",
    "cancelSourceCode": "NONPAY",
    "companyNumber": "60",
    "rateDate": "02/24/2017",
    "producerNumber": "10460",
    "versionStatus": "Cancel Pending",
    "versionType": "Renewal",
    "quotedDownPayment": "122.97",
    "policyTerm": "12",
    "payPlan": "12-PayRNDB",
    "writtenPremium": "1215",
    "feeAmount": "61.76",
    "writtenPremiumWFees": "1276.76",
    "billedAmount": "1123.64",
    "billedFeeAmount": "61.76",
    "totalBilledAmount": "1185.40",
    "yetToBeBilledAmount": "91.36",
    "receiptAmount": "456.75",
    "currentDueAmount": "728.65",
    "remainBalanceAmount": "820.01",
    "writeOffAmount": "0.00",
    "lastActivityAmount": "08/22/2017",
    "lastBilledDate": "08/22/2017"
  },
  {
    "agencyCode": "26892",
    "owner": "NSA_CA.",
    "productNumber": "1",
    "product": "Private Passenger",
    "stateAbbreviation": "CA",
    "policyID": "104600939886001",
    "version": "4",
    "changeNumber": "2",
    "nameInsured": "Mansion, Errol Anthony",
    "homePhone": "(213) 361-5991",
    "workPhone": null,
    "email": null,
    "effectiveDate": "03/09/2017",
    "expirationDate": null,
    "cancelDate": "12/13/2017",
    "cancelSourceCode": "NONPAY",
    "companyNumber": "60",
    "rateDate": "03/09/2017",
    "producerNumber": "10460",
    "versionStatus": "Cancel Pending",
    "versionType": "Renewal",
    "quotedDownPayment": "66.41",
    "policyTerm": "12",
    "payPlan": "12-PayRNDB",
    "writtenPremium": "536",
    "feeAmount": "51.76",
    "writtenPremiumWFees": "587.76",
    "billedAmount": "456.54",
    "billedFeeAmount": "51.76",
    "totalBilledAmount": "508.30",
    "yetToBeBilledAmount": "79.46",
    "receiptAmount": "175.75",
    "currentDueAmount": "332.55",
    "remainBalanceAmount": "412.01",
    "writeOffAmount": "0.00",
    "lastActivityAmount": "08/22/2017",
    "lastBilledDate": "08/22/2017"
  },
  {
    "agencyCode": "26892",
    "owner": "NSA_CA.",
    "productNumber": "1",
    "product": "Private Passenger",
    "stateAbbreviation": "CA",
    "policyID": "104600941903001",
    "version": "4",
    "changeNumber": "8",
    "nameInsured": "Faggins, Judy Elaine",
    "homePhone": "(323) 757-8491",
    "workPhone": null,
    "email": null,
    "effectiveDate": "01/04/2017",
    "expirationDate": null,
    "cancelDate": "12/13/2017",
    "cancelSourceCode": "NONPAY",
    "companyNumber": "60",
    "rateDate": "01/04/2017",
    "producerNumber": "10460",
    "versionStatus": "Cancel Pending",
    "versionType": "Renewal",
    "quotedDownPayment": "113.81",
    "policyTerm": "12",
    "payPlan": "12-Pay REN",
    "writtenPremium": "1105",
    "feeAmount": "99.76",
    "writtenPremiumWFees": "1204.76",
    "billedAmount": "1387.19",
    "billedFeeAmount": "99.76",
    "totalBilledAmount": "1486.95",
    "yetToBeBilledAmount": "-282.19",
    "receiptAmount": "534.17",
    "currentDueAmount": "670.59",
    "remainBalanceAmount": "670.59",
    "writeOffAmount": "0.00",
    "lastActivityAmount": "08/22/2017",
    "lastBilledDate": "08/22/2017"
  },
  {
    "agencyCode": "26892",
    "owner": "NSA_CA.",
    "productNumber": "1",
    "product": "Private Passenger",
    "stateAbbreviation": "CA",
    "policyID": "104600943103001",
    "version": "4",
    "changeNumber": "2",
    "nameInsured": "Wynder, Lee",
    "homePhone": "(323) 535-0057",
    "workPhone": null,
    "email": null,
    "effectiveDate": "03/03/2017",
    "expirationDate": null,
    "cancelDate": "12/13/2017",
    "cancelSourceCode": "NONPAY",
    "companyNumber": "60",
    "rateDate": "03/03/2017",
    "producerNumber": "10460",
    "versionStatus": "Cancel Pending",
    "versionType": "Renewal",
    "quotedDownPayment": "126.9",
    "policyTerm": "12",
    "payPlan": "12-PayRNDB",
    "writtenPremium": "1241",
    "feeAmount": "63.52",
    "writtenPremiumWFees": "1304.52",
    "billedAmount": "1148.24",
    "billedFeeAmount": "63.52",
    "totalBilledAmount": "1211.76",
    "yetToBeBilledAmount": "92.76",
    "receiptAmount": "353.74",
    "currentDueAmount": "858.02",
    "remainBalanceAmount": "950.78",
    "writeOffAmount": "0.00",
    "lastActivityAmount": "08/22/2017",
    "lastBilledDate": "08/22/2017"
  },
  {
    "agencyCode": "26892",
    "owner": "NSA_CA.",
    "productNumber": "1",
    "product": "Private Passenger",
    "stateAbbreviation": "CA",
    "policyID": "104600943607001",
    "version": "4",
    "changeNumber": "2",
    "nameInsured": "Ornelas, Louie Anthony",
    "homePhone": "(323) 567-6974",
    "workPhone": null,
    "email": null,
    "effectiveDate": "03/04/2017",
    "expirationDate": null,
    "cancelDate": "12/13/2017",
    "cancelSourceCode": "NONPAY",
    "companyNumber": "60",
    "rateDate": "03/04/2017",
    "producerNumber": "10460",
    "versionStatus": "Cancel Pending",
    "versionType": "Renewal",
    "quotedDownPayment": "281.17",
    "policyTerm": "12",
    "payPlan": "12PayRNEFT",
    "writtenPremium": "2853",
    "feeAmount": "61.52",
    "writtenPremiumWFees": "2914.52",
    "billedAmount": "2397.17",
    "billedFeeAmount": "61.52",
    "totalBilledAmount": "2458.69",
    "yetToBeBilledAmount": "455.83",
    "receiptAmount": "768.69",
    "currentDueAmount": "1690.00",
    "remainBalanceAmount": "2145.83",
    "writeOffAmount": "0.00",
    "lastActivityAmount": "08/22/2017",
    "lastBilledDate": "08/22/2017"
  },
  {
    "agencyCode": "26892",
    "owner": "NSA_CA.",
    "productNumber": "1",
    "product": "Private Passenger",
    "stateAbbreviation": "CA",
    "policyID": "104600944218001",
    "version": "4",
    "changeNumber": "2",
    "nameInsured": "Anikwem, James Chine",
    "homePhone": "(310) 491-6487",
    "workPhone": null,
    "email": null,
    "effectiveDate": "04/05/2017",
    "expirationDate": null,
    "cancelDate": "12/13/2017",
    "cancelSourceCode": "NONPAY",
    "companyNumber": "60",
    "rateDate": "04/05/2017",
    "producerNumber": "10460",
    "versionStatus": "Cancel Pending",
    "versionType": "Renewal",
    "quotedDownPayment": "300",
    "policyTerm": "12",
    "payPlan": "12-PayRNDB",
    "writtenPremium": "1365",
    "feeAmount": "53.52",
    "writtenPremiumWFees": "1418.52",
    "billedAmount": "1258.50",
    "billedFeeAmount": "53.52",
    "totalBilledAmount": "1312.02",
    "yetToBeBilledAmount": "106.50",
    "receiptAmount": "420.00",
    "currentDueAmount": "892.02",
    "remainBalanceAmount": "998.52",
    "writeOffAmount": "0.00",
    "lastActivityAmount": "08/22/2017",
    "lastBilledDate": "08/22/2017"
  },
  {
    "agencyCode": "26892",
    "owner": "NSA_CA.",
    "productNumber": "1",
    "product": "Private Passenger",
    "stateAbbreviation": "CA",
    "policyID": "104600945585001",
    "version": "5",
    "changeNumber": "2",
    "nameInsured": "Barrios, Jorge Alberto",
    "homePhone": "(562) 477-0222",
    "workPhone": null,
    "email": null,
    "effectiveDate": "03/17/2017",
    "expirationDate": null,
    "cancelDate": "12/13/2017",
    "cancelSourceCode": "NONPAY",
    "companyNumber": "60",
    "rateDate": "03/17/2017",
    "producerNumber": "10460",
    "versionStatus": "Cancel Pending",
    "versionType": "Renewal",
    "quotedDownPayment": "69.24",
    "policyTerm": "12",
    "payPlan": "12-PayRNDB",
    "writtenPremium": "510",
    "feeAmount": "46.76",
    "writtenPremiumWFees": "556.76",
    "billedAmount": "397.09",
    "billedFeeAmount": "46.76",
    "totalBilledAmount": "443.85",
    "yetToBeBilledAmount": "112.91",
    "receiptAmount": "121.76",
    "currentDueAmount": "322.09",
    "remainBalanceAmount": "435.00",
    "writeOffAmount": "0.00",
    "lastActivityAmount": "08/22/2017",
    "lastBilledDate": "08/22/2017"
  },
  {
    "agencyCode": "26892",
    "owner": "NSA_CA.",
    "productNumber": "1",
    "product": "Private Passenger",
    "stateAbbreviation": "CA",
    "policyID": "104600945626001",
    "version": "4",
    "changeNumber": "2",
    "nameInsured": "Zalaya, Rosa Alba",
    "homePhone": "(310) 908-2145",
    "workPhone": null,
    "email": null,
    "effectiveDate": "03/07/2017",
    "expirationDate": null,
    "cancelDate": "12/13/2017",
    "cancelSourceCode": "NONPAY",
    "companyNumber": "60",
    "rateDate": "03/07/2017",
    "producerNumber": "10460",
    "versionStatus": "Cancel Pending",
    "versionType": "Renewal",
    "quotedDownPayment": "54.66",
    "policyTerm": "12",
    "payPlan": "12PayRNEFT",
    "writtenPremium": "395",
    "feeAmount": "39.76",
    "writtenPremiumWFees": "434.76",
    "billedAmount": "308.10",
    "billedFeeAmount": "39.76",
    "totalBilledAmount": "347.86",
    "yetToBeBilledAmount": "86.90",
    "receiptAmount": "132.50",
    "currentDueAmount": "215.36",
    "remainBalanceAmount": "302.26",
    "writeOffAmount": "0.00",
    "lastActivityAmount": "08/22/2017",
    "lastBilledDate": "08/22/2017"
  },
  {
    "agencyCode": "26892",
    "owner": "NSA_CA.",
    "productNumber": "1",
    "product": "Private Passenger",
    "stateAbbreviation": "CA",
    "policyID": "104600946921001",
    "version": "4",
    "changeNumber": "2",
    "nameInsured": "Guzman, Norma Alice",
    "homePhone": "(562) 200-8935",
    "workPhone": null,
    "email": null,
    "effectiveDate": "03/10/2017",
    "expirationDate": null,
    "cancelDate": "12/13/2017",
    "cancelSourceCode": "NONPAY",
    "companyNumber": "60",
    "rateDate": "03/10/2017",
    "producerNumber": "10460",
    "versionStatus": "Cancel Pending",
    "versionType": "Renewal",
    "quotedDownPayment": "96.48",
    "policyTerm": "12",
    "payPlan": "12PayRNEFT",
    "writtenPremium": "897",
    "feeAmount": "39.76",
    "writtenPremiumWFees": "936.76",
    "billedAmount": "684.62",
    "billedFeeAmount": "39.76",
    "totalBilledAmount": "724.38",
    "yetToBeBilledAmount": "212.38",
    "receiptAmount": "258.00",
    "currentDueAmount": "466.38",
    "remainBalanceAmount": "678.76",
    "writeOffAmount": "0.00",
    "lastActivityAmount": "08/22/2017",
    "lastBilledDate": "08/22/2017"
  },
  {
    "agencyCode": "26892",
    "owner": "NSA_CA.",
    "productNumber": "1",
    "product": "Private Passenger",
    "stateAbbreviation": "CA",
    "policyID": "104600947319001",
    "version": "4",
    "changeNumber": "2",
    "nameInsured": "Martinez, Valerie",
    "homePhone": "(310) 359-3043",
    "workPhone": null,
    "email": null,
    "effectiveDate": "03/10/2017",
    "expirationDate": null,
    "cancelDate": "12/13/2017",
    "cancelSourceCode": "NONPAY",
    "companyNumber": "60",
    "rateDate": "03/10/2017",
    "producerNumber": "10460",
    "versionStatus": "Cancel Pending",
    "versionType": "Renewal",
    "quotedDownPayment": "148.96",
    "policyTerm": "12",
    "payPlan": "12PayRNEFT",
    "writtenPremium": "1527",
    "feeAmount": "39.76",
    "writtenPremiumWFees": "1566.76",
    "billedAmount": "1157.08",
    "billedFeeAmount": "39.76",
    "totalBilledAmount": "1196.84",
    "yetToBeBilledAmount": "369.92",
    "receiptAmount": "415.48",
    "currentDueAmount": "781.36",
    "remainBalanceAmount": "1151.28",
    "writeOffAmount": "0.00",
    "lastActivityAmount": "08/22/2017",
    "lastBilledDate": "08/22/2017"
  },
  {
    "agencyCode": "26892",
    "owner": "NSA_CA.",
    "productNumber": "1",
    "product": "Private Passenger",
    "stateAbbreviation": "CA",
    "policyID": "104600949442001",
    "version": "4",
    "changeNumber": "2",
    "nameInsured": "Gutierrez Vazquez, Moises",
    "homePhone": "(424) 244-5314",
    "workPhone": null,
    "email": null,
    "effectiveDate": "03/14/2017",
    "expirationDate": null,
    "cancelDate": "12/13/2017",
    "cancelSourceCode": "NONPAY",
    "companyNumber": "60",
    "rateDate": "03/14/2017",
    "producerNumber": "10460",
    "versionStatus": "Cancel Pending",
    "versionType": "Renewal",
    "quotedDownPayment": "76.32",
    "policyTerm": "12",
    "payPlan": "12PayRNEFT",
    "writtenPremium": "595",
    "feeAmount": "44.76",
    "writtenPremiumWFees": "639.76",
    "billedAmount": "460.84",
    "billedFeeAmount": "44.76",
    "totalBilledAmount": "505.60",
    "yetToBeBilledAmount": "134.16",
    "receiptAmount": "187.50",
    "currentDueAmount": "318.10",
    "remainBalanceAmount": "452.26",
    "writeOffAmount": "0.00",
    "lastActivityAmount": "08/22/2017",
    "lastBilledDate": "08/22/2017"
  },
  {
    "agencyCode": "26892",
    "owner": "NSA_CA.",
    "productNumber": "1",
    "product": "Private Passenger",
    "stateAbbreviation": "CA",
    "policyID": "104600949635001",
    "version": "5",
    "changeNumber": "6",
    "nameInsured": "Rodriguez, William Benavidez",
    "homePhone": "(714) 818-7373",
    "workPhone": null,
    "email": null,
    "effectiveDate": "03/05/2017",
    "expirationDate": null,
    "cancelDate": "12/13/2017",
    "cancelSourceCode": "NONPAY",
    "companyNumber": "60",
    "rateDate": "03/05/2017",
    "producerNumber": "10460",
    "versionStatus": "Cancel Pending",
    "versionType": "Renewal",
    "quotedDownPayment": "158.54",
    "policyTerm": "12",
    "payPlan": "12-PayRNDB",
    "writtenPremium": "1642",
    "feeAmount": "73.76",
    "writtenPremiumWFees": "1715.76",
    "billedAmount": "1515.00",
    "billedFeeAmount": "73.76",
    "totalBilledAmount": "1588.76",
    "yetToBeBilledAmount": "127.00",
    "receiptAmount": "458.22",
    "currentDueAmount": "1130.54",
    "remainBalanceAmount": "1257.54",
    "writeOffAmount": "0.00",
    "lastActivityAmount": "08/22/2017",
    "lastBilledDate": "08/22/2017"
  },
  {
    "agencyCode": "26892",
    "owner": "NSA_CA.",
    "productNumber": "1",
    "product": "Private Passenger",
    "stateAbbreviation": "CA",
    "policyID": "104600950142001",
    "version": "4",
    "changeNumber": "2",
    "nameInsured": "Garay, Nancy M Saavedra",
    "homePhone": "(424) 224-8778",
    "workPhone": null,
    "email": "NSAAVEDRA20@YAHOO.COM",
    "effectiveDate": "03/15/2017",
    "expirationDate": null,
    "cancelDate": "12/13/2017",
    "cancelSourceCode": "NONPAY",
    "companyNumber": "60",
    "rateDate": "03/15/2017",
    "producerNumber": "10460",
    "versionStatus": "Cancel Pending",
    "versionType": "Renewal",
    "quotedDownPayment": "140.05",
    "policyTerm": "12",
    "payPlan": "12-PayRNDB",
    "writtenPremium": "1420",
    "feeAmount": "51.76",
    "writtenPremiumWFees": "1471.76",
    "billedAmount": "1076.82",
    "billedFeeAmount": "51.76",
    "totalBilledAmount": "1128.58",
    "yetToBeBilledAmount": "343.18",
    "receiptAmount": "396.73",
    "currentDueAmount": "731.85",
    "remainBalanceAmount": "1075.03",
    "writeOffAmount": "0.00",
    "lastActivityAmount": "08/22/2017",
    "lastBilledDate": "08/22/2017"
  },
  {
    "agencyCode": "26892",
    "owner": "NSA_CA.",
    "productNumber": "1",
    "product": "Private Passenger",
    "stateAbbreviation": "CA",
    "policyID": "104600953704001",
    "version": "4",
    "changeNumber": "2",
    "nameInsured": "Jones, Lakesha",
    "homePhone": "(323) 906-4975",
    "workPhone": null,
    "email": null,
    "effectiveDate": "03/22/2017",
    "expirationDate": null,
    "cancelDate": "12/13/2017",
    "cancelSourceCode": "NONPAY",
    "companyNumber": "60",
    "rateDate": "03/22/2017",
    "producerNumber": "10460",
    "versionStatus": "Cancel Pending",
    "versionType": "Renewal",
    "quotedDownPayment": "223.29",
    "policyTerm": "12",
    "payPlan": "12PayRNEFT",
    "writtenPremium": "2317",
    "feeAmount": "48.28",
    "writtenPremiumWFees": "2365.28",
    "billedAmount": "1754.18",
    "billedFeeAmount": "48.28",
    "totalBilledAmount": "1802.46",
    "yetToBeBilledAmount": "562.82",
    "receiptAmount": "422.38",
    "currentDueAmount": "1380.08",
    "remainBalanceAmount": "1942.90",
    "writeOffAmount": "0.00",
    "lastActivityAmount": "08/22/2017",
    "lastBilledDate": "08/22/2017"
  },
  {
    "agencyCode": "26892",
    "owner": "NSA_CA.",
    "productNumber": "1",
    "product": "Private Passenger",
    "stateAbbreviation": "CA",
    "policyID": "104600954116001",
    "version": "4",
    "changeNumber": "2",
    "nameInsured": "Abolghassem, Ali Akbar",
    "homePhone": "(310) 217-1101",
    "workPhone": null,
    "email": null,
    "effectiveDate": "03/24/2017",
    "expirationDate": null,
    "cancelDate": "12/13/2017",
    "cancelSourceCode": "NONPAY",
    "companyNumber": "60",
    "rateDate": "03/24/2017",
    "producerNumber": "10460",
    "versionStatus": "Cancel Pending",
    "versionType": "Renewal",
    "quotedDownPayment": "99.24",
    "policyTerm": "12",
    "payPlan": "12PayRNEFT",
    "writtenPremium": "690",
    "feeAmount": "59.76",
    "writtenPremiumWFees": "749.76",
    "billedAmount": "540.29",
    "billedFeeAmount": "59.76",
    "totalBilledAmount": "600.05",
    "yetToBeBilledAmount": "149.71",
    "receiptAmount": "162.75",
    "currentDueAmount": "437.30",
    "remainBalanceAmount": "587.01",
    "writeOffAmount": "0.00",
    "lastActivityAmount": "08/22/2017",
    "lastBilledDate": "08/22/2017"
  },
  {
    "agencyCode": "26892",
    "owner": "NSA_CA.",
    "productNumber": "1",
    "product": "Private Passenger",
    "stateAbbreviation": "CA",
    "policyID": "104600955544001",
    "version": "4",
    "changeNumber": "5",
    "nameInsured": "Avila Gonzalez, Maria De Los Angel",
    "homePhone": "(323) 572-2063",
    "workPhone": null,
    "email": null,
    "effectiveDate": "03/26/2017",
    "expirationDate": null,
    "cancelDate": "12/13/2017",
    "cancelSourceCode": "NONPAY",
    "companyNumber": "60",
    "rateDate": "03/26/2017",
    "producerNumber": "10460",
    "versionStatus": "Cancel Pending",
    "versionType": "Renewal",
    "quotedDownPayment": "107.33",
    "policyTerm": "12",
    "payPlan": "12PayRNEFT",
    "writtenPremium": "766",
    "feeAmount": "61.52",
    "writtenPremiumWFees": "827.52",
    "billedAmount": "598.22",
    "billedFeeAmount": "61.52",
    "totalBilledAmount": "659.74",
    "yetToBeBilledAmount": "167.78",
    "receiptAmount": "177.17",
    "currentDueAmount": "482.57",
    "remainBalanceAmount": "650.35",
    "writeOffAmount": "0.00",
    "lastActivityAmount": "08/22/2017",
    "lastBilledDate": "08/22/2017"
  },
  {
    "agencyCode": "26892",
    "owner": "NSA_CA.",
    "productNumber": "1",
    "product": "Private Passenger",
    "stateAbbreviation": "CA",
    "policyID": "104600955722001",
    "version": "5",
    "changeNumber": "2",
    "nameInsured": "Giles, Nicole Marie",
    "homePhone": "(310) 999-5944",
    "workPhone": null,
    "email": null,
    "effectiveDate": "04/26/2017",
    "expirationDate": null,
    "cancelDate": "12/13/2017",
    "cancelSourceCode": "NONPAY",
    "companyNumber": "60",
    "rateDate": "04/26/2017",
    "producerNumber": "10460",
    "versionStatus": "Cancel Pending",
    "versionType": "Renewal",
    "quotedDownPayment": "205.44",
    "policyTerm": "12",
    "payPlan": "12-PayRNDB",
    "writtenPremium": "1965",
    "feeAmount": "61.76",
    "writtenPremiumWFees": "2026.76",
    "billedAmount": "1172.72",
    "billedFeeAmount": "61.76",
    "totalBilledAmount": "1234.48",
    "yetToBeBilledAmount": "792.28",
    "receiptAmount": "205.44",
    "currentDueAmount": "1029.04",
    "remainBalanceAmount": "1821.32",
    "writeOffAmount": "0.00",
    "lastActivityAmount": "08/22/2017",
    "lastBilledDate": "08/22/2017"
  },
  {
    "agencyCode": "26892",
    "owner": "NSA_CA.",
    "productNumber": "1",
    "product": "Private Passenger",
    "stateAbbreviation": "CA",
    "policyID": "104600956815001",
    "version": "4",
    "changeNumber": "2",
    "nameInsured": "Avalos, Jesus Martin",
    "homePhone": "(661) 390-0502",
    "workPhone": null,
    "email": null,
    "effectiveDate": "03/29/2017",
    "expirationDate": null,
    "cancelDate": "12/13/2017",
    "cancelSourceCode": "NONPAY",
    "companyNumber": "60",
    "rateDate": "03/29/2017",
    "producerNumber": "10460",
    "versionStatus": "Cancel Pending",
    "versionType": "Renewal",
    "quotedDownPayment": "236.87",
    "policyTerm": "12",
    "payPlan": "12PayRNEFT",
    "writtenPremium": "2300",
    "feeAmount": "63.28",
    "writtenPremiumWFees": "2363.28",
    "billedAmount": "1749.62",
    "billedFeeAmount": "63.28",
    "totalBilledAmount": "1812.90",
    "yetToBeBilledAmount": "550.38",
    "receiptAmount": "434.55",
    "currentDueAmount": "1378.35",
    "remainBalanceAmount": "1928.73",
    "writeOffAmount": "0.00",
    "lastActivityAmount": "08/22/2017",
    "lastBilledDate": "08/22/2017"
  },
  {
    "agencyCode": "26892",
    "owner": "NSA_CA.",
    "productNumber": "1",
    "product": "Private Passenger",
    "stateAbbreviation": "CA",
    "policyID": "104600957018001",
    "version": "4",
    "changeNumber": "2",
    "nameInsured": "Molina-reyes, Juan",
    "homePhone": "(310) 498-6415",
    "workPhone": null,
    "email": null,
    "effectiveDate": "05/04/2017",
    "expirationDate": null,
    "cancelDate": "12/13/2017",
    "cancelSourceCode": "NONPAY",
    "companyNumber": "60",
    "rateDate": "05/04/2017",
    "producerNumber": "10460",
    "versionStatus": "Cancel Pending",
    "versionType": "Renewal",
    "quotedDownPayment": "66.66",
    "policyTerm": "12",
    "payPlan": "12-PayRNDB",
    "writtenPremium": "720",
    "feeAmount": "53.52",
    "writtenPremiumWFees": "773.52",
    "billedAmount": "297.34",
    "billedFeeAmount": "46.76",
    "totalBilledAmount": "344.10",
    "yetToBeBilledAmount": "429.42",
    "receiptAmount": "66.66",
    "currentDueAmount": "277.44",
    "remainBalanceAmount": "706.86",
    "writeOffAmount": "0.00",
    "lastActivityAmount": "08/29/2017",
    "lastBilledDate": "08/22/2017"
  },
  {
    "agencyCode": "26892",
    "owner": "NSA_CA.",
    "productNumber": "1",
    "product": "Private Passenger",
    "stateAbbreviation": "CA",
    "policyID": "104600959812001",
    "version": "4",
    "changeNumber": "2",
    "nameInsured": "Jackson, Nicole Evette",
    "homePhone": "(323) 439-4489",
    "workPhone": null,
    "email": null,
    "effectiveDate": "04/03/2017",
    "expirationDate": null,
    "cancelDate": "12/13/2017",
    "cancelSourceCode": "NONPAY",
    "companyNumber": "60",
    "rateDate": "04/03/2017",
    "producerNumber": "10460",
    "versionStatus": "Cancel Pending",
    "versionType": "Renewal",
    "quotedDownPayment": "77.74",
    "policyTerm": "12",
    "payPlan": "12PayRNEFT",
    "writtenPremium": "672",
    "feeAmount": "33.76",
    "writtenPremiumWFees": "705.76",
    "billedAmount": "459.87",
    "billedFeeAmount": "33.76",
    "totalBilledAmount": "493.63",
    "yetToBeBilledAmount": "212.13",
    "receiptAmount": "139.75",
    "currentDueAmount": "353.88",
    "remainBalanceAmount": "566.01",
    "writeOffAmount": "0.00",
    "lastActivityAmount": "08/22/2017",
    "lastBilledDate": "08/22/2017"
  },
  {
    "agencyCode": "26892",
    "owner": "NSA_CA.",
    "productNumber": "1",
    "product": "Private Passenger",
    "stateAbbreviation": "CA",
    "policyID": "104600961902001",
    "version": "4",
    "changeNumber": "2",
    "nameInsured": "Mejia Rodriguez, Teresa",
    "homePhone": "(310) 677-3904",
    "workPhone": null,
    "email": null,
    "effectiveDate": "04/08/2017",
    "expirationDate": null,
    "cancelDate": "12/13/2017",
    "cancelSourceCode": "NONPAY",
    "companyNumber": "60",
    "rateDate": "04/08/2017",
    "producerNumber": "10460",
    "versionStatus": "Cancel Pending",
    "versionType": "Renewal",
    "quotedDownPayment": "155.89",
    "policyTerm": "12",
    "payPlan": "12PayRNEFT",
    "writtenPremium": "1529",
    "feeAmount": "40.52",
    "writtenPremiumWFees": "1569.52",
    "billedAmount": "910.01",
    "billedFeeAmount": "40.52",
    "totalBilledAmount": "950.53",
    "yetToBeBilledAmount": "618.99",
    "receiptAmount": "289.32",
    "currentDueAmount": "661.21",
    "remainBalanceAmount": "1280.20",
    "writeOffAmount": "0.00",
    "lastActivityAmount": "08/22/2017",
    "lastBilledDate": "08/22/2017"
  },
  {
    "agencyCode": "26892",
    "owner": "NSA_CA.",
    "productNumber": "1",
    "product": "Private Passenger",
    "stateAbbreviation": "CA",
    "policyID": "104600962863001",
    "version": "4",
    "changeNumber": "2",
    "nameInsured": "Mccorvey, Isaac Lonzo",
    "homePhone": "(323) 384-7525",
    "workPhone": null,
    "email": null,
    "effectiveDate": "04/24/2017",
    "expirationDate": null,
    "cancelDate": "12/13/2017",
    "cancelSourceCode": "NONPAY",
    "companyNumber": "60",
    "rateDate": "04/24/2017",
    "producerNumber": "10460",
    "versionStatus": "Cancel Pending",
    "versionType": "Renewal",
    "quotedDownPayment": "87.41",
    "policyTerm": "12",
    "payPlan": "12-PayRNDB",
    "writtenPremium": "767",
    "feeAmount": "43.52",
    "writtenPremiumWFees": "810.52",
    "billedAmount": "462.35",
    "billedFeeAmount": "43.52",
    "totalBilledAmount": "505.87",
    "yetToBeBilledAmount": "304.65",
    "receiptAmount": "87.41",
    "currentDueAmount": "418.46",
    "remainBalanceAmount": "723.11",
    "writeOffAmount": "0.00",
    "lastActivityAmount": "08/22/2017",
    "lastBilledDate": "08/22/2017"
  },
  {
    "agencyCode": "26892",
    "owner": "NSA_CA.",
    "productNumber": "1",
    "product": "Private Passenger",
    "stateAbbreviation": "CA",
    "policyID": "104600963742001",
    "version": "4",
    "changeNumber": "2",
    "nameInsured": "Arredondo, Raymundo Alberto Jr",
    "homePhone": "(310) 857-9073",
    "workPhone": null,
    "email": null,
    "effectiveDate": "03/10/2017",
    "expirationDate": null,
    "cancelDate": "12/13/2017",
    "cancelSourceCode": "NONPAY",
    "companyNumber": "63",
    "rateDate": "03/10/2017",
    "producerNumber": "10460",
    "versionStatus": "Cancel Pending",
    "versionType": "Renewal",
    "quotedDownPayment": "235.28",
    "policyTerm": "12",
    "payPlan": "12PayRNEFT",
    "writtenPremium": "2521",
    "feeAmount": "43.28",
    "writtenPremiumWFees": "2564.28",
    "billedAmount": "1904.45",
    "billedFeeAmount": "43.28",
    "totalBilledAmount": "1947.73",
    "yetToBeBilledAmount": "616.55",
    "receiptAmount": "667.47",
    "currentDueAmount": "1280.26",
    "remainBalanceAmount": "1896.81",
    "writeOffAmount": "0.00",
    "lastActivityAmount": "08/22/2017",
    "lastBilledDate": "08/22/2017"
  },
  {
    "agencyCode": "26892",
    "owner": "NSA_CA.",
    "productNumber": "1",
    "product": "Private Passenger",
    "stateAbbreviation": "CA",
    "policyID": "104600965081001",
    "version": "4",
    "changeNumber": "2",
    "nameInsured": "Dixon, Tameka Niesha",
    "homePhone": "(323) 392-3714",
    "workPhone": null,
    "email": null,
    "effectiveDate": "04/14/2017",
    "expirationDate": null,
    "cancelDate": "12/13/2017",
    "cancelSourceCode": "NONPAY",
    "companyNumber": "60",
    "rateDate": "04/14/2017",
    "producerNumber": "10460",
    "versionStatus": "Cancel Pending",
    "versionType": "Renewal",
    "quotedDownPayment": "74.24",
    "policyTerm": "12",
    "payPlan": "12PayRNEFT",
    "writtenPremium": "630",
    "feeAmount": "33.76",
    "writtenPremiumWFees": "663.76",
    "billedAmount": "381.35",
    "billedFeeAmount": "33.76",
    "totalBilledAmount": "415.11",
    "yetToBeBilledAmount": "248.65",
    "receiptAmount": "132.75",
    "currentDueAmount": "282.36",
    "remainBalanceAmount": "531.01",
    "writeOffAmount": "0.00",
    "lastActivityAmount": "08/22/2017",
    "lastBilledDate": "08/22/2017"
  },
  {
    "agencyCode": "26892",
    "owner": "NSA_CA.",
    "productNumber": "1",
    "product": "Private Passenger",
    "stateAbbreviation": "CA",
    "policyID": "104600965668001",
    "version": "4",
    "changeNumber": "2",
    "nameInsured": "Garcia, Francisco",
    "homePhone": "(323) 900-9520",
    "workPhone": null,
    "email": null,
    "effectiveDate": "04/15/2017",
    "expirationDate": null,
    "cancelDate": "12/13/2017",
    "cancelSourceCode": "NONPAY",
    "companyNumber": "60",
    "rateDate": "04/15/2017",
    "producerNumber": "10460",
    "versionStatus": "Cancel Pending",
    "versionType": "Renewal",
    "quotedDownPayment": "70",
    "policyTerm": "12",
    "payPlan": "12-PayRNDB",
    "writtenPremium": "513",
    "feeAmount": "56.76",
    "writtenPremiumWFees": "569.76",
    "billedAmount": "359.77",
    "billedFeeAmount": "62.76",
    "totalBilledAmount": "422.53",
    "yetToBeBilledAmount": "147.23",
    "receiptAmount": "134.42",
    "currentDueAmount": "288.11",
    "remainBalanceAmount": "435.34",
    "writeOffAmount": "0.00",
    "lastActivityAmount": "08/29/2017",
    "lastBilledDate": "08/29/2017"
  },
  {
    "agencyCode": "26892",
    "owner": "NSA_CA.",
    "productNumber": "1",
    "product": "Private Passenger",
    "stateAbbreviation": "CA",
    "policyID": "104600965985001",
    "version": "4",
    "changeNumber": "2",
    "nameInsured": "Love, Glenda L",
    "homePhone": "(323) 448-8931",
    "workPhone": null,
    "email": null,
    "effectiveDate": "04/16/2017",
    "expirationDate": null,
    "cancelDate": "12/13/2017",
    "cancelSourceCode": "NONPAY",
    "companyNumber": "60",
    "rateDate": "04/16/2017",
    "producerNumber": "10460",
    "versionStatus": "Cancel Pending",
    "versionType": "Renewal",
    "quotedDownPayment": "116.31",
    "policyTerm": "12",
    "payPlan": "12PayRNEFT",
    "writtenPremium": "1135",
    "feeAmount": "33.76",
    "writtenPremiumWFees": "1168.76",
    "billedAmount": "675.89",
    "billedFeeAmount": "33.76",
    "totalBilledAmount": "709.65",
    "yetToBeBilledAmount": "459.11",
    "receiptAmount": "216.90",
    "currentDueAmount": "492.75",
    "remainBalanceAmount": "951.86",
    "writeOffAmount": "0.00",
    "lastActivityAmount": "08/22/2017",
    "lastBilledDate": "08/22/2017"
  },
  {
    "agencyCode": "26892",
    "owner": "NSA_CA.",
    "productNumber": "1",
    "product": "Private Passenger",
    "stateAbbreviation": "CA",
    "policyID": "104600967366001",
    "version": "4",
    "changeNumber": "2",
    "nameInsured": "Barrios Sanchez, Mirza Angelica",
    "homePhone": "(310) 514-6958",
    "workPhone": "(310) 227-9712",
    "email": null,
    "effectiveDate": "04/18/2017",
    "expirationDate": null,
    "cancelDate": "12/13/2017",
    "cancelSourceCode": "NONPAY",
    "companyNumber": "60",
    "rateDate": "04/18/2017",
    "producerNumber": "10460",
    "versionStatus": "Cancel Pending",
    "versionType": "Renewal",
    "quotedDownPayment": "85.58",
    "policyTerm": "12",
    "payPlan": "12PayRNEFT",
    "writtenPremium": "685",
    "feeAmount": "40.52",
    "writtenPremiumWFees": "725.52",
    "billedAmount": "417.72",
    "billedFeeAmount": "40.52",
    "totalBilledAmount": "458.24",
    "yetToBeBilledAmount": "267.28",
    "receiptAmount": "148.67",
    "currentDueAmount": "309.57",
    "remainBalanceAmount": "576.85",
    "writeOffAmount": "0.00",
    "lastActivityAmount": "08/22/2017",
    "lastBilledDate": "08/22/2017"
  },
  {
    "agencyCode": "26892",
    "owner": "NSA_CA.",
    "productNumber": "1",
    "product": "Private Passenger",
    "stateAbbreviation": "CA",
    "policyID": "104600967797001",
    "version": "4",
    "changeNumber": "2",
    "nameInsured": "Ayon-godinez, Consuelo Guadalupe",
    "homePhone": "(310) 658-0888",
    "workPhone": null,
    "email": null,
    "effectiveDate": "12/23/2016",
    "expirationDate": null,
    "cancelDate": "12/13/2017",
    "cancelSourceCode": "NONPAY",
    "companyNumber": "60",
    "rateDate": "12/23/2016",
    "producerNumber": "10460",
    "versionStatus": "Cancel Pending",
    "versionType": "Renewal",
    "quotedDownPayment": "105.73",
    "policyTerm": "12",
    "payPlan": "12-Pay REN",
    "writtenPremium": "948",
    "feeAmount": "86.76",
    "writtenPremiumWFees": "1034.76",
    "billedAmount": "1192.29",
    "billedFeeAmount": "86.76",
    "totalBilledAmount": "1279.05",
    "yetToBeBilledAmount": "-244.29",
    "receiptAmount": "462.09",
    "currentDueAmount": "572.67",
    "remainBalanceAmount": "572.67",
    "writeOffAmount": "0.00",
    "lastActivityAmount": "08/22/2017",
    "lastBilledDate": "08/22/2017"
  },
  {
    "agencyCode": "26892",
    "owner": "NSA_CA.",
    "productNumber": "1",
    "product": "Private Passenger",
    "stateAbbreviation": "CA",
    "policyID": "104600971096001",
    "version": "4",
    "changeNumber": "2",
    "nameInsured": "Abernathy, Percy J",
    "homePhone": "(323) 296-3711",
    "workPhone": null,
    "email": null,
    "effectiveDate": "05/12/2017",
    "expirationDate": null,
    "cancelDate": "12/13/2017",
    "cancelSourceCode": "NONPAY",
    "companyNumber": "60",
    "rateDate": "05/12/2017",
    "producerNumber": "10460",
    "versionStatus": "Cancel Pending",
    "versionType": "Renewal",
    "quotedDownPayment": "127.38",
    "policyTerm": "12",
    "payPlan": "12-PayRNDB",
    "writtenPremium": "1268",
    "feeAmount": "31.76",
    "writtenPremiumWFees": "1299.76",
    "billedAmount": "544.10",
    "billedFeeAmount": "31.76",
    "totalBilledAmount": "575.86",
    "yetToBeBilledAmount": "723.90",
    "receiptAmount": "127.38",
    "currentDueAmount": "448.48",
    "remainBalanceAmount": "1172.38",
    "writeOffAmount": "0.00",
    "lastActivityAmount": "08/22/2017",
    "lastBilledDate": "08/22/2017"
  },
  {
    "agencyCode": "26892",
    "owner": "NSA_CA.",
    "productNumber": "1",
    "product": "Private Passenger",
    "stateAbbreviation": "CA",
    "policyID": "104600971162001",
    "version": "4",
    "changeNumber": "2",
    "nameInsured": "Cabellos, Maximiliano",
    "homePhone": "(323) 219-3135",
    "workPhone": null,
    "email": null,
    "effectiveDate": "04/26/2017",
    "expirationDate": null,
    "cancelDate": "12/13/2017",
    "cancelSourceCode": "NONPAY",
    "companyNumber": "60",
    "rateDate": "04/26/2017",
    "producerNumber": "10460",
    "versionStatus": "Cancel Pending",
    "versionType": "Renewal",
    "quotedDownPayment": "124.97",
    "policyTerm": "12",
    "payPlan": "12PayRNEFT",
    "writtenPremium": "1239",
    "feeAmount": "33.76",
    "writtenPremiumWFees": "1272.76",
    "billedAmount": "736.56",
    "billedFeeAmount": "33.76",
    "totalBilledAmount": "770.32",
    "yetToBeBilledAmount": "502.44",
    "receiptAmount": "124.97",
    "currentDueAmount": "645.35",
    "remainBalanceAmount": "1147.79",
    "writeOffAmount": "0.00",
    "lastActivityAmount": "08/22/2017",
    "lastBilledDate": "08/22/2017"
  },
  {
    "agencyCode": "26892",
    "owner": "NSA_CA.",
    "productNumber": "1",
    "product": "Private Passenger",
    "stateAbbreviation": "CA",
    "policyID": "104600973242001",
    "version": "4",
    "changeNumber": "2",
    "nameInsured": "Alanis-soto, Lorena",
    "homePhone": "(310) 525-8092",
    "workPhone": null,
    "email": null,
    "effectiveDate": "05/10/2017",
    "expirationDate": null,
    "cancelDate": "12/13/2017",
    "cancelSourceCode": "NONPAY",
    "companyNumber": "60",
    "rateDate": "05/10/2017",
    "producerNumber": "10460",
    "versionStatus": "Cancel Pending",
    "versionType": "Renewal",
    "quotedDownPayment": "102.99",
    "policyTerm": "12",
    "payPlan": "12-PayRNDB",
    "writtenPremium": "735",
    "feeAmount": "51.76",
    "writtenPremiumWFees": "786.76",
    "billedAmount": "394.06",
    "billedFeeAmount": "51.76",
    "totalBilledAmount": "445.82",
    "yetToBeBilledAmount": "340.94",
    "receiptAmount": "102.99",
    "currentDueAmount": "342.83",
    "remainBalanceAmount": "683.77",
    "writeOffAmount": "0.00",
    "lastActivityAmount": "08/22/2017",
    "lastBilledDate": "08/22/2017"
  },
  {
    "agencyCode": "26892",
    "owner": "NSA_CA.",
    "productNumber": "1",
    "product": "Private Passenger",
    "stateAbbreviation": "CA",
    "policyID": "104600974721001",
    "version": "4",
    "changeNumber": "2",
    "nameInsured": "Vazquez-dominguez, Paulino",
    "homePhone": "(323) 963-1285",
    "workPhone": null,
    "email": null,
    "effectiveDate": "05/03/2017",
    "expirationDate": null,
    "cancelDate": "12/13/2017",
    "cancelSourceCode": "NONPAY",
    "companyNumber": "60",
    "rateDate": "05/03/2017",
    "producerNumber": "10460",
    "versionStatus": "Cancel Pending",
    "versionType": "Renewal",
    "quotedDownPayment": "66.41",
    "policyTerm": "12",
    "payPlan": "12PayRNEFT",
    "writtenPremium": "476",
    "feeAmount": "32.76",
    "writtenPremiumWFees": "508.76",
    "billedAmount": "255.02",
    "billedFeeAmount": "32.76",
    "totalBilledAmount": "287.78",
    "yetToBeBilledAmount": "220.98",
    "receiptAmount": "69.97",
    "currentDueAmount": "217.81",
    "remainBalanceAmount": "438.79",
    "writeOffAmount": "0.00",
    "lastActivityAmount": "08/22/2017",
    "lastBilledDate": "08/22/2017"
  },
  {
    "agencyCode": "26892",
    "owner": "NSA_CA.",
    "productNumber": "1",
    "product": "Private Passenger",
    "stateAbbreviation": "CA",
    "policyID": "104600975216001",
    "version": "4",
    "changeNumber": "2",
    "nameInsured": "Rehman, Zia Ur",
    "homePhone": "(323) 979-2363",
    "workPhone": null,
    "email": null,
    "effectiveDate": "03/18/2017",
    "expirationDate": null,
    "cancelDate": "12/13/2017",
    "cancelSourceCode": "NONPAY",
    "companyNumber": "63",
    "rateDate": "03/18/2017",
    "producerNumber": "10463",
    "versionStatus": "Cancel Pending",
    "versionType": "Renewal",
    "quotedDownPayment": "107.98",
    "policyTerm": "12",
    "payPlan": "12PayRNEFT",
    "writtenPremium": "975",
    "feeAmount": "44.76",
    "writtenPremiumWFees": "1019.76",
    "billedAmount": "745.82",
    "billedFeeAmount": "44.76",
    "totalBilledAmount": "790.58",
    "yetToBeBilledAmount": "229.18",
    "receiptAmount": "282.50",
    "currentDueAmount": "508.08",
    "remainBalanceAmount": "737.26",
    "writeOffAmount": "0.00",
    "lastActivityAmount": "08/22/2017",
    "lastBilledDate": "08/22/2017"
  },
  {
    "agencyCode": "26892",
    "owner": "NSA_CA.",
    "productNumber": "1",
    "product": "Private Passenger",
    "stateAbbreviation": "CA",
    "policyID": "104600975377001",
    "version": "4",
    "changeNumber": "2",
    "nameInsured": "Correa, Hiter Fernando",
    "homePhone": "(310) 973-7168",
    "workPhone": null,
    "email": null,
    "effectiveDate": "05/05/2017",
    "expirationDate": null,
    "cancelDate": "12/13/2017",
    "cancelSourceCode": "NONPAY",
    "companyNumber": "60",
    "rateDate": "05/05/2017",
    "producerNumber": "10460",
    "versionStatus": "Cancel Pending",
    "versionType": "Renewal",
    "quotedDownPayment": "242.53",
    "policyTerm": "12",
    "payPlan": "12PayRNEFT",
    "writtenPremium": "2608",
    "feeAmount": "31.28",
    "writtenPremiumWFees": "2639.28",
    "billedAmount": "1319.97",
    "billedFeeAmount": "31.28",
    "totalBilledAmount": "1351.25",
    "yetToBeBilledAmount": "1288.03",
    "receiptAmount": "242.53",
    "currentDueAmount": "1108.72",
    "remainBalanceAmount": "2396.75",
    "writeOffAmount": "0.00",
    "lastActivityAmount": "08/22/2017",
    "lastBilledDate": "08/22/2017"
  },
  {
    "agencyCode": "26892",
    "owner": "NSA_CA.",
    "productNumber": "1",
    "product": "Private Passenger",
    "stateAbbreviation": "CA",
    "policyID": "104600978623001",
    "version": "4",
    "changeNumber": "2",
    "nameInsured": "Fariasavalos, Gerardo",
    "homePhone": "(310) 775-7018",
    "workPhone": null,
    "email": "GERARDO.FARIAS0911@YAHOO.COM",
    "effectiveDate": "05/12/2017",
    "expirationDate": null,
    "cancelDate": "12/13/2017",
    "cancelSourceCode": "NONPAY",
    "companyNumber": "60",
    "rateDate": "05/12/2017",
    "producerNumber": "10460",
    "versionStatus": "Cancel Pending",
    "versionType": "Renewal",
    "quotedDownPayment": "60.49",
    "policyTerm": "12",
    "payPlan": "12PayRNEFT",
    "writtenPremium": "465",
    "feeAmount": "27.76",
    "writtenPremiumWFees": "492.76",
    "billedAmount": "209.56",
    "billedFeeAmount": "27.76",
    "totalBilledAmount": "237.32",
    "yetToBeBilledAmount": "255.44",
    "receiptAmount": "60.49",
    "currentDueAmount": "176.83",
    "remainBalanceAmount": "432.27",
    "writeOffAmount": "0.00",
    "lastActivityAmount": "08/22/2017",
    "lastBilledDate": "08/22/2017"
  },
  {
    "agencyCode": "26892",
    "owner": "NSA_CA.",
    "productNumber": "1",
    "product": "Private Passenger",
    "stateAbbreviation": "CA",
    "policyID": "104600980617001",
    "version": "4",
    "changeNumber": "2",
    "nameInsured": "Salazar Brito, Jose Ascencion",
    "homePhone": "(310) 671-4066",
    "workPhone": null,
    "email": null,
    "effectiveDate": "05/15/2017",
    "expirationDate": null,
    "cancelDate": "12/13/2017",
    "cancelSourceCode": "NONPAY",
    "companyNumber": "60",
    "rateDate": "05/15/2017",
    "producerNumber": "10460",
    "versionStatus": "Cancel Pending",
    "versionType": "Renewal",
    "quotedDownPayment": "74.75",
    "policyTerm": "12",
    "payPlan": "12PayRNEFT",
    "writtenPremium": "615",
    "feeAmount": "29.52",
    "writtenPremiumWFees": "644.52",
    "billedAmount": "273.34",
    "billedFeeAmount": "29.52",
    "totalBilledAmount": "302.86",
    "yetToBeBilledAmount": "341.66",
    "receiptAmount": "74.75",
    "currentDueAmount": "228.11",
    "remainBalanceAmount": "569.77",
    "writeOffAmount": "0.00",
    "lastActivityAmount": "08/22/2017",
    "lastBilledDate": "08/22/2017"
  },
  {
    "agencyCode": "26892",
    "owner": "NSA_CA.",
    "productNumber": "1",
    "product": "Private Passenger",
    "stateAbbreviation": "CA",
    "policyID": "104600989496001",
    "version": "4",
    "changeNumber": "5",
    "nameInsured": "Almanza Alcantara, Juan Jose",
    "homePhone": "(310) 672-3759",
    "workPhone": null,
    "email": null,
    "effectiveDate": "03/31/2017",
    "expirationDate": null,
    "cancelDate": "12/13/2017",
    "cancelSourceCode": "NONPAY",
    "companyNumber": "60",
    "rateDate": "03/31/2017",
    "producerNumber": "10460",
    "versionStatus": "Cancel Pending",
    "versionType": "Renewal",
    "quotedDownPayment": "263.12",
    "policyTerm": "12",
    "payPlan": "12-PayRNDB",
    "writtenPremium": "2324",
    "feeAmount": "69.80",
    "writtenPremiumWFees": "2393.80",
    "billedAmount": "1810.08",
    "billedFeeAmount": "69.80",
    "totalBilledAmount": "1879.88",
    "yetToBeBilledAmount": "513.92",
    "receiptAmount": "463.55",
    "currentDueAmount": "1416.33",
    "remainBalanceAmount": "1930.25",
    "writeOffAmount": "0.00",
    "lastActivityAmount": "08/22/2017",
    "lastBilledDate": "08/22/2017"
  },
  {
    "agencyCode": "26892",
    "owner": "NSA_CA.",
    "productNumber": "1",
    "product": "Private Passenger",
    "stateAbbreviation": "CA",
    "policyID": "104600995414001",
    "version": "5",
    "changeNumber": "4",
    "nameInsured": "Arca, Crystal Anne",
    "homePhone": "(310) 766-7752",
    "workPhone": null,
    "email": null,
    "effectiveDate": "01/30/2017",
    "expirationDate": null,
    "cancelDate": "12/13/2017",
    "cancelSourceCode": "NONPAY",
    "companyNumber": "60",
    "rateDate": "01/30/2017",
    "producerNumber": "10460",
    "versionStatus": "Cancel Pending",
    "versionType": "Renewal",
    "quotedDownPayment": "66.49",
    "policyTerm": "12",
    "payPlan": "12PayRNEFT",
    "writtenPremium": "1258",
    "feeAmount": "61.76",
    "writtenPremiumWFees": "1319.76",
    "billedAmount": "1310.66",
    "billedFeeAmount": "61.76",
    "totalBilledAmount": "1372.42",
    "yetToBeBilledAmount": "-52.66",
    "receiptAmount": "425.39",
    "currentDueAmount": "894.37",
    "remainBalanceAmount": "894.37",
    "writeOffAmount": "0.00",
    "lastActivityAmount": "08/22/2017",
    "lastBilledDate": "08/22/2017"
  },
  {
    "agencyCode": "26892",
    "owner": "NSA_CA.",
    "productNumber": "1",
    "product": "Private Passenger",
    "stateAbbreviation": "CA",
    "policyID": "104601022202001",
    "version": "4",
    "changeNumber": "7",
    "nameInsured": "Kanaan, Adel",
    "homePhone": "(424) 230-6748",
    "workPhone": null,
    "email": null,
    "effectiveDate": "12/28/2016",
    "expirationDate": null,
    "cancelDate": "12/13/2017",
    "cancelSourceCode": "NONPAY",
    "companyNumber": "60",
    "rateDate": "12/28/2016",
    "producerNumber": "10460",
    "versionStatus": "Cancel Pending",
    "versionType": "Rewrite",
    "quotedDownPayment": "193.65",
    "policyTerm": "12",
    "payPlan": "12-PayDBRW",
    "writtenPremium": "2707",
    "feeAmount": "125.08",
    "writtenPremiumWFees": "2832.08",
    "billedAmount": "2948.15",
    "billedFeeAmount": "125.08",
    "totalBilledAmount": "3073.23",
    "yetToBeBilledAmount": "-241.15",
    "receiptAmount": "708.61",
    "currentDueAmount": "2123.47",
    "remainBalanceAmount": "2123.47",
    "writeOffAmount": "0.00",
    "lastActivityAmount": "08/22/2017",
    "lastBilledDate": "08/22/2017"
  },
  {
    "agencyCode": "26892",
    "owner": "NSA_CA.",
    "productNumber": "1",
    "product": "Private Passenger",
    "stateAbbreviation": "CA",
    "policyID": "104601032026001",
    "version": "4",
    "changeNumber": "2",
    "nameInsured": "Orange, Kevin Dwayne",
    "homePhone": "(310) 704-0742",
    "workPhone": null,
    "email": null,
    "effectiveDate": "02/09/2017",
    "expirationDate": null,
    "cancelDate": "12/13/2017",
    "cancelSourceCode": "NONPAY",
    "companyNumber": "60",
    "rateDate": "02/09/2017",
    "producerNumber": "10460",
    "versionStatus": "Cancel Pending",
    "versionType": "Renewal",
    "quotedDownPayment": "131.55",
    "policyTerm": "12",
    "payPlan": "12-PayRNDB",
    "writtenPremium": "631",
    "feeAmount": "61.76",
    "writtenPremiumWFees": "692.76",
    "billedAmount": "701.36",
    "billedFeeAmount": "61.76",
    "totalBilledAmount": "763.12",
    "yetToBeBilledAmount": "-70.36",
    "receiptAmount": "303.72",
    "currentDueAmount": "389.04",
    "remainBalanceAmount": "389.04",
    "writeOffAmount": "0.00",
    "lastActivityAmount": "08/22/2017",
    "lastBilledDate": "08/22/2017"
  },
  {
    "agencyCode": "26892",
    "owner": "NSA_CA.",
    "productNumber": "1",
    "product": "Private Passenger",
    "stateAbbreviation": "CA",
    "policyID": "104601032204001",
    "version": "4",
    "changeNumber": "2",
    "nameInsured": "Argueta, Oscar Armando",
    "homePhone": "(310) 283-6537",
    "workPhone": null,
    "email": null,
    "effectiveDate": "01/14/2017",
    "expirationDate": null,
    "cancelDate": "12/13/2017",
    "cancelSourceCode": "NONPAY",
    "companyNumber": "60",
    "rateDate": "01/14/2017",
    "producerNumber": "10460",
    "versionStatus": "Cancel Pending",
    "versionType": "Renewal",
    "quotedDownPayment": "60.99",
    "policyTerm": "12",
    "payPlan": "12-PayRNDB",
    "writtenPremium": "471",
    "feeAmount": "71.76",
    "writtenPremiumWFees": "542.76",
    "billedAmount": "518.17",
    "billedFeeAmount": "71.76",
    "totalBilledAmount": "589.93",
    "yetToBeBilledAmount": "-47.17",
    "receiptAmount": "258.01",
    "currentDueAmount": "284.75",
    "remainBalanceAmount": "284.75",
    "writeOffAmount": "0.00",
    "lastActivityAmount": "08/22/2017",
    "lastBilledDate": "08/22/2017"
  },
  {
    "agencyCode": "26892",
    "owner": "NSA_CA.",
    "productNumber": "1",
    "product": "Private Passenger",
    "stateAbbreviation": "CA",
    "policyID": "104601060954001",
    "version": "4",
    "changeNumber": "2",
    "nameInsured": "Zacarias, Alexander",
    "homePhone": "(562) 587-5870",
    "workPhone": null,
    "email": null,
    "effectiveDate": "03/09/2017",
    "expirationDate": null,
    "cancelDate": "12/13/2017",
    "cancelSourceCode": "NONPAY",
    "companyNumber": "60",
    "rateDate": "03/09/2017",
    "producerNumber": "10460",
    "versionStatus": "Cancel Pending",
    "versionType": "Renewal",
    "quotedDownPayment": "195.88",
    "policyTerm": "12",
    "payPlan": "12PayRNEFT",
    "writtenPremium": "1829",
    "feeAmount": "61.52",
    "writtenPremiumWFees": "1890.52",
    "billedAmount": "1395.45",
    "billedFeeAmount": "61.52",
    "totalBilledAmount": "1456.97",
    "yetToBeBilledAmount": "433.55",
    "receiptAmount": "512.74",
    "currentDueAmount": "944.23",
    "remainBalanceAmount": "1377.78",
    "writeOffAmount": "0.00",
    "lastActivityAmount": "08/22/2017",
    "lastBilledDate": "08/22/2017"
  },
  {
    "agencyCode": "26892",
    "owner": "NSA_CA.",
    "productNumber": "1",
    "product": "Private Passenger",
    "stateAbbreviation": "CA",
    "policyID": "104601070613001",
    "version": "4",
    "changeNumber": "2",
    "nameInsured": "Jimenez, Salvador",
    "homePhone": "(310) 673-1598",
    "workPhone": null,
    "email": null,
    "effectiveDate": "03/28/2017",
    "expirationDate": null,
    "cancelDate": "12/13/2017",
    "cancelSourceCode": "NONPAY",
    "companyNumber": "60",
    "rateDate": "03/28/2017",
    "producerNumber": "10460",
    "versionStatus": "Cancel Pending",
    "versionType": "Renewal",
    "quotedDownPayment": "74.33",
    "policyTerm": "12",
    "payPlan": "12-Pay REN",
    "writtenPremium": "550",
    "feeAmount": "58.52",
    "writtenPremiumWFees": "608.52",
    "billedAmount": "428.05",
    "billedFeeAmount": "58.52",
    "totalBilledAmount": "486.57",
    "yetToBeBilledAmount": "121.95",
    "receiptAmount": "130.17",
    "currentDueAmount": "356.40",
    "remainBalanceAmount": "478.35",
    "writeOffAmount": "0.00",
    "lastActivityAmount": "08/22/2017",
    "lastBilledDate": "08/22/2017"
  },
  {
    "agencyCode": "26892",
    "owner": "NSA_CA.",
    "productNumber": "1",
    "product": "Private Passenger",
    "stateAbbreviation": "CA",
    "policyID": "104630195894001",
    "version": "6",
    "changeNumber": "4",
    "nameInsured": "SMITH, MARANETTA MARTIN",
    "homePhone": "(424) 232-9161",
    "workPhone": "(   )    -",
    "email": null,
    "effectiveDate": "12/22/2016",
    "expirationDate": null,
    "cancelDate": "12/13/2017",
    "cancelSourceCode": "NONPAY",
    "companyNumber": "63",
    "rateDate": "12/22/2016",
    "producerNumber": null,
    "versionStatus": "Cancel Pending",
    "versionType": "Renewal",
    "quotedDownPayment": "176.29",
    "policyTerm": "12",
    "payPlan": "12-PayRNDB",
    "writtenPremium": "1774",
    "feeAmount": "134.52",
    "writtenPremiumWFees": "1908.52",
    "billedAmount": "1626.17",
    "billedFeeAmount": "134.52",
    "totalBilledAmount": "1760.69",
    "yetToBeBilledAmount": "147.83",
    "receiptAmount": "1602.85",
    "currentDueAmount": "157.84",
    "remainBalanceAmount": "305.67",
    "writeOffAmount": "0.00",
    "lastActivityAmount": "10/02/2017",
    "lastBilledDate": "10/02/2017"
  },
  {
    "agencyCode": "26892",
    "owner": "NSA_CA.",
    "productNumber": "1",
    "product": "Private Passenger",
    "stateAbbreviation": "CA",
    "policyID": "104630232655001",
    "version": "6",
    "changeNumber": "5",
    "nameInsured": "Tennell, Tami Sharee",
    "homePhone": "(562) 479-6538",
    "workPhone": null,
    "email": null,
    "effectiveDate": "06/16/2017",
    "expirationDate": null,
    "cancelDate": "12/13/2017",
    "cancelSourceCode": "NONPAY",
    "companyNumber": "63",
    "rateDate": "06/16/2017",
    "producerNumber": "10463",
    "versionStatus": "Cancel Pending",
    "versionType": "Renewal",
    "quotedDownPayment": "107.89",
    "policyTerm": "12",
    "payPlan": "12-PayRNDB",
    "writtenPremium": "1034",
    "feeAmount": "79.76",
    "writtenPremiumWFees": "1113.76",
    "billedAmount": "430.81",
    "billedFeeAmount": "79.76",
    "totalBilledAmount": "510.57",
    "yetToBeBilledAmount": "603.19",
    "receiptAmount": "408.40",
    "currentDueAmount": "102.17",
    "remainBalanceAmount": "705.36",
    "writeOffAmount": "0.00",
    "lastActivityAmount": "10/02/2017",
    "lastBilledDate": "10/02/2017"
  },
  {
    "agencyCode": "26892",
    "owner": "NSA_CA.",
    "productNumber": "1",
    "product": "Private Passenger",
    "stateAbbreviation": "CA",
    "policyID": "104630250340001",
    "version": "6",
    "changeNumber": "6",
    "nameInsured": "Myerchin, Lou Ann",
    "homePhone": "(424) 237-2114",
    "workPhone": null,
    "email": null,
    "effectiveDate": "03/22/2017",
    "expirationDate": null,
    "cancelDate": "12/13/2017",
    "cancelSourceCode": "NONPAY",
    "companyNumber": "63",
    "rateDate": "03/22/2017",
    "producerNumber": null,
    "versionStatus": "Cancel Pending",
    "versionType": "Renewal",
    "quotedDownPayment": "146.64",
    "policyTerm": "12",
    "payPlan": "12-PayRNDB",
    "writtenPremium": "1478",
    "feeAmount": "117.04",
    "writtenPremiumWFees": "1595.04",
    "billedAmount": "985.32",
    "billedFeeAmount": "117.04",
    "totalBilledAmount": "1102.36",
    "yetToBeBilledAmount": "492.68",
    "receiptAmount": "1081.07",
    "currentDueAmount": "21.29",
    "remainBalanceAmount": "513.97",
    "writeOffAmount": "0.00",
    "lastActivityAmount": "10/02/2017",
    "lastBilledDate": "10/02/2017"
  },
  {
    "agencyCode": "26892",
    "owner": "NSA_CA.",
    "productNumber": "1",
    "product": "Private Passenger",
    "stateAbbreviation": "CA",
    "policyID": "104630512395001",
    "version": "6",
    "changeNumber": "2",
    "nameInsured": "SUAREZ, MARLENE",
    "homePhone": "(626) 825-2010",
    "workPhone": "(626) 796-1191",
    "email": null,
    "effectiveDate": "08/22/2017",
    "expirationDate": null,
    "cancelDate": "12/13/2017",
    "cancelSourceCode": "NONPAY",
    "companyNumber": "63",
    "rateDate": "08/22/2017",
    "producerNumber": null,
    "versionStatus": "Cancel Pending",
    "versionType": "Renewal",
    "quotedDownPayment": "128.88",
    "policyTerm": "12",
    "payPlan": "12-PayRNDB",
    "writtenPremium": "1286",
    "feeAmount": "41.76",
    "writtenPremiumWFees": "1327.76",
    "billedAmount": "321.47",
    "billedFeeAmount": "41.76",
    "totalBilledAmount": "363.23",
    "yetToBeBilledAmount": "964.53",
    "receiptAmount": "246.06",
    "currentDueAmount": "117.17",
    "remainBalanceAmount": "1081.70",
    "writeOffAmount": "0.00",
    "lastActivityAmount": "10/02/2017",
    "lastBilledDate": "10/02/2017"
  },
  {
    "agencyCode": "26892",
    "owner": "NSA_CA.",
    "productNumber": "1",
    "product": "Private Passenger",
    "stateAbbreviation": "CA",
    "policyID": "104630559700001",
    "version": "6",
    "changeNumber": "1",
    "nameInsured": "WOMACK, VICKIE DENISE",
    "homePhone": "(323) 757-5654",
    "workPhone": null,
    "email": null,
    "effectiveDate": "09/22/2017",
    "expirationDate": null,
    "cancelDate": "12/13/2017",
    "cancelSourceCode": "NONPAY",
    "companyNumber": "63",
    "rateDate": "09/22/2017",
    "producerNumber": null,
    "versionStatus": "Cancel Pending",
    "versionType": "Renewal",
    "quotedDownPayment": "126.64",
    "policyTerm": "12",
    "payPlan": "12-PayRNDB",
    "writtenPremium": "1079",
    "feeAmount": "46.76",
    "writtenPremiumWFees": "1125.76",
    "billedAmount": "179.80",
    "billedFeeAmount": "46.76",
    "totalBilledAmount": "226.56",
    "yetToBeBilledAmount": "899.20",
    "receiptAmount": "126.64",
    "currentDueAmount": "99.92",
    "remainBalanceAmount": "999.12",
    "writeOffAmount": "0.00",
    "lastActivityAmount": "10/02/2017",
    "lastBilledDate": "10/02/2017"
  },
  {
    "agencyCode": "26892",
    "owner": "NSA_CA.",
    "productNumber": "1",
    "product": "Private Passenger",
    "stateAbbreviation": "CA",
    "policyID": "104630774623001",
    "version": "5",
    "changeNumber": "2",
    "nameInsured": "Guzman Hernandez, Mario A",
    "homePhone": "(310) 972-9302",
    "workPhone": null,
    "email": null,
    "effectiveDate": "04/22/2017",
    "expirationDate": null,
    "cancelDate": "12/13/2017",
    "cancelSourceCode": "NONPAY",
    "companyNumber": "63",
    "rateDate": "04/22/2017",
    "producerNumber": "10463",
    "versionStatus": "Cancel Pending",
    "versionType": "Renewal",
    "quotedDownPayment": "97.56",
    "policyTerm": "12",
    "payPlan": "12-PayRNDB",
    "writtenPremium": "910",
    "feeAmount": "87.76",
    "writtenPremiumWFees": "997.76",
    "billedAmount": "530.84",
    "billedFeeAmount": "87.76",
    "totalBilledAmount": "618.60",
    "yetToBeBilledAmount": "379.16",
    "receiptAmount": "532.76",
    "currentDueAmount": "85.84",
    "remainBalanceAmount": "465.00",
    "writeOffAmount": "0.00",
    "lastActivityAmount": "10/02/2017",
    "lastBilledDate": "10/02/2017"
  },
  {
    "agencyCode": "26892",
    "owner": "NSA_CA.",
    "productNumber": "1",
    "product": "Private Passenger",
    "stateAbbreviation": "CA",
    "policyID": "104630967951001",
    "version": "4",
    "changeNumber": "6",
    "nameInsured": "Rodriguez, Lupe Leticia",
    "homePhone": "(310) 630-9941",
    "workPhone": null,
    "email": null,
    "effectiveDate": "04/22/2017",
    "expirationDate": null,
    "cancelDate": "12/13/2017",
    "cancelSourceCode": "NONPAY",
    "companyNumber": "63",
    "rateDate": "04/22/2017",
    "producerNumber": "10463",
    "versionStatus": "Cancel Pending",
    "versionType": "Renewal",
    "quotedDownPayment": "137.05",
    "policyTerm": "12",
    "payPlan": "12-PayRNDB",
    "writtenPremium": "1384",
    "feeAmount": "105.76",
    "writtenPremiumWFees": "1489.76",
    "billedAmount": "807.33",
    "billedFeeAmount": "105.76",
    "totalBilledAmount": "913.09",
    "yetToBeBilledAmount": "576.67",
    "receiptAmount": "781.75",
    "currentDueAmount": "131.34",
    "remainBalanceAmount": "708.01",
    "writeOffAmount": "0.00",
    "lastActivityAmount": "10/02/2017",
    "lastBilledDate": "10/02/2017"
  },
  {
    "agencyCode": "26892",
    "owner": "NSA_CA.",
    "productNumber": "1",
    "product": "Private Passenger",
    "stateAbbreviation": "CA",
    "policyID": "104630968573001",
    "version": "4",
    "changeNumber": "2",
    "nameInsured": "Valladolid, Maria R",
    "homePhone": "(310) 392-0131",
    "workPhone": null,
    "email": null,
    "effectiveDate": "04/22/2017",
    "expirationDate": null,
    "cancelDate": "12/13/2017",
    "cancelSourceCode": "NONPAY",
    "companyNumber": "63",
    "rateDate": "04/22/2017",
    "producerNumber": "10463",
    "versionStatus": "Cancel Pending",
    "versionType": "Renewal",
    "quotedDownPayment": "125.72",
    "policyTerm": "12",
    "payPlan": "12-PayRNDB",
    "writtenPremium": "1248",
    "feeAmount": "81.76",
    "writtenPremiumWFees": "1329.76",
    "billedAmount": "728.00",
    "billedFeeAmount": "81.76",
    "totalBilledAmount": "809.76",
    "yetToBeBilledAmount": "520.00",
    "receiptAmount": "695.76",
    "currentDueAmount": "114.00",
    "remainBalanceAmount": "634.00",
    "writeOffAmount": "0.00",
    "lastActivityAmount": "10/02/2017",
    "lastBilledDate": "10/02/2017"
  },
  {
    "agencyCode": "26892",
    "owner": "NSA_CA.",
    "productNumber": "1",
    "product": "Private Passenger",
    "stateAbbreviation": "CA",
    "policyID": "104646855809001",
    "version": "7",
    "changeNumber": "2",
    "nameInsured": "ROQUE, EDUARDO",
    "homePhone": "(310)293-3490",
    "workPhone": null,
    "email": null,
    "effectiveDate": "07/22/2017",
    "expirationDate": null,
    "cancelDate": "12/13/2017",
    "cancelSourceCode": "NONPAY",
    "companyNumber": "60",
    "rateDate": "07/22/2017",
    "producerNumber": null,
    "versionStatus": "Cancel Pending",
    "versionType": "Renewal",
    "quotedDownPayment": "234.2",
    "policyTerm": "12",
    "payPlan": "12-Pay REN",
    "writtenPremium": "2508",
    "feeAmount": "67.28",
    "writtenPremiumWFees": "2575.28",
    "billedAmount": "835.95",
    "billedFeeAmount": "67.28",
    "totalBilledAmount": "903.23",
    "yetToBeBilledAmount": "1672.05",
    "receiptAmount": "678.22",
    "currentDueAmount": "225.01",
    "remainBalanceAmount": "1897.06",
    "writeOffAmount": "0.00",
    "lastActivityAmount": "10/02/2017",
    "lastBilledDate": "10/02/2017"
  },
  {
    "agencyCode": "26892",
    "owner": "NSA_CA.",
    "productNumber": "1",
    "product": "Private Passenger",
    "stateAbbreviation": "CA",
    "policyID": "104600171738001",
    "version": "7",
    "changeNumber": "2",
    "nameInsured": "Caesar-hackett, Deborah Jean",
    "homePhone": "(213) 445-1185",
    "workPhone": null,
    "email": null,
    "effectiveDate": "10/13/2017",
    "expirationDate": null,
    "cancelDate": "11/03/2017",
    "cancelSourceCode": "UW",
    "companyNumber": "60",
    "rateDate": "10/13/2017",
    "producerNumber": "10460",
    "versionStatus": "Cancel Pending",
    "versionType": "Renewal",
    "quotedDownPayment": "150.64",
    "policyTerm": "12",
    "payPlan": "12-PayRNDB",
    "writtenPremium": "1526",
    "feeAmount": "23.52",
    "writtenPremiumWFees": "1549.52",
    "billedAmount": "127.12",
    "billedFeeAmount": "23.52",
    "totalBilledAmount": "150.64",
    "yetToBeBilledAmount": "1398.88",
    "receiptAmount": "150.64",
    "currentDueAmount": "0",
    "remainBalanceAmount": "1398.88",
    "writeOffAmount": "0.00",
    "lastActivityAmount": "10/13/2017",
    "lastBilledDate": "10/11/2017"
  },
  {
    "agencyCode": "26892",
    "owner": "NSA_CA.",
    "productNumber": "1",
    "product": "Private Passenger",
    "stateAbbreviation": "CA",
    "policyID": "104600300072001",
    "version": "6",
    "changeNumber": "2",
    "nameInsured": "Brown, Guy Norman",
    "homePhone": "(323) 495-3645",
    "workPhone": null,
    "email": null,
    "effectiveDate": "03/12/2017",
    "expirationDate": null,
    "cancelDate": "10/11/2017",
    "cancelSourceCode": "NONPAY",
    "companyNumber": "60",
    "rateDate": "03/12/2017",
    "producerNumber": "10460",
    "versionStatus": "Cancel Pending",
    "versionType": "Renewal",
    "quotedDownPayment": "255.99",
    "policyTerm": "12",
    "payPlan": "12PayRNEFT",
    "writtenPremium": "3162",
    "feeAmount": "46.52",
    "writtenPremiumWFees": "3208.52",
    "billedAmount": "2337.95",
    "billedFeeAmount": "46.52",
    "totalBilledAmount": "2384.47",
    "yetToBeBilledAmount": "824.05",
    "receiptAmount": "801.55",
    "currentDueAmount": "1582.92",
    "remainBalanceAmount": "2406.97",
    "writeOffAmount": "0.00",
    "lastActivityAmount": "08/22/2017",
    "lastBilledDate": "08/22/2017"
  },
  {
    "agencyCode": "26892",
    "owner": "NSA_CA.",
    "productNumber": "1",
    "product": "Private Passenger",
    "stateAbbreviation": "CA",
    "policyID": "104600302107001",
    "version": "6",
    "changeNumber": "2",
    "nameInsured": "Camacho, Ramon Renteria",
    "homePhone": "(310) 972-8151",
    "workPhone": null,
    "email": null,
    "effectiveDate": "03/07/2017",
    "expirationDate": null,
    "cancelDate": "10/11/2017",
    "cancelSourceCode": "NONPAY",
    "companyNumber": "63",
    "rateDate": "03/07/2017",
    "producerNumber": "10463",
    "versionStatus": "Cancel Pending",
    "versionType": "Renewal",
    "quotedDownPayment": "211.2",
    "policyTerm": "12",
    "payPlan": "12PayRNEFT",
    "writtenPremium": "2013",
    "feeAmount": "61.52",
    "writtenPremiumWFees": "2074.52",
    "billedAmount": "1533.40",
    "billedFeeAmount": "61.52",
    "totalBilledAmount": "1594.92",
    "yetToBeBilledAmount": "479.60",
    "receiptAmount": "558.72",
    "currentDueAmount": "1036.20",
    "remainBalanceAmount": "1515.80",
    "writeOffAmount": "0.00",
    "lastActivityAmount": "08/22/2017",
    "lastBilledDate": "08/22/2017"
  },
  {
    "agencyCode": "26892",
    "owner": "NSA_CA.",
    "productNumber": "1",
    "product": "Private Passenger",
    "stateAbbreviation": "CA",
    "policyID": "104600302340001",
    "version": "6",
    "changeNumber": "2",
    "nameInsured": "GARCIA RODRIGUEZ, IRMA",
    "homePhone": "(424) 571-0654",
    "workPhone": null,
    "email": null,
    "effectiveDate": "04/15/2017",
    "expirationDate": null,
    "cancelDate": "10/11/2017",
    "cancelSourceCode": "NONPAY",
    "companyNumber": "60",
    "rateDate": "04/15/2017",
    "producerNumber": null,
    "versionStatus": "Cancel Pending",
    "versionType": "Renewal",
    "quotedDownPayment": "96.99",
    "policyTerm": "12",
    "payPlan": "12-PayRNDB",
    "writtenPremium": "822",
    "feeAmount": "48.52",
    "writtenPremiumWFees": "870.52",
    "billedAmount": "497.61",
    "billedFeeAmount": "48.52",
    "totalBilledAmount": "546.13",
    "yetToBeBilledAmount": "324.39",
    "receiptAmount": "175.50",
    "currentDueAmount": "370.63",
    "remainBalanceAmount": "695.02",
    "writeOffAmount": "0.00",
    "lastActivityAmount": "08/22/2017",
    "lastBilledDate": "08/22/2017"
  },
  {
    "agencyCode": "26892",
    "owner": "NSA_CA.",
    "productNumber": "1",
    "product": "Private Passenger",
    "stateAbbreviation": "CA",
    "policyID": "104600302915001",
    "version": "6",
    "changeNumber": "2",
    "nameInsured": "OROZCO, MANUEL ORTEGA",
    "homePhone": "(310) 365-9935",
    "workPhone": null,
    "email": null,
    "effectiveDate": "04/16/2017",
    "expirationDate": null,
    "cancelDate": "10/11/2017",
    "cancelSourceCode": "NONPAY",
    "companyNumber": "60",
    "rateDate": "04/16/2017",
    "producerNumber": null,
    "versionStatus": "Cancel Pending",
    "versionType": "Renewal",
    "quotedDownPayment": "106.15",
    "policyTerm": "12",
    "payPlan": "12PayRNEFT",
    "writtenPremium": "992",
    "feeAmount": "35.52",
    "writtenPremiumWFees": "1027.52",
    "billedAmount": "593.59",
    "billedFeeAmount": "35.52",
    "totalBilledAmount": "629.11",
    "yetToBeBilledAmount": "398.41",
    "receiptAmount": "194.82",
    "currentDueAmount": "434.29",
    "remainBalanceAmount": "832.70",
    "writeOffAmount": "0.00",
    "lastActivityAmount": "08/22/2017",
    "lastBilledDate": "08/22/2017"
  },
  {
    "agencyCode": "26892",
    "owner": "NSA_CA.",
    "productNumber": "1",
    "product": "Private Passenger",
    "stateAbbreviation": "CA",
    "policyID": "104600303246001",
    "version": "6",
    "changeNumber": "3",
    "nameInsured": "VILLALOBOS, GELICA",
    "homePhone": "(310) 910-2277",
    "workPhone": null,
    "email": null,
    "effectiveDate": "04/16/2017",
    "expirationDate": null,
    "cancelDate": "10/11/2017",
    "cancelSourceCode": "NONPAY",
    "companyNumber": "60",
    "rateDate": "04/16/2017",
    "producerNumber": null,
    "versionStatus": "Cancel Pending",
    "versionType": "Renewal",
    "quotedDownPayment": "793.52",
    "policyTerm": "12",
    "payPlan": "12PayRNEFT",
    "writtenPremium": "6550",
    "feeAmount": "54.32",
    "writtenPremiumWFees": "6604.32",
    "billedAmount": "4357.53",
    "billedFeeAmount": "54.32",
    "totalBilledAmount": "4411.85",
    "yetToBeBilledAmount": "2192.47",
    "receiptAmount": "1514.05",
    "currentDueAmount": "2897.80",
    "remainBalanceAmount": "5090.27",
    "writeOffAmount": "0.00",
    "lastActivityAmount": "08/22/2017",
    "lastBilledDate": "08/22/2017"
  },
  {
    "agencyCode": "26892",
    "owner": "NSA_CA.",
    "productNumber": "1",
    "product": "Private Passenger",
    "stateAbbreviation": "CA",
    "policyID": "104600303884001",
    "version": "6",
    "changeNumber": "2",
    "nameInsured": "Aldana, Veronica",
    "homePhone": "(310) 461-2355",
    "workPhone": null,
    "email": null,
    "effectiveDate": "04/14/2017",
    "expirationDate": null,
    "cancelDate": "10/11/2017",
    "cancelSourceCode": "NONPAY",
    "companyNumber": "60",
    "rateDate": "04/14/2017",
    "producerNumber": null,
    "versionStatus": "Cancel Pending",
    "versionType": "Renewal",
    "quotedDownPayment": "141.65",
    "policyTerm": "12",
    "payPlan": "12PayRNEFT",
    "writtenPremium": "1397",
    "feeAmount": "37.28",
    "writtenPremiumWFees": "1434.28",
    "billedAmount": "830.96",
    "billedFeeAmount": "37.28",
    "totalBilledAmount": "868.24",
    "yetToBeBilledAmount": "566.04",
    "receiptAmount": "264.08",
    "currentDueAmount": "604.16",
    "remainBalanceAmount": "1170.20",
    "writeOffAmount": "0.00",
    "lastActivityAmount": "08/22/2017",
    "lastBilledDate": "08/22/2017"
  },
  {
    "agencyCode": "26892",
    "owner": "NSA_CA.",
    "productNumber": "1",
    "product": "Private Passenger",
    "stateAbbreviation": "CA",
    "policyID": "104600303942001",
    "version": "6",
    "changeNumber": "3",
    "nameInsured": "ESPANA CHAVEZ, IRMA",
    "homePhone": "(310) 674-3690",
    "workPhone": "(   )    -",
    "email": null,
    "effectiveDate": "04/16/2017",
    "expirationDate": null,
    "cancelDate": "10/11/2017",
    "cancelSourceCode": "NONPAY",
    "companyNumber": "60",
    "rateDate": "04/16/2017",
    "producerNumber": null,
    "versionStatus": "Cancel Pending",
    "versionType": "Renewal",
    "quotedDownPayment": "120.33",
    "policyTerm": "12",
    "payPlan": "12PayRNEFT",
    "writtenPremium": "730",
    "feeAmount": "47.28",
    "writtenPremiumWFees": "777.28",
    "billedAmount": "490.28",
    "billedFeeAmount": "47.28",
    "totalBilledAmount": "537.56",
    "yetToBeBilledAmount": "239.72",
    "receiptAmount": "189.51",
    "currentDueAmount": "348.05",
    "remainBalanceAmount": "587.77",
    "writeOffAmount": "0.00",
    "lastActivityAmount": "08/22/2017",
    "lastBilledDate": "08/22/2017"
  },
  {
    "agencyCode": "26892",
    "owner": "NSA_CA.",
    "productNumber": "1",
    "product": "Private Passenger",
    "stateAbbreviation": "CA",
    "policyID": "104600306769001",
    "version": "6",
    "changeNumber": "3",
    "nameInsured": "Salcedo, Vicente Paul",
    "homePhone": "(310) 673-0117",
    "workPhone": null,
    "email": null,
    "effectiveDate": "03/14/2017",
    "expirationDate": null,
    "cancelDate": "10/11/2017",
    "cancelSourceCode": "NONPAY",
    "companyNumber": "60",
    "rateDate": "03/14/2017",
    "producerNumber": "10460",
    "versionStatus": "Cancel Pending",
    "versionType": "Renewal",
    "quotedDownPayment": "178.72",
    "policyTerm": "12",
    "payPlan": "12-PayRNDB",
    "writtenPremium": "1426",
    "feeAmount": "60.28",
    "writtenPremiumWFees": "1486.28",
    "billedAmount": "1164.53",
    "billedFeeAmount": "60.28",
    "totalBilledAmount": "1224.81",
    "yetToBeBilledAmount": "261.47",
    "receiptAmount": "469.14",
    "currentDueAmount": "755.67",
    "remainBalanceAmount": "1017.14",
    "writeOffAmount": "0.00",
    "lastActivityAmount": "08/22/2017",
    "lastBilledDate": "08/22/2017"
  },
  {
    "agencyCode": "26892",
    "owner": "NSA_CA.",
    "productNumber": "1",
    "product": "Private Passenger",
    "stateAbbreviation": "CA",
    "policyID": "104600309979001",
    "version": "6",
    "changeNumber": "2",
    "nameInsured": "JENNINGS, DONYEL LATRICE",
    "homePhone": "(310) 973-4723",
    "workPhone": "(310) 419-5576",
    "email": null,
    "effectiveDate": "04/19/2017",
    "expirationDate": null,
    "cancelDate": "10/11/2017",
    "cancelSourceCode": "NONPAY",
    "companyNumber": "60",
    "rateDate": "04/19/2017",
    "producerNumber": null,
    "versionStatus": "Cancel Pending",
    "versionType": "Renewal",
    "quotedDownPayment": "222.11",
    "policyTerm": "12",
    "payPlan": "12PayRNEFT",
    "writtenPremium": "2324",
    "feeAmount": "40.52",
    "writtenPremiumWFees": "2364.52",
    "billedAmount": "1373.71",
    "billedFeeAmount": "40.52",
    "totalBilledAmount": "1414.23",
    "yetToBeBilledAmount": "950.29",
    "receiptAmount": "421.79",
    "currentDueAmount": "992.44",
    "remainBalanceAmount": "1942.73",
    "writeOffAmount": "0.00",
    "lastActivityAmount": "08/22/2017",
    "lastBilledDate": "08/22/2017"
  },
  {
    "agencyCode": "26892",
    "owner": "NSA_CA.",
    "productNumber": "1",
    "product": "Private Passenger",
    "stateAbbreviation": "CA",
    "policyID": "104600311243001",
    "version": "6",
    "changeNumber": "3",
    "nameInsured": "Flores, Maria",
    "homePhone": "(323) 564-2306",
    "workPhone": null,
    "email": null,
    "effectiveDate": "03/05/2017",
    "expirationDate": null,
    "cancelDate": "10/11/2017",
    "cancelSourceCode": "NONPAY",
    "companyNumber": "60",
    "rateDate": "03/05/2017",
    "producerNumber": "10460",
    "versionStatus": "Cancel Pending",
    "versionType": "Renewal",
    "quotedDownPayment": "313.59",
    "policyTerm": "12",
    "payPlan": "12PayRNEFT",
    "writtenPremium": "3128",
    "feeAmount": "50.04",
    "writtenPremiumWFees": "3178.04",
    "billedAmount": "2677.46",
    "billedFeeAmount": "50.04",
    "totalBilledAmount": "2727.50",
    "yetToBeBilledAmount": "450.54",
    "receiptAmount": "872.75",
    "currentDueAmount": "1854.75",
    "remainBalanceAmount": "2305.29",
    "writeOffAmount": "0.00",
    "lastActivityAmount": "08/22/2017",
    "lastBilledDate": "08/22/2017"
  },
  {
    "agencyCode": "26892",
    "owner": "NSA_CA.",
    "productNumber": "1",
    "product": "Private Passenger",
    "stateAbbreviation": "CA",
    "policyID": "104600315714001",
    "version": "6",
    "changeNumber": "2",
    "nameInsured": "GARCIA, JOAQUIN CEJA",
    "homePhone": "(310) 910-0469",
    "workPhone": null,
    "email": null,
    "effectiveDate": "04/22/2017",
    "expirationDate": null,
    "cancelDate": "10/11/2017",
    "cancelSourceCode": "NONPAY",
    "companyNumber": "60",
    "rateDate": "04/22/2017",
    "producerNumber": null,
    "versionStatus": "Cancel Pending",
    "versionType": "Renewal",
    "quotedDownPayment": "82.4",
    "policyTerm": "12",
    "payPlan": "12PayRNEFT",
    "writtenPremium": "728",
    "feeAmount": "33.76",
    "writtenPremiumWFees": "761.76",
    "billedAmount": "438.48",
    "billedFeeAmount": "33.76",
    "totalBilledAmount": "472.24",
    "yetToBeBilledAmount": "289.52",
    "receiptAmount": "82.40",
    "currentDueAmount": "389.84",
    "remainBalanceAmount": "679.36",
    "writeOffAmount": "0.00",
    "lastActivityAmount": "08/22/2017",
    "lastBilledDate": "08/22/2017"
  },
  {
    "agencyCode": "26892",
    "owner": "NSA_CA.",
    "productNumber": "1",
    "product": "Private Passenger",
    "stateAbbreviation": "CA",
    "policyID": "104600316691001",
    "version": "6",
    "changeNumber": "2",
    "nameInsured": "Duncan, Anthony Jermaine",
    "homePhone": "(323) 513-4146",
    "workPhone": null,
    "email": null,
    "effectiveDate": "05/14/2017",
    "expirationDate": null,
    "cancelDate": "10/11/2017",
    "cancelSourceCode": "NONPAY",
    "companyNumber": "60",
    "rateDate": "05/14/2017",
    "producerNumber": null,
    "versionStatus": "Cancel Pending",
    "versionType": "Renewal",
    "quotedDownPayment": "75.49",
    "policyTerm": "12",
    "payPlan": "12-PayRNDB",
    "writtenPremium": "645",
    "feeAmount": "31.76",
    "writtenPremiumWFees": "676.76",
    "billedAmount": "284.56",
    "billedFeeAmount": "31.76",
    "totalBilledAmount": "316.32",
    "yetToBeBilledAmount": "360.44",
    "receiptAmount": "75.49",
    "currentDueAmount": "240.83",
    "remainBalanceAmount": "601.27",
    "writeOffAmount": "0.00",
    "lastActivityAmount": "08/22/2017",
    "lastBilledDate": "08/22/2017"
  },
  {
    "agencyCode": "26892",
    "owner": "NSA_CA.",
    "productNumber": "1",
    "product": "Private Passenger",
    "stateAbbreviation": "CA",
    "policyID": "104600316728001",
    "version": "6",
    "changeNumber": "2",
    "nameInsured": "ROSALES, ANA",
    "homePhone": "(310) 738-3408",
    "workPhone": "(   )    -",
    "email": null,
    "effectiveDate": "04/21/2017",
    "expirationDate": null,
    "cancelDate": "10/11/2017",
    "cancelSourceCode": "NONPAY",
    "companyNumber": "60",
    "rateDate": "04/21/2017",
    "producerNumber": null,
    "versionStatus": "Cancel Pending",
    "versionType": "Renewal",
    "quotedDownPayment": "133.05",
    "policyTerm": "12",
    "payPlan": "12PayRNEFT",
    "writtenPremium": "1336",
    "feeAmount": "33.76",
    "writtenPremiumWFees": "1369.76",
    "billedAmount": "793.12",
    "billedFeeAmount": "33.76",
    "totalBilledAmount": "826.88",
    "yetToBeBilledAmount": "542.88",
    "receiptAmount": "133.05",
    "currentDueAmount": "693.83",
    "remainBalanceAmount": "1236.71",
    "writeOffAmount": "0.00",
    "lastActivityAmount": "08/22/2017",
    "lastBilledDate": "08/22/2017"
  },
  {
    "agencyCode": "26892",
    "owner": "NSA_CA.",
    "productNumber": "1",
    "product": "Private Passenger",
    "stateAbbreviation": "CA",
    "policyID": "104600316741001",
    "version": "6",
    "changeNumber": "2",
    "nameInsured": "Diaz, Raul",
    "homePhone": "(323) 242-8750",
    "workPhone": null,
    "email": null,
    "effectiveDate": "04/23/2017",
    "expirationDate": null,
    "cancelDate": "10/11/2017",
    "cancelSourceCode": "NONPAY",
    "companyNumber": "60",
    "rateDate": "04/23/2017",
    "producerNumber": null,
    "versionStatus": "Cancel Pending",
    "versionType": "Renewal",
    "quotedDownPayment": "153.62",
    "policyTerm": "12",
    "payPlan": "12PayRNEFT",
    "writtenPremium": "1583",
    "feeAmount": "33.76",
    "writtenPremiumWFees": "1616.76",
    "billedAmount": "937.21",
    "billedFeeAmount": "33.76",
    "totalBilledAmount": "970.97",
    "yetToBeBilledAmount": "645.79",
    "receiptAmount": "153.62",
    "currentDueAmount": "817.35",
    "remainBalanceAmount": "1463.14",
    "writeOffAmount": "0.00",
    "lastActivityAmount": "08/22/2017",
    "lastBilledDate": "08/22/2017"
  },
  {
    "agencyCode": "26892",
    "owner": "NSA_CA.",
    "productNumber": "1",
    "product": "Private Passenger",
    "stateAbbreviation": "CA",
    "policyID": "104600316828001",
    "version": "6",
    "changeNumber": "2",
    "nameInsured": "HOBBS, KENNETH MADON",
    "homePhone": "(661) 940-5585",
    "workPhone": null,
    "email": null,
    "effectiveDate": "04/22/2017",
    "expirationDate": null,
    "cancelDate": "10/11/2017",
    "cancelSourceCode": "NONPAY",
    "companyNumber": "60",
    "rateDate": "04/22/2017",
    "producerNumber": null,
    "versionStatus": "Cancel Pending",
    "versionType": "Renewal",
    "quotedDownPayment": "138.21",
    "policyTerm": "12",
    "payPlan": "12PayRNEFT",
    "writtenPremium": "1398",
    "feeAmount": "33.76",
    "writtenPremiumWFees": "1431.76",
    "billedAmount": "829.29",
    "billedFeeAmount": "33.76",
    "totalBilledAmount": "863.05",
    "yetToBeBilledAmount": "568.71",
    "receiptAmount": "138.21",
    "currentDueAmount": "724.84",
    "remainBalanceAmount": "1293.55",
    "writeOffAmount": "0.00",
    "lastActivityAmount": "08/22/2017",
    "lastBilledDate": "08/22/2017"
  },
  {
    "agencyCode": "26892",
    "owner": "NSA_CA.",
    "productNumber": "1",
    "product": "Private Passenger",
    "stateAbbreviation": "CA",
    "policyID": "104600316852001",
    "version": "6",
    "changeNumber": "2",
    "nameInsured": "Mendoza, Karen",
    "homePhone": "(310) 673-1608",
    "workPhone": "(310) 673-1608",
    "email": null,
    "effectiveDate": "04/23/2017",
    "expirationDate": null,
    "cancelDate": "10/11/2017",
    "cancelSourceCode": "NONPAY",
    "companyNumber": "60",
    "rateDate": "04/23/2017",
    "producerNumber": null,
    "versionStatus": "Cancel Pending",
    "versionType": "Renewal",
    "quotedDownPayment": "144.64",
    "policyTerm": "12",
    "payPlan": "12PayRNEFT",
    "writtenPremium": "1454",
    "feeAmount": "35.52",
    "writtenPremiumWFees": "1489.52",
    "billedAmount": "863.09",
    "billedFeeAmount": "35.52",
    "totalBilledAmount": "898.61",
    "yetToBeBilledAmount": "590.91",
    "receiptAmount": "144.64",
    "currentDueAmount": "753.97",
    "remainBalanceAmount": "1344.88",
    "writeOffAmount": "0.00",
    "lastActivityAmount": "08/22/2017",
    "lastBilledDate": "08/22/2017"
  },
  {
    "agencyCode": "26892",
    "owner": "NSA_CA.",
    "productNumber": "1",
    "product": "Private Passenger",
    "stateAbbreviation": "CA",
    "policyID": "104600316990001",
    "version": "6",
    "changeNumber": "2",
    "nameInsured": "COLO, JOSE JULIIO",
    "homePhone": "(310) 674-2775",
    "workPhone": null,
    "email": null,
    "effectiveDate": "04/21/2017",
    "expirationDate": null,
    "cancelDate": "10/11/2017",
    "cancelSourceCode": "NONPAY",
    "companyNumber": "60",
    "rateDate": "04/21/2017",
    "producerNumber": null,
    "versionStatus": "Cancel Pending",
    "versionType": "Renewal",
    "quotedDownPayment": "85.32",
    "policyTerm": "12",
    "payPlan": "12-PayRNDB",
    "writtenPremium": "703",
    "feeAmount": "46.76",
    "writtenPremiumWFees": "749.76",
    "billedAmount": "427.10",
    "billedFeeAmount": "46.76",
    "totalBilledAmount": "473.86",
    "yetToBeBilledAmount": "275.90",
    "receiptAmount": "153.91",
    "currentDueAmount": "319.95",
    "remainBalanceAmount": "595.85",
    "writeOffAmount": "0.00",
    "lastActivityAmount": "08/22/2017",
    "lastBilledDate": "08/22/2017"
  },
  {
    "agencyCode": "26892",
    "owner": "NSA_CA.",
    "productNumber": "1",
    "product": "Private Passenger",
    "stateAbbreviation": "CA",
    "policyID": "104600317080001",
    "version": "6",
    "changeNumber": "2",
    "nameInsured": "VASQUEZ, JUAN MANUEL",
    "homePhone": "(323) 997-1865",
    "workPhone": "(   )    -",
    "email": null,
    "effectiveDate": "04/21/2017",
    "expirationDate": null,
    "cancelDate": "10/11/2017",
    "cancelSourceCode": "NONPAY",
    "companyNumber": "60",
    "rateDate": "04/21/2017",
    "producerNumber": null,
    "versionStatus": "Cancel Pending",
    "versionType": "Renewal",
    "quotedDownPayment": "96.32",
    "policyTerm": "12",
    "payPlan": "12-PayRNDB",
    "writtenPremium": "874",
    "feeAmount": "43.52",
    "writtenPremiumWFees": "917.52",
    "billedAmount": "524.76",
    "billedFeeAmount": "43.52",
    "totalBilledAmount": "568.28",
    "yetToBeBilledAmount": "349.24",
    "receiptAmount": "96.32",
    "currentDueAmount": "471.96",
    "remainBalanceAmount": "821.20",
    "writeOffAmount": "0.00",
    "lastActivityAmount": "08/22/2017",
    "lastBilledDate": "08/22/2017"
  },
  {
    "agencyCode": "26892",
    "owner": "NSA_CA.",
    "productNumber": "1",
    "product": "Private Passenger",
    "stateAbbreviation": "CA",
    "policyID": "104600317104001",
    "version": "6",
    "changeNumber": "2",
    "nameInsured": "MOYE, GILLERMO",
    "homePhone": "(310) 968-1469",
    "workPhone": "(   )    -",
    "email": null,
    "effectiveDate": "04/21/2017",
    "expirationDate": null,
    "cancelDate": "10/11/2017",
    "cancelSourceCode": "NONPAY",
    "companyNumber": "60",
    "rateDate": "04/21/2017",
    "producerNumber": null,
    "versionStatus": "Cancel Pending",
    "versionType": "Renewal",
    "quotedDownPayment": "185.56",
    "policyTerm": "12",
    "payPlan": "12-PayRNDB",
    "writtenPremium": "1317",
    "feeAmount": "45.28",
    "writtenPremiumWFees": "1362.28",
    "billedAmount": "862.44",
    "billedFeeAmount": "45.28",
    "totalBilledAmount": "907.72",
    "yetToBeBilledAmount": "454.56",
    "receiptAmount": "385.56",
    "currentDueAmount": "522.16",
    "remainBalanceAmount": "976.72",
    "writeOffAmount": "0.00",
    "lastActivityAmount": "08/22/2017",
    "lastBilledDate": "08/22/2017"
  },
  {
    "agencyCode": "26892",
    "owner": "NSA_CA.",
    "productNumber": "1",
    "product": "Private Passenger",
    "stateAbbreviation": "CA",
    "policyID": "104600317197001",
    "version": "7",
    "changeNumber": "2",
    "nameInsured": "Galicia Morales, Fausto",
    "homePhone": "(562) 602-0682",
    "workPhone": null,
    "email": null,
    "effectiveDate": "04/23/2017",
    "expirationDate": null,
    "cancelDate": "10/11/2017",
    "cancelSourceCode": "NONPAY",
    "companyNumber": "63",
    "rateDate": "04/23/2017",
    "producerNumber": "10463",
    "versionStatus": "Cancel Pending",
    "versionType": "Renewal",
    "quotedDownPayment": "189.96",
    "policyTerm": "12",
    "payPlan": "12PayRNEFT",
    "writtenPremium": "1977",
    "feeAmount": "37.28",
    "writtenPremiumWFees": "2014.28",
    "billedAmount": "1169.24",
    "billedFeeAmount": "37.28",
    "totalBilledAmount": "1206.52",
    "yetToBeBilledAmount": "807.76",
    "receiptAmount": "189.96",
    "currentDueAmount": "1016.56",
    "remainBalanceAmount": "1824.32",
    "writeOffAmount": "0.00",
    "lastActivityAmount": "08/22/2017",
    "lastBilledDate": "08/22/2017"
  },
  {
    "agencyCode": "26892",
    "owner": "NSA_CA.",
    "productNumber": "1",
    "product": "Private Passenger",
    "stateAbbreviation": "CA",
    "policyID": "104600317210001",
    "version": "6",
    "changeNumber": "2",
    "nameInsured": "CONLEY, MARK ANTHONY",
    "homePhone": "(310) 354-9409",
    "workPhone": null,
    "email": null,
    "effectiveDate": "04/21/2017",
    "expirationDate": null,
    "cancelDate": "10/11/2017",
    "cancelSourceCode": "NONPAY",
    "companyNumber": "60",
    "rateDate": "04/21/2017",
    "producerNumber": null,
    "versionStatus": "Cancel Pending",
    "versionType": "Renewal",
    "quotedDownPayment": "205.29",
    "policyTerm": "12",
    "payPlan": "12PayRNEFT",
    "writtenPremium": "2291",
    "feeAmount": "42.28",
    "writtenPremiumWFees": "2333.28",
    "billedAmount": "1331.11",
    "billedFeeAmount": "42.28",
    "totalBilledAmount": "1373.39",
    "yetToBeBilledAmount": "959.89",
    "receiptAmount": "205.29",
    "currentDueAmount": "1168.10",
    "remainBalanceAmount": "2127.99",
    "writeOffAmount": "0.00",
    "lastActivityAmount": "08/22/2017",
    "lastBilledDate": "08/22/2017"
  },
  {
    "agencyCode": "26892",
    "owner": "NSA_CA.",
    "productNumber": "1",
    "product": "Private Passenger",
    "stateAbbreviation": "CA",
    "policyID": "104600317347001",
    "version": "7",
    "changeNumber": "2",
    "nameInsured": "Shelton, Alondria Renee",
    "homePhone": "(310) 263-9097",
    "workPhone": null,
    "email": null,
    "effectiveDate": "03/27/2017",
    "expirationDate": null,
    "cancelDate": "10/11/2017",
    "cancelSourceCode": "NONPAY",
    "companyNumber": "60",
    "rateDate": "03/27/2017",
    "producerNumber": "10460",
    "versionStatus": "Cancel Pending",
    "versionType": "Renewal",
    "quotedDownPayment": "178.46",
    "policyTerm": "12",
    "payPlan": "12PayRNEFT",
    "writtenPremium": "1800",
    "feeAmount": "46.52",
    "writtenPremiumWFees": "1846.52",
    "billedAmount": "1365.50",
    "billedFeeAmount": "46.52",
    "totalBilledAmount": "1412.02",
    "yetToBeBilledAmount": "434.50",
    "receiptAmount": "334.47",
    "currentDueAmount": "1077.55",
    "remainBalanceAmount": "1512.05",
    "writeOffAmount": "0.00",
    "lastActivityAmount": "08/22/2017",
    "lastBilledDate": "08/22/2017"
  },
  {
    "agencyCode": "26892",
    "owner": "NSA_CA.",
    "productNumber": "1",
    "product": "Private Passenger",
    "stateAbbreviation": "CA",
    "policyID": "104600317457001",
    "version": "6",
    "changeNumber": "4",
    "nameInsured": "Hernandez-martinez, Celestino",
    "homePhone": "(310) 227-4954",
    "workPhone": null,
    "email": null,
    "effectiveDate": "03/20/2017",
    "expirationDate": null,
    "cancelDate": "10/11/2017",
    "cancelSourceCode": "NONPAY",
    "companyNumber": "60",
    "rateDate": "03/20/2017",
    "producerNumber": "10460",
    "versionStatus": "Cancel Pending",
    "versionType": "Renewal",
    "quotedDownPayment": "162.05",
    "policyTerm": "12",
    "payPlan": "12-Pay REN",
    "writtenPremium": "1603",
    "feeAmount": "64.52",
    "writtenPremiumWFees": "1667.52",
    "billedAmount": "1217.76",
    "billedFeeAmount": "64.52",
    "totalBilledAmount": "1282.28",
    "yetToBeBilledAmount": "385.24",
    "receiptAmount": "306.05",
    "currentDueAmount": "976.23",
    "remainBalanceAmount": "1361.47",
    "writeOffAmount": "0.00",
    "lastActivityAmount": "08/22/2017",
    "lastBilledDate": "08/22/2017"
  },
  {
    "agencyCode": "26892",
    "owner": "NSA_CA.",
    "productNumber": "1",
    "product": "Private Passenger",
    "stateAbbreviation": "CA",
    "policyID": "104600321637001",
    "version": "5",
    "changeNumber": "2",
    "nameInsured": "Aguilar, Roberto V Jr",
    "homePhone": "(909) 205-3796",
    "workPhone": null,
    "email": null,
    "effectiveDate": "01/04/2017",
    "expirationDate": null,
    "cancelDate": "10/11/2017",
    "cancelSourceCode": "NONPAY",
    "companyNumber": "60",
    "rateDate": "01/04/2017",
    "producerNumber": "10463",
    "versionStatus": "Cancel Pending",
    "versionType": "Renewal",
    "quotedDownPayment": "48",
    "policyTerm": "12",
    "payPlan": "12-Pay REN",
    "writtenPremium": "315",
    "feeAmount": "81.76",
    "writtenPremiumWFees": "396.76",
    "billedAmount": "399.69",
    "billedFeeAmount": "81.76",
    "totalBilledAmount": "481.45",
    "yetToBeBilledAmount": "-84.69",
    "receiptAmount": "193.01",
    "currentDueAmount": "203.75",
    "remainBalanceAmount": "203.75",
    "writeOffAmount": "0.00",
    "lastActivityAmount": "08/22/2017",
    "lastBilledDate": "08/22/2017"
  },
  {
    "agencyCode": "26892",
    "owner": "NSA_CA.",
    "productNumber": "1",
    "product": "Private Passenger",
    "stateAbbreviation": "CA",
    "policyID": "104600322031001",
    "version": "6",
    "changeNumber": "2",
    "nameInsured": "LOPEZ, JOSE DIMAS",
    "homePhone": "(951) 314-0337",
    "workPhone": "(949) 248-1067",
    "email": null,
    "effectiveDate": "04/26/2017",
    "expirationDate": null,
    "cancelDate": "10/11/2017",
    "cancelSourceCode": "NONPAY",
    "companyNumber": "60",
    "rateDate": "04/26/2017",
    "producerNumber": null,
    "versionStatus": "Cancel Pending",
    "versionType": "Renewal",
    "quotedDownPayment": "149.89",
    "policyTerm": "12",
    "payPlan": "12PayRNEFT",
    "writtenPremium": "1517",
    "feeAmount": "35.52",
    "writtenPremiumWFees": "1552.52",
    "billedAmount": "899.84",
    "billedFeeAmount": "35.52",
    "totalBilledAmount": "935.36",
    "yetToBeBilledAmount": "617.16",
    "receiptAmount": "149.89",
    "currentDueAmount": "785.47",
    "remainBalanceAmount": "1402.63",
    "writeOffAmount": "0.00",
    "lastActivityAmount": "08/22/2017",
    "lastBilledDate": "08/22/2017"
  },
  {
    "agencyCode": "26892",
    "owner": "NSA_CA.",
    "productNumber": "1",
    "product": "Private Passenger",
    "stateAbbreviation": "CA",
    "policyID": "104600322962001",
    "version": "6",
    "changeNumber": "2",
    "nameInsured": "DIAZ, MARTIN",
    "homePhone": "(310) 632-9789",
    "workPhone": "(323) 764-5600",
    "email": null,
    "effectiveDate": "04/26/2017",
    "expirationDate": null,
    "cancelDate": "10/11/2017",
    "cancelSourceCode": "NONPAY",
    "companyNumber": "60",
    "rateDate": "04/26/2017",
    "producerNumber": null,
    "versionStatus": "Cancel Pending",
    "versionType": "Renewal",
    "quotedDownPayment": "48.25",
    "policyTerm": "12",
    "payPlan": "12PayRNEFT",
    "writtenPremium": "318",
    "feeAmount": "33.76",
    "writtenPremiumWFees": "351.76",
    "billedAmount": "199.36",
    "billedFeeAmount": "33.76",
    "totalBilledAmount": "233.12",
    "yetToBeBilledAmount": "118.64",
    "receiptAmount": "48.25",
    "currentDueAmount": "184.87",
    "remainBalanceAmount": "303.51",
    "writeOffAmount": "0.00",
    "lastActivityAmount": "08/22/2017",
    "lastBilledDate": "08/22/2017"
  },
  {
    "agencyCode": "26892",
    "owner": "NSA_CA.",
    "productNumber": "1",
    "product": "Private Passenger",
    "stateAbbreviation": "CA",
    "policyID": "104600324850001",
    "version": "6",
    "changeNumber": "2",
    "nameInsured": "LOPEZ, PASTOR",
    "homePhone": "(310) 674-4110",
    "workPhone": "(   )    -",
    "email": null,
    "effectiveDate": "04/27/2017",
    "expirationDate": null,
    "cancelDate": "10/11/2017",
    "cancelSourceCode": "NONPAY",
    "companyNumber": "60",
    "rateDate": "04/27/2017",
    "producerNumber": null,
    "versionStatus": "Cancel Pending",
    "versionType": "Renewal",
    "quotedDownPayment": "60",
    "policyTerm": "12",
    "payPlan": "12-PayRNDB",
    "writtenPremium": "432",
    "feeAmount": "43.52",
    "writtenPremiumWFees": "475.52",
    "billedAmount": "267.72",
    "billedFeeAmount": "43.52",
    "totalBilledAmount": "311.24",
    "yetToBeBilledAmount": "164.28",
    "receiptAmount": "60.00",
    "currentDueAmount": "251.24",
    "remainBalanceAmount": "415.52",
    "writeOffAmount": "0.00",
    "lastActivityAmount": "08/22/2017",
    "lastBilledDate": "08/22/2017"
  },
  {
    "agencyCode": "26892",
    "owner": "NSA_CA.",
    "productNumber": "1",
    "product": "Private Passenger",
    "stateAbbreviation": "CA",
    "policyID": "104600324904001",
    "version": "6",
    "changeNumber": "2",
    "nameInsured": "PEREZ, JOSE ARMANDO",
    "homePhone": "(310) 654-7337",
    "workPhone": "(310) 242-0952",
    "email": null,
    "effectiveDate": "04/27/2017",
    "expirationDate": null,
    "cancelDate": "10/11/2017",
    "cancelSourceCode": "NONPAY",
    "companyNumber": "60",
    "rateDate": "04/27/2017",
    "producerNumber": null,
    "versionStatus": "Cancel Pending",
    "versionType": "Renewal",
    "quotedDownPayment": "67.67",
    "policyTerm": "12",
    "payPlan": "12PayRNEFT",
    "writtenPremium": "530",
    "feeAmount": "35.52",
    "writtenPremiumWFees": "565.52",
    "billedAmount": "324.11",
    "billedFeeAmount": "35.52",
    "totalBilledAmount": "359.63",
    "yetToBeBilledAmount": "205.89",
    "receiptAmount": "67.67",
    "currentDueAmount": "291.96",
    "remainBalanceAmount": "497.85",
    "writeOffAmount": "0.00",
    "lastActivityAmount": "08/22/2017",
    "lastBilledDate": "08/22/2017"
  },
  {
    "agencyCode": "26892",
    "owner": "NSA_CA.",
    "productNumber": "1",
    "product": "Private Passenger",
    "stateAbbreviation": "CA",
    "policyID": "104600326076001",
    "version": "6",
    "changeNumber": "4",
    "nameInsured": "Taylor, Phillip Jonna",
    "homePhone": "(323) 396-1528",
    "workPhone": null,
    "email": null,
    "effectiveDate": "11/29/2016",
    "expirationDate": null,
    "cancelDate": "10/11/2017",
    "cancelSourceCode": "NONPAY",
    "companyNumber": "60",
    "rateDate": "11/29/2016",
    "producerNumber": "10460",
    "versionStatus": "Cancel Pending",
    "versionType": "Renewal",
    "quotedDownPayment": "112",
    "policyTerm": "12",
    "payPlan": "12-PayRNDB",
    "writtenPremium": "1062",
    "feeAmount": "99.52",
    "writtenPremiumWFees": "1161.52",
    "billedAmount": "1508.78",
    "billedFeeAmount": "99.52",
    "totalBilledAmount": "1608.30",
    "yetToBeBilledAmount": "-446.78",
    "receiptAmount": "610.52",
    "currentDueAmount": "551.00",
    "remainBalanceAmount": "551.00",
    "writeOffAmount": "0.00",
    "lastActivityAmount": "08/22/2017",
    "lastBilledDate": "08/22/2017"
  },
  {
    "agencyCode": "26892",
    "owner": "NSA_CA.",
    "productNumber": "1",
    "product": "Private Passenger",
    "stateAbbreviation": "CA",
    "policyID": "104600329216001",
    "version": "6",
    "changeNumber": "2",
    "nameInsured": "LEVERON, JORGE ALBERTO",
    "homePhone": "(310) 349-2043",
    "workPhone": "(310) 337-2369",
    "email": null,
    "effectiveDate": "04/29/2017",
    "expirationDate": null,
    "cancelDate": "10/11/2017",
    "cancelSourceCode": "NONPAY",
    "companyNumber": "60",
    "rateDate": "04/29/2017",
    "producerNumber": null,
    "versionStatus": "Cancel Pending",
    "versionType": "Renewal",
    "quotedDownPayment": "64.24",
    "policyTerm": "12",
    "payPlan": "12-PayRNDB",
    "writtenPremium": "510",
    "feeAmount": "41.76",
    "writtenPremiumWFees": "551.76",
    "billedAmount": "311.35",
    "billedFeeAmount": "41.76",
    "totalBilledAmount": "353.11",
    "yetToBeBilledAmount": "198.65",
    "receiptAmount": "64.24",
    "currentDueAmount": "288.87",
    "remainBalanceAmount": "487.52",
    "writeOffAmount": "0.00",
    "lastActivityAmount": "08/22/2017",
    "lastBilledDate": "08/22/2017"
  },
  {
    "agencyCode": "26892",
    "owner": "NSA_CA.",
    "productNumber": "1",
    "product": "Private Passenger",
    "stateAbbreviation": "CA",
    "policyID": "104600330670001",
    "version": "6",
    "changeNumber": "2",
    "nameInsured": "LEAL, DINA",
    "homePhone": "(310)345-2481",
    "workPhone": "(310) 111-1111",
    "email": null,
    "effectiveDate": "05/01/2017",
    "expirationDate": null,
    "cancelDate": "10/11/2017",
    "cancelSourceCode": "NONPAY",
    "companyNumber": "60",
    "rateDate": "05/01/2017",
    "producerNumber": null,
    "versionStatus": "Cancel Pending",
    "versionType": "Renewal",
    "quotedDownPayment": "191.03",
    "policyTerm": "12",
    "payPlan": "12PayRNEFT",
    "writtenPremium": "2032",
    "feeAmount": "33.76",
    "writtenPremiumWFees": "2065.76",
    "billedAmount": "1199.09",
    "billedFeeAmount": "33.76",
    "totalBilledAmount": "1232.85",
    "yetToBeBilledAmount": "832.91",
    "receiptAmount": "191.03",
    "currentDueAmount": "1041.82",
    "remainBalanceAmount": "1874.73",
    "writeOffAmount": "0.00",
    "lastActivityAmount": "08/22/2017",
    "lastBilledDate": "08/22/2017"
  },
  {
    "agencyCode": "26892",
    "owner": "NSA_CA.",
    "productNumber": "1",
    "product": "Private Passenger",
    "stateAbbreviation": "CA",
    "policyID": "104600331216001",
    "version": "6",
    "changeNumber": "2",
    "nameInsured": "Vargas, Hilda",
    "homePhone": "(310) 908-0114",
    "workPhone": null,
    "email": "HILDAVGM@YAHOO.COM",
    "effectiveDate": "02/02/2017",
    "expirationDate": null,
    "cancelDate": "10/11/2017",
    "cancelSourceCode": "NONPAY",
    "companyNumber": "60",
    "rateDate": "02/02/2017",
    "producerNumber": "10460",
    "versionStatus": "Cancel Pending",
    "versionType": "Renewal",
    "quotedDownPayment": "141.56",
    "policyTerm": "12",
    "payPlan": "12PayRNEFT",
    "writtenPremium": "1417",
    "feeAmount": "47.52",
    "writtenPremiumWFees": "1464.52",
    "billedAmount": "1425.52",
    "billedFeeAmount": "47.52",
    "totalBilledAmount": "1473.04",
    "yetToBeBilledAmount": "-8.52",
    "receiptAmount": "513.83",
    "currentDueAmount": "950.69",
    "remainBalanceAmount": "950.69",
    "writeOffAmount": "0.00",
    "lastActivityAmount": "08/22/2017",
    "lastBilledDate": "08/22/2017"
  },
  {
    "agencyCode": "26892",
    "owner": "NSA_CA.",
    "productNumber": "1",
    "product": "Private Passenger",
    "stateAbbreviation": "CA",
    "policyID": "104600332952001",
    "version": "6",
    "changeNumber": "2",
    "nameInsured": "CISNEROS, SAULO",
    "homePhone": "(310) 703-8050",
    "workPhone": null,
    "email": null,
    "effectiveDate": "05/02/2017",
    "expirationDate": null,
    "cancelDate": "10/11/2017",
    "cancelSourceCode": "NONPAY",
    "companyNumber": "60",
    "rateDate": "05/02/2017",
    "producerNumber": null,
    "versionStatus": "Cancel Pending",
    "versionType": "Renewal",
    "quotedDownPayment": "126.72",
    "policyTerm": "12",
    "payPlan": "12PayRNEFT",
    "writtenPremium": "1260",
    "feeAmount": "27.76",
    "writtenPremiumWFees": "1287.76",
    "billedAmount": "643.80",
    "billedFeeAmount": "27.76",
    "totalBilledAmount": "671.56",
    "yetToBeBilledAmount": "616.20",
    "receiptAmount": "126.72",
    "currentDueAmount": "544.84",
    "remainBalanceAmount": "1161.04",
    "writeOffAmount": "0.00",
    "lastActivityAmount": "08/22/2017",
    "lastBilledDate": "08/22/2017"
  },
  {
    "agencyCode": "26892",
    "owner": "NSA_CA.",
    "productNumber": "1",
    "product": "Private Passenger",
    "stateAbbreviation": "CA",
    "policyID": "104600335123001",
    "version": "6",
    "changeNumber": "2",
    "nameInsured": "FLORES, JUAN",
    "homePhone": "(310) 977-8793",
    "workPhone": null,
    "email": null,
    "effectiveDate": "05/03/2017",
    "expirationDate": null,
    "cancelDate": "10/11/2017",
    "cancelSourceCode": "NONPAY",
    "companyNumber": "60",
    "rateDate": "05/03/2017",
    "producerNumber": null,
    "versionStatus": "Cancel Pending",
    "versionType": "Renewal",
    "quotedDownPayment": "153.31",
    "policyTerm": "12",
    "payPlan": "12-PayRNDB",
    "writtenPremium": "1537",
    "feeAmount": "45.28",
    "writtenPremiumWFees": "1582.28",
    "billedAmount": "912.59",
    "billedFeeAmount": "45.28",
    "totalBilledAmount": "957.87",
    "yetToBeBilledAmount": "624.41",
    "receiptAmount": "153.31",
    "currentDueAmount": "804.56",
    "remainBalanceAmount": "1428.97",
    "writeOffAmount": "0.00",
    "lastActivityAmount": "08/22/2017",
    "lastBilledDate": "08/22/2017"
  },
  {
    "agencyCode": "26892",
    "owner": "NSA_CA.",
    "productNumber": "1",
    "product": "Private Passenger",
    "stateAbbreviation": "CA",
    "policyID": "104600337158001",
    "version": "6",
    "changeNumber": "2",
    "nameInsured": "RENTERIA, JORGE",
    "homePhone": "(310)433-7736",
    "workPhone": "(310) 649-2245",
    "email": null,
    "effectiveDate": "05/04/2017",
    "expirationDate": null,
    "cancelDate": "10/11/2017",
    "cancelSourceCode": "NONPAY",
    "companyNumber": "60",
    "rateDate": "05/04/2017",
    "producerNumber": null,
    "versionStatus": "Cancel Pending",
    "versionType": "Renewal",
    "quotedDownPayment": "55.41",
    "policyTerm": "12",
    "payPlan": "12-PayRNDB",
    "writtenPremium": "404",
    "feeAmount": "41.76",
    "writtenPremiumWFees": "445.76",
    "billedAmount": "249.49",
    "billedFeeAmount": "41.76",
    "totalBilledAmount": "291.25",
    "yetToBeBilledAmount": "154.51",
    "receiptAmount": "55.41",
    "currentDueAmount": "235.84",
    "remainBalanceAmount": "390.35",
    "writeOffAmount": "0.00",
    "lastActivityAmount": "08/22/2017",
    "lastBilledDate": "08/22/2017"
  },
  {
    "agencyCode": "26892",
    "owner": "NSA_CA.",
    "productNumber": "1",
    "product": "Private Passenger",
    "stateAbbreviation": "CA",
    "policyID": "104600338601001",
    "version": "6",
    "changeNumber": "2",
    "nameInsured": "Santos, Maximo",
    "homePhone": "(310) 419-1259",
    "workPhone": null,
    "email": null,
    "effectiveDate": "02/23/2017",
    "expirationDate": null,
    "cancelDate": "10/11/2017",
    "cancelSourceCode": "NONPAY",
    "companyNumber": "60",
    "rateDate": "02/23/2017",
    "producerNumber": "10460",
    "versionStatus": "Cancel Pending",
    "versionType": "Renewal",
    "quotedDownPayment": "126.81",
    "policyTerm": "12",
    "payPlan": "12-Pay REN",
    "writtenPremium": "1180",
    "feeAmount": "68.52",
    "writtenPremiumWFees": "1248.52",
    "billedAmount": "1094.61",
    "billedFeeAmount": "68.52",
    "totalBilledAmount": "1163.13",
    "yetToBeBilledAmount": "85.39",
    "receiptAmount": "343.49",
    "currentDueAmount": "819.64",
    "remainBalanceAmount": "905.03",
    "writeOffAmount": "0.00",
    "lastActivityAmount": "08/22/2017",
    "lastBilledDate": "08/22/2017"
  },
  {
    "agencyCode": "26892",
    "owner": "NSA_CA.",
    "productNumber": "1",
    "product": "Private Passenger",
    "stateAbbreviation": "CA",
    "policyID": "104600339767001",
    "version": "5",
    "changeNumber": "2",
    "nameInsured": "Mora-aviles, Jonathan",
    "homePhone": "(323) 439-3273",
    "workPhone": null,
    "email": null,
    "effectiveDate": "04/22/2017",
    "expirationDate": null,
    "cancelDate": "10/11/2017",
    "cancelSourceCode": "NONPAY",
    "companyNumber": "60",
    "rateDate": "04/22/2017",
    "producerNumber": "10460",
    "versionStatus": "Cancel Pending",
    "versionType": "Renewal",
    "quotedDownPayment": "68.33",
    "policyTerm": "12",
    "payPlan": "12-PayRNDB",
    "writtenPremium": "499",
    "feeAmount": "46.76",
    "writtenPremiumWFees": "545.76",
    "billedAmount": "308.11",
    "billedFeeAmount": "46.76",
    "totalBilledAmount": "354.87",
    "yetToBeBilledAmount": "190.89",
    "receiptAmount": "68.33",
    "currentDueAmount": "286.54",
    "remainBalanceAmount": "477.43",
    "writeOffAmount": "0.00",
    "lastActivityAmount": "08/22/2017",
    "lastBilledDate": "08/22/2017"
  },
  {
    "agencyCode": "26892",
    "owner": "NSA_CA.",
    "productNumber": "1",
    "product": "Private Passenger",
    "stateAbbreviation": "CA",
    "policyID": "104600339934001",
    "version": "6",
    "changeNumber": "2",
    "nameInsured": "SANTANA, CONNIE BEATRIZ",
    "homePhone": "(213) 321-8126",
    "workPhone": null,
    "email": null,
    "effectiveDate": "05/05/2017",
    "expirationDate": null,
    "cancelDate": "10/11/2017",
    "cancelSourceCode": "NONPAY",
    "companyNumber": "60",
    "rateDate": "05/05/2017",
    "producerNumber": null,
    "versionStatus": "Cancel Pending",
    "versionType": "Renewal",
    "quotedDownPayment": "139.09",
    "policyTerm": "12",
    "payPlan": "12PayRNEFT",
    "writtenPremium": "1105",
    "feeAmount": "53.04",
    "writtenPremiumWFees": "1158.04",
    "billedAmount": "582.38",
    "billedFeeAmount": "53.04",
    "totalBilledAmount": "635.42",
    "yetToBeBilledAmount": "522.62",
    "receiptAmount": "139.09",
    "currentDueAmount": "496.33",
    "remainBalanceAmount": "1018.95",
    "writeOffAmount": "0.00",
    "lastActivityAmount": "08/22/2017",
    "lastBilledDate": "08/22/2017"
  },
  {
    "agencyCode": "26892",
    "owner": "NSA_CA.",
    "productNumber": "1",
    "product": "Private Passenger",
    "stateAbbreviation": "CA",
    "policyID": "104600340498001",
    "version": "6",
    "changeNumber": "2",
    "nameInsured": "ROSS, MICHAEL",
    "homePhone": "(323) 206-8719",
    "workPhone": null,
    "email": null,
    "effectiveDate": "05/05/2017",
    "expirationDate": null,
    "cancelDate": "10/11/2017",
    "cancelSourceCode": "NONPAY",
    "companyNumber": "60",
    "rateDate": "05/05/2017",
    "producerNumber": null,
    "versionStatus": "Cancel Pending",
    "versionType": "Renewal",
    "quotedDownPayment": "60.33",
    "policyTerm": "12",
    "payPlan": "12-PayRNDB",
    "writtenPremium": "463",
    "feeAmount": "41.76",
    "writtenPremiumWFees": "504.76",
    "billedAmount": "283.93",
    "billedFeeAmount": "41.76",
    "totalBilledAmount": "325.69",
    "yetToBeBilledAmount": "179.07",
    "receiptAmount": "60.33",
    "currentDueAmount": "265.36",
    "remainBalanceAmount": "444.43",
    "writeOffAmount": "0.00",
    "lastActivityAmount": "08/22/2017",
    "lastBilledDate": "08/22/2017"
  },
  {
    "agencyCode": "26892",
    "owner": "NSA_CA.",
    "productNumber": "1",
    "product": "Private Passenger",
    "stateAbbreviation": "CA",
    "policyID": "104600340839001",
    "version": "6",
    "changeNumber": "2",
    "nameInsured": "Magana, Jose Flores",
    "homePhone": "(323) 833-5874",
    "workPhone": null,
    "email": null,
    "effectiveDate": "04/10/2017",
    "expirationDate": null,
    "cancelDate": "10/11/2017",
    "cancelSourceCode": "NONPAY",
    "companyNumber": "60",
    "rateDate": "04/10/2017",
    "producerNumber": "10460",
    "versionStatus": "Cancel Pending",
    "versionType": "Renewal",
    "quotedDownPayment": "86.18",
    "policyTerm": "12",
    "payPlan": "12PayRNEFT",
    "writtenPremium": "710",
    "feeAmount": "39.04",
    "writtenPremiumWFees": "749.04",
    "billedAmount": "431.34",
    "billedFeeAmount": "39.04",
    "totalBilledAmount": "470.38",
    "yetToBeBilledAmount": "278.66",
    "receiptAmount": "151.35",
    "currentDueAmount": "319.03",
    "remainBalanceAmount": "597.69",
    "writeOffAmount": "0.00",
    "lastActivityAmount": "08/22/2017",
    "lastBilledDate": "08/22/2017"
  },
  {
    "agencyCode": "26892",
    "owner": "NSA_CA.",
    "productNumber": "1",
    "product": "Private Passenger",
    "stateAbbreviation": "CA",
    "policyID": "104600342553001",
    "version": "6",
    "changeNumber": "2",
    "nameInsured": "TILLIS, SANDRA",
    "homePhone": "(213) 924-7441",
    "workPhone": "(   )    -",
    "email": null,
    "effectiveDate": "05/07/2017",
    "expirationDate": null,
    "cancelDate": "10/11/2017",
    "cancelSourceCode": "NONPAY",
    "companyNumber": "60",
    "rateDate": "05/07/2017",
    "producerNumber": null,
    "versionStatus": "Cancel Pending",
    "versionType": "Renewal",
    "quotedDownPayment": "94.57",
    "policyTerm": "12",
    "payPlan": "12-PayRNDB",
    "writtenPremium": "853",
    "feeAmount": "33.52",
    "writtenPremiumWFees": "886.52",
    "billedAmount": "441.42",
    "billedFeeAmount": "33.52",
    "totalBilledAmount": "474.94",
    "yetToBeBilledAmount": "411.58",
    "receiptAmount": "94.57",
    "currentDueAmount": "380.37",
    "remainBalanceAmount": "791.95",
    "writeOffAmount": "0.00",
    "lastActivityAmount": "08/22/2017",
    "lastBilledDate": "08/22/2017"
  },
  {
    "agencyCode": "26892",
    "owner": "NSA_CA.",
    "productNumber": "1",
    "product": "Private Passenger",
    "stateAbbreviation": "CA",
    "policyID": "104600343600001",
    "version": "6",
    "changeNumber": "2",
    "nameInsured": "TROVECKE, KEVIN JAMES",
    "homePhone": "(310) 515-5081",
    "workPhone": "(310) 787-0208",
    "email": null,
    "effectiveDate": "05/06/2017",
    "expirationDate": null,
    "cancelDate": "10/11/2017",
    "cancelSourceCode": "NONPAY",
    "companyNumber": "60",
    "rateDate": "05/06/2017",
    "producerNumber": null,
    "versionStatus": "Cancel Pending",
    "versionType": "Renewal",
    "quotedDownPayment": "98.48",
    "policyTerm": "12",
    "payPlan": "12-PayRNDB",
    "writtenPremium": "921",
    "feeAmount": "41.76",
    "writtenPremiumWFees": "962.76",
    "billedAmount": "551.08",
    "billedFeeAmount": "41.76",
    "totalBilledAmount": "592.84",
    "yetToBeBilledAmount": "369.92",
    "receiptAmount": "98.48",
    "currentDueAmount": "494.36",
    "remainBalanceAmount": "864.28",
    "writeOffAmount": "0.00",
    "lastActivityAmount": "08/22/2017",
    "lastBilledDate": "08/22/2017"
  },
  {
    "agencyCode": "26892",
    "owner": "NSA_CA.",
    "productNumber": "1",
    "product": "Private Passenger",
    "stateAbbreviation": "CA",
    "policyID": "104600345654001",
    "version": "6",
    "changeNumber": "2",
    "nameInsured": "ARAGON, AGRIPINO",
    "homePhone": "(310) 283-1138",
    "workPhone": "(   )    -",
    "email": null,
    "effectiveDate": "05/09/2017",
    "expirationDate": null,
    "cancelDate": "10/11/2017",
    "cancelSourceCode": "NONPAY",
    "companyNumber": "60",
    "rateDate": "05/09/2017",
    "producerNumber": null,
    "versionStatus": "Cancel Pending",
    "versionType": "Renewal",
    "quotedDownPayment": "126.55",
    "policyTerm": "12",
    "payPlan": "12-PayRNDB",
    "writtenPremium": "1258",
    "feeAmount": "31.76",
    "writtenPremiumWFees": "1289.76",
    "billedAmount": "642.78",
    "billedFeeAmount": "31.76",
    "totalBilledAmount": "674.54",
    "yetToBeBilledAmount": "615.22",
    "receiptAmount": "126.55",
    "currentDueAmount": "547.99",
    "remainBalanceAmount": "1163.21",
    "writeOffAmount": "0.00",
    "lastActivityAmount": "08/22/2017",
    "lastBilledDate": "08/22/2017"
  },
  {
    "agencyCode": "26892",
    "owner": "NSA_CA.",
    "productNumber": "1",
    "product": "Private Passenger",
    "stateAbbreviation": "CA",
    "policyID": "104600346036001",
    "version": "6",
    "changeNumber": "2",
    "nameInsured": "SALAZAR-PADILLA, IGNACIO",
    "homePhone": "(310) 419-9116",
    "workPhone": null,
    "email": null,
    "effectiveDate": "05/09/2017",
    "expirationDate": null,
    "cancelDate": "10/11/2017",
    "cancelSourceCode": "NONPAY",
    "companyNumber": "60",
    "rateDate": "05/09/2017",
    "producerNumber": null,
    "versionStatus": "Cancel Pending",
    "versionType": "Renewal",
    "quotedDownPayment": "88.58",
    "policyTerm": "12",
    "payPlan": "12PayRNEFT",
    "writtenPremium": "721",
    "feeAmount": "34.52",
    "writtenPremiumWFees": "755.52",
    "billedAmount": "321.14",
    "billedFeeAmount": "34.52",
    "totalBilledAmount": "355.66",
    "yetToBeBilledAmount": "399.86",
    "receiptAmount": "88.58",
    "currentDueAmount": "267.08",
    "remainBalanceAmount": "666.94",
    "writeOffAmount": "0.00",
    "lastActivityAmount": "08/22/2017",
    "lastBilledDate": "08/22/2017"
  },
  {
    "agencyCode": "26892",
    "owner": "NSA_CA.",
    "productNumber": "1",
    "product": "Private Passenger",
    "stateAbbreviation": "CA",
    "policyID": "104600347546001",
    "version": "6",
    "changeNumber": "2",
    "nameInsured": "BETANCURE, JENNIE",
    "homePhone": "(323) 569-9549",
    "workPhone": "(   )    -",
    "email": null,
    "effectiveDate": "05/10/2017",
    "expirationDate": null,
    "cancelDate": "10/11/2017",
    "cancelSourceCode": "NONPAY",
    "companyNumber": "60",
    "rateDate": "05/10/2017",
    "producerNumber": null,
    "versionStatus": "Cancel Pending",
    "versionType": "Renewal",
    "quotedDownPayment": "45.25",
    "policyTerm": "12",
    "payPlan": "12PayRNEFT",
    "writtenPremium": "282",
    "feeAmount": "27.76",
    "writtenPremiumWFees": "309.76",
    "billedAmount": "133.33",
    "billedFeeAmount": "27.76",
    "totalBilledAmount": "161.09",
    "yetToBeBilledAmount": "148.67",
    "receiptAmount": "45.25",
    "currentDueAmount": "115.84",
    "remainBalanceAmount": "264.51",
    "writeOffAmount": "0.00",
    "lastActivityAmount": "08/22/2017",
    "lastBilledDate": "08/22/2017"
  },
  {
    "agencyCode": "26892",
    "owner": "NSA_CA.",
    "productNumber": "1",
    "product": "Private Passenger",
    "stateAbbreviation": "CA",
    "policyID": "104600348056001",
    "version": "6",
    "changeNumber": "2",
    "nameInsured": "RAUDA, PEDRO ALEXANDER",
    "homePhone": "(818) 982-3545",
    "workPhone": null,
    "email": null,
    "effectiveDate": "05/10/2017",
    "expirationDate": null,
    "cancelDate": "10/11/2017",
    "cancelSourceCode": "NONPAY",
    "companyNumber": "60",
    "rateDate": "05/10/2017",
    "producerNumber": null,
    "versionStatus": "Cancel Pending",
    "versionType": "Renewal",
    "quotedDownPayment": "119.47",
    "policyTerm": "12",
    "payPlan": "12-PayRNDB",
    "writtenPremium": "1173",
    "feeAmount": "31.76",
    "writtenPremiumWFees": "1204.76",
    "billedAmount": "600.30",
    "billedFeeAmount": "31.76",
    "totalBilledAmount": "632.06",
    "yetToBeBilledAmount": "572.70",
    "receiptAmount": "119.47",
    "currentDueAmount": "512.59",
    "remainBalanceAmount": "1085.29",
    "writeOffAmount": "0.00",
    "lastActivityAmount": "08/22/2017",
    "lastBilledDate": "08/22/2017"
  },
  {
    "agencyCode": "26892",
    "owner": "NSA_CA.",
    "productNumber": "1",
    "product": "Private Passenger",
    "stateAbbreviation": "CA",
    "policyID": "104600349832001",
    "version": "6",
    "changeNumber": "2",
    "nameInsured": "STEVENS, FAUZALEE SADIQA",
    "homePhone": "(310) 462-7132",
    "workPhone": "(323) 290-5370",
    "email": null,
    "effectiveDate": "05/11/2017",
    "expirationDate": null,
    "cancelDate": "10/11/2017",
    "cancelSourceCode": "NONPAY",
    "companyNumber": "60",
    "rateDate": "05/11/2017",
    "producerNumber": null,
    "versionStatus": "Cancel Pending",
    "versionType": "Renewal",
    "quotedDownPayment": "95.48",
    "policyTerm": "12",
    "payPlan": "12-PayRNDB",
    "writtenPremium": "885",
    "feeAmount": "31.76",
    "writtenPremiumWFees": "916.76",
    "billedAmount": "456.32",
    "billedFeeAmount": "31.76",
    "totalBilledAmount": "488.08",
    "yetToBeBilledAmount": "428.68",
    "receiptAmount": "95.48",
    "currentDueAmount": "392.60",
    "remainBalanceAmount": "821.28",
    "writeOffAmount": "0.00",
    "lastActivityAmount": "08/22/2017",
    "lastBilledDate": "08/22/2017"
  },
  {
    "agencyCode": "26892",
    "owner": "NSA_CA.",
    "productNumber": "1",
    "product": "Private Passenger",
    "stateAbbreviation": "CA",
    "policyID": "104600352351001",
    "version": "6",
    "changeNumber": "2",
    "nameInsured": "BLANCO, MARIA VICTORIA",
    "homePhone": "(310) 846-7091",
    "workPhone": null,
    "email": null,
    "effectiveDate": "05/14/2017",
    "expirationDate": null,
    "cancelDate": "10/11/2017",
    "cancelSourceCode": "NONPAY",
    "companyNumber": "60",
    "rateDate": "05/14/2017",
    "producerNumber": null,
    "versionStatus": "Cancel Pending",
    "versionType": "Renewal",
    "quotedDownPayment": "179.05",
    "policyTerm": "12",
    "payPlan": "12PayRNEFT",
    "writtenPremium": "1846",
    "feeAmount": "31.28",
    "writtenPremiumWFees": "1877.28",
    "billedAmount": "787.45",
    "billedFeeAmount": "31.28",
    "totalBilledAmount": "818.73",
    "yetToBeBilledAmount": "1058.55",
    "receiptAmount": "179.05",
    "currentDueAmount": "639.68",
    "remainBalanceAmount": "1698.23",
    "writeOffAmount": "0.00",
    "lastActivityAmount": "08/22/2017",
    "lastBilledDate": "08/22/2017"
  },
  {
    "agencyCode": "26892",
    "owner": "NSA_CA.",
    "productNumber": "1",
    "product": "Private Passenger",
    "stateAbbreviation": "CA",
    "policyID": "104600352398001",
    "version": "6",
    "changeNumber": "2",
    "nameInsured": "Gomez, Jose Celestino",
    "homePhone": "(310) 988-5284",
    "workPhone": null,
    "email": null,
    "effectiveDate": "05/14/2017",
    "expirationDate": null,
    "cancelDate": "10/11/2017",
    "cancelSourceCode": "NONPAY",
    "companyNumber": "63",
    "rateDate": "05/14/2017",
    "producerNumber": "10463",
    "versionStatus": "Cancel Pending",
    "versionType": "Renewal",
    "quotedDownPayment": "252.44",
    "policyTerm": "12",
    "payPlan": "12PayRNEFT",
    "writtenPremium": "2667",
    "feeAmount": "36.28",
    "writtenPremiumWFees": "2703.28",
    "billedAmount": "1133.13",
    "billedFeeAmount": "36.28",
    "totalBilledAmount": "1169.41",
    "yetToBeBilledAmount": "1533.87",
    "receiptAmount": "252.44",
    "currentDueAmount": "916.97",
    "remainBalanceAmount": "2450.84",
    "writeOffAmount": "0.00",
    "lastActivityAmount": "08/22/2017",
    "lastBilledDate": "08/22/2017"
  },
  {
    "agencyCode": "26892",
    "owner": "NSA_CA.",
    "productNumber": "1",
    "product": "Private Passenger",
    "stateAbbreviation": "CA",
    "policyID": "104600352762001",
    "version": "6",
    "changeNumber": "2",
    "nameInsured": "Camarena, Gerardo",
    "homePhone": "(213) 909-6893",
    "workPhone": null,
    "email": null,
    "effectiveDate": "05/13/2017",
    "expirationDate": null,
    "cancelDate": "10/11/2017",
    "cancelSourceCode": "NONPAY",
    "companyNumber": "60",
    "rateDate": "05/13/2017",
    "producerNumber": null,
    "versionStatus": "Cancel Pending",
    "versionType": "Renewal",
    "quotedDownPayment": "149.72",
    "policyTerm": "12",
    "payPlan": "12PayRNEFT",
    "writtenPremium": "1455",
    "feeAmount": "40.52",
    "writtenPremiumWFees": "1495.52",
    "billedAmount": "748.18",
    "billedFeeAmount": "40.52",
    "totalBilledAmount": "788.70",
    "yetToBeBilledAmount": "706.82",
    "receiptAmount": "149.72",
    "currentDueAmount": "638.98",
    "remainBalanceAmount": "1345.80",
    "writeOffAmount": "0.00",
    "lastActivityAmount": "08/29/2017",
    "lastBilledDate": "08/29/2017"
  },
  {
    "agencyCode": "26892",
    "owner": "NSA_CA.",
    "productNumber": "1",
    "product": "Private Passenger",
    "stateAbbreviation": "CA",
    "policyID": "104600353437001",
    "version": "6",
    "changeNumber": "2",
    "nameInsured": "RIVERA, WALTER",
    "homePhone": "(213) 500-5361",
    "workPhone": "(310) 642-9200",
    "email": null,
    "effectiveDate": "05/13/2017",
    "expirationDate": null,
    "cancelDate": "10/11/2017",
    "cancelSourceCode": "NONPAY",
    "companyNumber": "60",
    "rateDate": "05/13/2017",
    "producerNumber": null,
    "versionStatus": "Cancel Pending",
    "versionType": "Renewal",
    "quotedDownPayment": "134.55",
    "policyTerm": "12",
    "payPlan": "12PayRNEFT",
    "writtenPremium": "1354",
    "feeAmount": "33.76",
    "writtenPremiumWFees": "1387.76",
    "billedAmount": "692.76",
    "billedFeeAmount": "33.76",
    "totalBilledAmount": "726.52",
    "yetToBeBilledAmount": "661.24",
    "receiptAmount": "134.55",
    "currentDueAmount": "591.97",
    "remainBalanceAmount": "1253.21",
    "writeOffAmount": "0.00",
    "lastActivityAmount": "08/29/2017",
    "lastBilledDate": "08/29/2017"
  },
  {
    "agencyCode": "26892",
    "owner": "NSA_CA.",
    "productNumber": "1",
    "product": "Private Passenger",
    "stateAbbreviation": "CA",
    "policyID": "104600354173001",
    "version": "6",
    "changeNumber": "2",
    "nameInsured": "SOSA, JUAN A",
    "homePhone": "(310) 412-5820",
    "workPhone": "(310) 640-8251",
    "email": null,
    "effectiveDate": "05/13/2017",
    "expirationDate": null,
    "cancelDate": "10/11/2017",
    "cancelSourceCode": "NONPAY",
    "companyNumber": "60",
    "rateDate": "05/13/2017",
    "producerNumber": null,
    "versionStatus": "Cancel Pending",
    "versionType": "Renewal",
    "quotedDownPayment": "52.25",
    "policyTerm": "12",
    "payPlan": "12PayRNEFT",
    "writtenPremium": "366",
    "feeAmount": "33.76",
    "writtenPremiumWFees": "399.76",
    "billedAmount": "198.83",
    "billedFeeAmount": "33.76",
    "totalBilledAmount": "232.59",
    "yetToBeBilledAmount": "167.17",
    "receiptAmount": "52.25",
    "currentDueAmount": "180.34",
    "remainBalanceAmount": "347.51",
    "writeOffAmount": "0.00",
    "lastActivityAmount": "08/29/2017",
    "lastBilledDate": "08/29/2017"
  },
  {
    "agencyCode": "26892",
    "owner": "NSA_CA.",
    "productNumber": "1",
    "product": "Private Passenger",
    "stateAbbreviation": "CA",
    "policyID": "104600355040001",
    "version": "6",
    "changeNumber": "2",
    "nameInsured": "Galvan, Juan",
    "homePhone": "(562) 801-2496",
    "workPhone": null,
    "email": null,
    "effectiveDate": "04/10/2017",
    "expirationDate": null,
    "cancelDate": "10/11/2017",
    "cancelSourceCode": "NONPAY",
    "companyNumber": "60",
    "rateDate": "04/10/2017",
    "producerNumber": "10460",
    "versionStatus": "Cancel Pending",
    "versionType": "Renewal",
    "quotedDownPayment": "218.12",
    "policyTerm": "12",
    "payPlan": "12PayRNEFT",
    "writtenPremium": "2315",
    "feeAmount": "37.28",
    "writtenPremiumWFees": "2352.28",
    "billedAmount": "1366.41",
    "billedFeeAmount": "37.28",
    "totalBilledAmount": "1403.69",
    "yetToBeBilledAmount": "948.59",
    "receiptAmount": "417.05",
    "currentDueAmount": "986.64",
    "remainBalanceAmount": "1935.23",
    "writeOffAmount": "0.00",
    "lastActivityAmount": "08/22/2017",
    "lastBilledDate": "08/22/2017"
  },
  {
    "agencyCode": "26892",
    "owner": "NSA_CA.",
    "productNumber": "1",
    "product": "Private Passenger",
    "stateAbbreviation": "CA",
    "policyID": "104600355981001",
    "version": "6",
    "changeNumber": "2",
    "nameInsured": "DORANTES, ALFREDO",
    "homePhone": "(310) 370-9679",
    "workPhone": "(310) 645-8888",
    "email": null,
    "effectiveDate": "05/15/2017",
    "expirationDate": null,
    "cancelDate": "10/11/2017",
    "cancelSourceCode": "NONPAY",
    "companyNumber": "60",
    "rateDate": "05/15/2017",
    "producerNumber": null,
    "versionStatus": "Cancel Pending",
    "versionType": "Renewal",
    "quotedDownPayment": "175.32",
    "policyTerm": "12",
    "payPlan": "12-PayRNDB",
    "writtenPremium": "1540",
    "feeAmount": "57.04",
    "writtenPremiumWFees": "1597.04",
    "billedAmount": "675.80",
    "billedFeeAmount": "57.04",
    "totalBilledAmount": "732.84",
    "yetToBeBilledAmount": "864.20",
    "receiptAmount": "175.32",
    "currentDueAmount": "557.52",
    "remainBalanceAmount": "1421.72",
    "writeOffAmount": "0.00",
    "lastActivityAmount": "08/22/2017",
    "lastBilledDate": "08/22/2017"
  },
  {
    "agencyCode": "26892",
    "owner": "NSA_CA.",
    "productNumber": "1",
    "product": "Private Passenger",
    "stateAbbreviation": "CA",
    "policyID": "104600357450001",
    "version": "6",
    "changeNumber": "2",
    "nameInsured": "Lopez, Lisa",
    "homePhone": "(310) 673-9331",
    "workPhone": null,
    "email": null,
    "effectiveDate": "05/16/2017",
    "expirationDate": null,
    "cancelDate": "10/11/2017",
    "cancelSourceCode": "NONPAY",
    "companyNumber": "60",
    "rateDate": "05/16/2017",
    "producerNumber": null,
    "versionStatus": "Cancel Pending",
    "versionType": "Renewal",
    "quotedDownPayment": "178.23",
    "policyTerm": "12",
    "payPlan": "12PayRNEFT",
    "writtenPremium": "1596",
    "feeAmount": "51.28",
    "writtenPremiumWFees": "1647.28",
    "billedAmount": "697.85",
    "billedFeeAmount": "51.28",
    "totalBilledAmount": "749.13",
    "yetToBeBilledAmount": "898.15",
    "receiptAmount": "178.23",
    "currentDueAmount": "570.90",
    "remainBalanceAmount": "1469.05",
    "writeOffAmount": "0.00",
    "lastActivityAmount": "08/22/2017",
    "lastBilledDate": "08/22/2017"
  },
  {
    "agencyCode": "26892",
    "owner": "NSA_CA.",
    "productNumber": "1",
    "product": "Private Passenger",
    "stateAbbreviation": "CA",
    "policyID": "104600357487001",
    "version": "6",
    "changeNumber": "2",
    "nameInsured": "HERNANDEZ, JOSE",
    "homePhone": "(323) 679-8182",
    "workPhone": "(   )    -",
    "email": null,
    "effectiveDate": "05/16/2017",
    "expirationDate": null,
    "cancelDate": "10/11/2017",
    "cancelSourceCode": "NONPAY",
    "companyNumber": "60",
    "rateDate": "05/16/2017",
    "producerNumber": null,
    "versionStatus": "Cancel Pending",
    "versionType": "Renewal",
    "quotedDownPayment": "118.32",
    "policyTerm": "12",
    "payPlan": "12PayRNEFT",
    "writtenPremium": "1138",
    "feeAmount": "29.52",
    "writtenPremiumWFees": "1167.52",
    "billedAmount": "491.22",
    "billedFeeAmount": "29.52",
    "totalBilledAmount": "520.74",
    "yetToBeBilledAmount": "646.78",
    "receiptAmount": "118.32",
    "currentDueAmount": "402.42",
    "remainBalanceAmount": "1049.20",
    "writeOffAmount": "0.00",
    "lastActivityAmount": "08/22/2017",
    "lastBilledDate": "08/22/2017"
  },
  {
    "agencyCode": "26892",
    "owner": "NSA_CA.",
    "productNumber": "1",
    "product": "Private Passenger",
    "stateAbbreviation": "CA",
    "policyID": "104600357490001",
    "version": "6",
    "changeNumber": "2",
    "nameInsured": "GONZALEZ, TERRY",
    "homePhone": "(310) 568-8532",
    "workPhone": "(   )    -",
    "email": null,
    "effectiveDate": "05/16/2017",
    "expirationDate": null,
    "cancelDate": "10/11/2017",
    "cancelSourceCode": "NONPAY",
    "companyNumber": "60",
    "rateDate": "05/16/2017",
    "producerNumber": null,
    "versionStatus": "Cancel Pending",
    "versionType": "Renewal",
    "quotedDownPayment": "53.58",
    "policyTerm": "12",
    "payPlan": "12-PayRNDB",
    "writtenPremium": "382",
    "feeAmount": "31.76",
    "writtenPremiumWFees": "413.76",
    "billedAmount": "174.98",
    "billedFeeAmount": "31.76",
    "totalBilledAmount": "206.74",
    "yetToBeBilledAmount": "207.02",
    "receiptAmount": "53.58",
    "currentDueAmount": "153.16",
    "remainBalanceAmount": "360.18",
    "writeOffAmount": "0.00",
    "lastActivityAmount": "08/22/2017",
    "lastBilledDate": "08/22/2017"
  },
  {
    "agencyCode": "26892",
    "owner": "NSA_CA.",
    "productNumber": "1",
    "product": "Private Passenger",
    "stateAbbreviation": "CA",
    "policyID": "104600357923001",
    "version": "6",
    "changeNumber": "2",
    "nameInsured": "Blanco, Felipe Arana",
    "homePhone": "(310) 623-7122",
    "workPhone": null,
    "email": null,
    "effectiveDate": "04/12/2017",
    "expirationDate": null,
    "cancelDate": "10/11/2017",
    "cancelSourceCode": "NONPAY",
    "companyNumber": "60",
    "rateDate": "04/12/2017",
    "producerNumber": "10460",
    "versionStatus": "Cancel Pending",
    "versionType": "Renewal",
    "quotedDownPayment": "255.69",
    "policyTerm": "12",
    "payPlan": "12PayRNEFT",
    "writtenPremium": "2706",
    "feeAmount": "42.28",
    "writtenPremiumWFees": "2748.28",
    "billedAmount": "1597.65",
    "billedFeeAmount": "42.28",
    "totalBilledAmount": "1639.93",
    "yetToBeBilledAmount": "1108.35",
    "receiptAmount": "487.20",
    "currentDueAmount": "1152.73",
    "remainBalanceAmount": "2261.08",
    "writeOffAmount": "0.00",
    "lastActivityAmount": "08/22/2017",
    "lastBilledDate": "08/22/2017"
  },
  {
    "agencyCode": "26892",
    "owner": "NSA_CA.",
    "productNumber": "1",
    "product": "Private Passenger",
    "stateAbbreviation": "CA",
    "policyID": "104600361845001",
    "version": "6",
    "changeNumber": "3",
    "nameInsured": "Williams, Kameisha Denise",
    "homePhone": "(310) 421-6591",
    "workPhone": null,
    "email": null,
    "effectiveDate": "04/14/2017",
    "expirationDate": null,
    "cancelDate": "10/11/2017",
    "cancelSourceCode": "NONPAY",
    "companyNumber": "60",
    "rateDate": "04/14/2017",
    "producerNumber": "10460",
    "versionStatus": "Cancel Pending",
    "versionType": "Renewal",
    "quotedDownPayment": "154.46",
    "policyTerm": "12",
    "payPlan": "12-Pay REN",
    "writtenPremium": "1593",
    "feeAmount": "33.76",
    "writtenPremiumWFees": "1626.76",
    "billedAmount": "943.04",
    "billedFeeAmount": "33.76",
    "totalBilledAmount": "976.80",
    "yetToBeBilledAmount": "649.96",
    "receiptAmount": "293.22",
    "currentDueAmount": "683.58",
    "remainBalanceAmount": "1333.54",
    "writeOffAmount": "0.00",
    "lastActivityAmount": "08/22/2017",
    "lastBilledDate": "08/22/2017"
  },
  {
    "agencyCode": "26892",
    "owner": "NSA_CA.",
    "productNumber": "1",
    "product": "Private Passenger",
    "stateAbbreviation": "CA",
    "policyID": "104600368109001",
    "version": "6",
    "changeNumber": "2",
    "nameInsured": "Watson, John Lee",
    "homePhone": "(310) 613-7944",
    "workPhone": null,
    "email": null,
    "effectiveDate": "04/25/2017",
    "expirationDate": null,
    "cancelDate": "10/11/2017",
    "cancelSourceCode": "NONPAY",
    "companyNumber": "60",
    "rateDate": "04/25/2017",
    "producerNumber": "10460",
    "versionStatus": "Cancel Pending",
    "versionType": "Renewal",
    "quotedDownPayment": "71.14",
    "policyTerm": "12",
    "payPlan": "12PayRNEFT",
    "writtenPremium": "1286",
    "feeAmount": "37.28",
    "writtenPremiumWFees": "1323.28",
    "billedAmount": "671.52",
    "billedFeeAmount": "37.28",
    "totalBilledAmount": "708.80",
    "yetToBeBilledAmount": "614.48",
    "receiptAmount": "93.72",
    "currentDueAmount": "615.08",
    "remainBalanceAmount": "1229.56",
    "writeOffAmount": "0.00",
    "lastActivityAmount": "08/22/2017",
    "lastBilledDate": "08/22/2017"
  },
  {
    "agencyCode": "26892",
    "owner": "NSA_CA.",
    "productNumber": "1",
    "product": "Private Passenger",
    "stateAbbreviation": "CA",
    "policyID": "104600369636001",
    "version": "6",
    "changeNumber": "2",
    "nameInsured": "GUTIERREZ, GUSTAVO",
    "homePhone": "(310) 677-4884",
    "workPhone": "(800) 310-3326",
    "email": null,
    "effectiveDate": "05/23/2017",
    "expirationDate": null,
    "cancelDate": "10/11/2017",
    "cancelSourceCode": "NONPAY",
    "companyNumber": "60",
    "rateDate": "05/23/2017",
    "producerNumber": null,
    "versionStatus": "Cancel Pending",
    "versionType": "Renewal",
    "quotedDownPayment": "127.07",
    "policyTerm": "12",
    "payPlan": "12-PayRNDB",
    "writtenPremium": "1063",
    "feeAmount": "48.52",
    "writtenPremiumWFees": "1111.52",
    "billedAmount": "470.89",
    "billedFeeAmount": "48.52",
    "totalBilledAmount": "519.41",
    "yetToBeBilledAmount": "592.11",
    "receiptAmount": "127.07",
    "currentDueAmount": "392.34",
    "remainBalanceAmount": "984.45",
    "writeOffAmount": "0.00",
    "lastActivityAmount": "08/22/2017",
    "lastBilledDate": "08/22/2017"
  },
  {
    "agencyCode": "26892",
    "owner": "NSA_CA.",
    "productNumber": "1",
    "product": "Private Passenger",
    "stateAbbreviation": "CA",
    "policyID": "104600372197001",
    "version": "6",
    "changeNumber": "2",
    "nameInsured": "Rodas, Mario Julian",
    "homePhone": "323-534-7421",
    "workPhone": null,
    "email": null,
    "effectiveDate": "04/20/2017",
    "expirationDate": null,
    "cancelDate": "10/11/2017",
    "cancelSourceCode": "NONPAY",
    "companyNumber": "60",
    "rateDate": "04/20/2017",
    "producerNumber": "10460",
    "versionStatus": "Cancel Pending",
    "versionType": "Renewal",
    "quotedDownPayment": "116.73",
    "policyTerm": "12",
    "payPlan": "12PayRNEFT",
    "writtenPremium": "1119",
    "feeAmount": "35.52",
    "writtenPremiumWFees": "1154.52",
    "billedAmount": "667.68",
    "billedFeeAmount": "35.52",
    "totalBilledAmount": "703.20",
    "yetToBeBilledAmount": "451.32",
    "receiptAmount": "116.73",
    "currentDueAmount": "586.47",
    "remainBalanceAmount": "1037.79",
    "writeOffAmount": "0.00",
    "lastActivityAmount": "08/22/2017",
    "lastBilledDate": "08/22/2017"
  },
  {
    "agencyCode": "26892",
    "owner": "NSA_CA.",
    "productNumber": "1",
    "product": "Private Passenger",
    "stateAbbreviation": "CA",
    "policyID": "104600376968001",
    "version": "6",
    "changeNumber": "4",
    "nameInsured": "VARGAS, MICHELLE CECENA",
    "homePhone": "(562) 865-5291",
    "workPhone": "(310)639-6000",
    "email": null,
    "effectiveDate": "11/15/2016",
    "expirationDate": null,
    "cancelDate": "10/11/2017",
    "cancelSourceCode": "NONPAY",
    "companyNumber": "60",
    "rateDate": "11/15/2016",
    "producerNumber": null,
    "versionStatus": "Cancel Pending",
    "versionType": "Renewal",
    "quotedDownPayment": "103.81",
    "policyTerm": "12",
    "payPlan": "12-PayRNDB",
    "writtenPremium": "985",
    "feeAmount": "97.76",
    "writtenPremiumWFees": "1082.76",
    "billedAmount": "1399.39",
    "billedFeeAmount": "97.76",
    "totalBilledAmount": "1497.15",
    "yetToBeBilledAmount": "-414.39",
    "receiptAmount": "754.43",
    "currentDueAmount": "328.33",
    "remainBalanceAmount": "328.33",
    "writeOffAmount": "0.00",
    "lastActivityAmount": "08/29/2017",
    "lastBilledDate": "08/22/2017"
  },
  {
    "agencyCode": "26892",
    "owner": "NSA_CA.",
    "productNumber": "1",
    "product": "Private Passenger",
    "stateAbbreviation": "CA",
    "policyID": "104600378036001",
    "version": "4",
    "changeNumber": "2",
    "nameInsured": "Rendon, Fernando",
    "homePhone": "(310) 412-7065",
    "workPhone": null,
    "email": null,
    "effectiveDate": "11/07/2016",
    "expirationDate": null,
    "cancelDate": "10/11/2017",
    "cancelSourceCode": "NONPAY",
    "companyNumber": "60",
    "rateDate": "11/07/2016",
    "producerNumber": "10460",
    "versionStatus": "Cancel Pending",
    "versionType": "Renewal",
    "quotedDownPayment": "128.39",
    "policyTerm": "12",
    "payPlan": "12PayRNEFT",
    "writtenPremium": "1220",
    "feeAmount": "68.76",
    "writtenPremiumWFees": "1288.76",
    "billedAmount": "1733.19",
    "billedFeeAmount": "68.76",
    "totalBilledAmount": "1801.95",
    "yetToBeBilledAmount": "-513.19",
    "receiptAmount": "774.41",
    "currentDueAmount": "514.35",
    "remainBalanceAmount": "514.35",
    "writeOffAmount": "0.00",
    "lastActivityAmount": "08/22/2017",
    "lastBilledDate": "08/22/2017"
  },
  {
    "agencyCode": "26892",
    "owner": "NSA_CA.",
    "productNumber": "1",
    "product": "Private Passenger",
    "stateAbbreviation": "CA",
    "policyID": "104600381838001",
    "version": "6",
    "changeNumber": "2",
    "nameInsured": "MORALEZ, CATALINA",
    "homePhone": "(310) 677-5298",
    "workPhone": "(   )    -",
    "email": null,
    "effectiveDate": "10/31/2016",
    "expirationDate": null,
    "cancelDate": "10/11/2017",
    "cancelSourceCode": "NONPAY",
    "companyNumber": "60",
    "rateDate": "10/31/2016",
    "producerNumber": null,
    "versionStatus": "Cancel Pending",
    "versionType": "Rewrite",
    "quotedDownPayment": "92.55",
    "policyTerm": "12",
    "payPlan": "12-PayDBRW",
    "writtenPremium": "695",
    "feeAmount": "101.76",
    "writtenPremiumWFees": "796.76",
    "billedAmount": "1108.28",
    "billedFeeAmount": "101.76",
    "totalBilledAmount": "1210.04",
    "yetToBeBilledAmount": "-413.28",
    "receiptAmount": "509.31",
    "currentDueAmount": "287.45",
    "remainBalanceAmount": "287.45",
    "writeOffAmount": "0.00",
    "lastActivityAmount": "08/22/2017",
    "lastBilledDate": "08/22/2017"
  },
  {
    "agencyCode": "26892",
    "owner": "NSA_CA.",
    "productNumber": "1",
    "product": "Private Passenger",
    "stateAbbreviation": "CA",
    "policyID": "104600391101001",
    "version": "4",
    "changeNumber": "8",
    "nameInsured": "Lovett, Vincent Edward",
    "homePhone": "(323) 377-5175",
    "workPhone": null,
    "email": null,
    "effectiveDate": "11/04/2016",
    "expirationDate": null,
    "cancelDate": "10/11/2017",
    "cancelSourceCode": "NONPAY",
    "companyNumber": "60",
    "rateDate": "11/04/2016",
    "producerNumber": "10460",
    "versionStatus": "Cancel Pending",
    "versionType": "New",
    "quotedDownPayment": "95.06",
    "policyTerm": "12",
    "payPlan": "12-Pay DB",
    "writtenPremium": "733",
    "feeAmount": "119.76",
    "writtenPremiumWFees": "852.76",
    "billedAmount": "1168.13",
    "billedFeeAmount": "119.76",
    "totalBilledAmount": "1287.89",
    "yetToBeBilledAmount": "-435.13",
    "receiptAmount": "532.91",
    "currentDueAmount": "319.85",
    "remainBalanceAmount": "319.85",
    "writeOffAmount": "0.00",
    "lastActivityAmount": "08/22/2017",
    "lastBilledDate": "08/22/2017"
  },
  {
    "agencyCode": "26892",
    "owner": "NSA_CA.",
    "productNumber": "1",
    "product": "Private Passenger",
    "stateAbbreviation": "CA",
    "policyID": "104600391628001",
    "version": "7",
    "changeNumber": "5",
    "nameInsured": "Pineda, Vidalia",
    "homePhone": "(714) 656-6699",
    "workPhone": null,
    "email": null,
    "effectiveDate": "04/04/2017",
    "expirationDate": null,
    "cancelDate": "10/11/2017",
    "cancelSourceCode": "NONPAY",
    "companyNumber": "60",
    "rateDate": "04/04/2017",
    "producerNumber": "10460",
    "versionStatus": "Cancel Pending",
    "versionType": "Rewrite",
    "quotedDownPayment": "553.05",
    "policyTerm": "12",
    "payPlan": "12-PayDBRW",
    "writtenPremium": "5399",
    "feeAmount": "64.52",
    "writtenPremiumWFees": "5463.52",
    "billedAmount": "4170.65",
    "billedFeeAmount": "64.52",
    "totalBilledAmount": "4235.17",
    "yetToBeBilledAmount": "1228.35",
    "receiptAmount": "1010.73",
    "currentDueAmount": "3224.44",
    "remainBalanceAmount": "4452.79",
    "writeOffAmount": "0.00",
    "lastActivityAmount": "08/22/2017",
    "lastBilledDate": "08/22/2017"
  },
  {
    "agencyCode": "26892",
    "owner": "NSA_CA.",
    "productNumber": "1",
    "product": "Private Passenger",
    "stateAbbreviation": "CA",
    "policyID": "104600407342001",
    "version": "6",
    "changeNumber": "3",
    "nameInsured": "Ramos Castaneda, Blanca Estela",
    "homePhone": "(310) 291-1486",
    "workPhone": null,
    "email": null,
    "effectiveDate": "10/17/2016",
    "expirationDate": null,
    "cancelDate": "10/11/2017",
    "cancelSourceCode": "NONPAY",
    "companyNumber": "63",
    "rateDate": "10/17/2016",
    "producerNumber": "10463",
    "versionStatus": "Cancel Pending",
    "versionType": "Renewal",
    "quotedDownPayment": "165.06",
    "policyTerm": "12",
    "payPlan": "12PayRNEFT",
    "writtenPremium": "1187",
    "feeAmount": "83.28",
    "writtenPremiumWFees": "1270.28",
    "billedAmount": "1933.31",
    "billedFeeAmount": "83.28",
    "totalBilledAmount": "2016.59",
    "yetToBeBilledAmount": "-746.31",
    "receiptAmount": "916.49",
    "currentDueAmount": "353.79",
    "remainBalanceAmount": "353.79",
    "writeOffAmount": "0.00",
    "lastActivityAmount": "08/22/2017",
    "lastBilledDate": "08/22/2017"
  },
  {
    "agencyCode": "26892",
    "owner": "NSA_CA.",
    "productNumber": "1",
    "product": "Private Passenger",
    "stateAbbreviation": "CA",
    "policyID": "104600414413001",
    "version": "7",
    "changeNumber": "2",
    "nameInsured": "Neal, Kareem Chamar",
    "homePhone": "(323) 637-8385",
    "workPhone": "(424) 270-3989",
    "email": null,
    "effectiveDate": "02/17/2017",
    "expirationDate": null,
    "cancelDate": "10/11/2017",
    "cancelSourceCode": "NONPAY",
    "companyNumber": "60",
    "rateDate": "02/17/2017",
    "producerNumber": "10460",
    "versionStatus": "Cancel Pending",
    "versionType": "Renewal",
    "quotedDownPayment": "162.21",
    "policyTerm": "12",
    "payPlan": "12-PayRNDB",
    "writtenPremium": "1626",
    "feeAmount": "66.76",
    "writtenPremiumWFees": "1692.76",
    "billedAmount": "1502.63",
    "billedFeeAmount": "66.76",
    "totalBilledAmount": "1569.39",
    "yetToBeBilledAmount": "123.37",
    "receiptAmount": "598.97",
    "currentDueAmount": "970.42",
    "remainBalanceAmount": "1093.79",
    "writeOffAmount": "0.00",
    "lastActivityAmount": "11/16/2018",
    "lastBilledDate": "08/22/2017"
  },
  {
    "agencyCode": "26892",
    "owner": "NSA_CA.",
    "productNumber": "1",
    "product": "Private Passenger",
    "stateAbbreviation": "CA",
    "policyID": "104600422941001",
    "version": "6",
    "changeNumber": "6",
    "nameInsured": "Burdette, Erick Leroy",
    "homePhone": "(323) 779-7507",
    "workPhone": "(316) 619-0746",
    "email": null,
    "effectiveDate": "01/02/2017",
    "expirationDate": null,
    "cancelDate": "10/11/2017",
    "cancelSourceCode": "NONPAY",
    "companyNumber": "60",
    "rateDate": "01/02/2017",
    "producerNumber": null,
    "versionStatus": "Cancel Pending",
    "versionType": "Renewal",
    "quotedDownPayment": "244.53",
    "policyTerm": "12",
    "payPlan": "12-Pay REN",
    "writtenPremium": "2632",
    "feeAmount": "91.28",
    "writtenPremiumWFees": "2723.28",
    "billedAmount": "3296.84",
    "billedFeeAmount": "91.28",
    "totalBilledAmount": "3388.12",
    "yetToBeBilledAmount": "-664.84",
    "receiptAmount": "1167.90",
    "currentDueAmount": "1555.38",
    "remainBalanceAmount": "1555.38",
    "writeOffAmount": "0.00",
    "lastActivityAmount": "08/22/2017",
    "lastBilledDate": "08/22/2017"
  },
  {
    "agencyCode": "26892",
    "owner": "NSA_CA.",
    "productNumber": "1",
    "product": "Private Passenger",
    "stateAbbreviation": "CA",
    "policyID": "104600429760001",
    "version": "6",
    "changeNumber": "2",
    "nameInsured": "Perez, Natalia",
    "homePhone": "(310) 327-8133",
    "workPhone": null,
    "email": null,
    "effectiveDate": "01/08/2017",
    "expirationDate": null,
    "cancelDate": "10/11/2017",
    "cancelSourceCode": "NONPAY",
    "companyNumber": "63",
    "rateDate": "01/08/2017",
    "producerNumber": "10463",
    "versionStatus": "Cancel Pending",
    "versionType": "Renewal",
    "quotedDownPayment": "528.44",
    "policyTerm": "12",
    "payPlan": "12PayRNEFT",
    "writtenPremium": "5977",
    "feeAmount": "60.56",
    "writtenPremiumWFees": "6037.56",
    "billedAmount": "6486.02",
    "billedFeeAmount": "60.56",
    "totalBilledAmount": "6546.58",
    "yetToBeBilledAmount": "-509.02",
    "receiptAmount": "2544.86",
    "currentDueAmount": "3492.70",
    "remainBalanceAmount": "3492.70",
    "writeOffAmount": "0.00",
    "lastActivityAmount": "08/22/2017",
    "lastBilledDate": "08/22/2017"
  },
  {
    "agencyCode": "26892",
    "owner": "NSA_CA.",
    "productNumber": "1",
    "product": "Private Passenger",
    "stateAbbreviation": "CA",
    "policyID": "104600434457001",
    "version": "6",
    "changeNumber": "3",
    "nameInsured": "Marban Artellano, Jose Armando",
    "homePhone": "(424) 229-0502",
    "workPhone": null,
    "email": null,
    "effectiveDate": "01/28/2017",
    "expirationDate": null,
    "cancelDate": "10/11/2017",
    "cancelSourceCode": "NONPAY",
    "companyNumber": "60",
    "rateDate": "01/28/2017",
    "producerNumber": null,
    "versionStatus": "Cancel Pending",
    "versionType": "Renewal",
    "quotedDownPayment": "151.65",
    "policyTerm": "12",
    "payPlan": "12-PayRNDB",
    "writtenPremium": "998",
    "feeAmount": "100.28",
    "writtenPremiumWFees": "1098.28",
    "billedAmount": "1222.30",
    "billedFeeAmount": "100.28",
    "totalBilledAmount": "1322.58",
    "yetToBeBilledAmount": "-224.30",
    "receiptAmount": "577.48",
    "currentDueAmount": "520.80",
    "remainBalanceAmount": "520.80",
    "writeOffAmount": "0.00",
    "lastActivityAmount": "08/29/2017",
    "lastBilledDate": "08/22/2017"
  },
  {
    "agencyCode": "26892",
    "owner": "NSA_CA.",
    "productNumber": "1",
    "product": "Private Passenger",
    "stateAbbreviation": "CA",
    "policyID": "104600446091001",
    "version": "6",
    "changeNumber": "2",
    "nameInsured": "Trujillo, Allen",
    "homePhone": "(310) 846-7672",
    "workPhone": null,
    "email": null,
    "effectiveDate": "03/15/2017",
    "expirationDate": null,
    "cancelDate": "10/11/2017",
    "cancelSourceCode": "NONPAY",
    "companyNumber": "60",
    "rateDate": "03/15/2017",
    "producerNumber": "10460",
    "versionStatus": "Cancel Pending",
    "versionType": "Renewal",
    "quotedDownPayment": "96.98",
    "policyTerm": "12",
    "payPlan": "12PayRNEFT",
    "writtenPremium": "903",
    "feeAmount": "39.76",
    "writtenPremiumWFees": "942.76",
    "billedAmount": "689.12",
    "billedFeeAmount": "39.76",
    "totalBilledAmount": "728.88",
    "yetToBeBilledAmount": "213.88",
    "receiptAmount": "259.50",
    "currentDueAmount": "469.38",
    "remainBalanceAmount": "683.26",
    "writeOffAmount": "0.00",
    "lastActivityAmount": "08/22/2017",
    "lastBilledDate": "08/22/2017"
  },
  {
    "agencyCode": "26892",
    "owner": "NSA_CA.",
    "productNumber": "1",
    "product": "Private Passenger",
    "stateAbbreviation": "CA",
    "policyID": "104600447722001",
    "version": "6",
    "changeNumber": "15",
    "nameInsured": "Saucedo, Micah Mitchel",
    "homePhone": "(310) 408-1568",
    "workPhone": null,
    "email": null,
    "effectiveDate": "11/01/2016",
    "expirationDate": null,
    "cancelDate": "10/11/2017",
    "cancelSourceCode": "NONPAY",
    "companyNumber": "63",
    "rateDate": "11/01/2016",
    "producerNumber": "10463",
    "versionStatus": "Cancel Pending",
    "versionType": "Renewal",
    "quotedDownPayment": "217.36",
    "policyTerm": "12",
    "payPlan": "12-PayRNDB",
    "writtenPremium": "1852",
    "feeAmount": "164.52",
    "writtenPremiumWFees": "2016.52",
    "billedAmount": "2186.51",
    "billedFeeAmount": "164.52",
    "totalBilledAmount": "2351.03",
    "yetToBeBilledAmount": "-334.51",
    "receiptAmount": "1107.67",
    "currentDueAmount": "908.85",
    "remainBalanceAmount": "908.85",
    "writeOffAmount": "0.00",
    "lastActivityAmount": "08/22/2017",
    "lastBilledDate": "08/22/2017"
  },
  {
    "agencyCode": "26892",
    "owner": "NSA_CA.",
    "productNumber": "1",
    "product": "Private Passenger",
    "stateAbbreviation": "CA",
    "policyID": "104600454454001",
    "version": "6",
    "changeNumber": "2",
    "nameInsured": "Rivera, Jorge",
    "homePhone": "(310) 844-8149",
    "workPhone": null,
    "email": null,
    "effectiveDate": "02/11/2017",
    "expirationDate": null,
    "cancelDate": "10/11/2017",
    "cancelSourceCode": "NONPAY",
    "companyNumber": "60",
    "rateDate": "02/11/2017",
    "producerNumber": "10463",
    "versionStatus": "Cancel Pending",
    "versionType": "Renewal",
    "quotedDownPayment": "156.91",
    "policyTerm": "12",
    "payPlan": "12PayRNEFT",
    "writtenPremium": "1499",
    "feeAmount": "56.04",
    "writtenPremiumWFees": "1555.04",
    "billedAmount": "1388.61",
    "billedFeeAmount": "56.04",
    "totalBilledAmount": "1444.65",
    "yetToBeBilledAmount": "110.39",
    "receiptAmount": "549.68",
    "currentDueAmount": "894.97",
    "remainBalanceAmount": "1005.36",
    "writeOffAmount": "0.00",
    "lastActivityAmount": "08/22/2017",
    "lastBilledDate": "08/22/2017"
  },
  {
    "agencyCode": "26892",
    "owner": "NSA_CA.",
    "productNumber": "1",
    "product": "Private Passenger",
    "stateAbbreviation": "CA",
    "policyID": "104600519816001",
    "version": "6",
    "changeNumber": "2",
    "nameInsured": "JONES, LESTER",
    "homePhone": "(323) 567-8897",
    "workPhone": "(   )    -",
    "email": null,
    "effectiveDate": "05/05/2017",
    "expirationDate": null,
    "cancelDate": "10/11/2017",
    "cancelSourceCode": "NONPAY",
    "companyNumber": "60",
    "rateDate": "05/05/2017",
    "producerNumber": null,
    "versionStatus": "Cancel Pending",
    "versionType": "Renewal",
    "quotedDownPayment": "83.07",
    "policyTerm": "12",
    "payPlan": "12-PayRNDB",
    "writtenPremium": "736",
    "feeAmount": "41.76",
    "writtenPremiumWFees": "777.76",
    "billedAmount": "443.16",
    "billedFeeAmount": "41.76",
    "totalBilledAmount": "484.92",
    "yetToBeBilledAmount": "292.84",
    "receiptAmount": "83.07",
    "currentDueAmount": "401.85",
    "remainBalanceAmount": "694.69",
    "writeOffAmount": "0.00",
    "lastActivityAmount": "08/22/2017",
    "lastBilledDate": "08/22/2017"
  },
  {
    "agencyCode": "26892",
    "owner": "NSA_CA.",
    "productNumber": "1",
    "product": "Private Passenger",
    "stateAbbreviation": "CA",
    "policyID": "104600524034001",
    "version": "6",
    "changeNumber": "2",
    "nameInsured": "CARCAMO, BLADIMIR",
    "homePhone": "(310) 719-7106",
    "workPhone": null,
    "email": null,
    "effectiveDate": "01/14/2017",
    "expirationDate": null,
    "cancelDate": "10/11/2017",
    "cancelSourceCode": "NONPAY",
    "companyNumber": "60",
    "rateDate": "01/14/2017",
    "producerNumber": null,
    "versionStatus": "Cancel Pending",
    "versionType": "Renewal",
    "quotedDownPayment": "124",
    "policyTerm": "12",
    "payPlan": "12-PayRNDB",
    "writtenPremium": "1183",
    "feeAmount": "75.28",
    "writtenPremiumWFees": "1258.28",
    "billedAmount": "1290.93",
    "billedFeeAmount": "75.28",
    "totalBilledAmount": "1366.21",
    "yetToBeBilledAmount": "-107.93",
    "receiptAmount": "558.29",
    "currentDueAmount": "699.99",
    "remainBalanceAmount": "699.99",
    "writeOffAmount": "0.00",
    "lastActivityAmount": "08/22/2017",
    "lastBilledDate": "08/22/2017"
  },
  {
    "agencyCode": "26892",
    "owner": "NSA_CA.",
    "productNumber": "1",
    "product": "Private Passenger",
    "stateAbbreviation": "CA",
    "policyID": "104600524765001",
    "version": "7",
    "changeNumber": "2",
    "nameInsured": "Speed, Tricia",
    "homePhone": "(562) 394-7668",
    "workPhone": "(562) 980-5590",
    "email": null,
    "effectiveDate": "05/01/2017",
    "expirationDate": null,
    "cancelDate": "10/11/2017",
    "cancelSourceCode": "NONPAY",
    "companyNumber": "60",
    "rateDate": "05/01/2017",
    "producerNumber": null,
    "versionStatus": "Cancel Pending",
    "versionType": "Renewal",
    "quotedDownPayment": "144.47",
    "policyTerm": "12",
    "payPlan": "12-PayRNDB",
    "writtenPremium": "1452",
    "feeAmount": "43.52",
    "writtenPremiumWFees": "1495.52",
    "billedAmount": "861.91",
    "billedFeeAmount": "43.52",
    "totalBilledAmount": "905.43",
    "yetToBeBilledAmount": "590.09",
    "receiptAmount": "144.47",
    "currentDueAmount": "760.96",
    "remainBalanceAmount": "1351.05",
    "writeOffAmount": "0.00",
    "lastActivityAmount": "08/22/2017",
    "lastBilledDate": "08/22/2017"
  },
  {
    "agencyCode": "26892",
    "owner": "NSA_CA.",
    "productNumber": "1",
    "product": "Private Passenger",
    "stateAbbreviation": "CA",
    "policyID": "104600525175001",
    "version": "6",
    "changeNumber": "2",
    "nameInsured": "Sheppard, Edward Michael",
    "homePhone": "(310) 673-4399",
    "workPhone": null,
    "email": null,
    "effectiveDate": "10/16/2016",
    "expirationDate": null,
    "cancelDate": "10/11/2017",
    "cancelSourceCode": "NONPAY",
    "companyNumber": "60",
    "rateDate": "10/16/2016",
    "producerNumber": "10460",
    "versionStatus": "Cancel Pending",
    "versionType": "Renewal",
    "quotedDownPayment": "67.08",
    "policyTerm": "12",
    "payPlan": "12-Pay REN",
    "writtenPremium": "544",
    "feeAmount": "101.76",
    "writtenPremiumWFees": "645.76",
    "billedAmount": "863.33",
    "billedFeeAmount": "101.76",
    "totalBilledAmount": "965.09",
    "yetToBeBilledAmount": "-319.33",
    "receiptAmount": "455.62",
    "currentDueAmount": "190.14",
    "remainBalanceAmount": "190.14",
    "writeOffAmount": "0.00",
    "lastActivityAmount": "08/22/2017",
    "lastBilledDate": "08/22/2017"
  },
  {
    "agencyCode": "26892",
    "owner": "NSA_CA.",
    "productNumber": "1",
    "product": "Private Passenger",
    "stateAbbreviation": "CA",
    "policyID": "104600544917001",
    "version": "6",
    "changeNumber": "4",
    "nameInsured": "RODRIGUEZ, MARIA ISABEL   BRIX",
    "homePhone": "(310) 978-8082",
    "workPhone": "(   )    -",
    "email": null,
    "effectiveDate": "03/10/2017",
    "expirationDate": null,
    "cancelDate": "10/11/2017",
    "cancelSourceCode": "NONPAY",
    "companyNumber": "60",
    "rateDate": "03/10/2017",
    "producerNumber": null,
    "versionStatus": "Cancel Pending",
    "versionType": "Renewal",
    "quotedDownPayment": "209.39",
    "policyTerm": "12",
    "payPlan": "12-PayRNDB",
    "writtenPremium": "2129",
    "feeAmount": "68.04",
    "writtenPremiumWFees": "2197.04",
    "billedAmount": "1788.66",
    "billedFeeAmount": "68.04",
    "totalBilledAmount": "1856.70",
    "yetToBeBilledAmount": "340.34",
    "receiptAmount": "595.65",
    "currentDueAmount": "1261.05",
    "remainBalanceAmount": "1601.39",
    "writeOffAmount": "0.00",
    "lastActivityAmount": "08/22/2017",
    "lastBilledDate": "08/22/2017"
  },
  {
    "agencyCode": "26892",
    "owner": "NSA_CA.",
    "productNumber": "1",
    "product": "Private Passenger",
    "stateAbbreviation": "CA",
    "policyID": "104600546647001",
    "version": "6",
    "changeNumber": "4",
    "nameInsured": "Cifuentez, Clara",
    "homePhone": "(323) 742-7660",
    "workPhone": null,
    "email": null,
    "effectiveDate": "12/20/2016",
    "expirationDate": null,
    "cancelDate": "10/11/2017",
    "cancelSourceCode": "NONPAY",
    "companyNumber": "63",
    "rateDate": "12/20/2016",
    "producerNumber": "10463",
    "versionStatus": "Cancel Pending",
    "versionType": "Renewal",
    "quotedDownPayment": "176.22",
    "policyTerm": "12",
    "payPlan": "12PayRNEFT",
    "writtenPremium": "1856",
    "feeAmount": "79.04",
    "writtenPremiumWFees": "1935.04",
    "billedAmount": "2235.52",
    "billedFeeAmount": "79.04",
    "totalBilledAmount": "2314.56",
    "yetToBeBilledAmount": "-379.52",
    "receiptAmount": "728.93",
    "currentDueAmount": "1206.11",
    "remainBalanceAmount": "1206.11",
    "writeOffAmount": "0.00",
    "lastActivityAmount": "08/22/2017",
    "lastBilledDate": "08/22/2017"
  },
  {
    "agencyCode": "26892",
    "owner": "NSA_CA.",
    "productNumber": "1",
    "product": "Private Passenger",
    "stateAbbreviation": "CA",
    "policyID": "104600552594001",
    "version": "6",
    "changeNumber": "2",
    "nameInsured": "Martinez, Mirna",
    "homePhone": "(310) 910-4049",
    "workPhone": null,
    "email": "MYRNA71MARTINEZ@MSN.COM",
    "effectiveDate": "04/06/2017",
    "expirationDate": null,
    "cancelDate": "10/11/2017",
    "cancelSourceCode": "NONPAY",
    "companyNumber": "63",
    "rateDate": "04/06/2017",
    "producerNumber": "10463",
    "versionStatus": "Cancel Pending",
    "versionType": "Renewal",
    "quotedDownPayment": "128.73",
    "policyTerm": "12",
    "payPlan": "12PayRNEFT",
    "writtenPremium": "1263",
    "feeAmount": "35.52",
    "writtenPremiumWFees": "1298.52",
    "billedAmount": "854.80",
    "billedFeeAmount": "35.52",
    "totalBilledAmount": "890.32",
    "yetToBeBilledAmount": "408.20",
    "receiptAmount": "239.99",
    "currentDueAmount": "650.33",
    "remainBalanceAmount": "1058.53",
    "writeOffAmount": "0.00",
    "lastActivityAmount": "08/22/2017",
    "lastBilledDate": "08/22/2017"
  },
  {
    "agencyCode": "26892",
    "owner": "NSA_CA.",
    "productNumber": "1",
    "product": "Private Passenger",
    "stateAbbreviation": "CA",
    "policyID": "104600567606001",
    "version": "5",
    "changeNumber": "2",
    "nameInsured": "Alvarado, Hector Canales",
    "homePhone": "(310) 957-0614",
    "workPhone": null,
    "email": null,
    "effectiveDate": "01/13/2017",
    "expirationDate": null,
    "cancelDate": "10/11/2017",
    "cancelSourceCode": "NONPAY",
    "companyNumber": "63",
    "rateDate": "01/13/2017",
    "producerNumber": "10463",
    "versionStatus": "Cancel Pending",
    "versionType": "Renewal",
    "quotedDownPayment": "99.98",
    "policyTerm": "12",
    "payPlan": "12PayRNEFT",
    "writtenPremium": "939",
    "feeAmount": "57.76",
    "writtenPremiumWFees": "996.76",
    "billedAmount": "1103.42",
    "billedFeeAmount": "57.76",
    "totalBilledAmount": "1161.18",
    "yetToBeBilledAmount": "-164.42",
    "receiptAmount": "437.01",
    "currentDueAmount": "559.75",
    "remainBalanceAmount": "559.75",
    "writeOffAmount": "0.00",
    "lastActivityAmount": "08/29/2017",
    "lastBilledDate": "08/29/2017"
  },
  {
    "agencyCode": "26892",
    "owner": "NSA_CA.",
    "productNumber": "1",
    "product": "Private Passenger",
    "stateAbbreviation": "CA",
    "policyID": "104600577523001",
    "version": "5",
    "changeNumber": "2",
    "nameInsured": "MCGHEE, ETHELRENE",
    "homePhone": "(323) 365-1002",
    "workPhone": "(   )    -",
    "email": null,
    "effectiveDate": "11/06/2016",
    "expirationDate": null,
    "cancelDate": "10/11/2017",
    "cancelSourceCode": "NONPAY",
    "companyNumber": "60",
    "rateDate": "11/06/2016",
    "producerNumber": null,
    "versionStatus": "Cancel Pending",
    "versionType": "Renewal",
    "quotedDownPayment": "137.47",
    "policyTerm": "12",
    "payPlan": "12-PayRNDB",
    "writtenPremium": "1368",
    "feeAmount": "103.52",
    "writtenPremiumWFees": "1471.52",
    "billedAmount": "2168.14",
    "billedFeeAmount": "103.52",
    "totalBilledAmount": "2271.66",
    "yetToBeBilledAmount": "-800.14",
    "receiptAmount": "881.52",
    "currentDueAmount": "590.00",
    "remainBalanceAmount": "590.00",
    "writeOffAmount": "0.00",
    "lastActivityAmount": "08/22/2017",
    "lastBilledDate": "08/22/2017"
  },
  {
    "agencyCode": "26892",
    "owner": "NSA_CA.",
    "productNumber": "1",
    "product": "Private Passenger",
    "stateAbbreviation": "CA",
    "policyID": "104600580998001",
    "version": "8",
    "changeNumber": "4",
    "nameInsured": "Smith, Lorettia",
    "homePhone": "(310) 346-9778",
    "workPhone": null,
    "email": null,
    "effectiveDate": "12/07/2016",
    "expirationDate": null,
    "cancelDate": "10/11/2017",
    "cancelSourceCode": "NONPAY",
    "companyNumber": "60",
    "rateDate": "12/07/2016",
    "producerNumber": "10460",
    "versionStatus": "Cancel Pending",
    "versionType": "Renewal",
    "quotedDownPayment": "212.61",
    "policyTerm": "12",
    "payPlan": "12-Pay REN",
    "writtenPremium": "2210",
    "feeAmount": "88.52",
    "writtenPremiumWFees": "2298.52",
    "billedAmount": "2951.82",
    "billedFeeAmount": "88.52",
    "totalBilledAmount": "3040.34",
    "yetToBeBilledAmount": "-741.82",
    "receiptAmount": "1183.50",
    "currentDueAmount": "1115.02",
    "remainBalanceAmount": "1115.02",
    "writeOffAmount": "0.00",
    "lastActivityAmount": "08/22/2017",
    "lastBilledDate": "08/22/2017"
  },
  {
    "agencyCode": "26892",
    "owner": "NSA_CA.",
    "productNumber": "1",
    "product": "Private Passenger",
    "stateAbbreviation": "CA",
    "policyID": "104600587414001",
    "version": "7",
    "changeNumber": "2",
    "nameInsured": "Rodriguez, Alfredo Dieguez",
    "homePhone": "(424) 200-5109",
    "workPhone": null,
    "email": null,
    "effectiveDate": "04/03/2017",
    "expirationDate": null,
    "cancelDate": "10/11/2017",
    "cancelSourceCode": "NONPAY",
    "companyNumber": "60",
    "rateDate": "04/03/2017",
    "producerNumber": "10460",
    "versionStatus": "Cancel Pending",
    "versionType": "Renewal",
    "quotedDownPayment": "220.29",
    "policyTerm": "12",
    "payPlan": "12-PayRNDB",
    "writtenPremium": "2341",
    "feeAmount": "55.28",
    "writtenPremiumWFees": "2396.28",
    "billedAmount": "1769.45",
    "billedFeeAmount": "55.28",
    "totalBilledAmount": "1824.73",
    "yetToBeBilledAmount": "571.55",
    "receiptAmount": "425.38",
    "currentDueAmount": "1399.35",
    "remainBalanceAmount": "1970.90",
    "writeOffAmount": "0.00",
    "lastActivityAmount": "08/22/2017",
    "lastBilledDate": "08/22/2017"
  },
  {
    "agencyCode": "26892",
    "owner": "NSA_CA.",
    "productNumber": "1",
    "product": "Private Passenger",
    "stateAbbreviation": "CA",
    "policyID": "104600590669001",
    "version": "6",
    "changeNumber": "2",
    "nameInsured": "Jeffers, David Charles",
    "homePhone": "(310) 339-6748",
    "workPhone": null,
    "email": null,
    "effectiveDate": "05/10/2017",
    "expirationDate": null,
    "cancelDate": "10/11/2017",
    "cancelSourceCode": "NONPAY",
    "companyNumber": "63",
    "rateDate": "05/10/2017",
    "producerNumber": "10463",
    "versionStatus": "Cancel Pending",
    "versionType": "Renewal",
    "quotedDownPayment": "174.71",
    "policyTerm": "12",
    "payPlan": "12-PayRNDB",
    "writtenPremium": "1815",
    "feeAmount": "33.52",
    "writtenPremiumWFees": "1848.52",
    "billedAmount": "922.38",
    "billedFeeAmount": "33.52",
    "totalBilledAmount": "955.90",
    "yetToBeBilledAmount": "892.62",
    "receiptAmount": "174.71",
    "currentDueAmount": "781.19",
    "remainBalanceAmount": "1673.81",
    "writeOffAmount": "0.00",
    "lastActivityAmount": "08/22/2017",
    "lastBilledDate": "08/22/2017"
  },
  {
    "agencyCode": "26892",
    "owner": "NSA_CA.",
    "productNumber": "1",
    "product": "Private Passenger",
    "stateAbbreviation": "CA",
    "policyID": "104600590724001",
    "version": "5",
    "changeNumber": "2",
    "nameInsured": "MUNIZ, ALEJANDRO FLORES",
    "homePhone": "(310) 677-2483",
    "workPhone": null,
    "email": null,
    "effectiveDate": "10/14/2016",
    "expirationDate": null,
    "cancelDate": "10/11/2017",
    "cancelSourceCode": "NONPAY",
    "companyNumber": "60",
    "rateDate": "10/14/2016",
    "producerNumber": null,
    "versionStatus": "Cancel Pending",
    "versionType": "Renewal",
    "quotedDownPayment": "84.66",
    "policyTerm": "12",
    "payPlan": "12-PayRNDB",
    "writtenPremium": "734",
    "feeAmount": "103.52",
    "writtenPremiumWFees": "837.52",
    "billedAmount": "1164.30",
    "billedFeeAmount": "103.52",
    "totalBilledAmount": "1267.82",
    "yetToBeBilledAmount": "-430.30",
    "receiptAmount": "582.85",
    "currentDueAmount": "254.67",
    "remainBalanceAmount": "254.67",
    "writeOffAmount": "0.00",
    "lastActivityAmount": "08/22/2017",
    "lastBilledDate": "08/22/2017"
  },
  {
    "agencyCode": "26892",
    "owner": "NSA_CA.",
    "productNumber": "1",
    "product": "Private Passenger",
    "stateAbbreviation": "CA",
    "policyID": "104600592040001",
    "version": "5",
    "changeNumber": "2",
    "nameInsured": "TALAVERA, MARIO LOUIS",
    "homePhone": "(951) 247-2036",
    "workPhone": null,
    "email": null,
    "effectiveDate": "10/16/2016",
    "expirationDate": null,
    "cancelDate": "10/11/2017",
    "cancelSourceCode": "NONPAY",
    "companyNumber": "60",
    "rateDate": "10/16/2016",
    "producerNumber": null,
    "versionStatus": "Cancel Pending",
    "versionType": "Renewal",
    "quotedDownPayment": "71.08",
    "policyTerm": "12",
    "payPlan": "12PayRNEFT",
    "writtenPremium": "571",
    "feeAmount": "71.52",
    "writtenPremiumWFees": "642.52",
    "billedAmount": "906.24",
    "billedFeeAmount": "71.52",
    "totalBilledAmount": "977.76",
    "yetToBeBilledAmount": "-335.24",
    "receiptAmount": "446.20",
    "currentDueAmount": "196.32",
    "remainBalanceAmount": "196.32",
    "writeOffAmount": "0.00",
    "lastActivityAmount": "08/22/2017",
    "lastBilledDate": "08/22/2017"
  },
  {
    "agencyCode": "26892",
    "owner": "NSA_CA.",
    "productNumber": "1",
    "product": "Private Passenger",
    "stateAbbreviation": "CA",
    "policyID": "104600592182001",
    "version": "5",
    "changeNumber": "2",
    "nameInsured": "SOLIZ, JESUS RUIZ",
    "homePhone": "(310) 430-3968",
    "workPhone": "(   )    -",
    "email": null,
    "effectiveDate": "10/16/2016",
    "expirationDate": null,
    "cancelDate": "10/11/2017",
    "cancelSourceCode": "NONPAY",
    "companyNumber": "60",
    "rateDate": "10/16/2016",
    "producerNumber": null,
    "versionStatus": "Cancel Pending",
    "versionType": "Renewal",
    "quotedDownPayment": "62.49",
    "policyTerm": "12",
    "payPlan": "12-PayRNDB",
    "writtenPremium": "489",
    "feeAmount": "101.76",
    "writtenPremiumWFees": "590.76",
    "billedAmount": "776.23",
    "billedFeeAmount": "101.76",
    "totalBilledAmount": "877.99",
    "yetToBeBilledAmount": "-287.23",
    "receiptAmount": "417.76",
    "currentDueAmount": "173.00",
    "remainBalanceAmount": "173.00",
    "writeOffAmount": "0.00",
    "lastActivityAmount": "08/22/2017",
    "lastBilledDate": "08/22/2017"
  },
  {
    "agencyCode": "26892",
    "owner": "NSA_CA.",
    "productNumber": "1",
    "product": "Private Passenger",
    "stateAbbreviation": "CA",
    "policyID": "104600593388001",
    "version": "5",
    "changeNumber": "2",
    "nameInsured": "GAMINO, LUIS ALBERTO",
    "homePhone": "(310) 328-8047",
    "workPhone": "(310) 809-1905",
    "email": null,
    "effectiveDate": "10/17/2016",
    "expirationDate": null,
    "cancelDate": "10/11/2017",
    "cancelSourceCode": "NONPAY",
    "companyNumber": "60",
    "rateDate": "10/17/2016",
    "producerNumber": null,
    "versionStatus": "Cancel Pending",
    "versionType": "Renewal",
    "quotedDownPayment": "111",
    "policyTerm": "12",
    "payPlan": "12-PayRNDB",
    "writtenPremium": "1027",
    "feeAmount": "105.28",
    "writtenPremiumWFees": "1132.28",
    "billedAmount": "1628.45",
    "billedFeeAmount": "105.28",
    "totalBilledAmount": "1733.73",
    "yetToBeBilledAmount": "-601.45",
    "receiptAmount": "687.00",
    "currentDueAmount": "445.28",
    "remainBalanceAmount": "445.28",
    "writeOffAmount": "0.00",
    "lastActivityAmount": "08/22/2017",
    "lastBilledDate": "08/22/2017"
  },
  {
    "agencyCode": "26892",
    "owner": "NSA_CA.",
    "productNumber": "1",
    "product": "Private Passenger",
    "stateAbbreviation": "CA",
    "policyID": "104600599791001",
    "version": "5",
    "changeNumber": "2",
    "nameInsured": "Robles, Rodney",
    "homePhone": "(909) 653-6566",
    "workPhone": null,
    "email": "rdnyrobles@yahoo.com",
    "effectiveDate": "10/22/2016",
    "expirationDate": null,
    "cancelDate": "10/11/2017",
    "cancelSourceCode": "NONPAY",
    "companyNumber": "60",
    "rateDate": "10/22/2016",
    "producerNumber": null,
    "versionStatus": "Cancel Pending",
    "versionType": "Renewal",
    "quotedDownPayment": "145.46",
    "policyTerm": "12",
    "payPlan": "12-PayRNDB",
    "writtenPremium": "1485",
    "feeAmount": "101.76",
    "writtenPremiumWFees": "1586.76",
    "billedAmount": "2353.23",
    "billedFeeAmount": "101.76",
    "totalBilledAmount": "2454.99",
    "yetToBeBilledAmount": "-868.23",
    "receiptAmount": "948.01",
    "currentDueAmount": "638.75",
    "remainBalanceAmount": "638.75",
    "writeOffAmount": "0.00",
    "lastActivityAmount": "08/22/2017",
    "lastBilledDate": "08/22/2017"
  },
  {
    "agencyCode": "26892",
    "owner": "NSA_CA.",
    "productNumber": "1",
    "product": "Private Passenger",
    "stateAbbreviation": "CA",
    "policyID": "104600599835001",
    "version": "5",
    "changeNumber": "2",
    "nameInsured": "FLORES, ELIAS",
    "homePhone": "(310) 673-9292",
    "workPhone": null,
    "email": null,
    "effectiveDate": "10/20/2016",
    "expirationDate": null,
    "cancelDate": "10/11/2017",
    "cancelSourceCode": "NONPAY",
    "companyNumber": "60",
    "rateDate": "10/20/2016",
    "producerNumber": null,
    "versionStatus": "Cancel Pending",
    "versionType": "Renewal",
    "quotedDownPayment": "103.17",
    "policyTerm": "12",
    "payPlan": "12-PayRNDB",
    "writtenPremium": "935",
    "feeAmount": "105.28",
    "writtenPremiumWFees": "1040.28",
    "billedAmount": "1482.71",
    "billedFeeAmount": "105.28",
    "totalBilledAmount": "1587.99",
    "yetToBeBilledAmount": "-547.71",
    "receiptAmount": "631.01",
    "currentDueAmount": "409.27",
    "remainBalanceAmount": "409.27",
    "writeOffAmount": "0.00",
    "lastActivityAmount": "08/22/2017",
    "lastBilledDate": "08/22/2017"
  },
  {
    "agencyCode": "26892",
    "owner": "NSA_CA.",
    "productNumber": "1",
    "product": "Private Passenger",
    "stateAbbreviation": "CA",
    "policyID": "104600599863001",
    "version": "5",
    "changeNumber": "3",
    "nameInsured": "Montes, Alfredo Rodriguez",
    "homePhone": "(562) 760-3220",
    "workPhone": null,
    "email": null,
    "effectiveDate": "10/21/2016",
    "expirationDate": null,
    "cancelDate": "10/11/2017",
    "cancelSourceCode": "NONPAY",
    "companyNumber": "60",
    "rateDate": "10/21/2016",
    "producerNumber": null,
    "versionStatus": "Cancel Pending",
    "versionType": "Renewal",
    "quotedDownPayment": "56.91",
    "policyTerm": "12",
    "payPlan": "12PayRNEFT",
    "writtenPremium": "531",
    "feeAmount": "76.52",
    "writtenPremiumWFees": "607.52",
    "billedAmount": "823.75",
    "billedFeeAmount": "76.52",
    "totalBilledAmount": "900.27",
    "yetToBeBilledAmount": "-292.75",
    "receiptAmount": "351.57",
    "currentDueAmount": "255.95",
    "remainBalanceAmount": "255.95",
    "writeOffAmount": "0.00",
    "lastActivityAmount": "08/22/2017",
    "lastBilledDate": "08/22/2017"
  },
  {
    "agencyCode": "26892",
    "owner": "NSA_CA.",
    "productNumber": "1",
    "product": "Private Passenger",
    "stateAbbreviation": "CA",
    "policyID": "104600602259001",
    "version": "5",
    "changeNumber": "2",
    "nameInsured": "WILLIAMS, LATONYA",
    "homePhone": "(323) 371-0210",
    "workPhone": "(   )    -",
    "email": null,
    "effectiveDate": "10/24/2016",
    "expirationDate": null,
    "cancelDate": "10/11/2017",
    "cancelSourceCode": "NONPAY",
    "companyNumber": "60",
    "rateDate": "10/24/2016",
    "producerNumber": null,
    "versionStatus": "Cancel Pending",
    "versionType": "Renewal",
    "quotedDownPayment": "215.11",
    "policyTerm": "12",
    "payPlan": "12-PayRNDB",
    "writtenPremium": "2300",
    "feeAmount": "103.52",
    "writtenPremiumWFees": "2403.52",
    "billedAmount": "3643.79",
    "billedFeeAmount": "103.52",
    "totalBilledAmount": "3747.31",
    "yetToBeBilledAmount": "-1343.79",
    "receiptAmount": "1425.17",
    "currentDueAmount": "978.35",
    "remainBalanceAmount": "978.35",
    "writeOffAmount": "0.00",
    "lastActivityAmount": "08/22/2017",
    "lastBilledDate": "08/22/2017"
  },
  {
    "agencyCode": "26892",
    "owner": "NSA_CA.",
    "productNumber": "1",
    "product": "Private Passenger",
    "stateAbbreviation": "CA",
    "policyID": "104600605024001",
    "version": "5",
    "changeNumber": "2",
    "nameInsured": "Sanchez Principe, Lidia Aida",
    "homePhone": "(310) 793-6033",
    "workPhone": null,
    "email": null,
    "effectiveDate": "10/26/2016",
    "expirationDate": null,
    "cancelDate": "10/11/2017",
    "cancelSourceCode": "NONPAY",
    "companyNumber": "63",
    "rateDate": "10/26/2016",
    "producerNumber": "10463",
    "versionStatus": "Cancel Pending",
    "versionType": "Renewal",
    "quotedDownPayment": "141.22",
    "policyTerm": "12",
    "payPlan": "12PayRNEFT",
    "writtenPremium": "1289",
    "feeAmount": "71.52",
    "writtenPremiumWFees": "1360.52",
    "billedAmount": "2047.74",
    "billedFeeAmount": "71.52",
    "totalBilledAmount": "2119.26",
    "yetToBeBilledAmount": "-758.74",
    "receiptAmount": "816.12",
    "currentDueAmount": "544.40",
    "remainBalanceAmount": "544.40",
    "writeOffAmount": "0.00",
    "lastActivityAmount": "08/22/2017",
    "lastBilledDate": "08/22/2017"
  },
  {
    "agencyCode": "26892",
    "owner": "NSA_CA.",
    "productNumber": "1",
    "product": "Private Passenger",
    "stateAbbreviation": "CA",
    "policyID": "104600606768001",
    "version": "5",
    "changeNumber": "2",
    "nameInsured": "TAYLOR, DAVID",
    "homePhone": "(310) 673-0484",
    "workPhone": null,
    "email": null,
    "effectiveDate": "10/27/2016",
    "expirationDate": null,
    "cancelDate": "10/11/2017",
    "cancelSourceCode": "NONPAY",
    "companyNumber": "60",
    "rateDate": "10/27/2016",
    "producerNumber": null,
    "versionStatus": "Cancel Pending",
    "versionType": "Renewal",
    "quotedDownPayment": "79.33",
    "policyTerm": "12",
    "payPlan": "12PayRNEFT",
    "writtenPremium": "670",
    "feeAmount": "71.52",
    "writtenPremiumWFees": "741.52",
    "billedAmount": "1062.99",
    "billedFeeAmount": "71.52",
    "totalBilledAmount": "1134.51",
    "yetToBeBilledAmount": "-392.99",
    "receiptAmount": "450.37",
    "currentDueAmount": "291.15",
    "remainBalanceAmount": "291.15",
    "writeOffAmount": "0.00",
    "lastActivityAmount": "08/22/2017",
    "lastBilledDate": "08/22/2017"
  },
  {
    "agencyCode": "26892",
    "owner": "NSA_CA.",
    "productNumber": "1",
    "product": "Private Passenger",
    "stateAbbreviation": "CA",
    "policyID": "104600607066001",
    "version": "5",
    "changeNumber": "2",
    "nameInsured": "CORONADO, ANTONIO",
    "homePhone": "(310) 677-7720",
    "workPhone": null,
    "email": null,
    "effectiveDate": "10/27/2016",
    "expirationDate": null,
    "cancelDate": "10/11/2017",
    "cancelSourceCode": "NONPAY",
    "companyNumber": "60",
    "rateDate": "10/27/2016",
    "producerNumber": null,
    "versionStatus": "Cancel Pending",
    "versionType": "Renewal",
    "quotedDownPayment": "260.02",
    "policyTerm": "12",
    "payPlan": "12-PayRNDB",
    "writtenPremium": "2758",
    "feeAmount": "110.28",
    "writtenPremiumWFees": "2868.28",
    "billedAmount": "4369.56",
    "billedFeeAmount": "110.28",
    "totalBilledAmount": "4479.84",
    "yetToBeBilledAmount": "-1611.56",
    "receiptAmount": "1699.08",
    "currentDueAmount": "1169.20",
    "remainBalanceAmount": "1169.20",
    "writeOffAmount": "0.00",
    "lastActivityAmount": "08/22/2017",
    "lastBilledDate": "08/22/2017"
  },
  {
    "agencyCode": "26892",
    "owner": "NSA_CA.",
    "productNumber": "1",
    "product": "Private Passenger",
    "stateAbbreviation": "CA",
    "policyID": "104600607813001",
    "version": "5",
    "changeNumber": "14",
    "nameInsured": "Reyes, Lucito Cifuentes",
    "homePhone": "(310) 978-8578",
    "workPhone": null,
    "email": "rayka1329@yahoo.com",
    "effectiveDate": "10/29/2016",
    "expirationDate": null,
    "cancelDate": "10/11/2017",
    "cancelSourceCode": "NONPAY",
    "companyNumber": "60",
    "rateDate": "10/29/2016",
    "producerNumber": null,
    "versionStatus": "Cancel Pending",
    "versionType": "Renewal",
    "quotedDownPayment": "111.23",
    "policyTerm": "12",
    "payPlan": "12-PayRNDB",
    "writtenPremium": "1053",
    "feeAmount": "139.52",
    "writtenPremiumWFees": "1192.52",
    "billedAmount": "1669.39",
    "billedFeeAmount": "139.52",
    "totalBilledAmount": "1808.91",
    "yetToBeBilledAmount": "-616.39",
    "receiptAmount": "727.77",
    "currentDueAmount": "464.75",
    "remainBalanceAmount": "464.75",
    "writeOffAmount": "0.00",
    "lastActivityAmount": "08/22/2017",
    "lastBilledDate": "08/22/2017"
  },
  {
    "agencyCode": "26892",
    "owner": "NSA_CA.",
    "productNumber": "1",
    "product": "Private Passenger",
    "stateAbbreviation": "CA",
    "policyID": "104600608922001",
    "version": "5",
    "changeNumber": "3",
    "nameInsured": "GARCIA, JOSE",
    "homePhone": "(310) 412-6972",
    "workPhone": "(310) 621-1345",
    "email": null,
    "effectiveDate": "10/30/2016",
    "expirationDate": null,
    "cancelDate": "10/11/2017",
    "cancelSourceCode": "NONPAY",
    "companyNumber": "60",
    "rateDate": "10/30/2016",
    "producerNumber": null,
    "versionStatus": "Cancel Pending",
    "versionType": "Renewal",
    "quotedDownPayment": "355.07",
    "policyTerm": "12",
    "payPlan": "12PayRNEFT",
    "writtenPremium": "2176",
    "feeAmount": "83.28",
    "writtenPremiumWFees": "2259.28",
    "billedAmount": "3652.55",
    "billedFeeAmount": "83.28",
    "totalBilledAmount": "3735.83",
    "yetToBeBilledAmount": "-1476.55",
    "receiptAmount": "1579.88",
    "currentDueAmount": "679.40",
    "remainBalanceAmount": "679.40",
    "writeOffAmount": "0.00",
    "lastActivityAmount": "08/22/2017",
    "lastBilledDate": "08/22/2017"
  },
  {
    "agencyCode": "26892",
    "owner": "NSA_CA.",
    "productNumber": "1",
    "product": "Private Passenger",
    "stateAbbreviation": "CA",
    "policyID": "104600612205001",
    "version": "5",
    "changeNumber": "2",
    "nameInsured": "HERNANDEZ, ELSA PEREYRA",
    "homePhone": "(951) 242-9523",
    "workPhone": null,
    "email": null,
    "effectiveDate": "11/02/2016",
    "expirationDate": null,
    "cancelDate": "10/11/2017",
    "cancelSourceCode": "NONPAY",
    "companyNumber": "60",
    "rateDate": "11/02/2016",
    "producerNumber": null,
    "versionStatus": "Cancel Pending",
    "versionType": "Renewal",
    "quotedDownPayment": "145.56",
    "policyTerm": "12",
    "payPlan": "12PayRNEFT",
    "writtenPremium": "1405",
    "feeAmount": "70.52",
    "writtenPremiumWFees": "1475.52",
    "billedAmount": "2110.09",
    "billedFeeAmount": "70.52",
    "totalBilledAmount": "2180.61",
    "yetToBeBilledAmount": "-705.09",
    "receiptAmount": "884.10",
    "currentDueAmount": "591.42",
    "remainBalanceAmount": "591.42",
    "writeOffAmount": "0.00",
    "lastActivityAmount": "08/22/2017",
    "lastBilledDate": "08/22/2017"
  },
  {
    "agencyCode": "26892",
    "owner": "NSA_CA.",
    "productNumber": "1",
    "product": "Private Passenger",
    "stateAbbreviation": "CA",
    "policyID": "104600612497001",
    "version": "5",
    "changeNumber": "5",
    "nameInsured": "GUEVARA HERNANDEZ, EDWIN VLADIM",
    "homePhone": "(310) 490-6212",
    "workPhone": "(310) 769-0600",
    "email": null,
    "effectiveDate": "11/02/2016",
    "expirationDate": null,
    "cancelDate": "10/11/2017",
    "cancelSourceCode": "NONPAY",
    "companyNumber": "60",
    "rateDate": "11/02/2016",
    "producerNumber": null,
    "versionStatus": "Cancel Pending",
    "versionType": "Renewal",
    "quotedDownPayment": "74.91",
    "policyTerm": "12",
    "payPlan": "12-PayRNDB",
    "writtenPremium": "458",
    "feeAmount": "122.76",
    "writtenPremiumWFees": "580.76",
    "billedAmount": "728.52",
    "billedFeeAmount": "122.76",
    "totalBilledAmount": "851.28",
    "yetToBeBilledAmount": "-270.52",
    "receiptAmount": "369.93",
    "currentDueAmount": "210.83",
    "remainBalanceAmount": "210.83",
    "writeOffAmount": "0.00",
    "lastActivityAmount": "08/22/2017",
    "lastBilledDate": "08/22/2017"
  },
  {
    "agencyCode": "26892",
    "owner": "NSA_CA.",
    "productNumber": "1",
    "product": "Private Passenger",
    "stateAbbreviation": "CA",
    "policyID": "104600614964001",
    "version": "5",
    "changeNumber": "6",
    "nameInsured": "Villa Valades, Leopoldo",
    "homePhone": "(310) 892-2611",
    "workPhone": null,
    "email": null,
    "effectiveDate": "11/04/2016",
    "expirationDate": null,
    "cancelDate": "10/11/2017",
    "cancelSourceCode": "NONPAY",
    "companyNumber": "60",
    "rateDate": "11/04/2016",
    "producerNumber": "10460",
    "versionStatus": "Cancel Pending",
    "versionType": "Renewal",
    "quotedDownPayment": "141.31",
    "policyTerm": "12",
    "payPlan": "12-PayRNDB",
    "writtenPremium": "1354",
    "feeAmount": "120.52",
    "writtenPremiumWFees": "1474.52",
    "billedAmount": "2146.43",
    "billedFeeAmount": "120.52",
    "totalBilledAmount": "2266.95",
    "yetToBeBilledAmount": "-792.43",
    "receiptAmount": "890.35",
    "currentDueAmount": "584.17",
    "remainBalanceAmount": "584.17",
    "writeOffAmount": "0.00",
    "lastActivityAmount": "08/22/2017",
    "lastBilledDate": "08/22/2017"
  },
  {
    "agencyCode": "26892",
    "owner": "NSA_CA.",
    "productNumber": "1",
    "product": "Private Passenger",
    "stateAbbreviation": "CA",
    "policyID": "104600616173001",
    "version": "5",
    "changeNumber": "3",
    "nameInsured": "PATTON, PEGGY ANN",
    "homePhone": "(310) 635-7113",
    "workPhone": null,
    "email": null,
    "effectiveDate": "11/05/2016",
    "expirationDate": null,
    "cancelDate": "10/11/2017",
    "cancelSourceCode": "NONPAY",
    "companyNumber": "60",
    "rateDate": "11/05/2016",
    "producerNumber": null,
    "versionStatus": "Cancel Pending",
    "versionType": "Renewal",
    "quotedDownPayment": "341.16",
    "policyTerm": "12",
    "payPlan": "12-PayRNDB",
    "writtenPremium": "4073",
    "feeAmount": "123.80",
    "writtenPremiumWFees": "4196.80",
    "billedAmount": "6348.39",
    "billedFeeAmount": "123.80",
    "totalBilledAmount": "6472.19",
    "yetToBeBilledAmount": "-2275.39",
    "receiptAmount": "2343.84",
    "currentDueAmount": "1852.96",
    "remainBalanceAmount": "1852.96",
    "writeOffAmount": "0.00",
    "lastActivityAmount": "08/22/2017",
    "lastBilledDate": "08/22/2017"
  },
  {
    "agencyCode": "26892",
    "owner": "NSA_CA.",
    "productNumber": "1",
    "product": "Private Passenger",
    "stateAbbreviation": "CA",
    "policyID": "104600616622001",
    "version": "5",
    "changeNumber": "2",
    "nameInsured": "RAMIREZ, RAMON",
    "homePhone": "(310) 256-1012",
    "workPhone": "(310) 355-2750",
    "email": null,
    "effectiveDate": "11/06/2016",
    "expirationDate": null,
    "cancelDate": "10/11/2017",
    "cancelSourceCode": "NONPAY",
    "companyNumber": "60",
    "rateDate": "11/06/2016",
    "producerNumber": null,
    "versionStatus": "Cancel Pending",
    "versionType": "Renewal",
    "quotedDownPayment": "266.36",
    "policyTerm": "12",
    "payPlan": "12-PayRNDB",
    "writtenPremium": "2873",
    "feeAmount": "107.04",
    "writtenPremiumWFees": "2980.04",
    "billedAmount": "4551.36",
    "billedFeeAmount": "107.04",
    "totalBilledAmount": "4658.40",
    "yetToBeBilledAmount": "-1678.36",
    "receiptAmount": "1762.94",
    "currentDueAmount": "1217.10",
    "remainBalanceAmount": "1217.10",
    "writeOffAmount": "0.00",
    "lastActivityAmount": "08/22/2017",
    "lastBilledDate": "08/22/2017"
  },
  {
    "agencyCode": "26892",
    "owner": "NSA_CA.",
    "productNumber": "1",
    "product": "Private Passenger",
    "stateAbbreviation": "CA",
    "policyID": "104600618959001",
    "version": "5",
    "changeNumber": "3",
    "nameInsured": "Ortega, Ruben",
    "homePhone": "(424) 456-4318",
    "workPhone": null,
    "email": null,
    "effectiveDate": "11/08/2016",
    "expirationDate": null,
    "cancelDate": "10/11/2017",
    "cancelSourceCode": "NONPAY",
    "companyNumber": "60",
    "rateDate": "11/08/2016",
    "producerNumber": null,
    "versionStatus": "Cancel Pending",
    "versionType": "Renewal",
    "quotedDownPayment": "119.48",
    "policyTerm": "12",
    "payPlan": "12-PayRNDB",
    "writtenPremium": "1096",
    "feeAmount": "77.52",
    "writtenPremiumWFees": "1173.52",
    "billedAmount": "1648.68",
    "billedFeeAmount": "77.52",
    "totalBilledAmount": "1726.20",
    "yetToBeBilledAmount": "-552.68",
    "receiptAmount": "712.97",
    "currentDueAmount": "460.55",
    "remainBalanceAmount": "460.55",
    "writeOffAmount": "0.00",
    "lastActivityAmount": "08/22/2017",
    "lastBilledDate": "08/22/2017"
  },
  {
    "agencyCode": "26892",
    "owner": "NSA_CA.",
    "productNumber": "1",
    "product": "Private Passenger",
    "stateAbbreviation": "CA",
    "policyID": "104600619023001",
    "version": "5",
    "changeNumber": "2",
    "nameInsured": "ALONZO, MANUEL",
    "homePhone": "(310) 671-8956",
    "workPhone": "(   )    -",
    "email": null,
    "effectiveDate": "11/08/2016",
    "expirationDate": null,
    "cancelDate": "10/11/2017",
    "cancelSourceCode": "NONPAY",
    "companyNumber": "60",
    "rateDate": "11/08/2016",
    "producerNumber": null,
    "versionStatus": "Cancel Pending",
    "versionType": "Renewal",
    "quotedDownPayment": "174.04",
    "policyTerm": "12",
    "payPlan": "12-PayRNDB",
    "writtenPremium": "1807",
    "feeAmount": "93.52",
    "writtenPremiumWFees": "1900.52",
    "billedAmount": "2712.61",
    "billedFeeAmount": "93.52",
    "totalBilledAmount": "2806.13",
    "yetToBeBilledAmount": "-905.61",
    "receiptAmount": "1137.58",
    "currentDueAmount": "762.94",
    "remainBalanceAmount": "762.94",
    "writeOffAmount": "0.00",
    "lastActivityAmount": "08/22/2017",
    "lastBilledDate": "08/22/2017"
  },
  {
    "agencyCode": "26892",
    "owner": "NSA_CA.",
    "productNumber": "1",
    "product": "Private Passenger",
    "stateAbbreviation": "CA",
    "policyID": "104600620267001",
    "version": "5",
    "changeNumber": "2",
    "nameInsured": "ESTRADA, ADOLFO",
    "homePhone": "(310) 750-5600",
    "workPhone": "(   )    -",
    "email": null,
    "effectiveDate": "11/09/2016",
    "expirationDate": null,
    "cancelDate": "10/11/2017",
    "cancelSourceCode": "NONPAY",
    "companyNumber": "60",
    "rateDate": "11/09/2016",
    "producerNumber": null,
    "versionStatus": "Cancel Pending",
    "versionType": "Renewal",
    "quotedDownPayment": "112.33",
    "policyTerm": "12",
    "payPlan": "12PayRNEFT",
    "writtenPremium": "1045",
    "feeAmount": "67.28",
    "writtenPremiumWFees": "1112.28",
    "billedAmount": "1485.03",
    "billedFeeAmount": "67.28",
    "totalBilledAmount": "1552.31",
    "yetToBeBilledAmount": "-440.03",
    "receiptAmount": "670.87",
    "currentDueAmount": "441.41",
    "remainBalanceAmount": "441.41",
    "writeOffAmount": "0.00",
    "lastActivityAmount": "08/22/2017",
    "lastBilledDate": "08/22/2017"
  },
  {
    "agencyCode": "26892",
    "owner": "NSA_CA.",
    "productNumber": "1",
    "product": "Private Passenger",
    "stateAbbreviation": "CA",
    "policyID": "104600621415001",
    "version": "9",
    "changeNumber": "2",
    "nameInsured": "Gaeta, Yesenia",
    "homePhone": "(310) 750-8607",
    "workPhone": null,
    "email": null,
    "effectiveDate": "03/26/2017",
    "expirationDate": null,
    "cancelDate": "10/11/2017",
    "cancelSourceCode": "NONPAY",
    "companyNumber": "60",
    "rateDate": "03/26/2017",
    "producerNumber": "10460",
    "versionStatus": "Cancel Pending",
    "versionType": "Rewrite",
    "quotedDownPayment": "192",
    "policyTerm": "12",
    "payPlan": "12-PayDBRW",
    "writtenPremium": "1179",
    "feeAmount": "53.52",
    "writtenPremiumWFees": "1232.52",
    "billedAmount": "992.87",
    "billedFeeAmount": "53.52",
    "totalBilledAmount": "1046.39",
    "yetToBeBilledAmount": "186.13",
    "receiptAmount": "297.00",
    "currentDueAmount": "749.39",
    "remainBalanceAmount": "935.52",
    "writeOffAmount": "0.00",
    "lastActivityAmount": "08/22/2017",
    "lastBilledDate": "08/22/2017"
  },
  {
    "agencyCode": "26892",
    "owner": "NSA_CA.",
    "productNumber": "1",
    "product": "Private Passenger",
    "stateAbbreviation": "CA",
    "policyID": "104600622571001",
    "version": "5",
    "changeNumber": "2",
    "nameInsured": "CRUZ, JOSE",
    "homePhone": "(323) 334-6187",
    "workPhone": "(   )    -",
    "email": null,
    "effectiveDate": "11/11/2016",
    "expirationDate": null,
    "cancelDate": "10/11/2017",
    "cancelSourceCode": "NONPAY",
    "companyNumber": "60",
    "rateDate": "11/11/2016",
    "producerNumber": null,
    "versionStatus": "Cancel Pending",
    "versionType": "Renewal",
    "quotedDownPayment": "85.41",
    "policyTerm": "12",
    "payPlan": "12PayRNEFT",
    "writtenPremium": "743",
    "feeAmount": "65.52",
    "writtenPremiumWFees": "808.52",
    "billedAmount": "1056.85",
    "billedFeeAmount": "65.52",
    "totalBilledAmount": "1122.37",
    "yetToBeBilledAmount": "-313.85",
    "receiptAmount": "492.93",
    "currentDueAmount": "315.59",
    "remainBalanceAmount": "315.59",
    "writeOffAmount": "0.00",
    "lastActivityAmount": "08/22/2017",
    "lastBilledDate": "08/22/2017"
  },
  {
    "agencyCode": "26892",
    "owner": "NSA_CA.",
    "productNumber": "1",
    "product": "Private Passenger",
    "stateAbbreviation": "CA",
    "policyID": "104600624727001",
    "version": "5",
    "changeNumber": "2",
    "nameInsured": "Valle, Gladys",
    "homePhone": "(213) 321-0817",
    "workPhone": null,
    "email": null,
    "effectiveDate": "11/14/2016",
    "expirationDate": null,
    "cancelDate": "10/11/2017",
    "cancelSourceCode": "NONPAY",
    "companyNumber": "60",
    "rateDate": "11/14/2016",
    "producerNumber": null,
    "versionStatus": "Cancel Pending",
    "versionType": "Renewal",
    "quotedDownPayment": "158.38",
    "policyTerm": "12",
    "payPlan": "12PayRNEFT",
    "writtenPremium": "1619",
    "feeAmount": "65.52",
    "writtenPremiumWFees": "1684.52",
    "billedAmount": "2297.84",
    "billedFeeAmount": "65.52",
    "totalBilledAmount": "2363.36",
    "yetToBeBilledAmount": "-678.84",
    "receiptAmount": "1003.92",
    "currentDueAmount": "680.60",
    "remainBalanceAmount": "680.60",
    "writeOffAmount": "0.00",
    "lastActivityAmount": "08/22/2017",
    "lastBilledDate": "08/22/2017"
  },
  {
    "agencyCode": "26892",
    "owner": "NSA_CA.",
    "productNumber": "1",
    "product": "Private Passenger",
    "stateAbbreviation": "CA",
    "policyID": "104600624728001",
    "version": "5",
    "changeNumber": "2",
    "nameInsured": "BELENFANTE, KATIE JO",
    "homePhone": "(310) 676-1192",
    "workPhone": null,
    "email": null,
    "effectiveDate": "12/08/2016",
    "expirationDate": null,
    "cancelDate": "10/11/2017",
    "cancelSourceCode": "NONPAY",
    "companyNumber": "60",
    "rateDate": "12/08/2016",
    "producerNumber": null,
    "versionStatus": "Cancel Pending",
    "versionType": "Renewal",
    "quotedDownPayment": "139.22",
    "policyTerm": "12",
    "payPlan": "12-PayRNDB",
    "writtenPremium": "1389",
    "feeAmount": "83.52",
    "writtenPremiumWFees": "1472.52",
    "billedAmount": "1856.28",
    "billedFeeAmount": "83.52",
    "totalBilledAmount": "1939.80",
    "yetToBeBilledAmount": "-467.28",
    "receiptAmount": "768.49",
    "currentDueAmount": "704.03",
    "remainBalanceAmount": "704.03",
    "writeOffAmount": "0.00",
    "lastActivityAmount": "08/22/2017",
    "lastBilledDate": "08/22/2017"
  },
  {
    "agencyCode": "26892",
    "owner": "NSA_CA.",
    "productNumber": "1",
    "product": "Private Passenger",
    "stateAbbreviation": "CA",
    "policyID": "104600624750001",
    "version": "5",
    "changeNumber": "2",
    "nameInsured": "RAMIREZ, REYNALDO MAGANA",
    "homePhone": "(310) 675-5493",
    "workPhone": "(818) 775-9439",
    "email": null,
    "effectiveDate": "11/14/2016",
    "expirationDate": null,
    "cancelDate": "10/11/2017",
    "cancelSourceCode": "NONPAY",
    "companyNumber": "60",
    "rateDate": "11/14/2016",
    "producerNumber": null,
    "versionStatus": "Cancel Pending",
    "versionType": "Renewal",
    "quotedDownPayment": "103",
    "policyTerm": "12",
    "payPlan": "12-PayRNDB",
    "writtenPremium": "952",
    "feeAmount": "93.52",
    "writtenPremiumWFees": "1045.52",
    "billedAmount": "1353.04",
    "billedFeeAmount": "93.52",
    "totalBilledAmount": "1446.56",
    "yetToBeBilledAmount": "-401.04",
    "receiptAmount": "638.92",
    "currentDueAmount": "406.60",
    "remainBalanceAmount": "406.60",
    "writeOffAmount": "0.00",
    "lastActivityAmount": "08/22/2017",
    "lastBilledDate": "08/22/2017"
  },
  {
    "agencyCode": "26892",
    "owner": "NSA_CA.",
    "productNumber": "1",
    "product": "Private Passenger",
    "stateAbbreviation": "CA",
    "policyID": "104600625629001",
    "version": "5",
    "changeNumber": "3",
    "nameInsured": "Recinos, Edgar Leonel",
    "homePhone": "(310) 793-6507",
    "workPhone": null,
    "email": null,
    "effectiveDate": "11/15/2016",
    "expirationDate": null,
    "cancelDate": "10/11/2017",
    "cancelSourceCode": "NONPAY",
    "companyNumber": "60",
    "rateDate": "11/15/2016",
    "producerNumber": null,
    "versionStatus": "Cancel Pending",
    "versionType": "Renewal",
    "quotedDownPayment": "139.49",
    "policyTerm": "12",
    "payPlan": "12-PayRNDB",
    "writtenPremium": "1531",
    "feeAmount": "116.60",
    "writtenPremiumWFees": "1647.60",
    "billedAmount": "2042.75",
    "billedFeeAmount": "116.60",
    "totalBilledAmount": "2159.35",
    "yetToBeBilledAmount": "-511.75",
    "receiptAmount": "855.53",
    "currentDueAmount": "792.07",
    "remainBalanceAmount": "792.07",
    "writeOffAmount": "0.00",
    "lastActivityAmount": "08/22/2017",
    "lastBilledDate": "08/22/2017"
  },
  {
    "agencyCode": "26892",
    "owner": "NSA_CA.",
    "productNumber": "1",
    "product": "Private Passenger",
    "stateAbbreviation": "CA",
    "policyID": "104600627154001",
    "version": "5",
    "changeNumber": "12",
    "nameInsured": "MCDANIEL-DAVIS, TERINA",
    "homePhone": "(323) 868-8724",
    "workPhone": "(   )    -",
    "email": null,
    "effectiveDate": "11/16/2016",
    "expirationDate": null,
    "cancelDate": "10/11/2017",
    "cancelSourceCode": "NONPAY",
    "companyNumber": "60",
    "rateDate": "11/16/2016",
    "producerNumber": null,
    "versionStatus": "Cancel Pending",
    "versionType": "Renewal",
    "quotedDownPayment": "109.06",
    "policyTerm": "12",
    "payPlan": "12-PayRNDB",
    "writtenPremium": "868",
    "feeAmount": "136.76",
    "writtenPremiumWFees": "1004.76",
    "billedAmount": "1236.36",
    "billedFeeAmount": "136.76",
    "totalBilledAmount": "1373.12",
    "yetToBeBilledAmount": "-368.36",
    "receiptAmount": "544.76",
    "currentDueAmount": "460.00",
    "remainBalanceAmount": "460.00",
    "writeOffAmount": "0.00",
    "lastActivityAmount": "08/22/2017",
    "lastBilledDate": "08/22/2017"
  },
  {
    "agencyCode": "26892",
    "owner": "NSA_CA.",
    "productNumber": "1",
    "product": "Private Passenger",
    "stateAbbreviation": "CA",
    "policyID": "104600627953001",
    "version": "6",
    "changeNumber": "2",
    "nameInsured": "Gutierrez, Everardo Javier",
    "homePhone": "(323) 497-1844",
    "workPhone": null,
    "email": null,
    "effectiveDate": "01/24/2017",
    "expirationDate": null,
    "cancelDate": "10/11/2017",
    "cancelSourceCode": "NONPAY",
    "companyNumber": "60",
    "rateDate": "01/24/2017",
    "producerNumber": "10460",
    "versionStatus": "Cancel Pending",
    "versionType": "Renewal",
    "quotedDownPayment": "144.89",
    "policyTerm": "12",
    "payPlan": "12PayRNEFT",
    "writtenPremium": "1397",
    "feeAmount": "58.52",
    "writtenPremiumWFees": "1455.52",
    "billedAmount": "1523.76",
    "billedFeeAmount": "58.52",
    "totalBilledAmount": "1582.28",
    "yetToBeBilledAmount": "-126.76",
    "receiptAmount": "512.16",
    "currentDueAmount": "943.36",
    "remainBalanceAmount": "943.36",
    "writeOffAmount": "0.00",
    "lastActivityAmount": "08/22/2017",
    "lastBilledDate": "08/22/2017"
  },
  {
    "agencyCode": "26892",
    "owner": "NSA_CA.",
    "productNumber": "1",
    "product": "Private Passenger",
    "stateAbbreviation": "CA",
    "policyID": "104600629469001",
    "version": "5",
    "changeNumber": "2",
    "nameInsured": "BRISTER, JANAE MONTRESE",
    "homePhone": "(323) 823-5097",
    "workPhone": null,
    "email": null,
    "effectiveDate": "11/19/2016",
    "expirationDate": null,
    "cancelDate": "10/11/2017",
    "cancelSourceCode": "NONPAY",
    "companyNumber": "60",
    "rateDate": "11/19/2016",
    "producerNumber": null,
    "versionStatus": "Cancel Pending",
    "versionType": "Renewal",
    "quotedDownPayment": "145.54",
    "policyTerm": "12",
    "payPlan": "12PayRNEFT",
    "writtenPremium": "1486",
    "feeAmount": "63.76",
    "writtenPremiumWFees": "1549.76",
    "billedAmount": "2109.10",
    "billedFeeAmount": "63.76",
    "totalBilledAmount": "2172.86",
    "yetToBeBilledAmount": "-623.10",
    "receiptAmount": "924.58",
    "currentDueAmount": "625.18",
    "remainBalanceAmount": "625.18",
    "writeOffAmount": "0.00",
    "lastActivityAmount": "08/22/2017",
    "lastBilledDate": "08/22/2017"
  },
  {
    "agencyCode": "26892",
    "owner": "NSA_CA.",
    "productNumber": "1",
    "product": "Private Passenger",
    "stateAbbreviation": "CA",
    "policyID": "104600629578001",
    "version": "5",
    "changeNumber": "3",
    "nameInsured": "PORCH, SHARON LYNN",
    "homePhone": "(310) 677-7315",
    "workPhone": "(310) 412-6852",
    "email": null,
    "effectiveDate": "11/19/2016",
    "expirationDate": null,
    "cancelDate": "10/11/2017",
    "cancelSourceCode": "NONPAY",
    "companyNumber": "60",
    "rateDate": "11/19/2016",
    "producerNumber": null,
    "versionStatus": "Cancel Pending",
    "versionType": "Renewal",
    "quotedDownPayment": "65.58",
    "policyTerm": "12",
    "payPlan": "12-PayRNDB",
    "writtenPremium": "1378",
    "feeAmount": "108.52",
    "writtenPremiumWFees": "1486.52",
    "billedAmount": "1824.88",
    "billedFeeAmount": "108.52",
    "totalBilledAmount": "1933.40",
    "yetToBeBilledAmount": "-446.88",
    "receiptAmount": "776.95",
    "currentDueAmount": "709.57",
    "remainBalanceAmount": "709.57",
    "writeOffAmount": "0.00",
    "lastActivityAmount": "08/22/2017",
    "lastBilledDate": "08/22/2017"
  },
  {
    "agencyCode": "26892",
    "owner": "NSA_CA.",
    "productNumber": "1",
    "product": "Private Passenger",
    "stateAbbreviation": "CA",
    "policyID": "104600632790001",
    "version": "9",
    "changeNumber": "3",
    "nameInsured": "DOMINGUEZ, MIRTHA ARMENDARIZ",
    "homePhone": "(323) 377-4153",
    "workPhone": "(   )    -",
    "email": null,
    "effectiveDate": "01/18/2017",
    "expirationDate": null,
    "cancelDate": "10/11/2017",
    "cancelSourceCode": "NONPAY",
    "companyNumber": "60",
    "rateDate": "01/18/2017",
    "producerNumber": null,
    "versionStatus": "Cancel Pending",
    "versionType": "Rewrite",
    "quotedDownPayment": "351.15",
    "policyTerm": "12",
    "payPlan": "12-PayDBRW",
    "writtenPremium": "2922",
    "feeAmount": "87.04",
    "writtenPremiumWFees": "3009.04",
    "billedAmount": "3252.79",
    "billedFeeAmount": "87.04",
    "totalBilledAmount": "3339.83",
    "yetToBeBilledAmount": "-330.79",
    "receiptAmount": "1342.67",
    "currentDueAmount": "1666.37",
    "remainBalanceAmount": "1666.37",
    "writeOffAmount": "0.00",
    "lastActivityAmount": "08/22/2017",
    "lastBilledDate": "08/22/2017"
  },
  {
    "agencyCode": "26892",
    "owner": "NSA_CA.",
    "productNumber": "1",
    "product": "Private Passenger",
    "stateAbbreviation": "CA",
    "policyID": "104600632808001",
    "version": "5",
    "changeNumber": "3",
    "nameInsured": "HERNANDEZ, ANGEL",
    "homePhone": "(310) 330-0238",
    "workPhone": "(310) 412-5427",
    "email": null,
    "effectiveDate": "11/22/2016",
    "expirationDate": null,
    "cancelDate": "10/11/2017",
    "cancelSourceCode": "NONPAY",
    "companyNumber": "60",
    "rateDate": "11/22/2016",
    "producerNumber": null,
    "versionStatus": "Cancel Pending",
    "versionType": "Renewal",
    "quotedDownPayment": "232.12",
    "policyTerm": "12",
    "payPlan": "12PayRNEFT",
    "writtenPremium": "3467",
    "feeAmount": "81.80",
    "writtenPremiumWFees": "3548.80",
    "billedAmount": "4817.49",
    "billedFeeAmount": "81.80",
    "totalBilledAmount": "4899.29",
    "yetToBeBilledAmount": "-1350.49",
    "receiptAmount": "1696.78",
    "currentDueAmount": "1852.02",
    "remainBalanceAmount": "1852.02",
    "writeOffAmount": "0.00",
    "lastActivityAmount": "08/22/2017",
    "lastBilledDate": "08/22/2017"
  },
  {
    "agencyCode": "26892",
    "owner": "NSA_CA.",
    "productNumber": "1",
    "product": "Private Passenger",
    "stateAbbreviation": "CA",
    "policyID": "104600633939001",
    "version": "5",
    "changeNumber": "2",
    "nameInsured": "Munozgonzalez, Rafael",
    "homePhone": "(310) 963-5709",
    "workPhone": null,
    "email": null,
    "effectiveDate": "05/20/2017",
    "expirationDate": null,
    "cancelDate": "10/11/2017",
    "cancelSourceCode": "NONPAY",
    "companyNumber": "60",
    "rateDate": "05/20/2017",
    "producerNumber": "10460",
    "versionStatus": "Cancel Pending",
    "versionType": "Renewal",
    "quotedDownPayment": "68.84",
    "policyTerm": "12",
    "payPlan": "12-PayRNDB",
    "writtenPremium": "544",
    "feeAmount": "63.52",
    "writtenPremiumWFees": "607.52",
    "billedAmount": "226.68",
    "billedFeeAmount": "63.52",
    "totalBilledAmount": "290.20",
    "yetToBeBilledAmount": "317.32",
    "receiptAmount": "234.86",
    "currentDueAmount": "55.34",
    "remainBalanceAmount": "372.66",
    "writeOffAmount": "0.00",
    "lastActivityAmount": "08/31/2017",
    "lastBilledDate": "08/31/2017"
  },
  {
    "agencyCode": "26892",
    "owner": "NSA_CA.",
    "productNumber": "1",
    "product": "Private Passenger",
    "stateAbbreviation": "CA",
    "policyID": "104600635121001",
    "version": "5",
    "changeNumber": "2",
    "nameInsured": "Agueda, Vicente Tomas",
    "homePhone": "(714) 203-4465",
    "workPhone": null,
    "email": null,
    "effectiveDate": "10/22/2016",
    "expirationDate": null,
    "cancelDate": "10/11/2017",
    "cancelSourceCode": "NONPAY",
    "companyNumber": "60",
    "rateDate": "10/22/2016",
    "producerNumber": "10460",
    "versionStatus": "Cancel Pending",
    "versionType": "Renewal",
    "quotedDownPayment": "142.24",
    "policyTerm": "12",
    "payPlan": "12PayRNEFT",
    "writtenPremium": "1344",
    "feeAmount": "78.28",
    "writtenPremiumWFees": "1422.28",
    "billedAmount": "2130.75",
    "billedFeeAmount": "78.28",
    "totalBilledAmount": "2209.03",
    "yetToBeBilledAmount": "-786.75",
    "receiptAmount": "850.28",
    "currentDueAmount": "572.00",
    "remainBalanceAmount": "572.00",
    "writeOffAmount": "0.00",
    "lastActivityAmount": "08/22/2017",
    "lastBilledDate": "08/22/2017"
  },
  {
    "agencyCode": "26892",
    "owner": "NSA_CA.",
    "productNumber": "1",
    "product": "Private Passenger",
    "stateAbbreviation": "CA",
    "policyID": "104600635817001",
    "version": "5",
    "changeNumber": "3",
    "nameInsured": "Perez, Olivia",
    "homePhone": "(310)867-5672",
    "workPhone": null,
    "email": null,
    "effectiveDate": "11/24/2016",
    "expirationDate": null,
    "cancelDate": "10/11/2017",
    "cancelSourceCode": "NONPAY",
    "companyNumber": "60",
    "rateDate": "11/24/2016",
    "producerNumber": null,
    "versionStatus": "Cancel Pending",
    "versionType": "Renewal",
    "quotedDownPayment": "96.81",
    "policyTerm": "12",
    "payPlan": "12PayRNEFT",
    "writtenPremium": "901",
    "feeAmount": "63.76",
    "writtenPremiumWFees": "964.76",
    "billedAmount": "1280.39",
    "billedFeeAmount": "63.76",
    "totalBilledAmount": "1344.15",
    "yetToBeBilledAmount": "-379.39",
    "receiptAmount": "502.26",
    "currentDueAmount": "462.50",
    "remainBalanceAmount": "462.50",
    "writeOffAmount": "0.00",
    "lastActivityAmount": "08/22/2017",
    "lastBilledDate": "08/22/2017"
  },
  {
    "agencyCode": "26892",
    "owner": "NSA_CA.",
    "productNumber": "1",
    "product": "Private Passenger",
    "stateAbbreviation": "CA",
    "policyID": "104600636019001",
    "version": "5",
    "changeNumber": "2",
    "nameInsured": "Crawford, Emanuel",
    "homePhone": "(310) 408-6328",
    "workPhone": "(310) 825-6073",
    "email": null,
    "effectiveDate": "01/02/2017",
    "expirationDate": null,
    "cancelDate": "10/11/2017",
    "cancelSourceCode": "NONPAY",
    "companyNumber": "60",
    "rateDate": "01/02/2017",
    "producerNumber": null,
    "versionStatus": "Cancel Pending",
    "versionType": "Renewal",
    "quotedDownPayment": "117.73",
    "policyTerm": "12",
    "payPlan": "12-PayRNDB",
    "writtenPremium": "912",
    "feeAmount": "101.76",
    "writtenPremiumWFees": "1013.76",
    "billedAmount": "1151.40",
    "billedFeeAmount": "101.76",
    "totalBilledAmount": "1253.16",
    "yetToBeBilledAmount": "-239.40",
    "receiptAmount": "461.76",
    "currentDueAmount": "552.00",
    "remainBalanceAmount": "552.00",
    "writeOffAmount": "0.00",
    "lastActivityAmount": "08/22/2017",
    "lastBilledDate": "08/22/2017"
  },
  {
    "agencyCode": "26892",
    "owner": "NSA_CA.",
    "productNumber": "1",
    "product": "Private Passenger",
    "stateAbbreviation": "CA",
    "policyID": "104600636036001",
    "version": "5",
    "changeNumber": "2",
    "nameInsured": "RAMIREZ, OLIVIA LEYVA",
    "homePhone": "(213) 567-1505",
    "workPhone": "(310) 665-7849",
    "email": null,
    "effectiveDate": "12/28/2016",
    "expirationDate": null,
    "cancelDate": "10/11/2017",
    "cancelSourceCode": "NONPAY",
    "companyNumber": "60",
    "rateDate": "12/28/2016",
    "producerNumber": null,
    "versionStatus": "Cancel Pending",
    "versionType": "Renewal",
    "quotedDownPayment": "125.9",
    "policyTerm": "12",
    "payPlan": "12PayRNEFT",
    "writtenPremium": "1229",
    "feeAmount": "59.52",
    "writtenPremiumWFees": "1288.52",
    "billedAmount": "1542.64",
    "billedFeeAmount": "59.52",
    "totalBilledAmount": "1602.16",
    "yetToBeBilledAmount": "-313.64",
    "receiptAmount": "559.58",
    "currentDueAmount": "728.94",
    "remainBalanceAmount": "728.94",
    "writeOffAmount": "0.00",
    "lastActivityAmount": "08/22/2017",
    "lastBilledDate": "08/22/2017"
  },
  {
    "agencyCode": "26892",
    "owner": "NSA_CA.",
    "productNumber": "1",
    "product": "Private Passenger",
    "stateAbbreviation": "CA",
    "policyID": "104600636119001",
    "version": "5",
    "changeNumber": "2",
    "nameInsured": "RODRIGUEZ-GARCIA, FRANCISCO",
    "homePhone": "(310) 673-5822",
    "workPhone": null,
    "email": null,
    "effectiveDate": "11/26/2016",
    "expirationDate": null,
    "cancelDate": "10/11/2017",
    "cancelSourceCode": "NONPAY",
    "companyNumber": "60",
    "rateDate": "11/26/2016",
    "producerNumber": null,
    "versionStatus": "Cancel Pending",
    "versionType": "Renewal",
    "quotedDownPayment": "64.08",
    "policyTerm": "12",
    "payPlan": "12-PayRNDB",
    "writtenPremium": "448",
    "feeAmount": "96.76",
    "writtenPremiumWFees": "544.76",
    "billedAmount": "639.55",
    "billedFeeAmount": "96.76",
    "totalBilledAmount": "736.31",
    "yetToBeBilledAmount": "-191.55",
    "receiptAmount": "300.78",
    "currentDueAmount": "243.98",
    "remainBalanceAmount": "243.98",
    "writeOffAmount": "0.00",
    "lastActivityAmount": "08/22/2017",
    "lastBilledDate": "08/22/2017"
  },
  {
    "agencyCode": "26892",
    "owner": "NSA_CA.",
    "productNumber": "1",
    "product": "Private Passenger",
    "stateAbbreviation": "CA",
    "policyID": "104600636140001",
    "version": "5",
    "changeNumber": "2",
    "nameInsured": "VELAZQUEZ, NURIA",
    "homePhone": "(310) 672-0428",
    "workPhone": null,
    "email": null,
    "effectiveDate": "11/24/2016",
    "expirationDate": null,
    "cancelDate": "10/11/2017",
    "cancelSourceCode": "NONPAY",
    "companyNumber": "60",
    "rateDate": "11/24/2016",
    "producerNumber": null,
    "versionStatus": "Cancel Pending",
    "versionType": "Renewal",
    "quotedDownPayment": "249.18",
    "policyTerm": "12",
    "payPlan": "12PayRNEFT",
    "writtenPremium": "2709",
    "feeAmount": "65.52",
    "writtenPremiumWFees": "2774.52",
    "billedAmount": "3841.98",
    "billedFeeAmount": "65.52",
    "totalBilledAmount": "3907.50",
    "yetToBeBilledAmount": "-1132.98",
    "receiptAmount": "1407.98",
    "currentDueAmount": "1366.54",
    "remainBalanceAmount": "1366.54",
    "writeOffAmount": "0.00",
    "lastActivityAmount": "08/22/2017",
    "lastBilledDate": "08/22/2017"
  },
  {
    "agencyCode": "26892",
    "owner": "NSA_CA.",
    "productNumber": "1",
    "product": "Private Passenger",
    "stateAbbreviation": "CA",
    "policyID": "104600636175001",
    "version": "5",
    "changeNumber": "2",
    "nameInsured": "FUENTES, NORMA",
    "homePhone": "(424)750-0172",
    "workPhone": "(310) 660-9000",
    "email": null,
    "effectiveDate": "11/24/2016",
    "expirationDate": null,
    "cancelDate": "10/11/2017",
    "cancelSourceCode": "NONPAY",
    "companyNumber": "60",
    "rateDate": "11/24/2016",
    "producerNumber": null,
    "versionStatus": "Cancel Pending",
    "versionType": "Renewal",
    "quotedDownPayment": "74.82",
    "policyTerm": "12",
    "payPlan": "12PayRNEFT",
    "writtenPremium": "637",
    "feeAmount": "63.76",
    "writtenPremiumWFees": "700.76",
    "billedAmount": "906.40",
    "billedFeeAmount": "63.76",
    "totalBilledAmount": "970.16",
    "yetToBeBilledAmount": "-269.40",
    "receiptAmount": "370.27",
    "currentDueAmount": "330.49",
    "remainBalanceAmount": "330.49",
    "writeOffAmount": "0.00",
    "lastActivityAmount": "08/22/2017",
    "lastBilledDate": "08/22/2017"
  },
  {
    "agencyCode": "26892",
    "owner": "NSA_CA.",
    "productNumber": "1",
    "product": "Private Passenger",
    "stateAbbreviation": "CA",
    "policyID": "104600637139001",
    "version": "5",
    "changeNumber": "3",
    "nameInsured": "ALVAREZ, MARIA",
    "homePhone": "(310) 674-9083",
    "workPhone": "(   )    -",
    "email": null,
    "effectiveDate": "11/27/2016",
    "expirationDate": null,
    "cancelDate": "10/11/2017",
    "cancelSourceCode": "NONPAY",
    "companyNumber": "60",
    "rateDate": "11/27/2016",
    "producerNumber": null,
    "versionStatus": "Cancel Pending",
    "versionType": "Renewal",
    "quotedDownPayment": "189.55",
    "policyTerm": "12",
    "payPlan": "12PayRNEFT",
    "writtenPremium": "2390",
    "feeAmount": "80.04",
    "writtenPremiumWFees": "2470.04",
    "billedAmount": "3326.02",
    "billedFeeAmount": "80.04",
    "totalBilledAmount": "3406.06",
    "yetToBeBilledAmount": "-936.02",
    "receiptAmount": "1187.36",
    "currentDueAmount": "1282.68",
    "remainBalanceAmount": "1282.68",
    "writeOffAmount": "0.00",
    "lastActivityAmount": "08/22/2017",
    "lastBilledDate": "08/22/2017"
  },
  {
    "agencyCode": "26892",
    "owner": "NSA_CA.",
    "productNumber": "1",
    "product": "Private Passenger",
    "stateAbbreviation": "CA",
    "policyID": "104600637831001",
    "version": "5",
    "changeNumber": "2",
    "nameInsured": "SANTOS, ERIC",
    "homePhone": "(213) 909-8551",
    "workPhone": "(310) 978-0516",
    "email": null,
    "effectiveDate": "11/28/2016",
    "expirationDate": null,
    "cancelDate": "10/11/2017",
    "cancelSourceCode": "NONPAY",
    "companyNumber": "60",
    "rateDate": "11/28/2016",
    "producerNumber": null,
    "versionStatus": "Cancel Pending",
    "versionType": "Renewal",
    "quotedDownPayment": "134.56",
    "policyTerm": "12",
    "payPlan": "12PayRNEFT",
    "writtenPremium": "1333",
    "feeAmount": "65.52",
    "writtenPremiumWFees": "1398.52",
    "billedAmount": "1892.69",
    "billedFeeAmount": "65.52",
    "totalBilledAmount": "1958.21",
    "yetToBeBilledAmount": "-559.69",
    "receiptAmount": "720.01",
    "currentDueAmount": "678.51",
    "remainBalanceAmount": "678.51",
    "writeOffAmount": "0.00",
    "lastActivityAmount": "08/22/2017",
    "lastBilledDate": "08/22/2017"
  },
  {
    "agencyCode": "26892",
    "owner": "NSA_CA.",
    "productNumber": "1",
    "product": "Private Passenger",
    "stateAbbreviation": "CA",
    "policyID": "104600637949001",
    "version": "5",
    "changeNumber": "2",
    "nameInsured": "Rodriguez, Jovita",
    "homePhone": "(310) 635-4732",
    "workPhone": null,
    "email": null,
    "effectiveDate": "11/28/2016",
    "expirationDate": null,
    "cancelDate": "10/11/2017",
    "cancelSourceCode": "NONPAY",
    "companyNumber": "63",
    "rateDate": "11/28/2016",
    "producerNumber": "10463",
    "versionStatus": "Cancel Pending",
    "versionType": "Renewal",
    "quotedDownPayment": "334.25",
    "policyTerm": "12",
    "payPlan": "12PayRNEFT",
    "writtenPremium": "3469",
    "feeAmount": "87.28",
    "writtenPremiumWFees": "3556.28",
    "billedAmount": "4922.61",
    "billedFeeAmount": "87.28",
    "totalBilledAmount": "5009.89",
    "yetToBeBilledAmount": "-1453.61",
    "receiptAmount": "1809.74",
    "currentDueAmount": "1746.54",
    "remainBalanceAmount": "1746.54",
    "writeOffAmount": "0.00",
    "lastActivityAmount": "08/22/2017",
    "lastBilledDate": "08/22/2017"
  },
  {
    "agencyCode": "26892",
    "owner": "NSA_CA.",
    "productNumber": "1",
    "product": "Private Passenger",
    "stateAbbreviation": "CA",
    "policyID": "104600639067001",
    "version": "5",
    "changeNumber": "2",
    "nameInsured": "HIGUERA, ENRIQUE",
    "homePhone": "(310) 365-8244",
    "workPhone": "(310) 676-4369",
    "email": null,
    "effectiveDate": "11/29/2016",
    "expirationDate": null,
    "cancelDate": "10/11/2017",
    "cancelSourceCode": "NONPAY",
    "companyNumber": "60",
    "rateDate": "11/29/2016",
    "producerNumber": null,
    "versionStatus": "Cancel Pending",
    "versionType": "Renewal",
    "quotedDownPayment": "139.63",
    "policyTerm": "12",
    "payPlan": "12-PayRNDB",
    "writtenPremium": "1415",
    "feeAmount": "91.76",
    "writtenPremiumWFees": "1506.76",
    "billedAmount": "2008.52",
    "billedFeeAmount": "91.76",
    "totalBilledAmount": "2100.28",
    "yetToBeBilledAmount": "-593.52",
    "receiptAmount": "779.24",
    "currentDueAmount": "727.52",
    "remainBalanceAmount": "727.52",
    "writeOffAmount": "0.00",
    "lastActivityAmount": "08/22/2017",
    "lastBilledDate": "08/22/2017"
  },
  {
    "agencyCode": "26892",
    "owner": "NSA_CA.",
    "productNumber": "1",
    "product": "Private Passenger",
    "stateAbbreviation": "CA",
    "policyID": "104600640066001",
    "version": "5",
    "changeNumber": "2",
    "nameInsured": "ORDAZ, ARTURO",
    "homePhone": "(310) 673-7953",
    "workPhone": "(   )    -",
    "email": null,
    "effectiveDate": "11/30/2016",
    "expirationDate": null,
    "cancelDate": "10/11/2017",
    "cancelSourceCode": "NONPAY",
    "companyNumber": "60",
    "rateDate": "11/30/2016",
    "producerNumber": null,
    "versionStatus": "Cancel Pending",
    "versionType": "Renewal",
    "quotedDownPayment": "264.95",
    "policyTerm": "12",
    "payPlan": "12PayRNEFT",
    "writtenPremium": "2796",
    "feeAmount": "74.04",
    "writtenPremiumWFees": "2870.04",
    "billedAmount": "3966.79",
    "billedFeeAmount": "74.04",
    "totalBilledAmount": "4040.83",
    "yetToBeBilledAmount": "-1170.79",
    "receiptAmount": "1460.00",
    "currentDueAmount": "1410.04",
    "remainBalanceAmount": "1410.04",
    "writeOffAmount": "0.00",
    "lastActivityAmount": "08/22/2017",
    "lastBilledDate": "08/22/2017"
  },
  {
    "agencyCode": "26892",
    "owner": "NSA_CA.",
    "productNumber": "1",
    "product": "Private Passenger",
    "stateAbbreviation": "CA",
    "policyID": "104600640196001",
    "version": "5",
    "changeNumber": "4",
    "nameInsured": "SALAZAR, JUAN CARLOS RODRIGUEZ",
    "homePhone": "(562) 484-0165",
    "workPhone": "(310) 370-3737",
    "email": null,
    "effectiveDate": "11/30/2016",
    "expirationDate": null,
    "cancelDate": "10/11/2017",
    "cancelSourceCode": "NONPAY",
    "companyNumber": "60",
    "rateDate": "11/30/2016",
    "producerNumber": null,
    "versionStatus": "Cancel Pending",
    "versionType": "Renewal",
    "quotedDownPayment": "265.69",
    "policyTerm": "12",
    "payPlan": "12-PayRNDB",
    "writtenPremium": "2297",
    "feeAmount": "107.04",
    "writtenPremiumWFees": "2404.04",
    "billedAmount": "3444.23",
    "billedFeeAmount": "107.04",
    "totalBilledAmount": "3551.27",
    "yetToBeBilledAmount": "-1147.23",
    "receiptAmount": "1442.49",
    "currentDueAmount": "961.55",
    "remainBalanceAmount": "961.55",
    "writeOffAmount": "0.00",
    "lastActivityAmount": "08/22/2017",
    "lastBilledDate": "08/22/2017"
  },
  {
    "agencyCode": "26892",
    "owner": "NSA_CA.",
    "productNumber": "1",
    "product": "Private Passenger",
    "stateAbbreviation": "CA",
    "policyID": "104600642470001",
    "version": "5",
    "changeNumber": "4",
    "nameInsured": "SAVALA, BERNARD",
    "homePhone": "(310) 677-3829",
    "workPhone": null,
    "email": null,
    "effectiveDate": "12/01/2016",
    "expirationDate": null,
    "cancelDate": "10/11/2017",
    "cancelSourceCode": "NONPAY",
    "companyNumber": "60",
    "rateDate": "12/01/2016",
    "producerNumber": null,
    "versionStatus": "Cancel Pending",
    "versionType": "Renewal",
    "quotedDownPayment": "96.82",
    "policyTerm": "12",
    "payPlan": "12-PayRNDB",
    "writtenPremium": "880",
    "feeAmount": "99.52",
    "writtenPremiumWFees": "979.52",
    "billedAmount": "1250.96",
    "billedFeeAmount": "99.52",
    "totalBilledAmount": "1350.48",
    "yetToBeBilledAmount": "-370.96",
    "receiptAmount": "519.32",
    "currentDueAmount": "460.20",
    "remainBalanceAmount": "460.20",
    "writeOffAmount": "0.00",
    "lastActivityAmount": "08/22/2017",
    "lastBilledDate": "08/22/2017"
  },
  {
    "agencyCode": "26892",
    "owner": "NSA_CA.",
    "productNumber": "1",
    "product": "Private Passenger",
    "stateAbbreviation": "CA",
    "policyID": "104600642498001",
    "version": "5",
    "changeNumber": "2",
    "nameInsured": "Rios Zarate Reyna E",
    "homePhone": "(310) 438-4578",
    "workPhone": null,
    "email": null,
    "effectiveDate": "12/01/2016",
    "expirationDate": null,
    "cancelDate": "10/11/2017",
    "cancelSourceCode": "NONPAY",
    "companyNumber": "60",
    "rateDate": "12/01/2016",
    "producerNumber": null,
    "versionStatus": "Cancel Pending",
    "versionType": "Renewal",
    "quotedDownPayment": "125.58",
    "policyTerm": "12",
    "payPlan": "12PayRNEFT",
    "writtenPremium": "964",
    "feeAmount": "87.28",
    "writtenPremiumWFees": "1051.28",
    "billedAmount": "1373.90",
    "billedFeeAmount": "87.28",
    "totalBilledAmount": "1461.18",
    "yetToBeBilledAmount": "-409.90",
    "receiptAmount": "557.28",
    "currentDueAmount": "494.00",
    "remainBalanceAmount": "494.00",
    "writeOffAmount": "0.00",
    "lastActivityAmount": "08/22/2017",
    "lastBilledDate": "08/22/2017"
  },
  {
    "agencyCode": "26892",
    "owner": "NSA_CA.",
    "productNumber": "1",
    "product": "Private Passenger",
    "stateAbbreviation": "CA",
    "policyID": "104600642740001",
    "version": "5",
    "changeNumber": "2",
    "nameInsured": "Brass Jr, Michael Anthony",
    "homePhone": "(714) 206-2298",
    "workPhone": null,
    "email": null,
    "effectiveDate": "10/30/2016",
    "expirationDate": null,
    "cancelDate": "10/11/2017",
    "cancelSourceCode": "NONPAY",
    "companyNumber": "60",
    "rateDate": "10/30/2016",
    "producerNumber": "10460",
    "versionStatus": "Cancel Pending",
    "versionType": "Renewal",
    "quotedDownPayment": "276.85",
    "policyTerm": "12",
    "payPlan": "12PayRNEFT",
    "writtenPremium": "2960",
    "feeAmount": "78.28",
    "writtenPremiumWFees": "3038.28",
    "billedAmount": "4689.40",
    "billedFeeAmount": "78.28",
    "totalBilledAmount": "4767.68",
    "yetToBeBilledAmount": "-1729.40",
    "receiptAmount": "1792.93",
    "currentDueAmount": "1245.35",
    "remainBalanceAmount": "1245.35",
    "writeOffAmount": "0.00",
    "lastActivityAmount": "08/22/2017",
    "lastBilledDate": "08/22/2017"
  },
  {
    "agencyCode": "26892",
    "owner": "NSA_CA.",
    "productNumber": "1",
    "product": "Private Passenger",
    "stateAbbreviation": "CA",
    "policyID": "104600643186001",
    "version": "5",
    "changeNumber": "4",
    "nameInsured": "Contrerars, Juan",
    "homePhone": "(310) 673-6056",
    "workPhone": null,
    "email": null,
    "effectiveDate": "10/30/2016",
    "expirationDate": null,
    "cancelDate": "10/11/2017",
    "cancelSourceCode": "NONPAY",
    "companyNumber": "60",
    "rateDate": "10/30/2016",
    "producerNumber": "10460",
    "versionStatus": "Cancel Pending",
    "versionType": "Renewal",
    "quotedDownPayment": "204",
    "policyTerm": "12",
    "payPlan": "12-PayRNDB",
    "writtenPremium": "4765",
    "feeAmount": "130.56",
    "writtenPremiumWFees": "4895.56",
    "billedAmount": "7230.85",
    "billedFeeAmount": "130.56",
    "totalBilledAmount": "7361.41",
    "yetToBeBilledAmount": "-2465.85",
    "receiptAmount": "2509.91",
    "currentDueAmount": "2385.65",
    "remainBalanceAmount": "2385.65",
    "writeOffAmount": "0.00",
    "lastActivityAmount": "08/22/2017",
    "lastBilledDate": "08/22/2017"
  },
  {
    "agencyCode": "26892",
    "owner": "NSA_CA.",
    "productNumber": "1",
    "product": "Private Passenger",
    "stateAbbreviation": "CA",
    "policyID": "104600646840001",
    "version": "5",
    "changeNumber": "15",
    "nameInsured": "Torres, Sandra Y",
    "homePhone": "(323)893-1643",
    "workPhone": "(310) 674-0144",
    "email": "storres8110@gmail.com",
    "effectiveDate": "10/22/2016",
    "expirationDate": null,
    "cancelDate": "10/11/2017",
    "cancelSourceCode": "NONPAY",
    "companyNumber": "60",
    "rateDate": "10/22/2016",
    "producerNumber": null,
    "versionStatus": "Cancel Pending",
    "versionType": "Renewal",
    "quotedDownPayment": "449.28",
    "policyTerm": "12",
    "payPlan": "12-PayRNDB",
    "writtenPremium": "4800",
    "feeAmount": "173.04",
    "writtenPremiumWFees": "4973.04",
    "billedAmount": "7611.76",
    "billedFeeAmount": "173.04",
    "totalBilledAmount": "7784.80",
    "yetToBeBilledAmount": "-2811.76",
    "receiptAmount": "2946.14",
    "currentDueAmount": "2026.90",
    "remainBalanceAmount": "2026.90",
    "writeOffAmount": "0.00",
    "lastActivityAmount": "08/22/2017",
    "lastBilledDate": "08/22/2017"
  },
  {
    "agencyCode": "26892",
    "owner": "NSA_CA.",
    "productNumber": "1",
    "product": "Private Passenger",
    "stateAbbreviation": "CA",
    "policyID": "104600649872001",
    "version": "6",
    "changeNumber": "2",
    "nameInsured": "Monterroso, Ruth Marleny",
    "homePhone": "(310) 677-0296",
    "workPhone": null,
    "email": null,
    "effectiveDate": "02/14/2017",
    "expirationDate": null,
    "cancelDate": "10/11/2017",
    "cancelSourceCode": "NONPAY",
    "companyNumber": "60",
    "rateDate": "02/14/2017",
    "producerNumber": "10460",
    "versionStatus": "Cancel Pending",
    "versionType": "Rewrite",
    "quotedDownPayment": "117",
    "policyTerm": "12",
    "payPlan": "12-PayDBRW",
    "writtenPremium": "879",
    "feeAmount": "65.28",
    "writtenPremiumWFees": "944.28",
    "billedAmount": "908.36",
    "billedFeeAmount": "65.28",
    "totalBilledAmount": "973.64",
    "yetToBeBilledAmount": "-29.36",
    "receiptAmount": "361.72",
    "currentDueAmount": "582.56",
    "remainBalanceAmount": "582.56",
    "writeOffAmount": "0.00",
    "lastActivityAmount": "08/22/2017",
    "lastBilledDate": "08/22/2017"
  },
  {
    "agencyCode": "26892",
    "owner": "NSA_CA.",
    "productNumber": "1",
    "product": "Private Passenger",
    "stateAbbreviation": "CA",
    "policyID": "104600652721001",
    "version": "7",
    "changeNumber": "4",
    "nameInsured": "Villanueva, April Denise",
    "homePhone": "(562)457-8834",
    "workPhone": "(213)629-6188",
    "email": "aprildv74@gmail.com",
    "effectiveDate": "01/11/2017",
    "expirationDate": null,
    "cancelDate": "10/11/2017",
    "cancelSourceCode": "NONPAY",
    "companyNumber": "60",
    "rateDate": "01/11/2017",
    "producerNumber": "10460",
    "versionStatus": "Cancel Pending",
    "versionType": "Renewal",
    "quotedDownPayment": "104.48",
    "policyTerm": "12",
    "payPlan": "12-PayRNDB",
    "writtenPremium": "993",
    "feeAmount": "77.76",
    "writtenPremiumWFees": "1070.76",
    "billedAmount": "1164.44",
    "billedFeeAmount": "77.76",
    "totalBilledAmount": "1242.20",
    "yetToBeBilledAmount": "-171.44",
    "receiptAmount": "481.51",
    "currentDueAmount": "589.25",
    "remainBalanceAmount": "589.25",
    "writeOffAmount": "0.00",
    "lastActivityAmount": "08/22/2017",
    "lastBilledDate": "08/22/2017"
  },
  {
    "agencyCode": "26892",
    "owner": "NSA_CA.",
    "productNumber": "1",
    "product": "Private Passenger",
    "stateAbbreviation": "CA",
    "policyID": "104600655239001",
    "version": "6",
    "changeNumber": "2",
    "nameInsured": "GARCIA, TUPAC",
    "homePhone": "(562) 781-8538",
    "workPhone": "(949) 390-3620",
    "email": null,
    "effectiveDate": "05/05/2017",
    "expirationDate": null,
    "cancelDate": "10/11/2017",
    "cancelSourceCode": "NONPAY",
    "companyNumber": "60",
    "rateDate": "05/05/2017",
    "producerNumber": null,
    "versionStatus": "Cancel Pending",
    "versionType": "Renewal",
    "quotedDownPayment": "455",
    "policyTerm": "12",
    "payPlan": "12-Pay REN",
    "writtenPremium": "5093",
    "feeAmount": "50.56",
    "writtenPremiumWFees": "5143.56",
    "billedAmount": "2990.42",
    "billedFeeAmount": "50.56",
    "totalBilledAmount": "3040.98",
    "yetToBeBilledAmount": "2102.58",
    "receiptAmount": "455.00",
    "currentDueAmount": "2585.98",
    "remainBalanceAmount": "4688.56",
    "writeOffAmount": "0.00",
    "lastActivityAmount": "08/22/2017",
    "lastBilledDate": "08/22/2017"
  },
  {
    "agencyCode": "26892",
    "owner": "NSA_CA.",
    "productNumber": "1",
    "product": "Private Passenger",
    "stateAbbreviation": "CA",
    "policyID": "104600657438001",
    "version": "6",
    "changeNumber": "2",
    "nameInsured": "Gonzalez, Antonio",
    "homePhone": "(310) 930-8138",
    "workPhone": null,
    "email": null,
    "effectiveDate": "04/22/2017",
    "expirationDate": null,
    "cancelDate": "10/11/2017",
    "cancelSourceCode": "NONPAY",
    "companyNumber": "60",
    "rateDate": "04/22/2017",
    "producerNumber": "10460",
    "versionStatus": "Cancel Pending",
    "versionType": "Rewrite",
    "quotedDownPayment": "295.05",
    "policyTerm": "12",
    "payPlan": "12-PayDBRW",
    "writtenPremium": "1522",
    "feeAmount": "43.52",
    "writtenPremiumWFees": "1565.52",
    "billedAmount": "1126.43",
    "billedFeeAmount": "43.52",
    "totalBilledAmount": "1169.95",
    "yetToBeBilledAmount": "395.57",
    "receiptAmount": "295.05",
    "currentDueAmount": "874.90",
    "remainBalanceAmount": "1270.47",
    "writeOffAmount": "0.00",
    "lastActivityAmount": "08/22/2017",
    "lastBilledDate": "08/22/2017"
  },
  {
    "agencyCode": "26892",
    "owner": "NSA_CA.",
    "productNumber": "1",
    "product": "Private Passenger",
    "stateAbbreviation": "CA",
    "policyID": "104600660084001",
    "version": "4",
    "changeNumber": "10",
    "nameInsured": "Mccollum, Lanae Elizabeth",
    "homePhone": "(424) 744-6562",
    "workPhone": null,
    "email": null,
    "effectiveDate": "12/15/2016",
    "expirationDate": null,
    "cancelDate": "10/11/2017",
    "cancelSourceCode": "NONPAY",
    "companyNumber": "63",
    "rateDate": "12/15/2016",
    "producerNumber": "10463",
    "versionStatus": "Cancel Pending",
    "versionType": "Renewal",
    "quotedDownPayment": "112",
    "policyTerm": "12",
    "payPlan": "12-Pay REN",
    "writtenPremium": "1243",
    "feeAmount": "115.76",
    "writtenPremiumWFees": "1358.76",
    "billedAmount": "1548.80",
    "billedFeeAmount": "115.76",
    "totalBilledAmount": "1664.56",
    "yetToBeBilledAmount": "-305.80",
    "receiptAmount": "589.20",
    "currentDueAmount": "769.56",
    "remainBalanceAmount": "769.56",
    "writeOffAmount": "0.00",
    "lastActivityAmount": "08/22/2017",
    "lastBilledDate": "08/22/2017"
  },
  {
    "agencyCode": "26892",
    "owner": "NSA_CA.",
    "productNumber": "1",
    "product": "Private Passenger",
    "stateAbbreviation": "CA",
    "policyID": "104600661060001",
    "version": "5",
    "changeNumber": "3",
    "nameInsured": "Marroquin, Alfredo",
    "homePhone": "(562) 980-0130",
    "workPhone": null,
    "email": null,
    "effectiveDate": "11/21/2016",
    "expirationDate": null,
    "cancelDate": "10/11/2017",
    "cancelSourceCode": "NONPAY",
    "companyNumber": "60",
    "rateDate": "11/21/2016",
    "producerNumber": "10460",
    "versionStatus": "Cancel Pending",
    "versionType": "Renewal",
    "quotedDownPayment": "125",
    "policyTerm": "12",
    "payPlan": "12-PayRNDB",
    "writtenPremium": "824",
    "feeAmount": "105.28",
    "writtenPremiumWFees": "929.28",
    "billedAmount": "1242.27",
    "billedFeeAmount": "105.28",
    "totalBilledAmount": "1347.55",
    "yetToBeBilledAmount": "-418.27",
    "receiptAmount": "575.17",
    "currentDueAmount": "354.11",
    "remainBalanceAmount": "354.11",
    "writeOffAmount": "0.00",
    "lastActivityAmount": "08/22/2017",
    "lastBilledDate": "08/22/2017"
  },
  {
    "agencyCode": "26892",
    "owner": "NSA_CA.",
    "productNumber": "1",
    "product": "Private Passenger",
    "stateAbbreviation": "CA",
    "policyID": "104600661672001",
    "version": "5",
    "changeNumber": "2",
    "nameInsured": "Lopez, Luis Mendez",
    "homePhone": "(310) 327-8359",
    "workPhone": null,
    "email": null,
    "effectiveDate": "11/21/2016",
    "expirationDate": null,
    "cancelDate": "10/11/2017",
    "cancelSourceCode": "NONPAY",
    "companyNumber": "60",
    "rateDate": "11/21/2016",
    "producerNumber": "10460",
    "versionStatus": "Cancel Pending",
    "versionType": "Renewal",
    "quotedDownPayment": "49.92",
    "policyTerm": "12",
    "payPlan": "12PayRNEFT",
    "writtenPremium": "338",
    "feeAmount": "63.76",
    "writtenPremiumWFees": "401.76",
    "billedAmount": "482.81",
    "billedFeeAmount": "63.76",
    "totalBilledAmount": "546.57",
    "yetToBeBilledAmount": "-144.81",
    "receiptAmount": "220.77",
    "currentDueAmount": "180.99",
    "remainBalanceAmount": "180.99",
    "writeOffAmount": "0.00",
    "lastActivityAmount": "08/22/2017",
    "lastBilledDate": "08/22/2017"
  },
  {
    "agencyCode": "26892",
    "owner": "NSA_CA.",
    "productNumber": "1",
    "product": "Private Passenger",
    "stateAbbreviation": "CA",
    "policyID": "104600670936001",
    "version": "5",
    "changeNumber": "6",
    "nameInsured": "Lopez Segundo, Karina Guadalupe",
    "homePhone": "(323) 830-8714",
    "workPhone": null,
    "email": "KARINALOPEZ1169@YAHOO.COM",
    "effectiveDate": "12/16/2016",
    "expirationDate": null,
    "cancelDate": "10/11/2017",
    "cancelSourceCode": "NONPAY",
    "companyNumber": "60",
    "rateDate": "12/16/2016",
    "producerNumber": "10460",
    "versionStatus": "Cancel Pending",
    "versionType": "Renewal",
    "quotedDownPayment": "64.83",
    "policyTerm": "12",
    "payPlan": "12-PayRNDB",
    "writtenPremium": "457",
    "feeAmount": "98.76",
    "writtenPremiumWFees": "555.76",
    "billedAmount": "578.57",
    "billedFeeAmount": "98.76",
    "totalBilledAmount": "677.33",
    "yetToBeBilledAmount": "-121.57",
    "receiptAmount": "263.19",
    "currentDueAmount": "292.57",
    "remainBalanceAmount": "292.57",
    "writeOffAmount": "0.00",
    "lastActivityAmount": "08/22/2017",
    "lastBilledDate": "08/22/2017"
  },
  {
    "agencyCode": "26892",
    "owner": "NSA_CA.",
    "productNumber": "1",
    "product": "Private Passenger",
    "stateAbbreviation": "CA",
    "policyID": "104600673886001",
    "version": "5",
    "changeNumber": "2",
    "nameInsured": "Del Castillo, Oscar Ivan",
    "homePhone": "(310) 769-6790",
    "workPhone": null,
    "email": null,
    "effectiveDate": "12/08/2016",
    "expirationDate": null,
    "cancelDate": "10/11/2017",
    "cancelSourceCode": "NONPAY",
    "companyNumber": "60",
    "rateDate": "12/08/2016",
    "producerNumber": "10460",
    "versionStatus": "Cancel Pending",
    "versionType": "Renewal",
    "quotedDownPayment": "77.33",
    "policyTerm": "12",
    "payPlan": "12PayRNEFT",
    "writtenPremium": "646",
    "feeAmount": "59.52",
    "writtenPremiumWFees": "705.52",
    "billedAmount": "813.94",
    "billedFeeAmount": "59.52",
    "totalBilledAmount": "873.46",
    "yetToBeBilledAmount": "-167.94",
    "receiptAmount": "376.53",
    "currentDueAmount": "328.99",
    "remainBalanceAmount": "328.99",
    "writeOffAmount": "0.00",
    "lastActivityAmount": "08/22/2017",
    "lastBilledDate": "08/22/2017"
  },
  {
    "agencyCode": "26892",
    "owner": "NSA_CA.",
    "productNumber": "1",
    "product": "Private Passenger",
    "stateAbbreviation": "CA",
    "policyID": "104600674461001",
    "version": "5",
    "changeNumber": "2",
    "nameInsured": "Berganza, Jose Walter",
    "homePhone": "(323) 204-1744",
    "workPhone": null,
    "email": null,
    "effectiveDate": "12/10/2016",
    "expirationDate": null,
    "cancelDate": "10/11/2017",
    "cancelSourceCode": "NONPAY",
    "companyNumber": "60",
    "rateDate": "12/10/2016",
    "producerNumber": "10460",
    "versionStatus": "Cancel Pending",
    "versionType": "Renewal",
    "quotedDownPayment": "315.78",
    "policyTerm": "12",
    "payPlan": "12PayRNEFT",
    "writtenPremium": "3205",
    "feeAmount": "84.80",
    "writtenPremiumWFees": "3289.80",
    "billedAmount": "4019.51",
    "billedFeeAmount": "84.80",
    "totalBilledAmount": "4104.31",
    "yetToBeBilledAmount": "-814.51",
    "receiptAmount": "1681.26",
    "currentDueAmount": "1608.54",
    "remainBalanceAmount": "1608.54",
    "writeOffAmount": "0.00",
    "lastActivityAmount": "08/22/2017",
    "lastBilledDate": "08/22/2017"
  },
  {
    "agencyCode": "26892",
    "owner": "NSA_CA.",
    "productNumber": "1",
    "product": "Private Passenger",
    "stateAbbreviation": "CA",
    "policyID": "104600675925001",
    "version": "5",
    "changeNumber": "2",
    "nameInsured": "Escamilla, Clemencia",
    "homePhone": "(310) 993-3551",
    "workPhone": null,
    "email": null,
    "effectiveDate": "12/11/2016",
    "expirationDate": null,
    "cancelDate": "10/11/2017",
    "cancelSourceCode": "NONPAY",
    "companyNumber": "60",
    "rateDate": "12/11/2016",
    "producerNumber": "10460",
    "versionStatus": "Cancel Pending",
    "versionType": "Renewal",
    "quotedDownPayment": "136.21",
    "policyTerm": "12",
    "payPlan": "12-PayRNDB",
    "writtenPremium": "1374",
    "feeAmount": "81.76",
    "writtenPremiumWFees": "1455.76",
    "billedAmount": "1835.96",
    "billedFeeAmount": "81.76",
    "totalBilledAmount": "1917.72",
    "yetToBeBilledAmount": "-461.96",
    "receiptAmount": "758.76",
    "currentDueAmount": "697.00",
    "remainBalanceAmount": "697.00",
    "writeOffAmount": "0.00",
    "lastActivityAmount": "08/22/2017",
    "lastBilledDate": "08/22/2017"
  },
  {
    "agencyCode": "26892",
    "owner": "NSA_CA.",
    "productNumber": "1",
    "product": "Private Passenger",
    "stateAbbreviation": "CA",
    "policyID": "104600676727001",
    "version": "9",
    "changeNumber": "9",
    "nameInsured": "Villavicencio, Alfredo",
    "homePhone": "(310) 480-8384",
    "workPhone": null,
    "email": null,
    "effectiveDate": "01/04/2017",
    "expirationDate": null,
    "cancelDate": "10/11/2017",
    "cancelSourceCode": "NONPAY",
    "companyNumber": "60",
    "rateDate": "01/04/2017",
    "producerNumber": "10460",
    "versionStatus": "Cancel Pending",
    "versionType": "Renewal",
    "quotedDownPayment": "191.46",
    "policyTerm": "12",
    "payPlan": "12-PayRNDB",
    "writtenPremium": "2095",
    "feeAmount": "114.04",
    "writtenPremiumWFees": "2209.04",
    "billedAmount": "2774.04",
    "billedFeeAmount": "114.04",
    "totalBilledAmount": "2888.08",
    "yetToBeBilledAmount": "-679.04",
    "receiptAmount": "1142.75",
    "currentDueAmount": "1066.29",
    "remainBalanceAmount": "1066.29",
    "writeOffAmount": "0.00",
    "lastActivityAmount": "08/22/2017",
    "lastBilledDate": "08/22/2017"
  },
  {
    "agencyCode": "26892",
    "owner": "NSA_CA.",
    "productNumber": "1",
    "product": "Private Passenger",
    "stateAbbreviation": "CA",
    "policyID": "104600677253001",
    "version": "5",
    "changeNumber": "2",
    "nameInsured": "Arnsworth, Maritza Janet",
    "homePhone": "(310) 850-5390",
    "workPhone": "(323) 931-5508",
    "email": "MARITZAJANET66@AOL.COM",
    "effectiveDate": "12/13/2016",
    "expirationDate": null,
    "cancelDate": "10/11/2017",
    "cancelSourceCode": "NONPAY",
    "companyNumber": "60",
    "rateDate": "12/13/2016",
    "producerNumber": "10460",
    "versionStatus": "Cancel Pending",
    "versionType": "Renewal",
    "quotedDownPayment": "135.89",
    "policyTerm": "12",
    "payPlan": "12PayRNEFT",
    "writtenPremium": "1289",
    "feeAmount": "70.52",
    "writtenPremiumWFees": "1359.52",
    "billedAmount": "1726.43",
    "billedFeeAmount": "70.52",
    "totalBilledAmount": "1796.95",
    "yetToBeBilledAmount": "-437.43",
    "receiptAmount": "703.00",
    "currentDueAmount": "656.52",
    "remainBalanceAmount": "656.52",
    "writeOffAmount": "0.00",
    "lastActivityAmount": "08/29/2017",
    "lastBilledDate": "08/29/2017"
  },
  {
    "agencyCode": "26892",
    "owner": "NSA_CA.",
    "productNumber": "1",
    "product": "Private Passenger",
    "stateAbbreviation": "CA",
    "policyID": "104600679877001",
    "version": "5",
    "changeNumber": "2",
    "nameInsured": "Pineda, Ricardo",
    "homePhone": "(323) 767-4095",
    "workPhone": null,
    "email": null,
    "effectiveDate": "12/31/2016",
    "expirationDate": null,
    "cancelDate": "10/11/2017",
    "cancelSourceCode": "NONPAY",
    "companyNumber": "60",
    "rateDate": "12/31/2016",
    "producerNumber": "10460",
    "versionStatus": "Cancel Pending",
    "versionType": "Renewal",
    "quotedDownPayment": "53.75",
    "policyTerm": "12",
    "payPlan": "12PayRNEFT",
    "writtenPremium": "384",
    "feeAmount": "57.76",
    "writtenPremiumWFees": "441.76",
    "billedAmount": "485.94",
    "billedFeeAmount": "57.76",
    "totalBilledAmount": "543.70",
    "yetToBeBilledAmount": "-101.94",
    "receiptAmount": "205.76",
    "currentDueAmount": "236.00",
    "remainBalanceAmount": "236.00",
    "writeOffAmount": "0.00",
    "lastActivityAmount": "08/22/2017",
    "lastBilledDate": "08/22/2017"
  },
  {
    "agencyCode": "26892",
    "owner": "NSA_CA.",
    "productNumber": "1",
    "product": "Private Passenger",
    "stateAbbreviation": "CA",
    "policyID": "104600682122001",
    "version": "5",
    "changeNumber": "3",
    "nameInsured": "Garcia Diaz, Jose Rene",
    "homePhone": "(424) 240-0194",
    "workPhone": null,
    "email": null,
    "effectiveDate": "12/21/2016",
    "expirationDate": null,
    "cancelDate": "10/11/2017",
    "cancelSourceCode": "NONPAY",
    "companyNumber": "60",
    "rateDate": "12/21/2016",
    "producerNumber": "10460",
    "versionStatus": "Cancel Pending",
    "versionType": "Renewal",
    "quotedDownPayment": "102.21",
    "policyTerm": "12",
    "payPlan": "12-PayRNDB",
    "writtenPremium": "972",
    "feeAmount": "93.52",
    "writtenPremiumWFees": "1065.52",
    "billedAmount": "1193.24",
    "billedFeeAmount": "93.52",
    "totalBilledAmount": "1286.76",
    "yetToBeBilledAmount": "-221.24",
    "receiptAmount": "446.77",
    "currentDueAmount": "618.75",
    "remainBalanceAmount": "618.75",
    "writeOffAmount": "0.00",
    "lastActivityAmount": "08/22/2017",
    "lastBilledDate": "08/22/2017"
  },
  {
    "agencyCode": "26892",
    "owner": "NSA_CA.",
    "productNumber": "1",
    "product": "Private Passenger",
    "stateAbbreviation": "CA",
    "policyID": "104600682841001",
    "version": "5",
    "changeNumber": "2",
    "nameInsured": "Martinez, Leonardo",
    "homePhone": "(323) 245-5601",
    "workPhone": null,
    "email": null,
    "effectiveDate": "12/22/2016",
    "expirationDate": null,
    "cancelDate": "10/11/2017",
    "cancelSourceCode": "NONPAY",
    "companyNumber": "60",
    "rateDate": "12/22/2016",
    "producerNumber": "10460",
    "versionStatus": "Cancel Pending",
    "versionType": "Renewal",
    "quotedDownPayment": "97.33",
    "policyTerm": "12",
    "payPlan": "12-PayRNDB",
    "writtenPremium": "588",
    "feeAmount": "83.52",
    "writtenPremiumWFees": "671.52",
    "billedAmount": "761.76",
    "billedFeeAmount": "83.52",
    "totalBilledAmount": "845.28",
    "yetToBeBilledAmount": "-173.76",
    "receiptAmount": "324.33",
    "currentDueAmount": "347.19",
    "remainBalanceAmount": "347.19",
    "writeOffAmount": "0.00",
    "lastActivityAmount": "08/22/2017",
    "lastBilledDate": "08/22/2017"
  },
  {
    "agencyCode": "26892",
    "owner": "NSA_CA.",
    "productNumber": "1",
    "product": "Private Passenger",
    "stateAbbreviation": "CA",
    "policyID": "104600686622001",
    "version": "5",
    "changeNumber": "2",
    "nameInsured": "Fawehinmi, Charles Adebayo",
    "homePhone": "(323) 868-0598",
    "workPhone": null,
    "email": null,
    "effectiveDate": "12/29/2016",
    "expirationDate": null,
    "cancelDate": "10/11/2017",
    "cancelSourceCode": "NONPAY",
    "companyNumber": "60",
    "rateDate": "12/29/2016",
    "producerNumber": "10460",
    "versionStatus": "Cancel Pending",
    "versionType": "Renewal",
    "quotedDownPayment": "82.07",
    "policyTerm": "12",
    "payPlan": "12PayRNEFT",
    "writtenPremium": "724",
    "feeAmount": "57.76",
    "writtenPremiumWFees": "781.76",
    "billedAmount": "910.96",
    "billedFeeAmount": "57.76",
    "totalBilledAmount": "968.72",
    "yetToBeBilledAmount": "-186.96",
    "receiptAmount": "347.43",
    "currentDueAmount": "434.33",
    "remainBalanceAmount": "434.33",
    "writeOffAmount": "0.00",
    "lastActivityAmount": "08/22/2017",
    "lastBilledDate": "08/22/2017"
  },
  {
    "agencyCode": "26892",
    "owner": "NSA_CA.",
    "productNumber": "1",
    "product": "Private Passenger",
    "stateAbbreviation": "CA",
    "policyID": "104600693294001",
    "version": "5",
    "changeNumber": "8",
    "nameInsured": "Manzano, Veronica",
    "homePhone": "(310) 251-5127",
    "workPhone": null,
    "email": null,
    "effectiveDate": "11/10/2016",
    "expirationDate": null,
    "cancelDate": "10/11/2017",
    "cancelSourceCode": "NONPAY",
    "companyNumber": "60",
    "rateDate": "11/10/2016",
    "producerNumber": "10463",
    "versionStatus": "Cancel Pending",
    "versionType": "Renewal",
    "quotedDownPayment": "81",
    "policyTerm": "12",
    "payPlan": "12-Pay REN",
    "writtenPremium": "682",
    "feeAmount": "111.52",
    "writtenPremiumWFees": "793.52",
    "billedAmount": "1025.52",
    "billedFeeAmount": "111.52",
    "totalBilledAmount": "1137.04",
    "yetToBeBilledAmount": "-343.52",
    "receiptAmount": "493.67",
    "currentDueAmount": "299.85",
    "remainBalanceAmount": "299.85",
    "writeOffAmount": "0.00",
    "lastActivityAmount": "08/22/2017",
    "lastBilledDate": "08/22/2017"
  },
  {
    "agencyCode": "26892",
    "owner": "NSA_CA.",
    "productNumber": "1",
    "product": "Private Passenger",
    "stateAbbreviation": "CA",
    "policyID": "104600700939001",
    "version": "5",
    "changeNumber": "2",
    "nameInsured": "Zacarias, Santiago",
    "homePhone": "(310) 200-9875",
    "workPhone": null,
    "email": null,
    "effectiveDate": "02/07/2017",
    "expirationDate": null,
    "cancelDate": "10/11/2017",
    "cancelSourceCode": "NONPAY",
    "companyNumber": "60",
    "rateDate": "02/07/2017",
    "producerNumber": "10460",
    "versionStatus": "Cancel Pending",
    "versionType": "Renewal",
    "quotedDownPayment": "160.56",
    "policyTerm": "12",
    "payPlan": "12-PayRNDB",
    "writtenPremium": "1624",
    "feeAmount": "65.28",
    "writtenPremiumWFees": "1689.28",
    "billedAmount": "1633.14",
    "billedFeeAmount": "65.28",
    "totalBilledAmount": "1698.42",
    "yetToBeBilledAmount": "-9.14",
    "receiptAmount": "596.58",
    "currentDueAmount": "1092.70",
    "remainBalanceAmount": "1092.70",
    "writeOffAmount": "0.00",
    "lastActivityAmount": "08/22/2017",
    "lastBilledDate": "08/22/2017"
  },
  {
    "agencyCode": "26892",
    "owner": "NSA_CA.",
    "productNumber": "1",
    "product": "Private Passenger",
    "stateAbbreviation": "CA",
    "policyID": "104600703553001",
    "version": "5",
    "changeNumber": "2",
    "nameInsured": "Santos Hernandez, Jorge Alberto",
    "homePhone": "(310) 462-2406",
    "workPhone": null,
    "email": null,
    "effectiveDate": "02/09/2017",
    "expirationDate": null,
    "cancelDate": "10/11/2017",
    "cancelSourceCode": "NONPAY",
    "companyNumber": "60",
    "rateDate": "02/09/2017",
    "producerNumber": "10460",
    "versionStatus": "Cancel Pending",
    "versionType": "Renewal",
    "quotedDownPayment": "173.37",
    "policyTerm": "12",
    "payPlan": "12PayRNEFT",
    "writtenPremium": "1580",
    "feeAmount": "65.76",
    "writtenPremiumWFees": "1645.76",
    "billedAmount": "1467.29",
    "billedFeeAmount": "65.76",
    "totalBilledAmount": "1533.05",
    "yetToBeBilledAmount": "112.71",
    "receiptAmount": "586.40",
    "currentDueAmount": "946.65",
    "remainBalanceAmount": "1059.36",
    "writeOffAmount": "0.00",
    "lastActivityAmount": "08/22/2017",
    "lastBilledDate": "08/22/2017"
  },
  {
    "agencyCode": "26892",
    "owner": "NSA_CA.",
    "productNumber": "1",
    "product": "Private Passenger",
    "stateAbbreviation": "CA",
    "policyID": "104600708048001",
    "version": "5",
    "changeNumber": "2",
    "nameInsured": "Beckles, Crystal Nikia",
    "homePhone": "(310) 484-8319",
    "workPhone": null,
    "email": null,
    "effectiveDate": "01/30/2017",
    "expirationDate": null,
    "cancelDate": "10/11/2017",
    "cancelSourceCode": "NONPAY",
    "companyNumber": "60",
    "rateDate": "01/30/2017",
    "producerNumber": "10460",
    "versionStatus": "Cancel Pending",
    "versionType": "Renewal",
    "quotedDownPayment": "67.74",
    "policyTerm": "12",
    "payPlan": "12-PayRNDB",
    "writtenPremium": "552",
    "feeAmount": "71.76",
    "writtenPremiumWFees": "623.76",
    "billedAmount": "605.92",
    "billedFeeAmount": "71.76",
    "totalBilledAmount": "677.68",
    "yetToBeBilledAmount": "-53.92",
    "receiptAmount": "235.76",
    "currentDueAmount": "388.00",
    "remainBalanceAmount": "388.00",
    "writeOffAmount": "0.00",
    "lastActivityAmount": "08/22/2017",
    "lastBilledDate": "08/22/2017"
  },
  {
    "agencyCode": "26892",
    "owner": "NSA_CA.",
    "productNumber": "1",
    "product": "Private Passenger",
    "stateAbbreviation": "CA",
    "policyID": "104600709859001",
    "version": "6",
    "changeNumber": "2",
    "nameInsured": "Ramirez, Melissa Rebecca",
    "homePhone": "(310) 908-6687",
    "workPhone": null,
    "email": "melie-101@hotmail.com",
    "effectiveDate": "04/25/2017",
    "expirationDate": null,
    "cancelDate": "10/11/2017",
    "cancelSourceCode": "NONPAY",
    "companyNumber": "63",
    "rateDate": "04/25/2017",
    "producerNumber": "10463",
    "versionStatus": "Cancel Pending",
    "versionType": "Renewal",
    "quotedDownPayment": "122.72",
    "policyTerm": "12",
    "payPlan": "12PayRNEFT",
    "writtenPremium": "1212",
    "feeAmount": "33.76",
    "writtenPremiumWFees": "1245.76",
    "billedAmount": "720.81",
    "billedFeeAmount": "33.76",
    "totalBilledAmount": "754.57",
    "yetToBeBilledAmount": "491.19",
    "receiptAmount": "122.72",
    "currentDueAmount": "631.85",
    "remainBalanceAmount": "1123.04",
    "writeOffAmount": "0.00",
    "lastActivityAmount": "08/22/2017",
    "lastBilledDate": "08/22/2017"
  },
  {
    "agencyCode": "26892",
    "owner": "NSA_CA.",
    "productNumber": "1",
    "product": "Private Passenger",
    "stateAbbreviation": "CA",
    "policyID": "104600715099001",
    "version": "5",
    "changeNumber": "2",
    "nameInsured": "Acey, La Guardia",
    "homePhone": "(310) 672-7762",
    "workPhone": null,
    "email": null,
    "effectiveDate": "02/12/2017",
    "expirationDate": null,
    "cancelDate": "10/11/2017",
    "cancelSourceCode": "NONPAY",
    "companyNumber": "60",
    "rateDate": "02/12/2017",
    "producerNumber": "10460",
    "versionStatus": "Cancel Pending",
    "versionType": "Renewal",
    "quotedDownPayment": "60.49",
    "policyTerm": "12",
    "payPlan": "12PayRNEFT",
    "writtenPremium": "465",
    "feeAmount": "45.76",
    "writtenPremiumWFees": "510.76",
    "billedAmount": "436.15",
    "billedFeeAmount": "45.76",
    "totalBilledAmount": "481.91",
    "yetToBeBilledAmount": "28.85",
    "receiptAmount": "194.76",
    "currentDueAmount": "287.15",
    "remainBalanceAmount": "316.00",
    "writeOffAmount": "0.00",
    "lastActivityAmount": "08/22/2017",
    "lastBilledDate": "08/22/2017"
  },
  {
    "agencyCode": "26892",
    "owner": "NSA_CA.",
    "productNumber": "1",
    "product": "Private Passenger",
    "stateAbbreviation": "CA",
    "policyID": "104600715892001",
    "version": "5",
    "changeNumber": "2",
    "nameInsured": "Lee, Donald Maurice",
    "homePhone": "(714) 797-0228",
    "workPhone": null,
    "email": null,
    "effectiveDate": "02/09/2017",
    "expirationDate": null,
    "cancelDate": "10/11/2017",
    "cancelSourceCode": "NONPAY",
    "companyNumber": "60",
    "rateDate": "02/09/2017",
    "producerNumber": "10460",
    "versionStatus": "Cancel Pending",
    "versionType": "Renewal",
    "quotedDownPayment": "162.97",
    "policyTerm": "12",
    "payPlan": "12PayRNEFT",
    "writtenPremium": "1494",
    "feeAmount": "62.52",
    "writtenPremiumWFees": "1556.52",
    "billedAmount": "1386.98",
    "billedFeeAmount": "62.52",
    "totalBilledAmount": "1449.50",
    "yetToBeBilledAmount": "107.02",
    "receiptAmount": "554.50",
    "currentDueAmount": "895.00",
    "remainBalanceAmount": "1002.02",
    "writeOffAmount": "0.00",
    "lastActivityAmount": "08/22/2017",
    "lastBilledDate": "08/22/2017"
  },
  {
    "agencyCode": "26892",
    "owner": "NSA_CA.",
    "productNumber": "1",
    "product": "Private Passenger",
    "stateAbbreviation": "CA",
    "policyID": "104600720174001",
    "version": "5",
    "changeNumber": "2",
    "nameInsured": "Helliesen, John Steven",
    "homePhone": "(562) 309-1513",
    "workPhone": null,
    "email": null,
    "effectiveDate": "02/15/2017",
    "expirationDate": null,
    "cancelDate": "10/11/2017",
    "cancelSourceCode": "NONPAY",
    "companyNumber": "60",
    "rateDate": "02/15/2017",
    "producerNumber": "10460",
    "versionStatus": "Cancel Pending",
    "versionType": "Renewal",
    "quotedDownPayment": "194.04",
    "policyTerm": "12",
    "payPlan": "12PayRNEFT",
    "writtenPremium": "1987",
    "feeAmount": "52.52",
    "writtenPremiumWFees": "2039.52",
    "billedAmount": "1834.33",
    "billedFeeAmount": "52.52",
    "totalBilledAmount": "1886.85",
    "yetToBeBilledAmount": "152.67",
    "receiptAmount": "708.81",
    "currentDueAmount": "1178.04",
    "remainBalanceAmount": "1330.71",
    "writeOffAmount": "0.00",
    "lastActivityAmount": "08/22/2017",
    "lastBilledDate": "08/22/2017"
  },
  {
    "agencyCode": "26892",
    "owner": "NSA_CA.",
    "productNumber": "1",
    "product": "Private Passenger",
    "stateAbbreviation": "CA",
    "policyID": "104600720833001",
    "version": "5",
    "changeNumber": "2",
    "nameInsured": "Harris, Ronald",
    "homePhone": "(909) 623-1417",
    "workPhone": null,
    "email": null,
    "effectiveDate": "02/15/2017",
    "expirationDate": null,
    "cancelDate": "10/11/2017",
    "cancelSourceCode": "NONPAY",
    "companyNumber": "60",
    "rateDate": "02/15/2017",
    "producerNumber": "10460",
    "versionStatus": "Cancel Pending",
    "versionType": "Renewal",
    "quotedDownPayment": "74.57",
    "policyTerm": "12",
    "payPlan": "12PayRNEFT",
    "writtenPremium": "634",
    "feeAmount": "45.76",
    "writtenPremiumWFees": "679.76",
    "billedAmount": "591.06",
    "billedFeeAmount": "45.76",
    "totalBilledAmount": "636.82",
    "yetToBeBilledAmount": "42.94",
    "receiptAmount": "251.09",
    "currentDueAmount": "385.73",
    "remainBalanceAmount": "428.67",
    "writeOffAmount": "0.00",
    "lastActivityAmount": "08/22/2017",
    "lastBilledDate": "08/22/2017"
  },
  {
    "agencyCode": "26892",
    "owner": "NSA_CA.",
    "productNumber": "1",
    "product": "Private Passenger",
    "stateAbbreviation": "CA",
    "policyID": "104600722455001",
    "version": "5",
    "changeNumber": "3",
    "nameInsured": "Espinoza, Celina",
    "homePhone": "(562) 377-2176",
    "workPhone": null,
    "email": null,
    "effectiveDate": "02/18/2017",
    "expirationDate": null,
    "cancelDate": "10/11/2017",
    "cancelSourceCode": "NONPAY",
    "companyNumber": "60",
    "rateDate": "02/18/2017",
    "producerNumber": "10460",
    "versionStatus": "Cancel Pending",
    "versionType": "Renewal",
    "quotedDownPayment": "153.31",
    "policyTerm": "12",
    "payPlan": "12PayRNEFT",
    "writtenPremium": "2080",
    "feeAmount": "67.04",
    "writtenPremiumWFees": "2147.04",
    "billedAmount": "1817.15",
    "billedFeeAmount": "67.04",
    "totalBilledAmount": "1884.19",
    "yetToBeBilledAmount": "262.85",
    "receiptAmount": "667.94",
    "currentDueAmount": "1216.25",
    "remainBalanceAmount": "1479.10",
    "writeOffAmount": "0.00",
    "lastActivityAmount": "08/22/2017",
    "lastBilledDate": "08/22/2017"
  },
  {
    "agencyCode": "26892",
    "owner": "NSA_CA.",
    "productNumber": "1",
    "product": "Private Passenger",
    "stateAbbreviation": "CA",
    "policyID": "104600722717001",
    "version": "5",
    "changeNumber": "2",
    "nameInsured": "Hernandez, Ana Elizabeth",
    "homePhone": "(310) 675-5789",
    "workPhone": "(424) 240-3345",
    "email": null,
    "effectiveDate": "02/18/2017",
    "expirationDate": null,
    "cancelDate": "10/11/2017",
    "cancelSourceCode": "NONPAY",
    "companyNumber": "60",
    "rateDate": "02/18/2017",
    "producerNumber": "10460",
    "versionStatus": "Cancel Pending",
    "versionType": "Renewal",
    "quotedDownPayment": "127.48",
    "policyTerm": "12",
    "payPlan": "12PayRNEFT",
    "writtenPremium": "1248",
    "feeAmount": "47.52",
    "writtenPremiumWFees": "1295.52",
    "billedAmount": "1154.69",
    "billedFeeAmount": "47.52",
    "totalBilledAmount": "1202.21",
    "yetToBeBilledAmount": "93.31",
    "receiptAmount": "457.51",
    "currentDueAmount": "744.70",
    "remainBalanceAmount": "838.01",
    "writeOffAmount": "0.00",
    "lastActivityAmount": "08/22/2017",
    "lastBilledDate": "08/22/2017"
  },
  {
    "agencyCode": "26892",
    "owner": "NSA_CA.",
    "productNumber": "1",
    "product": "Private Passenger",
    "stateAbbreviation": "CA",
    "policyID": "104600730186001",
    "version": "5",
    "changeNumber": "2",
    "nameInsured": "Muneton-salazar, Juventino",
    "homePhone": "(310) 973-7395",
    "workPhone": null,
    "email": null,
    "effectiveDate": "03/08/2017",
    "expirationDate": null,
    "cancelDate": "10/11/2017",
    "cancelSourceCode": "NONPAY",
    "companyNumber": "60",
    "rateDate": "03/08/2017",
    "producerNumber": "10460",
    "versionStatus": "Cancel Pending",
    "versionType": "Renewal",
    "quotedDownPayment": "107.16",
    "policyTerm": "12",
    "payPlan": "12-PayRNDB",
    "writtenPremium": "944",
    "feeAmount": "58.52",
    "writtenPremiumWFees": "1002.52",
    "billedAmount": "799.62",
    "billedFeeAmount": "58.52",
    "totalBilledAmount": "858.14",
    "yetToBeBilledAmount": "144.38",
    "receiptAmount": "295.16",
    "currentDueAmount": "562.98",
    "remainBalanceAmount": "707.36",
    "writeOffAmount": "0.00",
    "lastActivityAmount": "08/22/2017",
    "lastBilledDate": "08/22/2017"
  },
  {
    "agencyCode": "26892",
    "owner": "NSA_CA.",
    "productNumber": "1",
    "product": "Private Passenger",
    "stateAbbreviation": "CA",
    "policyID": "104600731429001",
    "version": "5",
    "changeNumber": "2",
    "nameInsured": "ROMERO, MUHAMMED",
    "homePhone": "(310) 643-8905",
    "workPhone": "(   )    -",
    "email": null,
    "effectiveDate": "04/03/2017",
    "expirationDate": null,
    "cancelDate": "10/11/2017",
    "cancelSourceCode": "NONPAY",
    "companyNumber": "60",
    "rateDate": "04/03/2017",
    "producerNumber": null,
    "versionStatus": "Cancel Pending",
    "versionType": "Renewal",
    "quotedDownPayment": "177.62",
    "policyTerm": "12",
    "payPlan": "12-PayRNDB",
    "writtenPremium": "1631",
    "feeAmount": "71.76",
    "writtenPremiumWFees": "1702.76",
    "billedAmount": "1245.99",
    "billedFeeAmount": "71.76",
    "totalBilledAmount": "1317.75",
    "yetToBeBilledAmount": "385.01",
    "receiptAmount": "323.55",
    "currentDueAmount": "994.20",
    "remainBalanceAmount": "1379.21",
    "writeOffAmount": "0.00",
    "lastActivityAmount": "08/22/2017",
    "lastBilledDate": "08/22/2017"
  },
  {
    "agencyCode": "26892",
    "owner": "NSA_CA.",
    "productNumber": "1",
    "product": "Private Passenger",
    "stateAbbreviation": "CA",
    "policyID": "104600731846002",
    "version": "5",
    "changeNumber": "2",
    "nameInsured": "Diaz, Edgardo",
    "homePhone": "(760)562-6796",
    "workPhone": null,
    "email": null,
    "effectiveDate": "02/28/2017",
    "expirationDate": null,
    "cancelDate": "10/11/2017",
    "cancelSourceCode": "NONPAY",
    "companyNumber": "60",
    "rateDate": "02/28/2017",
    "producerNumber": "10460",
    "versionStatus": "Cancel Pending",
    "versionType": "Renewal",
    "quotedDownPayment": "117.58",
    "policyTerm": "12",
    "payPlan": "12PayRNEFT",
    "writtenPremium": "1108",
    "feeAmount": "49.28",
    "writtenPremiumWFees": "1157.28",
    "billedAmount": "1027.14",
    "billedFeeAmount": "49.28",
    "totalBilledAmount": "1076.42",
    "yetToBeBilledAmount": "80.86",
    "receiptAmount": "314.26",
    "currentDueAmount": "762.16",
    "remainBalanceAmount": "843.02",
    "writeOffAmount": "0.00",
    "lastActivityAmount": "08/22/2017",
    "lastBilledDate": "08/22/2017"
  },
  {
    "agencyCode": "26892",
    "owner": "NSA_CA.",
    "productNumber": "1",
    "product": "Private Passenger",
    "stateAbbreviation": "CA",
    "policyID": "104600733803001",
    "version": "5",
    "changeNumber": "2",
    "nameInsured": "Garcia-resendiz, Noe Marcelion",
    "homePhone": "(310) 941-9699",
    "workPhone": null,
    "email": null,
    "effectiveDate": "03/01/2017",
    "expirationDate": null,
    "cancelDate": "10/11/2017",
    "cancelSourceCode": "NONPAY",
    "companyNumber": "60",
    "rateDate": "03/01/2017",
    "producerNumber": "10460",
    "versionStatus": "Cancel Pending",
    "versionType": "Renewal",
    "quotedDownPayment": "194.96",
    "policyTerm": "12",
    "payPlan": "12PayRNEFT",
    "writtenPremium": "2037",
    "feeAmount": "49.28",
    "writtenPremiumWFees": "2086.28",
    "billedAmount": "1878.68",
    "billedFeeAmount": "49.28",
    "totalBilledAmount": "1927.96",
    "yetToBeBilledAmount": "158.32",
    "receiptAmount": "553.02",
    "currentDueAmount": "1374.94",
    "remainBalanceAmount": "1533.26",
    "writeOffAmount": "0.00",
    "lastActivityAmount": "08/22/2017",
    "lastBilledDate": "08/22/2017"
  },
  {
    "agencyCode": "26892",
    "owner": "NSA_CA.",
    "productNumber": "1",
    "product": "Private Passenger",
    "stateAbbreviation": "CA",
    "policyID": "104600734349001",
    "version": "5",
    "changeNumber": "2",
    "nameInsured": "Perez, Apolonio",
    "homePhone": "(310) 412-5941",
    "workPhone": "(310) 971-5274",
    "email": null,
    "effectiveDate": "03/09/2017",
    "expirationDate": null,
    "cancelDate": "10/11/2017",
    "cancelSourceCode": "NONPAY",
    "companyNumber": "60",
    "rateDate": "03/09/2017",
    "producerNumber": "10460",
    "versionStatus": "Cancel Pending",
    "versionType": "Renewal",
    "quotedDownPayment": "142.14",
    "policyTerm": "12",
    "payPlan": "12-PayRNDB",
    "writtenPremium": "1424",
    "feeAmount": "53.52",
    "writtenPremiumWFees": "1477.52",
    "billedAmount": "1197.32",
    "billedFeeAmount": "53.52",
    "totalBilledAmount": "1250.84",
    "yetToBeBilledAmount": "226.68",
    "receiptAmount": "399.49",
    "currentDueAmount": "851.35",
    "remainBalanceAmount": "1078.03",
    "writeOffAmount": "0.00",
    "lastActivityAmount": "08/22/2017",
    "lastBilledDate": "08/22/2017"
  },
  {
    "agencyCode": "26892",
    "owner": "NSA_CA.",
    "productNumber": "1",
    "product": "Private Passenger",
    "stateAbbreviation": "CA",
    "policyID": "104600744608001",
    "version": "5",
    "changeNumber": "2",
    "nameInsured": "Franco, Rosa Maria",
    "homePhone": "(323) 728-0616",
    "workPhone": null,
    "email": null,
    "effectiveDate": "05/13/2017",
    "expirationDate": null,
    "cancelDate": "10/11/2017",
    "cancelSourceCode": "NONPAY",
    "companyNumber": "60",
    "rateDate": "05/13/2017",
    "producerNumber": "10460",
    "versionStatus": "Cancel Pending",
    "versionType": "Renewal",
    "quotedDownPayment": "124.25",
    "policyTerm": "12",
    "payPlan": "12-PayRNDB",
    "writtenPremium": "866",
    "feeAmount": "33.52",
    "writtenPremiumWFees": "899.52",
    "billedAmount": "427.29",
    "billedFeeAmount": "33.52",
    "totalBilledAmount": "460.81",
    "yetToBeBilledAmount": "438.71",
    "receiptAmount": "130.25",
    "currentDueAmount": "330.56",
    "remainBalanceAmount": "769.27",
    "writeOffAmount": "0.00",
    "lastActivityAmount": "08/22/2017",
    "lastBilledDate": "08/22/2017"
  },
  {
    "agencyCode": "26892",
    "owner": "NSA_CA.",
    "productNumber": "1",
    "product": "Private Passenger",
    "stateAbbreviation": "CA",
    "policyID": "104600746051001",
    "version": "5",
    "changeNumber": "2",
    "nameInsured": "Martinez-ramos, Silvia",
    "homePhone": "(310) 680-9871",
    "workPhone": null,
    "email": null,
    "effectiveDate": "03/15/2017",
    "expirationDate": null,
    "cancelDate": "10/11/2017",
    "cancelSourceCode": "NONPAY",
    "companyNumber": "60",
    "rateDate": "03/15/2017",
    "producerNumber": "10460",
    "versionStatus": "Cancel Pending",
    "versionType": "Renewal",
    "quotedDownPayment": "69.99",
    "policyTerm": "12",
    "payPlan": "12PayRNEFT",
    "writtenPremium": "519",
    "feeAmount": "44.76",
    "writtenPremiumWFees": "563.76",
    "billedAmount": "403.84",
    "billedFeeAmount": "44.76",
    "totalBilledAmount": "448.60",
    "yetToBeBilledAmount": "115.16",
    "receiptAmount": "168.51",
    "currentDueAmount": "280.09",
    "remainBalanceAmount": "395.25",
    "writeOffAmount": "0.00",
    "lastActivityAmount": "08/22/2017",
    "lastBilledDate": "08/22/2017"
  },
  {
    "agencyCode": "26892",
    "owner": "NSA_CA.",
    "productNumber": "1",
    "product": "Private Passenger",
    "stateAbbreviation": "CA",
    "policyID": "104600747746001",
    "version": "5",
    "changeNumber": "2",
    "nameInsured": "Espinoza, Leonides Amezcua",
    "homePhone": "(562) 415-4629",
    "workPhone": null,
    "email": null,
    "effectiveDate": "03/27/2017",
    "expirationDate": null,
    "cancelDate": "10/11/2017",
    "cancelSourceCode": "NONPAY",
    "companyNumber": "60",
    "rateDate": "03/27/2017",
    "producerNumber": "10460",
    "versionStatus": "Cancel Pending",
    "versionType": "Renewal",
    "quotedDownPayment": "108.14",
    "policyTerm": "12",
    "payPlan": "12-PayRNDB",
    "writtenPremium": "1037",
    "feeAmount": "51.76",
    "writtenPremiumWFees": "1088.76",
    "billedAmount": "789.58",
    "billedFeeAmount": "51.76",
    "totalBilledAmount": "841.34",
    "yetToBeBilledAmount": "247.42",
    "receiptAmount": "204.56",
    "currentDueAmount": "636.78",
    "remainBalanceAmount": "884.20",
    "writeOffAmount": "0.00",
    "lastActivityAmount": "08/22/2017",
    "lastBilledDate": "08/22/2017"
  },
  {
    "agencyCode": "26892",
    "owner": "NSA_CA.",
    "productNumber": "1",
    "product": "Private Passenger",
    "stateAbbreviation": "CA",
    "policyID": "104600749624001",
    "version": "5",
    "changeNumber": "2",
    "nameInsured": "Turner, Dwaine Omar",
    "homePhone": "(310) 946-1068",
    "workPhone": null,
    "email": null,
    "effectiveDate": "03/19/2017",
    "expirationDate": null,
    "cancelDate": "10/11/2017",
    "cancelSourceCode": "NONPAY",
    "companyNumber": "60",
    "rateDate": "03/19/2017",
    "producerNumber": "10460",
    "versionStatus": "Cancel Pending",
    "versionType": "Renewal",
    "quotedDownPayment": "83.74",
    "policyTerm": "12",
    "payPlan": "12PayRNEFT",
    "writtenPremium": "684",
    "feeAmount": "44.76",
    "writtenPremiumWFees": "728.76",
    "billedAmount": "527.59",
    "billedFeeAmount": "44.76",
    "totalBilledAmount": "572.35",
    "yetToBeBilledAmount": "156.41",
    "receiptAmount": "209.76",
    "currentDueAmount": "362.59",
    "remainBalanceAmount": "519.00",
    "writeOffAmount": "0.00",
    "lastActivityAmount": "08/22/2017",
    "lastBilledDate": "08/22/2017"
  },
  {
    "agencyCode": "26892",
    "owner": "NSA_CA.",
    "productNumber": "1",
    "product": "Private Passenger",
    "stateAbbreviation": "CA",
    "policyID": "104600750548001",
    "version": "5",
    "changeNumber": "2",
    "nameInsured": "Murillo, Luis Octavio",
    "homePhone": "(310) 590-5625",
    "workPhone": null,
    "email": null,
    "effectiveDate": "03/20/2017",
    "expirationDate": null,
    "cancelDate": "10/11/2017",
    "cancelSourceCode": "NONPAY",
    "companyNumber": "60",
    "rateDate": "03/20/2017",
    "producerNumber": "10460",
    "versionStatus": "Cancel Pending",
    "versionType": "Renewal",
    "quotedDownPayment": "73.39",
    "policyTerm": "12",
    "payPlan": "12PayRNEFT",
    "writtenPremium": "1051",
    "feeAmount": "43.28",
    "writtenPremiumWFees": "1094.28",
    "billedAmount": "748.25",
    "billedFeeAmount": "43.28",
    "totalBilledAmount": "791.53",
    "yetToBeBilledAmount": "302.75",
    "receiptAmount": "170.57",
    "currentDueAmount": "620.96",
    "remainBalanceAmount": "923.71",
    "writeOffAmount": "0.00",
    "lastActivityAmount": "08/22/2017",
    "lastBilledDate": "08/22/2017"
  },
  {
    "agencyCode": "26892",
    "owner": "NSA_CA.",
    "productNumber": "1",
    "product": "Private Passenger",
    "stateAbbreviation": "CA",
    "policyID": "104600758033001",
    "version": "5",
    "changeNumber": "2",
    "nameInsured": "Perez, Antonio Guadalupe",
    "homePhone": "(323) 750-7898",
    "workPhone": null,
    "email": null,
    "effectiveDate": "03/29/2017",
    "expirationDate": null,
    "cancelDate": "10/11/2017",
    "cancelSourceCode": "NONPAY",
    "companyNumber": "60",
    "rateDate": "03/29/2017",
    "producerNumber": "10460",
    "versionStatus": "Cancel Pending",
    "versionType": "Renewal",
    "quotedDownPayment": "101.23",
    "policyTerm": "12",
    "payPlan": "12-PayRNDB",
    "writtenPremium": "954",
    "feeAmount": "51.76",
    "writtenPremiumWFees": "1005.76",
    "billedAmount": "727.37",
    "billedFeeAmount": "51.76",
    "totalBilledAmount": "779.13",
    "yetToBeBilledAmount": "226.63",
    "receiptAmount": "190.74",
    "currentDueAmount": "588.39",
    "remainBalanceAmount": "815.02",
    "writeOffAmount": "0.00",
    "lastActivityAmount": "08/22/2017",
    "lastBilledDate": "08/22/2017"
  },
  {
    "agencyCode": "26892",
    "owner": "NSA_CA.",
    "productNumber": "1",
    "product": "Private Passenger",
    "stateAbbreviation": "CA",
    "policyID": "104600760003001",
    "version": "5",
    "changeNumber": "2",
    "nameInsured": "Dewberry, Phillip",
    "homePhone": "(323) 335-9170",
    "workPhone": null,
    "email": null,
    "effectiveDate": "04/26/2017",
    "expirationDate": null,
    "cancelDate": "10/11/2017",
    "cancelSourceCode": "NONPAY",
    "companyNumber": "60",
    "rateDate": "04/26/2017",
    "producerNumber": "10460",
    "versionStatus": "Cancel Pending",
    "versionType": "Renewal",
    "quotedDownPayment": "139.06",
    "policyTerm": "12",
    "payPlan": "12-PayRNDB",
    "writtenPremium": "1387",
    "feeAmount": "43.52",
    "writtenPremiumWFees": "1430.52",
    "billedAmount": "823.99",
    "billedFeeAmount": "43.52",
    "totalBilledAmount": "867.51",
    "yetToBeBilledAmount": "563.01",
    "receiptAmount": "139.06",
    "currentDueAmount": "728.45",
    "remainBalanceAmount": "1291.46",
    "writeOffAmount": "0.00",
    "lastActivityAmount": "08/22/2017",
    "lastBilledDate": "08/22/2017"
  },
  {
    "agencyCode": "26892",
    "owner": "NSA_CA.",
    "productNumber": "1",
    "product": "Private Passenger",
    "stateAbbreviation": "CA",
    "policyID": "104600760158001",
    "version": "5",
    "changeNumber": "4",
    "nameInsured": "Pacheco, Hugo Rene",
    "homePhone": "(310) 625-2403",
    "workPhone": null,
    "email": null,
    "effectiveDate": "12/03/2016",
    "expirationDate": null,
    "cancelDate": "10/11/2017",
    "cancelSourceCode": "NONPAY",
    "companyNumber": "60",
    "rateDate": "12/03/2016",
    "producerNumber": "10460",
    "versionStatus": "Cancel Pending",
    "versionType": "Renewal",
    "quotedDownPayment": "304.26",
    "policyTerm": "12",
    "payPlan": "12PayRNEFT",
    "writtenPremium": "3425",
    "feeAmount": "74.80",
    "writtenPremiumWFees": "3499.80",
    "billedAmount": "4513.99",
    "billedFeeAmount": "74.80",
    "totalBilledAmount": "4588.79",
    "yetToBeBilledAmount": "-1088.99",
    "receiptAmount": "1725.19",
    "currentDueAmount": "1774.61",
    "remainBalanceAmount": "1774.61",
    "writeOffAmount": "0.00",
    "lastActivityAmount": "08/22/2017",
    "lastBilledDate": "08/22/2017"
  },
  {
    "agencyCode": "26892",
    "owner": "NSA_CA.",
    "productNumber": "1",
    "product": "Private Passenger",
    "stateAbbreviation": "CA",
    "policyID": "104600763041001",
    "version": "5",
    "changeNumber": "2",
    "nameInsured": "Reed, Brenda Faye",
    "homePhone": "(323) 802-8201",
    "workPhone": null,
    "email": null,
    "effectiveDate": "04/05/2017",
    "expirationDate": null,
    "cancelDate": "10/11/2017",
    "cancelSourceCode": "NONPAY",
    "companyNumber": "60",
    "rateDate": "04/05/2017",
    "producerNumber": "10460",
    "versionStatus": "Cancel Pending",
    "versionType": "Renewal",
    "quotedDownPayment": "127.39",
    "policyTerm": "12",
    "payPlan": "12PayRNEFT",
    "writtenPremium": "1208",
    "feeAmount": "38.76",
    "writtenPremiumWFees": "1246.76",
    "billedAmount": "819.89",
    "billedFeeAmount": "38.76",
    "totalBilledAmount": "858.65",
    "yetToBeBilledAmount": "388.11",
    "receiptAmount": "234.06",
    "currentDueAmount": "624.59",
    "remainBalanceAmount": "1012.70",
    "writeOffAmount": "0.00",
    "lastActivityAmount": "08/22/2017",
    "lastBilledDate": "08/22/2017"
  },
  {
    "agencyCode": "26892",
    "owner": "NSA_CA.",
    "productNumber": "1",
    "product": "Private Passenger",
    "stateAbbreviation": "CA",
    "policyID": "104600764793001",
    "version": "5",
    "changeNumber": "2",
    "nameInsured": "Johnson, Janice Marie",
    "homePhone": "(310) 216-8869",
    "workPhone": null,
    "email": null,
    "effectiveDate": "04/08/2017",
    "expirationDate": null,
    "cancelDate": "10/11/2017",
    "cancelSourceCode": "NONPAY",
    "companyNumber": "60",
    "rateDate": "04/08/2017",
    "producerNumber": "10460",
    "versionStatus": "Cancel Pending",
    "versionType": "Renewal",
    "quotedDownPayment": "98.23",
    "policyTerm": "12",
    "payPlan": "12PayRNEFT",
    "writtenPremium": "858",
    "feeAmount": "38.76",
    "writtenPremiumWFees": "896.76",
    "billedAmount": "517.49",
    "billedFeeAmount": "38.76",
    "totalBilledAmount": "556.25",
    "yetToBeBilledAmount": "340.51",
    "receiptAmount": "175.74",
    "currentDueAmount": "380.51",
    "remainBalanceAmount": "721.02",
    "writeOffAmount": "0.00",
    "lastActivityAmount": "08/22/2017",
    "lastBilledDate": "08/22/2017"
  },
  {
    "agencyCode": "26892",
    "owner": "NSA_CA.",
    "productNumber": "1",
    "product": "Private Passenger",
    "stateAbbreviation": "CA",
    "policyID": "104600765299001",
    "version": "5",
    "changeNumber": "2",
    "nameInsured": "Mirto, Vincent Gregglegaspi",
    "homePhone": "(661) 910-1763",
    "workPhone": null,
    "email": null,
    "effectiveDate": "04/09/2017",
    "expirationDate": null,
    "cancelDate": "10/11/2017",
    "cancelSourceCode": "NONPAY",
    "companyNumber": "60",
    "rateDate": "04/09/2017",
    "producerNumber": "10460",
    "versionStatus": "Cancel Pending",
    "versionType": "Renewal",
    "quotedDownPayment": "179.96",
    "policyTerm": "12",
    "payPlan": "12PayRNEFT",
    "writtenPremium": "1818",
    "feeAmount": "40.52",
    "writtenPremiumWFees": "1858.52",
    "billedAmount": "1078.58",
    "billedFeeAmount": "40.52",
    "totalBilledAmount": "1119.10",
    "yetToBeBilledAmount": "739.42",
    "receiptAmount": "337.47",
    "currentDueAmount": "781.63",
    "remainBalanceAmount": "1521.05",
    "writeOffAmount": "0.00",
    "lastActivityAmount": "08/22/2017",
    "lastBilledDate": "08/22/2017"
  },
  {
    "agencyCode": "26892",
    "owner": "NSA_CA.",
    "productNumber": "1",
    "product": "Private Passenger",
    "stateAbbreviation": "CA",
    "policyID": "104600766810001",
    "version": "5",
    "changeNumber": "2",
    "nameInsured": "Ramirezfuentes, Roberto Jose",
    "homePhone": "(310) 450-2972",
    "workPhone": "(323) 691-0531",
    "email": "roberto.ram13@gmail.com",
    "effectiveDate": "04/10/2017",
    "expirationDate": null,
    "cancelDate": "10/11/2017",
    "cancelSourceCode": "NONPAY",
    "companyNumber": "60",
    "rateDate": "04/10/2017",
    "producerNumber": "10460",
    "versionStatus": "Cancel Pending",
    "versionType": "Renewal",
    "quotedDownPayment": "183.13",
    "policyTerm": "12",
    "payPlan": "12PayRNEFT",
    "writtenPremium": "1582",
    "feeAmount": "35.52",
    "writtenPremiumWFees": "1617.52",
    "billedAmount": "980.73",
    "billedFeeAmount": "35.52",
    "totalBilledAmount": "1016.25",
    "yetToBeBilledAmount": "601.27",
    "receiptAmount": "329.35",
    "currentDueAmount": "686.90",
    "remainBalanceAmount": "1288.17",
    "writeOffAmount": "0.00",
    "lastActivityAmount": "08/22/2017",
    "lastBilledDate": "08/22/2017"
  },
  {
    "agencyCode": "26892",
    "owner": "NSA_CA.",
    "productNumber": "1",
    "product": "Private Passenger",
    "stateAbbreviation": "CA",
    "policyID": "104600769170001",
    "version": "5",
    "changeNumber": "2",
    "nameInsured": "Aguillon-carbajal, Joel Lorenzo",
    "homePhone": "(562) 479-8176",
    "workPhone": null,
    "email": null,
    "effectiveDate": "04/28/2017",
    "expirationDate": null,
    "cancelDate": "10/11/2017",
    "cancelSourceCode": "NONPAY",
    "companyNumber": "60",
    "rateDate": "04/28/2017",
    "producerNumber": "10460",
    "versionStatus": "Cancel Pending",
    "versionType": "Renewal",
    "quotedDownPayment": "194",
    "policyTerm": "12",
    "payPlan": "12-PayRNDB",
    "writtenPremium": "1964",
    "feeAmount": "50.28",
    "writtenPremiumWFees": "2014.28",
    "billedAmount": "1165.03",
    "billedFeeAmount": "50.28",
    "totalBilledAmount": "1215.31",
    "yetToBeBilledAmount": "798.97",
    "receiptAmount": "194.00",
    "currentDueAmount": "1021.31",
    "remainBalanceAmount": "1820.28",
    "writeOffAmount": "0.00",
    "lastActivityAmount": "08/22/2017",
    "lastBilledDate": "08/22/2017"
  },
  {
    "agencyCode": "26892",
    "owner": "NSA_CA.",
    "productNumber": "1",
    "product": "Private Passenger",
    "stateAbbreviation": "CA",
    "policyID": "104600771515001",
    "version": "5",
    "changeNumber": "2",
    "nameInsured": "Creighton, Vera Bell",
    "homePhone": "(310) 412-1637",
    "workPhone": null,
    "email": null,
    "effectiveDate": "04/17/2017",
    "expirationDate": null,
    "cancelDate": "10/11/2017",
    "cancelSourceCode": "NONPAY",
    "companyNumber": "60",
    "rateDate": "04/17/2017",
    "producerNumber": "10460",
    "versionStatus": "Cancel Pending",
    "versionType": "Renewal",
    "quotedDownPayment": "70.91",
    "policyTerm": "12",
    "payPlan": "12PayRNEFT",
    "writtenPremium": "590",
    "feeAmount": "33.76",
    "writtenPremiumWFees": "623.76",
    "billedAmount": "357.99",
    "billedFeeAmount": "33.76",
    "totalBilledAmount": "391.75",
    "yetToBeBilledAmount": "232.01",
    "receiptAmount": "126.08",
    "currentDueAmount": "265.67",
    "remainBalanceAmount": "497.68",
    "writeOffAmount": "0.00",
    "lastActivityAmount": "08/22/2017",
    "lastBilledDate": "08/22/2017"
  },
  {
    "agencyCode": "26892",
    "owner": "NSA_CA.",
    "productNumber": "1",
    "product": "Private Passenger",
    "stateAbbreviation": "CA",
    "policyID": "104600773992001",
    "version": "5",
    "changeNumber": "2",
    "nameInsured": "Johnson, Antoin Lorenzo",
    "homePhone": "(310) 462-5867",
    "workPhone": null,
    "email": null,
    "effectiveDate": "05/17/2017",
    "expirationDate": null,
    "cancelDate": "10/11/2017",
    "cancelSourceCode": "NONPAY",
    "companyNumber": "60",
    "rateDate": "05/17/2017",
    "producerNumber": "10460",
    "versionStatus": "Cancel Pending",
    "versionType": "Renewal",
    "quotedDownPayment": "122.55",
    "policyTerm": "12",
    "payPlan": "12-PayRNDB",
    "writtenPremium": "1210",
    "feeAmount": "31.76",
    "writtenPremiumWFees": "1241.76",
    "billedAmount": "519.92",
    "billedFeeAmount": "31.76",
    "totalBilledAmount": "551.68",
    "yetToBeBilledAmount": "690.08",
    "receiptAmount": "122.55",
    "currentDueAmount": "429.13",
    "remainBalanceAmount": "1119.21",
    "writeOffAmount": "0.00",
    "lastActivityAmount": "08/22/2017",
    "lastBilledDate": "08/22/2017"
  },
  {
    "agencyCode": "26892",
    "owner": "NSA_CA.",
    "productNumber": "1",
    "product": "Private Passenger",
    "stateAbbreviation": "CA",
    "policyID": "104600775436001",
    "version": "5",
    "changeNumber": "2",
    "nameInsured": "Zepeda-landaverde, Rene Alfonso",
    "homePhone": "(323) 742-3026",
    "workPhone": null,
    "email": null,
    "effectiveDate": "04/23/2017",
    "expirationDate": null,
    "cancelDate": "10/11/2017",
    "cancelSourceCode": "NONPAY",
    "companyNumber": "60",
    "rateDate": "04/23/2017",
    "producerNumber": "10460",
    "versionStatus": "Cancel Pending",
    "versionType": "Renewal",
    "quotedDownPayment": "169.55",
    "policyTerm": "12",
    "payPlan": "12PayRNEFT",
    "writtenPremium": "1693",
    "feeAmount": "40.52",
    "writtenPremiumWFees": "1733.52",
    "billedAmount": "1005.67",
    "billedFeeAmount": "40.52",
    "totalBilledAmount": "1046.19",
    "yetToBeBilledAmount": "687.33",
    "receiptAmount": "169.55",
    "currentDueAmount": "876.64",
    "remainBalanceAmount": "1563.97",
    "writeOffAmount": "0.00",
    "lastActivityAmount": "08/22/2017",
    "lastBilledDate": "08/22/2017"
  },
  {
    "agencyCode": "26892",
    "owner": "NSA_CA.",
    "productNumber": "1",
    "product": "Private Passenger",
    "stateAbbreviation": "CA",
    "policyID": "104600775659001",
    "version": "5",
    "changeNumber": "2",
    "nameInsured": "Magallanes Jr,  Andrew Richard",
    "homePhone": "(626) 233-0287",
    "workPhone": null,
    "email": null,
    "effectiveDate": "04/24/2017",
    "expirationDate": null,
    "cancelDate": "10/11/2017",
    "cancelSourceCode": "NONPAY",
    "companyNumber": "63",
    "rateDate": "04/24/2017",
    "producerNumber": "10463",
    "versionStatus": "Cancel Pending",
    "versionType": "Renewal",
    "quotedDownPayment": "163.21",
    "policyTerm": "12",
    "payPlan": "12PayRNEFT",
    "writtenPremium": "1638",
    "feeAmount": "38.76",
    "writtenPremiumWFees": "1676.76",
    "billedAmount": "972.47",
    "billedFeeAmount": "38.76",
    "totalBilledAmount": "1011.23",
    "yetToBeBilledAmount": "665.53",
    "receiptAmount": "163.21",
    "currentDueAmount": "848.02",
    "remainBalanceAmount": "1513.55",
    "writeOffAmount": "0.00",
    "lastActivityAmount": "08/22/2017",
    "lastBilledDate": "08/22/2017"
  },
  {
    "agencyCode": "26892",
    "owner": "NSA_CA.",
    "productNumber": "1",
    "product": "Private Passenger",
    "stateAbbreviation": "CA",
    "policyID": "104600778267001",
    "version": "5",
    "changeNumber": "2",
    "nameInsured": "Adame, Lilia",
    "homePhone": "(310) 674-9552",
    "workPhone": null,
    "email": null,
    "effectiveDate": "12/08/2016",
    "expirationDate": null,
    "cancelDate": "10/11/2017",
    "cancelSourceCode": "NONPAY",
    "companyNumber": "60",
    "rateDate": "12/08/2016",
    "producerNumber": "10460",
    "versionStatus": "Cancel Pending",
    "versionType": "Renewal",
    "quotedDownPayment": "187.7",
    "policyTerm": "12",
    "payPlan": "12PayRNEFT",
    "writtenPremium": "1971",
    "feeAmount": "59.52",
    "writtenPremiumWFees": "2030.52",
    "billedAmount": "2470.14",
    "billedFeeAmount": "59.52",
    "totalBilledAmount": "2529.66",
    "yetToBeBilledAmount": "-499.14",
    "receiptAmount": "1039.00",
    "currentDueAmount": "991.52",
    "remainBalanceAmount": "991.52",
    "writeOffAmount": "0.00",
    "lastActivityAmount": "08/22/2017",
    "lastBilledDate": "08/22/2017"
  },
  {
    "agencyCode": "26892",
    "owner": "NSA_CA.",
    "productNumber": "1",
    "product": "Private Passenger",
    "stateAbbreviation": "CA",
    "policyID": "104600778410001",
    "version": "5",
    "changeNumber": "2",
    "nameInsured": "Gomez, Elizabeth Guillen",
    "homePhone": "(310) 743-7791",
    "workPhone": null,
    "email": null,
    "effectiveDate": "04/29/2017",
    "expirationDate": null,
    "cancelDate": "10/11/2017",
    "cancelSourceCode": "NONPAY",
    "companyNumber": "60",
    "rateDate": "04/29/2017",
    "producerNumber": "10460",
    "versionStatus": "Cancel Pending",
    "versionType": "Renewal",
    "quotedDownPayment": "128.64",
    "policyTerm": "12",
    "payPlan": "12PayRNEFT",
    "writtenPremium": "1262",
    "feeAmount": "35.52",
    "writtenPremiumWFees": "1297.52",
    "billedAmount": "751.09",
    "billedFeeAmount": "35.52",
    "totalBilledAmount": "786.61",
    "yetToBeBilledAmount": "510.91",
    "receiptAmount": "128.64",
    "currentDueAmount": "657.97",
    "remainBalanceAmount": "1168.88",
    "writeOffAmount": "0.00",
    "lastActivityAmount": "08/22/2017",
    "lastBilledDate": "08/22/2017"
  },
  {
    "agencyCode": "26892",
    "owner": "NSA_CA.",
    "productNumber": "1",
    "product": "Private Passenger",
    "stateAbbreviation": "CA",
    "policyID": "104600782615001",
    "version": "5",
    "changeNumber": "2",
    "nameInsured": "Hurst, Debra Denise",
    "homePhone": "(562) 228-4338",
    "workPhone": null,
    "email": null,
    "effectiveDate": "05/03/2017",
    "expirationDate": null,
    "cancelDate": "10/11/2017",
    "cancelSourceCode": "NONPAY",
    "companyNumber": "60",
    "rateDate": "05/03/2017",
    "producerNumber": "10460",
    "versionStatus": "Cancel Pending",
    "versionType": "Renewal",
    "quotedDownPayment": "140.72",
    "policyTerm": "12",
    "payPlan": "12PayRNEFT",
    "writtenPremium": "1407",
    "feeAmount": "29.52",
    "writtenPremiumWFees": "1436.52",
    "billedAmount": "718.40",
    "billedFeeAmount": "29.52",
    "totalBilledAmount": "747.92",
    "yetToBeBilledAmount": "688.60",
    "receiptAmount": "140.72",
    "currentDueAmount": "607.20",
    "remainBalanceAmount": "1295.80",
    "writeOffAmount": "0.00",
    "lastActivityAmount": "08/22/2017",
    "lastBilledDate": "08/22/2017"
  },
  {
    "agencyCode": "26892",
    "owner": "NSA_CA.",
    "productNumber": "1",
    "product": "Private Passenger",
    "stateAbbreviation": "CA",
    "policyID": "104600783920001",
    "version": "5",
    "changeNumber": "2",
    "nameInsured": "Hernandez, Elias",
    "homePhone": "(323) 559-0327",
    "workPhone": null,
    "email": null,
    "effectiveDate": "05/06/2017",
    "expirationDate": null,
    "cancelDate": "10/11/2017",
    "cancelSourceCode": "NONPAY",
    "companyNumber": "60",
    "rateDate": "05/06/2017",
    "producerNumber": "10460",
    "versionStatus": "Cancel Pending",
    "versionType": "Renewal",
    "quotedDownPayment": "85.65",
    "policyTerm": "12",
    "payPlan": "12PayRNEFT",
    "writtenPremium": "767",
    "feeAmount": "27.76",
    "writtenPremiumWFees": "794.76",
    "billedAmount": "397.31",
    "billedFeeAmount": "27.76",
    "totalBilledAmount": "425.07",
    "yetToBeBilledAmount": "369.69",
    "receiptAmount": "85.65",
    "currentDueAmount": "339.42",
    "remainBalanceAmount": "709.11",
    "writeOffAmount": "0.00",
    "lastActivityAmount": "08/22/2017",
    "lastBilledDate": "08/22/2017"
  },
  {
    "agencyCode": "26892",
    "owner": "NSA_CA.",
    "productNumber": "1",
    "product": "Private Passenger",
    "stateAbbreviation": "CA",
    "policyID": "104600788279001",
    "version": "5",
    "changeNumber": "2",
    "nameInsured": "Arenas-martinez, Isaias",
    "homePhone": "(310) 308-7767",
    "workPhone": null,
    "email": null,
    "effectiveDate": "05/13/2017",
    "expirationDate": null,
    "cancelDate": "10/11/2017",
    "cancelSourceCode": "NONPAY",
    "companyNumber": "60",
    "rateDate": "05/13/2017",
    "producerNumber": "10460",
    "versionStatus": "Cancel Pending",
    "versionType": "Renewal",
    "quotedDownPayment": "131.73",
    "policyTerm": "12",
    "payPlan": "12PayRNEFT",
    "writtenPremium": "1239",
    "feeAmount": "40.52",
    "writtenPremiumWFees": "1279.52",
    "billedAmount": "640.19",
    "billedFeeAmount": "40.52",
    "totalBilledAmount": "680.71",
    "yetToBeBilledAmount": "598.81",
    "receiptAmount": "131.73",
    "currentDueAmount": "548.98",
    "remainBalanceAmount": "1147.79",
    "writeOffAmount": "0.00",
    "lastActivityAmount": "08/29/2017",
    "lastBilledDate": "08/29/2017"
  },
  {
    "agencyCode": "26892",
    "owner": "NSA_CA.",
    "productNumber": "1",
    "product": "Private Passenger",
    "stateAbbreviation": "CA",
    "policyID": "104600824386001",
    "version": "5",
    "changeNumber": "5",
    "nameInsured": "Davis, Stevie Don",
    "homePhone": "(310) 704-7261",
    "workPhone": null,
    "email": null,
    "effectiveDate": "12/18/2016",
    "expirationDate": null,
    "cancelDate": "10/11/2017",
    "cancelSourceCode": "NONPAY",
    "companyNumber": "60",
    "rateDate": "12/18/2016",
    "producerNumber": "10460",
    "versionStatus": "Cancel Pending",
    "versionType": "Renewal",
    "quotedDownPayment": "126.74",
    "policyTerm": "12",
    "payPlan": "12-PayRNDB",
    "writtenPremium": "1630",
    "feeAmount": "108.04",
    "writtenPremiumWFees": "1738.04",
    "billedAmount": "2136.52",
    "billedFeeAmount": "108.04",
    "totalBilledAmount": "2244.56",
    "yetToBeBilledAmount": "-506.52",
    "receiptAmount": "709.14",
    "currentDueAmount": "1028.90",
    "remainBalanceAmount": "1028.90",
    "writeOffAmount": "0.00",
    "lastActivityAmount": "08/29/2017",
    "lastBilledDate": "08/29/2017"
  },
  {
    "agencyCode": "26892",
    "owner": "NSA_CA.",
    "productNumber": "1",
    "product": "Private Passenger",
    "stateAbbreviation": "CA",
    "policyID": "104600836991001",
    "version": "6",
    "changeNumber": "2",
    "nameInsured": "Rhodes, Frankie Lynn",
    "homePhone": "(323) 772-2642",
    "workPhone": null,
    "email": null,
    "effectiveDate": "05/04/2017",
    "expirationDate": null,
    "cancelDate": "10/11/2017",
    "cancelSourceCode": "NONPAY",
    "companyNumber": "60",
    "rateDate": "05/04/2017",
    "producerNumber": "10460",
    "versionStatus": "Cancel Pending",
    "versionType": "Renewal",
    "quotedDownPayment": "74.25",
    "policyTerm": "12",
    "payPlan": "12-Pay REN",
    "writtenPremium": "609",
    "feeAmount": "43.52",
    "writtenPremiumWFees": "652.52",
    "billedAmount": "370.22",
    "billedFeeAmount": "43.52",
    "totalBilledAmount": "413.74",
    "yetToBeBilledAmount": "238.78",
    "receiptAmount": "74.25",
    "currentDueAmount": "339.49",
    "remainBalanceAmount": "578.27",
    "writeOffAmount": "0.00",
    "lastActivityAmount": "08/22/2017",
    "lastBilledDate": "08/22/2017"
  },
  {
    "agencyCode": "26892",
    "owner": "NSA_CA.",
    "productNumber": "1",
    "product": "Private Passenger",
    "stateAbbreviation": "CA",
    "policyID": "104600838505001",
    "version": "5",
    "changeNumber": "2",
    "nameInsured": "Pineda, Jose Antonio",
    "homePhone": "(424) 646-1053",
    "workPhone": null,
    "email": null,
    "effectiveDate": "03/04/2017",
    "expirationDate": null,
    "cancelDate": "10/11/2017",
    "cancelSourceCode": "NONPAY",
    "companyNumber": "63",
    "rateDate": "03/04/2017",
    "producerNumber": "10463",
    "versionStatus": "Cancel Pending",
    "versionType": "Renewal",
    "quotedDownPayment": "102.73",
    "policyTerm": "12",
    "payPlan": "12-PayRNDB",
    "writtenPremium": "972",
    "feeAmount": "61.76",
    "writtenPremiumWFees": "1033.76",
    "billedAmount": "900.90",
    "billedFeeAmount": "61.76",
    "totalBilledAmount": "962.66",
    "yetToBeBilledAmount": "71.10",
    "receiptAmount": "284.75",
    "currentDueAmount": "677.91",
    "remainBalanceAmount": "749.01",
    "writeOffAmount": "0.00",
    "lastActivityAmount": "08/22/2017",
    "lastBilledDate": "08/22/2017"
  },
  {
    "agencyCode": "26892",
    "owner": "NSA_CA.",
    "productNumber": "1",
    "product": "Private Passenger",
    "stateAbbreviation": "CA",
    "policyID": "104600865378001",
    "version": "4",
    "changeNumber": "4",
    "nameInsured": "Kelly, Stacey Juan",
    "homePhone": "(714) 394-8102",
    "workPhone": null,
    "email": "STACJUAN18@YAHOO.COM",
    "effectiveDate": "12/15/2016",
    "expirationDate": null,
    "cancelDate": "10/11/2017",
    "cancelSourceCode": "NONPAY",
    "companyNumber": "60",
    "rateDate": "12/15/2016",
    "producerNumber": "10460",
    "versionStatus": "Cancel Pending",
    "versionType": "Renewal",
    "quotedDownPayment": "74.17",
    "policyTerm": "12",
    "payPlan": "12-PayRNDB",
    "writtenPremium": "608",
    "feeAmount": "89.52",
    "writtenPremiumWFees": "697.52",
    "billedAmount": "766.41",
    "billedFeeAmount": "89.52",
    "totalBilledAmount": "855.93",
    "yetToBeBilledAmount": "-158.41",
    "receiptAmount": "383.52",
    "currentDueAmount": "314.00",
    "remainBalanceAmount": "314.00",
    "writeOffAmount": "0.00",
    "lastActivityAmount": "08/22/2017",
    "lastBilledDate": "08/22/2017"
  },
  {
    "agencyCode": "26892",
    "owner": "NSA_CA.",
    "productNumber": "1",
    "product": "Private Passenger",
    "stateAbbreviation": "CA",
    "policyID": "104600870003001",
    "version": "5",
    "changeNumber": "5",
    "nameInsured": "Johnson, Gregory Don",
    "homePhone": "(424) 213-3418",
    "workPhone": null,
    "email": null,
    "effectiveDate": "03/31/2017",
    "expirationDate": null,
    "cancelDate": "10/11/2017",
    "cancelSourceCode": "NONPAY",
    "companyNumber": "60",
    "rateDate": "03/31/2017",
    "producerNumber": "10460",
    "versionStatus": "Cancel Pending",
    "versionType": "Renewal",
    "quotedDownPayment": "286.25",
    "policyTerm": "12",
    "payPlan": "12-Pay REN",
    "writtenPremium": "2935",
    "feeAmount": "77.76",
    "writtenPremiumWFees": "3012.76",
    "billedAmount": "2223.94",
    "billedFeeAmount": "77.76",
    "totalBilledAmount": "2301.70",
    "yetToBeBilledAmount": "711.06",
    "receiptAmount": "540.85",
    "currentDueAmount": "1760.85",
    "remainBalanceAmount": "2471.91",
    "writeOffAmount": "0.00",
    "lastActivityAmount": "08/22/2017",
    "lastBilledDate": "08/22/2017"
  },
  {
    "agencyCode": "26892",
    "owner": "NSA_CA.",
    "productNumber": "1",
    "product": "Private Passenger",
    "stateAbbreviation": "CA",
    "policyID": "104600872258001",
    "version": "5",
    "changeNumber": "2",
    "nameInsured": "Gallegos, Yesenia Carlos",
    "homePhone": "(323) 286-2965",
    "workPhone": null,
    "email": null,
    "effectiveDate": "04/04/2017",
    "expirationDate": null,
    "cancelDate": "10/11/2017",
    "cancelSourceCode": "NONPAY",
    "companyNumber": "60",
    "rateDate": "04/04/2017",
    "producerNumber": "10460",
    "versionStatus": "Cancel Pending",
    "versionType": "Renewal",
    "quotedDownPayment": "101.14",
    "policyTerm": "12",
    "payPlan": "12-Pay REN",
    "writtenPremium": "953",
    "feeAmount": "51.76",
    "writtenPremiumWFees": "1004.76",
    "billedAmount": "726.58",
    "billedFeeAmount": "51.76",
    "totalBilledAmount": "778.34",
    "yetToBeBilledAmount": "226.42",
    "receiptAmount": "291.70",
    "currentDueAmount": "486.64",
    "remainBalanceAmount": "713.06",
    "writeOffAmount": "0.00",
    "lastActivityAmount": "08/22/2017",
    "lastBilledDate": "08/22/2017"
  },
  {
    "agencyCode": "26892",
    "owner": "NSA_CA.",
    "productNumber": "1",
    "product": "Private Passenger",
    "stateAbbreviation": "CA",
    "policyID": "104600876920001",
    "version": "8",
    "changeNumber": "2",
    "nameInsured": "Moore, Larry",
    "homePhone": "(310) 330-9022",
    "workPhone": "(999) 999-9999",
    "email": null,
    "effectiveDate": "04/05/2017",
    "expirationDate": null,
    "cancelDate": "10/11/2017",
    "cancelSourceCode": "NONPAY",
    "companyNumber": "60",
    "rateDate": "04/05/2017",
    "producerNumber": null,
    "versionStatus": "Cancel Pending",
    "versionType": "Rewrite",
    "quotedDownPayment": "190.35",
    "policyTerm": "12",
    "payPlan": "12-PayDBRW",
    "writtenPremium": "1269",
    "feeAmount": "70.28",
    "writtenPremiumWFees": "1339.28",
    "billedAmount": "1034.17",
    "billedFeeAmount": "70.28",
    "totalBilledAmount": "1104.45",
    "yetToBeBilledAmount": "234.83",
    "receiptAmount": "302.08",
    "currentDueAmount": "802.37",
    "remainBalanceAmount": "1037.20",
    "writeOffAmount": "0.00",
    "lastActivityAmount": "08/22/2017",
    "lastBilledDate": "08/22/2017"
  },
  {
    "agencyCode": "26892",
    "owner": "NSA_CA.",
    "productNumber": "1",
    "product": "Private Passenger",
    "stateAbbreviation": "CA",
    "policyID": "104600877497001",
    "version": "4",
    "changeNumber": "4",
    "nameInsured": "De Leon, Rogelio De Los Reyes",
    "homePhone": "(310) 383-1595",
    "workPhone": "(310) 458-0030",
    "email": null,
    "effectiveDate": "10/18/2016",
    "expirationDate": null,
    "cancelDate": "10/11/2017",
    "cancelSourceCode": "NONPAY",
    "companyNumber": "60",
    "rateDate": "10/18/2016",
    "producerNumber": "10460",
    "versionStatus": "Cancel Pending",
    "versionType": "Renewal",
    "quotedDownPayment": "158.05",
    "policyTerm": "12",
    "payPlan": "12PayRNEFT",
    "writtenPremium": "1663",
    "feeAmount": "86.52",
    "writtenPremiumWFees": "1749.52",
    "billedAmount": "2665.30",
    "billedFeeAmount": "86.52",
    "totalBilledAmount": "2751.82",
    "yetToBeBilledAmount": "-1002.30",
    "receiptAmount": "1219.63",
    "currentDueAmount": "529.89",
    "remainBalanceAmount": "529.89",
    "writeOffAmount": "0.00",
    "lastActivityAmount": "08/22/2017",
    "lastBilledDate": "08/22/2017"
  },
  {
    "agencyCode": "26892",
    "owner": "NSA_CA.",
    "productNumber": "1",
    "product": "Private Passenger",
    "stateAbbreviation": "CA",
    "policyID": "104600878430001",
    "version": "4",
    "changeNumber": "2",
    "nameInsured": "Ronquillo, Danielle",
    "homePhone": "(323) 383-1818",
    "workPhone": null,
    "email": null,
    "effectiveDate": "10/22/2016",
    "expirationDate": null,
    "cancelDate": "10/11/2017",
    "cancelSourceCode": "NONPAY",
    "companyNumber": "60",
    "rateDate": "10/22/2016",
    "producerNumber": "10460",
    "versionStatus": "Cancel Pending",
    "versionType": "Renewal",
    "quotedDownPayment": "67.39",
    "policyTerm": "12",
    "payPlan": "12PayRNEFT",
    "writtenPremium": "700",
    "feeAmount": "71.52",
    "writtenPremiumWFees": "771.52",
    "billedAmount": "1103.91",
    "billedFeeAmount": "71.52",
    "totalBilledAmount": "1175.43",
    "yetToBeBilledAmount": "-403.91",
    "receiptAmount": "461.29",
    "currentDueAmount": "310.23",
    "remainBalanceAmount": "310.23",
    "writeOffAmount": "0.00",
    "lastActivityAmount": "08/22/2017",
    "lastBilledDate": "08/22/2017"
  },
  {
    "agencyCode": "26892",
    "owner": "NSA_CA.",
    "productNumber": "1",
    "product": "Private Passenger",
    "stateAbbreviation": "CA",
    "policyID": "104600879161001",
    "version": "8",
    "changeNumber": "2",
    "nameInsured": "Hall, Judy",
    "homePhone": "(323) 558-3479",
    "workPhone": null,
    "email": null,
    "effectiveDate": "04/21/2017",
    "expirationDate": null,
    "cancelDate": "10/11/2017",
    "cancelSourceCode": "NONPAY",
    "companyNumber": "60",
    "rateDate": "04/21/2017",
    "producerNumber": "10460",
    "versionStatus": "Cancel Pending",
    "versionType": "Renewal",
    "quotedDownPayment": "242.47",
    "policyTerm": "6",
    "payPlan": "6-PayRNEFT",
    "writtenPremium": "1324",
    "feeAmount": "33.76",
    "writtenPremiumWFees": "1357.76",
    "billedAmount": "1549.07",
    "billedFeeAmount": "33.76",
    "totalBilledAmount": "1582.83",
    "yetToBeBilledAmount": "-225.07",
    "receiptAmount": "242.47",
    "currentDueAmount": "1115.29",
    "remainBalanceAmount": "1115.29",
    "writeOffAmount": "0.00",
    "lastActivityAmount": "08/22/2017",
    "lastBilledDate": "08/22/2017"
  },
  {
    "agencyCode": "26892",
    "owner": "NSA_CA.",
    "productNumber": "1",
    "product": "Private Passenger",
    "stateAbbreviation": "CA",
    "policyID": "104600879824001",
    "version": "4",
    "changeNumber": "11",
    "nameInsured": "Lara, Jose B",
    "homePhone": "(424) 223-2817",
    "workPhone": null,
    "email": null,
    "effectiveDate": "10/25/2016",
    "expirationDate": null,
    "cancelDate": "10/11/2017",
    "cancelSourceCode": "NONPAY",
    "companyNumber": "60",
    "rateDate": "10/25/2016",
    "producerNumber": "10460",
    "versionStatus": "Cancel Pending",
    "versionType": "Renewal",
    "quotedDownPayment": "132.92",
    "policyTerm": "12",
    "payPlan": "12-PayRNDB",
    "writtenPremium": "934",
    "feeAmount": "134.28",
    "writtenPremiumWFees": "1068.28",
    "billedAmount": "1492.88",
    "billedFeeAmount": "134.28",
    "totalBilledAmount": "1627.16",
    "yetToBeBilledAmount": "-558.88",
    "receiptAmount": "664.82",
    "currentDueAmount": "403.46",
    "remainBalanceAmount": "403.46",
    "writeOffAmount": "0.00",
    "lastActivityAmount": "08/22/2017",
    "lastBilledDate": "08/22/2017"
  },
  {
    "agencyCode": "26892",
    "owner": "NSA_CA.",
    "productNumber": "1",
    "product": "Private Passenger",
    "stateAbbreviation": "CA",
    "policyID": "104600884899001",
    "version": "4",
    "changeNumber": "2",
    "nameInsured": "Patton, Phillip Louis",
    "homePhone": "(323) 696-8130",
    "workPhone": null,
    "email": null,
    "effectiveDate": "11/02/2016",
    "expirationDate": null,
    "cancelDate": "10/11/2017",
    "cancelSourceCode": "NONPAY",
    "companyNumber": "60",
    "rateDate": "11/02/2016",
    "producerNumber": "10460",
    "versionStatus": "Cancel Pending",
    "versionType": "Renewal",
    "quotedDownPayment": "67",
    "policyTerm": "12",
    "payPlan": "12-PayRNDB",
    "writtenPremium": "542",
    "feeAmount": "101.76",
    "writtenPremiumWFees": "643.76",
    "billedAmount": "860.18",
    "billedFeeAmount": "101.76",
    "totalBilledAmount": "961.94",
    "yetToBeBilledAmount": "-318.18",
    "receiptAmount": "397.96",
    "currentDueAmount": "245.80",
    "remainBalanceAmount": "245.80",
    "writeOffAmount": "0.00",
    "lastActivityAmount": "08/22/2017",
    "lastBilledDate": "08/22/2017"
  },
  {
    "agencyCode": "26892",
    "owner": "NSA_CA.",
    "productNumber": "1",
    "product": "Private Passenger",
    "stateAbbreviation": "CA",
    "policyID": "104600886930001",
    "version": "4",
    "changeNumber": "2",
    "nameInsured": "Curuchet, Luciano Martin",
    "homePhone": "(310) 849-7825",
    "workPhone": null,
    "email": null,
    "effectiveDate": "11/06/2016",
    "expirationDate": null,
    "cancelDate": "10/11/2017",
    "cancelSourceCode": "NONPAY",
    "companyNumber": "60",
    "rateDate": "11/06/2016",
    "producerNumber": "10460",
    "versionStatus": "Cancel Pending",
    "versionType": "Renewal",
    "quotedDownPayment": "67.99",
    "policyTerm": "12",
    "payPlan": "12PayRNEFT",
    "writtenPremium": "555",
    "feeAmount": "63.76",
    "writtenPremiumWFees": "618.76",
    "billedAmount": "834.48",
    "billedFeeAmount": "63.76",
    "totalBilledAmount": "898.24",
    "yetToBeBilledAmount": "-279.48",
    "receiptAmount": "381.51",
    "currentDueAmount": "237.25",
    "remainBalanceAmount": "237.25",
    "writeOffAmount": "0.00",
    "lastActivityAmount": "08/22/2017",
    "lastBilledDate": "08/22/2017"
  },
  {
    "agencyCode": "26892",
    "owner": "NSA_CA.",
    "productNumber": "1",
    "product": "Private Passenger",
    "stateAbbreviation": "CA",
    "policyID": "104600887809001",
    "version": "4",
    "changeNumber": "2",
    "nameInsured": "Perez-resenis, Gricela",
    "homePhone": "(323) 571-8712",
    "workPhone": null,
    "email": null,
    "effectiveDate": "11/07/2016",
    "expirationDate": null,
    "cancelDate": "10/11/2017",
    "cancelSourceCode": "NONPAY",
    "companyNumber": "60",
    "rateDate": "11/07/2016",
    "producerNumber": "10460",
    "versionStatus": "Cancel Pending",
    "versionType": "Renewal",
    "quotedDownPayment": "153.72",
    "policyTerm": "12",
    "payPlan": "12PayRNEFT",
    "writtenPremium": "1503",
    "feeAmount": "70.52",
    "writtenPremiumWFees": "1573.52",
    "billedAmount": "2134.43",
    "billedFeeAmount": "70.52",
    "totalBilledAmount": "2204.95",
    "yetToBeBilledAmount": "-631.43",
    "receiptAmount": "941.27",
    "currentDueAmount": "632.25",
    "remainBalanceAmount": "632.25",
    "writeOffAmount": "0.00",
    "lastActivityAmount": "08/22/2017",
    "lastBilledDate": "08/22/2017"
  },
  {
    "agencyCode": "26892",
    "owner": "NSA_CA.",
    "productNumber": "1",
    "product": "Private Passenger",
    "stateAbbreviation": "CA",
    "policyID": "104630178918001",
    "version": "6",
    "changeNumber": "4",
    "nameInsured": "MCINTYRE, JOYCE MARIE",
    "homePhone": "(323) 754-9802",
    "workPhone": null,
    "email": null,
    "effectiveDate": "02/15/2017",
    "expirationDate": null,
    "cancelDate": "10/11/2017",
    "cancelSourceCode": "NONPAY",
    "companyNumber": "63",
    "rateDate": "02/15/2017",
    "producerNumber": null,
    "versionStatus": "Cancel Pending",
    "versionType": "Renewal",
    "quotedDownPayment": "182.21",
    "policyTerm": "12",
    "payPlan": "12PayRNEFT",
    "writtenPremium": "1905",
    "feeAmount": "131.52",
    "writtenPremiumWFees": "2036.52",
    "billedAmount": "1270.00",
    "billedFeeAmount": "131.52",
    "totalBilledAmount": "1401.52",
    "yetToBeBilledAmount": "635.00",
    "receiptAmount": "1200.77",
    "currentDueAmount": "200.75",
    "remainBalanceAmount": "835.75",
    "writeOffAmount": "0.00",
    "lastActivityAmount": "08/31/2017",
    "lastBilledDate": "08/31/2017"
  },
  {
    "agencyCode": "26892",
    "owner": "NSA_CA.",
    "productNumber": "1",
    "product": "Private Passenger",
    "stateAbbreviation": "CA",
    "policyID": "104630913353001",
    "version": "4",
    "changeNumber": "8",
    "nameInsured": "Anderson, Debrael Jeronique",
    "homePhone": "(323) 453-7760",
    "workPhone": null,
    "email": null,
    "effectiveDate": "01/13/2017",
    "expirationDate": null,
    "cancelDate": "10/11/2017",
    "cancelSourceCode": "NONPAY",
    "companyNumber": "63",
    "rateDate": "01/13/2017",
    "producerNumber": "10463",
    "versionStatus": "Cancel Pending",
    "versionType": "Renewal",
    "quotedDownPayment": "87.57",
    "policyTerm": "12",
    "payPlan": "12-PayRNDB",
    "writtenPremium": "790",
    "feeAmount": "119.76",
    "writtenPremiumWFees": "909.76",
    "billedAmount": "592.51",
    "billedFeeAmount": "119.76",
    "totalBilledAmount": "712.27",
    "yetToBeBilledAmount": "197.49",
    "receiptAmount": "630.61",
    "currentDueAmount": "81.66",
    "remainBalanceAmount": "279.15",
    "writeOffAmount": "0.00",
    "lastActivityAmount": "08/31/2017",
    "lastBilledDate": "08/31/2017"
  },
  {
    "agencyCode": "26892",
    "owner": "NSA_CA.",
    "productNumber": "1",
    "product": "Private Passenger",
    "stateAbbreviation": "CA",
    "policyID": "104054791398003",
    "version": "5",
    "changeNumber": "2",
    "nameInsured": "Toledo, Martin Zavala",
    "homePhone": "(310) 756-4262",
    "workPhone": null,
    "email": null,
    "effectiveDate": "09/22/2016",
    "expirationDate": null,
    "cancelDate": "08/02/2017",
    "cancelSourceCode": "NONPAY",
    "companyNumber": "63",
    "rateDate": "09/22/2016",
    "producerNumber": "10463",
    "versionStatus": "Cancel Pending",
    "versionType": "Renewal",
    "quotedDownPayment": "267.93",
    "policyTerm": "12",
    "payPlan": "12-PayRNDB",
    "writtenPremium": "2913",
    "feeAmount": "115.28",
    "writtenPremiumWFees": "3028.28",
    "billedAmount": "4616.81",
    "billedFeeAmount": "115.28",
    "totalBilledAmount": "4732.09",
    "yetToBeBilledAmount": "-1703.81",
    "receiptAmount": "2037.25",
    "currentDueAmount": "991.03",
    "remainBalanceAmount": "991.03",
    "writeOffAmount": "0.00",
    "lastActivityAmount": "06/23/2017",
    "lastBilledDate": "06/23/2017"
  },
  {
    "agencyCode": "26892",
    "owner": "NSA_CA.",
    "productNumber": "1",
    "product": "Private Passenger",
    "stateAbbreviation": "CA",
    "policyID": "104076051119879",
    "version": "7",
    "changeNumber": "2",
    "nameInsured": "Zendejas, Rodolfo",
    "homePhone": "(323) 756-4149",
    "workPhone": null,
    "email": null,
    "effectiveDate": "03/11/2017",
    "expirationDate": null,
    "cancelDate": "08/02/2017",
    "cancelSourceCode": "NONPAY",
    "companyNumber": "63",
    "rateDate": "03/11/2017",
    "producerNumber": "10463",
    "versionStatus": "Cancel Pending",
    "versionType": "Renewal",
    "quotedDownPayment": "175.46",
    "policyTerm": "12",
    "payPlan": "12PayRNEFT",
    "writtenPremium": "1824",
    "feeAmount": "41.52",
    "writtenPremiumWFees": "1865.52",
    "billedAmount": "1081.03",
    "billedFeeAmount": "41.52",
    "totalBilledAmount": "1122.55",
    "yetToBeBilledAmount": "742.97",
    "receiptAmount": "491.48",
    "currentDueAmount": "631.07",
    "remainBalanceAmount": "1374.04",
    "writeOffAmount": "0.00",
    "lastActivityAmount": "06/23/2017",
    "lastBilledDate": "06/23/2017"
  },
  {
    "agencyCode": "26892",
    "owner": "NSA_CA.",
    "productNumber": "1",
    "product": "Private Passenger",
    "stateAbbreviation": "CA",
    "policyID": "104076051119904",
    "version": "6",
    "changeNumber": "2",
    "nameInsured": "GRANADOS, ABRAHAM LOPEZ",
    "homePhone": "(310) 404-1585",
    "workPhone": "(310) 404-1585",
    "email": null,
    "effectiveDate": "12/05/2016",
    "expirationDate": null,
    "cancelDate": "08/02/2017",
    "cancelSourceCode": "NONPAY",
    "companyNumber": "60",
    "rateDate": "12/05/2016",
    "producerNumber": null,
    "versionStatus": "Cancel Pending",
    "versionType": "Renewal",
    "quotedDownPayment": "60.58",
    "policyTerm": "12",
    "payPlan": "12-PayRNDB",
    "writtenPremium": "466",
    "feeAmount": "91.76",
    "writtenPremiumWFees": "557.76",
    "billedAmount": "590.45",
    "billedFeeAmount": "91.76",
    "totalBilledAmount": "682.21",
    "yetToBeBilledAmount": "-124.45",
    "receiptAmount": "304.78",
    "currentDueAmount": "252.98",
    "remainBalanceAmount": "252.98",
    "writeOffAmount": "0.00",
    "lastActivityAmount": "06/23/2017",
    "lastBilledDate": "06/23/2017"
  },
  {
    "agencyCode": "26892",
    "owner": "NSA_CA.",
    "productNumber": "1",
    "product": "Private Passenger",
    "stateAbbreviation": "CA",
    "policyID": "104076051119927",
    "version": "6",
    "changeNumber": "2",
    "nameInsured": "Pinto, Rosa Elena",
    "homePhone": "(310) 675-5397",
    "workPhone": null,
    "email": null,
    "effectiveDate": "12/05/2016",
    "expirationDate": null,
    "cancelDate": "08/02/2017",
    "cancelSourceCode": "NONPAY",
    "companyNumber": "60",
    "rateDate": "12/05/2016",
    "producerNumber": null,
    "versionStatus": "Cancel Pending",
    "versionType": "Renewal",
    "quotedDownPayment": "128.56",
    "policyTerm": "12",
    "payPlan": "12PayRNEFT",
    "writtenPremium": "1261",
    "feeAmount": "59.52",
    "writtenPremiumWFees": "1320.52",
    "billedAmount": "1479.70",
    "billedFeeAmount": "59.52",
    "totalBilledAmount": "1539.22",
    "yetToBeBilledAmount": "-218.70",
    "receiptAmount": "684.01",
    "currentDueAmount": "636.51",
    "remainBalanceAmount": "636.51",
    "writeOffAmount": "0.00",
    "lastActivityAmount": "06/23/2017",
    "lastBilledDate": "06/23/2017"
  },
  {
    "agencyCode": "26892",
    "owner": "NSA_CA.",
    "productNumber": "1",
    "product": "Private Passenger",
    "stateAbbreviation": "CA",
    "policyID": "104076051119971",
    "version": "6",
    "changeNumber": "3",
    "nameInsured": "Cruz, Mario Centeno",
    "homePhone": "(310) 324-6377",
    "workPhone": "(310) 978-8971",
    "email": null,
    "effectiveDate": "12/08/2016",
    "expirationDate": null,
    "cancelDate": "08/02/2017",
    "cancelSourceCode": "NONPAY",
    "companyNumber": "63",
    "rateDate": "12/08/2016",
    "producerNumber": null,
    "versionStatus": "Cancel Pending",
    "versionType": "Renewal",
    "quotedDownPayment": "103.48",
    "policyTerm": "12",
    "payPlan": "12PayRNEFT",
    "writtenPremium": "917",
    "feeAmount": "62.76",
    "writtenPremiumWFees": "979.76",
    "billedAmount": "1080.70",
    "billedFeeAmount": "62.76",
    "totalBilledAmount": "1143.46",
    "yetToBeBilledAmount": "-163.70",
    "receiptAmount": "516.26",
    "currentDueAmount": "463.50",
    "remainBalanceAmount": "463.50",
    "writeOffAmount": "0.00",
    "lastActivityAmount": "06/23/2017",
    "lastBilledDate": "06/23/2017"
  },
  {
    "agencyCode": "26892",
    "owner": "NSA_CA.",
    "productNumber": "1",
    "product": "Private Passenger",
    "stateAbbreviation": "CA",
    "policyID": "104214618030001",
    "version": "5",
    "changeNumber": "2",
    "nameInsured": "AMAN, JABARI NIEGL",
    "homePhone": "(562) 685-6765",
    "workPhone": null,
    "email": null,
    "effectiveDate": "10/02/2016",
    "expirationDate": null,
    "cancelDate": "08/02/2017",
    "cancelSourceCode": "NONPAY",
    "companyNumber": "60",
    "rateDate": "10/02/2016",
    "producerNumber": null,
    "versionStatus": "Cancel Pending",
    "versionType": "Renewal",
    "quotedDownPayment": "164.89",
    "policyTerm": "12",
    "payPlan": "12-PayRNDB",
    "writtenPremium": "1537",
    "feeAmount": "115.28",
    "writtenPremiumWFees": "1652.28",
    "billedAmount": "2443.45",
    "billedFeeAmount": "115.28",
    "totalBilledAmount": "2558.73",
    "yetToBeBilledAmount": "-906.45",
    "receiptAmount": "1124.16",
    "currentDueAmount": "528.12",
    "remainBalanceAmount": "528.12",
    "writeOffAmount": "0.00",
    "lastActivityAmount": "06/23/2017",
    "lastBilledDate": "06/23/2017"
  },
  {
    "agencyCode": "26892",
    "owner": "NSA_CA.",
    "productNumber": "1",
    "product": "Private Passenger",
    "stateAbbreviation": "CA",
    "policyID": "104228844714001",
    "version": "6",
    "changeNumber": "2",
    "nameInsured": "Beltran, Manuel J",
    "homePhone": "(310) 606-0592",
    "workPhone": null,
    "email": null,
    "effectiveDate": "02/08/2017",
    "expirationDate": null,
    "cancelDate": "08/02/2017",
    "cancelSourceCode": "NONPAY",
    "companyNumber": "60",
    "rateDate": "02/08/2017",
    "producerNumber": null,
    "versionStatus": "Cancel Pending",
    "versionType": "Renewal",
    "quotedDownPayment": "154.8",
    "policyTerm": "12",
    "payPlan": "12-PayRNDB",
    "writtenPremium": "1367",
    "feeAmount": "63.52",
    "writtenPremiumWFees": "1430.52",
    "billedAmount": "1174.10",
    "billedFeeAmount": "63.52",
    "totalBilledAmount": "1237.62",
    "yetToBeBilledAmount": "192.90",
    "receiptAmount": "521.82",
    "currentDueAmount": "715.80",
    "remainBalanceAmount": "908.70",
    "writeOffAmount": "0.00",
    "lastActivityAmount": "06/23/2017",
    "lastBilledDate": "06/23/2017"
  },
  {
    "agencyCode": "26892",
    "owner": "NSA_CA.",
    "productNumber": "1",
    "product": "Private Passenger",
    "stateAbbreviation": "CA",
    "policyID": "104402815753001",
    "version": "5",
    "changeNumber": "2",
    "nameInsured": "BOLDEN, SHIRLEY MAE",
    "homePhone": "(323) 751-6874",
    "workPhone": "(323) 778-6472",
    "email": null,
    "effectiveDate": "10/30/2016",
    "expirationDate": null,
    "cancelDate": "08/02/2017",
    "cancelSourceCode": "NONPAY",
    "companyNumber": "60",
    "rateDate": "10/30/2016",
    "producerNumber": null,
    "versionStatus": "Cancel Pending",
    "versionType": "Renewal",
    "quotedDownPayment": "92.9",
    "policyTerm": "12",
    "payPlan": "12-PayRNDB",
    "writtenPremium": "854",
    "feeAmount": "101.76",
    "writtenPremiumWFees": "955.76",
    "billedAmount": "1215.76",
    "billedFeeAmount": "101.76",
    "totalBilledAmount": "1317.52",
    "yetToBeBilledAmount": "-361.76",
    "receiptAmount": "578.91",
    "currentDueAmount": "376.85",
    "remainBalanceAmount": "376.85",
    "writeOffAmount": "0.00",
    "lastActivityAmount": "06/23/2017",
    "lastBilledDate": "06/23/2017"
  },
  {
    "agencyCode": "26892",
    "owner": "NSA_CA.",
    "productNumber": "1",
    "product": "Private Passenger",
    "stateAbbreviation": "CA",
    "policyID": "104405715677001",
    "version": "6",
    "changeNumber": "3",
    "nameInsured": "Lee, Angela Dianne",
    "homePhone": "(310) 351-4573",
    "workPhone": "(310) 516-0100",
    "email": null,
    "effectiveDate": "12/13/2016",
    "expirationDate": null,
    "cancelDate": "08/02/2017",
    "cancelSourceCode": "NONPAY",
    "companyNumber": "63",
    "rateDate": "12/13/2016",
    "producerNumber": null,
    "versionStatus": "Cancel Pending",
    "versionType": "Renewal",
    "quotedDownPayment": "118.22",
    "policyTerm": "12",
    "payPlan": "12PayRNEFT",
    "writtenPremium": "1898",
    "feeAmount": "76.52",
    "writtenPremiumWFees": "1974.52",
    "billedAmount": "2042.02",
    "billedFeeAmount": "76.52",
    "totalBilledAmount": "2118.54",
    "yetToBeBilledAmount": "-144.02",
    "receiptAmount": "844.52",
    "currentDueAmount": "1130.00",
    "remainBalanceAmount": "1130.00",
    "writeOffAmount": "0.00",
    "lastActivityAmount": "08/29/2017",
    "lastBilledDate": "08/29/2017"
  },
  {
    "agencyCode": "26892",
    "owner": "NSA_CA.",
    "productNumber": "1",
    "product": "Private Passenger",
    "stateAbbreviation": "CA",
    "policyID": "104449132683001",
    "version": "5",
    "changeNumber": "6",
    "nameInsured": "Godbold, Willie",
    "homePhone": "(323) 778-7872",
    "workPhone": null,
    "email": "sirwilliegodbold@att.net",
    "effectiveDate": "09/03/2016",
    "expirationDate": null,
    "cancelDate": "08/02/2017",
    "cancelSourceCode": "NONPAY",
    "companyNumber": "60",
    "rateDate": "09/03/2016",
    "producerNumber": "10460",
    "versionStatus": "Cancel Pending",
    "versionType": "Renewal",
    "quotedDownPayment": "156.14",
    "policyTerm": "12",
    "payPlan": "12-Pay REN",
    "writtenPremium": "1532",
    "feeAmount": "140.52",
    "writtenPremiumWFees": "1672.52",
    "billedAmount": "2683.59",
    "billedFeeAmount": "140.52",
    "totalBilledAmount": "2824.11",
    "yetToBeBilledAmount": "-1151.59",
    "receiptAmount": "1269.51",
    "currentDueAmount": "403.01",
    "remainBalanceAmount": "403.01",
    "writeOffAmount": "0.00",
    "lastActivityAmount": "06/23/2017",
    "lastBilledDate": "06/23/2017"
  },
  {
    "agencyCode": "26892",
    "owner": "NSA_CA.",
    "productNumber": "1",
    "product": "Private Passenger",
    "stateAbbreviation": "CA",
    "policyID": "104450551676001",
    "version": "6",
    "changeNumber": "2",
    "nameInsured": "Robinson, Meaza Solomon",
    "homePhone": "(310) 945-7673",
    "workPhone": null,
    "email": null,
    "effectiveDate": "04/17/2017",
    "expirationDate": null,
    "cancelDate": "08/02/2017",
    "cancelSourceCode": "NONPAY",
    "companyNumber": "60",
    "rateDate": "04/17/2017",
    "producerNumber": null,
    "versionStatus": "Cancel Pending",
    "versionType": "Renewal",
    "quotedDownPayment": "64.49",
    "policyTerm": "12",
    "payPlan": "12-PayRNDB",
    "writtenPremium": "492",
    "feeAmount": "41.76",
    "writtenPremiumWFees": "533.76",
    "billedAmount": "231.54",
    "billedFeeAmount": "41.76",
    "totalBilledAmount": "273.30",
    "yetToBeBilledAmount": "260.46",
    "receiptAmount": "138.25",
    "currentDueAmount": "135.05",
    "remainBalanceAmount": "395.51",
    "writeOffAmount": "0.00",
    "lastActivityAmount": "08/29/2017",
    "lastBilledDate": "06/23/2017"
  },
  {
    "agencyCode": "26892",
    "owner": "NSA_CA.",
    "productNumber": "1",
    "product": "Private Passenger",
    "stateAbbreviation": "CA",
    "policyID": "104459623039001",
    "version": "6",
    "changeNumber": "2",
    "nameInsured": "Broome, Mary",
    "homePhone": "(562) 272-8504",
    "workPhone": "(323) 756-9114",
    "email": null,
    "effectiveDate": "04/27/2017",
    "expirationDate": null,
    "cancelDate": "08/02/2017",
    "cancelSourceCode": "NONPAY",
    "companyNumber": "60",
    "rateDate": "04/27/2017",
    "producerNumber": null,
    "versionStatus": "Cancel Pending",
    "versionType": "Renewal",
    "quotedDownPayment": "143.13",
    "policyTerm": "12",
    "payPlan": "12PayRNEFT",
    "writtenPremium": "1457",
    "feeAmount": "33.76",
    "writtenPremiumWFees": "1490.76",
    "billedAmount": "624.83",
    "billedFeeAmount": "33.76",
    "totalBilledAmount": "658.59",
    "yetToBeBilledAmount": "832.17",
    "receiptAmount": "143.13",
    "currentDueAmount": "515.46",
    "remainBalanceAmount": "1347.63",
    "writeOffAmount": "0.00",
    "lastActivityAmount": "06/23/2017",
    "lastBilledDate": "08/11/2017"
  },
  {
    "agencyCode": "26892",
    "owner": "NSA_CA.",
    "productNumber": "1",
    "product": "Private Passenger",
    "stateAbbreviation": "CA",
    "policyID": "104465700591001",
    "version": "6",
    "changeNumber": "3",
    "nameInsured": "Mccall, Dionne Dannille",
    "homePhone": "(323) 316-8965",
    "workPhone": null,
    "email": null,
    "effectiveDate": "12/31/2016",
    "expirationDate": null,
    "cancelDate": "08/02/2017",
    "cancelSourceCode": "NONPAY",
    "companyNumber": "63",
    "rateDate": "12/31/2016",
    "producerNumber": "10463",
    "versionStatus": "Cancel Pending",
    "versionType": "Renewal",
    "quotedDownPayment": "159.54",
    "policyTerm": "12",
    "payPlan": "12PayRNEFT",
    "writtenPremium": "1466",
    "feeAmount": "62.76",
    "writtenPremiumWFees": "1528.76",
    "billedAmount": "1613.69",
    "billedFeeAmount": "62.76",
    "totalBilledAmount": "1676.45",
    "yetToBeBilledAmount": "-147.69",
    "receiptAmount": "780.54",
    "currentDueAmount": "748.22",
    "remainBalanceAmount": "748.22",
    "writeOffAmount": "0.00",
    "lastActivityAmount": "08/29/2017",
    "lastBilledDate": "06/23/2017"
  },
  {
    "agencyCode": "26892",
    "owner": "NSA_CA.",
    "productNumber": "1",
    "product": "Private Passenger",
    "stateAbbreviation": "CA",
    "policyID": "104500006198001",
    "version": "5",
    "changeNumber": "4",
    "nameInsured": "Grandy, Tonya Renee Avery",
    "homePhone": "(424) 702-5258",
    "workPhone": null,
    "email": null,
    "effectiveDate": "12/02/2016",
    "expirationDate": null,
    "cancelDate": "08/02/2017",
    "cancelSourceCode": "NONPAY",
    "companyNumber": "63",
    "rateDate": "12/02/2016",
    "producerNumber": "10463",
    "versionStatus": "Cancel Pending",
    "versionType": "Renewal",
    "quotedDownPayment": "196.95",
    "policyTerm": "12",
    "payPlan": "12-PayRNDB",
    "writtenPremium": "1863",
    "feeAmount": "117.76",
    "writtenPremiumWFees": "1980.76",
    "billedAmount": "2343.92",
    "billedFeeAmount": "117.76",
    "totalBilledAmount": "2461.68",
    "yetToBeBilledAmount": "-480.92",
    "receiptAmount": "1029.25",
    "currentDueAmount": "951.51",
    "remainBalanceAmount": "951.51",
    "writeOffAmount": "0.00",
    "lastActivityAmount": "06/23/2017",
    "lastBilledDate": "06/23/2017"
  },
  {
    "agencyCode": "26892",
    "owner": "NSA_CA.",
    "productNumber": "1",
    "product": "Private Passenger",
    "stateAbbreviation": "CA",
    "policyID": "104536879413001",
    "version": "7",
    "changeNumber": "2",
    "nameInsured": "WYATT, WILLIE DALE",
    "homePhone": "(323) 758-1932",
    "workPhone": null,
    "email": null,
    "effectiveDate": "04/28/2017",
    "expirationDate": null,
    "cancelDate": "08/02/2017",
    "cancelSourceCode": "NONPAY",
    "companyNumber": "60",
    "rateDate": "04/28/2017",
    "producerNumber": null,
    "versionStatus": "Cancel Pending",
    "versionType": "Renewal",
    "quotedDownPayment": "99.57",
    "policyTerm": "12",
    "payPlan": "12-PayRNDB",
    "writtenPremium": "859",
    "feeAmount": "43.52",
    "writtenPremiumWFees": "902.52",
    "billedAmount": "399.61",
    "billedFeeAmount": "43.52",
    "totalBilledAmount": "443.13",
    "yetToBeBilledAmount": "459.39",
    "receiptAmount": "152.57",
    "currentDueAmount": "290.56",
    "remainBalanceAmount": "749.95",
    "writeOffAmount": "0.00",
    "lastActivityAmount": "08/29/2017",
    "lastBilledDate": "06/23/2017"
  },
  {
    "agencyCode": "26892",
    "owner": "NSA_CA.",
    "productNumber": "1",
    "product": "Private Passenger",
    "stateAbbreviation": "CA",
    "policyID": "104537375854001",
    "version": "5",
    "changeNumber": "6",
    "nameInsured": "TAYLOR, LAKESHA MICHELLE",
    "homePhone": "(323) 754-8781",
    "workPhone": "(562) 423-0099",
    "email": null,
    "effectiveDate": "11/23/2016",
    "expirationDate": null,
    "cancelDate": "08/02/2017",
    "cancelSourceCode": "NONPAY",
    "companyNumber": "60",
    "rateDate": "11/23/2016",
    "producerNumber": null,
    "versionStatus": "Cancel Pending",
    "versionType": "Renewal",
    "quotedDownPayment": "81.24",
    "policyTerm": "12",
    "payPlan": "12-PayRNDB",
    "writtenPremium": "2156",
    "feeAmount": "105.28",
    "writtenPremiumWFees": "2261.28",
    "billedAmount": "2560.64",
    "billedFeeAmount": "111.28",
    "totalBilledAmount": "2671.92",
    "yetToBeBilledAmount": "-410.64",
    "receiptAmount": "1077.68",
    "currentDueAmount": "1183.60",
    "remainBalanceAmount": "1183.60",
    "writeOffAmount": "0.00",
    "lastActivityAmount": "08/29/2017",
    "lastBilledDate": "06/23/2017"
  },
  {
    "agencyCode": "26892",
    "owner": "NSA_CA.",
    "productNumber": "1",
    "product": "Private Passenger",
    "stateAbbreviation": "CA",
    "policyID": "104537431834001",
    "version": "6",
    "changeNumber": "2",
    "nameInsured": "QUINTANA, WENDY",
    "homePhone": "(323)359-8364",
    "workPhone": "(323)965-6052",
    "email": null,
    "effectiveDate": "02/06/2017",
    "expirationDate": null,
    "cancelDate": "08/02/2017",
    "cancelSourceCode": "NONPAY",
    "companyNumber": "60",
    "rateDate": "02/06/2017",
    "producerNumber": null,
    "versionStatus": "Cancel Pending",
    "versionType": "Renewal",
    "quotedDownPayment": "184.37",
    "policyTerm": "12",
    "payPlan": "12PayRNEFT",
    "writtenPremium": "1770",
    "feeAmount": "52.52",
    "writtenPremiumWFees": "1822.52",
    "billedAmount": "1574.66",
    "billedFeeAmount": "52.52",
    "totalBilledAmount": "1627.18",
    "yetToBeBilledAmount": "195.34",
    "receiptAmount": "693.16",
    "currentDueAmount": "934.02",
    "remainBalanceAmount": "1129.36",
    "writeOffAmount": "0.00",
    "lastActivityAmount": "08/29/2017",
    "lastBilledDate": "06/23/2017"
  },
  {
    "agencyCode": "26892",
    "owner": "NSA_CA.",
    "productNumber": "1",
    "product": "Private Passenger",
    "stateAbbreviation": "CA",
    "policyID": "104537493408001",
    "version": "6",
    "changeNumber": "2",
    "nameInsured": "JOHNSON, DONEKA SINAE",
    "homePhone": "(310) 537-1610",
    "workPhone": "(323) 357-6930",
    "email": null,
    "effectiveDate": "04/26/2017",
    "expirationDate": null,
    "cancelDate": "08/02/2017",
    "cancelSourceCode": "NONPAY",
    "companyNumber": "60",
    "rateDate": "04/26/2017",
    "producerNumber": null,
    "versionStatus": "Cancel Pending",
    "versionType": "Renewal",
    "quotedDownPayment": "130.48",
    "policyTerm": "12",
    "payPlan": "12PayRNEFT",
    "writtenPremium": "1212",
    "feeAmount": "35.52",
    "writtenPremiumWFees": "1247.52",
    "billedAmount": "554.19",
    "billedFeeAmount": "35.52",
    "totalBilledAmount": "589.71",
    "yetToBeBilledAmount": "657.81",
    "receiptAmount": "207.48",
    "currentDueAmount": "382.23",
    "remainBalanceAmount": "1040.04",
    "writeOffAmount": "0.00",
    "lastActivityAmount": "08/29/2017",
    "lastBilledDate": "06/23/2017"
  },
  {
    "agencyCode": "26892",
    "owner": "NSA_CA.",
    "productNumber": "1",
    "product": "Private Passenger",
    "stateAbbreviation": "CA",
    "policyID": "104538006162001",
    "version": "5",
    "changeNumber": "2",
    "nameInsured": "CHOLICO CASILLAS, MARTIN HUMBERT",
    "homePhone": "(310) 412-0739",
    "workPhone": "(310) 450-6556",
    "email": null,
    "effectiveDate": "10/15/2016",
    "expirationDate": null,
    "cancelDate": "08/02/2017",
    "cancelSourceCode": "NONPAY",
    "companyNumber": "60",
    "rateDate": "10/15/2016",
    "producerNumber": null,
    "versionStatus": "Cancel Pending",
    "versionType": "Renewal",
    "quotedDownPayment": "178.73",
    "policyTerm": "12",
    "payPlan": "12-PayRNDB",
    "writtenPremium": "1668",
    "feeAmount": "107.04",
    "writtenPremiumWFees": "1775.04",
    "billedAmount": "2378.49",
    "billedFeeAmount": "107.04",
    "totalBilledAmount": "2485.53",
    "yetToBeBilledAmount": "-710.49",
    "receiptAmount": "1213.68",
    "currentDueAmount": "561.36",
    "remainBalanceAmount": "561.36",
    "writeOffAmount": "0.00",
    "lastActivityAmount": "06/23/2017",
    "lastBilledDate": "06/23/2017"
  },
  {
    "agencyCode": "26892",
    "owner": "NSA_CA.",
    "productNumber": "1",
    "product": "Private Passenger",
    "stateAbbreviation": "CA",
    "policyID": "104538405737001",
    "version": "7",
    "changeNumber": "2",
    "nameInsured": "Stevens, John Albert Jr",
    "homePhone": "(323) 849-7369",
    "workPhone": null,
    "email": null,
    "effectiveDate": "01/24/2017",
    "expirationDate": null,
    "cancelDate": "08/02/2017",
    "cancelSourceCode": "NONPAY",
    "companyNumber": "60",
    "rateDate": "01/24/2017",
    "producerNumber": null,
    "versionStatus": "Cancel Pending",
    "versionType": "Renewal",
    "quotedDownPayment": "113.97",
    "policyTerm": "12",
    "payPlan": "12-PayRNDB",
    "writtenPremium": "1008",
    "feeAmount": "61.76",
    "writtenPremiumWFees": "1069.76",
    "billedAmount": "1026.62",
    "billedFeeAmount": "61.76",
    "totalBilledAmount": "1088.38",
    "yetToBeBilledAmount": "-18.62",
    "receiptAmount": "513.01",
    "currentDueAmount": "556.75",
    "remainBalanceAmount": "556.75",
    "writeOffAmount": "0.00",
    "lastActivityAmount": "08/29/2017",
    "lastBilledDate": "07/21/2017"
  },
  {
    "agencyCode": "26892",
    "owner": "NSA_CA.",
    "productNumber": "1",
    "product": "Private Passenger",
    "stateAbbreviation": "CA",
    "policyID": "104538640603001",
    "version": "6",
    "changeNumber": "2",
    "nameInsured": "FUENTES, IRMA",
    "homePhone": "(310) 971-1065",
    "workPhone": "(310) 215-4555",
    "email": null,
    "effectiveDate": "12/14/2016",
    "expirationDate": null,
    "cancelDate": "08/02/2017",
    "cancelSourceCode": "NONPAY",
    "companyNumber": "60",
    "rateDate": "12/14/2016",
    "producerNumber": null,
    "versionStatus": "Cancel Pending",
    "versionType": "Renewal",
    "quotedDownPayment": "126.65",
    "policyTerm": "12",
    "payPlan": "12-PayRNDB",
    "writtenPremium": "1213",
    "feeAmount": "89.52",
    "writtenPremiumWFees": "1302.52",
    "billedAmount": "1351.83",
    "billedFeeAmount": "89.52",
    "totalBilledAmount": "1441.35",
    "yetToBeBilledAmount": "-138.83",
    "receiptAmount": "691.00",
    "currentDueAmount": "611.52",
    "remainBalanceAmount": "611.52",
    "writeOffAmount": "0.00",
    "lastActivityAmount": "08/29/2017",
    "lastBilledDate": "06/23/2017"
  },
  {
    "agencyCode": "26892",
    "owner": "NSA_CA.",
    "productNumber": "1",
    "product": "Private Passenger",
    "stateAbbreviation": "CA",
    "policyID": "104538925481001",
    "version": "5",
    "changeNumber": "8",
    "nameInsured": "Smith, Eddie Leroy",
    "homePhone": "(310) 469-3263",
    "workPhone": null,
    "email": null,
    "effectiveDate": "01/21/2017",
    "expirationDate": null,
    "cancelDate": "08/02/2017",
    "cancelSourceCode": "NONPAY",
    "companyNumber": "60",
    "rateDate": "01/21/2017",
    "producerNumber": "10460",
    "versionStatus": "Cancel Pending",
    "versionType": "Renewal",
    "quotedDownPayment": "81.5",
    "policyTerm": "12",
    "payPlan": "12-Pay REN",
    "writtenPremium": "696",
    "feeAmount": "101.52",
    "writtenPremiumWFees": "797.52",
    "billedAmount": "650.84",
    "billedFeeAmount": "101.52",
    "totalBilledAmount": "752.36",
    "yetToBeBilledAmount": "45.16",
    "receiptAmount": "370.77",
    "currentDueAmount": "381.59",
    "remainBalanceAmount": "426.75",
    "writeOffAmount": "0.00",
    "lastActivityAmount": "11/08/2018",
    "lastBilledDate": "06/23/2017"
  },
  {
    "agencyCode": "26892",
    "owner": "NSA_CA.",
    "productNumber": "1",
    "product": "Private Passenger",
    "stateAbbreviation": "CA",
    "policyID": "104540585880001",
    "version": "6",
    "changeNumber": "2",
    "nameInsured": "SINHA, TONY",
    "homePhone": "(310) 677-6158",
    "workPhone": "(310) 671-0555",
    "email": null,
    "effectiveDate": "03/26/2017",
    "expirationDate": null,
    "cancelDate": "08/02/2017",
    "cancelSourceCode": "NONPAY",
    "companyNumber": "60",
    "rateDate": "03/26/2017",
    "producerNumber": null,
    "versionStatus": "Cancel Pending",
    "versionType": "Renewal",
    "quotedDownPayment": "212.72",
    "policyTerm": "12",
    "payPlan": "12-PayRNDB",
    "writtenPremium": "1004",
    "feeAmount": "51.76",
    "writtenPremiumWFees": "1055.76",
    "billedAmount": "822.34",
    "billedFeeAmount": "51.76",
    "totalBilledAmount": "874.10",
    "yetToBeBilledAmount": "181.66",
    "receiptAmount": "350.64",
    "currentDueAmount": "523.46",
    "remainBalanceAmount": "705.12",
    "writeOffAmount": "0.00",
    "lastActivityAmount": "08/29/2017",
    "lastBilledDate": "06/23/2017"
  },
  {
    "agencyCode": "26892",
    "owner": "NSA_CA.",
    "productNumber": "1",
    "product": "Private Passenger",
    "stateAbbreviation": "CA",
    "policyID": "104540732407001",
    "version": "6",
    "changeNumber": "8",
    "nameInsured": "MCGOWAN, SHAMEKA DENISE",
    "homePhone": "(562) 804-9339",
    "workPhone": "(310) 695-4629",
    "email": null,
    "effectiveDate": "11/07/2016",
    "expirationDate": null,
    "cancelDate": "08/02/2017",
    "cancelSourceCode": "NONPAY",
    "companyNumber": "60",
    "rateDate": "11/07/2016",
    "producerNumber": null,
    "versionStatus": "Cancel Pending",
    "versionType": "Renewal",
    "quotedDownPayment": "116.64",
    "policyTerm": "12",
    "payPlan": "12-Pay REN",
    "writtenPremium": "1620",
    "feeAmount": "110.52",
    "writtenPremiumWFees": "1730.52",
    "billedAmount": "2118.58",
    "billedFeeAmount": "110.52",
    "totalBilledAmount": "2229.10",
    "yetToBeBilledAmount": "-498.58",
    "receiptAmount": "1000.92",
    "currentDueAmount": "729.60",
    "remainBalanceAmount": "729.60",
    "writeOffAmount": "0.00",
    "lastActivityAmount": "08/29/2017",
    "lastBilledDate": "07/21/2017"
  },
  {
    "agencyCode": "26892",
    "owner": "NSA_CA.",
    "productNumber": "1",
    "product": "Private Passenger",
    "stateAbbreviation": "CA",
    "policyID": "104568624876001",
    "version": "11",
    "changeNumber": "2",
    "nameInsured": "CASTILLO, SILVIA A & JOSE R",
    "homePhone": "(310) 830-5126",
    "workPhone": "(310) 518-2835",
    "email": null,
    "effectiveDate": "05/15/2017",
    "expirationDate": null,
    "cancelDate": "08/02/2017",
    "cancelSourceCode": "NONPAY",
    "companyNumber": "60",
    "rateDate": "05/15/2017",
    "producerNumber": null,
    "versionStatus": "Cancel Pending",
    "versionType": "Renewal",
    "quotedDownPayment": "156.62",
    "policyTerm": "6",
    "payPlan": "6-Pay RNDB",
    "writtenPremium": "689",
    "feeAmount": "51.76",
    "writtenPremiumWFees": "740.76",
    "billedAmount": "377.96",
    "billedFeeAmount": "51.76",
    "totalBilledAmount": "429.72",
    "yetToBeBilledAmount": "311.04",
    "receiptAmount": "251.62",
    "currentDueAmount": "178.10",
    "remainBalanceAmount": "489.14",
    "writeOffAmount": "0.00",
    "lastActivityAmount": "08/29/2017",
    "lastBilledDate": "06/23/2017"
  },
  {
    "agencyCode": "26892",
    "owner": "NSA_CA.",
    "productNumber": "1",
    "product": "Private Passenger",
    "stateAbbreviation": "CA",
    "policyID": "104568979983001",
    "version": "6",
    "changeNumber": "2",
    "nameInsured": "Bandilla, Roberto Navarrete",
    "homePhone": "(310) 674-1904",
    "workPhone": null,
    "email": null,
    "effectiveDate": "04/17/2017",
    "expirationDate": null,
    "cancelDate": "08/02/2017",
    "cancelSourceCode": "NONPAY",
    "companyNumber": "60",
    "rateDate": "04/17/2017",
    "producerNumber": null,
    "versionStatus": "Cancel Pending",
    "versionType": "Renewal",
    "quotedDownPayment": "142.56",
    "policyTerm": "12",
    "payPlan": "12-PayRNDB",
    "writtenPremium": "1429",
    "feeAmount": "43.52",
    "writtenPremiumWFees": "1472.52",
    "billedAmount": "614.59",
    "billedFeeAmount": "43.52",
    "totalBilledAmount": "658.11",
    "yetToBeBilledAmount": "814.41",
    "receiptAmount": "271.65",
    "currentDueAmount": "386.46",
    "remainBalanceAmount": "1200.87",
    "writeOffAmount": "0.00",
    "lastActivityAmount": "06/23/2017",
    "lastBilledDate": "06/23/2017"
  },
  {
    "agencyCode": "26892",
    "owner": "NSA_CA.",
    "productNumber": "1",
    "product": "Private Passenger",
    "stateAbbreviation": "CA",
    "policyID": "104569548103001",
    "version": "6",
    "changeNumber": "2",
    "nameInsured": "Miranda De Estrada, Telma Yolanda",
    "homePhone": "(323) 242-9982",
    "workPhone": "(310) 258-3317",
    "email": null,
    "effectiveDate": "01/28/2017",
    "expirationDate": null,
    "cancelDate": "08/02/2017",
    "cancelSourceCode": "NONPAY",
    "companyNumber": "60",
    "rateDate": "01/28/2017",
    "producerNumber": null,
    "versionStatus": "Cancel Pending",
    "versionType": "Renewal",
    "quotedDownPayment": "240.86",
    "policyTerm": "12",
    "payPlan": "12-PayRNDB",
    "writtenPremium": "2317",
    "feeAmount": "80.28",
    "writtenPremiumWFees": "2397.28",
    "billedAmount": "2333.78",
    "billedFeeAmount": "80.28",
    "totalBilledAmount": "2414.06",
    "yetToBeBilledAmount": "-16.78",
    "receiptAmount": "961.90",
    "currentDueAmount": "1435.38",
    "remainBalanceAmount": "1435.38",
    "writeOffAmount": "0.00",
    "lastActivityAmount": "08/29/2017",
    "lastBilledDate": "06/23/2017"
  },
  {
    "agencyCode": "26892",
    "owner": "NSA_CA.",
    "productNumber": "1",
    "product": "Private Passenger",
    "stateAbbreviation": "CA",
    "policyID": "104569610172001",
    "version": "6",
    "changeNumber": "3",
    "nameInsured": "Martinez, Manuel Dejesus Jr",
    "homePhone": "(310) 673-1325",
    "workPhone": "(323) 234-1074",
    "email": null,
    "effectiveDate": "01/03/2017",
    "expirationDate": null,
    "cancelDate": "08/02/2017",
    "cancelSourceCode": "NONPAY",
    "companyNumber": "60",
    "rateDate": "01/03/2017",
    "producerNumber": null,
    "versionStatus": "Cancel Pending",
    "versionType": "Renewal",
    "quotedDownPayment": "301.59",
    "policyTerm": "12",
    "payPlan": "12-PayRNDB",
    "writtenPremium": "4561",
    "feeAmount": "102.04",
    "writtenPremiumWFees": "4663.04",
    "billedAmount": "4851.83",
    "billedFeeAmount": "102.04",
    "totalBilledAmount": "4953.87",
    "yetToBeBilledAmount": "-290.83",
    "receiptAmount": "2213.50",
    "currentDueAmount": "2449.54",
    "remainBalanceAmount": "2449.54",
    "writeOffAmount": "0.00",
    "lastActivityAmount": "08/29/2017",
    "lastBilledDate": "08/11/2017"
  },
  {
    "agencyCode": "26892",
    "owner": "NSA_CA.",
    "productNumber": "1",
    "product": "Private Passenger",
    "stateAbbreviation": "CA",
    "policyID": "104570010588001",
    "version": "6",
    "changeNumber": "2",
    "nameInsured": "Tapia, Marixa",
    "homePhone": "(310) 503-2418",
    "workPhone": null,
    "email": null,
    "effectiveDate": "04/23/2017",
    "expirationDate": null,
    "cancelDate": "08/02/2017",
    "cancelSourceCode": "NONPAY",
    "companyNumber": "60",
    "rateDate": "04/23/2017",
    "producerNumber": "10460",
    "versionStatus": "Cancel Pending",
    "versionType": "Renewal",
    "quotedDownPayment": "119.65",
    "policyTerm": "12",
    "payPlan": "12PayRNEFT",
    "writtenPremium": "1150",
    "feeAmount": "35.52",
    "writtenPremiumWFees": "1185.52",
    "billedAmount": "588.33",
    "billedFeeAmount": "15.52",
    "totalBilledAmount": "603.85",
    "yetToBeBilledAmount": "581.67",
    "receiptAmount": "174.65",
    "currentDueAmount": "429.20",
    "remainBalanceAmount": "1010.87",
    "writeOffAmount": "0.00",
    "lastActivityAmount": "08/29/2017",
    "lastBilledDate": "08/29/2017"
  },
  {
    "agencyCode": "26892",
    "owner": "NSA_CA.",
    "productNumber": "1",
    "product": "Private Passenger",
    "stateAbbreviation": "CA",
    "policyID": "104579010084001",
    "version": "6",
    "changeNumber": "3",
    "nameInsured": "CUEVA, NOEMI",
    "homePhone": "(310) 365-1237",
    "workPhone": "(310)751-5414",
    "email": null,
    "effectiveDate": "01/03/2017",
    "expirationDate": null,
    "cancelDate": "08/02/2017",
    "cancelSourceCode": "NONPAY",
    "companyNumber": "60",
    "rateDate": "01/03/2017",
    "producerNumber": null,
    "versionStatus": "Cancel Pending",
    "versionType": "Renewal",
    "quotedDownPayment": "222.44",
    "policyTerm": "12",
    "payPlan": "12-PayRNDB",
    "writtenPremium": "3398",
    "feeAmount": "100.28",
    "writtenPremiumWFees": "3498.28",
    "billedAmount": "3749.21",
    "billedFeeAmount": "100.28",
    "totalBilledAmount": "3849.49",
    "yetToBeBilledAmount": "-351.21",
    "receiptAmount": "1430.64",
    "currentDueAmount": "2067.64",
    "remainBalanceAmount": "2067.64",
    "writeOffAmount": "0.00",
    "lastActivityAmount": "08/29/2017",
    "lastBilledDate": "06/23/2017"
  },
  {
    "agencyCode": "26892",
    "owner": "NSA_CA.",
    "productNumber": "1",
    "product": "Private Passenger",
    "stateAbbreviation": "CA",
    "policyID": "104579086193001",
    "version": "7",
    "changeNumber": "3",
    "nameInsured": "COOK, JERRY LOU",
    "homePhone": "(323) 971-2009",
    "workPhone": null,
    "email": null,
    "effectiveDate": "04/05/2017",
    "expirationDate": null,
    "cancelDate": "08/02/2017",
    "cancelSourceCode": "NONPAY",
    "companyNumber": "60",
    "rateDate": "04/05/2017",
    "producerNumber": null,
    "versionStatus": "Cancel Pending",
    "versionType": "Renewal",
    "quotedDownPayment": "133.81",
    "policyTerm": "12",
    "payPlan": "12PayRNEFT",
    "writtenPremium": "1156",
    "feeAmount": "40.52",
    "writtenPremiumWFees": "1196.52",
    "billedAmount": "617.96",
    "billedFeeAmount": "40.52",
    "totalBilledAmount": "658.48",
    "yetToBeBilledAmount": "538.04",
    "receiptAmount": "262.88",
    "currentDueAmount": "395.60",
    "remainBalanceAmount": "933.64",
    "writeOffAmount": "0.00",
    "lastActivityAmount": "08/29/2017",
    "lastBilledDate": "06/23/2017"
  },
  {
    "agencyCode": "26892",
    "owner": "NSA_CA.",
    "productNumber": "1",
    "product": "Private Passenger",
    "stateAbbreviation": "CA",
    "policyID": "104579447644001",
    "version": "6",
    "changeNumber": "10",
    "nameInsured": "BURBANK, STEPHEN MARTIN",
    "homePhone": "(323) 292-7544",
    "workPhone": "(310) 671-9095",
    "email": null,
    "effectiveDate": "12/01/2016",
    "expirationDate": null,
    "cancelDate": "08/02/2017",
    "cancelSourceCode": "NONPAY",
    "companyNumber": "60",
    "rateDate": "12/01/2016",
    "producerNumber": null,
    "versionStatus": "Cancel Pending",
    "versionType": "Renewal",
    "quotedDownPayment": "103.98",
    "policyTerm": "12",
    "payPlan": "12-Pay REN",
    "writtenPremium": "932",
    "feeAmount": "115.76",
    "writtenPremiumWFees": "1047.76",
    "billedAmount": "1241.67",
    "billedFeeAmount": "115.76",
    "totalBilledAmount": "1357.43",
    "yetToBeBilledAmount": "-309.67",
    "receiptAmount": "583.26",
    "currentDueAmount": "464.50",
    "remainBalanceAmount": "464.50",
    "writeOffAmount": "0.00",
    "lastActivityAmount": "08/29/2017",
    "lastBilledDate": "08/21/2017"
  },
  {
    "agencyCode": "26892",
    "owner": "NSA_CA.",
    "productNumber": "1",
    "product": "Private Passenger",
    "stateAbbreviation": "CA",
    "policyID": "104580383067001",
    "version": "6",
    "changeNumber": "2",
    "nameInsured": "VAUGHN, MONA F",
    "homePhone": "(562) 437-7624",
    "workPhone": "(310) 549-4900",
    "email": null,
    "effectiveDate": "03/10/2017",
    "expirationDate": null,
    "cancelDate": "08/02/2017",
    "cancelSourceCode": "NONPAY",
    "companyNumber": "60",
    "rateDate": "03/10/2017",
    "producerNumber": null,
    "versionStatus": "Cancel Pending",
    "versionType": "Renewal",
    "quotedDownPayment": "106.56",
    "policyTerm": "12",
    "payPlan": "12-Pay REN",
    "writtenPremium": "936",
    "feeAmount": "51.76",
    "writtenPremiumWFees": "987.76",
    "billedAmount": "647.78",
    "billedFeeAmount": "51.76",
    "totalBilledAmount": "699.54",
    "yetToBeBilledAmount": "288.22",
    "receiptAmount": "286.24",
    "currentDueAmount": "413.30",
    "remainBalanceAmount": "701.52",
    "writeOffAmount": "0.00",
    "lastActivityAmount": "06/23/2017",
    "lastBilledDate": "06/23/2017"
  },
  {
    "agencyCode": "26892",
    "owner": "NSA_CA.",
    "productNumber": "1",
    "product": "Private Passenger",
    "stateAbbreviation": "CA",
    "policyID": "104581120117001",
    "version": "6",
    "changeNumber": "3",
    "nameInsured": "DIEGO, NORMA",
    "homePhone": "(310) 502-9609",
    "workPhone": "(310)814-2109",
    "email": "norma.diego@yahoo.com",
    "effectiveDate": "12/24/2016",
    "expirationDate": null,
    "cancelDate": "08/02/2017",
    "cancelSourceCode": "NONPAY",
    "companyNumber": "60",
    "rateDate": "12/24/2016",
    "producerNumber": null,
    "versionStatus": "Cancel Pending",
    "versionType": "Renewal",
    "quotedDownPayment": "173.8",
    "policyTerm": "12",
    "payPlan": "12-PayRNDB",
    "writtenPremium": "1816",
    "feeAmount": "110.28",
    "writtenPremiumWFees": "1926.28",
    "billedAmount": "2154.08",
    "billedFeeAmount": "110.28",
    "totalBilledAmount": "2264.36",
    "yetToBeBilledAmount": "-338.08",
    "receiptAmount": "1124.26",
    "currentDueAmount": "802.02",
    "remainBalanceAmount": "802.02",
    "writeOffAmount": "0.00",
    "lastActivityAmount": "08/29/2017",
    "lastBilledDate": "06/23/2017"
  },
  {
    "agencyCode": "26892",
    "owner": "NSA_CA.",
    "productNumber": "1",
    "product": "Private Passenger",
    "stateAbbreviation": "CA",
    "policyID": "104581972444001",
    "version": "6",
    "changeNumber": "2",
    "nameInsured": "Brown, Patricia Ann",
    "homePhone": "(213) 308-7230",
    "workPhone": "(213) 974-3580",
    "email": null,
    "effectiveDate": "05/05/2017",
    "expirationDate": null,
    "cancelDate": "08/02/2017",
    "cancelSourceCode": "NONPAY",
    "companyNumber": "60",
    "rateDate": "05/05/2017",
    "producerNumber": null,
    "versionStatus": "Cancel Pending",
    "versionType": "Renewal",
    "quotedDownPayment": "100.56",
    "policyTerm": "12",
    "payPlan": "12PayRNEFT",
    "writtenPremium": "910",
    "feeAmount": "27.76",
    "writtenPremiumWFees": "937.76",
    "billedAmount": "333.08",
    "billedFeeAmount": "27.76",
    "totalBilledAmount": "360.84",
    "yetToBeBilledAmount": "576.92",
    "receiptAmount": "136.56",
    "currentDueAmount": "224.28",
    "remainBalanceAmount": "801.20",
    "writeOffAmount": "0.00",
    "lastActivityAmount": "08/29/2017",
    "lastBilledDate": "06/23/2017"
  },
  {
    "agencyCode": "26892",
    "owner": "NSA_CA.",
    "productNumber": "1",
    "product": "Private Passenger",
    "stateAbbreviation": "CA",
    "policyID": "104582173490001",
    "version": "6",
    "changeNumber": "2",
    "nameInsured": "JENNINGS, RENEE LORENA",
    "homePhone": "(323) 296-7930",
    "workPhone": "(323) 730-3206",
    "email": null,
    "effectiveDate": "03/12/2017",
    "expirationDate": null,
    "cancelDate": "08/02/2017",
    "cancelSourceCode": "NONPAY",
    "companyNumber": "63",
    "rateDate": "03/12/2017",
    "producerNumber": null,
    "versionStatus": "Cancel Pending",
    "versionType": "Renewal",
    "quotedDownPayment": "144.79",
    "policyTerm": "12",
    "payPlan": "12-PayRNDB",
    "writtenPremium": "1477",
    "feeAmount": "51.76",
    "writtenPremiumWFees": "1528.76",
    "billedAmount": "998.44",
    "billedFeeAmount": "51.76",
    "totalBilledAmount": "1050.20",
    "yetToBeBilledAmount": "478.56",
    "receiptAmount": "410.97",
    "currentDueAmount": "639.23",
    "remainBalanceAmount": "1117.79",
    "writeOffAmount": "0.00",
    "lastActivityAmount": "06/23/2017",
    "lastBilledDate": "06/23/2017"
  },
  {
    "agencyCode": "26892",
    "owner": "NSA_CA.",
    "productNumber": "1",
    "product": "Private Passenger",
    "stateAbbreviation": "CA",
    "policyID": "104583082521001",
    "version": "6",
    "changeNumber": "2",
    "nameInsured": "GARCIA, APOLINAR",
    "homePhone": "(310) 946-1591",
    "workPhone": "(310) 823-4522",
    "email": null,
    "effectiveDate": "03/30/2017",
    "expirationDate": null,
    "cancelDate": "08/02/2017",
    "cancelSourceCode": "NONPAY",
    "companyNumber": "60",
    "rateDate": "03/30/2017",
    "producerNumber": null,
    "versionStatus": "Cancel Pending",
    "versionType": "Renewal",
    "quotedDownPayment": "119.15",
    "policyTerm": "12",
    "payPlan": "12PayRNEFT",
    "writtenPremium": "1148",
    "feeAmount": "41.52",
    "writtenPremiumWFees": "1189.52",
    "billedAmount": "686.73",
    "billedFeeAmount": "41.52",
    "totalBilledAmount": "728.25",
    "yetToBeBilledAmount": "461.27",
    "receiptAmount": "220.82",
    "currentDueAmount": "507.43",
    "remainBalanceAmount": "968.70",
    "writeOffAmount": "0.00",
    "lastActivityAmount": "06/23/2017",
    "lastBilledDate": "06/23/2017"
  },
  {
    "agencyCode": "26892",
    "owner": "NSA_CA.",
    "productNumber": "1",
    "product": "Private Passenger",
    "stateAbbreviation": "CA",
    "policyID": "104583130701001",
    "version": "6",
    "changeNumber": "2",
    "nameInsured": "Bell, Angelo Michael",
    "homePhone": "(310) 480-2447",
    "workPhone": null,
    "email": null,
    "effectiveDate": "01/05/2017",
    "expirationDate": null,
    "cancelDate": "08/02/2017",
    "cancelSourceCode": "NONPAY",
    "companyNumber": "60",
    "rateDate": "01/05/2017",
    "producerNumber": null,
    "versionStatus": "Cancel Pending",
    "versionType": "Renewal",
    "quotedDownPayment": "69.57",
    "policyTerm": "12",
    "payPlan": "12-PayRNDB",
    "writtenPremium": "574",
    "feeAmount": "81.76",
    "writtenPremiumWFees": "655.76",
    "billedAmount": "631.74",
    "billedFeeAmount": "81.76",
    "totalBilledAmount": "713.50",
    "yetToBeBilledAmount": "-57.74",
    "receiptAmount": "300.93",
    "currentDueAmount": "354.83",
    "remainBalanceAmount": "354.83",
    "writeOffAmount": "0.00",
    "lastActivityAmount": "06/23/2017",
    "lastBilledDate": "06/23/2017"
  },
  {
    "agencyCode": "26892",
    "owner": "NSA_CA.",
    "productNumber": "1",
    "product": "Private Passenger",
    "stateAbbreviation": "CA",
    "policyID": "104587528084001",
    "version": "7",
    "changeNumber": "3",
    "nameInsured": "MARTINEZ, DANIEL SALAZAR",
    "homePhone": "(323) 348-0521",
    "workPhone": "(310) 417-0258",
    "email": null,
    "effectiveDate": "04/14/2017",
    "expirationDate": null,
    "cancelDate": "08/02/2017",
    "cancelSourceCode": "NONPAY",
    "companyNumber": "63",
    "rateDate": "04/14/2017",
    "producerNumber": null,
    "versionStatus": "Cancel Pending",
    "versionType": "Renewal",
    "quotedDownPayment": "90.32",
    "policyTerm": "12",
    "payPlan": "12-PayRNDB",
    "writtenPremium": "975",
    "feeAmount": "48.52",
    "writtenPremiumWFees": "1023.52",
    "billedAmount": "233.38",
    "billedFeeAmount": "48.52",
    "totalBilledAmount": "281.90",
    "yetToBeBilledAmount": "741.62",
    "receiptAmount": "190.17",
    "currentDueAmount": "91.73",
    "remainBalanceAmount": "833.35",
    "writeOffAmount": "0.00",
    "lastActivityAmount": "06/16/2017",
    "lastBilledDate": "06/16/2017"
  },
  {
    "agencyCode": "26892",
    "owner": "NSA_CA.",
    "productNumber": "1",
    "product": "Private Passenger",
    "stateAbbreviation": "CA",
    "policyID": "104600079508001",
    "version": "6",
    "changeNumber": "2",
    "nameInsured": "LOPEZ, LUCIO HERNANDEZ",
    "homePhone": "(310) 357-3896",
    "workPhone": "(714) 620-4288",
    "email": null,
    "effectiveDate": "12/04/2016",
    "expirationDate": null,
    "cancelDate": "08/02/2017",
    "cancelSourceCode": "NONPAY",
    "companyNumber": "60",
    "rateDate": "12/04/2016",
    "producerNumber": null,
    "versionStatus": "Cancel Pending",
    "versionType": "Renewal",
    "quotedDownPayment": "185.3",
    "policyTerm": "12",
    "payPlan": "12PayRNEFT",
    "writtenPremium": "1786",
    "feeAmount": "67.28",
    "writtenPremiumWFees": "1853.28",
    "billedAmount": "1280.65",
    "billedFeeAmount": "67.28",
    "totalBilledAmount": "1347.93",
    "yetToBeBilledAmount": "505.35",
    "receiptAmount": "1181.84",
    "currentDueAmount": "166.09",
    "remainBalanceAmount": "671.44",
    "writeOffAmount": "0.00",
    "lastActivityAmount": "08/29/2017",
    "lastBilledDate": "06/19/2017"
  },
  {
    "agencyCode": "26892",
    "owner": "NSA_CA.",
    "productNumber": "1",
    "product": "Private Passenger",
    "stateAbbreviation": "CA",
    "policyID": "104600287084001",
    "version": "8",
    "changeNumber": "6",
    "nameInsured": "SWARTZ, KATALIN",
    "homePhone": "(714) 349-9598",
    "workPhone": "(714) 349-9598",
    "email": null,
    "effectiveDate": "04/07/2017",
    "expirationDate": null,
    "cancelDate": "08/02/2017",
    "cancelSourceCode": "NONPAY",
    "companyNumber": "60",
    "rateDate": "04/07/2017",
    "producerNumber": null,
    "versionStatus": "Cancel Pending",
    "versionType": "Renewal",
    "quotedDownPayment": "114.47",
    "policyTerm": "12",
    "payPlan": "12-PayRNDB",
    "writtenPremium": "1053",
    "feeAmount": "68.76",
    "writtenPremiumWFees": "1121.76",
    "billedAmount": "350.99",
    "billedFeeAmount": "68.76",
    "totalBilledAmount": "419.75",
    "yetToBeBilledAmount": "702.01",
    "receiptAmount": "315.99",
    "currentDueAmount": "103.76",
    "remainBalanceAmount": "805.77",
    "writeOffAmount": "0.00",
    "lastActivityAmount": "06/21/2017",
    "lastBilledDate": "06/21/2017"
  },
  {
    "agencyCode": "26892",
    "owner": "NSA_CA.",
    "productNumber": "1",
    "product": "Private Passenger",
    "stateAbbreviation": "CA",
    "policyID": "104600570846001",
    "version": "7",
    "changeNumber": "11",
    "nameInsured": "Orozco, David Zamudio",
    "homePhone": "(909) 749-4687",
    "workPhone": null,
    "email": "orozco184do@gmail.com",
    "effectiveDate": "11/09/2016",
    "expirationDate": null,
    "cancelDate": "08/02/2017",
    "cancelSourceCode": "NONPAY",
    "companyNumber": "60",
    "rateDate": "11/09/2016",
    "producerNumber": null,
    "versionStatus": "Cancel Pending",
    "versionType": "Rewrite",
    "quotedDownPayment": "262.05",
    "policyTerm": "12",
    "payPlan": "12-PayDBRW",
    "writtenPremium": "2078",
    "feeAmount": "156.04",
    "writtenPremiumWFees": "2234.04",
    "billedAmount": "1570.91",
    "billedFeeAmount": "156.04",
    "totalBilledAmount": "1726.95",
    "yetToBeBilledAmount": "507.09",
    "receiptAmount": "1547.92",
    "currentDueAmount": "179.03",
    "remainBalanceAmount": "686.12",
    "writeOffAmount": "0.00",
    "lastActivityAmount": "06/14/2017",
    "lastBilledDate": "07/21/2017"
  },
  {
    "agencyCode": "26892",
    "owner": "NSA_CA.",
    "productNumber": "1",
    "product": "Private Passenger",
    "stateAbbreviation": "CA",
    "policyID": "104600629503001",
    "version": "8",
    "changeNumber": "2",
    "nameInsured": "ESCARCEGA, AARON MICHAEL",
    "homePhone": "(310) 560-5115",
    "workPhone": "(   )    -",
    "email": null,
    "effectiveDate": "04/26/2017",
    "expirationDate": null,
    "cancelDate": "08/02/2017",
    "cancelSourceCode": "NONPAY",
    "companyNumber": "60",
    "rateDate": "04/26/2017",
    "producerNumber": null,
    "versionStatus": "Cancel Pending",
    "versionType": "Rewrite",
    "quotedDownPayment": "241.2",
    "policyTerm": "12",
    "payPlan": "12-PayDBRW",
    "writtenPremium": "1595",
    "feeAmount": "43.52",
    "writtenPremiumWFees": "1638.52",
    "billedAmount": "468.11",
    "billedFeeAmount": "43.52",
    "totalBilledAmount": "511.63",
    "yetToBeBilledAmount": "1126.89",
    "receiptAmount": "376.42",
    "currentDueAmount": "135.21",
    "remainBalanceAmount": "1262.10",
    "writeOffAmount": "0.00",
    "lastActivityAmount": "06/01/2017",
    "lastBilledDate": "06/01/2017"
  },
  {
    "agencyCode": "26892",
    "owner": "NSA_CA.",
    "productNumber": "1",
    "product": "Private Passenger",
    "stateAbbreviation": "CA",
    "policyID": "104600923538001",
    "version": "4",
    "changeNumber": "2",
    "nameInsured": "Gudiel, Paula Antonia",
    "homePhone": "(310) 297-0915",
    "workPhone": null,
    "email": null,
    "effectiveDate": "02/06/2017",
    "expirationDate": null,
    "cancelDate": "08/02/2017",
    "cancelSourceCode": "NONPAY",
    "companyNumber": "60",
    "rateDate": "02/06/2017",
    "producerNumber": "10460",
    "versionStatus": "Cancel Pending",
    "versionType": "Renewal",
    "quotedDownPayment": "95.9",
    "policyTerm": "12",
    "payPlan": "12PayRNEFT",
    "writtenPremium": "890",
    "feeAmount": "51.76",
    "writtenPremiumWFees": "941.76",
    "billedAmount": "444.99",
    "billedFeeAmount": "51.76",
    "totalBilledAmount": "496.75",
    "yetToBeBilledAmount": "445.01",
    "receiptAmount": "416.58",
    "currentDueAmount": "80.17",
    "remainBalanceAmount": "525.18",
    "writeOffAmount": "0.00",
    "lastActivityAmount": "06/21/2017",
    "lastBilledDate": "06/21/2017"
  },
  {
    "agencyCode": "26892",
    "owner": "NSA_CA.",
    "productNumber": "1",
    "product": "Private Passenger",
    "stateAbbreviation": "CA",
    "policyID": "104601041380001",
    "version": "3",
    "changeNumber": "2",
    "nameInsured": "Hernandez, Remedios Hernandez",
    "homePhone": "(424) 244-7097",
    "workPhone": null,
    "email": null,
    "effectiveDate": "09/06/2016",
    "expirationDate": null,
    "cancelDate": "08/02/2017",
    "cancelSourceCode": "NONPAY",
    "companyNumber": "60",
    "rateDate": "09/06/2016",
    "producerNumber": "10460",
    "versionStatus": "Cancel Pending",
    "versionType": "Renewal",
    "quotedDownPayment": "176.3",
    "policyTerm": "12",
    "payPlan": "12-PayRNDB",
    "writtenPremium": "1798",
    "feeAmount": "118.52",
    "writtenPremiumWFees": "1916.52",
    "billedAmount": "1647.98",
    "billedFeeAmount": "118.52",
    "totalBilledAmount": "1766.50",
    "yetToBeBilledAmount": "150.02",
    "receiptAmount": "1586.70",
    "currentDueAmount": "179.80",
    "remainBalanceAmount": "329.82",
    "writeOffAmount": "0.00",
    "lastActivityAmount": "06/16/2017",
    "lastBilledDate": "06/16/2017"
  },
  {
    "agencyCode": "26892",
    "owner": "NSA_CA.",
    "productNumber": "1",
    "product": "Private Passenger",
    "stateAbbreviation": "CA",
    "policyID": "104601183695001",
    "version": "3",
    "changeNumber": "2",
    "nameInsured": "Charouen, Roger Sam",
    "homePhone": "(562) 500-7189",
    "workPhone": null,
    "email": null,
    "effectiveDate": "06/08/2017",
    "expirationDate": null,
    "cancelDate": "08/02/2017",
    "cancelSourceCode": "NONPAY",
    "companyNumber": "60",
    "rateDate": "06/08/2017",
    "producerNumber": "10460",
    "versionStatus": "Cancel Pending",
    "versionType": "Renewal",
    "quotedDownPayment": "128.23",
    "policyTerm": "12",
    "payPlan": "12-PayRNDB",
    "writtenPremium": "1257",
    "feeAmount": "33.52",
    "writtenPremiumWFees": "1290.52",
    "billedAmount": "335.56",
    "billedFeeAmount": "33.52",
    "totalBilledAmount": "369.08",
    "yetToBeBilledAmount": "921.44",
    "receiptAmount": "128.23",
    "currentDueAmount": "240.85",
    "remainBalanceAmount": "1162.29",
    "writeOffAmount": "0.00",
    "lastActivityAmount": "06/19/2017",
    "lastBilledDate": "06/19/2017"
  },
  {
    "agencyCode": "26892",
    "owner": "NSA_CA.",
    "productNumber": "1",
    "product": "Private Passenger",
    "stateAbbreviation": "CA",
    "policyID": "104630276095001",
    "version": "6",
    "changeNumber": "2",
    "nameInsured": "GUEVARA, DAMARIS EUGENIA",
    "homePhone": "(310) 972-0002",
    "workPhone": "(999) 999-9999",
    "email": null,
    "effectiveDate": "04/03/2017",
    "expirationDate": null,
    "cancelDate": "08/02/2017",
    "cancelSourceCode": "NONPAY",
    "companyNumber": "63",
    "rateDate": "04/03/2017",
    "producerNumber": null,
    "versionStatus": "Cancel Pending",
    "versionType": "Renewal",
    "quotedDownPayment": "144.38",
    "policyTerm": "12",
    "payPlan": "12PayRNEFT",
    "writtenPremium": "1472",
    "feeAmount": "39.76",
    "writtenPremiumWFees": "1511.76",
    "billedAmount": "490.64",
    "billedFeeAmount": "39.76",
    "totalBilledAmount": "530.40",
    "yetToBeBilledAmount": "981.36",
    "receiptAmount": "401.73",
    "currentDueAmount": "128.67",
    "remainBalanceAmount": "1110.03",
    "writeOffAmount": "0.00",
    "lastActivityAmount": "06/19/2017",
    "lastBilledDate": "07/21/2017"
  },
  {
    "agencyCode": "26892",
    "owner": "NSA_CA.",
    "productNumber": "1",
    "product": "Private Passenger",
    "stateAbbreviation": "CA",
    "policyID": "104630277855001",
    "version": "6",
    "changeNumber": "16",
    "nameInsured": "Ward, Latundra",
    "homePhone": "(323) 240-3871",
    "workPhone": null,
    "email": null,
    "effectiveDate": "10/29/2016",
    "expirationDate": null,
    "cancelDate": "08/02/2017",
    "cancelSourceCode": "NONPAY",
    "companyNumber": "60",
    "rateDate": "10/29/2016",
    "producerNumber": "10463",
    "versionStatus": "Cancel Pending",
    "versionType": "Renewal",
    "quotedDownPayment": "125.15",
    "policyTerm": "12",
    "payPlan": "12-Pay REN",
    "writtenPremium": "1338",
    "feeAmount": "145.52",
    "writtenPremiumWFees": "1483.52",
    "billedAmount": "1000.83",
    "billedFeeAmount": "145.52",
    "totalBilledAmount": "1146.35",
    "yetToBeBilledAmount": "337.17",
    "receiptAmount": "1017.95",
    "currentDueAmount": "128.40",
    "remainBalanceAmount": "465.57",
    "writeOffAmount": "0.00",
    "lastActivityAmount": "06/14/2017",
    "lastBilledDate": "06/14/2017"
  },
  {
    "agencyCode": "26892",
    "owner": "NSA_CA.",
    "productNumber": "1",
    "product": "Private Passenger",
    "stateAbbreviation": "CA",
    "policyID": "104630358209001",
    "version": "10",
    "changeNumber": "18",
    "nameInsured": "Martinezcoleman, Monique Leticia",
    "homePhone": "(323) 271-8462",
    "workPhone": null,
    "email": null,
    "effectiveDate": "08/23/2016",
    "expirationDate": null,
    "cancelDate": "08/02/2017",
    "cancelSourceCode": "NONPAY",
    "companyNumber": "63",
    "rateDate": "08/23/2016",
    "producerNumber": "10463",
    "versionStatus": "Cancel Pending",
    "versionType": "Rewrite",
    "quotedDownPayment": "171.15",
    "policyTerm": "12",
    "payPlan": "12-PayDBRW",
    "writtenPremium": "1231",
    "feeAmount": "185.76",
    "writtenPremiumWFees": "1416.76",
    "billedAmount": "1231.00",
    "billedFeeAmount": "179.76",
    "totalBilledAmount": "1410.76",
    "yetToBeBilledAmount": "6.00",
    "receiptAmount": "1296.44",
    "currentDueAmount": "114.32",
    "remainBalanceAmount": "120.32",
    "writeOffAmount": "0.00",
    "lastActivityAmount": "07/20/2017",
    "lastBilledDate": "07/03/2017"
  },
  {
    "agencyCode": "26892",
    "owner": "NSA_CA.",
    "productNumber": "1",
    "product": "Private Passenger",
    "stateAbbreviation": "CA",
    "policyID": "104630404918001",
    "version": "6",
    "changeNumber": "12",
    "nameInsured": "SANDERS, SHEILA MARLENE",
    "homePhone": "(310)560-5789",
    "workPhone": null,
    "email": "shemar1957@aol.com",
    "effectiveDate": "11/16/2016",
    "expirationDate": null,
    "cancelDate": "08/02/2017",
    "cancelSourceCode": "NONPAY",
    "companyNumber": "63",
    "rateDate": "11/16/2016",
    "producerNumber": null,
    "versionStatus": "Cancel Pending",
    "versionType": "Rewrite",
    "quotedDownPayment": "195.15",
    "policyTerm": "12",
    "payPlan": "12-PayDBRW",
    "writtenPremium": "1444",
    "feeAmount": "57.76",
    "writtenPremiumWFees": "1501.76",
    "billedAmount": "981.96",
    "billedFeeAmount": "57.76",
    "totalBilledAmount": "1039.72",
    "yetToBeBilledAmount": "462.04",
    "receiptAmount": "987.66",
    "currentDueAmount": "52.06",
    "remainBalanceAmount": "514.10",
    "writeOffAmount": "0.00",
    "lastActivityAmount": "06/19/2017",
    "lastBilledDate": "06/19/2017"
  },
  {
    "agencyCode": "26892",
    "owner": "NSA_CA.",
    "productNumber": "1",
    "product": "Private Passenger",
    "stateAbbreviation": "CA",
    "policyID": "104630416634001",
    "version": "6",
    "changeNumber": "2",
    "nameInsured": "Moran Davila, Gladis Hortencia",
    "homePhone": "(424) 646-0120",
    "workPhone": null,
    "email": null,
    "effectiveDate": "05/19/2017",
    "expirationDate": null,
    "cancelDate": "08/02/2017",
    "cancelSourceCode": "NONPAY",
    "companyNumber": "60",
    "rateDate": "05/19/2017",
    "producerNumber": "10460",
    "versionStatus": "Cancel Pending",
    "versionType": "Renewal",
    "quotedDownPayment": "39.06",
    "policyTerm": "12",
    "payPlan": "12PayRNEFT",
    "writtenPremium": "1144",
    "feeAmount": "32.76",
    "writtenPremiumWFees": "1176.76",
    "billedAmount": "115.19",
    "billedFeeAmount": "32.76",
    "totalBilledAmount": "147.95",
    "yetToBeBilledAmount": "1028.81",
    "receiptAmount": "39.06",
    "currentDueAmount": "108.89",
    "remainBalanceAmount": "1137.70",
    "writeOffAmount": "0.00",
    "lastActivityAmount": "06/16/2017",
    "lastBilledDate": "06/16/2017"
  },
  {
    "agencyCode": "26892",
    "owner": "NSA_CA.",
    "productNumber": "1",
    "product": "Private Passenger",
    "stateAbbreviation": "CA",
    "policyID": "104630474174001",
    "version": "5",
    "changeNumber": "12",
    "nameInsured": "ROBINSON, MATTIE DELOIS",
    "homePhone": "(323) 751-4339",
    "workPhone": null,
    "email": null,
    "effectiveDate": "08/04/2016",
    "expirationDate": null,
    "cancelDate": "08/02/2017",
    "cancelSourceCode": "NONPAY",
    "companyNumber": "63",
    "rateDate": "08/04/2016",
    "producerNumber": null,
    "versionStatus": "Cancel Pending",
    "versionType": "Renewal",
    "quotedDownPayment": "134.46",
    "policyTerm": "12",
    "payPlan": "12-PayRNDB",
    "writtenPremium": "1353",
    "feeAmount": "181.76",
    "writtenPremiumWFees": "1534.76",
    "billedAmount": "1578.50",
    "billedFeeAmount": "181.76",
    "totalBilledAmount": "1760.26",
    "yetToBeBilledAmount": "-225.50",
    "receiptAmount": "1263.26",
    "currentDueAmount": "271.50",
    "remainBalanceAmount": "271.50",
    "writeOffAmount": "0.00",
    "lastActivityAmount": "06/16/2017",
    "lastBilledDate": "06/16/2017"
  },
  {
    "agencyCode": "26892",
    "owner": "NSA_CA.",
    "productNumber": "1",
    "product": "Private Passenger",
    "stateAbbreviation": "CA",
    "policyID": "104630497389001",
    "version": "5",
    "changeNumber": "6",
    "nameInsured": "GARCIA, RAUL MARIN",
    "homePhone": "(310) 936-9853",
    "workPhone": "(310) 324-2428",
    "email": null,
    "effectiveDate": "08/11/2016",
    "expirationDate": null,
    "cancelDate": "08/02/2017",
    "cancelSourceCode": "NONPAY",
    "companyNumber": "63",
    "rateDate": "08/11/2016",
    "producerNumber": null,
    "versionStatus": "Cancel Pending",
    "versionType": "Renewal",
    "quotedDownPayment": "291.01",
    "policyTerm": "12",
    "payPlan": "12-PayRNDB",
    "writtenPremium": "3130",
    "feeAmount": "162.28",
    "writtenPremiumWFees": "3292.28",
    "billedAmount": "3390.84",
    "billedFeeAmount": "162.28",
    "totalBilledAmount": "3553.12",
    "yetToBeBilledAmount": "-260.84",
    "receiptAmount": "2740.60",
    "currentDueAmount": "551.68",
    "remainBalanceAmount": "551.68",
    "writeOffAmount": "0.00",
    "lastActivityAmount": "06/16/2017",
    "lastBilledDate": "06/16/2017"
  },
  {
    "agencyCode": "26892",
    "owner": "NSA_CA.",
    "productNumber": "1",
    "product": "Private Passenger",
    "stateAbbreviation": "CA",
    "policyID": "104630503884001",
    "version": "5",
    "changeNumber": "10",
    "nameInsured": "Agee, Kim",
    "homePhone": "(562) 612-3858",
    "workPhone": null,
    "email": null,
    "effectiveDate": "08/25/2016",
    "expirationDate": null,
    "cancelDate": "08/02/2017",
    "cancelSourceCode": "NONPAY",
    "companyNumber": "63",
    "rateDate": "08/25/2016",
    "producerNumber": null,
    "versionStatus": "Cancel Pending",
    "versionType": "Renewal",
    "quotedDownPayment": "219.87",
    "policyTerm": "12",
    "payPlan": "12-PayRNDB",
    "writtenPremium": "2336",
    "feeAmount": "169.28",
    "writtenPremiumWFees": "2505.28",
    "billedAmount": "2725.34",
    "billedFeeAmount": "169.28",
    "totalBilledAmount": "2894.62",
    "yetToBeBilledAmount": "-389.34",
    "receiptAmount": "1875.27",
    "currentDueAmount": "630.01",
    "remainBalanceAmount": "630.01",
    "writeOffAmount": "0.00",
    "lastActivityAmount": "06/16/2017",
    "lastBilledDate": "06/16/2017"
  },
  {
    "agencyCode": "26892",
    "owner": "NSA_CA.",
    "productNumber": "1",
    "product": "Private Passenger",
    "stateAbbreviation": "CA",
    "policyID": "104630507826001",
    "version": "5",
    "changeNumber": "3",
    "nameInsured": "Gordon, Quadaamah",
    "homePhone": "(310) 956-5268",
    "workPhone": null,
    "email": null,
    "effectiveDate": "08/20/2016",
    "expirationDate": null,
    "cancelDate": "08/02/2017",
    "cancelSourceCode": "NONPAY",
    "companyNumber": "63",
    "rateDate": "08/20/2016",
    "producerNumber": null,
    "versionStatus": "Cancel Pending",
    "versionType": "Renewal",
    "quotedDownPayment": "201.61",
    "policyTerm": "12",
    "payPlan": "12-PayRNDB",
    "writtenPremium": "2274",
    "feeAmount": "141.76",
    "writtenPremiumWFees": "2415.76",
    "billedAmount": "2541.29",
    "billedFeeAmount": "141.76",
    "totalBilledAmount": "2683.05",
    "yetToBeBilledAmount": "-267.29",
    "receiptAmount": "1802.68",
    "currentDueAmount": "613.08",
    "remainBalanceAmount": "613.08",
    "writeOffAmount": "0.00",
    "lastActivityAmount": "06/16/2017",
    "lastBilledDate": "06/16/2017"
  },
  {
    "agencyCode": "26892",
    "owner": "NSA_CA.",
    "productNumber": "1",
    "product": "Private Passenger",
    "stateAbbreviation": "CA",
    "policyID": "104630529809001",
    "version": "5",
    "changeNumber": "2",
    "nameInsured": "CRAVEN, DAVID CHARLES",
    "homePhone": "(310) 283-6563",
    "workPhone": "(   )    -",
    "email": null,
    "effectiveDate": "09/03/2016",
    "expirationDate": null,
    "cancelDate": "08/02/2017",
    "cancelSourceCode": "NONPAY",
    "companyNumber": "63",
    "rateDate": "09/03/2016",
    "producerNumber": null,
    "versionStatus": "Cancel Pending",
    "versionType": "Renewal",
    "quotedDownPayment": "154",
    "policyTerm": "12",
    "payPlan": "12-PayRNDB",
    "writtenPremium": "1585",
    "feeAmount": "111.76",
    "writtenPremiumWFees": "1696.76",
    "billedAmount": "1452.94",
    "billedFeeAmount": "111.76",
    "totalBilledAmount": "1564.70",
    "yetToBeBilledAmount": "132.06",
    "receiptAmount": "1290.81",
    "currentDueAmount": "273.89",
    "remainBalanceAmount": "405.95",
    "writeOffAmount": "0.00",
    "lastActivityAmount": "06/16/2017",
    "lastBilledDate": "06/16/2017"
  },
  {
    "agencyCode": "26892",
    "owner": "NSA_CA.",
    "productNumber": "1",
    "product": "Private Passenger",
    "stateAbbreviation": "CA",
    "policyID": "104630540263001",
    "version": "5",
    "changeNumber": "8",
    "nameInsured": "BRIGGS, KALVIN EDWARD",
    "homePhone": "(310) 323-5175",
    "workPhone": null,
    "email": null,
    "effectiveDate": "09/29/2016",
    "expirationDate": null,
    "cancelDate": "08/02/2017",
    "cancelSourceCode": "NONPAY",
    "companyNumber": "63",
    "rateDate": "09/29/2016",
    "producerNumber": null,
    "versionStatus": "Cancel Pending",
    "versionType": "Renewal",
    "quotedDownPayment": "159",
    "policyTerm": "12",
    "payPlan": "12-PayRNDB",
    "writtenPremium": "1663",
    "feeAmount": "133.28",
    "writtenPremiumWFees": "1796.28",
    "billedAmount": "1384.96",
    "billedFeeAmount": "133.28",
    "totalBilledAmount": "1518.24",
    "yetToBeBilledAmount": "278.04",
    "receiptAmount": "1220.20",
    "currentDueAmount": "298.04",
    "remainBalanceAmount": "576.08",
    "writeOffAmount": "0.00",
    "lastActivityAmount": "06/16/2017",
    "lastBilledDate": "06/16/2017"
  },
  {
    "agencyCode": "26892",
    "owner": "NSA_CA.",
    "productNumber": "1",
    "product": "Private Passenger",
    "stateAbbreviation": "CA",
    "policyID": "104630543629001",
    "version": "5",
    "changeNumber": "2",
    "nameInsured": "BROWN, THOMAS RICHARD",
    "homePhone": "(310) 327-5753",
    "workPhone": "(   )    -",
    "email": null,
    "effectiveDate": "09/12/2016",
    "expirationDate": null,
    "cancelDate": "08/02/2017",
    "cancelSourceCode": "NONPAY",
    "companyNumber": "63",
    "rateDate": "09/12/2016",
    "producerNumber": null,
    "versionStatus": "Cancel Pending",
    "versionType": "Renewal",
    "quotedDownPayment": "91.23",
    "policyTerm": "12",
    "payPlan": "12-PayRNDB",
    "writtenPremium": "768",
    "feeAmount": "131.76",
    "writtenPremiumWFees": "899.76",
    "billedAmount": "768.00",
    "billedFeeAmount": "131.76",
    "totalBilledAmount": "899.76",
    "yetToBeBilledAmount": "0.00",
    "receiptAmount": "687.98",
    "currentDueAmount": "211.78",
    "remainBalanceAmount": "211.78",
    "writeOffAmount": "0.00",
    "lastActivityAmount": "06/16/2017",
    "lastBilledDate": "06/16/2017"
  },
  {
    "agencyCode": "26892",
    "owner": "NSA_CA.",
    "productNumber": "1",
    "product": "Private Passenger",
    "stateAbbreviation": "CA",
    "policyID": "104630543829001",
    "version": "5",
    "changeNumber": "4",
    "nameInsured": "HARDING, ANNIE RUTH",
    "homePhone": "(310) 962-2139",
    "workPhone": "(310) 675-5801",
    "email": null,
    "effectiveDate": "09/12/2016",
    "expirationDate": null,
    "cancelDate": "08/02/2017",
    "cancelSourceCode": "NONPAY",
    "companyNumber": "63",
    "rateDate": "09/12/2016",
    "producerNumber": null,
    "versionStatus": "Cancel Pending",
    "versionType": "Renewal",
    "quotedDownPayment": "173",
    "policyTerm": "12",
    "payPlan": "12-PayRNDB",
    "writtenPremium": "1783",
    "feeAmount": "119.52",
    "writtenPremiumWFees": "1902.52",
    "billedAmount": "1634.50",
    "billedFeeAmount": "119.52",
    "totalBilledAmount": "1754.02",
    "yetToBeBilledAmount": "148.50",
    "receiptAmount": "2166.51",
    "currentDueAmount": "0",
    "remainBalanceAmount": "-263.99",
    "writeOffAmount": "0.00",
    "lastActivityAmount": "03/02/2020",
    "lastBilledDate": "06/22/2017"
  },
  {
    "agencyCode": "26892",
    "owner": "NSA_CA.",
    "productNumber": "1",
    "product": "Private Passenger",
    "stateAbbreviation": "CA",
    "policyID": "104630559204001",
    "version": "5",
    "changeNumber": "16",
    "nameInsured": "HEREDIA, ARTURO RODRIGUEZ",
    "homePhone": "(310) 538-2560",
    "workPhone": "(310) 956-2437",
    "email": null,
    "effectiveDate": "10/01/2016",
    "expirationDate": null,
    "cancelDate": "08/02/2017",
    "cancelSourceCode": "NONPAY",
    "companyNumber": "63",
    "rateDate": "10/01/2016",
    "producerNumber": null,
    "versionStatus": "Cancel Pending",
    "versionType": "Renewal",
    "quotedDownPayment": "264",
    "policyTerm": "12",
    "payPlan": "12-PayRNDB",
    "writtenPremium": "2637",
    "feeAmount": "205.52",
    "writtenPremiumWFees": "2842.52",
    "billedAmount": "3056.60",
    "billedFeeAmount": "205.52",
    "totalBilledAmount": "3262.12",
    "yetToBeBilledAmount": "-419.60",
    "receiptAmount": "1907.80",
    "currentDueAmount": "934.72",
    "remainBalanceAmount": "934.72",
    "writeOffAmount": "0.00",
    "lastActivityAmount": "06/16/2017",
    "lastBilledDate": "06/16/2017"
  },
  {
    "agencyCode": "26892",
    "owner": "NSA_CA.",
    "productNumber": "1",
    "product": "Private Passenger",
    "stateAbbreviation": "CA",
    "policyID": "104630581151001",
    "version": "6",
    "changeNumber": "2",
    "nameInsured": "AYSON, JONATHAN NAGUSARA",
    "homePhone": "(213) 272-0762",
    "workPhone": "(   )    -",
    "email": null,
    "effectiveDate": "04/26/2017",
    "expirationDate": null,
    "cancelDate": "08/02/2017",
    "cancelSourceCode": "NONPAY",
    "companyNumber": "63",
    "rateDate": "04/26/2017",
    "producerNumber": null,
    "versionStatus": "Cancel Pending",
    "versionType": "Rewrite",
    "quotedDownPayment": "222",
    "policyTerm": "12",
    "payPlan": "12-PayDBRW",
    "writtenPremium": "1487",
    "feeAmount": "43.52",
    "writtenPremiumWFees": "1530.52",
    "billedAmount": "432.76",
    "billedFeeAmount": "43.52",
    "totalBilledAmount": "476.28",
    "yetToBeBilledAmount": "1054.24",
    "receiptAmount": "349.14",
    "currentDueAmount": "127.14",
    "remainBalanceAmount": "1181.38",
    "writeOffAmount": "0.00",
    "lastActivityAmount": "06/16/2017",
    "lastBilledDate": "06/16/2017"
  },
  {
    "agencyCode": "26892",
    "owner": "NSA_CA.",
    "productNumber": "1",
    "product": "Private Passenger",
    "stateAbbreviation": "CA",
    "policyID": "104630719978001",
    "version": "7",
    "changeNumber": "6",
    "nameInsured": "Lockhart, Kenjuan Andre",
    "homePhone": "(323) 443-4150",
    "workPhone": null,
    "email": null,
    "effectiveDate": "02/28/2017",
    "expirationDate": null,
    "cancelDate": "08/02/2017",
    "cancelSourceCode": "NONPAY",
    "companyNumber": "63",
    "rateDate": "02/28/2017",
    "producerNumber": "10463",
    "versionStatus": "Cancel Pending",
    "versionType": "Rewrite",
    "quotedDownPayment": "155.7",
    "policyTerm": "12",
    "payPlan": "12-PayDBRW",
    "writtenPremium": "1038",
    "feeAmount": "73.76",
    "writtenPremiumWFees": "1111.76",
    "billedAmount": "460.72",
    "billedFeeAmount": "73.76",
    "totalBilledAmount": "534.48",
    "yetToBeBilledAmount": "577.28",
    "receiptAmount": "346.08",
    "currentDueAmount": "188.40",
    "remainBalanceAmount": "765.68",
    "writeOffAmount": "0.00",
    "lastActivityAmount": "06/16/2017",
    "lastBilledDate": "06/16/2017"
  },
  {
    "agencyCode": "26892",
    "owner": "NSA_CA.",
    "productNumber": "1",
    "product": "Private Passenger",
    "stateAbbreviation": "CA",
    "policyID": "104630749947001",
    "version": "5",
    "changeNumber": "4",
    "nameInsured": "Bryant-shaw, Vickie Lynn",
    "homePhone": "(323) 835-7603",
    "workPhone": "(310) 349-5786",
    "email": null,
    "effectiveDate": "10/13/2016",
    "expirationDate": null,
    "cancelDate": "08/02/2017",
    "cancelSourceCode": "NONPAY",
    "companyNumber": "63",
    "rateDate": "10/13/2016",
    "producerNumber": "10463",
    "versionStatus": "Cancel Pending",
    "versionType": "Renewal",
    "quotedDownPayment": "182.79",
    "policyTerm": "12",
    "payPlan": "12-Pay REN",
    "writtenPremium": "1912",
    "feeAmount": "129.52",
    "writtenPremiumWFees": "2041.52",
    "billedAmount": "1746.25",
    "billedFeeAmount": "129.52",
    "totalBilledAmount": "1875.77",
    "yetToBeBilledAmount": "165.75",
    "receiptAmount": "1374.17",
    "currentDueAmount": "501.60",
    "remainBalanceAmount": "667.35",
    "writeOffAmount": "0.00",
    "lastActivityAmount": "06/16/2017",
    "lastBilledDate": "06/16/2017"
  },
  {
    "agencyCode": "26892",
    "owner": "NSA_CA.",
    "productNumber": "1",
    "product": "Private Passenger",
    "stateAbbreviation": "CA",
    "policyID": "104630773657001",
    "version": "5",
    "changeNumber": "2",
    "nameInsured": "Alvarez, Carlos V",
    "homePhone": "(323) 216-6560",
    "workPhone": null,
    "email": null,
    "effectiveDate": "05/03/2017",
    "expirationDate": null,
    "cancelDate": "08/02/2017",
    "cancelSourceCode": "NONPAY",
    "companyNumber": "63",
    "rateDate": "05/03/2017",
    "producerNumber": "10463",
    "versionStatus": "Cancel Pending",
    "versionType": "Renewal",
    "quotedDownPayment": "183.98",
    "policyTerm": "12",
    "payPlan": "12PayRNEFT",
    "writtenPremium": "1884",
    "feeAmount": "39.04",
    "writtenPremiumWFees": "1923.04",
    "billedAmount": "470.96",
    "billedFeeAmount": "39.04",
    "totalBilledAmount": "510.00",
    "yetToBeBilledAmount": "1413.04",
    "receiptAmount": "346.99",
    "currentDueAmount": "163.01",
    "remainBalanceAmount": "1576.05",
    "writeOffAmount": "0.00",
    "lastActivityAmount": "06/19/2017",
    "lastBilledDate": "07/21/2017"
  },
  {
    "agencyCode": "26892",
    "owner": "NSA_CA.",
    "productNumber": "1",
    "product": "Private Passenger",
    "stateAbbreviation": "CA",
    "policyID": "104630835080001",
    "version": "5",
    "changeNumber": "11",
    "nameInsured": "Mitchell, Sundai Akil",
    "homePhone": "(310) 498-4851",
    "workPhone": null,
    "email": null,
    "effectiveDate": "10/19/2016",
    "expirationDate": null,
    "cancelDate": "08/02/2017",
    "cancelSourceCode": "NONPAY",
    "companyNumber": "63",
    "rateDate": "10/19/2016",
    "producerNumber": "10463",
    "versionStatus": "Cancel Pending",
    "versionType": "Renewal",
    "quotedDownPayment": "346.8",
    "policyTerm": "12",
    "payPlan": "12-Pay REN",
    "writtenPremium": "2918",
    "feeAmount": "136.52",
    "writtenPremiumWFees": "3054.52",
    "billedAmount": "2387.27",
    "billedFeeAmount": "136.52",
    "totalBilledAmount": "2523.79",
    "yetToBeBilledAmount": "530.73",
    "receiptAmount": "2337.70",
    "currentDueAmount": "186.09",
    "remainBalanceAmount": "716.82",
    "writeOffAmount": "0.00",
    "lastActivityAmount": "06/16/2017",
    "lastBilledDate": "06/16/2017"
  },
  {
    "agencyCode": "26892",
    "owner": "NSA_CA.",
    "productNumber": "1",
    "product": "Private Passenger",
    "stateAbbreviation": "CA",
    "policyID": "104630867581001",
    "version": "4",
    "changeNumber": "2",
    "nameInsured": "Schneider, Jason Michael",
    "homePhone": "(310) 913-9925",
    "workPhone": null,
    "email": null,
    "effectiveDate": "09/28/2016",
    "expirationDate": null,
    "cancelDate": "08/02/2017",
    "cancelSourceCode": "NONPAY",
    "companyNumber": "63",
    "rateDate": "09/28/2016",
    "producerNumber": "10463",
    "versionStatus": "Cancel Pending",
    "versionType": "Renewal",
    "quotedDownPayment": "253.94",
    "policyTerm": "12",
    "payPlan": "12-PayRNDB",
    "writtenPremium": "2685",
    "feeAmount": "120.28",
    "writtenPremiumWFees": "2805.28",
    "billedAmount": "2237.50",
    "billedFeeAmount": "120.28",
    "totalBilledAmount": "2357.78",
    "yetToBeBilledAmount": "447.50",
    "receiptAmount": "1890.26",
    "currentDueAmount": "467.52",
    "remainBalanceAmount": "915.02",
    "writeOffAmount": "0.00",
    "lastActivityAmount": "06/16/2017",
    "lastBilledDate": "06/16/2017"
  },
  {
    "agencyCode": "26892",
    "owner": "NSA_CA.",
    "productNumber": "1",
    "product": "Private Passenger",
    "stateAbbreviation": "CA",
    "policyID": "104630876878001",
    "version": "4",
    "changeNumber": "2",
    "nameInsured": "Waqanisanini, Louise Clara",
    "homePhone": "(424) 240-1933",
    "workPhone": null,
    "email": null,
    "effectiveDate": "10/16/2016",
    "expirationDate": null,
    "cancelDate": "08/02/2017",
    "cancelSourceCode": "NONPAY",
    "companyNumber": "63",
    "rateDate": "10/16/2016",
    "producerNumber": "10463",
    "versionStatus": "Cancel Pending",
    "versionType": "Renewal",
    "quotedDownPayment": "230.62",
    "policyTerm": "12",
    "payPlan": "12-PayRNDB",
    "writtenPremium": "2405",
    "feeAmount": "170.28",
    "writtenPremiumWFees": "2575.28",
    "billedAmount": "3006.29",
    "billedFeeAmount": "170.28",
    "totalBilledAmount": "3176.57",
    "yetToBeBilledAmount": "-601.29",
    "receiptAmount": "1703.60",
    "currentDueAmount": "871.68",
    "remainBalanceAmount": "871.68",
    "writeOffAmount": "0.00",
    "lastActivityAmount": "06/16/2017",
    "lastBilledDate": "06/16/2017"
  },
  {
    "agencyCode": "26892",
    "owner": "NSA_CA.",
    "productNumber": "1",
    "product": "Private Passenger",
    "stateAbbreviation": "CA",
    "policyID": "104630881743001",
    "version": "5",
    "changeNumber": "8",
    "nameInsured": "Dorantes-bailon, Gerardo",
    "homePhone": "(323) 244-9322",
    "workPhone": null,
    "email": null,
    "effectiveDate": "01/16/2017",
    "expirationDate": null,
    "cancelDate": "08/02/2017",
    "cancelSourceCode": "NONPAY",
    "companyNumber": "60",
    "rateDate": "01/16/2017",
    "producerNumber": "10460",
    "versionStatus": "Cancel Pending",
    "versionType": "Renewal",
    "quotedDownPayment": "170.71",
    "policyTerm": "12",
    "payPlan": "12-PayRNDB",
    "writtenPremium": "1707",
    "feeAmount": "116.52",
    "writtenPremiumWFees": "1823.52",
    "billedAmount": "1130.22",
    "billedFeeAmount": "116.52",
    "totalBilledAmount": "1246.74",
    "yetToBeBilledAmount": "576.78",
    "receiptAmount": "639.49",
    "currentDueAmount": "607.25",
    "remainBalanceAmount": "1184.03",
    "writeOffAmount": "0.00",
    "lastActivityAmount": "06/16/2017",
    "lastBilledDate": "07/21/2017"
  },
  {
    "agencyCode": "26892",
    "owner": "NSA_CA.",
    "productNumber": "1",
    "product": "Private Passenger",
    "stateAbbreviation": "CA",
    "policyID": "104630903760001",
    "version": "5",
    "changeNumber": "15",
    "nameInsured": "Avelar, Mayra Hernandez",
    "homePhone": "(310) 750-8858",
    "workPhone": null,
    "email": null,
    "effectiveDate": "08/20/2016",
    "expirationDate": null,
    "cancelDate": "08/02/2017",
    "cancelSourceCode": "NONPAY",
    "companyNumber": "63",
    "rateDate": "08/20/2016",
    "producerNumber": "10463",
    "versionStatus": "Cancel Pending",
    "versionType": "Renewal",
    "quotedDownPayment": "203.53",
    "policyTerm": "12",
    "payPlan": "12-PayRNDB",
    "writtenPremium": "2344",
    "feeAmount": "225.84",
    "writtenPremiumWFees": "2569.84",
    "billedAmount": "3323.51",
    "billedFeeAmount": "225.84",
    "totalBilledAmount": "3549.35",
    "yetToBeBilledAmount": "-979.51",
    "receiptAmount": "1868.85",
    "currentDueAmount": "700.99",
    "remainBalanceAmount": "700.99",
    "writeOffAmount": "0.00",
    "lastActivityAmount": "06/16/2017",
    "lastBilledDate": "06/16/2017"
  },
  {
    "agencyCode": "26892",
    "owner": "NSA_CA.",
    "productNumber": "1",
    "product": "Private Passenger",
    "stateAbbreviation": "CA",
    "policyID": "104630908711001",
    "version": "4",
    "changeNumber": "2",
    "nameInsured": "Trocea, Bianca Antonia",
    "homePhone": "(310) 242-1104",
    "workPhone": null,
    "email": null,
    "effectiveDate": "12/24/2016",
    "expirationDate": null,
    "cancelDate": "08/02/2017",
    "cancelSourceCode": "NONPAY",
    "companyNumber": "63",
    "rateDate": "12/24/2016",
    "producerNumber": "10463",
    "versionStatus": "Cancel Pending",
    "versionType": "Renewal",
    "quotedDownPayment": "214",
    "policyTerm": "12",
    "payPlan": "12-PayRNDB",
    "writtenPremium": "2284",
    "feeAmount": "73.52",
    "writtenPremiumWFees": "2357.52",
    "billedAmount": "1332.40",
    "billedFeeAmount": "73.52",
    "totalBilledAmount": "1405.92",
    "yetToBeBilledAmount": "951.60",
    "receiptAmount": "1218.00",
    "currentDueAmount": "187.92",
    "remainBalanceAmount": "1139.52",
    "writeOffAmount": "0.00",
    "lastActivityAmount": "08/29/2017",
    "lastBilledDate": "06/16/2017"
  },
  {
    "agencyCode": "26892",
    "owner": "NSA_CA.",
    "productNumber": "1",
    "product": "Private Passenger",
    "stateAbbreviation": "CA",
    "policyID": "104630927487001",
    "version": "4",
    "changeNumber": "2",
    "nameInsured": "Reynoso, Alex",
    "homePhone": "(310) 973-0499",
    "workPhone": null,
    "email": null,
    "effectiveDate": "02/04/2017",
    "expirationDate": null,
    "cancelDate": "08/02/2017",
    "cancelSourceCode": "NONPAY",
    "companyNumber": "63",
    "rateDate": "02/04/2017",
    "producerNumber": "10463",
    "versionStatus": "Cancel Pending",
    "versionType": "Renewal",
    "quotedDownPayment": "209.52",
    "policyTerm": "12",
    "payPlan": "12-PayRNDB",
    "writtenPremium": "2254",
    "feeAmount": "61.76",
    "writtenPremiumWFees": "2315.76",
    "billedAmount": "1126.96",
    "billedFeeAmount": "61.76",
    "totalBilledAmount": "1188.72",
    "yetToBeBilledAmount": "1127.04",
    "receiptAmount": "803.04",
    "currentDueAmount": "385.68",
    "remainBalanceAmount": "1512.72",
    "writeOffAmount": "0.00",
    "lastActivityAmount": "06/16/2017",
    "lastBilledDate": "06/16/2017"
  },
  {
    "agencyCode": "26892",
    "owner": "NSA_CA.",
    "productNumber": "1",
    "product": "Private Passenger",
    "stateAbbreviation": "CA",
    "policyID": "104630965437001",
    "version": "4",
    "changeNumber": "2",
    "nameInsured": "Alatorre-Herrero, Asuncion",
    "homePhone": "(323) 519-3159",
    "workPhone": null,
    "email": null,
    "effectiveDate": "04/18/2017",
    "expirationDate": null,
    "cancelDate": "08/02/2017",
    "cancelSourceCode": "NONPAY",
    "companyNumber": "63",
    "rateDate": "04/18/2017",
    "producerNumber": "10463",
    "versionStatus": "Cancel Pending",
    "versionType": "Renewal",
    "quotedDownPayment": "148",
    "policyTerm": "12",
    "payPlan": "12-PayRNDB",
    "writtenPremium": "1453",
    "feeAmount": "56.76",
    "writtenPremiumWFees": "1509.76",
    "billedAmount": "484.45",
    "billedFeeAmount": "56.76",
    "totalBilledAmount": "541.21",
    "yetToBeBilledAmount": "968.55",
    "receiptAmount": "279.07",
    "currentDueAmount": "262.14",
    "remainBalanceAmount": "1230.69",
    "writeOffAmount": "0.00",
    "lastActivityAmount": "08/29/2017",
    "lastBilledDate": "08/29/2017"
  },
  {
    "agencyCode": "26892",
    "owner": "NSA_CA.",
    "productNumber": "1",
    "product": "Private Passenger",
    "stateAbbreviation": "CA",
    "policyID": "104631030954001",
    "version": "3",
    "changeNumber": "8",
    "nameInsured": "Juarez-morales, Eriberto",
    "homePhone": "(310) 702-9716",
    "workPhone": null,
    "email": null,
    "effectiveDate": "08/20/2016",
    "expirationDate": null,
    "cancelDate": "08/02/2017",
    "cancelSourceCode": "NONPAY",
    "companyNumber": "63",
    "rateDate": "08/20/2016",
    "producerNumber": "10463",
    "versionStatus": "Cancel Pending",
    "versionType": "Renewal",
    "quotedDownPayment": "121",
    "policyTerm": "12",
    "payPlan": "12-PayRNDB",
    "writtenPremium": "1130",
    "feeAmount": "194.76",
    "writtenPremiumWFees": "1324.76",
    "billedAmount": "1600.80",
    "billedFeeAmount": "194.76",
    "totalBilledAmount": "1795.56",
    "yetToBeBilledAmount": "-470.80",
    "receiptAmount": "972.28",
    "currentDueAmount": "352.48",
    "remainBalanceAmount": "352.48",
    "writeOffAmount": "0.00",
    "lastActivityAmount": "06/16/2017",
    "lastBilledDate": "06/16/2017"
  },
  {
    "agencyCode": "26892",
    "owner": "NSA_CA.",
    "productNumber": "1",
    "product": "Private Passenger",
    "stateAbbreviation": "CA",
    "policyID": "104631043642001",
    "version": "3",
    "changeNumber": "2",
    "nameInsured": "Brooks, Harold",
    "homePhone": "(310) 848-4400",
    "workPhone": "(951) 834-8656",
    "email": null,
    "effectiveDate": "09/14/2016",
    "expirationDate": null,
    "cancelDate": "08/02/2017",
    "cancelSourceCode": "NONPAY",
    "companyNumber": "63",
    "rateDate": "09/14/2016",
    "producerNumber": "10463",
    "versionStatus": "Cancel Pending",
    "versionType": "Renewal",
    "quotedDownPayment": "127.5",
    "policyTerm": "12",
    "payPlan": "12-PayRNDB",
    "writtenPremium": "1410",
    "feeAmount": "131.76",
    "writtenPremiumWFees": "1541.76",
    "billedAmount": "1410.01",
    "billedFeeAmount": "131.76",
    "totalBilledAmount": "1541.77",
    "yetToBeBilledAmount": "-0.01",
    "receiptAmount": "1158.07",
    "currentDueAmount": "383.69",
    "remainBalanceAmount": "383.69",
    "writeOffAmount": "0.00",
    "lastActivityAmount": "06/16/2017",
    "lastBilledDate": "06/16/2017"
  },
  {
    "agencyCode": "26892",
    "owner": "NSA_CA.",
    "productNumber": "1",
    "product": "Private Passenger",
    "stateAbbreviation": "CA",
    "policyID": "104631106296001",
    "version": "3",
    "changeNumber": "9",
    "nameInsured": "Perez, Yvette",
    "homePhone": "(323) 216-6446",
    "workPhone": null,
    "email": null,
    "effectiveDate": "08/14/2016",
    "expirationDate": null,
    "cancelDate": "08/02/2017",
    "cancelSourceCode": "NONPAY",
    "companyNumber": "63",
    "rateDate": "08/14/2016",
    "producerNumber": "10463",
    "versionStatus": "Cancel Pending",
    "versionType": "Renewal",
    "quotedDownPayment": "247.84",
    "policyTerm": "12",
    "payPlan": "12-Pay REN",
    "writtenPremium": "2522",
    "feeAmount": "163.76",
    "writtenPremiumWFees": "2685.76",
    "billedAmount": "2729.97",
    "billedFeeAmount": "163.76",
    "totalBilledAmount": "2893.73",
    "yetToBeBilledAmount": "-207.97",
    "receiptAmount": "2239.82",
    "currentDueAmount": "445.94",
    "remainBalanceAmount": "445.94",
    "writeOffAmount": "0.00",
    "lastActivityAmount": "06/16/2017",
    "lastBilledDate": "06/16/2017"
  },
  {
    "agencyCode": "26892",
    "owner": "NSA_CA.",
    "productNumber": "1",
    "product": "Private Passenger",
    "stateAbbreviation": "CA",
    "policyID": "104631250063001",
    "version": "2",
    "changeNumber": "14",
    "nameInsured": "Rodriguez Lopez, Edin Andres",
    "homePhone": "(310) 956-8243",
    "workPhone": null,
    "email": null,
    "effectiveDate": "09/26/2016",
    "expirationDate": null,
    "cancelDate": "08/02/2017",
    "cancelSourceCode": "NONPAY",
    "companyNumber": "63",
    "rateDate": "09/26/2016",
    "producerNumber": "10463",
    "versionStatus": "Cancel Pending",
    "versionType": "Renewal",
    "quotedDownPayment": "147",
    "policyTerm": "12",
    "payPlan": "12-Pay REN",
    "writtenPremium": "1546",
    "feeAmount": "213.52",
    "writtenPremiumWFees": "1759.52",
    "billedAmount": "2078.12",
    "billedFeeAmount": "213.52",
    "totalBilledAmount": "2291.64",
    "yetToBeBilledAmount": "-532.12",
    "receiptAmount": "1179.36",
    "currentDueAmount": "580.16",
    "remainBalanceAmount": "580.16",
    "writeOffAmount": "0.00",
    "lastActivityAmount": "06/16/2017",
    "lastBilledDate": "06/16/2017"
  },
  {
    "agencyCode": "26892",
    "owner": "NSA_CA.",
    "productNumber": "1",
    "product": "Private Passenger",
    "stateAbbreviation": "CA",
    "policyID": "104631282303001",
    "version": "2",
    "changeNumber": "2",
    "nameInsured": "Morales, Mariela Magaly",
    "homePhone": "(310) 625-0355",
    "workPhone": null,
    "email": null,
    "effectiveDate": "12/15/2016",
    "expirationDate": null,
    "cancelDate": "08/02/2017",
    "cancelSourceCode": "NONPAY",
    "companyNumber": "63",
    "rateDate": "12/15/2016",
    "producerNumber": "10463",
    "versionStatus": "Cancel Pending",
    "versionType": "Renewal",
    "quotedDownPayment": "176.13",
    "policyTerm": "12",
    "payPlan": "12-Pay REN",
    "writtenPremium": "1832",
    "feeAmount": "83.52",
    "writtenPremiumWFees": "1915.52",
    "billedAmount": "1068.65",
    "billedFeeAmount": "83.52",
    "totalBilledAmount": "1152.17",
    "yetToBeBilledAmount": "763.35",
    "receiptAmount": "989.51",
    "currentDueAmount": "162.66",
    "remainBalanceAmount": "926.01",
    "writeOffAmount": "0.00",
    "lastActivityAmount": "06/16/2017",
    "lastBilledDate": "06/16/2017"
  },
  {
    "agencyCode": "26892",
    "owner": "NSA_CA.",
    "productNumber": "1",
    "product": "Private Passenger",
    "stateAbbreviation": "CA",
    "policyID": "104631401429001",
    "version": "2",
    "changeNumber": "2",
    "nameInsured": "Avina, Carissa",
    "homePhone": "(310) 948-1395",
    "workPhone": null,
    "email": "CARISSAAVINA@GMAIL.COM",
    "effectiveDate": "04/18/2017",
    "expirationDate": null,
    "cancelDate": "08/02/2017",
    "cancelSourceCode": "NONPAY",
    "companyNumber": "63",
    "rateDate": "04/18/2017",
    "producerNumber": "10463",
    "versionStatus": "Cancel Pending",
    "versionType": "Renewal",
    "quotedDownPayment": "61.62",
    "policyTerm": "6",
    "payPlan": "6-PayRNEFT",
    "writtenPremium": "703",
    "feeAmount": "32.88",
    "writtenPremiumWFees": "735.88",
    "billedAmount": "305.65",
    "billedFeeAmount": "32.88",
    "totalBilledAmount": "338.53",
    "yetToBeBilledAmount": "397.35",
    "receiptAmount": "233.23",
    "currentDueAmount": "105.30",
    "remainBalanceAmount": "502.65",
    "writeOffAmount": "0.00",
    "lastActivityAmount": "06/16/2017",
    "lastBilledDate": "06/16/2017"
  },
  {
    "agencyCode": "26892",
    "owner": "NSA_CA.",
    "productNumber": "1",
    "product": "Private Passenger",
    "stateAbbreviation": "CA",
    "policyID": "104642206460001",
    "version": "7",
    "changeNumber": "2",
    "nameInsured": "Zimmerman, David James",
    "homePhone": "(310)654-3954",
    "workPhone": null,
    "email": null,
    "effectiveDate": "04/07/2017",
    "expirationDate": null,
    "cancelDate": "08/02/2017",
    "cancelSourceCode": "NONPAY",
    "companyNumber": "63",
    "rateDate": "04/07/2017",
    "producerNumber": "10463",
    "versionStatus": "Cancel Pending",
    "versionType": "Renewal",
    "quotedDownPayment": "0",
    "policyTerm": "12",
    "payPlan": "12PayRNEFT",
    "writtenPremium": "2516",
    "feeAmount": "40.52",
    "writtenPremiumWFees": "2556.52",
    "billedAmount": "457.46",
    "billedFeeAmount": "40.52",
    "totalBilledAmount": "497.98",
    "yetToBeBilledAmount": "2058.54",
    "receiptAmount": "453.78",
    "currentDueAmount": "44.20",
    "remainBalanceAmount": "2102.74",
    "writeOffAmount": "0.00",
    "lastActivityAmount": "06/16/2017",
    "lastBilledDate": "06/16/2017"
  },
  {
    "agencyCode": "26892",
    "owner": "NSA_CA.",
    "productNumber": "1",
    "product": "Private Passenger",
    "stateAbbreviation": "CA",
    "policyID": "104454344245001",
    "version": "6",
    "changeNumber": "2",
    "nameInsured": "CRAIG, CHARLIE M",
    "homePhone": "(310) 516-6121",
    "workPhone": "(213) 728-5700",
    "email": null,
    "effectiveDate": "11/01/2016",
    "expirationDate": null,
    "cancelDate": "08/01/2017",
    "cancelSourceCode": "NONPAY",
    "companyNumber": "60",
    "rateDate": "11/01/2016",
    "producerNumber": null,
    "versionStatus": "Cancel Pending",
    "versionType": "Renewal",
    "quotedDownPayment": "154.97",
    "policyTerm": "12",
    "payPlan": "12-PayRNDB",
    "writtenPremium": "1349",
    "feeAmount": "148.52",
    "writtenPremiumWFees": "1497.52",
    "billedAmount": "1497.00",
    "billedFeeAmount": "148.52",
    "totalBilledAmount": "1645.52",
    "yetToBeBilledAmount": "-148.00",
    "receiptAmount": "914.02",
    "currentDueAmount": "583.50",
    "remainBalanceAmount": "583.50",
    "writeOffAmount": "0.00",
    "lastActivityAmount": "08/29/2017",
    "lastBilledDate": "07/19/2017"
  },
  {
    "agencyCode": "26892",
    "owner": "NSA_CA.",
    "productNumber": "1",
    "product": "Private Passenger",
    "stateAbbreviation": "CA",
    "policyID": "104537103110001",
    "version": "6",
    "changeNumber": "2",
    "nameInsured": "Lopez, Brenda",
    "homePhone": "(323)407-4404",
    "workPhone": null,
    "email": "blopez0327@gmail.com",
    "effectiveDate": "05/02/2017",
    "expirationDate": null,
    "cancelDate": "08/01/2017",
    "cancelSourceCode": "NONPAY",
    "companyNumber": "60",
    "rateDate": "05/02/2017",
    "producerNumber": null,
    "versionStatus": "Cancel Pending",
    "versionType": "Renewal",
    "quotedDownPayment": "190.7",
    "policyTerm": "12",
    "payPlan": "12-PayRNDB",
    "writtenPremium": "1895",
    "feeAmount": "33.52",
    "writtenPremiumWFees": "1928.52",
    "billedAmount": "501.70",
    "billedFeeAmount": "33.52",
    "totalBilledAmount": "535.22",
    "yetToBeBilledAmount": "1393.30",
    "receiptAmount": "309.70",
    "currentDueAmount": "225.52",
    "remainBalanceAmount": "1618.82",
    "writeOffAmount": "0.00",
    "lastActivityAmount": "08/29/2017",
    "lastBilledDate": "07/19/2017"
  },
  {
    "agencyCode": "26892",
    "owner": "NSA_CA.",
    "productNumber": "1",
    "product": "Private Passenger",
    "stateAbbreviation": "CA",
    "policyID": "104580196711001",
    "version": "5",
    "changeNumber": "3",
    "nameInsured": "CABRAL, REFUGIO M",
    "homePhone": "(909) 657-9524",
    "workPhone": null,
    "email": null,
    "effectiveDate": "08/20/2016",
    "expirationDate": null,
    "cancelDate": "08/01/2017",
    "cancelSourceCode": "NONPAY",
    "companyNumber": "60",
    "rateDate": "08/20/2016",
    "producerNumber": null,
    "versionStatus": "Cancel Pending",
    "versionType": "Renewal",
    "quotedDownPayment": "101.74",
    "policyTerm": "12",
    "payPlan": "12-PayRNDB",
    "writtenPremium": "929",
    "feeAmount": "171.40",
    "writtenPremiumWFees": "1100.40",
    "billedAmount": "1226.25",
    "billedFeeAmount": "171.40",
    "totalBilledAmount": "1397.65",
    "yetToBeBilledAmount": "-297.25",
    "receiptAmount": "740.28",
    "currentDueAmount": "360.12",
    "remainBalanceAmount": "360.12",
    "writeOffAmount": "0.00",
    "lastActivityAmount": "08/29/2017",
    "lastBilledDate": "06/16/2017"
  },
  {
    "agencyCode": "26892",
    "owner": "NSA_CA.",
    "productNumber": "1",
    "product": "Private Passenger",
    "stateAbbreviation": "CA",
    "policyID": "104581263805001",
    "version": "5",
    "changeNumber": "2",
    "nameInsured": "PRIETO, ANGEL MERCADO",
    "homePhone": "(310) 675-8431",
    "workPhone": "(310) 614-0828",
    "email": null,
    "effectiveDate": "09/19/2016",
    "expirationDate": null,
    "cancelDate": "08/01/2017",
    "cancelSourceCode": "NONPAY",
    "companyNumber": "63",
    "rateDate": "09/19/2016",
    "producerNumber": null,
    "versionStatus": "Cancel Pending",
    "versionType": "Renewal",
    "quotedDownPayment": "139.9",
    "policyTerm": "12",
    "payPlan": "12-PayRNDB",
    "writtenPremium": "1376",
    "feeAmount": "125.28",
    "writtenPremiumWFees": "1501.28",
    "billedAmount": "1376.00",
    "billedFeeAmount": "125.28",
    "totalBilledAmount": "1501.28",
    "yetToBeBilledAmount": "0.00",
    "receiptAmount": "1012.60",
    "currentDueAmount": "488.68",
    "remainBalanceAmount": "488.68",
    "writeOffAmount": "0.00",
    "lastActivityAmount": "06/16/2017",
    "lastBilledDate": "06/16/2017"
  },
  {
    "agencyCode": "26892",
    "owner": "NSA_CA.",
    "productNumber": "1",
    "product": "Private Passenger",
    "stateAbbreviation": "CA",
    "policyID": "104596997067001",
    "version": "5",
    "changeNumber": "3",
    "nameInsured": "Jones, Alexander Terry",
    "homePhone": "(310) 686-6660",
    "workPhone": null,
    "email": null,
    "effectiveDate": "09/04/2016",
    "expirationDate": null,
    "cancelDate": "08/01/2017",
    "cancelSourceCode": "NONPAY",
    "companyNumber": "60",
    "rateDate": "09/04/2016",
    "producerNumber": "10460",
    "versionStatus": "Cancel Pending",
    "versionType": "Renewal",
    "quotedDownPayment": "108.58",
    "policyTerm": "12",
    "payPlan": "12PayRNEFT",
    "writtenPremium": "822",
    "feeAmount": "84.28",
    "writtenPremiumWFees": "906.28",
    "billedAmount": "737.09",
    "billedFeeAmount": "84.28",
    "totalBilledAmount": "821.37",
    "yetToBeBilledAmount": "84.91",
    "receiptAmount": "787.04",
    "currentDueAmount": "34.33",
    "remainBalanceAmount": "119.24",
    "writeOffAmount": "0.00",
    "lastActivityAmount": "08/29/2017",
    "lastBilledDate": "06/16/2017"
  },
  {
    "agencyCode": "26892",
    "owner": "NSA_CA.",
    "productNumber": "1",
    "product": "Private Passenger",
    "stateAbbreviation": "CA",
    "policyID": "104600090058001",
    "version": "6",
    "changeNumber": "2",
    "nameInsured": "Soto, Hiram",
    "homePhone": "(310) 844-1134",
    "workPhone": "(310) 349-9681",
    "email": null,
    "effectiveDate": "12/21/2016",
    "expirationDate": null,
    "cancelDate": "08/01/2017",
    "cancelSourceCode": "NONPAY",
    "companyNumber": "60",
    "rateDate": "12/21/2016",
    "producerNumber": null,
    "versionStatus": "Cancel Pending",
    "versionType": "Renewal",
    "quotedDownPayment": "163.21",
    "policyTerm": "12",
    "payPlan": "12-PayRNDB",
    "writtenPremium": "1492",
    "feeAmount": "73.52",
    "writtenPremiumWFees": "1565.52",
    "billedAmount": "978.25",
    "billedFeeAmount": "73.52",
    "totalBilledAmount": "1051.77",
    "yetToBeBilledAmount": "513.75",
    "receiptAmount": "912.01",
    "currentDueAmount": "139.76",
    "remainBalanceAmount": "653.51",
    "writeOffAmount": "0.00",
    "lastActivityAmount": "04/19/2018",
    "lastBilledDate": "06/16/2017"
  },
  {
    "agencyCode": "26892",
    "owner": "NSA_CA.",
    "productNumber": "1",
    "product": "Private Passenger",
    "stateAbbreviation": "CA",
    "policyID": "104600094990001",
    "version": "6",
    "changeNumber": "3",
    "nameInsured": "Enriquez, Alejandro",
    "homePhone": "(310) 462-6421",
    "workPhone": null,
    "email": null,
    "effectiveDate": "12/18/2016",
    "expirationDate": null,
    "cancelDate": "08/01/2017",
    "cancelSourceCode": "NONPAY",
    "companyNumber": "60",
    "rateDate": "12/18/2016",
    "producerNumber": null,
    "versionStatus": "Cancel Pending",
    "versionType": "Renewal",
    "quotedDownPayment": "135.47",
    "policyTerm": "12",
    "payPlan": "12PayRNEFT",
    "writtenPremium": "1125",
    "feeAmount": "83.76",
    "writtenPremiumWFees": "1208.76",
    "billedAmount": "750.00",
    "billedFeeAmount": "83.76",
    "totalBilledAmount": "833.76",
    "yetToBeBilledAmount": "375.00",
    "receiptAmount": "634.26",
    "currentDueAmount": "199.50",
    "remainBalanceAmount": "574.50",
    "writeOffAmount": "0.00",
    "lastActivityAmount": "06/16/2017",
    "lastBilledDate": "07/19/2017"
  },
  {
    "agencyCode": "26892",
    "owner": "NSA_CA.",
    "productNumber": "1",
    "product": "Private Passenger",
    "stateAbbreviation": "CA",
    "policyID": "104600106357001",
    "version": "6",
    "changeNumber": "4",
    "nameInsured": "GREEN, KIMBERLY MELISSA",
    "homePhone": "(323) 731-3966",
    "workPhone": "(323) 420-2629",
    "email": null,
    "effectiveDate": "12/29/2016",
    "expirationDate": null,
    "cancelDate": "08/01/2017",
    "cancelSourceCode": "NONPAY",
    "companyNumber": "60",
    "rateDate": "12/29/2016",
    "producerNumber": null,
    "versionStatus": "Cancel Pending",
    "versionType": "Renewal",
    "quotedDownPayment": "150",
    "policyTerm": "12",
    "payPlan": "12-PayRNDB",
    "writtenPremium": "1595",
    "feeAmount": "89.52",
    "writtenPremiumWFees": "1684.52",
    "billedAmount": "927.50",
    "billedFeeAmount": "89.52",
    "totalBilledAmount": "1017.02",
    "yetToBeBilledAmount": "667.50",
    "receiptAmount": "887.00",
    "currentDueAmount": "130.02",
    "remainBalanceAmount": "797.52",
    "writeOffAmount": "0.00",
    "lastActivityAmount": "06/16/2017",
    "lastBilledDate": "06/16/2017"
  },
  {
    "agencyCode": "26892",
    "owner": "NSA_CA.",
    "productNumber": "1",
    "product": "Private Passenger",
    "stateAbbreviation": "CA",
    "policyID": "104600298408001",
    "version": "6",
    "changeNumber": "2",
    "nameInsured": "Roubinek, Vilia",
    "homePhone": "(415) 505-6102",
    "workPhone": null,
    "email": null,
    "effectiveDate": "04/13/2017",
    "expirationDate": null,
    "cancelDate": "08/01/2017",
    "cancelSourceCode": "NONPAY",
    "companyNumber": "60",
    "rateDate": "04/13/2017",
    "producerNumber": null,
    "versionStatus": "Cancel Pending",
    "versionType": "Renewal",
    "quotedDownPayment": "46.17",
    "policyTerm": "12",
    "payPlan": "12-PayRNDB",
    "writtenPremium": "293",
    "feeAmount": "41.76",
    "writtenPremiumWFees": "334.76",
    "billedAmount": "73.25",
    "billedFeeAmount": "41.76",
    "totalBilledAmount": "115.01",
    "yetToBeBilledAmount": "219.75",
    "receiptAmount": "91.80",
    "currentDueAmount": "23.21",
    "remainBalanceAmount": "242.96",
    "writeOffAmount": "0.00",
    "lastActivityAmount": "06/16/2017",
    "lastBilledDate": "06/16/2017"
  },
  {
    "agencyCode": "26892",
    "owner": "NSA_CA.",
    "productNumber": "1",
    "product": "Private Passenger",
    "stateAbbreviation": "CA",
    "policyID": "104600340021001",
    "version": "6",
    "changeNumber": "2",
    "nameInsured": "Gomez Ramos, Julio Antonio",
    "homePhone": "(310) 977-2991",
    "workPhone": null,
    "email": null,
    "effectiveDate": "05/05/2017",
    "expirationDate": null,
    "cancelDate": "08/01/2017",
    "cancelSourceCode": "NONPAY",
    "companyNumber": "60",
    "rateDate": "05/05/2017",
    "producerNumber": "10460",
    "versionStatus": "Cancel Pending",
    "versionType": "Renewal",
    "quotedDownPayment": "121.16",
    "policyTerm": "12",
    "payPlan": "12-PayRNDB",
    "writtenPremium": "1151",
    "feeAmount": "35.28",
    "writtenPremiumWFees": "1186.28",
    "billedAmount": "287.72",
    "billedFeeAmount": "35.28",
    "totalBilledAmount": "323.00",
    "yetToBeBilledAmount": "863.28",
    "receiptAmount": "121.16",
    "currentDueAmount": "201.84",
    "remainBalanceAmount": "1065.12",
    "writeOffAmount": "0.00",
    "lastActivityAmount": "06/16/2017",
    "lastBilledDate": "06/16/2017"
  },
  {
    "agencyCode": "26892",
    "owner": "NSA_CA.",
    "productNumber": "1",
    "product": "Private Passenger",
    "stateAbbreviation": "CA",
    "policyID": "104600347751001",
    "version": "6",
    "changeNumber": "2",
    "nameInsured": "APARICIO, MARIA",
    "homePhone": "(310) 686-0947",
    "workPhone": "(   )    -",
    "email": null,
    "effectiveDate": "05/10/2017",
    "expirationDate": null,
    "cancelDate": "08/01/2017",
    "cancelSourceCode": "NONPAY",
    "companyNumber": "60",
    "rateDate": "05/10/2017",
    "producerNumber": null,
    "versionStatus": "Cancel Pending",
    "versionType": "Renewal",
    "quotedDownPayment": "138.57",
    "policyTerm": "12",
    "payPlan": "12PayRNEFT",
    "writtenPremium": "1360",
    "feeAmount": "31.28",
    "writtenPremiumWFees": "1391.28",
    "billedAmount": "226.63",
    "billedFeeAmount": "31.28",
    "totalBilledAmount": "257.91",
    "yetToBeBilledAmount": "1133.37",
    "receiptAmount": "138.57",
    "currentDueAmount": "119.34",
    "remainBalanceAmount": "1252.71",
    "writeOffAmount": "0.00",
    "lastActivityAmount": "06/16/2017",
    "lastBilledDate": "07/19/2017"
  },
  {
    "agencyCode": "26892",
    "owner": "NSA_CA.",
    "productNumber": "1",
    "product": "Private Passenger",
    "stateAbbreviation": "CA",
    "policyID": "104600373087001",
    "version": "6",
    "changeNumber": "2",
    "nameInsured": "Duenas Lima, Patricia Carolina",
    "homePhone": "(323) 835-7235",
    "workPhone": null,
    "email": null,
    "effectiveDate": "08/05/2016",
    "expirationDate": null,
    "cancelDate": "08/01/2017",
    "cancelSourceCode": "NONPAY",
    "companyNumber": "60",
    "rateDate": "08/05/2016",
    "producerNumber": "10460",
    "versionStatus": "Cancel Pending",
    "versionType": "Renewal",
    "quotedDownPayment": "150.72",
    "policyTerm": "12",
    "payPlan": "12-Pay REN",
    "writtenPremium": "1527",
    "feeAmount": "123.52",
    "writtenPremiumWFees": "1650.52",
    "billedAmount": "1527.00",
    "billedFeeAmount": "123.52",
    "totalBilledAmount": "1650.52",
    "yetToBeBilledAmount": "0.00",
    "receiptAmount": "1386.32",
    "currentDueAmount": "264.20",
    "remainBalanceAmount": "264.20",
    "writeOffAmount": "0.00",
    "lastActivityAmount": "06/16/2017",
    "lastBilledDate": "06/16/2017"
  },
  {
    "agencyCode": "26892",
    "owner": "NSA_CA.",
    "productNumber": "1",
    "product": "Private Passenger",
    "stateAbbreviation": "CA",
    "policyID": "104600440950001",
    "version": "6",
    "changeNumber": "10",
    "nameInsured": "Barragan, Juan Tellez",
    "homePhone": "(310) 658-0791",
    "workPhone": null,
    "email": null,
    "effectiveDate": "12/03/2016",
    "expirationDate": null,
    "cancelDate": "08/01/2017",
    "cancelSourceCode": "NONPAY",
    "companyNumber": "60",
    "rateDate": "12/03/2016",
    "producerNumber": null,
    "versionStatus": "Cancel Pending",
    "versionType": "Renewal",
    "quotedDownPayment": "148.86",
    "policyTerm": "12",
    "payPlan": "12-PayRNDB",
    "writtenPremium": "1521",
    "feeAmount": "97.28",
    "writtenPremiumWFees": "1618.28",
    "billedAmount": "1012.86",
    "billedFeeAmount": "97.28",
    "totalBilledAmount": "1110.14",
    "yetToBeBilledAmount": "508.14",
    "receiptAmount": "846.06",
    "currentDueAmount": "264.08",
    "remainBalanceAmount": "772.22",
    "writeOffAmount": "0.00",
    "lastActivityAmount": "06/16/2017",
    "lastBilledDate": "07/19/2017"
  },
  {
    "agencyCode": "26892",
    "owner": "NSA_CA.",
    "productNumber": "1",
    "product": "Private Passenger",
    "stateAbbreviation": "CA",
    "policyID": "104600485770001",
    "version": "5",
    "changeNumber": "2",
    "nameInsured": "MONTELONGO, ISMAEL",
    "homePhone": "(626) 330-5720",
    "workPhone": "(   )    -",
    "email": null,
    "effectiveDate": "08/04/2016",
    "expirationDate": null,
    "cancelDate": "08/01/2017",
    "cancelSourceCode": "NONPAY",
    "companyNumber": "60",
    "rateDate": "08/04/2016",
    "producerNumber": null,
    "versionStatus": "Cancel Pending",
    "versionType": "Renewal",
    "quotedDownPayment": "62.74",
    "policyTerm": "12",
    "payPlan": "12PayRNEFT",
    "writtenPremium": "492",
    "feeAmount": "81.76",
    "writtenPremiumWFees": "573.76",
    "billedAmount": "451.00",
    "billedFeeAmount": "81.76",
    "totalBilledAmount": "532.76",
    "yetToBeBilledAmount": "41.00",
    "receiptAmount": "485.76",
    "currentDueAmount": "47.00",
    "remainBalanceAmount": "88.00",
    "writeOffAmount": "0.00",
    "lastActivityAmount": "06/16/2017",
    "lastBilledDate": "06/16/2017"
  },
  {
    "agencyCode": "26892",
    "owner": "NSA_CA.",
    "productNumber": "1",
    "product": "Private Passenger",
    "stateAbbreviation": "CA",
    "policyID": "104600490916001",
    "version": "5",
    "changeNumber": "8",
    "nameInsured": "HERRERA, ANA YOLANDA",
    "homePhone": "(310) 674-3286",
    "workPhone": "(310) 477-9613",
    "email": null,
    "effectiveDate": "08/09/2016",
    "expirationDate": null,
    "cancelDate": "08/01/2017",
    "cancelSourceCode": "NONPAY",
    "companyNumber": "60",
    "rateDate": "08/09/2016",
    "producerNumber": null,
    "versionStatus": "Cancel Pending",
    "versionType": "Renewal",
    "quotedDownPayment": "119.9",
    "policyTerm": "12",
    "payPlan": "12-PayRNDB",
    "writtenPremium": "1965",
    "feeAmount": "161.28",
    "writtenPremiumWFees": "2126.28",
    "billedAmount": "2142.55",
    "billedFeeAmount": "161.28",
    "totalBilledAmount": "2303.83",
    "yetToBeBilledAmount": "-177.55",
    "receiptAmount": "1870.25",
    "currentDueAmount": "256.03",
    "remainBalanceAmount": "256.03",
    "writeOffAmount": "0.00",
    "lastActivityAmount": "06/16/2017",
    "lastBilledDate": "06/16/2017"
  },
  {
    "agencyCode": "26892",
    "owner": "NSA_CA.",
    "productNumber": "1",
    "product": "Private Passenger",
    "stateAbbreviation": "CA",
    "policyID": "104600575545001",
    "version": "5",
    "changeNumber": "2",
    "nameInsured": "MIRANDA, RAQUEL",
    "homePhone": "(310)946-5346",
    "workPhone": "(323)833-5073",
    "email": null,
    "effectiveDate": "10/04/2016",
    "expirationDate": null,
    "cancelDate": "08/01/2017",
    "cancelSourceCode": "NONPAY",
    "companyNumber": "60",
    "rateDate": "10/04/2016",
    "producerNumber": null,
    "versionStatus": "Cancel Pending",
    "versionType": "Renewal",
    "quotedDownPayment": "162.96",
    "policyTerm": "12",
    "payPlan": "12PayRNEFT",
    "writtenPremium": "1674",
    "feeAmount": "71.52",
    "writtenPremiumWFees": "1745.52",
    "billedAmount": "1255.50",
    "billedFeeAmount": "71.52",
    "totalBilledAmount": "1327.02",
    "yetToBeBilledAmount": "418.50",
    "receiptAmount": "1181.52",
    "currentDueAmount": "145.50",
    "remainBalanceAmount": "564.00",
    "writeOffAmount": "0.00",
    "lastActivityAmount": "06/16/2017",
    "lastBilledDate": "06/16/2017"
  },
  {
    "agencyCode": "26892",
    "owner": "NSA_CA.",
    "productNumber": "1",
    "product": "Private Passenger",
    "stateAbbreviation": "CA",
    "policyID": "104600583790001",
    "version": "4",
    "changeNumber": "2",
    "nameInsured": "Murray, Linda",
    "homePhone": "(323) 244-8192",
    "workPhone": null,
    "email": null,
    "effectiveDate": "09/23/2016",
    "expirationDate": null,
    "cancelDate": "08/01/2017",
    "cancelSourceCode": "NONPAY",
    "companyNumber": "60",
    "rateDate": "09/23/2016",
    "producerNumber": "10460",
    "versionStatus": "Cancel Pending",
    "versionType": "Renewal",
    "quotedDownPayment": "164.62",
    "policyTerm": "12",
    "payPlan": "12PayRNEFT",
    "writtenPremium": "1715",
    "feeAmount": "75.76",
    "writtenPremiumWFees": "1790.76",
    "billedAmount": "1572.08",
    "billedFeeAmount": "75.76",
    "totalBilledAmount": "1647.84",
    "yetToBeBilledAmount": "142.92",
    "receiptAmount": "1207.08",
    "currentDueAmount": "440.76",
    "remainBalanceAmount": "583.68",
    "writeOffAmount": "0.00",
    "lastActivityAmount": "06/16/2017",
    "lastBilledDate": "06/16/2017"
  },
  {
    "agencyCode": "26892",
    "owner": "NSA_CA.",
    "productNumber": "1",
    "product": "Private Passenger",
    "stateAbbreviation": "CA",
    "policyID": "104600624409001",
    "version": "5",
    "changeNumber": "3",
    "nameInsured": "Ramos, Esther",
    "homePhone": "(310) 341-9063",
    "workPhone": null,
    "email": null,
    "effectiveDate": "10/30/2016",
    "expirationDate": null,
    "cancelDate": "08/01/2017",
    "cancelSourceCode": "NONPAY",
    "companyNumber": "63",
    "rateDate": "10/30/2016",
    "producerNumber": "10463",
    "versionStatus": "Cancel Pending",
    "versionType": "Renewal",
    "quotedDownPayment": "80",
    "policyTerm": "12",
    "payPlan": "12-PayRNDB",
    "writtenPremium": "1861",
    "feeAmount": "108.52",
    "writtenPremiumWFees": "1969.52",
    "billedAmount": "1300.69",
    "billedFeeAmount": "108.52",
    "totalBilledAmount": "1409.21",
    "yetToBeBilledAmount": "560.31",
    "receiptAmount": "1260.74",
    "currentDueAmount": "148.47",
    "remainBalanceAmount": "708.78",
    "writeOffAmount": "0.00",
    "lastActivityAmount": "06/16/2017",
    "lastBilledDate": "06/16/2017"
  },
  {
    "agencyCode": "26892",
    "owner": "NSA_CA.",
    "productNumber": "1",
    "product": "Private Passenger",
    "stateAbbreviation": "CA",
    "policyID": "104600841958001",
    "version": "4",
    "changeNumber": "2",
    "nameInsured": "Garcia, Oscar Antonio",
    "homePhone": "(310) 433-4238",
    "workPhone": "(310) 484-7000",
    "email": null,
    "effectiveDate": "08/12/2016",
    "expirationDate": null,
    "cancelDate": "08/01/2017",
    "cancelSourceCode": "NONPAY",
    "companyNumber": "60",
    "rateDate": "08/12/2016",
    "producerNumber": "10460",
    "versionStatus": "Cancel Pending",
    "versionType": "Renewal",
    "quotedDownPayment": "73.66",
    "policyTerm": "12",
    "payPlan": "12-PayRNDB",
    "writtenPremium": "623",
    "feeAmount": "141.76",
    "writtenPremiumWFees": "764.76",
    "billedAmount": "674.93",
    "billedFeeAmount": "141.76",
    "totalBilledAmount": "816.69",
    "yetToBeBilledAmount": "-51.93",
    "receiptAmount": "630.94",
    "currentDueAmount": "133.82",
    "remainBalanceAmount": "133.82",
    "writeOffAmount": "0.00",
    "lastActivityAmount": "06/16/2017",
    "lastBilledDate": "06/16/2017"
  },
  {
    "agencyCode": "26892",
    "owner": "NSA_CA.",
    "productNumber": "1",
    "product": "Private Passenger",
    "stateAbbreviation": "CA",
    "policyID": "104600850243001",
    "version": "4",
    "changeNumber": "2",
    "nameInsured": "Gaytan, Carlos Rea",
    "homePhone": "(310) 673-0578",
    "workPhone": "(310) 673-0578",
    "email": null,
    "effectiveDate": "08/26/2016",
    "expirationDate": null,
    "cancelDate": "08/01/2017",
    "cancelSourceCode": "NONPAY",
    "companyNumber": "60",
    "rateDate": "08/26/2016",
    "producerNumber": "10460",
    "versionStatus": "Cancel Pending",
    "versionType": "Renewal",
    "quotedDownPayment": "59",
    "policyTerm": "12",
    "payPlan": "12-PayRNDB",
    "writtenPremium": "442",
    "feeAmount": "171.76",
    "writtenPremiumWFees": "613.76",
    "billedAmount": "625.99",
    "billedFeeAmount": "171.76",
    "totalBilledAmount": "797.75",
    "yetToBeBilledAmount": "-183.99",
    "receiptAmount": "433.39",
    "currentDueAmount": "180.37",
    "remainBalanceAmount": "180.37",
    "writeOffAmount": "0.00",
    "lastActivityAmount": "06/16/2017",
    "lastBilledDate": "06/16/2017"
  },
  {
    "agencyCode": "26892",
    "owner": "NSA_CA.",
    "productNumber": "1",
    "product": "Private Passenger",
    "stateAbbreviation": "CA",
    "policyID": "104600943934001",
    "version": "4",
    "changeNumber": "6",
    "nameInsured": "Diaz, Armando",
    "homePhone": "(310) 431-7095",
    "workPhone": null,
    "email": null,
    "effectiveDate": "03/14/2017",
    "expirationDate": null,
    "cancelDate": "08/01/2017",
    "cancelSourceCode": "NONPAY",
    "companyNumber": "60",
    "rateDate": "03/14/2017",
    "producerNumber": "10460",
    "versionStatus": "Cancel Pending",
    "versionType": "Renewal",
    "quotedDownPayment": "132.06",
    "policyTerm": "12",
    "payPlan": "12-PayRNDB",
    "writtenPremium": "1303",
    "feeAmount": "79.52",
    "writtenPremiumWFees": "1382.52",
    "billedAmount": "777.13",
    "billedFeeAmount": "79.52",
    "totalBilledAmount": "856.65",
    "yetToBeBilledAmount": "525.87",
    "receiptAmount": "369.24",
    "currentDueAmount": "487.41",
    "remainBalanceAmount": "1013.28",
    "writeOffAmount": "0.00",
    "lastActivityAmount": "06/16/2017",
    "lastBilledDate": "06/16/2017"
  },
  {
    "agencyCode": "26892",
    "owner": "NSA_CA.",
    "productNumber": "1",
    "product": "Private Passenger",
    "stateAbbreviation": "CA",
    "policyID": "104601049434001",
    "version": "3",
    "changeNumber": "17",
    "nameInsured": "Agyapong, Francis",
    "homePhone": "(323) 424-5996",
    "workPhone": null,
    "email": null,
    "effectiveDate": "09/26/2016",
    "expirationDate": null,
    "cancelDate": "08/01/2017",
    "cancelSourceCode": "NONPAY",
    "companyNumber": "60",
    "rateDate": "09/26/2016",
    "producerNumber": "10460",
    "versionStatus": "Cancel Pending",
    "versionType": "Renewal",
    "quotedDownPayment": "142.31",
    "policyTerm": "12",
    "payPlan": "12-PayRNDB",
    "writtenPremium": "1842",
    "feeAmount": "210.52",
    "writtenPremiumWFees": "2052.52",
    "billedAmount": "2328.93",
    "billedFeeAmount": "210.52",
    "totalBilledAmount": "2539.45",
    "yetToBeBilledAmount": "-486.93",
    "receiptAmount": "1080.19",
    "currentDueAmount": "972.33",
    "remainBalanceAmount": "972.33",
    "writeOffAmount": "0.00",
    "lastActivityAmount": "06/16/2017",
    "lastBilledDate": "06/16/2017"
  },
  {
    "agencyCode": "26892",
    "owner": "NSA_CA.",
    "productNumber": "1",
    "product": "Private Passenger",
    "stateAbbreviation": "CA",
    "policyID": "104601051702001",
    "version": "3",
    "changeNumber": "7",
    "nameInsured": "Sanchez Trevino, Diva M",
    "homePhone": "(310) 704-7083",
    "workPhone": null,
    "email": null,
    "effectiveDate": "09/24/2016",
    "expirationDate": null,
    "cancelDate": "08/01/2017",
    "cancelSourceCode": "NONPAY",
    "companyNumber": "60",
    "rateDate": "09/24/2016",
    "producerNumber": "10460",
    "versionStatus": "Cancel Pending",
    "versionType": "Renewal",
    "quotedDownPayment": "268.86",
    "policyTerm": "12",
    "payPlan": "12PayRNEFT",
    "writtenPremium": "2251",
    "feeAmount": "104.12",
    "writtenPremiumWFees": "2355.12",
    "billedAmount": "2069.48",
    "billedFeeAmount": "104.12",
    "totalBilledAmount": "2173.60",
    "yetToBeBilledAmount": "181.52",
    "receiptAmount": "1617.04",
    "currentDueAmount": "556.56",
    "remainBalanceAmount": "738.08",
    "writeOffAmount": "0.00",
    "lastActivityAmount": "06/16/2017",
    "lastBilledDate": "06/16/2017"
  },
  {
    "agencyCode": "26892",
    "owner": "NSA_CA.",
    "productNumber": "1",
    "product": "Private Passenger",
    "stateAbbreviation": "CA",
    "policyID": "104601070384001",
    "version": "3",
    "changeNumber": "15",
    "nameInsured": "Reyes Castillo, Carlos",
    "homePhone": "(626) 956-6107",
    "workPhone": null,
    "email": null,
    "effectiveDate": "10/31/2016",
    "expirationDate": null,
    "cancelDate": "08/01/2017",
    "cancelSourceCode": "NONPAY",
    "companyNumber": "60",
    "rateDate": "10/31/2016",
    "producerNumber": "10460",
    "versionStatus": "Cancel Pending",
    "versionType": "Renewal",
    "quotedDownPayment": "79.82",
    "policyTerm": "12",
    "payPlan": "12-Pay REN",
    "writtenPremium": "906",
    "feeAmount": "169.52",
    "writtenPremiumWFees": "1075.52",
    "billedAmount": "901.21",
    "billedFeeAmount": "169.52",
    "totalBilledAmount": "1070.73",
    "yetToBeBilledAmount": "4.79",
    "receiptAmount": "647.98",
    "currentDueAmount": "422.75",
    "remainBalanceAmount": "427.54",
    "writeOffAmount": "0.00",
    "lastActivityAmount": "06/16/2017",
    "lastBilledDate": "06/16/2017"
  },
  {
    "agencyCode": "26892",
    "owner": "NSA_CA.",
    "productNumber": "1",
    "product": "Private Passenger",
    "stateAbbreviation": "CA",
    "policyID": "104603607399001",
    "version": "6",
    "changeNumber": "2",
    "nameInsured": "Dowell, David",
    "homePhone": "(323) 567-7694",
    "workPhone": "(310) 563-5639",
    "email": null,
    "effectiveDate": "01/25/2017",
    "expirationDate": null,
    "cancelDate": "08/01/2017",
    "cancelSourceCode": "NONPAY",
    "companyNumber": "60",
    "rateDate": "01/25/2017",
    "producerNumber": null,
    "versionStatus": "Cancel Pending",
    "versionType": "Renewal",
    "quotedDownPayment": "90",
    "policyTerm": "12",
    "payPlan": "12-PayRNDB",
    "writtenPremium": "819",
    "feeAmount": "71.76",
    "writtenPremiumWFees": "890.76",
    "billedAmount": "409.50",
    "billedFeeAmount": "71.76",
    "totalBilledAmount": "481.26",
    "yetToBeBilledAmount": "409.50",
    "receiptAmount": "410.00",
    "currentDueAmount": "71.26",
    "remainBalanceAmount": "480.76",
    "writeOffAmount": "0.00",
    "lastActivityAmount": "06/16/2017",
    "lastBilledDate": "06/16/2017"
  },
  {
    "agencyCode": "26892",
    "owner": "NSA_CA.",
    "productNumber": "1",
    "product": "Private Passenger",
    "stateAbbreviation": "CA",
    "policyID": "104630080826001",
    "version": "5",
    "changeNumber": "4",
    "nameInsured": "Oviedo, Ana Mercedes",
    "homePhone": "(323) 734-2703",
    "workPhone": null,
    "email": null,
    "effectiveDate": "03/27/2017",
    "expirationDate": null,
    "cancelDate": "08/01/2017",
    "cancelSourceCode": "NONPAY",
    "companyNumber": "60",
    "rateDate": "03/27/2017",
    "producerNumber": "10460",
    "versionStatus": "Cancel Pending",
    "versionType": "Renewal",
    "quotedDownPayment": "125.47",
    "policyTerm": "12",
    "payPlan": "12-PayRNDB",
    "writtenPremium": "2545",
    "feeAmount": "65.28",
    "writtenPremiumWFees": "2610.28",
    "billedAmount": "704.32",
    "billedFeeAmount": "65.28",
    "totalBilledAmount": "769.60",
    "yetToBeBilledAmount": "1840.68",
    "receiptAmount": "306.30",
    "currentDueAmount": "463.30",
    "remainBalanceAmount": "2303.98",
    "writeOffAmount": "0.00",
    "lastActivityAmount": "06/16/2017",
    "lastBilledDate": "06/16/2017"
  },
  {
    "agencyCode": "26892",
    "owner": "NSA_CA.",
    "productNumber": "1",
    "product": "Private Passenger",
    "stateAbbreviation": "CA",
    "policyID": "104630094841001",
    "version": "6",
    "changeNumber": "6",
    "nameInsured": "Massaquoi, Siaka F",
    "homePhone": "(909) 374-3074",
    "workPhone": null,
    "email": "skmassaquoi@yahoo.com",
    "effectiveDate": "12/18/2016",
    "expirationDate": null,
    "cancelDate": "08/01/2017",
    "cancelSourceCode": "NONPAY",
    "companyNumber": "63",
    "rateDate": "12/18/2016",
    "producerNumber": null,
    "versionStatus": "Cancel Pending",
    "versionType": "Renewal",
    "quotedDownPayment": "192.78",
    "policyTerm": "12",
    "payPlan": "12PayRNEFT",
    "writtenPremium": "1654",
    "feeAmount": "91.56",
    "writtenPremiumWFees": "1745.56",
    "billedAmount": "978.34",
    "billedFeeAmount": "91.56",
    "totalBilledAmount": "1069.90",
    "yetToBeBilledAmount": "675.66",
    "receiptAmount": "945.11",
    "currentDueAmount": "124.79",
    "remainBalanceAmount": "800.45",
    "writeOffAmount": "0.00",
    "lastActivityAmount": "07/07/2017",
    "lastBilledDate": "07/07/2017"
  },
  {
    "agencyCode": "26892",
    "owner": "NSA_CA.",
    "productNumber": "1",
    "product": "Private Passenger",
    "stateAbbreviation": "CA",
    "policyID": "104630112353001",
    "version": "5",
    "changeNumber": "17",
    "nameInsured": "Gomez Saenz, Felipe Misael",
    "homePhone": "(310) 927-3633",
    "workPhone": null,
    "email": null,
    "effectiveDate": "08/06/2016",
    "expirationDate": null,
    "cancelDate": "08/01/2017",
    "cancelSourceCode": "NONPAY",
    "companyNumber": "63",
    "rateDate": "08/06/2016",
    "producerNumber": "10463",
    "versionStatus": "Cancel Pending",
    "versionType": "Rewrite",
    "quotedDownPayment": "108.45",
    "policyTerm": "12",
    "payPlan": "12-PayDBRW",
    "writtenPremium": "916",
    "feeAmount": "220.52",
    "writtenPremiumWFees": "1136.52",
    "billedAmount": "1255.60",
    "billedFeeAmount": "220.52",
    "totalBilledAmount": "1476.12",
    "yetToBeBilledAmount": "-339.60",
    "receiptAmount": "900.72",
    "currentDueAmount": "235.80",
    "remainBalanceAmount": "235.80",
    "writeOffAmount": "0.00",
    "lastActivityAmount": "06/16/2017",
    "lastBilledDate": "06/16/2017"
  },
  {
    "agencyCode": "26892",
    "owner": "NSA_CA.",
    "productNumber": "1",
    "product": "Private Passenger",
    "stateAbbreviation": "CA",
    "policyID": "104630136338001",
    "version": "5",
    "changeNumber": "8",
    "nameInsured": "Duke, Karl Leonard",
    "homePhone": "(213) 840-9763",
    "workPhone": null,
    "email": null,
    "effectiveDate": "02/04/2017",
    "expirationDate": null,
    "cancelDate": "08/01/2017",
    "cancelSourceCode": "NONPAY",
    "companyNumber": "63",
    "rateDate": "02/04/2017",
    "producerNumber": "10463",
    "versionStatus": "Cancel Pending",
    "versionType": "Rewrite",
    "quotedDownPayment": "242.7",
    "policyTerm": "12",
    "payPlan": "12-PayDBRW",
    "writtenPremium": "1618",
    "feeAmount": "121.52",
    "writtenPremiumWFees": "1739.52",
    "billedAmount": "1468.54",
    "billedFeeAmount": "121.52",
    "totalBilledAmount": "1590.06",
    "yetToBeBilledAmount": "149.46",
    "receiptAmount": "666.21",
    "currentDueAmount": "923.85",
    "remainBalanceAmount": "1073.31",
    "writeOffAmount": "0.00",
    "lastActivityAmount": "06/16/2017",
    "lastBilledDate": "07/19/2017"
  },
  {
    "agencyCode": "26892",
    "owner": "NSA_CA.",
    "productNumber": "1",
    "product": "Private Passenger",
    "stateAbbreviation": "CA",
    "policyID": "104630141162001",
    "version": "6",
    "changeNumber": "2",
    "nameInsured": "HERNANDEZ, JESUS ERNESTO",
    "homePhone": "(818) 764-0862",
    "workPhone": "(310) 641-3838",
    "email": null,
    "effectiveDate": "03/18/2017",
    "expirationDate": null,
    "cancelDate": "08/01/2017",
    "cancelSourceCode": "NONPAY",
    "companyNumber": "63",
    "rateDate": "03/18/2017",
    "producerNumber": null,
    "versionStatus": "Cancel Pending",
    "versionType": "Renewal",
    "quotedDownPayment": "480",
    "policyTerm": "12",
    "payPlan": "12-PayRNDB",
    "writtenPremium": "5740",
    "feeAmount": "67.04",
    "writtenPremiumWFees": "5807.04",
    "billedAmount": "2856.16",
    "billedFeeAmount": "67.04",
    "totalBilledAmount": "2923.20",
    "yetToBeBilledAmount": "2883.84",
    "receiptAmount": "970.64",
    "currentDueAmount": "1952.56",
    "remainBalanceAmount": "4836.40",
    "writeOffAmount": "0.00",
    "lastActivityAmount": "08/29/2017",
    "lastBilledDate": "08/29/2017"
  },
  {
    "agencyCode": "26892",
    "owner": "NSA_CA.",
    "productNumber": "1",
    "product": "Private Passenger",
    "stateAbbreviation": "CA",
    "policyID": "104630153997001",
    "version": "6",
    "changeNumber": "2",
    "nameInsured": "Harris, Christine",
    "homePhone": "(310) 349-0677",
    "workPhone": null,
    "email": null,
    "effectiveDate": "12/28/2016",
    "expirationDate": null,
    "cancelDate": "08/01/2017",
    "cancelSourceCode": "NONPAY",
    "companyNumber": "63",
    "rateDate": "12/28/2016",
    "producerNumber": "10463",
    "versionStatus": "Cancel Pending",
    "versionType": "Renewal",
    "quotedDownPayment": "129.8",
    "policyTerm": "12",
    "payPlan": "12-PayRNDB",
    "writtenPremium": "1297",
    "feeAmount": "77.76",
    "writtenPremiumWFees": "1374.76",
    "billedAmount": "756.58",
    "billedFeeAmount": "77.76",
    "totalBilledAmount": "834.34",
    "yetToBeBilledAmount": "540.42",
    "receiptAmount": "600.88",
    "currentDueAmount": "233.46",
    "remainBalanceAmount": "773.88",
    "writeOffAmount": "0.00",
    "lastActivityAmount": "06/16/2017",
    "lastBilledDate": "06/16/2017"
  },
  {
    "agencyCode": "26892",
    "owner": "NSA_CA.",
    "productNumber": "1",
    "product": "Private Passenger",
    "stateAbbreviation": "CA",
    "policyID": "104630154991001",
    "version": "6",
    "changeNumber": "6",
    "nameInsured": "Carranza, Irene",
    "homePhone": "(424) 376-2010",
    "workPhone": null,
    "email": null,
    "effectiveDate": "03/06/2017",
    "expirationDate": null,
    "cancelDate": "08/01/2017",
    "cancelSourceCode": "NONPAY",
    "companyNumber": "60",
    "rateDate": "03/06/2017",
    "producerNumber": "10460",
    "versionStatus": "Cancel Pending",
    "versionType": "Renewal",
    "quotedDownPayment": "99.99",
    "policyTerm": "12",
    "payPlan": "12-PayRNDB",
    "writtenPremium": "858",
    "feeAmount": "90.52",
    "writtenPremiumWFees": "948.52",
    "billedAmount": "590.12",
    "billedFeeAmount": "90.52",
    "totalBilledAmount": "680.64",
    "yetToBeBilledAmount": "267.88",
    "receiptAmount": "269.01",
    "currentDueAmount": "411.63",
    "remainBalanceAmount": "679.51",
    "writeOffAmount": "0.00",
    "lastActivityAmount": "06/16/2017",
    "lastBilledDate": "07/19/2017"
  },
  {
    "agencyCode": "26892",
    "owner": "NSA_CA.",
    "productNumber": "1",
    "product": "Private Passenger",
    "stateAbbreviation": "CA",
    "policyID": "104630209150001",
    "version": "11",
    "changeNumber": "2",
    "nameInsured": "Carrillo, Daniel Victor",
    "homePhone": "(310) 619-7904",
    "workPhone": null,
    "email": null,
    "effectiveDate": "04/16/2017",
    "expirationDate": null,
    "cancelDate": "08/01/2017",
    "cancelSourceCode": "NONPAY",
    "companyNumber": "63",
    "rateDate": "04/16/2017",
    "producerNumber": "10463",
    "versionStatus": "Cancel Pending",
    "versionType": "Renewal",
    "quotedDownPayment": "148.15",
    "policyTerm": "12",
    "payPlan": "12-PayRNDB",
    "writtenPremium": "1475",
    "feeAmount": "45.28",
    "writtenPremiumWFees": "1520.28",
    "billedAmount": "368.72",
    "billedFeeAmount": "45.28",
    "totalBilledAmount": "414.00",
    "yetToBeBilledAmount": "1106.28",
    "receiptAmount": "281.08",
    "currentDueAmount": "132.92",
    "remainBalanceAmount": "1239.20",
    "writeOffAmount": "0.00",
    "lastActivityAmount": "05/27/2017",
    "lastBilledDate": "06/15/2017"
  },
  {
    "agencyCode": "26892",
    "owner": "NSA_CA.",
    "productNumber": "1",
    "product": "Private Passenger",
    "stateAbbreviation": "CA",
    "policyID": "104630673834001",
    "version": "6",
    "changeNumber": "12",
    "nameInsured": "Shaw, Deborah",
    "homePhone": null,
    "workPhone": "(323) 742-9077",
    "email": null,
    "effectiveDate": "08/17/2016",
    "expirationDate": null,
    "cancelDate": "08/01/2017",
    "cancelSourceCode": "NONPAY",
    "companyNumber": "63",
    "rateDate": "08/17/2016",
    "producerNumber": "10463",
    "versionStatus": "Cancel Pending",
    "versionType": "Renewal",
    "quotedDownPayment": "173.37",
    "policyTerm": "12",
    "payPlan": "12-PayRNDB",
    "writtenPremium": "1845",
    "feeAmount": "176.76",
    "writtenPremiumWFees": "2021.76",
    "billedAmount": "1845.00",
    "billedFeeAmount": "170.76",
    "totalBilledAmount": "2015.76",
    "yetToBeBilledAmount": "6.00",
    "receiptAmount": "1859.16",
    "currentDueAmount": "156.60",
    "remainBalanceAmount": "162.60",
    "writeOffAmount": "0.00",
    "lastActivityAmount": "07/21/2017",
    "lastBilledDate": "06/29/2017"
  },
  {
    "agencyCode": "26892",
    "owner": "NSA_CA.",
    "productNumber": "1",
    "product": "Private Passenger",
    "stateAbbreviation": "CA",
    "policyID": "104631029279001",
    "version": "3",
    "changeNumber": "13",
    "nameInsured": "Custodio Olmos, Juan Antonio",
    "homePhone": "(818) 795-6939",
    "workPhone": null,
    "email": null,
    "effectiveDate": "08/16/2016",
    "expirationDate": null,
    "cancelDate": "07/31/2017",
    "cancelSourceCode": "NONPAY",
    "companyNumber": "63",
    "rateDate": "08/16/2016",
    "producerNumber": "10463",
    "versionStatus": "Cancel Pending",
    "versionType": "Renewal",
    "quotedDownPayment": "157.63",
    "policyTerm": "12",
    "payPlan": "12-PayRNDB",
    "writtenPremium": "2372",
    "feeAmount": "175.84",
    "writtenPremiumWFees": "2547.84",
    "billedAmount": "2372.00",
    "billedFeeAmount": "169.84",
    "totalBilledAmount": "2541.84",
    "yetToBeBilledAmount": "6.00",
    "receiptAmount": "2207.18",
    "currentDueAmount": "334.66",
    "remainBalanceAmount": "340.66",
    "writeOffAmount": "0.00",
    "lastActivityAmount": "07/18/2017",
    "lastBilledDate": "06/26/2017"
  },
  {
    "agencyCode": "26892",
    "owner": "NSA_CA.",
    "productNumber": "1",
    "product": "Private Passenger",
    "stateAbbreviation": "CA",
    "policyID": "104568782894001",
    "version": "5",
    "changeNumber": "8",
    "nameInsured": "PEREZ, ANA MERCEDES",
    "homePhone": "(310) 523-1703",
    "workPhone": "(   )    -",
    "email": null,
    "effectiveDate": "08/15/2016",
    "expirationDate": null,
    "cancelDate": "07/30/2017",
    "cancelSourceCode": "NONPAY",
    "companyNumber": "63",
    "rateDate": "08/15/2016",
    "producerNumber": null,
    "versionStatus": "Cancel Pending",
    "versionType": "Renewal",
    "quotedDownPayment": "158.38",
    "policyTerm": "12",
    "payPlan": "12-PayRNDB",
    "writtenPremium": "1619",
    "feeAmount": "147.52",
    "writtenPremiumWFees": "1766.52",
    "billedAmount": "1619.00",
    "billedFeeAmount": "141.52",
    "totalBilledAmount": "1760.52",
    "yetToBeBilledAmount": "6.00",
    "receiptAmount": "1615.60",
    "currentDueAmount": "144.92",
    "remainBalanceAmount": "150.92",
    "writeOffAmount": "0.00",
    "lastActivityAmount": "07/17/2017",
    "lastBilledDate": "06/25/2017"
  },
  {
    "agencyCode": "26892",
    "owner": "NSA_CA.",
    "productNumber": "1",
    "product": "Private Passenger",
    "stateAbbreviation": "CA",
    "policyID": "104601027008001",
    "version": "3",
    "changeNumber": "4",
    "nameInsured": "Collins, Ruthie May",
    "homePhone": "(323) 434-3674",
    "workPhone": null,
    "email": null,
    "effectiveDate": "08/15/2016",
    "expirationDate": null,
    "cancelDate": "07/30/2017",
    "cancelSourceCode": "NONPAY",
    "companyNumber": "60",
    "rateDate": "08/15/2016",
    "producerNumber": "10460",
    "versionStatus": "Cancel Pending",
    "versionType": "Renewal",
    "quotedDownPayment": "151",
    "policyTerm": "12",
    "payPlan": "12-PayRNDB",
    "writtenPremium": "1530",
    "feeAmount": "145.52",
    "writtenPremiumWFees": "1675.52",
    "billedAmount": "1530.00",
    "billedFeeAmount": "139.52",
    "totalBilledAmount": "1669.52",
    "yetToBeBilledAmount": "6.00",
    "receiptAmount": "1526.52",
    "currentDueAmount": "143.00",
    "remainBalanceAmount": "149.00",
    "writeOffAmount": "0.00",
    "lastActivityAmount": "07/17/2017",
    "lastBilledDate": "06/28/2017"
  },
  {
    "agencyCode": "26892",
    "owner": "NSA_CA.",
    "productNumber": "1",
    "product": "Private Passenger",
    "stateAbbreviation": "CA",
    "policyID": "104630500773001",
    "version": "5",
    "changeNumber": "16",
    "nameInsured": "Valladolid, Elizabeth",
    "homePhone": "(424) 223-3281",
    "workPhone": null,
    "email": null,
    "effectiveDate": "08/15/2016",
    "expirationDate": null,
    "cancelDate": "07/30/2017",
    "cancelSourceCode": "NONPAY",
    "companyNumber": "63",
    "rateDate": "08/15/2016",
    "producerNumber": null,
    "versionStatus": "Cancel Pending",
    "versionType": "Renewal",
    "quotedDownPayment": "100.81",
    "policyTerm": "12",
    "payPlan": "12-PayRNDB",
    "writtenPremium": "949",
    "feeAmount": "179.76",
    "writtenPremiumWFees": "1128.76",
    "billedAmount": "949.00",
    "billedFeeAmount": "173.76",
    "totalBilledAmount": "1122.76",
    "yetToBeBilledAmount": "6.00",
    "receiptAmount": "1027.68",
    "currentDueAmount": "95.08",
    "remainBalanceAmount": "101.08",
    "writeOffAmount": "0.00",
    "lastActivityAmount": "07/17/2017",
    "lastBilledDate": "06/25/2017"
  },
  {
    "agencyCode": "26892",
    "owner": "NSA_CA.",
    "productNumber": "1",
    "product": "Private Passenger",
    "stateAbbreviation": "CA",
    "policyID": "104631028810001",
    "version": "3",
    "changeNumber": "17",
    "nameInsured": "Edwards, Candace D Denise",
    "homePhone": "(310) 743-3814",
    "workPhone": "(310) 692-5836",
    "email": "CANDACEEDWARDS25@GMAIL.COM",
    "effectiveDate": "08/15/2016",
    "expirationDate": null,
    "cancelDate": "07/30/2017",
    "cancelSourceCode": "NONPAY",
    "companyNumber": "63",
    "rateDate": "08/15/2016",
    "producerNumber": "10463",
    "versionStatus": "Cancel Pending",
    "versionType": "Renewal",
    "quotedDownPayment": "163.3",
    "policyTerm": "12",
    "payPlan": "12-PayRNDB",
    "writtenPremium": "1966",
    "feeAmount": "187.84",
    "writtenPremiumWFees": "2153.84",
    "billedAmount": "1966.00",
    "billedFeeAmount": "181.84",
    "totalBilledAmount": "2147.84",
    "yetToBeBilledAmount": "6.00",
    "receiptAmount": "1920.01",
    "currentDueAmount": "227.83",
    "remainBalanceAmount": "233.83",
    "writeOffAmount": "0.00",
    "lastActivityAmount": "07/17/2017",
    "lastBilledDate": "06/25/2017"
  },
  {
    "agencyCode": "26892",
    "owner": "NSA_CA.",
    "productNumber": "1",
    "product": "Private Passenger",
    "stateAbbreviation": "CA",
    "policyID": "104600134298001",
    "version": "5",
    "changeNumber": "21",
    "nameInsured": "Samayoa, Cristina Marjoriet",
    "homePhone": "(310) 988-6237",
    "workPhone": null,
    "email": null,
    "effectiveDate": "08/14/2016",
    "expirationDate": null,
    "cancelDate": "07/29/2017",
    "cancelSourceCode": "NONPAY",
    "companyNumber": "60",
    "rateDate": "08/14/2016",
    "producerNumber": "10460",
    "versionStatus": "Cancel Pending",
    "versionType": "Renewal",
    "quotedDownPayment": "120.15",
    "policyTerm": "12",
    "payPlan": "12-Pay REN",
    "writtenPremium": "1150",
    "feeAmount": "199.40",
    "writtenPremiumWFees": "1349.40",
    "billedAmount": "1150.00",
    "billedFeeAmount": "193.40",
    "totalBilledAmount": "1343.40",
    "yetToBeBilledAmount": "6.00",
    "receiptAmount": "1234.85",
    "currentDueAmount": "108.55",
    "remainBalanceAmount": "114.55",
    "writeOffAmount": "0.00",
    "lastActivityAmount": "07/17/2017",
    "lastBilledDate": "06/30/2017"
  },
  {
    "agencyCode": "26892",
    "owner": "NSA_CA.",
    "productNumber": "1",
    "product": "Private Passenger",
    "stateAbbreviation": "CA",
    "policyID": "104630512981001",
    "version": "5",
    "changeNumber": "14",
    "nameInsured": "Hernandez Ramos, Delma Liset",
    "homePhone": "(310) 619-3219",
    "workPhone": null,
    "email": null,
    "effectiveDate": "08/11/2016",
    "expirationDate": null,
    "cancelDate": "07/26/2017",
    "cancelSourceCode": "NONPAY",
    "companyNumber": "63",
    "rateDate": "08/11/2016",
    "producerNumber": "10463",
    "versionStatus": "Cancel Pending",
    "versionType": "Renewal",
    "quotedDownPayment": "393.48",
    "policyTerm": "12",
    "payPlan": "12-PayRNDB",
    "writtenPremium": "3243",
    "feeAmount": "188.92",
    "writtenPremiumWFees": "3431.92",
    "billedAmount": "3243.00",
    "billedFeeAmount": "182.92",
    "totalBilledAmount": "3425.92",
    "yetToBeBilledAmount": "6.00",
    "receiptAmount": "3106.95",
    "currentDueAmount": "318.97",
    "remainBalanceAmount": "324.97",
    "writeOffAmount": "0.00",
    "lastActivityAmount": "07/13/2017",
    "lastBilledDate": "06/21/2017"
  },
  {
    "agencyCode": "26892",
    "owner": "NSA_CA.",
    "productNumber": "1",
    "product": "Private Passenger",
    "stateAbbreviation": "CA",
    "policyID": "104601116594001",
    "version": "5",
    "changeNumber": "7",
    "nameInsured": "Rojano Solano, Gilberto",
    "homePhone": "(323) 365-3588",
    "workPhone": null,
    "email": null,
    "effectiveDate": "02/07/2017",
    "expirationDate": null,
    "cancelDate": "07/22/2017",
    "cancelSourceCode": "NONPAY",
    "companyNumber": "60",
    "rateDate": "02/07/2017",
    "producerNumber": "10460",
    "versionStatus": "Cancel Pending",
    "versionType": "Renewal",
    "quotedDownPayment": "281.14",
    "policyTerm": "6",
    "payPlan": "6-Pay RNDB",
    "writtenPremium": "1573",
    "feeAmount": "100.20",
    "writtenPremiumWFees": "1673.20",
    "billedAmount": "1470.00",
    "billedFeeAmount": "93.76",
    "totalBilledAmount": "1563.76",
    "yetToBeBilledAmount": "109.44",
    "receiptAmount": "1344.44",
    "currentDueAmount": "219.32",
    "remainBalanceAmount": "328.76",
    "writeOffAmount": "0.00",
    "lastActivityAmount": "07/20/2017",
    "lastBilledDate": "06/17/2017"
  },
  {
    "agencyCode": "26892",
    "owner": "NSA_CA.",
    "productNumber": "1",
    "product": "Private Passenger",
    "stateAbbreviation": "CA",
    "policyID": "104630231872001",
    "version": "10",
    "changeNumber": "11",
    "nameInsured": "Williams, Billy Ray",
    "homePhone": "(323) 527-1483",
    "workPhone": "(310) 677-2436",
    "email": null,
    "effectiveDate": "01/20/2017",
    "expirationDate": null,
    "cancelDate": "07/01/2017",
    "cancelSourceCode": "NONPAY",
    "companyNumber": "63",
    "rateDate": "01/20/2017",
    "producerNumber": "10463",
    "versionStatus": "Cancel Pending",
    "versionType": "Rewrite",
    "quotedDownPayment": "93.75",
    "policyTerm": "12",
    "payPlan": "12-PayDBRW",
    "writtenPremium": "1456",
    "feeAmount": "121.52",
    "writtenPremiumWFees": "1577.52",
    "billedAmount": "644.86",
    "billedFeeAmount": "121.52",
    "totalBilledAmount": "766.38",
    "yetToBeBilledAmount": "811.14",
    "receiptAmount": "615.19",
    "currentDueAmount": "151.19",
    "remainBalanceAmount": "962.33",
    "writeOffAmount": "0.00",
    "lastActivityAmount": "07/21/2017",
    "lastBilledDate": "05/28/2017"
  },
  {
    "agencyCode": "26892",
    "owner": "NSA_CA.",
    "productNumber": "1",
    "product": "Private Passenger",
    "stateAbbreviation": "CA",
    "policyID": "104630264883001",
    "version": "6",
    "changeNumber": "3",
    "nameInsured": "Jeffrey-simms, Janice Faye",
    "homePhone": "(661)575-4473",
    "workPhone": null,
    "email": "Samuelesimms@gmail.com",
    "effectiveDate": "10/23/2016",
    "expirationDate": null,
    "cancelDate": "06/08/2017",
    "cancelSourceCode": "UW",
    "companyNumber": "63",
    "rateDate": "10/23/2016",
    "producerNumber": "10463",
    "versionStatus": "Cancel Pending",
    "versionType": "Renewal",
    "quotedDownPayment": "263.68",
    "policyTerm": "12",
    "payPlan": "12PayRNEFT",
    "writtenPremium": "4838",
    "feeAmount": "77.28",
    "writtenPremiumWFees": "4915.28",
    "billedAmount": "3001.43",
    "billedFeeAmount": "77.28",
    "totalBilledAmount": "3078.71",
    "yetToBeBilledAmount": "1836.57",
    "receiptAmount": "2613.56",
    "currentDueAmount": "465.15",
    "remainBalanceAmount": "2301.72",
    "writeOffAmount": "0.00",
    "lastActivityAmount": "05/08/2017",
    "lastBilledDate": "05/08/2017"
  },
  {
    "agencyCode": "26892",
    "owner": "NSA_CA.",
    "productNumber": "1",
    "product": "Private Passenger",
    "stateAbbreviation": "CA",
    "policyID": "104630747958001",
    "version": "5",
    "changeNumber": "2",
    "nameInsured": "Web, Myesha Denise",
    "homePhone": "(323) 823-3984",
    "workPhone": null,
    "email": null,
    "effectiveDate": "03/18/2017",
    "expirationDate": null,
    "cancelDate": "06/07/2017",
    "cancelSourceCode": "UW",
    "companyNumber": "63",
    "rateDate": "03/18/2017",
    "producerNumber": "10463",
    "versionStatus": "Cancel Pending",
    "versionType": "Renewal",
    "quotedDownPayment": "105.56",
    "policyTerm": "12",
    "payPlan": "12PayRNEFT",
    "writtenPremium": "1006",
    "feeAmount": "33.76",
    "writtenPremiumWFees": "1039.76",
    "billedAmount": "251.48",
    "billedFeeAmount": "33.76",
    "totalBilledAmount": "285.24",
    "yetToBeBilledAmount": "754.52",
    "receiptAmount": "285.24",
    "currentDueAmount": "0",
    "remainBalanceAmount": "754.52",
    "writeOffAmount": "0.00",
    "lastActivityAmount": "05/16/2017",
    "lastBilledDate": "05/03/2017"
  },
  {
    "agencyCode": "26892",
    "owner": "NSA_CA.",
    "productNumber": "1",
    "product": "Private Passenger",
    "stateAbbreviation": "CA",
    "policyID": "104630442842001",
    "version": "5",
    "changeNumber": "15",
    "nameInsured": "GUTIERREZ, MIGUEL ANGEL",
    "homePhone": "(310) 674-7565",
    "workPhone": null,
    "email": null,
    "effectiveDate": "07/11/2016",
    "expirationDate": null,
    "cancelDate": "06/02/2017",
    "cancelSourceCode": "NONPAY",
    "companyNumber": "63",
    "rateDate": "07/11/2016",
    "producerNumber": null,
    "versionStatus": "Cancel Pending",
    "versionType": "Renewal",
    "quotedDownPayment": "108.58",
    "policyTerm": "12",
    "payPlan": "12-Pay REN",
    "writtenPremium": "1320",
    "feeAmount": "183.36",
    "writtenPremiumWFees": "1503.36",
    "billedAmount": "1254.30",
    "billedFeeAmount": "177.36",
    "totalBilledAmount": "1431.66",
    "yetToBeBilledAmount": "71.70",
    "receiptAmount": "1355.96",
    "currentDueAmount": "75.70",
    "remainBalanceAmount": "147.40",
    "writeOffAmount": "0.00",
    "lastActivityAmount": "05/14/2017",
    "lastBilledDate": "04/21/2017"
  },
  {
    "agencyCode": "26892",
    "owner": "NSA_CA.",
    "productNumber": "1",
    "product": "Private Passenger",
    "stateAbbreviation": "CA",
    "policyID": "104630733050001",
    "version": "9",
    "changeNumber": "2",
    "nameInsured": "Madison Iii, Glenn Dennis",
    "homePhone": "(310) 766-1282",
    "workPhone": null,
    "email": null,
    "effectiveDate": "03/14/2017",
    "expirationDate": null,
    "cancelDate": "06/02/2017",
    "cancelSourceCode": "NONPAY",
    "companyNumber": "63",
    "rateDate": "03/14/2017",
    "producerNumber": "10463",
    "versionStatus": "Cancel Pending",
    "versionType": "Rewrite",
    "quotedDownPayment": "247.35",
    "policyTerm": "12",
    "payPlan": "12-PayDBRW",
    "writtenPremium": "1652",
    "feeAmount": "44.52",
    "writtenPremiumWFees": "1696.52",
    "billedAmount": "479.41",
    "billedFeeAmount": "38.52",
    "totalBilledAmount": "517.93",
    "yetToBeBilledAmount": "1178.59",
    "receiptAmount": "399.56",
    "currentDueAmount": "118.37",
    "remainBalanceAmount": "1296.96",
    "writeOffAmount": "0.00",
    "lastActivityAmount": "05/11/2017",
    "lastBilledDate": "06/19/2017"
  },
  {
    "agencyCode": "26892",
    "owner": "NSA_CA.",
    "productNumber": "1",
    "product": "Private Passenger",
    "stateAbbreviation": "CA",
    "policyID": "104588028670001",
    "version": "5",
    "changeNumber": "2",
    "nameInsured": "Davis, Yolande Leticia",
    "homePhone": "(323) 234-1610",
    "workPhone": "(310) 385-6043",
    "email": null,
    "effectiveDate": "11/12/2016",
    "expirationDate": null,
    "cancelDate": "05/31/2017",
    "cancelSourceCode": "UW",
    "companyNumber": "60",
    "rateDate": "11/12/2016",
    "producerNumber": null,
    "versionStatus": "Cancel Pending",
    "versionType": "Renewal",
    "quotedDownPayment": "133.72",
    "policyTerm": "12",
    "payPlan": "12PayRNEFT",
    "writtenPremium": "1344",
    "feeAmount": "57.76",
    "writtenPremiumWFees": "1401.76",
    "billedAmount": "784.00",
    "billedFeeAmount": "57.76",
    "totalBilledAmount": "841.76",
    "yetToBeBilledAmount": "560.00",
    "receiptAmount": "841.76",
    "currentDueAmount": "0",
    "remainBalanceAmount": "560.00",
    "writeOffAmount": "0.00",
    "lastActivityAmount": "05/10/2017",
    "lastBilledDate": "04/27/2017"
  },
  {
    "agencyCode": "26892",
    "owner": "NSA_CA.",
    "productNumber": "1",
    "product": "Private Passenger",
    "stateAbbreviation": "CA",
    "policyID": "104600080479001",
    "version": "7",
    "changeNumber": "2",
    "nameInsured": "KELLER, MARK",
    "homePhone": "(310) 676-3829",
    "workPhone": "(310) 676-3829",
    "email": null,
    "effectiveDate": "04/04/2017",
    "expirationDate": null,
    "cancelDate": "05/31/2017",
    "cancelSourceCode": "UW",
    "companyNumber": "60",
    "rateDate": "04/04/2017",
    "producerNumber": null,
    "versionStatus": "Cancel Pending",
    "versionType": "Rewrite",
    "quotedDownPayment": "196.35",
    "policyTerm": "12",
    "payPlan": "12-PayDBRW",
    "writtenPremium": "1911",
    "feeAmount": "40.28",
    "writtenPremiumWFees": "1951.28",
    "billedAmount": "324.70",
    "billedFeeAmount": "40.28",
    "totalBilledAmount": "364.98",
    "yetToBeBilledAmount": "1586.30",
    "receiptAmount": "387.98",
    "currentDueAmount": "0",
    "remainBalanceAmount": "1563.30",
    "writeOffAmount": "0.00",
    "lastActivityAmount": "08/29/2017",
    "lastBilledDate": "08/29/2017"
  },
  {
    "agencyCode": "26892",
    "owner": "NSA_CA.",
    "productNumber": "1",
    "product": "Private Passenger",
    "stateAbbreviation": "CA",
    "policyID": "104630066935001",
    "version": "6",
    "changeNumber": "7",
    "nameInsured": "Hernandez, Selsa Hernandez",
    "homePhone": "(714) 507-9273",
    "workPhone": null,
    "email": null,
    "effectiveDate": "10/13/2016",
    "expirationDate": null,
    "cancelDate": "05/31/2017",
    "cancelSourceCode": "UW",
    "companyNumber": "63",
    "rateDate": "10/13/2016",
    "producerNumber": "10463",
    "versionStatus": "Cancel Pending",
    "versionType": "Renewal",
    "quotedDownPayment": "137.56",
    "policyTerm": "12",
    "payPlan": "12PayRNEFT",
    "writtenPremium": "1369",
    "feeAmount": "107.52",
    "writtenPremiumWFees": "1476.52",
    "billedAmount": "912.67",
    "billedFeeAmount": "101.52",
    "totalBilledAmount": "1014.19",
    "yetToBeBilledAmount": "462.33",
    "receiptAmount": "884.10",
    "currentDueAmount": "130.09",
    "remainBalanceAmount": "592.42",
    "writeOffAmount": "0.00",
    "lastActivityAmount": "05/15/2017",
    "lastBilledDate": "05/06/2017"
  },
  {
    "agencyCode": "26892",
    "owner": "NSA_CA.",
    "productNumber": "1",
    "product": "Private Passenger",
    "stateAbbreviation": "CA",
    "policyID": "104601078093001",
    "version": "3",
    "changeNumber": "2",
    "nameInsured": "Wadman, Justin Michael",
    "homePhone": "(310) 662-3355",
    "workPhone": null,
    "email": null,
    "effectiveDate": "11/21/2016",
    "expirationDate": null,
    "cancelDate": "05/30/2017",
    "cancelSourceCode": "UW",
    "companyNumber": "60",
    "rateDate": "11/21/2016",
    "producerNumber": "10460",
    "versionStatus": "Cancel Pending",
    "versionType": "Renewal",
    "quotedDownPayment": "155.22",
    "policyTerm": "12",
    "payPlan": "12-PayRNDB",
    "writtenPremium": "1581",
    "feeAmount": "83.52",
    "writtenPremiumWFees": "1664.52",
    "billedAmount": "922.25",
    "billedFeeAmount": "83.52",
    "totalBilledAmount": "1005.77",
    "yetToBeBilledAmount": "658.75",
    "receiptAmount": "864.02",
    "currentDueAmount": "141.75",
    "remainBalanceAmount": "800.50",
    "writeOffAmount": "49.50",
    "lastActivityAmount": "08/29/2017",
    "lastBilledDate": "05/01/2017"
  },
  {
    "agencyCode": "26892",
    "owner": "NSA_CA.",
    "productNumber": "1",
    "product": "Private Passenger",
    "stateAbbreviation": "CA",
    "policyID": "104213599565001",
    "version": "5",
    "changeNumber": "8",
    "nameInsured": "Lockhart, Vecoda Elaine",
    "homePhone": null,
    "workPhone": "(424) 236-0836",
    "email": "vecodalockhart@aol.com",
    "effectiveDate": "11/14/2016",
    "expirationDate": null,
    "cancelDate": "05/29/2017",
    "cancelSourceCode": "NONPAY",
    "companyNumber": "63",
    "rateDate": "11/14/2016",
    "producerNumber": null,
    "versionStatus": "Cancel Pending",
    "versionType": "Renewal",
    "quotedDownPayment": "313.99",
    "policyTerm": "12",
    "payPlan": "12-PayRNDB",
    "writtenPremium": "3487",
    "feeAmount": "107.52",
    "writtenPremiumWFees": "3594.52",
    "billedAmount": "2034.05",
    "billedFeeAmount": "101.52",
    "totalBilledAmount": "2135.57",
    "yetToBeBilledAmount": "1458.95",
    "receiptAmount": "1847.29",
    "currentDueAmount": "288.28",
    "remainBalanceAmount": "1747.23",
    "writeOffAmount": "0.00",
    "lastActivityAmount": "11/14/2018",
    "lastBilledDate": "04/30/2017"
  },
  {
    "agencyCode": "26892",
    "owner": "NSA_CA.",
    "productNumber": "1",
    "product": "Private Passenger",
    "stateAbbreviation": "CA",
    "policyID": "104582227233001",
    "version": "6",
    "changeNumber": "2",
    "nameInsured": "Crittenden, Cliffton Lee",
    "homePhone": "(310) 217-0781",
    "workPhone": null,
    "email": null,
    "effectiveDate": "04/14/2017",
    "expirationDate": null,
    "cancelDate": "05/29/2017",
    "cancelSourceCode": "NONPAY",
    "companyNumber": "60",
    "rateDate": "04/14/2017",
    "producerNumber": null,
    "versionStatus": "Cancel Pending",
    "versionType": "Renewal",
    "quotedDownPayment": "116.23",
    "policyTerm": "12",
    "payPlan": "12-PayRNDB",
    "writtenPremium": "1112",
    "feeAmount": "39.52",
    "writtenPremiumWFees": "1151.52",
    "billedAmount": "233.94",
    "billedFeeAmount": "33.52",
    "totalBilledAmount": "267.46",
    "yetToBeBilledAmount": "884.06",
    "receiptAmount": "153.23",
    "currentDueAmount": "114.23",
    "remainBalanceAmount": "998.29",
    "writeOffAmount": "17.29",
    "lastActivityAmount": "08/29/2017",
    "lastBilledDate": "08/29/2017"
  },
  {
    "agencyCode": "26892",
    "owner": "NSA_CA.",
    "productNumber": "1",
    "product": "Private Passenger",
    "stateAbbreviation": "CA",
    "policyID": "104600403682001",
    "version": "5",
    "changeNumber": "18",
    "nameInsured": "TAYLOR, LISA",
    "homePhone": "(323) 778-2396",
    "workPhone": "(555) 555-5555",
    "email": null,
    "effectiveDate": "06/14/2016",
    "expirationDate": null,
    "cancelDate": "05/29/2017",
    "cancelSourceCode": "NONPAY",
    "companyNumber": "60",
    "rateDate": "06/14/2016",
    "producerNumber": null,
    "versionStatus": "Cancel Pending",
    "versionType": "Renewal",
    "quotedDownPayment": "192.69",
    "policyTerm": "12",
    "payPlan": "12-PayRNDB",
    "writtenPremium": "2052",
    "feeAmount": "173.76",
    "writtenPremiumWFees": "2225.76",
    "billedAmount": "2052.00",
    "billedFeeAmount": "167.76",
    "totalBilledAmount": "2219.76",
    "yetToBeBilledAmount": "6.00",
    "receiptAmount": "2038.76",
    "currentDueAmount": "181.00",
    "remainBalanceAmount": "187.00",
    "writeOffAmount": "0.00",
    "lastActivityAmount": "05/16/2017",
    "lastBilledDate": "05/02/2017"
  },
  {
    "agencyCode": "26892",
    "owner": "NSA_CA.",
    "productNumber": "1",
    "product": "Private Passenger",
    "stateAbbreviation": "CA",
    "policyID": "104630342058001",
    "version": "6",
    "changeNumber": "2",
    "nameInsured": "Portis, Olivia Delores",
    "homePhone": "(424) 221-0235",
    "workPhone": null,
    "email": null,
    "effectiveDate": "04/11/2017",
    "expirationDate": null,
    "cancelDate": "05/29/2017",
    "cancelSourceCode": "NONPAY",
    "companyNumber": "63",
    "rateDate": "04/11/2017",
    "producerNumber": "10463",
    "versionStatus": "Cancel Pending",
    "versionType": "Renewal",
    "quotedDownPayment": "95.15",
    "policyTerm": "12",
    "payPlan": "12PayRNEFT",
    "writtenPremium": "881",
    "feeAmount": "63.76",
    "writtenPremiumWFees": "944.76",
    "billedAmount": "146.81",
    "billedFeeAmount": "27.76",
    "totalBilledAmount": "174.57",
    "yetToBeBilledAmount": "770.19",
    "receiptAmount": "95.15",
    "currentDueAmount": "79.42",
    "remainBalanceAmount": "849.61",
    "writeOffAmount": "78.61",
    "lastActivityAmount": "08/29/2017",
    "lastBilledDate": "04/26/2017"
  },
  {
    "agencyCode": "26892",
    "owner": "NSA_CA.",
    "productNumber": "1",
    "product": "Private Passenger",
    "stateAbbreviation": "CA",
    "policyID": "104630545001001",
    "version": "5",
    "changeNumber": "12",
    "nameInsured": "VALERIANOFLORES, IGNACIO ARMANDO",
    "homePhone": "(424) 456-4886",
    "workPhone": "(   )    -",
    "email": null,
    "effectiveDate": "09/14/2016",
    "expirationDate": null,
    "cancelDate": "05/29/2017",
    "cancelSourceCode": "NONPAY",
    "companyNumber": "63",
    "rateDate": "09/14/2016",
    "producerNumber": null,
    "versionStatus": "Cancel Pending",
    "versionType": "Renewal",
    "quotedDownPayment": "107.16",
    "policyTerm": "12",
    "payPlan": "12-Pay REN",
    "writtenPremium": "764",
    "feeAmount": "159.52",
    "writtenPremiumWFees": "923.52",
    "billedAmount": "573.00",
    "billedFeeAmount": "153.52",
    "totalBilledAmount": "726.52",
    "yetToBeBilledAmount": "197.00",
    "receiptAmount": "646.85",
    "currentDueAmount": "79.67",
    "remainBalanceAmount": "276.67",
    "writeOffAmount": "0.00",
    "lastActivityAmount": "05/16/2017",
    "lastBilledDate": "04/24/2017"
  },
  {
    "agencyCode": "26892",
    "owner": "NSA_CA.",
    "productNumber": "1",
    "product": "Private Passenger",
    "stateAbbreviation": "CA",
    "policyID": "104630628918001",
    "version": "6",
    "changeNumber": "14",
    "nameInsured": "Mingo, Coretta Lashon",
    "homePhone": "(323) 572-1534",
    "workPhone": null,
    "email": null,
    "effectiveDate": "11/14/2016",
    "expirationDate": null,
    "cancelDate": "05/29/2017",
    "cancelSourceCode": "NONPAY",
    "companyNumber": "63",
    "rateDate": "11/14/2016",
    "producerNumber": "10463",
    "versionStatus": "Cancel Pending",
    "versionType": "Renewal",
    "quotedDownPayment": "140.14",
    "policyTerm": "12",
    "payPlan": "12-PayRNDB",
    "writtenPremium": "2032",
    "feeAmount": "126.28",
    "writtenPremiumWFees": "2158.28",
    "billedAmount": "1132.65",
    "billedFeeAmount": "120.28",
    "totalBilledAmount": "1252.93",
    "yetToBeBilledAmount": "905.35",
    "receiptAmount": "1057.06",
    "currentDueAmount": "195.87",
    "remainBalanceAmount": "1101.22",
    "writeOffAmount": "0.00",
    "lastActivityAmount": "05/16/2017",
    "lastBilledDate": "04/30/2017"
  },
  {
    "agencyCode": "26892",
    "owner": "NSA_CA.",
    "productNumber": "1",
    "product": "Private Passenger",
    "stateAbbreviation": "CA",
    "policyID": "104631321379001",
    "version": "2",
    "changeNumber": "2",
    "nameInsured": "Sandoval, Alma E.",
    "homePhone": "(310) 242-1128",
    "workPhone": null,
    "email": null,
    "effectiveDate": "03/14/2017",
    "expirationDate": null,
    "cancelDate": "05/29/2017",
    "cancelSourceCode": "NONPAY",
    "companyNumber": "63",
    "rateDate": "03/14/2017",
    "producerNumber": "10463",
    "versionStatus": "Cancel Pending",
    "versionType": "Renewal",
    "quotedDownPayment": "138.21",
    "policyTerm": "12",
    "payPlan": "12-Pay REN",
    "writtenPremium": "1398",
    "feeAmount": "47.76",
    "writtenPremiumWFees": "1445.76",
    "billedAmount": "349.47",
    "billedFeeAmount": "41.76",
    "totalBilledAmount": "391.23",
    "yetToBeBilledAmount": "1054.53",
    "receiptAmount": "264.72",
    "currentDueAmount": "126.51",
    "remainBalanceAmount": "1181.04",
    "writeOffAmount": "0.00",
    "lastActivityAmount": "05/16/2017",
    "lastBilledDate": "04/24/2017"
  },
  {
    "agencyCode": "26892",
    "owner": "NSA_CA.",
    "productNumber": "1",
    "product": "Private Passenger",
    "stateAbbreviation": "CA",
    "policyID": "104631400118001",
    "version": "1",
    "changeNumber": "13",
    "nameInsured": "Ortega, Gabriela",
    "homePhone": "(562) 537-0761",
    "workPhone": null,
    "email": null,
    "effectiveDate": "10/14/2016",
    "expirationDate": null,
    "cancelDate": "05/29/2017",
    "cancelSourceCode": "NONPAY",
    "companyNumber": "63",
    "rateDate": "10/14/2016",
    "producerNumber": "10463",
    "versionStatus": "Cancel Pending",
    "versionType": "New",
    "quotedDownPayment": "111.66",
    "policyTerm": "12",
    "payPlan": "12-Pay DB",
    "writtenPremium": "849",
    "feeAmount": "132.76",
    "writtenPremiumWFees": "981.76",
    "billedAmount": "571.16",
    "billedFeeAmount": "126.76",
    "totalBilledAmount": "697.92",
    "yetToBeBilledAmount": "283.84",
    "receiptAmount": "619.00",
    "currentDueAmount": "78.92",
    "remainBalanceAmount": "362.76",
    "writeOffAmount": "0.00",
    "lastActivityAmount": "05/16/2017",
    "lastBilledDate": "04/26/2017"
  },
  {
    "agencyCode": "26892",
    "owner": "NSA_CA.",
    "productNumber": "1",
    "product": "Private Passenger",
    "stateAbbreviation": "CA",
    "policyID": "104631424108001",
    "version": "1",
    "changeNumber": "5",
    "nameInsured": "Enriquez Larios, Luis Alfredo",
    "homePhone": "(323) 439-1894",
    "workPhone": null,
    "email": "LUCILAQUERO@YAHOO.COM",
    "effectiveDate": "01/14/2017",
    "expirationDate": null,
    "cancelDate": "05/29/2017",
    "cancelSourceCode": "NONPAY",
    "companyNumber": "63",
    "rateDate": "01/14/2017",
    "producerNumber": "10463",
    "versionStatus": "Cancel Pending",
    "versionType": "New",
    "quotedDownPayment": "116.26",
    "policyTerm": "12",
    "payPlan": "12-Pay DB",
    "writtenPremium": "1011",
    "feeAmount": "83.76",
    "writtenPremiumWFees": "1094.76",
    "billedAmount": "408.20",
    "billedFeeAmount": "77.76",
    "totalBilledAmount": "485.96",
    "yetToBeBilledAmount": "608.80",
    "receiptAmount": "389.84",
    "currentDueAmount": "96.12",
    "remainBalanceAmount": "704.92",
    "writeOffAmount": "0.00",
    "lastActivityAmount": "05/16/2017",
    "lastBilledDate": "04/24/2017"
  },
  {
    "agencyCode": "26892",
    "owner": "NSA_CA.",
    "productNumber": "1",
    "product": "Private Passenger",
    "stateAbbreviation": "CA",
    "policyID": "104600545482001",
    "version": "5",
    "changeNumber": "4",
    "nameInsured": "BARRIOS, VICTORINO",
    "homePhone": "(323) 526-4881",
    "workPhone": "(310) 672-2694",
    "email": null,
    "effectiveDate": "09/13/2016",
    "expirationDate": null,
    "cancelDate": "05/28/2017",
    "cancelSourceCode": "NONPAY",
    "companyNumber": "60",
    "rateDate": "09/13/2016",
    "producerNumber": null,
    "versionStatus": "Cancel Pending",
    "versionType": "Renewal",
    "quotedDownPayment": "200",
    "policyTerm": "12",
    "payPlan": "12-PayRNDB",
    "writtenPremium": "1737",
    "feeAmount": "122.60",
    "writtenPremiumWFees": "1859.60",
    "billedAmount": "1195.20",
    "billedFeeAmount": "116.60",
    "totalBilledAmount": "1311.80",
    "yetToBeBilledAmount": "547.80",
    "receiptAmount": "1271.20",
    "currentDueAmount": "40.60",
    "remainBalanceAmount": "588.40",
    "writeOffAmount": "0.00",
    "lastActivityAmount": "05/15/2017",
    "lastBilledDate": "04/23/2017"
  },
  {
    "agencyCode": "26892",
    "owner": "NSA_CA.",
    "productNumber": "1",
    "product": "Private Passenger",
    "stateAbbreviation": "CA",
    "policyID": "104600933157001",
    "version": "4",
    "changeNumber": "8",
    "nameInsured": "Jones, Matthew Charles",
    "homePhone": "(714) 866-9510",
    "workPhone": null,
    "email": null,
    "effectiveDate": "01/13/2017",
    "expirationDate": null,
    "cancelDate": "05/28/2017",
    "cancelSourceCode": "NONPAY",
    "companyNumber": "60",
    "rateDate": "01/13/2017",
    "producerNumber": "10460",
    "versionStatus": "Cancel Pending",
    "versionType": "Renewal",
    "quotedDownPayment": "167.12",
    "policyTerm": "12",
    "payPlan": "12-PayRNDB",
    "writtenPremium": "1745",
    "feeAmount": "85.76",
    "writtenPremiumWFees": "1830.76",
    "billedAmount": "727.06",
    "billedFeeAmount": "79.76",
    "totalBilledAmount": "806.82",
    "yetToBeBilledAmount": "1023.94",
    "receiptAmount": "645.40",
    "currentDueAmount": "161.42",
    "remainBalanceAmount": "1185.36",
    "writeOffAmount": "0.00",
    "lastActivityAmount": "05/15/2017",
    "lastBilledDate": "05/23/2017"
  },
  {
    "agencyCode": "26892",
    "owner": "NSA_CA.",
    "productNumber": "1",
    "product": "Private Passenger",
    "stateAbbreviation": "CA",
    "policyID": "104601027441001",
    "version": "3",
    "changeNumber": "18",
    "nameInsured": "Pedregon, Jesus Paul",
    "homePhone": "(562) 479-9260",
    "workPhone": null,
    "email": null,
    "effectiveDate": "08/13/2016",
    "expirationDate": null,
    "cancelDate": "05/28/2017",
    "cancelSourceCode": "NONPAY",
    "companyNumber": "60",
    "rateDate": "08/13/2016",
    "producerNumber": "10460",
    "versionStatus": "Cancel Pending",
    "versionType": "Renewal",
    "quotedDownPayment": "65.33",
    "policyTerm": "12",
    "payPlan": "12-PayRNDB",
    "writtenPremium": "523",
    "feeAmount": "165.76",
    "writtenPremiumWFees": "688.76",
    "billedAmount": "435.84",
    "billedFeeAmount": "159.76",
    "totalBilledAmount": "595.60",
    "yetToBeBilledAmount": "93.16",
    "receiptAmount": "536.02",
    "currentDueAmount": "59.58",
    "remainBalanceAmount": "152.74",
    "writeOffAmount": "0.00",
    "lastActivityAmount": "05/15/2017",
    "lastBilledDate": "04/23/2017"
  },
  {
    "agencyCode": "26892",
    "owner": "NSA_CA.",
    "productNumber": "1",
    "product": "Private Passenger",
    "stateAbbreviation": "CA",
    "policyID": "104601256682001",
    "version": "2",
    "changeNumber": "2",
    "nameInsured": "Rodriguez Lopez, Roberto",
    "homePhone": "(310) 242-3279",
    "workPhone": null,
    "email": null,
    "effectiveDate": "10/13/2016",
    "expirationDate": null,
    "cancelDate": "05/28/2017",
    "cancelSourceCode": "NONPAY",
    "companyNumber": "60",
    "rateDate": "10/13/2016",
    "producerNumber": "10460",
    "versionStatus": "Cancel Pending",
    "versionType": "Renewal",
    "quotedDownPayment": "59.25",
    "policyTerm": "12",
    "payPlan": "12-Pay REN",
    "writtenPremium": "390",
    "feeAmount": "102.76",
    "writtenPremiumWFees": "492.76",
    "billedAmount": "260.00",
    "billedFeeAmount": "96.76",
    "totalBilledAmount": "356.76",
    "yetToBeBilledAmount": "136.00",
    "receiptAmount": "314.26",
    "currentDueAmount": "42.50",
    "remainBalanceAmount": "178.50",
    "writeOffAmount": "0.00",
    "lastActivityAmount": "05/15/2017",
    "lastBilledDate": "04/23/2017"
  },
  {
    "agencyCode": "26892",
    "owner": "NSA_CA.",
    "productNumber": "1",
    "product": "Private Passenger",
    "stateAbbreviation": "CA",
    "policyID": "104630401348001",
    "version": "5",
    "changeNumber": "2",
    "nameInsured": "RHINEHEART, TYRONE DREW",
    "homePhone": "(310) 412-9030",
    "workPhone": "(310) 423-1169",
    "email": null,
    "effectiveDate": "06/13/2016",
    "expirationDate": null,
    "cancelDate": "05/28/2017",
    "cancelSourceCode": "NONPAY",
    "companyNumber": "63",
    "rateDate": "06/13/2016",
    "producerNumber": null,
    "versionStatus": "Cancel Pending",
    "versionType": "Renewal",
    "quotedDownPayment": "151.12",
    "policyTerm": "12",
    "payPlan": "12-PayRNDB",
    "writtenPremium": "1553",
    "feeAmount": "137.76",
    "writtenPremiumWFees": "1690.76",
    "billedAmount": "1553.00",
    "billedFeeAmount": "131.76",
    "totalBilledAmount": "1684.76",
    "yetToBeBilledAmount": "6.00",
    "receiptAmount": "1545.34",
    "currentDueAmount": "139.42",
    "remainBalanceAmount": "145.42",
    "writeOffAmount": "0.00",
    "lastActivityAmount": "05/15/2017",
    "lastBilledDate": "04/23/2017"
  },
  {
    "agencyCode": "26892",
    "owner": "NSA_CA.",
    "productNumber": "1",
    "product": "Private Passenger",
    "stateAbbreviation": "CA",
    "policyID": "104630455717001",
    "version": "6",
    "changeNumber": "14",
    "nameInsured": "MITCHELLSMITH, SANDRA JOYCE",
    "homePhone": "(323) 540-6111",
    "workPhone": null,
    "email": null,
    "effectiveDate": "10/18/2016",
    "expirationDate": null,
    "cancelDate": "05/28/2017",
    "cancelSourceCode": "NONPAY",
    "companyNumber": "63",
    "rateDate": "10/18/2016",
    "producerNumber": null,
    "versionStatus": "Cancel Pending",
    "versionType": "Rewrite",
    "quotedDownPayment": "160.35",
    "policyTerm": "12",
    "payPlan": "12-PayDBRW",
    "writtenPremium": "1243",
    "feeAmount": "61.76",
    "writtenPremiumWFees": "1304.76",
    "billedAmount": "1644.60",
    "billedFeeAmount": "61.76",
    "totalBilledAmount": "1706.36",
    "yetToBeBilledAmount": "-401.60",
    "receiptAmount": "969.16",
    "currentDueAmount": "335.60",
    "remainBalanceAmount": "335.60",
    "writeOffAmount": "0.00",
    "lastActivityAmount": "08/29/2017",
    "lastBilledDate": "08/11/2017"
  },
  {
    "agencyCode": "26892",
    "owner": "NSA_CA.",
    "productNumber": "1",
    "product": "Private Passenger",
    "stateAbbreviation": "CA",
    "policyID": "104630688370001",
    "version": "10",
    "changeNumber": "4",
    "nameInsured": "Mejia, Irma Yolanda Escobar",
    "homePhone": "(714) 737-9683",
    "workPhone": null,
    "email": null,
    "effectiveDate": "02/18/2017",
    "expirationDate": null,
    "cancelDate": "05/28/2017",
    "cancelSourceCode": "NONPAY",
    "companyNumber": "63",
    "rateDate": "02/18/2017",
    "producerNumber": null,
    "versionStatus": "Cancel Pending",
    "versionType": "Rewrite",
    "quotedDownPayment": "147",
    "policyTerm": "12",
    "payPlan": "12-PayDBRW",
    "writtenPremium": "990",
    "feeAmount": "70.52",
    "writtenPremiumWFees": "1060.52",
    "billedAmount": "356.17",
    "billedFeeAmount": "64.52",
    "totalBilledAmount": "420.69",
    "yetToBeBilledAmount": "639.83",
    "receiptAmount": "331.46",
    "currentDueAmount": "89.23",
    "remainBalanceAmount": "729.06",
    "writeOffAmount": "0.00",
    "lastActivityAmount": "05/15/2017",
    "lastBilledDate": "04/23/2017"
  },
  {
    "agencyCode": "26892",
    "owner": "NSA_CA.",
    "productNumber": "1",
    "product": "Private Passenger",
    "stateAbbreviation": "CA",
    "policyID": "104630721859001",
    "version": "7",
    "changeNumber": "4",
    "nameInsured": "Hernandez Ramirez, Elda Leticia",
    "homePhone": "(310) 973-4163",
    "workPhone": null,
    "email": null,
    "effectiveDate": "03/17/2017",
    "expirationDate": null,
    "cancelDate": "05/28/2017",
    "cancelSourceCode": "NONPAY",
    "companyNumber": "63",
    "rateDate": "03/17/2017",
    "producerNumber": "10463",
    "versionStatus": "Cancel Pending",
    "versionType": "Rewrite",
    "quotedDownPayment": "175.5",
    "policyTerm": "12",
    "payPlan": "12-PayDBRW",
    "writtenPremium": "1170",
    "feeAmount": "53.76",
    "writtenPremiumWFees": "1223.76",
    "billedAmount": "338.52",
    "billedFeeAmount": "47.76",
    "totalBilledAmount": "386.28",
    "yetToBeBilledAmount": "837.48",
    "receiptAmount": "277.89",
    "currentDueAmount": "108.39",
    "remainBalanceAmount": "945.87",
    "writeOffAmount": "0.00",
    "lastActivityAmount": "05/15/2017",
    "lastBilledDate": "06/19/2017"
  },
  {
    "agencyCode": "26892",
    "owner": "NSA_CA.",
    "productNumber": "1",
    "product": "Private Passenger",
    "stateAbbreviation": "CA",
    "policyID": "104630873429001",
    "version": "5",
    "changeNumber": "6",
    "nameInsured": "Zaklit, Mayron",
    "homePhone": "(310) 308-6537",
    "workPhone": null,
    "email": "mayron_zaklit@yahoo.com",
    "effectiveDate": "10/13/2016",
    "expirationDate": null,
    "cancelDate": "05/28/2017",
    "cancelSourceCode": "NONPAY",
    "companyNumber": "63",
    "rateDate": "10/13/2016",
    "producerNumber": "10463",
    "versionStatus": "Cancel Pending",
    "versionType": "Renewal",
    "quotedDownPayment": "119.3",
    "policyTerm": "12",
    "payPlan": "12-PayRNDB",
    "writtenPremium": "1171",
    "feeAmount": "109.76",
    "writtenPremiumWFees": "1280.76",
    "billedAmount": "780.67",
    "billedFeeAmount": "103.76",
    "totalBilledAmount": "884.43",
    "yetToBeBilledAmount": "396.33",
    "receiptAmount": "776.84",
    "currentDueAmount": "107.59",
    "remainBalanceAmount": "503.92",
    "writeOffAmount": "0.00",
    "lastActivityAmount": "05/15/2017",
    "lastBilledDate": "04/23/2017"
  },
  {
    "agencyCode": "26892",
    "owner": "NSA_CA.",
    "productNumber": "1",
    "product": "Private Passenger",
    "stateAbbreviation": "CA",
    "policyID": "104631030344001",
    "version": "3",
    "changeNumber": "12",
    "nameInsured": "Rios, Maria Lucy",
    "homePhone": "(562) 271-8653",
    "workPhone": null,
    "email": null,
    "effectiveDate": "09/13/2016",
    "expirationDate": null,
    "cancelDate": "05/28/2017",
    "cancelSourceCode": "NONPAY",
    "companyNumber": "63",
    "rateDate": "09/13/2016",
    "producerNumber": "10463",
    "versionStatus": "Cancel Pending",
    "versionType": "Renewal",
    "quotedDownPayment": "300",
    "policyTerm": "12",
    "payPlan": "12-PayRNDB",
    "writtenPremium": "2455",
    "feeAmount": "139.28",
    "writtenPremiumWFees": "2594.28",
    "billedAmount": "1883.38",
    "billedFeeAmount": "133.28",
    "totalBilledAmount": "2016.66",
    "yetToBeBilledAmount": "577.62",
    "receiptAmount": "1810.58",
    "currentDueAmount": "206.08",
    "remainBalanceAmount": "783.70",
    "writeOffAmount": "0.00",
    "lastActivityAmount": "05/15/2017",
    "lastBilledDate": "04/30/2017"
  },
  {
    "agencyCode": "26892",
    "owner": "NSA_CA.",
    "productNumber": "1",
    "product": "Private Passenger",
    "stateAbbreviation": "CA",
    "policyID": "104653970136001",
    "version": "5",
    "changeNumber": "2",
    "nameInsured": "LOPEZ, LUIS ROBERTO",
    "homePhone": "(323) 756-6213",
    "workPhone": null,
    "email": null,
    "effectiveDate": "09/13/2016",
    "expirationDate": null,
    "cancelDate": "05/28/2017",
    "cancelSourceCode": "NONPAY",
    "companyNumber": "60",
    "rateDate": "09/13/2016",
    "producerNumber": null,
    "versionStatus": "Cancel Pending",
    "versionType": "Renewal",
    "quotedDownPayment": "215.87",
    "policyTerm": "12",
    "payPlan": "12-PayRNDB",
    "writtenPremium": "2288",
    "feeAmount": "111.28",
    "writtenPremiumWFees": "2399.28",
    "billedAmount": "1715.99",
    "billedFeeAmount": "105.28",
    "totalBilledAmount": "1821.27",
    "yetToBeBilledAmount": "578.01",
    "receiptAmount": "1620.60",
    "currentDueAmount": "200.67",
    "remainBalanceAmount": "778.68",
    "writeOffAmount": "0.00",
    "lastActivityAmount": "05/15/2017",
    "lastBilledDate": "04/23/2017"
  },
  {
    "agencyCode": "26892",
    "owner": "NSA_CA.",
    "productNumber": "1",
    "product": "Private Passenger",
    "stateAbbreviation": "CA",
    "policyID": "104600674706001",
    "version": "5",
    "changeNumber": "2",
    "nameInsured": "Salazar, Rose Anna",
    "homePhone": "(424) 221-1598",
    "workPhone": null,
    "email": null,
    "effectiveDate": "12/10/2016",
    "expirationDate": null,
    "cancelDate": "05/27/2017",
    "cancelSourceCode": "NONPAY",
    "companyNumber": "60",
    "rateDate": "12/10/2016",
    "producerNumber": "10460",
    "versionStatus": "Cancel Pending",
    "versionType": "Renewal",
    "quotedDownPayment": "49.75",
    "policyTerm": "12",
    "payPlan": "12-PayRNDB",
    "writtenPremium": "336",
    "feeAmount": "77.76",
    "writtenPremiumWFees": "413.76",
    "billedAmount": "168.00",
    "billedFeeAmount": "71.76",
    "totalBilledAmount": "239.76",
    "yetToBeBilledAmount": "174.00",
    "receiptAmount": "201.76",
    "currentDueAmount": "38.00",
    "remainBalanceAmount": "212.00",
    "writeOffAmount": "0.00",
    "lastActivityAmount": "05/12/2017",
    "lastBilledDate": "04/20/2017"
  },
  {
    "agencyCode": "26892",
    "owner": "NSA_CA.",
    "productNumber": "1",
    "product": "Private Passenger",
    "stateAbbreviation": "CA",
    "policyID": "104600687769001",
    "version": "5",
    "changeNumber": "8",
    "nameInsured": "Reynoso, Sergio",
    "homePhone": "(310) 505-5238",
    "workPhone": null,
    "email": null,
    "effectiveDate": "01/10/2017",
    "expirationDate": null,
    "cancelDate": "05/27/2017",
    "cancelSourceCode": "NONPAY",
    "companyNumber": "60",
    "rateDate": "01/10/2017",
    "producerNumber": "10460",
    "versionStatus": "Cancel Pending",
    "versionType": "Renewal",
    "quotedDownPayment": "149.21",
    "policyTerm": "12",
    "payPlan": "12-PayRNDB",
    "writtenPremium": "1530",
    "feeAmount": "85.76",
    "writtenPremiumWFees": "1615.76",
    "billedAmount": "637.49",
    "billedFeeAmount": "79.76",
    "totalBilledAmount": "717.25",
    "yetToBeBilledAmount": "898.51",
    "receiptAmount": "573.74",
    "currentDueAmount": "143.51",
    "remainBalanceAmount": "1042.02",
    "writeOffAmount": "0.00",
    "lastActivityAmount": "05/12/2017",
    "lastBilledDate": "04/24/2017"
  },
  {
    "agencyCode": "26892",
    "owner": "NSA_CA.",
    "productNumber": "1",
    "product": "Private Passenger",
    "stateAbbreviation": "CA",
    "policyID": "104600926177001",
    "version": "4",
    "changeNumber": "4",
    "nameInsured": "Perez, Sonia Judit",
    "homePhone": "(310) 999-4700",
    "workPhone": null,
    "email": null,
    "effectiveDate": "02/10/2017",
    "expirationDate": null,
    "cancelDate": "05/27/2017",
    "cancelSourceCode": "NONPAY",
    "companyNumber": "60",
    "rateDate": "02/10/2017",
    "producerNumber": "10460",
    "versionStatus": "Cancel Pending",
    "versionType": "Renewal",
    "quotedDownPayment": "183.96",
    "policyTerm": "12",
    "payPlan": "12-PayRNDB",
    "writtenPremium": "1926",
    "feeAmount": "75.52",
    "writtenPremiumWFees": "2001.52",
    "billedAmount": "802.47",
    "billedFeeAmount": "69.52",
    "totalBilledAmount": "871.99",
    "yetToBeBilledAmount": "1129.53",
    "receiptAmount": "530.98",
    "currentDueAmount": "341.01",
    "remainBalanceAmount": "1470.54",
    "writeOffAmount": "0.00",
    "lastActivityAmount": "08/29/2017",
    "lastBilledDate": "08/29/2017"
  },
  {
    "agencyCode": "26892",
    "owner": "NSA_CA.",
    "productNumber": "1",
    "product": "Private Passenger",
    "stateAbbreviation": "CA",
    "policyID": "104601142170001",
    "version": "3",
    "changeNumber": "2",
    "nameInsured": "Waiolma-samatua, Lorna",
    "homePhone": null,
    "workPhone": "(310) 487-1287",
    "email": null,
    "effectiveDate": "04/12/2017",
    "expirationDate": null,
    "cancelDate": "05/27/2017",
    "cancelSourceCode": "NONPAY",
    "companyNumber": "60",
    "rateDate": "04/12/2017",
    "producerNumber": "10460",
    "versionStatus": "Cancel Pending",
    "versionType": "Renewal",
    "quotedDownPayment": "342.83",
    "policyTerm": "12",
    "payPlan": "12-PayRNDB",
    "writtenPremium": "3354",
    "feeAmount": "43.04",
    "writtenPremiumWFees": "3397.04",
    "billedAmount": "592.00",
    "billedFeeAmount": "37.04",
    "totalBilledAmount": "629.04",
    "yetToBeBilledAmount": "2768.00",
    "receiptAmount": "342.83",
    "currentDueAmount": "286.21",
    "remainBalanceAmount": "3054.21",
    "writeOffAmount": "0.00",
    "lastActivityAmount": "05/15/2017",
    "lastBilledDate": "04/22/2017"
  },
  {
    "agencyCode": "26892",
    "owner": "NSA_CA.",
    "productNumber": "1",
    "product": "Private Passenger",
    "stateAbbreviation": "CA",
    "policyID": "104601194052001",
    "version": "2",
    "changeNumber": "14",
    "nameInsured": "Reyes, Norma Elizabeth",
    "homePhone": "(323) 503-9381",
    "workPhone": null,
    "email": null,
    "effectiveDate": "06/10/2016",
    "expirationDate": null,
    "cancelDate": "05/27/2017",
    "cancelSourceCode": "NONPAY",
    "companyNumber": "60",
    "rateDate": "06/10/2016",
    "producerNumber": "10460",
    "versionStatus": "Cancel Pending",
    "versionType": "Renewal",
    "quotedDownPayment": "120.31",
    "policyTerm": "12",
    "payPlan": "12PayRNEFT",
    "writtenPremium": "1162",
    "feeAmount": "175.52",
    "writtenPremiumWFees": "1337.52",
    "billedAmount": "1162.00",
    "billedFeeAmount": "169.52",
    "totalBilledAmount": "1331.52",
    "yetToBeBilledAmount": "6.00",
    "receiptAmount": "1224.69",
    "currentDueAmount": "106.83",
    "remainBalanceAmount": "112.83",
    "writeOffAmount": "0.00",
    "lastActivityAmount": "05/12/2017",
    "lastBilledDate": "04/25/2017"
  },
  {
    "agencyCode": "26892",
    "owner": "NSA_CA.",
    "productNumber": "1",
    "product": "Private Passenger",
    "stateAbbreviation": "CA",
    "policyID": "104601247833001",
    "version": "3",
    "changeNumber": "22",
    "nameInsured": "Loza, Hector",
    "homePhone": "(424) 367-8477",
    "workPhone": null,
    "email": null,
    "effectiveDate": "06/16/2016",
    "expirationDate": null,
    "cancelDate": "05/27/2017",
    "cancelSourceCode": "NONPAY",
    "companyNumber": "60",
    "rateDate": "06/16/2016",
    "producerNumber": "10460",
    "versionStatus": "Cancel Pending",
    "versionType": "Rewrite",
    "quotedDownPayment": "229.95",
    "policyTerm": "12",
    "payPlan": "12-PayDBRW",
    "writtenPremium": "1533",
    "feeAmount": "205.76",
    "writtenPremiumWFees": "1738.76",
    "billedAmount": "1533.00",
    "billedFeeAmount": "199.76",
    "totalBilledAmount": "1732.76",
    "yetToBeBilledAmount": "6.00",
    "receiptAmount": "1594.51",
    "currentDueAmount": "138.25",
    "remainBalanceAmount": "144.25",
    "writeOffAmount": "0.00",
    "lastActivityAmount": "05/14/2017",
    "lastBilledDate": "04/27/2017"
  },
  {
    "agencyCode": "26892",
    "owner": "NSA_CA.",
    "productNumber": "1",
    "product": "Private Passenger",
    "stateAbbreviation": "CA",
    "policyID": "104630181643001",
    "version": "6",
    "changeNumber": "4",
    "nameInsured": "Mauris, Alma Cruz",
    "homePhone": "(626) 626-0150",
    "workPhone": null,
    "email": null,
    "effectiveDate": "02/10/2017",
    "expirationDate": null,
    "cancelDate": "05/27/2017",
    "cancelSourceCode": "NONPAY",
    "companyNumber": "63",
    "rateDate": "02/10/2017",
    "producerNumber": "10463",
    "versionStatus": "Cancel Pending",
    "versionType": "Renewal",
    "quotedDownPayment": "158.05",
    "policyTerm": "12",
    "payPlan": "12-PayRNDB",
    "writtenPremium": "1555",
    "feeAmount": "64.52",
    "writtenPremiumWFees": "1619.52",
    "billedAmount": "518.30",
    "billedFeeAmount": "58.52",
    "totalBilledAmount": "576.82",
    "yetToBeBilledAmount": "1042.70",
    "receiptAmount": "437.23",
    "currentDueAmount": "139.59",
    "remainBalanceAmount": "1182.29",
    "writeOffAmount": "0.00",
    "lastActivityAmount": "05/12/2017",
    "lastBilledDate": "04/20/2017"
  },
  {
    "agencyCode": "26892",
    "owner": "NSA_CA.",
    "productNumber": "1",
    "product": "Private Passenger",
    "stateAbbreviation": "CA",
    "policyID": "104630199786001",
    "version": "6",
    "changeNumber": "10",
    "nameInsured": "Brazile, Shawnee Evette",
    "homePhone": "(323) 901-3959",
    "workPhone": null,
    "email": null,
    "effectiveDate": "07/10/2016",
    "expirationDate": null,
    "cancelDate": "05/27/2017",
    "cancelSourceCode": "NONPAY",
    "companyNumber": "63",
    "rateDate": "07/10/2016",
    "producerNumber": null,
    "versionStatus": "Cancel Pending",
    "versionType": "Renewal",
    "quotedDownPayment": "160.14",
    "policyTerm": "12",
    "payPlan": "12-PayRNDB",
    "writtenPremium": "968",
    "feeAmount": "151.76",
    "writtenPremiumWFees": "1119.76",
    "billedAmount": "892.58",
    "billedFeeAmount": "145.76",
    "totalBilledAmount": "1038.34",
    "yetToBeBilledAmount": "81.42",
    "receiptAmount": "952.92",
    "currentDueAmount": "85.42",
    "remainBalanceAmount": "166.84",
    "writeOffAmount": "0.00",
    "lastActivityAmount": "05/12/2017",
    "lastBilledDate": "08/11/2017"
  },
  {
    "agencyCode": "26892",
    "owner": "NSA_CA.",
    "productNumber": "1",
    "product": "Private Passenger",
    "stateAbbreviation": "CA",
    "policyID": "104630427564001",
    "version": "5",
    "changeNumber": "9",
    "nameInsured": "Searles, Wanda Jean",
    "homePhone": "(213) 949-8781",
    "workPhone": null,
    "email": null,
    "effectiveDate": "06/10/2016",
    "expirationDate": null,
    "cancelDate": "05/27/2017",
    "cancelSourceCode": "NONPAY",
    "companyNumber": "63",
    "rateDate": "06/10/2016",
    "producerNumber": "10463",
    "versionStatus": "Cancel Pending",
    "versionType": "Renewal",
    "quotedDownPayment": "363.81",
    "policyTerm": "12",
    "payPlan": "12-PayRNDB",
    "writtenPremium": "4549",
    "feeAmount": "171.04",
    "writtenPremiumWFees": "4720.04",
    "billedAmount": "4549.00",
    "billedFeeAmount": "165.04",
    "totalBilledAmount": "4714.04",
    "yetToBeBilledAmount": "6.00",
    "receiptAmount": "4302.24",
    "currentDueAmount": "411.80",
    "remainBalanceAmount": "417.80",
    "writeOffAmount": "0.00",
    "lastActivityAmount": "05/12/2017",
    "lastBilledDate": "04/20/2017"
  },
  {
    "agencyCode": "26892",
    "owner": "NSA_CA.",
    "productNumber": "1",
    "product": "Private Passenger",
    "stateAbbreviation": "CA",
    "policyID": "104630492905001",
    "version": "5",
    "changeNumber": "11",
    "nameInsured": "GONZALEZ, CONSUELO",
    "homePhone": "(310) 940-4802",
    "workPhone": "(   )    -",
    "email": null,
    "effectiveDate": "08/10/2016",
    "expirationDate": null,
    "cancelDate": "05/27/2017",
    "cancelSourceCode": "NONPAY",
    "companyNumber": "63",
    "rateDate": "08/10/2016",
    "producerNumber": null,
    "versionStatus": "Cancel Pending",
    "versionType": "Renewal",
    "quotedDownPayment": "0",
    "policyTerm": "12",
    "payPlan": "12PayRNEFT",
    "writtenPremium": "1500",
    "feeAmount": "151.52",
    "writtenPremiumWFees": "1651.52",
    "billedAmount": "1227.28",
    "billedFeeAmount": "145.52",
    "totalBilledAmount": "1372.80",
    "yetToBeBilledAmount": "278.72",
    "receiptAmount": "1226.44",
    "currentDueAmount": "146.36",
    "remainBalanceAmount": "425.08",
    "writeOffAmount": "0.00",
    "lastActivityAmount": "05/12/2017",
    "lastBilledDate": "04/25/2017"
  },
  {
    "agencyCode": "26892",
    "owner": "NSA_CA.",
    "productNumber": "1",
    "product": "Private Passenger",
    "stateAbbreviation": "CA",
    "policyID": "104630875131001",
    "version": "4",
    "changeNumber": "15",
    "nameInsured": "Closure, Timothy",
    "homePhone": "(310) 387-7726",
    "workPhone": null,
    "email": null,
    "effectiveDate": "10/12/2016",
    "expirationDate": null,
    "cancelDate": "05/27/2017",
    "cancelSourceCode": "NONPAY",
    "companyNumber": "63",
    "rateDate": "10/12/2016",
    "producerNumber": "10463",
    "versionStatus": "Cancel Pending",
    "versionType": "Renewal",
    "quotedDownPayment": "252.93",
    "policyTerm": "12",
    "payPlan": "12-PayRNDB",
    "writtenPremium": "2451",
    "feeAmount": "140.52",
    "writtenPremiumWFees": "2591.52",
    "billedAmount": "1643.16",
    "billedFeeAmount": "134.52",
    "totalBilledAmount": "1777.68",
    "yetToBeBilledAmount": "813.84",
    "receiptAmount": "1559.72",
    "currentDueAmount": "217.96",
    "remainBalanceAmount": "1031.80",
    "writeOffAmount": "0.00",
    "lastActivityAmount": "05/15/2017",
    "lastBilledDate": "04/30/2017"
  },
  {
    "agencyCode": "26892",
    "owner": "NSA_CA.",
    "productNumber": "1",
    "product": "Private Passenger",
    "stateAbbreviation": "CA",
    "policyID": "104630437311001",
    "version": "4",
    "changeNumber": "8",
    "nameInsured": "Saravia, Blanca Margarita",
    "homePhone": "(424) 374-7155",
    "workPhone": null,
    "email": null,
    "effectiveDate": "01/09/2017",
    "expirationDate": null,
    "cancelDate": "05/26/2017",
    "cancelSourceCode": "NONPAY",
    "companyNumber": "60",
    "rateDate": "01/09/2017",
    "producerNumber": "10460",
    "versionStatus": "Cancel Pending",
    "versionType": "Rewrite",
    "quotedDownPayment": "388.05",
    "policyTerm": "12",
    "payPlan": "12-PayDBRW",
    "writtenPremium": "2408",
    "feeAmount": "94.28",
    "writtenPremiumWFees": "2502.28",
    "billedAmount": "1103.33",
    "billedFeeAmount": "88.28",
    "totalBilledAmount": "1191.61",
    "yetToBeBilledAmount": "1310.67",
    "receiptAmount": "989.22",
    "currentDueAmount": "202.39",
    "remainBalanceAmount": "1513.06",
    "writeOffAmount": "0.00",
    "lastActivityAmount": "05/07/2017",
    "lastBilledDate": "04/28/2017"
  },
  {
    "agencyCode": "26892",
    "owner": "NSA_CA.",
    "productNumber": "1",
    "product": "Private Passenger",
    "stateAbbreviation": "CA",
    "policyID": "104600201152001",
    "version": "6",
    "changeNumber": "2",
    "nameInsured": "CONTRERAS, ARCADIO",
    "homePhone": "(310) 951-3076",
    "workPhone": "(999) 999-9999",
    "email": null,
    "effectiveDate": "02/28/2017",
    "expirationDate": null,
    "cancelDate": "05/24/2017",
    "cancelSourceCode": "UW",
    "companyNumber": "60",
    "rateDate": "02/28/2017",
    "producerNumber": null,
    "versionStatus": "Cancel Pending",
    "versionType": "Renewal",
    "quotedDownPayment": "541.26",
    "policyTerm": "12",
    "payPlan": "12PayRNEFT",
    "writtenPremium": "6358",
    "feeAmount": "46.08",
    "writtenPremiumWFees": "6404.08",
    "billedAmount": "1570.98",
    "billedFeeAmount": "46.08",
    "totalBilledAmount": "1617.06",
    "yetToBeBilledAmount": "4787.02",
    "receiptAmount": "1617.06",
    "currentDueAmount": "0",
    "remainBalanceAmount": "4787.02",
    "writeOffAmount": "0.00",
    "lastActivityAmount": "04/26/2017",
    "lastBilledDate": "04/13/2017"
  },
  {
    "agencyCode": "26892",
    "owner": "NSA_CA.",
    "productNumber": "1",
    "product": "Private Passenger",
    "stateAbbreviation": "CA",
    "policyID": "104600555787001",
    "version": "3",
    "changeNumber": "4",
    "nameInsured": "Estevez-zepeda, Alfredo",
    "homePhone": "(310) 920-0356",
    "workPhone": null,
    "email": null,
    "effectiveDate": "09/08/2016",
    "expirationDate": null,
    "cancelDate": "05/24/2017",
    "cancelSourceCode": "NONPAY",
    "companyNumber": "63",
    "rateDate": "09/08/2016",
    "producerNumber": "10463",
    "versionStatus": "Cancel Pending",
    "versionType": "New",
    "quotedDownPayment": "109.96",
    "policyTerm": "12",
    "payPlan": "12-Pay EFT",
    "writtenPremium": "832",
    "feeAmount": "146.76",
    "writtenPremiumWFees": "978.76",
    "billedAmount": "627.79",
    "billedFeeAmount": "110.76",
    "totalBilledAmount": "738.55",
    "yetToBeBilledAmount": "240.21",
    "receiptAmount": "628.48",
    "currentDueAmount": "110.07",
    "remainBalanceAmount": "350.28",
    "writeOffAmount": "0.00",
    "lastActivityAmount": "05/11/2017",
    "lastBilledDate": "04/26/2017"
  },
  {
    "agencyCode": "26892",
    "owner": "NSA_CA.",
    "productNumber": "1",
    "product": "Private Passenger",
    "stateAbbreviation": "CA",
    "policyID": "104600779216001",
    "version": "5",
    "changeNumber": "16",
    "nameInsured": "Ruiz, Ramon Chavez",
    "homePhone": "(310) 677-0047",
    "workPhone": null,
    "email": null,
    "effectiveDate": "09/09/2016",
    "expirationDate": null,
    "cancelDate": "05/24/2017",
    "cancelSourceCode": "NONPAY",
    "companyNumber": "60",
    "rateDate": "09/09/2016",
    "producerNumber": "10460",
    "versionStatus": "Cancel Pending",
    "versionType": "Renewal",
    "quotedDownPayment": "93",
    "policyTerm": "12",
    "payPlan": "12-PayRNDB",
    "writtenPremium": "829",
    "feeAmount": "151.52",
    "writtenPremiumWFees": "980.52",
    "billedAmount": "621.88",
    "billedFeeAmount": "145.52",
    "totalBilledAmount": "767.40",
    "yetToBeBilledAmount": "213.12",
    "receiptAmount": "682.35",
    "currentDueAmount": "85.05",
    "remainBalanceAmount": "298.17",
    "writeOffAmount": "0.00",
    "lastActivityAmount": "05/11/2017",
    "lastBilledDate": "04/21/2017"
  },
  {
    "agencyCode": "26892",
    "owner": "NSA_CA.",
    "productNumber": "1",
    "product": "Private Passenger",
    "stateAbbreviation": "CA",
    "policyID": "104600881681001",
    "version": "5",
    "changeNumber": "2",
    "nameInsured": "Campos, Alfredo",
    "homePhone": "(562) 619-0564",
    "workPhone": null,
    "email": null,
    "effectiveDate": "03/14/2017",
    "expirationDate": null,
    "cancelDate": "05/24/2017",
    "cancelSourceCode": "NONPAY",
    "companyNumber": "60",
    "rateDate": "03/14/2017",
    "producerNumber": "10460",
    "versionStatus": "Cancel Pending",
    "versionType": "Rewrite",
    "quotedDownPayment": "186.3",
    "policyTerm": "12",
    "payPlan": "12-PayDBRW",
    "writtenPremium": "1395",
    "feeAmount": "54.52",
    "writtenPremiumWFees": "1449.52",
    "billedAmount": "382.74",
    "billedFeeAmount": "48.52",
    "totalBilledAmount": "431.26",
    "yetToBeBilledAmount": "1018.26",
    "receiptAmount": "308.78",
    "currentDueAmount": "122.48",
    "remainBalanceAmount": "1140.74",
    "writeOffAmount": "0.00",
    "lastActivityAmount": "05/11/2017",
    "lastBilledDate": "04/19/2017"
  },
  {
    "agencyCode": "26892",
    "owner": "NSA_CA.",
    "productNumber": "1",
    "product": "Private Passenger",
    "stateAbbreviation": "CA",
    "policyID": "104600933190001",
    "version": "4",
    "changeNumber": "7",
    "nameInsured": "Escalona-fragoso, Oscar Noe",
    "homePhone": "(323) 317-6366",
    "workPhone": null,
    "email": "OSCAR.NOE26@GMAIL.COM",
    "effectiveDate": "01/09/2017",
    "expirationDate": null,
    "cancelDate": "05/24/2017",
    "cancelSourceCode": "NONPAY",
    "companyNumber": "63",
    "rateDate": "01/09/2017",
    "producerNumber": "10463",
    "versionStatus": "Cancel Pending",
    "versionType": "New",
    "quotedDownPayment": "218.96",
    "policyTerm": "12",
    "payPlan": "12-Pay DB",
    "writtenPremium": "1922",
    "feeAmount": "84.76",
    "writtenPremiumWFees": "2006.76",
    "billedAmount": "821.24",
    "billedFeeAmount": "78.76",
    "totalBilledAmount": "900.00",
    "yetToBeBilledAmount": "1106.76",
    "receiptAmount": "726.74",
    "currentDueAmount": "173.26",
    "remainBalanceAmount": "1280.02",
    "writeOffAmount": "0.00",
    "lastActivityAmount": "05/11/2017",
    "lastBilledDate": "04/19/2017"
  },
  {
    "agencyCode": "26892",
    "owner": "NSA_CA.",
    "productNumber": "1",
    "product": "Private Passenger",
    "stateAbbreviation": "CA",
    "policyID": "104601025186001",
    "version": "3",
    "changeNumber": "2",
    "nameInsured": "Medina, Alfonso",
    "homePhone": "(310) 692-3906",
    "workPhone": null,
    "email": null,
    "effectiveDate": "08/09/2016",
    "expirationDate": null,
    "cancelDate": "05/24/2017",
    "cancelSourceCode": "NONPAY",
    "companyNumber": "60",
    "rateDate": "08/09/2016",
    "producerNumber": "10460",
    "versionStatus": "Cancel Pending",
    "versionType": "Renewal",
    "quotedDownPayment": "102.32",
    "policyTerm": "12",
    "payPlan": "12-PayRNDB",
    "writtenPremium": "603",
    "feeAmount": "92.76",
    "writtenPremiumWFees": "695.76",
    "billedAmount": "507.11",
    "billedFeeAmount": "86.76",
    "totalBilledAmount": "593.87",
    "yetToBeBilledAmount": "101.89",
    "receiptAmount": "542.17",
    "currentDueAmount": "51.70",
    "remainBalanceAmount": "153.59",
    "writeOffAmount": "0.00",
    "lastActivityAmount": "05/11/2017",
    "lastBilledDate": "04/19/2017"
  },
  {
    "agencyCode": "26892",
    "owner": "NSA_CA.",
    "productNumber": "1",
    "product": "Private Passenger",
    "stateAbbreviation": "CA",
    "policyID": "104601115328001",
    "version": "3",
    "changeNumber": "2",
    "nameInsured": "Greene, Shenettte L",
    "homePhone": "(323) 680-7112",
    "workPhone": null,
    "email": null,
    "effectiveDate": "02/06/2017",
    "expirationDate": null,
    "cancelDate": "05/24/2017",
    "cancelSourceCode": "NONPAY",
    "companyNumber": "60",
    "rateDate": "02/06/2017",
    "producerNumber": "10460",
    "versionStatus": "Cancel Pending",
    "versionType": "Renewal",
    "quotedDownPayment": "274.75",
    "policyTerm": "12",
    "payPlan": "12PayRNEFT",
    "writtenPremium": "3016",
    "feeAmount": "77.52",
    "writtenPremiumWFees": "3093.52",
    "billedAmount": "1005.28",
    "billedFeeAmount": "41.52",
    "totalBilledAmount": "1046.80",
    "yetToBeBilledAmount": "2046.72",
    "receiptAmount": "789.45",
    "currentDueAmount": "257.35",
    "remainBalanceAmount": "2304.07",
    "writeOffAmount": "0.00",
    "lastActivityAmount": "05/11/2017",
    "lastBilledDate": "04/21/2017"
  },
  {
    "agencyCode": "26892",
    "owner": "NSA_CA.",
    "productNumber": "1",
    "product": "Private Passenger",
    "stateAbbreviation": "CA",
    "policyID": "104601210173001",
    "version": "2",
    "changeNumber": "2",
    "nameInsured": "Lopez-perez, Noe",
    "homePhone": "(323) 427-1888",
    "workPhone": null,
    "email": null,
    "effectiveDate": "07/06/2016",
    "expirationDate": null,
    "cancelDate": "05/24/2017",
    "cancelSourceCode": "NONPAY",
    "companyNumber": "60",
    "rateDate": "07/06/2016",
    "producerNumber": "10460",
    "versionStatus": "Cancel Pending",
    "versionType": "Renewal",
    "quotedDownPayment": "66.99",
    "policyTerm": "12",
    "payPlan": "12PayRNEFT",
    "writtenPremium": "483",
    "feeAmount": "122.76",
    "writtenPremiumWFees": "605.76",
    "billedAmount": "442.75",
    "billedFeeAmount": "86.76",
    "totalBilledAmount": "529.51",
    "yetToBeBilledAmount": "76.25",
    "receiptAmount": "483.26",
    "currentDueAmount": "46.25",
    "remainBalanceAmount": "122.50",
    "writeOffAmount": "0.00",
    "lastActivityAmount": "05/11/2017",
    "lastBilledDate": "04/21/2017"
  },
  {
    "agencyCode": "26892",
    "owner": "NSA_CA.",
    "productNumber": "1",
    "product": "Private Passenger",
    "stateAbbreviation": "CA",
    "policyID": "104601238929001",
    "version": "2",
    "changeNumber": "15",
    "nameInsured": "Blackman, Deshawn Edwin",
    "homePhone": "(310) 987-6436",
    "workPhone": null,
    "email": null,
    "effectiveDate": "09/09/2016",
    "expirationDate": null,
    "cancelDate": "05/24/2017",
    "cancelSourceCode": "NONPAY",
    "companyNumber": "60",
    "rateDate": "09/09/2016",
    "producerNumber": "10460",
    "versionStatus": "Cancel Pending",
    "versionType": "New",
    "quotedDownPayment": "78.06",
    "policyTerm": "12",
    "payPlan": "12-Pay DB",
    "writtenPremium": "727",
    "feeAmount": "150.52",
    "writtenPremiumWFees": "877.52",
    "billedAmount": "539.62",
    "billedFeeAmount": "144.52",
    "totalBilledAmount": "684.14",
    "yetToBeBilledAmount": "193.38",
    "receiptAmount": "605.68",
    "currentDueAmount": "78.46",
    "remainBalanceAmount": "271.84",
    "writeOffAmount": "0.00",
    "lastActivityAmount": "05/11/2017",
    "lastBilledDate": "04/28/2017"
  },
  {
    "agencyCode": "26892",
    "owner": "NSA_CA.",
    "productNumber": "1",
    "product": "Private Passenger",
    "stateAbbreviation": "CA",
    "policyID": "104601383788001",
    "version": "1",
    "changeNumber": "6",
    "nameInsured": "Carter, Richard Charles",
    "homePhone": "(424) 750-6840",
    "workPhone": null,
    "email": null,
    "effectiveDate": "09/09/2016",
    "expirationDate": null,
    "cancelDate": "05/24/2017",
    "cancelSourceCode": "NONPAY",
    "companyNumber": "60",
    "rateDate": "09/09/2016",
    "producerNumber": "10460",
    "versionStatus": "Cancel Pending",
    "versionType": "New",
    "quotedDownPayment": "82.16",
    "policyTerm": "12",
    "payPlan": "12-Pay DB",
    "writtenPremium": "604",
    "feeAmount": "119.76",
    "writtenPremiumWFees": "723.76",
    "billedAmount": "455.76",
    "billedFeeAmount": "113.76",
    "totalBilledAmount": "569.52",
    "yetToBeBilledAmount": "154.24",
    "receiptAmount": "480.68",
    "currentDueAmount": "88.84",
    "remainBalanceAmount": "243.08",
    "writeOffAmount": "0.00",
    "lastActivityAmount": "05/11/2017",
    "lastBilledDate": "05/03/2017"
  },
  {
    "agencyCode": "26892",
    "owner": "NSA_CA.",
    "productNumber": "1",
    "product": "Private Passenger",
    "stateAbbreviation": "CA",
    "policyID": "104630094386001",
    "version": "6",
    "changeNumber": "6",
    "nameInsured": "Pruitt, Jessica",
    "homePhone": "(323) 376-5831",
    "workPhone": null,
    "email": null,
    "effectiveDate": "06/09/2016",
    "expirationDate": null,
    "cancelDate": "05/24/2017",
    "cancelSourceCode": "NONPAY",
    "companyNumber": "63",
    "rateDate": "06/09/2016",
    "producerNumber": null,
    "versionStatus": "Cancel Pending",
    "versionType": "Renewal",
    "quotedDownPayment": "105.56",
    "policyTerm": "12",
    "payPlan": "12PayRNEFT",
    "writtenPremium": "1006",
    "feeAmount": "105.76",
    "writtenPremiumWFees": "1111.76",
    "billedAmount": "1006.00",
    "billedFeeAmount": "99.76",
    "totalBilledAmount": "1105.76",
    "yetToBeBilledAmount": "6.00",
    "receiptAmount": "1015.93",
    "currentDueAmount": "89.83",
    "remainBalanceAmount": "95.83",
    "writeOffAmount": "0.00",
    "lastActivityAmount": "05/11/2017",
    "lastBilledDate": "04/24/2017"
  },
  {
    "agencyCode": "26892",
    "owner": "NSA_CA.",
    "productNumber": "1",
    "product": "Private Passenger",
    "stateAbbreviation": "CA",
    "policyID": "104630993598001",
    "version": "6",
    "changeNumber": "18",
    "nameInsured": "Reyes, Vidal Navarro",
    "homePhone": "(213) 239-9841",
    "workPhone": null,
    "email": null,
    "effectiveDate": "07/14/2016",
    "expirationDate": null,
    "cancelDate": "05/24/2017",
    "cancelSourceCode": "NONPAY",
    "companyNumber": "63",
    "rateDate": "07/14/2016",
    "producerNumber": "10463",
    "versionStatus": "Cancel Pending",
    "versionType": "Rewrite",
    "quotedDownPayment": "220.2",
    "policyTerm": "12",
    "payPlan": "12-PayDBRW",
    "writtenPremium": "1456",
    "feeAmount": "172.28",
    "writtenPremiumWFees": "1628.28",
    "billedAmount": "1344.19",
    "billedFeeAmount": "166.28",
    "totalBilledAmount": "1510.47",
    "yetToBeBilledAmount": "117.81",
    "receiptAmount": "1382.66",
    "currentDueAmount": "127.81",
    "remainBalanceAmount": "245.62",
    "writeOffAmount": "0.00",
    "lastActivityAmount": "05/11/2017",
    "lastBilledDate": "04/26/2017"
  },
  {
    "agencyCode": "26892",
    "owner": "NSA_CA.",
    "productNumber": "1",
    "product": "Private Passenger",
    "stateAbbreviation": "CA",
    "policyID": "104601161259001",
    "version": "3",
    "changeNumber": "2",
    "nameInsured": "Bribiesca, Sylvia Cardenaz",
    "homePhone": "(562) 274-6735",
    "workPhone": null,
    "email": null,
    "effectiveDate": "12/08/2016",
    "expirationDate": null,
    "cancelDate": "05/23/2017",
    "cancelSourceCode": "NONPAY",
    "companyNumber": "60",
    "rateDate": "12/08/2016",
    "producerNumber": "10463",
    "versionStatus": "Cancel Pending",
    "versionType": "Renewal",
    "quotedDownPayment": "99.4",
    "policyTerm": "12",
    "payPlan": "12-Pay REN",
    "writtenPremium": "692",
    "feeAmount": "97.76",
    "writtenPremiumWFees": "789.76",
    "billedAmount": "345.99",
    "billedFeeAmount": "91.76",
    "totalBilledAmount": "437.75",
    "yetToBeBilledAmount": "352.01",
    "receiptAmount": "370.08",
    "currentDueAmount": "67.67",
    "remainBalanceAmount": "419.68",
    "writeOffAmount": "0.00",
    "lastActivityAmount": "05/10/2017",
    "lastBilledDate": "04/18/2017"
  },
  {
    "agencyCode": "26892",
    "owner": "NSA_CA.",
    "productNumber": "1",
    "product": "Private Passenger",
    "stateAbbreviation": "CA",
    "policyID": "104630215043001",
    "version": "5",
    "changeNumber": "6",
    "nameInsured": "Carr, Louie Ski",
    "homePhone": "(310) 902-9190",
    "workPhone": null,
    "email": null,
    "effectiveDate": "01/13/2017",
    "expirationDate": null,
    "cancelDate": "05/23/2017",
    "cancelSourceCode": "NONPAY",
    "companyNumber": "60",
    "rateDate": "01/13/2017",
    "producerNumber": "10460",
    "versionStatus": "Cancel Pending",
    "versionType": "Rewrite",
    "quotedDownPayment": "124.2",
    "policyTerm": "12",
    "payPlan": "12-PayDBRW",
    "writtenPremium": "828",
    "feeAmount": "79.76",
    "writtenPremiumWFees": "907.76",
    "billedAmount": "366.28",
    "billedFeeAmount": "73.76",
    "totalBilledAmount": "440.04",
    "yetToBeBilledAmount": "467.72",
    "receiptAmount": "358.08",
    "currentDueAmount": "81.96",
    "remainBalanceAmount": "549.68",
    "writeOffAmount": "0.00",
    "lastActivityAmount": "05/10/2017",
    "lastBilledDate": "04/23/2017"
  },
  {
    "agencyCode": "26892",
    "owner": "NSA_CA.",
    "productNumber": "1",
    "product": "Private Passenger",
    "stateAbbreviation": "CA",
    "policyID": "104630483564001",
    "version": "5",
    "changeNumber": "14",
    "nameInsured": "Alonso, Amy Vanessa",
    "homePhone": "(619) 846-0274",
    "workPhone": null,
    "email": null,
    "effectiveDate": "07/08/2016",
    "expirationDate": null,
    "cancelDate": "05/23/2017",
    "cancelSourceCode": "NONPAY",
    "companyNumber": "63",
    "rateDate": "07/08/2016",
    "producerNumber": "10463",
    "versionStatus": "Cancel Pending",
    "versionType": "Renewal",
    "quotedDownPayment": "205.19",
    "policyTerm": "12",
    "payPlan": "12-PayRNDB",
    "writtenPremium": "2202",
    "feeAmount": "163.76",
    "writtenPremiumWFees": "2365.76",
    "billedAmount": "2018.50",
    "billedFeeAmount": "157.76",
    "totalBilledAmount": "2176.26",
    "yetToBeBilledAmount": "189.50",
    "receiptAmount": "1982.76",
    "currentDueAmount": "193.50",
    "remainBalanceAmount": "383.00",
    "writeOffAmount": "0.00",
    "lastActivityAmount": "05/10/2017",
    "lastBilledDate": "04/18/2017"
  },
  {
    "agencyCode": "26892",
    "owner": "NSA_CA.",
    "productNumber": "1",
    "product": "Private Passenger",
    "stateAbbreviation": "CA",
    "policyID": "104630539874001",
    "version": "5",
    "changeNumber": "14",
    "nameInsured": "PASCASCIO, RUSSELL",
    "homePhone": "(424) 757-8973",
    "workPhone": "(714) 493-5091",
    "email": null,
    "effectiveDate": "09/08/2016",
    "expirationDate": null,
    "cancelDate": "05/23/2017",
    "cancelSourceCode": "NONPAY",
    "companyNumber": "63",
    "rateDate": "09/08/2016",
    "producerNumber": null,
    "versionStatus": "Cancel Pending",
    "versionType": "Renewal",
    "quotedDownPayment": "314.59",
    "policyTerm": "12",
    "payPlan": "12-PayRNDB",
    "writtenPremium": "3556",
    "feeAmount": "159.80",
    "writtenPremiumWFees": "3715.80",
    "billedAmount": "2600.98",
    "billedFeeAmount": "153.80",
    "totalBilledAmount": "2754.78",
    "yetToBeBilledAmount": "961.02",
    "receiptAmount": "2426.44",
    "currentDueAmount": "328.34",
    "remainBalanceAmount": "1289.36",
    "writeOffAmount": "0.00",
    "lastActivityAmount": "05/10/2017",
    "lastBilledDate": "04/24/2017"
  },
  {
    "agencyCode": "26892",
    "owner": "NSA_CA.",
    "productNumber": "1",
    "product": "Private Passenger",
    "stateAbbreviation": "CA",
    "policyID": "104630962743001",
    "version": "4",
    "changeNumber": "8",
    "nameInsured": "Austin, Kristen Joi",
    "homePhone": "(562) 234-4579",
    "workPhone": null,
    "email": null,
    "effectiveDate": "07/08/2016",
    "expirationDate": null,
    "cancelDate": "05/23/2017",
    "cancelSourceCode": "NONPAY",
    "companyNumber": "60",
    "rateDate": "07/08/2016",
    "producerNumber": "10460",
    "versionStatus": "Cancel Pending",
    "versionType": "Renewal",
    "quotedDownPayment": "300.15",
    "policyTerm": "12",
    "payPlan": "12-Pay REN",
    "writtenPremium": "3282",
    "feeAmount": "150.76",
    "writtenPremiumWFees": "3432.76",
    "billedAmount": "3008.49",
    "billedFeeAmount": "144.76",
    "totalBilledAmount": "3153.25",
    "yetToBeBilledAmount": "279.51",
    "receiptAmount": "2863.74",
    "currentDueAmount": "289.51",
    "remainBalanceAmount": "569.02",
    "writeOffAmount": "0.00",
    "lastActivityAmount": "05/10/2017",
    "lastBilledDate": "04/18/2017"
  },
  {
    "agencyCode": "26892",
    "owner": "NSA_CA.",
    "productNumber": "1",
    "product": "Private Passenger",
    "stateAbbreviation": "CA",
    "policyID": "104631013134001",
    "version": "7",
    "changeNumber": "5",
    "nameInsured": "Escobedo, Daisy",
    "homePhone": "(323) 895-8076",
    "workPhone": null,
    "email": null,
    "effectiveDate": "03/13/2017",
    "expirationDate": null,
    "cancelDate": "05/23/2017",
    "cancelSourceCode": "NONPAY",
    "companyNumber": "63",
    "rateDate": "03/13/2017",
    "producerNumber": "10463",
    "versionStatus": "Cancel Pending",
    "versionType": "Rewrite",
    "quotedDownPayment": "213.6",
    "policyTerm": "12",
    "payPlan": "12-PayDBRW",
    "writtenPremium": "2135",
    "feeAmount": "65.52",
    "writtenPremiumWFees": "2200.52",
    "billedAmount": "482.88",
    "billedFeeAmount": "59.52",
    "totalBilledAmount": "542.40",
    "yetToBeBilledAmount": "1658.12",
    "receiptAmount": "336.07",
    "currentDueAmount": "206.33",
    "remainBalanceAmount": "1864.45",
    "writeOffAmount": "0.00",
    "lastActivityAmount": "05/10/2017",
    "lastBilledDate": "06/19/2017"
  },
  {
    "agencyCode": "26892",
    "owner": "NSA_CA.",
    "productNumber": "1",
    "product": "Private Passenger",
    "stateAbbreviation": "CA",
    "policyID": "104631024382001",
    "version": "3",
    "changeNumber": "14",
    "nameInsured": "Ortiz, Victor M Zapotitla",
    "homePhone": "(310) 988-9438",
    "workPhone": "(310) 988-8156",
    "email": null,
    "effectiveDate": "08/08/2016",
    "expirationDate": null,
    "cancelDate": "05/23/2017",
    "cancelSourceCode": "NONPAY",
    "companyNumber": "63",
    "rateDate": "08/08/2016",
    "producerNumber": "10463",
    "versionStatus": "Cancel Pending",
    "versionType": "Renewal",
    "quotedDownPayment": "225.29",
    "policyTerm": "12",
    "payPlan": "12-PayRNDB",
    "writtenPremium": "2380",
    "feeAmount": "159.04",
    "writtenPremiumWFees": "2539.04",
    "billedAmount": "1983.32",
    "billedFeeAmount": "153.04",
    "totalBilledAmount": "2136.36",
    "yetToBeBilledAmount": "402.68",
    "receiptAmount": "1922.02",
    "currentDueAmount": "214.34",
    "remainBalanceAmount": "617.02",
    "writeOffAmount": "0.00",
    "lastActivityAmount": "05/10/2017",
    "lastBilledDate": "04/19/2017"
  },
  {
    "agencyCode": "26892",
    "owner": "NSA_CA.",
    "productNumber": "1",
    "product": "Private Passenger",
    "stateAbbreviation": "CA",
    "policyID": "104433162367001",
    "version": "11",
    "changeNumber": "2",
    "nameInsured": "GARCIA, CARLOS CORONEL",
    "homePhone": "(310) 522-0103",
    "workPhone": "(800) 338-8032",
    "email": null,
    "effectiveDate": "04/12/2017",
    "expirationDate": null,
    "cancelDate": "05/22/2017",
    "cancelSourceCode": "NONPAY",
    "companyNumber": "63",
    "rateDate": "04/12/2017",
    "producerNumber": null,
    "versionStatus": "Cancel Pending",
    "versionType": "Rewrite",
    "quotedDownPayment": "144.3",
    "policyTerm": "6",
    "payPlan": "6-Pay DBRW",
    "writtenPremium": "531",
    "feeAmount": "37.76",
    "writtenPremiumWFees": "568.76",
    "billedAmount": "204.24",
    "billedFeeAmount": "31.76",
    "totalBilledAmount": "236.00",
    "yetToBeBilledAmount": "332.76",
    "receiptAmount": "144.30",
    "currentDueAmount": "91.70",
    "remainBalanceAmount": "424.46",
    "writeOffAmount": "0.00",
    "lastActivityAmount": "05/09/2017",
    "lastBilledDate": "05/23/2017"
  },
  {
    "agencyCode": "26892",
    "owner": "NSA_CA.",
    "productNumber": "1",
    "product": "Private Passenger",
    "stateAbbreviation": "CA",
    "policyID": "104592382040001",
    "version": "6",
    "changeNumber": "2",
    "nameInsured": "VIVANCO, JAIME ERNIE",
    "homePhone": "(310) 978-0205",
    "workPhone": "(310) 973-6366",
    "email": null,
    "effectiveDate": "04/07/2017",
    "expirationDate": null,
    "cancelDate": "05/22/2017",
    "cancelSourceCode": "NONPAY",
    "companyNumber": "60",
    "rateDate": "04/07/2017",
    "producerNumber": null,
    "versionStatus": "Cancel Pending",
    "versionType": "Renewal",
    "quotedDownPayment": "208.28",
    "policyTerm": "12",
    "payPlan": "12-PayRNDB",
    "writtenPremium": "1986",
    "feeAmount": "51.76",
    "writtenPremiumWFees": "2037.76",
    "billedAmount": "333.11",
    "billedFeeAmount": "51.76",
    "totalBilledAmount": "384.87",
    "yetToBeBilledAmount": "1652.89",
    "receiptAmount": "260.50",
    "currentDueAmount": "124.37",
    "remainBalanceAmount": "1777.26",
    "writeOffAmount": "0.00",
    "lastActivityAmount": "11/15/2018",
    "lastBilledDate": "06/16/2017"
  },
  {
    "agencyCode": "26892",
    "owner": "NSA_CA.",
    "productNumber": "1",
    "product": "Private Passenger",
    "stateAbbreviation": "CA",
    "policyID": "104601282735001",
    "version": "4",
    "changeNumber": "10",
    "nameInsured": "Navarrete Pineda, Jose Armando Dimas",
    "homePhone": "(323) 399-4425",
    "workPhone": null,
    "email": null,
    "effectiveDate": "12/12/2016",
    "expirationDate": null,
    "cancelDate": "05/22/2017",
    "cancelSourceCode": "NONPAY",
    "companyNumber": "60",
    "rateDate": "12/12/2016",
    "producerNumber": "10460",
    "versionStatus": "Cancel Pending",
    "versionType": "Rewrite",
    "quotedDownPayment": "58.2",
    "policyTerm": "12",
    "payPlan": "12-PayDBRW",
    "writtenPremium": "388",
    "feeAmount": "106.76",
    "writtenPremiumWFees": "494.76",
    "billedAmount": "193.54",
    "billedFeeAmount": "100.76",
    "totalBilledAmount": "294.30",
    "yetToBeBilledAmount": "200.46",
    "receiptAmount": "245.88",
    "currentDueAmount": "48.42",
    "remainBalanceAmount": "248.88",
    "writeOffAmount": "0.00",
    "lastActivityAmount": "05/09/2017",
    "lastBilledDate": "04/27/2017"
  },
  {
    "agencyCode": "26892",
    "owner": "NSA_CA.",
    "productNumber": "1",
    "product": "Private Passenger",
    "stateAbbreviation": "CA",
    "policyID": "104630272956001",
    "version": "6",
    "changeNumber": "3",
    "nameInsured": "MEDRANO, JOE",
    "homePhone": "(310) 671-2498",
    "workPhone": "(   )    -",
    "email": null,
    "effectiveDate": "01/12/2017",
    "expirationDate": null,
    "cancelDate": "05/22/2017",
    "cancelSourceCode": "NONPAY",
    "companyNumber": "63",
    "rateDate": "01/12/2017",
    "producerNumber": null,
    "versionStatus": "Cancel Pending",
    "versionType": "Rewrite",
    "quotedDownPayment": "123",
    "policyTerm": "12",
    "payPlan": "12-PayDBRW",
    "writtenPremium": "1155",
    "feeAmount": "76.28",
    "writtenPremiumWFees": "1231.28",
    "billedAmount": "447.82",
    "billedFeeAmount": "70.28",
    "totalBilledAmount": "518.10",
    "yetToBeBilledAmount": "713.18",
    "receiptAmount": "441.28",
    "currentDueAmount": "76.82",
    "remainBalanceAmount": "790.00",
    "writeOffAmount": "-34.21",
    "lastActivityAmount": "08/29/2017",
    "lastBilledDate": "04/17/2017"
  },
  {
    "agencyCode": "26892",
    "owner": "NSA_CA.",
    "productNumber": "1",
    "product": "Private Passenger",
    "stateAbbreviation": "CA",
    "policyID": "104630286085001",
    "version": "6",
    "changeNumber": "2",
    "nameInsured": "GADIA, PETE DAWA",
    "homePhone": "(323) 753-9856",
    "workPhone": null,
    "email": null,
    "effectiveDate": "04/07/2017",
    "expirationDate": null,
    "cancelDate": "05/22/2017",
    "cancelSourceCode": "NONPAY",
    "companyNumber": "63",
    "rateDate": "04/07/2017",
    "producerNumber": null,
    "versionStatus": "Cancel Pending",
    "versionType": "Renewal",
    "quotedDownPayment": "136.06",
    "policyTerm": "12",
    "payPlan": "12-PayRNDB",
    "writtenPremium": "1351",
    "feeAmount": "39.52",
    "writtenPremiumWFees": "1390.52",
    "billedAmount": "225.13",
    "billedFeeAmount": "33.52",
    "totalBilledAmount": "258.65",
    "yetToBeBilledAmount": "1131.87",
    "receiptAmount": "136.06",
    "currentDueAmount": "122.59",
    "remainBalanceAmount": "1254.46",
    "writeOffAmount": "0.00",
    "lastActivityAmount": "05/09/2017",
    "lastBilledDate": "04/17/2017"
  },
  {
    "agencyCode": "26892",
    "owner": "NSA_CA.",
    "productNumber": "1",
    "product": "Private Passenger",
    "stateAbbreviation": "CA",
    "policyID": "104630473257001",
    "version": "9",
    "changeNumber": "6",
    "nameInsured": "ROBLES-JUAREZ, MARIO",
    "homePhone": "(323) 602-9017",
    "workPhone": "(   )    -",
    "email": null,
    "effectiveDate": "02/07/2017",
    "expirationDate": null,
    "cancelDate": "05/22/2017",
    "cancelSourceCode": "NONPAY",
    "companyNumber": "63",
    "rateDate": "02/07/2017",
    "producerNumber": null,
    "versionStatus": "Cancel Pending",
    "versionType": "Rewrite",
    "quotedDownPayment": "257.25",
    "policyTerm": "12",
    "payPlan": "12-PayDBRW",
    "writtenPremium": "1715",
    "feeAmount": "71.52",
    "writtenPremiumWFees": "1786.52",
    "billedAmount": "637.72",
    "billedFeeAmount": "65.52",
    "totalBilledAmount": "703.24",
    "yetToBeBilledAmount": "1083.28",
    "receiptAmount": "552.92",
    "currentDueAmount": "150.32",
    "remainBalanceAmount": "1233.60",
    "writeOffAmount": "0.00",
    "lastActivityAmount": "05/04/2017",
    "lastBilledDate": "06/19/2017"
  },
  {
    "agencyCode": "26892",
    "owner": "NSA_CA.",
    "productNumber": "1",
    "product": "Private Passenger",
    "stateAbbreviation": "CA",
    "policyID": "104630676796001",
    "version": "5",
    "changeNumber": "22",
    "nameInsured": "Bickfordgoodwill, Ellen Patrice",
    "homePhone": "(424) 222-0218",
    "workPhone": null,
    "email": "ellengoodwill@ymail.com",
    "effectiveDate": "06/07/2016",
    "expirationDate": null,
    "cancelDate": "05/22/2017",
    "cancelSourceCode": "NONPAY",
    "companyNumber": "63",
    "rateDate": "06/07/2016",
    "producerNumber": null,
    "versionStatus": "Cancel Pending",
    "versionType": "Renewal",
    "quotedDownPayment": "147.47",
    "policyTerm": "12",
    "payPlan": "12-PayRNDB",
    "writtenPremium": "1488",
    "feeAmount": "199.52",
    "writtenPremiumWFees": "1687.52",
    "billedAmount": "1488.00",
    "billedFeeAmount": "193.52",
    "totalBilledAmount": "1681.52",
    "yetToBeBilledAmount": "6.00",
    "receiptAmount": "1541.52",
    "currentDueAmount": "140.00",
    "remainBalanceAmount": "146.00",
    "writeOffAmount": "0.00",
    "lastActivityAmount": "05/09/2017",
    "lastBilledDate": "04/23/2017"
  },
  {
    "agencyCode": "26892",
    "owner": "NSA_CA.",
    "productNumber": "1",
    "product": "Private Passenger",
    "stateAbbreviation": "CA",
    "policyID": "104630738911001",
    "version": "5",
    "changeNumber": "2",
    "nameInsured": "Williams, Donnell Andrew",
    "homePhone": "(310) 200-3717",
    "workPhone": null,
    "email": null,
    "effectiveDate": "03/07/2017",
    "expirationDate": null,
    "cancelDate": "05/22/2017",
    "cancelSourceCode": "NONPAY",
    "companyNumber": "63",
    "rateDate": "03/07/2017",
    "producerNumber": "10463",
    "versionStatus": "Cancel Pending",
    "versionType": "Renewal",
    "quotedDownPayment": "144.22",
    "policyTerm": "12",
    "payPlan": "12-PayRNDB",
    "writtenPremium": "1230",
    "feeAmount": "67.76",
    "writtenPremiumWFees": "1297.76",
    "billedAmount": "307.48",
    "billedFeeAmount": "61.76",
    "totalBilledAmount": "369.24",
    "yetToBeBilledAmount": "928.52",
    "receiptAmount": "281.76",
    "currentDueAmount": "87.48",
    "remainBalanceAmount": "1016.00",
    "writeOffAmount": "0.00",
    "lastActivityAmount": "05/09/2017",
    "lastBilledDate": "06/16/2017"
  },
  {
    "agencyCode": "26892",
    "owner": "NSA_CA.",
    "productNumber": "1",
    "product": "Private Passenger",
    "stateAbbreviation": "CA",
    "policyID": "104600590644001",
    "version": "6",
    "changeNumber": "4",
    "nameInsured": "ROJAS, BLANCA HILDA",
    "homePhone": "(310) 677-3651",
    "workPhone": "(310) 417-7773",
    "email": null,
    "effectiveDate": "03/11/2017",
    "expirationDate": null,
    "cancelDate": "05/21/2017",
    "cancelSourceCode": "NONPAY",
    "companyNumber": "60",
    "rateDate": "03/11/2017",
    "producerNumber": null,
    "versionStatus": "Cancel Pending",
    "versionType": "Rewrite",
    "quotedDownPayment": "121.95",
    "policyTerm": "12",
    "payPlan": "12-PayDBRW",
    "writtenPremium": "917",
    "feeAmount": "55.52",
    "writtenPremiumWFees": "972.52",
    "billedAmount": "247.27",
    "billedFeeAmount": "49.52",
    "totalBilledAmount": "296.79",
    "yetToBeBilledAmount": "675.73",
    "receiptAmount": "206.37",
    "currentDueAmount": "90.42",
    "remainBalanceAmount": "766.15",
    "writeOffAmount": "0.00",
    "lastActivityAmount": "05/08/2017",
    "lastBilledDate": "04/24/2017"
  },
  {
    "agencyCode": "26892",
    "owner": "NSA_CA.",
    "productNumber": "1",
    "product": "Private Passenger",
    "stateAbbreviation": "CA",
    "policyID": "104601057982001",
    "version": "3",
    "changeNumber": "2",
    "nameInsured": "Guzman, David",
    "homePhone": "(562) 499-9272",
    "workPhone": null,
    "email": null,
    "effectiveDate": "03/04/2017",
    "expirationDate": null,
    "cancelDate": "05/21/2017",
    "cancelSourceCode": "NONPAY",
    "companyNumber": "63",
    "rateDate": "03/04/2017",
    "producerNumber": "10463",
    "versionStatus": "Cancel Pending",
    "versionType": "Renewal",
    "quotedDownPayment": "155.79",
    "policyTerm": "12",
    "payPlan": "12PayRNEFT",
    "writtenPremium": "1609",
    "feeAmount": "69.76",
    "writtenPremiumWFees": "1678.76",
    "billedAmount": "402.21",
    "billedFeeAmount": "33.76",
    "totalBilledAmount": "435.97",
    "yetToBeBilledAmount": "1242.79",
    "receiptAmount": "295.88",
    "currentDueAmount": "140.09",
    "remainBalanceAmount": "1382.88",
    "writeOffAmount": "0.00",
    "lastActivityAmount": "05/08/2017",
    "lastBilledDate": "04/19/2017"
  },
  {
    "agencyCode": "26892",
    "owner": "NSA_CA.",
    "productNumber": "1",
    "product": "Private Passenger",
    "stateAbbreviation": "CA",
    "policyID": "104630283774001",
    "version": "6",
    "changeNumber": "2",
    "nameInsured": "Bennett, Jihan Marie",
    "homePhone": "(424) 240-0603",
    "workPhone": null,
    "email": null,
    "effectiveDate": "03/03/2017",
    "expirationDate": null,
    "cancelDate": "05/21/2017",
    "cancelSourceCode": "NONPAY",
    "companyNumber": "63",
    "rateDate": "03/03/2017",
    "producerNumber": "10463",
    "versionStatus": "Cancel Pending",
    "versionType": "Renewal",
    "quotedDownPayment": "163.29",
    "policyTerm": "12",
    "payPlan": "12PayRNEFT",
    "writtenPremium": "1699",
    "feeAmount": "69.76",
    "writtenPremiumWFees": "1768.76",
    "billedAmount": "424.71",
    "billedFeeAmount": "33.76",
    "totalBilledAmount": "458.47",
    "yetToBeBilledAmount": "1310.29",
    "receiptAmount": "310.88",
    "currentDueAmount": "147.59",
    "remainBalanceAmount": "1457.88",
    "writeOffAmount": "0.00",
    "lastActivityAmount": "05/08/2017",
    "lastBilledDate": "05/25/2017"
  },
  {
    "agencyCode": "26892",
    "owner": "NSA_CA.",
    "productNumber": "1",
    "product": "Private Passenger",
    "stateAbbreviation": "CA",
    "policyID": "104630421628001",
    "version": "6",
    "changeNumber": "10",
    "nameInsured": "THURMON, DEBORAH CAROL",
    "homePhone": "(323) 753-1006",
    "workPhone": "(323) 442-8877",
    "email": null,
    "effectiveDate": "12/06/2016",
    "expirationDate": null,
    "cancelDate": "05/21/2017",
    "cancelSourceCode": "NONPAY",
    "companyNumber": "63",
    "rateDate": "12/06/2016",
    "producerNumber": null,
    "versionStatus": "Cancel Pending",
    "versionType": "Renewal",
    "quotedDownPayment": "267",
    "policyTerm": "12",
    "payPlan": "12-PayRNDB",
    "writtenPremium": "2260",
    "feeAmount": "103.52",
    "writtenPremiumWFees": "2363.52",
    "billedAmount": "1160.08",
    "billedFeeAmount": "97.52",
    "totalBilledAmount": "1257.60",
    "yetToBeBilledAmount": "1105.92",
    "receiptAmount": "1058.28",
    "currentDueAmount": "199.32",
    "remainBalanceAmount": "1305.24",
    "writeOffAmount": "0.00",
    "lastActivityAmount": "05/08/2017",
    "lastBilledDate": "06/19/2017"
  },
  {
    "agencyCode": "26892",
    "owner": "NSA_CA.",
    "productNumber": "1",
    "product": "Private Passenger",
    "stateAbbreviation": "CA",
    "policyID": "104630474579001",
    "version": "5",
    "changeNumber": "21",
    "nameInsured": "May, Jeffrey K",
    "homePhone": "(310) 431-8909",
    "workPhone": null,
    "email": null,
    "effectiveDate": "07/30/2016",
    "expirationDate": null,
    "cancelDate": "05/21/2017",
    "cancelSourceCode": "NONPAY",
    "companyNumber": "63",
    "rateDate": "07/30/2016",
    "producerNumber": null,
    "versionStatus": "Cancel Pending",
    "versionType": "Renewal",
    "quotedDownPayment": "253.46",
    "policyTerm": "12",
    "payPlan": "12PayRNEFT",
    "writtenPremium": "2537",
    "feeAmount": "234.12",
    "writtenPremiumWFees": "2771.12",
    "billedAmount": "2351.04",
    "billedFeeAmount": "223.12",
    "totalBilledAmount": "2574.16",
    "yetToBeBilledAmount": "196.96",
    "receiptAmount": "2270.68",
    "currentDueAmount": "303.48",
    "remainBalanceAmount": "500.44",
    "writeOffAmount": "0.00",
    "lastActivityAmount": "05/02/2017",
    "lastBilledDate": "04/16/2017"
  },
  {
    "agencyCode": "26892",
    "owner": "NSA_CA.",
    "productNumber": "1",
    "product": "Private Passenger",
    "stateAbbreviation": "CA",
    "policyID": "104631116104001",
    "version": "3",
    "changeNumber": "6",
    "nameInsured": "Howard, Jazmine Leigh",
    "homePhone": "(562) 618-6715",
    "workPhone": null,
    "email": null,
    "effectiveDate": "02/06/2017",
    "expirationDate": null,
    "cancelDate": "05/21/2017",
    "cancelSourceCode": "NONPAY",
    "companyNumber": "63",
    "rateDate": "02/06/2017",
    "producerNumber": "10463",
    "versionStatus": "Cancel Pending",
    "versionType": "Renewal",
    "quotedDownPayment": "123.22",
    "policyTerm": "12",
    "payPlan": "12-PayRNDB",
    "writtenPremium": "1218",
    "feeAmount": "69.76",
    "writtenPremiumWFees": "1287.76",
    "billedAmount": "405.99",
    "billedFeeAmount": "63.76",
    "totalBilledAmount": "469.75",
    "yetToBeBilledAmount": "818.01",
    "receiptAmount": "352.24",
    "currentDueAmount": "117.51",
    "remainBalanceAmount": "935.52",
    "writeOffAmount": "0.00",
    "lastActivityAmount": "05/08/2017",
    "lastBilledDate": "06/16/2017"
  },
  {
    "agencyCode": "26892",
    "owner": "NSA_CA.",
    "productNumber": "1",
    "product": "Private Passenger",
    "stateAbbreviation": "CA",
    "policyID": "104600080365001",
    "version": "6",
    "changeNumber": "2",
    "nameInsured": "Bussey, Lateefah",
    "homePhone": "(323) 292-9345",
    "workPhone": "(213) 922-6000",
    "email": null,
    "effectiveDate": "12/03/2016",
    "expirationDate": null,
    "cancelDate": "05/20/2017",
    "cancelSourceCode": "NONPAY",
    "companyNumber": "60",
    "rateDate": "12/03/2016",
    "producerNumber": null,
    "versionStatus": "Cancel Pending",
    "versionType": "Renewal",
    "quotedDownPayment": "141.96",
    "policyTerm": "12",
    "payPlan": "12-PayRNDB",
    "writtenPremium": "1398",
    "feeAmount": "77.76",
    "writtenPremiumWFees": "1475.76",
    "billedAmount": "860.00",
    "billedFeeAmount": "51.76",
    "totalBilledAmount": "911.76",
    "yetToBeBilledAmount": "564.00",
    "receiptAmount": "715.00",
    "currentDueAmount": "196.76",
    "remainBalanceAmount": "760.76",
    "writeOffAmount": "0.00",
    "lastActivityAmount": "08/29/2017",
    "lastBilledDate": "08/29/2017"
  },
  {
    "agencyCode": "26892",
    "owner": "NSA_CA.",
    "productNumber": "1",
    "product": "Private Passenger",
    "stateAbbreviation": "CA",
    "policyID": "104600780214001",
    "version": "5",
    "changeNumber": "4",
    "nameInsured": "Anderson, David Darniel",
    "homePhone": "(323) 239-5519",
    "workPhone": null,
    "email": null,
    "effectiveDate": "11/04/2016",
    "expirationDate": null,
    "cancelDate": "05/20/2017",
    "cancelSourceCode": "NONPAY",
    "companyNumber": "60",
    "rateDate": "11/04/2016",
    "producerNumber": "10460",
    "versionStatus": "Cancel Pending",
    "versionType": "Renewal",
    "quotedDownPayment": "68.91",
    "policyTerm": "12",
    "payPlan": "12-PayRNDB",
    "writtenPremium": "566",
    "feeAmount": "93.76",
    "writtenPremiumWFees": "659.76",
    "billedAmount": "330.17",
    "billedFeeAmount": "87.76",
    "totalBilledAmount": "417.93",
    "yetToBeBilledAmount": "241.83",
    "receiptAmount": "354.76",
    "currentDueAmount": "63.17",
    "remainBalanceAmount": "305.00",
    "writeOffAmount": "0.00",
    "lastActivityAmount": "05/07/2017",
    "lastBilledDate": "04/19/2017"
  },
  {
    "agencyCode": "26892",
    "owner": "NSA_CA.",
    "productNumber": "1",
    "product": "Private Passenger",
    "stateAbbreviation": "CA",
    "policyID": "104600869239001",
    "version": "4",
    "changeNumber": "12",
    "nameInsured": "Bautista, Elsy Nohemy",
    "homePhone": "(310) 227-3018",
    "workPhone": "(310) 973-1493",
    "email": null,
    "effectiveDate": "11/05/2016",
    "expirationDate": null,
    "cancelDate": "05/20/2017",
    "cancelSourceCode": "NONPAY",
    "companyNumber": "60",
    "rateDate": "11/05/2016",
    "producerNumber": "10460",
    "versionStatus": "Cancel Pending",
    "versionType": "Renewal",
    "quotedDownPayment": "125.81",
    "policyTerm": "12",
    "payPlan": "12-PayRNDB",
    "writtenPremium": "1228",
    "feeAmount": "119.52",
    "writtenPremiumWFees": "1347.52",
    "billedAmount": "716.33",
    "billedFeeAmount": "113.52",
    "totalBilledAmount": "829.85",
    "yetToBeBilledAmount": "517.67",
    "receiptAmount": "711.51",
    "currentDueAmount": "118.34",
    "remainBalanceAmount": "636.01",
    "writeOffAmount": "0.00",
    "lastActivityAmount": "05/08/2017",
    "lastBilledDate": "04/22/2017"
  },
  {
    "agencyCode": "26892",
    "owner": "NSA_CA.",
    "productNumber": "1",
    "product": "Private Passenger",
    "stateAbbreviation": "CA",
    "policyID": "104630161866001",
    "version": "6",
    "changeNumber": "2",
    "nameInsured": "SMILLIN JAMES, CARLOS ALFREDO",
    "homePhone": "(310) 984-9751",
    "workPhone": "(   )    -",
    "email": null,
    "effectiveDate": "02/05/2017",
    "expirationDate": null,
    "cancelDate": "05/20/2017",
    "cancelSourceCode": "NONPAY",
    "companyNumber": "63",
    "rateDate": "02/05/2017",
    "producerNumber": null,
    "versionStatus": "Cancel Pending",
    "versionType": "Renewal",
    "quotedDownPayment": "306.42",
    "policyTerm": "12",
    "payPlan": "12-PayRNDB",
    "writtenPremium": "3375",
    "feeAmount": "61.28",
    "writtenPremiumWFees": "3436.28",
    "billedAmount": "1124.92",
    "billedFeeAmount": "55.28",
    "totalBilledAmount": "1180.20",
    "yetToBeBilledAmount": "2256.08",
    "receiptAmount": "888.94",
    "currentDueAmount": "291.26",
    "remainBalanceAmount": "2547.34",
    "writeOffAmount": "0.00",
    "lastActivityAmount": "05/08/2017",
    "lastBilledDate": "06/16/2017"
  },
  {
    "agencyCode": "26892",
    "owner": "NSA_CA.",
    "productNumber": "1",
    "product": "Private Passenger",
    "stateAbbreviation": "CA",
    "policyID": "104630575299001",
    "version": "5",
    "changeNumber": "9",
    "nameInsured": "OLIVARES, RUBI",
    "homePhone": "(310) 722-8876",
    "workPhone": "(310) 630-4856",
    "email": null,
    "effectiveDate": "10/04/2016",
    "expirationDate": null,
    "cancelDate": "05/20/2017",
    "cancelSourceCode": "NONPAY",
    "companyNumber": "63",
    "rateDate": "10/04/2016",
    "producerNumber": null,
    "versionStatus": "Cancel Pending",
    "versionType": "Renewal",
    "quotedDownPayment": "105",
    "policyTerm": "12",
    "payPlan": "12-PayRNDB",
    "writtenPremium": "1264",
    "feeAmount": "129.28",
    "writtenPremiumWFees": "1393.28",
    "billedAmount": "676.84",
    "billedFeeAmount": "123.28",
    "totalBilledAmount": "800.12",
    "yetToBeBilledAmount": "593.16",
    "receiptAmount": "630.57",
    "currentDueAmount": "169.55",
    "remainBalanceAmount": "762.71",
    "writeOffAmount": "0.00",
    "lastActivityAmount": "05/07/2017",
    "lastBilledDate": "04/21/2017"
  },
  {
    "agencyCode": "26892",
    "owner": "NSA_CA.",
    "productNumber": "1",
    "product": "Private Passenger",
    "stateAbbreviation": "CA",
    "policyID": "104630761500001",
    "version": "5",
    "changeNumber": "3",
    "nameInsured": "Molinabarahona, Maria",
    "homePhone": "(310) 962-0908",
    "workPhone": null,
    "email": null,
    "effectiveDate": "04/03/2017",
    "expirationDate": null,
    "cancelDate": "05/20/2017",
    "cancelSourceCode": "NONPAY",
    "companyNumber": "63",
    "rateDate": "04/03/2017",
    "producerNumber": "10463",
    "versionStatus": "Cancel Pending",
    "versionType": "Renewal",
    "quotedDownPayment": "68.99",
    "policyTerm": "12",
    "payPlan": "12PayRNEFT",
    "writtenPremium": "567",
    "feeAmount": "63.76",
    "writtenPremiumWFees": "630.76",
    "billedAmount": "94.49",
    "billedFeeAmount": "27.76",
    "totalBilledAmount": "122.25",
    "yetToBeBilledAmount": "508.51",
    "receiptAmount": "68.99",
    "currentDueAmount": "53.26",
    "remainBalanceAmount": "561.77",
    "writeOffAmount": "0.00",
    "lastActivityAmount": "05/05/2017",
    "lastBilledDate": "04/18/2017"
  },
  {
    "agencyCode": "26892",
    "owner": "NSA_CA.",
    "productNumber": "1",
    "product": "Private Passenger",
    "stateAbbreviation": "CA",
    "policyID": "104630430331001",
    "version": "5",
    "changeNumber": "2",
    "nameInsured": "CHRISTOPHER, KARLA",
    "homePhone": "(323) 519-6371",
    "workPhone": "(310) 343-4100",
    "email": null,
    "effectiveDate": "07/02/2016",
    "expirationDate": null,
    "cancelDate": "05/17/2017",
    "cancelSourceCode": "NONPAY",
    "companyNumber": "63",
    "rateDate": "07/02/2016",
    "producerNumber": null,
    "versionStatus": "Cancel Pending",
    "versionType": "Renewal",
    "quotedDownPayment": "147.04",
    "policyTerm": "12",
    "payPlan": "12PayRNEFT",
    "writtenPremium": "1504",
    "feeAmount": "117.76",
    "writtenPremiumWFees": "1621.76",
    "billedAmount": "1378.67",
    "billedFeeAmount": "81.76",
    "totalBilledAmount": "1460.43",
    "yetToBeBilledAmount": "161.33",
    "receiptAmount": "1329.10",
    "currentDueAmount": "131.33",
    "remainBalanceAmount": "292.66",
    "writeOffAmount": "0.00",
    "lastActivityAmount": "05/05/2017",
    "lastBilledDate": "04/17/2017"
  },
  {
    "agencyCode": "26892",
    "owner": "NSA_CA.",
    "productNumber": "1",
    "product": "Private Passenger",
    "stateAbbreviation": "CA",
    "policyID": "104601366551001",
    "version": "1",
    "changeNumber": "5",
    "nameInsured": "Marquez, Gerardo Vargas",
    "homePhone": "(424) 223-1123",
    "workPhone": null,
    "email": null,
    "effectiveDate": "08/01/2016",
    "expirationDate": null,
    "cancelDate": "05/16/2017",
    "cancelSourceCode": "NONPAY",
    "companyNumber": "60",
    "rateDate": "08/01/2016",
    "producerNumber": "10460",
    "versionStatus": "Cancel Pending",
    "versionType": "New",
    "quotedDownPayment": "97.16",
    "policyTerm": "12",
    "payPlan": "12-Pay DB",
    "writtenPremium": "646",
    "feeAmount": "148.76",
    "writtenPremiumWFees": "794.76",
    "billedAmount": "534.91",
    "billedFeeAmount": "142.76",
    "totalBilledAmount": "677.67",
    "yetToBeBilledAmount": "117.09",
    "receiptAmount": "612.12",
    "currentDueAmount": "65.55",
    "remainBalanceAmount": "182.64",
    "writeOffAmount": "0.00",
    "lastActivityAmount": "05/03/2017",
    "lastBilledDate": "04/11/2017"
  },
  {
    "agencyCode": "26892",
    "owner": "NSA_CA.",
    "productNumber": "1",
    "product": "Private Passenger",
    "stateAbbreviation": "CA",
    "policyID": "104630539395001",
    "version": "5",
    "changeNumber": "2",
    "nameInsured": "James, Mervin Richard",
    "homePhone": "(310) 906-6905",
    "workPhone": "(310) 780-4363",
    "email": null,
    "effectiveDate": "09/10/2016",
    "expirationDate": null,
    "cancelDate": "05/15/2017",
    "cancelSourceCode": "UW",
    "companyNumber": "63",
    "rateDate": "09/10/2016",
    "producerNumber": null,
    "versionStatus": "Cancel Pending",
    "versionType": "Renewal",
    "quotedDownPayment": "102.06",
    "policyTerm": "12",
    "payPlan": "12PayRNEFT",
    "writtenPremium": "964",
    "feeAmount": "63.76",
    "writtenPremiumWFees": "1027.76",
    "billedAmount": "642.68",
    "billedFeeAmount": "63.76",
    "totalBilledAmount": "706.44",
    "yetToBeBilledAmount": "321.32",
    "receiptAmount": "706.44",
    "currentDueAmount": "0",
    "remainBalanceAmount": "321.32",
    "writeOffAmount": "0.00",
    "lastActivityAmount": "04/06/2017",
    "lastBilledDate": "03/26/2017"
  },
  {
    "agencyCode": "26892",
    "owner": "NSA_CA.",
    "productNumber": "1",
    "product": "Private Passenger",
    "stateAbbreviation": "CA",
    "policyID": "104601010433001",
    "version": "7",
    "changeNumber": "4",
    "nameInsured": "Johnson, Lasmin Ulander",
    "homePhone": "(310) 245-2500",
    "workPhone": null,
    "email": null,
    "effectiveDate": "03/05/2017",
    "expirationDate": null,
    "cancelDate": "05/14/2017",
    "cancelSourceCode": "NONPAY",
    "companyNumber": "60",
    "rateDate": "03/05/2017",
    "producerNumber": "10460",
    "versionStatus": "Cancel Pending",
    "versionType": "Rewrite",
    "quotedDownPayment": "171.15",
    "policyTerm": "12",
    "payPlan": "12-PayDBRW",
    "writtenPremium": "1141",
    "feeAmount": "57.28",
    "writtenPremiumWFees": "1198.28",
    "billedAmount": "326.81",
    "billedFeeAmount": "51.28",
    "totalBilledAmount": "378.09",
    "yetToBeBilledAmount": "820.19",
    "receiptAmount": "271.62",
    "currentDueAmount": "106.47",
    "remainBalanceAmount": "926.66",
    "writeOffAmount": "0.00",
    "lastActivityAmount": "05/01/2017",
    "lastBilledDate": "04/20/2017"
  },
  {
    "agencyCode": "26892",
    "owner": "NSA_CA.",
    "productNumber": "1",
    "product": "Private Passenger",
    "stateAbbreviation": "CA",
    "policyID": "104630159622001",
    "version": "6",
    "changeNumber": "6",
    "nameInsured": "Zambrano, Miguel Nunez",
    "homePhone": "(323) 418-9019",
    "workPhone": null,
    "email": null,
    "effectiveDate": "02/03/2017",
    "expirationDate": null,
    "cancelDate": "05/14/2017",
    "cancelSourceCode": "NONPAY",
    "companyNumber": "60",
    "rateDate": "02/03/2017",
    "producerNumber": "10460",
    "versionStatus": "Cancel Pending",
    "versionType": "Rewrite",
    "quotedDownPayment": "151.65",
    "policyTerm": "12",
    "payPlan": "12-PayDBRW",
    "writtenPremium": "1011",
    "feeAmount": "71.52",
    "writtenPremiumWFees": "1082.52",
    "billedAmount": "368.92",
    "billedFeeAmount": "65.52",
    "totalBilledAmount": "434.44",
    "yetToBeBilledAmount": "648.08",
    "receiptAmount": "338.18",
    "currentDueAmount": "96.26",
    "remainBalanceAmount": "744.34",
    "writeOffAmount": "0.00",
    "lastActivityAmount": "05/01/2017",
    "lastBilledDate": "04/16/2017"
  },
  {
    "agencyCode": "26892",
    "owner": "NSA_CA.",
    "productNumber": "1",
    "product": "Private Passenger",
    "stateAbbreviation": "CA",
    "policyID": "104631091101001",
    "version": "5",
    "changeNumber": "2",
    "nameInsured": "Cortes, Mariana",
    "homePhone": "(310) 912-4139",
    "workPhone": "(310) 912-4139",
    "email": "XXTRAVIESA@AOL.COM",
    "effectiveDate": "03/29/2017",
    "expirationDate": null,
    "cancelDate": "05/14/2017",
    "cancelSourceCode": "NONPAY",
    "companyNumber": "63",
    "rateDate": "03/29/2017",
    "producerNumber": "10463",
    "versionStatus": "Cancel Pending",
    "versionType": "Rewrite",
    "quotedDownPayment": "199.05",
    "policyTerm": "12",
    "payPlan": "12-PayDBRW",
    "writtenPremium": "1327",
    "feeAmount": "39.52",
    "writtenPremiumWFees": "1366.52",
    "billedAmount": "280.21",
    "billedFeeAmount": "33.52",
    "totalBilledAmount": "313.73",
    "yetToBeBilledAmount": "1052.79",
    "receiptAmount": "199.05",
    "currentDueAmount": "114.68",
    "remainBalanceAmount": "1167.47",
    "writeOffAmount": "0.00",
    "lastActivityAmount": "04/26/2017",
    "lastBilledDate": "04/04/2017"
  },
  {
    "agencyCode": "26892",
    "owner": "NSA_CA.",
    "productNumber": "1",
    "product": "Private Passenger",
    "stateAbbreviation": "CA",
    "policyID": "104599321930001",
    "version": "6",
    "changeNumber": "4",
    "nameInsured": "PITTS, KEITH LAWRENCE",
    "homePhone": "(323)947-5127",
    "workPhone": "(323) 359-7850",
    "email": null,
    "effectiveDate": "02/26/2017",
    "expirationDate": null,
    "cancelDate": "05/13/2017",
    "cancelSourceCode": "NONPAY",
    "companyNumber": "60",
    "rateDate": "02/26/2017",
    "producerNumber": null,
    "versionStatus": "Cancel Pending",
    "versionType": "Renewal",
    "quotedDownPayment": "153.46",
    "policyTerm": "12",
    "payPlan": "12-PayRNDB",
    "writtenPremium": "1526",
    "feeAmount": "53.76",
    "writtenPremiumWFees": "1579.76",
    "billedAmount": "542.98",
    "billedFeeAmount": "47.76",
    "totalBilledAmount": "590.74",
    "yetToBeBilledAmount": "989.02",
    "receiptAmount": "416.22",
    "currentDueAmount": "174.52",
    "remainBalanceAmount": "1163.54",
    "writeOffAmount": "-80.54",
    "lastActivityAmount": "08/29/2017",
    "lastBilledDate": "08/29/2017"
  },
  {
    "agencyCode": "26892",
    "owner": "NSC_CA.",
    "productNumber": "5",
    "product": "Commercial",
    "stateAbbreviation": "CA",
    "policyID": "504610078947001",
    "version": "3",
    "changeNumber": "9",
    "nameInsured": "Saldana, Carlos Arnoldo Molina",
    "homePhone": null,
    "workPhone": "(424) 223-0317",
    "email": "ESPINOZANORMA60@YAHOO.COM",
    "effectiveDate": "01/16/2018",
    "expirationDate": null,
    "cancelDate": "05/09/2018",
    "cancelSourceCode": "NONPAY",
    "companyNumber": "61",
    "rateDate": "01/16/2018",
    "producerNumber": "50461",
    "versionStatus": "Cancel Pending",
    "versionType": "New",
    "quotedDownPayment": "225.72",
    "policyTerm": "12",
    "payPlan": "12-Pay RCP",
    "writtenPremium": "2448",
    "feeAmount": "71.28",
    "writtenPremiumWFees": "2519.28",
    "billedAmount": "827.88",
    "billedFeeAmount": "71.28",
    "totalBilledAmount": "899.16",
    "yetToBeBilledAmount": "1620.12",
    "receiptAmount": "664.68",
    "currentDueAmount": "234.48",
    "remainBalanceAmount": "1854.60",
    "writeOffAmount": "0.00",
    "lastActivityAmount": "03/28/2018",
    "lastBilledDate": "03/28/2018"
  },
  {
    "agencyCode": "26892",
    "owner": "NSC_CA.",
    "productNumber": "5",
    "product": "Commercial",
    "stateAbbreviation": "CA",
    "policyID": "504610045286001",
    "version": "7",
    "changeNumber": "2",
    "nameInsured": "Cruz, Isidro Zamora",
    "homePhone": null,
    "workPhone": "(003) 234-1818",
    "email": null,
    "effectiveDate": "05/03/2017",
    "expirationDate": null,
    "cancelDate": "10/14/2017",
    "cancelSourceCode": "NONPAY",
    "companyNumber": "61",
    "rateDate": "05/03/2017",
    "producerNumber": "50461",
    "versionStatus": "Cancel Pending",
    "versionType": "Renewal",
    "quotedDownPayment": "46.57",
    "policyTerm": "12",
    "payPlan": "12-Pay EFT",
    "writtenPremium": "415",
    "feeAmount": "36.00",
    "writtenPremiumWFees": "451.00",
    "billedAmount": "103.75",
    "billedFeeAmount": "36.00",
    "totalBilledAmount": "139.75",
    "yetToBeBilledAmount": "311.25",
    "receiptAmount": "93.16",
    "currentDueAmount": "46.59",
    "remainBalanceAmount": "357.84",
    "writeOffAmount": "0.00",
    "lastActivityAmount": "06/20/2017",
    "lastBilledDate": "06/20/2017"
  },
  {
    "agencyCode": "26892",
    "owner": "NSC_CA.",
    "productNumber": "5",
    "product": "Commercial",
    "stateAbbreviation": "CA",
    "policyID": "504610052852001",
    "version": "4",
    "changeNumber": "4",
    "nameInsured": "Duenezhernandez, Juan Jose",
    "homePhone": null,
    "workPhone": "(310) 419-4067",
    "email": null,
    "effectiveDate": "06/20/2016",
    "expirationDate": null,
    "cancelDate": "06/07/2017",
    "cancelSourceCode": "NONPAY",
    "companyNumber": "61",
    "rateDate": "06/20/2016",
    "producerNumber": "50461",
    "versionStatus": "Cancel Pending",
    "versionType": "Renewal",
    "quotedDownPayment": "143.79",
    "policyTerm": "12",
    "payPlan": "12-Pay",
    "writtenPremium": "1222",
    "feeAmount": "244.00",
    "writtenPremiumWFees": "1466.00",
    "billedAmount": "1222.00",
    "billedFeeAmount": "244.00",
    "totalBilledAmount": "1466.00",
    "yetToBeBilledAmount": "0.00",
    "receiptAmount": "1347.25",
    "currentDueAmount": "118.75",
    "remainBalanceAmount": "118.75",
    "writeOffAmount": "0.00",
    "lastActivityAmount": "04/30/2017",
    "lastBilledDate": "04/30/2017"
  },
  {
    "agencyCode": "26892",
    "owner": "NSC_CA.",
    "productNumber": "5",
    "product": "Commercial",
    "stateAbbreviation": "CA",
    "policyID": "504610084191001",
    "version": "1",
    "changeNumber": "3",
    "nameInsured": "Ortiz Soria, Froylan",
    "homePhone": null,
    "workPhone": "(310) 991-0536",
    "email": null,
    "effectiveDate": "08/20/2016",
    "expirationDate": null,
    "cancelDate": "06/07/2017",
    "cancelSourceCode": "NONPAY",
    "companyNumber": "61",
    "rateDate": "08/20/2016",
    "producerNumber": "50461",
    "versionStatus": "Cancel Pending",
    "versionType": "New",
    "quotedDownPayment": "60.66",
    "policyTerm": "12",
    "payPlan": "12-Pay RCP",
    "writtenPremium": "614",
    "feeAmount": "158.07",
    "writtenPremiumWFees": "772.07",
    "billedAmount": "512.42",
    "billedFeeAmount": "158.07",
    "totalBilledAmount": "670.49",
    "yetToBeBilledAmount": "101.58",
    "receiptAmount": "670.49",
    "currentDueAmount": "0",
    "remainBalanceAmount": "101.58",
    "writeOffAmount": "0.00",
    "lastActivityAmount": "09/06/2017",
    "lastBilledDate": "04/30/2017"
  },
  {
    "agencyCode": "26892",
    "owner": "NSC_CA.",
    "productNumber": "5",
    "product": "Commercial",
    "stateAbbreviation": "CA",
    "policyID": "504610084924001",
    "version": "1",
    "changeNumber": "6",
    "nameInsured": "Lopez Cornejo, Santiago",
    "homePhone": null,
    "workPhone": "(323) 671-0556",
    "email": null,
    "effectiveDate": "09/15/2016",
    "expirationDate": null,
    "cancelDate": "06/07/2017",
    "cancelSourceCode": "NONPAY",
    "companyNumber": "61",
    "rateDate": "09/15/2016",
    "producerNumber": "50461",
    "versionStatus": "Cancel Pending",
    "versionType": "New",
    "quotedDownPayment": "104.31",
    "policyTerm": "12",
    "payPlan": "12-Pay EFT",
    "writtenPremium": "712",
    "feeAmount": "70.18",
    "writtenPremiumWFees": "782.18",
    "billedAmount": "543.80",
    "billedFeeAmount": "70.18",
    "totalBilledAmount": "613.98",
    "yetToBeBilledAmount": "168.20",
    "receiptAmount": "529.77",
    "currentDueAmount": "84.21",
    "remainBalanceAmount": "252.41",
    "writeOffAmount": "0.00",
    "lastActivityAmount": "02/28/2017",
    "lastBilledDate": "02/28/2017"
  },
  {
    "agencyCode": "26892",
    "owner": "NSC_CA.",
    "productNumber": "5",
    "product": "Commercial",
    "stateAbbreviation": "CA",
    "policyID": "504610036721001",
    "version": "6",
    "changeNumber": "2",
    "nameInsured": "Bentiez Sandoval, Leobardo",
    "homePhone": null,
    "workPhone": "(310) 673-4030",
    "email": null,
    "effectiveDate": "07/16/2016",
    "expirationDate": null,
    "cancelDate": "06/03/2017",
    "cancelSourceCode": "NONPAY",
    "companyNumber": "61",
    "rateDate": "07/16/2016",
    "producerNumber": "50461",
    "versionStatus": "Cancel Pending",
    "versionType": "Renewal",
    "quotedDownPayment": "142.79",
    "policyTerm": "12",
    "payPlan": "12-Pay EFT",
    "writtenPremium": "1270",
    "feeAmount": "126.00",
    "writtenPremiumWFees": "1396.00",
    "billedAmount": "952.51",
    "billedFeeAmount": "126.00",
    "totalBilledAmount": "1078.51",
    "yetToBeBilledAmount": "317.49",
    "receiptAmount": "849.83",
    "currentDueAmount": "228.68",
    "remainBalanceAmount": "546.17",
    "writeOffAmount": "0.00",
    "lastActivityAmount": "03/01/2017",
    "lastBilledDate": "03/01/2017"
  },
  {
    "agencyCode": "26892",
    "owner": "NSC_CA.",
    "productNumber": "5",
    "product": "Commercial",
    "stateAbbreviation": "CA",
    "policyID": "504610052021001",
    "version": "5",
    "changeNumber": "2",
    "nameInsured": "Cabrera, Silvia Gamez",
    "homePhone": null,
    "workPhone": "(310) 940-4852",
    "email": null,
    "effectiveDate": "07/18/2016",
    "expirationDate": null,
    "cancelDate": "06/03/2017",
    "cancelSourceCode": "NONPAY",
    "companyNumber": "61",
    "rateDate": "07/18/2016",
    "producerNumber": "50461",
    "versionStatus": "Cancel Pending",
    "versionType": "Renewal",
    "quotedDownPayment": "229.67",
    "policyTerm": "12",
    "payPlan": "12-Pay EFT",
    "writtenPremium": "2313",
    "feeAmount": "121.00",
    "writtenPremiumWFees": "2434.00",
    "billedAmount": "1541.99",
    "billedFeeAmount": "121.00",
    "totalBilledAmount": "1662.99",
    "yetToBeBilledAmount": "771.01",
    "receiptAmount": "1458.23",
    "currentDueAmount": "204.76",
    "remainBalanceAmount": "975.77",
    "writeOffAmount": "0.00",
    "lastActivityAmount": "02/03/2017",
    "lastBilledDate": "02/03/2017"
  },
  {
    "agencyCode": "26892",
    "owner": "NSC_CA.",
    "productNumber": "5",
    "product": "Commercial",
    "stateAbbreviation": "CA",
    "policyID": "504610065940001",
    "version": "3",
    "changeNumber": "2",
    "nameInsured": "Marquez, Mario Esqueda",
    "homePhone": null,
    "workPhone": "(323) 676-0103",
    "email": null,
    "effectiveDate": "11/29/2016",
    "expirationDate": null,
    "cancelDate": "06/03/2017",
    "cancelSourceCode": "NONPAY",
    "companyNumber": "61",
    "rateDate": "11/29/2016",
    "producerNumber": "50461",
    "versionStatus": "Cancel Pending",
    "versionType": "Renewal",
    "quotedDownPayment": "380.03",
    "policyTerm": "12",
    "payPlan": "12-Pay EFT",
    "writtenPremium": "4118",
    "feeAmount": "66.00",
    "writtenPremiumWFees": "4184.00",
    "billedAmount": "1372.57",
    "billedFeeAmount": "66.00",
    "totalBilledAmount": "1438.57",
    "yetToBeBilledAmount": "2745.43",
    "receiptAmount": "735.21",
    "currentDueAmount": "703.36",
    "remainBalanceAmount": "3448.79",
    "writeOffAmount": "0.00",
    "lastActivityAmount": "02/13/2017",
    "lastBilledDate": "02/13/2017"
  },
  {
    "agencyCode": "26892",
    "owner": "NSC_CA.",
    "productNumber": "5",
    "product": "Commercial",
    "stateAbbreviation": "CA",
    "policyID": "504411516100001",
    "version": "8",
    "changeNumber": "2",
    "nameInsured": "Martinezpolito, Marco Polo",
    "homePhone": null,
    "workPhone": "(310) 242-7018",
    "email": null,
    "effectiveDate": "08/26/2016",
    "expirationDate": null,
    "cancelDate": "05/14/2017",
    "cancelSourceCode": "NONPAY",
    "companyNumber": "61",
    "rateDate": "08/26/2016",
    "producerNumber": "50461",
    "versionStatus": "Cancel Pending",
    "versionType": "Renewal",
    "quotedDownPayment": "99.05",
    "policyTerm": "12",
    "payPlan": "12-Pay EFT",
    "writtenPremium": "1045",
    "feeAmount": "84.00",
    "writtenPremiumWFees": "1129.00",
    "billedAmount": "609.59",
    "billedFeeAmount": "84.00",
    "totalBilledAmount": "693.59",
    "yetToBeBilledAmount": "435.41",
    "receiptAmount": "594.50",
    "currentDueAmount": "99.09",
    "remainBalanceAmount": "534.50",
    "writeOffAmount": "0.00",
    "lastActivityAmount": "02/13/2017",
    "lastBilledDate": "02/13/2017"
  },
  {
    "agencyCode": "26892",
    "owner": "NSC_CA.",
    "productNumber": "5",
    "product": "Commercial",
    "stateAbbreviation": "CA",
    "policyID": "504568448533001",
    "version": "1",
    "changeNumber": "2",
    "nameInsured": "Guevara, Sofia Bettys",
    "homePhone": null,
    "workPhone": "(310) 890-7414",
    "email": null,
    "effectiveDate": "11/14/2016",
    "expirationDate": null,
    "cancelDate": "05/14/2017",
    "cancelSourceCode": "NONPAY",
    "companyNumber": "61",
    "rateDate": "11/14/2016",
    "producerNumber": "50461",
    "versionStatus": "Cancel Pending",
    "versionType": "New",
    "quotedDownPayment": "58",
    "policyTerm": "12",
    "payPlan": "12-Pay EFT",
    "writtenPremium": "593",
    "feeAmount": "46.25",
    "writtenPremiumWFees": "639.25",
    "billedAmount": "249.12",
    "billedFeeAmount": "46.25",
    "totalBilledAmount": "295.37",
    "yetToBeBilledAmount": "343.88",
    "receiptAmount": "180.18",
    "currentDueAmount": "115.19",
    "remainBalanceAmount": "459.07",
    "writeOffAmount": "0.00",
    "lastActivityAmount": "02/27/2017",
    "lastBilledDate": "02/27/2017"
  },
  {
    "agencyCode": "26892",
    "owner": "NSC_CA.",
    "productNumber": "5",
    "product": "Commercial",
    "stateAbbreviation": "CA",
    "policyID": "504610003980001",
    "version": "8",
    "changeNumber": "2",
    "nameInsured": "L & J Design Flooring",
    "homePhone": null,
    "workPhone": "(310) 913-9951",
    "email": null,
    "effectiveDate": "08/10/2016",
    "expirationDate": null,
    "cancelDate": "05/14/2017",
    "cancelSourceCode": "NONPAY",
    "companyNumber": "61",
    "rateDate": "08/10/2016",
    "producerNumber": "50461",
    "versionStatus": "Cancel Pending",
    "versionType": "Renewal",
    "quotedDownPayment": "604.18",
    "policyTerm": "12",
    "payPlan": "12-Pay EFT",
    "writtenPremium": "6809",
    "feeAmount": "288.99",
    "writtenPremiumWFees": "7097.99",
    "billedAmount": "4539.27",
    "billedFeeAmount": "288.99",
    "totalBilledAmount": "4828.26",
    "yetToBeBilledAmount": "2269.73",
    "receiptAmount": "3626.38",
    "currentDueAmount": "1201.88",
    "remainBalanceAmount": "3471.61",
    "writeOffAmount": "0.00",
    "lastActivityAmount": "02/23/2017",
    "lastBilledDate": "02/23/2017"
  },
  {
    "agencyCode": "26892",
    "owner": "NSC_CA.",
    "productNumber": "5",
    "product": "Commercial",
    "stateAbbreviation": "CA",
    "policyID": "504610009359001",
    "version": "9",
    "changeNumber": "2",
    "nameInsured": "Gonzalez, Martha",
    "homePhone": null,
    "workPhone": "(003) 237-2877",
    "email": "sfforklift@yahoo.com",
    "effectiveDate": "01/08/2017",
    "expirationDate": null,
    "cancelDate": "05/14/2017",
    "cancelSourceCode": "NONPAY",
    "companyNumber": "61",
    "rateDate": "01/08/2017",
    "producerNumber": "50461",
    "versionStatus": "Cancel Pending",
    "versionType": "Renewal",
    "quotedDownPayment": "181.02",
    "policyTerm": "12",
    "payPlan": "12-Pay EFT",
    "writtenPremium": "1969",
    "feeAmount": "34.00",
    "writtenPremiumWFees": "2003.00",
    "billedAmount": "496.30",
    "billedFeeAmount": "34.00",
    "totalBilledAmount": "530.30",
    "yetToBeBilledAmount": "1472.70",
    "receiptAmount": "181.02",
    "currentDueAmount": "349.28",
    "remainBalanceAmount": "1821.98",
    "writeOffAmount": "0.00",
    "lastActivityAmount": "02/21/2017",
    "lastBilledDate": "02/21/2017"
  },
  {
    "agencyCode": "26892",
    "owner": "NSC_CA.",
    "productNumber": "5",
    "product": "Commercial",
    "stateAbbreviation": "CA",
    "policyID": "504610013151001",
    "version": "9",
    "changeNumber": "4",
    "nameInsured": "Xanthogeorgis, Georgios",
    "homePhone": null,
    "workPhone": "(310) 216-8115",
    "email": null,
    "effectiveDate": "09/26/2016",
    "expirationDate": null,
    "cancelDate": "05/14/2017",
    "cancelSourceCode": "NONPAY",
    "companyNumber": "61",
    "rateDate": "09/26/2016",
    "producerNumber": "50461",
    "versionStatus": "Cancel Pending",
    "versionType": "Renewal",
    "quotedDownPayment": "851.36",
    "policyTerm": "12",
    "payPlan": "12-Pay RCP",
    "writtenPremium": "5238",
    "feeAmount": "364.55",
    "writtenPremiumWFees": "5602.55",
    "billedAmount": "3215.90",
    "billedFeeAmount": "364.55",
    "totalBilledAmount": "3580.45",
    "yetToBeBilledAmount": "2022.10",
    "receiptAmount": "3580.45",
    "currentDueAmount": "0",
    "remainBalanceAmount": "2022.10",
    "writeOffAmount": "0.00",
    "lastActivityAmount": "09/06/2017",
    "lastBilledDate": "03/22/2017"
  },
  {
    "agencyCode": "26892",
    "owner": "NSC_CA.",
    "productNumber": "5",
    "product": "Commercial",
    "stateAbbreviation": "CA",
    "policyID": "504610013644001",
    "version": "8",
    "changeNumber": "2",
    "nameInsured": "Cervantes, Arturo",
    "homePhone": null,
    "workPhone": "(310) 672-6196",
    "email": null,
    "effectiveDate": "05/28/2016",
    "expirationDate": null,
    "cancelDate": "05/14/2017",
    "cancelSourceCode": "NONPAY",
    "companyNumber": "61",
    "rateDate": "05/28/2016",
    "producerNumber": "50461",
    "versionStatus": "Cancel Pending",
    "versionType": "Renewal",
    "quotedDownPayment": "133.95",
    "policyTerm": "12",
    "payPlan": "12-Pay EFT",
    "writtenPremium": "1404",
    "feeAmount": "162.99",
    "writtenPremiumWFees": "1566.99",
    "billedAmount": "1170.00",
    "billedFeeAmount": "162.99",
    "totalBilledAmount": "1332.99",
    "yetToBeBilledAmount": "234.00",
    "receiptAmount": "1071.98",
    "currentDueAmount": "261.01",
    "remainBalanceAmount": "495.01",
    "writeOffAmount": "0.00",
    "lastActivityAmount": "02/13/2017",
    "lastBilledDate": "02/13/2017"
  },
  {
    "agencyCode": "26892",
    "owner": "NSC_CA.",
    "productNumber": "5",
    "product": "Commercial",
    "stateAbbreviation": "CA",
    "policyID": "504610016187001",
    "version": "9",
    "changeNumber": "2",
    "nameInsured": "Lopez, Henry",
    "homePhone": null,
    "workPhone": "(310) 345-9990",
    "email": null,
    "effectiveDate": "01/05/2017",
    "expirationDate": null,
    "cancelDate": "05/14/2017",
    "cancelSourceCode": "NONPAY",
    "companyNumber": "61",
    "rateDate": "01/05/2017",
    "producerNumber": "50461",
    "versionStatus": "Cancel Pending",
    "versionType": "Renewal",
    "quotedDownPayment": "188.18",
    "policyTerm": "12",
    "payPlan": "12-Pay EFT",
    "writtenPremium": "2115",
    "feeAmount": "29.00",
    "writtenPremiumWFees": "2144.00",
    "billedAmount": "528.70",
    "billedFeeAmount": "29.00",
    "totalBilledAmount": "557.70",
    "yetToBeBilledAmount": "1586.30",
    "receiptAmount": "188.18",
    "currentDueAmount": "369.52",
    "remainBalanceAmount": "1955.82",
    "writeOffAmount": "0.00",
    "lastActivityAmount": "02/20/2017",
    "lastBilledDate": "02/20/2017"
  },
  {
    "agencyCode": "26892",
    "owner": "NSC_CA.",
    "productNumber": "5",
    "product": "Commercial",
    "stateAbbreviation": "CA",
    "policyID": "504610020509001",
    "version": "8",
    "changeNumber": "3",
    "nameInsured": "Gallardo, Julio A Sanchez",
    "homePhone": null,
    "workPhone": "(323) 578-0793",
    "email": null,
    "effectiveDate": "01/20/2017",
    "expirationDate": null,
    "cancelDate": "05/14/2017",
    "cancelSourceCode": "NONPAY",
    "companyNumber": "61",
    "rateDate": "01/20/2017",
    "producerNumber": "50461",
    "versionStatus": "Cancel Pending",
    "versionType": "Renewal",
    "quotedDownPayment": "485.66",
    "policyTerm": "12",
    "payPlan": "12-Pay EFT",
    "writtenPremium": "6853",
    "feeAmount": "59.00",
    "writtenPremiumWFees": "6912.00",
    "billedAmount": "1026.33",
    "billedFeeAmount": "59.00",
    "totalBilledAmount": "1085.33",
    "yetToBeBilledAmount": "5826.67",
    "receiptAmount": "485.66",
    "currentDueAmount": "599.67",
    "remainBalanceAmount": "6426.34",
    "writeOffAmount": "0.00",
    "lastActivityAmount": "02/06/2017",
    "lastBilledDate": "02/06/2017"
  },
  {
    "agencyCode": "26892",
    "owner": "NSC_CA.",
    "productNumber": "5",
    "product": "Commercial",
    "stateAbbreviation": "CA",
    "policyID": "504610022592001",
    "version": "7",
    "changeNumber": "3",
    "nameInsured": "Gutierrez, Trinidad",
    "homePhone": null,
    "workPhone": "(714) 914-2449",
    "email": null,
    "effectiveDate": "09/17/2016",
    "expirationDate": null,
    "cancelDate": "05/14/2017",
    "cancelSourceCode": "NONPAY",
    "companyNumber": "61",
    "rateDate": "09/17/2016",
    "producerNumber": "50461",
    "versionStatus": "Cancel Pending",
    "versionType": "Renewal",
    "quotedDownPayment": "53.82",
    "policyTerm": "12",
    "payPlan": "12-Pay EFT",
    "writtenPremium": "888",
    "feeAmount": "108.92",
    "writtenPremiumWFees": "996.92",
    "billedAmount": "503.40",
    "billedFeeAmount": "108.92",
    "totalBilledAmount": "612.32",
    "yetToBeBilledAmount": "384.60",
    "receiptAmount": "430.82",
    "currentDueAmount": "181.50",
    "remainBalanceAmount": "566.10",
    "writeOffAmount": "0.00",
    "lastActivityAmount": "03/02/2017",
    "lastBilledDate": "03/02/2017"
  },
  {
    "agencyCode": "26892",
    "owner": "NSC_CA.",
    "productNumber": "5",
    "product": "Commercial",
    "stateAbbreviation": "CA",
    "policyID": "504610024927001",
    "version": "7",
    "changeNumber": "2",
    "nameInsured": "Banket, Dennis",
    "homePhone": null,
    "workPhone": "(323) 754-3555",
    "email": null,
    "effectiveDate": "05/27/2016",
    "expirationDate": null,
    "cancelDate": "05/14/2017",
    "cancelSourceCode": "NONPAY",
    "companyNumber": "61",
    "rateDate": "05/27/2016",
    "producerNumber": "50461",
    "versionStatus": "Cancel Pending",
    "versionType": "Renewal",
    "quotedDownPayment": "50.23",
    "policyTerm": "12",
    "payPlan": "12-Pay EFT",
    "writtenPremium": "459",
    "feeAmount": "113.00",
    "writtenPremiumWFees": "572.00",
    "billedAmount": "382.50",
    "billedFeeAmount": "113.00",
    "totalBilledAmount": "495.50",
    "yetToBeBilledAmount": "76.50",
    "receiptAmount": "402.00",
    "currentDueAmount": "93.50",
    "remainBalanceAmount": "170.00",
    "writeOffAmount": "0.00",
    "lastActivityAmount": "02/13/2017",
    "lastBilledDate": "02/13/2017"
  },
  {
    "agencyCode": "26892",
    "owner": "NSC_CA.",
    "productNumber": "5",
    "product": "Commercial",
    "stateAbbreviation": "CA",
    "policyID": "504610027496001",
    "version": "7",
    "changeNumber": "2",
    "nameInsured": "Cano, Omar",
    "homePhone": null,
    "workPhone": "(310) 482-0820",
    "email": null,
    "effectiveDate": "09/01/2016",
    "expirationDate": null,
    "cancelDate": "05/14/2017",
    "cancelSourceCode": "NONPAY",
    "companyNumber": "61",
    "rateDate": "09/01/2016",
    "producerNumber": "50461",
    "versionStatus": "Cancel Pending",
    "versionType": "Renewal",
    "quotedDownPayment": "55.73",
    "policyTerm": "12",
    "payPlan": "12-Pay EFT",
    "writtenPremium": "525",
    "feeAmount": "77.00",
    "writtenPremiumWFees": "602.00",
    "billedAmount": "306.25",
    "billedFeeAmount": "77.00",
    "totalBilledAmount": "383.25",
    "yetToBeBilledAmount": "218.75",
    "receiptAmount": "278.75",
    "currentDueAmount": "104.50",
    "remainBalanceAmount": "323.25",
    "writeOffAmount": "0.00",
    "lastActivityAmount": "02/14/2017",
    "lastBilledDate": "02/14/2017"
  },
  {
    "agencyCode": "26892",
    "owner": "NSC_CA.",
    "productNumber": "5",
    "product": "Commercial",
    "stateAbbreviation": "CA",
    "policyID": "504610029138001",
    "version": "7",
    "changeNumber": "2",
    "nameInsured": "Delgado, Jose Jesus",
    "homePhone": null,
    "workPhone": "(310) 830-9670",
    "email": null,
    "effectiveDate": "10/29/2016",
    "expirationDate": null,
    "cancelDate": "05/14/2017",
    "cancelSourceCode": "NONPAY",
    "companyNumber": "61",
    "rateDate": "10/29/2016",
    "producerNumber": "50461",
    "versionStatus": "Cancel Pending",
    "versionType": "Renewal",
    "quotedDownPayment": "137.45",
    "policyTerm": "12",
    "payPlan": "12-Pay",
    "writtenPremium": "1326",
    "feeAmount": "122.99",
    "writtenPremiumWFees": "1448.99",
    "billedAmount": "552.50",
    "billedFeeAmount": "122.99",
    "totalBilledAmount": "675.49",
    "yetToBeBilledAmount": "773.50",
    "receiptAmount": "412.47",
    "currentDueAmount": "263.02",
    "remainBalanceAmount": "1036.52",
    "writeOffAmount": "0.00",
    "lastActivityAmount": "02/08/2017",
    "lastBilledDate": "02/08/2017"
  },
  {
    "agencyCode": "26892",
    "owner": "NSC_CA.",
    "productNumber": "5",
    "product": "Commercial",
    "stateAbbreviation": "CA",
    "policyID": "504610033189001",
    "version": "6",
    "changeNumber": "2",
    "nameInsured": "Solorzano, Douglas",
    "homePhone": null,
    "workPhone": "(323) 900-9321",
    "email": null,
    "effectiveDate": "01/05/2017",
    "expirationDate": null,
    "cancelDate": "05/14/2017",
    "cancelSourceCode": "NONPAY",
    "companyNumber": "61",
    "rateDate": "01/05/2017",
    "producerNumber": "50461",
    "versionStatus": "Cancel Pending",
    "versionType": "Renewal",
    "quotedDownPayment": "167.02",
    "policyTerm": "12",
    "payPlan": "12-Pay EFT",
    "writtenPremium": "1801",
    "feeAmount": "44.00",
    "writtenPremiumWFees": "1845.00",
    "billedAmount": "450.20",
    "billedFeeAmount": "44.00",
    "totalBilledAmount": "494.20",
    "yetToBeBilledAmount": "1350.80",
    "receiptAmount": "167.02",
    "currentDueAmount": "327.18",
    "remainBalanceAmount": "1677.98",
    "writeOffAmount": "0.00",
    "lastActivityAmount": "02/20/2017",
    "lastBilledDate": "02/20/2017"
  },
  {
    "agencyCode": "26892",
    "owner": "NSC_CA.",
    "productNumber": "5",
    "product": "Commercial",
    "stateAbbreviation": "CA",
    "policyID": "504610033888001",
    "version": "7",
    "changeNumber": "2",
    "nameInsured": "Lopez, Ramiro P",
    "homePhone": null,
    "workPhone": "(310) 686-6161",
    "email": null,
    "effectiveDate": "01/06/2017",
    "expirationDate": null,
    "cancelDate": "05/14/2017",
    "cancelSourceCode": "NONPAY",
    "companyNumber": "61",
    "rateDate": "01/06/2017",
    "producerNumber": "50461",
    "versionStatus": "Cancel Pending",
    "versionType": "Renewal",
    "quotedDownPayment": "159.86",
    "policyTerm": "12",
    "payPlan": "12-Pay",
    "writtenPremium": "1655",
    "feeAmount": "54.00",
    "writtenPremiumWFees": "1709.00",
    "billedAmount": "413.72",
    "billedFeeAmount": "54.00",
    "totalBilledAmount": "467.72",
    "yetToBeBilledAmount": "1241.28",
    "receiptAmount": "159.86",
    "currentDueAmount": "307.86",
    "remainBalanceAmount": "1549.14",
    "writeOffAmount": "0.00",
    "lastActivityAmount": "02/14/2017",
    "lastBilledDate": "02/14/2017"
  },
  {
    "agencyCode": "26892",
    "owner": "NSC_CA.",
    "productNumber": "5",
    "product": "Commercial",
    "stateAbbreviation": "CA",
    "policyID": "504610034306001",
    "version": "7",
    "changeNumber": "4",
    "nameInsured": "Nunez, Carlos Andres",
    "homePhone": null,
    "workPhone": "(213) 399-9733",
    "email": "carlos1600@yahoo.com",
    "effectiveDate": "11/10/2016",
    "expirationDate": null,
    "cancelDate": "05/14/2017",
    "cancelSourceCode": "NONPAY",
    "companyNumber": "61",
    "rateDate": "11/10/2016",
    "producerNumber": "50461",
    "versionStatus": "Cancel Pending",
    "versionType": "New",
    "quotedDownPayment": "105",
    "policyTerm": "12",
    "payPlan": "10-Pay",
    "writtenPremium": "594",
    "feeAmount": "68.00",
    "writtenPremiumWFees": "662.00",
    "billedAmount": "317.00",
    "billedFeeAmount": "68.00",
    "totalBilledAmount": "385.00",
    "yetToBeBilledAmount": "277.00",
    "receiptAmount": "251.00",
    "currentDueAmount": "134.00",
    "remainBalanceAmount": "411.00",
    "writeOffAmount": "0.00",
    "lastActivityAmount": "02/20/2017",
    "lastBilledDate": "02/20/2017"
  },
  {
    "agencyCode": "26892",
    "owner": "NSC_CA.",
    "productNumber": "5",
    "product": "Commercial",
    "stateAbbreviation": "CA",
    "policyID": "504610035013001",
    "version": "6",
    "changeNumber": "2",
    "nameInsured": "Avila, Heriberto",
    "homePhone": null,
    "workPhone": "(310) 754-9411",
    "email": null,
    "effectiveDate": "05/16/2016",
    "expirationDate": null,
    "cancelDate": "05/14/2017",
    "cancelSourceCode": "NONPAY",
    "companyNumber": "61",
    "rateDate": "05/16/2016",
    "producerNumber": "50461",
    "versionStatus": "Cancel Pending",
    "versionType": "Renewal",
    "quotedDownPayment": "72.06",
    "policyTerm": "12",
    "payPlan": "12-Pay EFT",
    "writtenPremium": "721",
    "feeAmount": "125.00",
    "writtenPremiumWFees": "846.00",
    "billedAmount": "660.92",
    "billedFeeAmount": "125.00",
    "totalBilledAmount": "785.92",
    "yetToBeBilledAmount": "60.08",
    "receiptAmount": "648.76",
    "currentDueAmount": "137.16",
    "remainBalanceAmount": "197.24",
    "writeOffAmount": "0.00",
    "lastActivityAmount": "03/01/2017",
    "lastBilledDate": "03/01/2017"
  },
  {
    "agencyCode": "26892",
    "owner": "NSC_CA.",
    "productNumber": "5",
    "product": "Commercial",
    "stateAbbreviation": "CA",
    "policyID": "504610041640001",
    "version": "6",
    "changeNumber": "2",
    "nameInsured": "Alvarez, Jose Eladio Jr",
    "homePhone": null,
    "workPhone": "(310) 946-7436",
    "email": null,
    "effectiveDate": "01/14/2017",
    "expirationDate": null,
    "cancelDate": "05/14/2017",
    "cancelSourceCode": "NONPAY",
    "companyNumber": "61",
    "rateDate": "01/14/2017",
    "producerNumber": "50461",
    "versionStatus": "Cancel Pending",
    "versionType": "Renewal",
    "quotedDownPayment": "55.82",
    "policyTerm": "12",
    "payPlan": "12-Pay EFT",
    "writtenPremium": "526",
    "feeAmount": "29.00",
    "writtenPremiumWFees": "555.00",
    "billedAmount": "131.50",
    "billedFeeAmount": "29.00",
    "totalBilledAmount": "160.50",
    "yetToBeBilledAmount": "394.50",
    "receiptAmount": "55.82",
    "currentDueAmount": "104.68",
    "remainBalanceAmount": "499.18",
    "writeOffAmount": "0.00",
    "lastActivityAmount": "02/27/2017",
    "lastBilledDate": "02/27/2017"
  },
  {
    "agencyCode": "26892",
    "owner": "NSC_CA.",
    "productNumber": "5",
    "product": "Commercial",
    "stateAbbreviation": "CA",
    "policyID": "504610043951001",
    "version": "5",
    "changeNumber": "9",
    "nameInsured": "Barajas, Heriberto",
    "homePhone": null,
    "workPhone": "(323) 868-1095",
    "email": null,
    "effectiveDate": "08/30/2016",
    "expirationDate": null,
    "cancelDate": "05/14/2017",
    "cancelSourceCode": "NONPAY",
    "companyNumber": "61",
    "rateDate": "08/30/2016",
    "producerNumber": "50461",
    "versionStatus": "Cancel Pending",
    "versionType": "New",
    "quotedDownPayment": "418.32",
    "policyTerm": "12",
    "payPlan": "12-Pay EFT",
    "writtenPremium": "4640",
    "feeAmount": "105.38",
    "writtenPremiumWFees": "4745.38",
    "billedAmount": "2813.86",
    "billedFeeAmount": "105.38",
    "totalBilledAmount": "2919.24",
    "yetToBeBilledAmount": "1826.14",
    "receiptAmount": "2161.92",
    "currentDueAmount": "757.32",
    "remainBalanceAmount": "2583.46",
    "writeOffAmount": "0.00",
    "lastActivityAmount": "02/13/2017",
    "lastBilledDate": "02/13/2017"
  },
  {
    "agencyCode": "26892",
    "owner": "NSC_CA.",
    "productNumber": "5",
    "product": "Commercial",
    "stateAbbreviation": "CA",
    "policyID": "504610044867001",
    "version": "5",
    "changeNumber": "2",
    "nameInsured": "Murphy, Patrick Jeffrey",
    "homePhone": null,
    "workPhone": "(310) 508-1346",
    "email": null,
    "effectiveDate": "06/20/2016",
    "expirationDate": null,
    "cancelDate": "05/14/2017",
    "cancelSourceCode": "NONPAY",
    "companyNumber": "61",
    "rateDate": "06/20/2016",
    "producerNumber": "50461",
    "versionStatus": "Cancel Pending",
    "versionType": "Renewal",
    "quotedDownPayment": "107.21",
    "policyTerm": "12",
    "payPlan": "12-Pay EFT",
    "writtenPremium": "1143",
    "feeAmount": "108.00",
    "writtenPremiumWFees": "1251.00",
    "billedAmount": "857.25",
    "billedFeeAmount": "108.00",
    "totalBilledAmount": "965.25",
    "yetToBeBilledAmount": "285.75",
    "receiptAmount": "858.00",
    "currentDueAmount": "107.25",
    "remainBalanceAmount": "393.00",
    "writeOffAmount": "0.00",
    "lastActivityAmount": "02/06/2017",
    "lastBilledDate": "02/06/2017"
  },
  {
    "agencyCode": "26892",
    "owner": "NSC_CA.",
    "productNumber": "5",
    "product": "Commercial",
    "stateAbbreviation": "CA",
    "policyID": "504610044878001",
    "version": "7",
    "changeNumber": "2",
    "nameInsured": "Samayoa, Obed",
    "homePhone": null,
    "workPhone": "(424) 269-8923",
    "email": null,
    "effectiveDate": "12/06/2016",
    "expirationDate": null,
    "cancelDate": "05/14/2017",
    "cancelSourceCode": "NONPAY",
    "companyNumber": "61",
    "rateDate": "12/06/2016",
    "producerNumber": "50461",
    "versionStatus": "Cancel Pending",
    "versionType": "New",
    "quotedDownPayment": "49.5",
    "policyTerm": "12",
    "payPlan": "12-Pay RCP",
    "writtenPremium": "490",
    "feeAmount": "61.25",
    "writtenPremiumWFees": "551.25",
    "billedAmount": "206.26",
    "billedFeeAmount": "61.25",
    "totalBilledAmount": "267.51",
    "yetToBeBilledAmount": "283.74",
    "receiptAmount": "267.51",
    "currentDueAmount": "0",
    "remainBalanceAmount": "283.74",
    "writeOffAmount": "0.00",
    "lastActivityAmount": "09/06/2017",
    "lastBilledDate": "03/22/2017"
  },
  {
    "agencyCode": "26892",
    "owner": "NSC_CA.",
    "productNumber": "5",
    "product": "Commercial",
    "stateAbbreviation": "CA",
    "policyID": "504610045184001",
    "version": "5",
    "changeNumber": "9",
    "nameInsured": "Sanchez, Miguel",
    "homePhone": null,
    "workPhone": "(310) 902-7155",
    "email": null,
    "effectiveDate": "07/03/2016",
    "expirationDate": null,
    "cancelDate": "05/14/2017",
    "cancelSourceCode": "NONPAY",
    "companyNumber": "61",
    "rateDate": "07/03/2016",
    "producerNumber": "50461",
    "versionStatus": "Cancel Pending",
    "versionType": "Renewal",
    "quotedDownPayment": "365.94",
    "policyTerm": "12",
    "payPlan": "12-Pay EFT",
    "writtenPremium": "4069",
    "feeAmount": "295.99",
    "writtenPremiumWFees": "4364.99",
    "billedAmount": "3051.73",
    "billedFeeAmount": "295.99",
    "totalBilledAmount": "3347.72",
    "yetToBeBilledAmount": "1017.27",
    "receiptAmount": "2622.53",
    "currentDueAmount": "725.19",
    "remainBalanceAmount": "1742.46",
    "writeOffAmount": "0.00",
    "lastActivityAmount": "02/16/2017",
    "lastBilledDate": "02/16/2017"
  },
  {
    "agencyCode": "26892",
    "owner": "NSC_CA.",
    "productNumber": "5",
    "product": "Commercial",
    "stateAbbreviation": "CA",
    "policyID": "504610046165001",
    "version": "5",
    "changeNumber": "2",
    "nameInsured": "Fernandez, Carlos A",
    "homePhone": null,
    "workPhone": "(310) 880-0758",
    "email": null,
    "effectiveDate": "06/05/2016",
    "expirationDate": null,
    "cancelDate": "05/14/2017",
    "cancelSourceCode": "NONPAY",
    "companyNumber": "61",
    "rateDate": "06/05/2016",
    "producerNumber": "50461",
    "versionStatus": "Cancel Pending",
    "versionType": "Renewal",
    "quotedDownPayment": "146.12",
    "policyTerm": "12",
    "payPlan": "12-Pay EFT",
    "writtenPremium": "1550",
    "feeAmount": "162.99",
    "writtenPremiumWFees": "1712.99",
    "billedAmount": "1291.66",
    "billedFeeAmount": "162.99",
    "totalBilledAmount": "1454.65",
    "yetToBeBilledAmount": "258.34",
    "receiptAmount": "1169.30",
    "currentDueAmount": "285.35",
    "remainBalanceAmount": "543.69",
    "writeOffAmount": "0.00",
    "lastActivityAmount": "02/20/2017",
    "lastBilledDate": "02/20/2017"
  },
  {
    "agencyCode": "26892",
    "owner": "NSC_CA.",
    "productNumber": "5",
    "product": "Commercial",
    "stateAbbreviation": "CA",
    "policyID": "504610046298001",
    "version": "5",
    "changeNumber": "8",
    "nameInsured": "Bermudes Blanco, Benjamin",
    "homePhone": null,
    "workPhone": "(626) 222-9293",
    "email": null,
    "effectiveDate": "08/26/2016",
    "expirationDate": null,
    "cancelDate": "05/14/2017",
    "cancelSourceCode": "NONPAY",
    "companyNumber": "61",
    "rateDate": "08/26/2016",
    "producerNumber": "50461",
    "versionStatus": "Cancel Pending",
    "versionType": "Renewal",
    "quotedDownPayment": "43.74",
    "policyTerm": "12",
    "payPlan": "12-Pay",
    "writtenPremium": "321",
    "feeAmount": "152.00",
    "writtenPremiumWFees": "473.00",
    "billedAmount": "187.25",
    "billedFeeAmount": "152.00",
    "totalBilledAmount": "339.25",
    "yetToBeBilledAmount": "133.75",
    "receiptAmount": "248.75",
    "currentDueAmount": "90.50",
    "remainBalanceAmount": "224.25",
    "writeOffAmount": "0.00",
    "lastActivityAmount": "02/06/2017",
    "lastBilledDate": "02/06/2017"
  },
  {
    "agencyCode": "26892",
    "owner": "NSC_CA.",
    "productNumber": "5",
    "product": "Commercial",
    "stateAbbreviation": "CA",
    "policyID": "504610046943001",
    "version": "6",
    "changeNumber": "2",
    "nameInsured": "Rodriguezsutuc, Sergio",
    "homePhone": null,
    "workPhone": "(310) 677-5627",
    "email": null,
    "effectiveDate": "11/07/2016",
    "expirationDate": null,
    "cancelDate": "05/14/2017",
    "cancelSourceCode": "NONPAY",
    "companyNumber": "61",
    "rateDate": "11/07/2016",
    "producerNumber": "50461",
    "versionStatus": "Cancel Pending",
    "versionType": "Renewal",
    "quotedDownPayment": "112.46",
    "policyTerm": "12",
    "payPlan": "12-Pay EFT",
    "writtenPremium": "1146",
    "feeAmount": "78.00",
    "writtenPremiumWFees": "1224.00",
    "billedAmount": "477.50",
    "billedFeeAmount": "78.00",
    "totalBilledAmount": "555.50",
    "yetToBeBilledAmount": "668.50",
    "receiptAmount": "337.48",
    "currentDueAmount": "218.02",
    "remainBalanceAmount": "886.52",
    "writeOffAmount": "0.00",
    "lastActivityAmount": "02/20/2017",
    "lastBilledDate": "02/20/2017"
  },
  {
    "agencyCode": "26892",
    "owner": "NSC_CA.",
    "productNumber": "5",
    "product": "Commercial",
    "stateAbbreviation": "CA",
    "policyID": "504610049010001",
    "version": "5",
    "changeNumber": "2",
    "nameInsured": "Exclusive Express Inc.",
    "homePhone": null,
    "workPhone": "(310) 749-0468",
    "email": "exexpod@gmail.com",
    "effectiveDate": "12/19/2016",
    "expirationDate": null,
    "cancelDate": "05/14/2017",
    "cancelSourceCode": "NONPAY",
    "companyNumber": "61",
    "rateDate": "12/19/2016",
    "producerNumber": "50461",
    "versionStatus": "Cancel Pending",
    "versionType": "Renewal",
    "quotedDownPayment": "1108.15",
    "policyTerm": "12",
    "payPlan": "12-Pay EFT",
    "writtenPremium": "12739",
    "feeAmount": "108.71",
    "writtenPremiumWFees": "12847.71",
    "billedAmount": "5345.64",
    "billedFeeAmount": "108.71",
    "totalBilledAmount": "5454.35",
    "yetToBeBilledAmount": "7393.36",
    "receiptAmount": "2191.78",
    "currentDueAmount": "3262.57",
    "remainBalanceAmount": "10655.93",
    "writeOffAmount": "0.00",
    "lastActivityAmount": "02/06/2017",
    "lastBilledDate": "02/06/2017"
  },
  {
    "agencyCode": "26892",
    "owner": "NSC_CA.",
    "productNumber": "5",
    "product": "Commercial",
    "stateAbbreviation": "CA",
    "policyID": "504610052157001",
    "version": "2",
    "changeNumber": "3",
    "nameInsured": "Medina, Martha Elena",
    "homePhone": null,
    "workPhone": "(310) 713-0961",
    "email": null,
    "effectiveDate": "09/02/2016",
    "expirationDate": null,
    "cancelDate": "05/14/2017",
    "cancelSourceCode": "NONPAY",
    "companyNumber": "61",
    "rateDate": "09/02/2016",
    "producerNumber": "50461",
    "versionStatus": "Cancel Pending",
    "versionType": "New",
    "quotedDownPayment": "70",
    "policyTerm": "12",
    "payPlan": "12-Pay EFT",
    "writtenPremium": "684",
    "feeAmount": "70.18",
    "writtenPremiumWFees": "754.18",
    "billedAmount": "402.46",
    "billedFeeAmount": "70.18",
    "totalBilledAmount": "472.64",
    "yetToBeBilledAmount": "281.54",
    "receiptAmount": "343.09",
    "currentDueAmount": "129.55",
    "remainBalanceAmount": "411.09",
    "writeOffAmount": "0.00",
    "lastActivityAmount": "02/15/2017",
    "lastBilledDate": "02/15/2017"
  },
  {
    "agencyCode": "26892",
    "owner": "NSC_CA.",
    "productNumber": "5",
    "product": "Commercial",
    "stateAbbreviation": "CA",
    "policyID": "504610052440001",
    "version": "4",
    "changeNumber": "3",
    "nameInsured": "Reynoso, Martha",
    "homePhone": null,
    "workPhone": "(562) 200-6463",
    "email": null,
    "effectiveDate": "06/01/2016",
    "expirationDate": null,
    "cancelDate": "05/14/2017",
    "cancelSourceCode": "NONPAY",
    "companyNumber": "61",
    "rateDate": "06/01/2016",
    "producerNumber": "50461",
    "versionStatus": "Cancel Pending",
    "versionType": "Renewal",
    "quotedDownPayment": "270.48",
    "policyTerm": "12",
    "payPlan": "12-Pay EFT",
    "writtenPremium": "3043",
    "feeAmount": "162.99",
    "writtenPremiumWFees": "3205.99",
    "billedAmount": "2535.82",
    "billedFeeAmount": "162.99",
    "totalBilledAmount": "2698.81",
    "yetToBeBilledAmount": "507.18",
    "receiptAmount": "2164.62",
    "currentDueAmount": "534.19",
    "remainBalanceAmount": "1041.37",
    "writeOffAmount": "0.00",
    "lastActivityAmount": "02/14/2017",
    "lastBilledDate": "02/14/2017"
  },
  {
    "agencyCode": "26892",
    "owner": "NSC_CA.",
    "productNumber": "5",
    "product": "Commercial",
    "stateAbbreviation": "CA",
    "policyID": "504610053071001",
    "version": "6",
    "changeNumber": "11",
    "nameInsured": "Carrillo, Javier Del Villar",
    "homePhone": null,
    "workPhone": "(424) 246-1716",
    "email": null,
    "effectiveDate": "06/30/2016",
    "expirationDate": null,
    "cancelDate": "05/14/2017",
    "cancelSourceCode": "NONPAY",
    "companyNumber": "61",
    "rateDate": "06/30/2016",
    "producerNumber": "50461",
    "versionStatus": "Cancel Pending",
    "versionType": "New",
    "quotedDownPayment": "119.2",
    "policyTerm": "12",
    "payPlan": "10-Pay",
    "writtenPremium": "685",
    "feeAmount": "183.40",
    "writtenPremiumWFees": "868.40",
    "billedAmount": "621.07",
    "billedFeeAmount": "183.40",
    "totalBilledAmount": "804.47",
    "yetToBeBilledAmount": "63.93",
    "receiptAmount": "667.88",
    "currentDueAmount": "136.59",
    "remainBalanceAmount": "200.52",
    "writeOffAmount": "0.00",
    "lastActivityAmount": "02/08/2017",
    "lastBilledDate": "02/08/2017"
  },
  {
    "agencyCode": "26892",
    "owner": "NSC_CA.",
    "productNumber": "5",
    "product": "Commercial",
    "stateAbbreviation": "CA",
    "policyID": "504610053303001",
    "version": "4",
    "changeNumber": "2",
    "nameInsured": "Carderosanchez, Felix Antonio",
    "homePhone": null,
    "workPhone": "(323) 777-7741",
    "email": null,
    "effectiveDate": "07/13/2016",
    "expirationDate": null,
    "cancelDate": "05/14/2017",
    "cancelSourceCode": "NONPAY",
    "companyNumber": "61",
    "rateDate": "07/13/2016",
    "producerNumber": "50461",
    "versionStatus": "Cancel Pending",
    "versionType": "Renewal",
    "quotedDownPayment": "77.22",
    "policyTerm": "12",
    "payPlan": "12-Pay EFT",
    "writtenPremium": "783",
    "feeAmount": "101.00",
    "writtenPremiumWFees": "884.00",
    "billedAmount": "587.25",
    "billedFeeAmount": "101.00",
    "totalBilledAmount": "688.25",
    "yetToBeBilledAmount": "195.75",
    "receiptAmount": "540.75",
    "currentDueAmount": "147.50",
    "remainBalanceAmount": "343.25",
    "writeOffAmount": "0.00",
    "lastActivityAmount": "02/27/2017",
    "lastBilledDate": "02/27/2017"
  },
  {
    "agencyCode": "26892",
    "owner": "NSC_CA.",
    "productNumber": "5",
    "product": "Commercial",
    "stateAbbreviation": "CA",
    "policyID": "504610053557001",
    "version": "4",
    "changeNumber": "4",
    "nameInsured": "Corona, Jose Loreto",
    "homePhone": null,
    "workPhone": "(310) 259-4463",
    "email": null,
    "effectiveDate": "07/24/2016",
    "expirationDate": null,
    "cancelDate": "05/14/2017",
    "cancelSourceCode": "NONPAY",
    "companyNumber": "61",
    "rateDate": "07/24/2016",
    "producerNumber": "50461",
    "versionStatus": "Cancel Pending",
    "versionType": "Renewal",
    "quotedDownPayment": "935.54",
    "policyTerm": "12",
    "payPlan": "12-Pay EFT",
    "writtenPremium": "11923",
    "feeAmount": "428.08",
    "writtenPremiumWFees": "12351.08",
    "billedAmount": "7450.52",
    "billedFeeAmount": "428.08",
    "totalBilledAmount": "7878.60",
    "yetToBeBilledAmount": "4472.48",
    "receiptAmount": "6696.38",
    "currentDueAmount": "1182.22",
    "remainBalanceAmount": "5654.70",
    "writeOffAmount": "0.00",
    "lastActivityAmount": "02/09/2017",
    "lastBilledDate": "02/09/2017"
  },
  {
    "agencyCode": "26892",
    "owner": "NSC_CA.",
    "productNumber": "5",
    "product": "Commercial",
    "stateAbbreviation": "CA",
    "policyID": "504610053730001",
    "version": "4",
    "changeNumber": "15",
    "nameInsured": "Gonzalez, Jose",
    "homePhone": null,
    "workPhone": "(310) 614-2364",
    "email": null,
    "effectiveDate": "08/02/2016",
    "expirationDate": null,
    "cancelDate": "05/14/2017",
    "cancelSourceCode": "NONPAY",
    "companyNumber": "61",
    "rateDate": "08/02/2016",
    "producerNumber": "50461",
    "versionStatus": "Cancel Pending",
    "versionType": "Renewal",
    "quotedDownPayment": "214.76",
    "policyTerm": "12",
    "payPlan": "12-Pay",
    "writtenPremium": "2040",
    "feeAmount": "213.55",
    "writtenPremiumWFees": "2253.55",
    "billedAmount": "1368.24",
    "billedFeeAmount": "213.55",
    "totalBilledAmount": "1581.79",
    "yetToBeBilledAmount": "671.76",
    "receiptAmount": "1198.02",
    "currentDueAmount": "383.77",
    "remainBalanceAmount": "1055.53",
    "writeOffAmount": "0.00",
    "lastActivityAmount": "02/10/2017",
    "lastBilledDate": "02/10/2017"
  },
  {
    "agencyCode": "26892",
    "owner": "NSC_CA.",
    "productNumber": "5",
    "product": "Commercial",
    "stateAbbreviation": "CA",
    "policyID": "504610053782001",
    "version": "4",
    "changeNumber": "2",
    "nameInsured": "Garcia, Ricardo Arellano",
    "homePhone": null,
    "workPhone": "(310) 930-6618",
    "email": null,
    "effectiveDate": "08/05/2016",
    "expirationDate": null,
    "cancelDate": "05/14/2017",
    "cancelSourceCode": "NONPAY",
    "companyNumber": "61",
    "rateDate": "08/05/2016",
    "producerNumber": "50461",
    "versionStatus": "Cancel Pending",
    "versionType": "Renewal",
    "quotedDownPayment": "163.36",
    "policyTerm": "12",
    "payPlan": "12-Pay EFT",
    "writtenPremium": "1817",
    "feeAmount": "89.00",
    "writtenPremiumWFees": "1906.00",
    "billedAmount": "1211.32",
    "billedFeeAmount": "89.00",
    "totalBilledAmount": "1300.32",
    "yetToBeBilledAmount": "605.68",
    "receiptAmount": "980.48",
    "currentDueAmount": "319.84",
    "remainBalanceAmount": "925.52",
    "writeOffAmount": "0.00",
    "lastActivityAmount": "02/20/2017",
    "lastBilledDate": "02/20/2017"
  },
  {
    "agencyCode": "26892",
    "owner": "NSC_CA.",
    "productNumber": "5",
    "product": "Commercial",
    "stateAbbreviation": "CA",
    "policyID": "504610054362001",
    "version": "4",
    "changeNumber": "2",
    "nameInsured": "Lorenzo-Ramirez, Abdias",
    "homePhone": null,
    "workPhone": "(310) 686-6436",
    "email": null,
    "effectiveDate": "09/03/2016",
    "expirationDate": null,
    "cancelDate": "05/14/2017",
    "cancelSourceCode": "NONPAY",
    "companyNumber": "61",
    "rateDate": "09/03/2016",
    "producerNumber": "50461",
    "versionStatus": "Cancel Pending",
    "versionType": "Renewal",
    "quotedDownPayment": "149.61",
    "policyTerm": "12",
    "payPlan": "12-Pay EFT",
    "writtenPremium": "1652",
    "feeAmount": "77.00",
    "writtenPremiumWFees": "1729.00",
    "billedAmount": "963.65",
    "billedFeeAmount": "77.00",
    "totalBilledAmount": "1040.65",
    "yetToBeBilledAmount": "688.35",
    "receiptAmount": "748.31",
    "currentDueAmount": "292.34",
    "remainBalanceAmount": "980.69",
    "writeOffAmount": "0.00",
    "lastActivityAmount": "02/16/2017",
    "lastBilledDate": "02/16/2017"
  },
  {
    "agencyCode": "26892",
    "owner": "NSC_CA.",
    "productNumber": "5",
    "product": "Commercial",
    "stateAbbreviation": "CA",
    "policyID": "504610054419001",
    "version": "4",
    "changeNumber": "2",
    "nameInsured": "Gurrola, Ranulfo Valles",
    "homePhone": null,
    "workPhone": "(310) 529-8017",
    "email": null,
    "effectiveDate": "09/05/2016",
    "expirationDate": null,
    "cancelDate": "05/14/2017",
    "cancelSourceCode": "NONPAY",
    "companyNumber": "61",
    "rateDate": "09/05/2016",
    "producerNumber": "50461",
    "versionStatus": "Cancel Pending",
    "versionType": "Renewal",
    "quotedDownPayment": "120.96",
    "policyTerm": "12",
    "payPlan": "12-Pay EFT",
    "writtenPremium": "1308",
    "feeAmount": "77.00",
    "writtenPremiumWFees": "1385.00",
    "billedAmount": "763.00",
    "billedFeeAmount": "77.00",
    "totalBilledAmount": "840.00",
    "yetToBeBilledAmount": "545.00",
    "receiptAmount": "605.00",
    "currentDueAmount": "235.00",
    "remainBalanceAmount": "780.00",
    "writeOffAmount": "0.00",
    "lastActivityAmount": "02/20/2017",
    "lastBilledDate": "02/20/2017"
  },
  {
    "agencyCode": "26892",
    "owner": "NSC_CA.",
    "productNumber": "5",
    "product": "Commercial",
    "stateAbbreviation": "CA",
    "policyID": "504610055247001",
    "version": "4",
    "changeNumber": "2",
    "nameInsured": "Noji, Calvin Fumio",
    "homePhone": null,
    "workPhone": "(626) 759-4891",
    "email": null,
    "effectiveDate": "10/12/2016",
    "expirationDate": null,
    "cancelDate": "05/14/2017",
    "cancelSourceCode": "NONPAY",
    "companyNumber": "61",
    "rateDate": "10/12/2016",
    "producerNumber": "50461",
    "versionStatus": "Cancel Pending",
    "versionType": "Renewal",
    "quotedDownPayment": "80.06",
    "policyTerm": "12",
    "payPlan": "12-Pay EFT",
    "writtenPremium": "817",
    "feeAmount": "86.50",
    "writtenPremiumWFees": "903.50",
    "billedAmount": "544.69",
    "billedFeeAmount": "86.50",
    "totalBilledAmount": "631.19",
    "yetToBeBilledAmount": "272.31",
    "receiptAmount": "320.33",
    "currentDueAmount": "310.86",
    "remainBalanceAmount": "583.17",
    "writeOffAmount": "0.00",
    "lastActivityAmount": "02/27/2017",
    "lastBilledDate": "02/27/2017"
  },
  {
    "agencyCode": "26892",
    "owner": "NSC_CA.",
    "productNumber": "5",
    "product": "Commercial",
    "stateAbbreviation": "CA",
    "policyID": "504610056118001",
    "version": "4",
    "changeNumber": "2",
    "nameInsured": "M & N Realty",
    "homePhone": null,
    "workPhone": "(949) 324-8593",
    "email": null,
    "effectiveDate": "11/21/2016",
    "expirationDate": null,
    "cancelDate": "05/14/2017",
    "cancelSourceCode": "NONPAY",
    "companyNumber": "61",
    "rateDate": "11/21/2016",
    "producerNumber": "50461",
    "versionStatus": "Cancel Pending",
    "versionType": "Renewal",
    "quotedDownPayment": "95.3",
    "policyTerm": "12",
    "payPlan": "12-Pay RCP",
    "writtenPremium": "940",
    "feeAmount": "98.00",
    "writtenPremiumWFees": "1038.00",
    "billedAmount": "375.74",
    "billedFeeAmount": "98.00",
    "totalBilledAmount": "473.74",
    "yetToBeBilledAmount": "564.26",
    "receiptAmount": "290.52",
    "currentDueAmount": "183.22",
    "remainBalanceAmount": "747.48",
    "writeOffAmount": "0.00",
    "lastActivityAmount": "03/01/2017",
    "lastBilledDate": "03/01/2017"
  },
  {
    "agencyCode": "26892",
    "owner": "NSC_CA.",
    "productNumber": "5",
    "product": "Commercial",
    "stateAbbreviation": "CA",
    "policyID": "504610056270001",
    "version": "4",
    "changeNumber": "2",
    "nameInsured": "Casiano, Gustavo Sedeno",
    "homePhone": null,
    "workPhone": "(323) 541-4363",
    "email": null,
    "effectiveDate": "12/02/2016",
    "expirationDate": null,
    "cancelDate": "05/14/2017",
    "cancelSourceCode": "NONPAY",
    "companyNumber": "61",
    "rateDate": "12/02/2016",
    "producerNumber": "50461",
    "versionStatus": "Cancel Pending",
    "versionType": "Renewal",
    "quotedDownPayment": "273.9",
    "policyTerm": "12",
    "payPlan": "12-Pay EFT",
    "writtenPremium": "3084",
    "feeAmount": "61.00",
    "writtenPremiumWFees": "3145.00",
    "billedAmount": "1027.93",
    "billedFeeAmount": "61.00",
    "totalBilledAmount": "1088.93",
    "yetToBeBilledAmount": "2056.07",
    "receiptAmount": "547.91",
    "currentDueAmount": "541.02",
    "remainBalanceAmount": "2597.09",
    "writeOffAmount": "0.00",
    "lastActivityAmount": "02/15/2017",
    "lastBilledDate": "02/15/2017"
  },
  {
    "agencyCode": "26892",
    "owner": "NSC_CA.",
    "productNumber": "5",
    "product": "Commercial",
    "stateAbbreviation": "CA",
    "policyID": "504610056467001",
    "version": "7",
    "changeNumber": "4",
    "nameInsured": "Farfanpalomino, Roberto",
    "homePhone": null,
    "workPhone": "(310) 662-3557",
    "email": "roberto-farfan@live.com",
    "effectiveDate": "12/10/2016",
    "expirationDate": null,
    "cancelDate": "05/14/2017",
    "cancelSourceCode": "NONPAY",
    "companyNumber": "61",
    "rateDate": "12/10/2016",
    "producerNumber": "50461",
    "versionStatus": "Cancel Pending",
    "versionType": "Renewal",
    "quotedDownPayment": "466.42",
    "policyTerm": "6",
    "payPlan": "6-Pay EFT",
    "writtenPremium": "1181",
    "feeAmount": "54.62",
    "writtenPremiumWFees": "1235.62",
    "billedAmount": "1034.88",
    "billedFeeAmount": "54.62",
    "totalBilledAmount": "1089.50",
    "yetToBeBilledAmount": "146.12",
    "receiptAmount": "932.74",
    "currentDueAmount": "156.76",
    "remainBalanceAmount": "302.88",
    "writeOffAmount": "0.00",
    "lastActivityAmount": "02/23/2017",
    "lastBilledDate": "02/23/2017"
  },
  {
    "agencyCode": "26892",
    "owner": "NSC_CA.",
    "productNumber": "5",
    "product": "Commercial",
    "stateAbbreviation": "CA",
    "policyID": "504610056499001",
    "version": "4",
    "changeNumber": "2",
    "nameInsured": "Lemus, Antonia",
    "homePhone": null,
    "workPhone": "(323) 418-0685",
    "email": null,
    "effectiveDate": "12/11/2016",
    "expirationDate": null,
    "cancelDate": "05/14/2017",
    "cancelSourceCode": "NONPAY",
    "companyNumber": "61",
    "rateDate": "12/11/2016",
    "producerNumber": "50461",
    "versionStatus": "Cancel Pending",
    "versionType": "Renewal",
    "quotedDownPayment": "112.96",
    "policyTerm": "12",
    "payPlan": "12-Pay EFT",
    "writtenPremium": "1212",
    "feeAmount": "41.00",
    "writtenPremiumWFees": "1253.00",
    "billedAmount": "403.99",
    "billedFeeAmount": "41.00",
    "totalBilledAmount": "444.99",
    "yetToBeBilledAmount": "808.01",
    "receiptAmount": "225.97",
    "currentDueAmount": "219.02",
    "remainBalanceAmount": "1027.03",
    "writeOffAmount": "0.00",
    "lastActivityAmount": "02/24/2017",
    "lastBilledDate": "02/24/2017"
  },
  {
    "agencyCode": "26892",
    "owner": "NSC_CA.",
    "productNumber": "5",
    "product": "Commercial",
    "stateAbbreviation": "CA",
    "policyID": "504610056694001",
    "version": "4",
    "changeNumber": "2",
    "nameInsured": "Barraza, Jose",
    "homePhone": null,
    "workPhone": "(310) 679-7426",
    "email": null,
    "effectiveDate": "12/21/2016",
    "expirationDate": null,
    "cancelDate": "05/14/2017",
    "cancelSourceCode": "NONPAY",
    "companyNumber": "61",
    "rateDate": "12/21/2016",
    "producerNumber": "50461",
    "versionStatus": "Cancel Pending",
    "versionType": "Renewal",
    "quotedDownPayment": "80.64",
    "policyTerm": "12",
    "payPlan": "12-Pay EFT",
    "writtenPremium": "824",
    "feeAmount": "36.00",
    "writtenPremiumWFees": "860.00",
    "billedAmount": "205.98",
    "billedFeeAmount": "36.00",
    "totalBilledAmount": "241.98",
    "yetToBeBilledAmount": "618.02",
    "receiptAmount": "161.31",
    "currentDueAmount": "80.67",
    "remainBalanceAmount": "698.69",
    "writeOffAmount": "0.00",
    "lastActivityAmount": "02/06/2017",
    "lastBilledDate": "02/06/2017"
  },
  {
    "agencyCode": "26892",
    "owner": "NSC_CA.",
    "productNumber": "5",
    "product": "Commercial",
    "stateAbbreviation": "CA",
    "policyID": "504610056818001",
    "version": "4",
    "changeNumber": "2",
    "nameInsured": "Ambriz, Juan M",
    "homePhone": null,
    "workPhone": "(310) 594-6173",
    "email": null,
    "effectiveDate": "12/30/2016",
    "expirationDate": null,
    "cancelDate": "05/14/2017",
    "cancelSourceCode": "NONPAY",
    "companyNumber": "61",
    "rateDate": "12/30/2016",
    "producerNumber": "50461",
    "versionStatus": "Cancel Pending",
    "versionType": "Renewal",
    "quotedDownPayment": "74.89",
    "policyTerm": "12",
    "payPlan": "12-Pay EFT",
    "writtenPremium": "755",
    "feeAmount": "29.00",
    "writtenPremiumWFees": "784.00",
    "billedAmount": "188.73",
    "billedFeeAmount": "29.00",
    "totalBilledAmount": "217.73",
    "yetToBeBilledAmount": "566.27",
    "receiptAmount": "74.89",
    "currentDueAmount": "142.84",
    "remainBalanceAmount": "709.11",
    "writeOffAmount": "0.00",
    "lastActivityAmount": "02/13/2017",
    "lastBilledDate": "02/13/2017"
  },
  {
    "agencyCode": "26892",
    "owner": "NSC_CA.",
    "productNumber": "5",
    "product": "Commercial",
    "stateAbbreviation": "CA",
    "policyID": "504610058020001",
    "version": "4",
    "changeNumber": "2",
    "nameInsured": "Ibanez Martinez, Fernando Quetzacoatl",
    "homePhone": null,
    "workPhone": "(424) 200-5682",
    "email": "HAWTHORNEFAX@ACADEMYAUTOINSURANCE.COM",
    "effectiveDate": "12/02/2016",
    "expirationDate": null,
    "cancelDate": "05/14/2017",
    "cancelSourceCode": "NONPAY",
    "companyNumber": "61",
    "rateDate": "12/02/2016",
    "producerNumber": "50461",
    "versionStatus": "Cancel Pending",
    "versionType": "Renewal",
    "quotedDownPayment": "86.97",
    "policyTerm": "12",
    "payPlan": "12-Pay EFT",
    "writtenPremium": "900",
    "feeAmount": "41.00",
    "writtenPremiumWFees": "941.00",
    "billedAmount": "300.00",
    "billedFeeAmount": "41.00",
    "totalBilledAmount": "341.00",
    "yetToBeBilledAmount": "600.00",
    "receiptAmount": "173.98",
    "currentDueAmount": "167.02",
    "remainBalanceAmount": "767.02",
    "writeOffAmount": "0.00",
    "lastActivityAmount": "02/15/2017",
    "lastBilledDate": "02/15/2017"
  },
  {
    "agencyCode": "26892",
    "owner": "NSC_CA.",
    "productNumber": "5",
    "product": "Commercial",
    "stateAbbreviation": "CA",
    "policyID": "504610058457001",
    "version": "4",
    "changeNumber": "2",
    "nameInsured": "Aosayal Transportation Llc",
    "homePhone": null,
    "workPhone": "(702) 279-9577",
    "email": "AOSAYAL@GMAIL.COM",
    "effectiveDate": "09/01/2016",
    "expirationDate": null,
    "cancelDate": "05/14/2017",
    "cancelSourceCode": "NONPAY",
    "companyNumber": "61",
    "rateDate": "09/01/2016",
    "producerNumber": "50461",
    "versionStatus": "Cancel Pending",
    "versionType": "Rewrite",
    "quotedDownPayment": "77.31",
    "policyTerm": "12",
    "payPlan": "12-Pay",
    "writtenPremium": "753",
    "feeAmount": "115.00",
    "writtenPremiumWFees": "868.00",
    "billedAmount": "434.51",
    "billedFeeAmount": "115.00",
    "totalBilledAmount": "549.51",
    "yetToBeBilledAmount": "318.49",
    "receiptAmount": "412.74",
    "currentDueAmount": "136.77",
    "remainBalanceAmount": "455.26",
    "writeOffAmount": "0.00",
    "lastActivityAmount": "02/09/2017",
    "lastBilledDate": "02/09/2017"
  },
  {
    "agencyCode": "26892",
    "owner": "NSC_CA.",
    "productNumber": "5",
    "product": "Commercial",
    "stateAbbreviation": "CA",
    "policyID": "504610061143001",
    "version": "3",
    "changeNumber": "2",
    "nameInsured": "Hernandez Gomez, Evaristo",
    "homePhone": null,
    "workPhone": "(310) 486-0401",
    "email": "EVARISTO@YAHOO.COM",
    "effectiveDate": "06/15/2016",
    "expirationDate": null,
    "cancelDate": "05/14/2017",
    "cancelSourceCode": "NONPAY",
    "companyNumber": "61",
    "rateDate": "06/15/2016",
    "producerNumber": "50461",
    "versionStatus": "Cancel Pending",
    "versionType": "Renewal",
    "quotedDownPayment": "129.62",
    "policyTerm": "12",
    "payPlan": "12-Pay EFT",
    "writtenPremium": "1352",
    "feeAmount": "162.99",
    "writtenPremiumWFees": "1514.99",
    "billedAmount": "1126.66",
    "billedFeeAmount": "162.99",
    "totalBilledAmount": "1289.65",
    "yetToBeBilledAmount": "225.34",
    "receiptAmount": "1037.31",
    "currentDueAmount": "252.34",
    "remainBalanceAmount": "477.68",
    "writeOffAmount": "0.00",
    "lastActivityAmount": "02/28/2017",
    "lastBilledDate": "02/28/2017"
  },
  {
    "agencyCode": "26892",
    "owner": "NSC_CA.",
    "productNumber": "5",
    "product": "Commercial",
    "stateAbbreviation": "CA",
    "policyID": "504610061657001",
    "version": "3",
    "changeNumber": "3",
    "nameInsured": "Olea Reynoso, Urbano",
    "homePhone": null,
    "workPhone": "(310) 594-6173",
    "email": null,
    "effectiveDate": "06/27/2016",
    "expirationDate": null,
    "cancelDate": "05/14/2017",
    "cancelSourceCode": "NONPAY",
    "companyNumber": "61",
    "rateDate": "06/27/2016",
    "producerNumber": "50461",
    "versionStatus": "Cancel Pending",
    "versionType": "Renewal",
    "quotedDownPayment": "156.44",
    "policyTerm": "12",
    "payPlan": "12-Pay EFT",
    "writtenPremium": "1734",
    "feeAmount": "101.00",
    "writtenPremiumWFees": "1835.00",
    "billedAmount": "1300.50",
    "billedFeeAmount": "101.00",
    "totalBilledAmount": "1401.50",
    "yetToBeBilledAmount": "433.50",
    "receiptAmount": "1095.50",
    "currentDueAmount": "306.00",
    "remainBalanceAmount": "739.50",
    "writeOffAmount": "0.00",
    "lastActivityAmount": "02/13/2017",
    "lastBilledDate": "02/13/2017"
  },
  {
    "agencyCode": "26892",
    "owner": "NSC_CA.",
    "productNumber": "5",
    "product": "Commercial",
    "stateAbbreviation": "CA",
    "policyID": "504610064569001",
    "version": "3",
    "changeNumber": "2",
    "nameInsured": "Sanchez Sanchez, Eduardo",
    "homePhone": null,
    "workPhone": "(310) 675-3488",
    "email": null,
    "effectiveDate": "10/24/2016",
    "expirationDate": null,
    "cancelDate": "05/14/2017",
    "cancelSourceCode": "NONPAY",
    "companyNumber": "61",
    "rateDate": "10/24/2016",
    "producerNumber": "50461",
    "versionStatus": "Cancel Pending",
    "versionType": "Renewal",
    "quotedDownPayment": "49.32",
    "policyTerm": "12",
    "payPlan": "12-Pay EFT",
    "writtenPremium": "448",
    "feeAmount": "60.00",
    "writtenPremiumWFees": "508.00",
    "billedAmount": "186.68",
    "billedFeeAmount": "60.00",
    "totalBilledAmount": "246.68",
    "yetToBeBilledAmount": "261.32",
    "receiptAmount": "197.34",
    "currentDueAmount": "49.34",
    "remainBalanceAmount": "310.66",
    "writeOffAmount": "0.00",
    "lastActivityAmount": "02/09/2017",
    "lastBilledDate": "02/09/2017"
  },
  {
    "agencyCode": "26892",
    "owner": "NSC_CA.",
    "productNumber": "5",
    "product": "Commercial",
    "stateAbbreviation": "CA",
    "policyID": "504610064672001",
    "version": "3",
    "changeNumber": "4",
    "nameInsured": "Hurtado, Peter",
    "homePhone": null,
    "workPhone": "(310) 644-5352",
    "email": "hurtado.painting@sbcglobal.net",
    "effectiveDate": "10/17/2016",
    "expirationDate": null,
    "cancelDate": "05/14/2017",
    "cancelSourceCode": "NONPAY",
    "companyNumber": "61",
    "rateDate": "10/17/2016",
    "producerNumber": "50461",
    "versionStatus": "Cancel Pending",
    "versionType": "Renewal",
    "quotedDownPayment": "70.89",
    "policyTerm": "12",
    "payPlan": "12-Pay EFT",
    "writtenPremium": "706",
    "feeAmount": "51.00",
    "writtenPremiumWFees": "757.00",
    "billedAmount": "353.16",
    "billedFeeAmount": "51.00",
    "totalBilledAmount": "404.16",
    "yetToBeBilledAmount": "352.84",
    "receiptAmount": "281.98",
    "currentDueAmount": "122.18",
    "remainBalanceAmount": "475.02",
    "writeOffAmount": "0.00",
    "lastActivityAmount": "03/02/2017",
    "lastBilledDate": "03/02/2017"
  },
  {
    "agencyCode": "26892",
    "owner": "NSC_CA.",
    "productNumber": "5",
    "product": "Commercial",
    "stateAbbreviation": "CA",
    "policyID": "504610065074001",
    "version": "3",
    "changeNumber": "9",
    "nameInsured": "Torres Flores, Efrain",
    "homePhone": "(310) 462-7314",
    "workPhone": "(310) 843-5377",
    "email": null,
    "effectiveDate": "10/30/2016",
    "expirationDate": null,
    "cancelDate": "05/14/2017",
    "cancelSourceCode": "NONPAY",
    "companyNumber": "61",
    "rateDate": "10/30/2016",
    "producerNumber": "50461",
    "versionStatus": "Cancel Pending",
    "versionType": "Renewal",
    "quotedDownPayment": "201.59",
    "policyTerm": "12",
    "payPlan": "12-Pay",
    "writtenPremium": "3107",
    "feeAmount": "145.40",
    "writtenPremiumWFees": "3252.40",
    "billedAmount": "1183.61",
    "billedFeeAmount": "145.40",
    "totalBilledAmount": "1329.01",
    "yetToBeBilledAmount": "1923.39",
    "receiptAmount": "720.85",
    "currentDueAmount": "608.16",
    "remainBalanceAmount": "2531.55",
    "writeOffAmount": "0.00",
    "lastActivityAmount": "02/08/2017",
    "lastBilledDate": "02/08/2017"
  },
  {
    "agencyCode": "26892",
    "owner": "NSC_CA.",
    "productNumber": "5",
    "product": "Commercial",
    "stateAbbreviation": "CA",
    "policyID": "504610065580001",
    "version": "3",
    "changeNumber": "2",
    "nameInsured": "Sanchez Basaldua, Luis Armando",
    "homePhone": null,
    "workPhone": "(310) 628-4139",
    "email": null,
    "effectiveDate": "11/13/2016",
    "expirationDate": null,
    "cancelDate": "05/14/2017",
    "cancelSourceCode": "NONPAY",
    "companyNumber": "61",
    "rateDate": "11/13/2016",
    "producerNumber": "50461",
    "versionStatus": "Cancel Pending",
    "versionType": "Renewal",
    "quotedDownPayment": "156.61",
    "policyTerm": "12",
    "payPlan": "12-Pay EFT",
    "writtenPremium": "1676",
    "feeAmount": "78.00",
    "writtenPremiumWFees": "1754.00",
    "billedAmount": "698.31",
    "billedFeeAmount": "78.00",
    "totalBilledAmount": "776.31",
    "yetToBeBilledAmount": "977.69",
    "receiptAmount": "469.97",
    "currentDueAmount": "306.34",
    "remainBalanceAmount": "1284.03",
    "writeOffAmount": "0.00",
    "lastActivityAmount": "02/27/2017",
    "lastBilledDate": "02/27/2017"
  },
  {
    "agencyCode": "26892",
    "owner": "NSC_CA.",
    "productNumber": "5",
    "product": "Commercial",
    "stateAbbreviation": "CA",
    "policyID": "504610066283001",
    "version": "3",
    "changeNumber": "2",
    "nameInsured": "Cocolan, Raudel Diaz",
    "homePhone": null,
    "workPhone": "(310) 676-4862",
    "email": null,
    "effectiveDate": "12/13/2016",
    "expirationDate": null,
    "cancelDate": "05/14/2017",
    "cancelSourceCode": "NONPAY",
    "companyNumber": "61",
    "rateDate": "12/13/2016",
    "producerNumber": "50461",
    "versionStatus": "Cancel Pending",
    "versionType": "Renewal",
    "quotedDownPayment": "47.65",
    "policyTerm": "12",
    "payPlan": "12-Pay EFT",
    "writtenPremium": "428",
    "feeAmount": "47.36",
    "writtenPremiumWFees": "475.36",
    "billedAmount": "222.71",
    "billedFeeAmount": "47.36",
    "totalBilledAmount": "270.07",
    "yetToBeBilledAmount": "205.29",
    "receiptAmount": "95.32",
    "currentDueAmount": "174.75",
    "remainBalanceAmount": "380.04",
    "writeOffAmount": "0.00",
    "lastActivityAmount": "02/27/2017",
    "lastBilledDate": "02/27/2017"
  },
  {
    "agencyCode": "26892",
    "owner": "NSC_CA.",
    "productNumber": "5",
    "product": "Commercial",
    "stateAbbreviation": "CA",
    "policyID": "504610067163001",
    "version": "3",
    "changeNumber": "2",
    "nameInsured": "Soria Flores, Zenaido",
    "homePhone": null,
    "workPhone": "(310) 930-8376",
    "email": null,
    "effectiveDate": "01/21/2017",
    "expirationDate": null,
    "cancelDate": "05/14/2017",
    "cancelSourceCode": "NONPAY",
    "companyNumber": "61",
    "rateDate": "01/21/2017",
    "producerNumber": "50461",
    "versionStatus": "Cancel Pending",
    "versionType": "Renewal",
    "quotedDownPayment": "179.59",
    "policyTerm": "12",
    "payPlan": "12-Pay EFT",
    "writtenPremium": "1892",
    "feeAmount": "43.99",
    "writtenPremiumWFees": "1935.99",
    "billedAmount": "315.28",
    "billedFeeAmount": "43.99",
    "totalBilledAmount": "359.27",
    "yetToBeBilledAmount": "1576.72",
    "receiptAmount": "179.59",
    "currentDueAmount": "179.68",
    "remainBalanceAmount": "1756.40",
    "writeOffAmount": "0.00",
    "lastActivityAmount": "02/06/2017",
    "lastBilledDate": "02/06/2017"
  },
  {
    "agencyCode": "26892",
    "owner": "NSC_CA.",
    "productNumber": "5",
    "product": "Commercial",
    "stateAbbreviation": "CA",
    "policyID": "504610070657001",
    "version": "3",
    "changeNumber": "2",
    "nameInsured": "Rangel, Ruben G",
    "homePhone": null,
    "workPhone": "(714) 928-6273",
    "email": null,
    "effectiveDate": "11/29/2016",
    "expirationDate": null,
    "cancelDate": "05/14/2017",
    "cancelSourceCode": "NONPAY",
    "companyNumber": "61",
    "rateDate": "11/29/2016",
    "producerNumber": "50461",
    "versionStatus": "Cancel Pending",
    "versionType": "Rewrite",
    "quotedDownPayment": "69.06",
    "policyTerm": "12",
    "payPlan": "12-Pay",
    "writtenPremium": "628",
    "feeAmount": "64.00",
    "writtenPremiumWFees": "692.00",
    "billedAmount": "203.33",
    "billedFeeAmount": "64.00",
    "totalBilledAmount": "267.33",
    "yetToBeBilledAmount": "424.67",
    "receiptAmount": "139.15",
    "currentDueAmount": "128.18",
    "remainBalanceAmount": "552.85",
    "writeOffAmount": "0.00",
    "lastActivityAmount": "02/08/2017",
    "lastBilledDate": "02/08/2017"
  },
  {
    "agencyCode": "26892",
    "owner": "NSC_CA.",
    "productNumber": "5",
    "product": "Commercial",
    "stateAbbreviation": "CA",
    "policyID": "504610071524001",
    "version": "2",
    "changeNumber": "2",
    "nameInsured": "Gomez Coronado, Miguel",
    "homePhone": null,
    "workPhone": "(323) 889-9823",
    "email": null,
    "effectiveDate": "06/23/2016",
    "expirationDate": null,
    "cancelDate": "05/14/2017",
    "cancelSourceCode": "NONPAY",
    "companyNumber": "61",
    "rateDate": "06/23/2016",
    "producerNumber": "50461",
    "versionStatus": "Cancel Pending",
    "versionType": "Renewal",
    "quotedDownPayment": "126.54",
    "policyTerm": "12",
    "payPlan": "12-Pay EFT",
    "writtenPremium": "1375",
    "feeAmount": "108.00",
    "writtenPremiumWFees": "1483.00",
    "billedAmount": "1031.26",
    "billedFeeAmount": "108.00",
    "totalBilledAmount": "1139.26",
    "yetToBeBilledAmount": "343.74",
    "receiptAmount": "1012.67",
    "currentDueAmount": "126.59",
    "remainBalanceAmount": "470.33",
    "writeOffAmount": "0.00",
    "lastActivityAmount": "02/08/2017",
    "lastBilledDate": "02/08/2017"
  },
  {
    "agencyCode": "26892",
    "owner": "NSC_CA.",
    "productNumber": "5",
    "product": "Commercial",
    "stateAbbreviation": "CA",
    "policyID": "504610072080001",
    "version": "2",
    "changeNumber": "2",
    "nameInsured": "Cueto, Marco Antonio",
    "homePhone": null,
    "workPhone": "(310) 848-9320",
    "email": null,
    "effectiveDate": "07/14/2016",
    "expirationDate": null,
    "cancelDate": "05/14/2017",
    "cancelSourceCode": "NONPAY",
    "companyNumber": "61",
    "rateDate": "07/14/2016",
    "producerNumber": "50461",
    "versionStatus": "Cancel Pending",
    "versionType": "Renewal",
    "quotedDownPayment": "107.63",
    "policyTerm": "12",
    "payPlan": "12-Pay EFT",
    "writtenPremium": "1148",
    "feeAmount": "101.00",
    "writtenPremiumWFees": "1249.00",
    "billedAmount": "860.99",
    "billedFeeAmount": "101.00",
    "totalBilledAmount": "961.99",
    "yetToBeBilledAmount": "287.01",
    "receiptAmount": "753.65",
    "currentDueAmount": "208.34",
    "remainBalanceAmount": "495.35",
    "writeOffAmount": "0.00",
    "lastActivityAmount": "02/27/2017",
    "lastBilledDate": "02/27/2017"
  },
  {
    "agencyCode": "26892",
    "owner": "NSC_CA.",
    "productNumber": "5",
    "product": "Commercial",
    "stateAbbreviation": "CA",
    "policyID": "504610072152001",
    "version": "2",
    "changeNumber": "4",
    "nameInsured": "Villaltasantos, Alberalexander",
    "homePhone": null,
    "workPhone": "(323) 522-7065",
    "email": null,
    "effectiveDate": "07/16/2016",
    "expirationDate": null,
    "cancelDate": "05/14/2017",
    "cancelSourceCode": "NONPAY",
    "companyNumber": "61",
    "rateDate": "07/16/2016",
    "producerNumber": "50461",
    "versionStatus": "Cancel Pending",
    "versionType": "Renewal",
    "quotedDownPayment": "179.19",
    "policyTerm": "12",
    "payPlan": "12-Pay RCP",
    "writtenPremium": "2579",
    "feeAmount": "175.74",
    "writtenPremiumWFees": "2754.74",
    "billedAmount": "1881.59",
    "billedFeeAmount": "175.74",
    "totalBilledAmount": "2057.33",
    "yetToBeBilledAmount": "697.41",
    "receiptAmount": "1558.79",
    "currentDueAmount": "498.54",
    "remainBalanceAmount": "1195.95",
    "writeOffAmount": "0.00",
    "lastActivityAmount": "02/24/2017",
    "lastBilledDate": "02/24/2017"
  },
  {
    "agencyCode": "26892",
    "owner": "NSC_CA.",
    "productNumber": "5",
    "product": "Commercial",
    "stateAbbreviation": "CA",
    "policyID": "504610072940001",
    "version": "2",
    "changeNumber": "2",
    "nameInsured": "Dionicio Garcia,Jose Rafael",
    "homePhone": null,
    "workPhone": "(424) 223-8015",
    "email": null,
    "effectiveDate": "08/13/2016",
    "expirationDate": null,
    "cancelDate": "05/14/2017",
    "cancelSourceCode": "NONPAY",
    "companyNumber": "61",
    "rateDate": "08/13/2016",
    "producerNumber": "50461",
    "versionStatus": "Cancel Pending",
    "versionType": "Renewal",
    "quotedDownPayment": "145.36",
    "policyTerm": "12",
    "payPlan": "12-Pay EFT",
    "writtenPremium": "1601",
    "feeAmount": "89.00",
    "writtenPremiumWFees": "1690.00",
    "billedAmount": "1067.32",
    "billedFeeAmount": "89.00",
    "totalBilledAmount": "1156.32",
    "yetToBeBilledAmount": "533.68",
    "receiptAmount": "872.48",
    "currentDueAmount": "283.84",
    "remainBalanceAmount": "817.52",
    "writeOffAmount": "0.00",
    "lastActivityAmount": "02/27/2017",
    "lastBilledDate": "02/27/2017"
  },
  {
    "agencyCode": "26892",
    "owner": "NSC_CA.",
    "productNumber": "5",
    "product": "Commercial",
    "stateAbbreviation": "CA",
    "policyID": "504610074634001",
    "version": "2",
    "changeNumber": "2",
    "nameInsured": "Sanchez Aceves, Rosendo",
    "homePhone": null,
    "workPhone": "(310) 613-5465",
    "email": null,
    "effectiveDate": "10/20/2016",
    "expirationDate": null,
    "cancelDate": "05/14/2017",
    "cancelSourceCode": "NONPAY",
    "companyNumber": "61",
    "rateDate": "10/20/2016",
    "producerNumber": "50461",
    "versionStatus": "Cancel Pending",
    "versionType": "Renewal",
    "quotedDownPayment": "57.98",
    "policyTerm": "12",
    "payPlan": "12-Pay EFT",
    "writtenPremium": "552",
    "feeAmount": "76.82",
    "writtenPremiumWFees": "628.82",
    "billedAmount": "421.63",
    "billedFeeAmount": "76.82",
    "totalBilledAmount": "498.45",
    "yetToBeBilledAmount": "130.37",
    "receiptAmount": "232.00",
    "currentDueAmount": "266.45",
    "remainBalanceAmount": "396.82",
    "writeOffAmount": "0.00",
    "lastActivityAmount": "02/06/2017",
    "lastBilledDate": "02/06/2017"
  },
  {
    "agencyCode": "26892",
    "owner": "NSC_CA.",
    "productNumber": "5",
    "product": "Commercial",
    "stateAbbreviation": "CA",
    "policyID": "504610074890001",
    "version": "2",
    "changeNumber": "4",
    "nameInsured": "Velazquez Corona, Aime",
    "homePhone": null,
    "workPhone": "(310) 644-3000",
    "email": null,
    "effectiveDate": "10/28/2016",
    "expirationDate": null,
    "cancelDate": "05/14/2017",
    "cancelSourceCode": "NONPAY",
    "companyNumber": "61",
    "rateDate": "10/28/2016",
    "producerNumber": "50461",
    "versionStatus": "Cancel Pending",
    "versionType": "Renewal",
    "quotedDownPayment": "101.63",
    "policyTerm": "12",
    "payPlan": "12-Pay EFT",
    "writtenPremium": "2733",
    "feeAmount": "80.76",
    "writtenPremiumWFees": "2813.76",
    "billedAmount": "877.67",
    "billedFeeAmount": "80.76",
    "totalBilledAmount": "958.43",
    "yetToBeBilledAmount": "1855.33",
    "receiptAmount": "389.29",
    "currentDueAmount": "569.14",
    "remainBalanceAmount": "2424.47",
    "writeOffAmount": "0.00",
    "lastActivityAmount": "02/13/2017",
    "lastBilledDate": "02/13/2017"
  },
  {
    "agencyCode": "26892",
    "owner": "NSC_CA.",
    "productNumber": "5",
    "product": "Commercial",
    "stateAbbreviation": "CA",
    "policyID": "504610074896001",
    "version": "2",
    "changeNumber": "2",
    "nameInsured": "Madrigal, Joseph David",
    "homePhone": null,
    "workPhone": "(562) 699-4582",
    "email": null,
    "effectiveDate": "10/29/2016",
    "expirationDate": null,
    "cancelDate": "05/14/2017",
    "cancelSourceCode": "NONPAY",
    "companyNumber": "61",
    "rateDate": "10/29/2016",
    "producerNumber": "50461",
    "versionStatus": "Cancel Pending",
    "versionType": "Renewal",
    "quotedDownPayment": "79.39",
    "policyTerm": "12",
    "payPlan": "12-Pay EFT",
    "writtenPremium": "809",
    "feeAmount": "53.00",
    "writtenPremiumWFees": "862.00",
    "billedAmount": "337.07",
    "billedFeeAmount": "53.00",
    "totalBilledAmount": "390.07",
    "yetToBeBilledAmount": "471.93",
    "receiptAmount": "238.23",
    "currentDueAmount": "151.84",
    "remainBalanceAmount": "623.77",
    "writeOffAmount": "0.00",
    "lastActivityAmount": "02/13/2017",
    "lastBilledDate": "02/13/2017"
  },
  {
    "agencyCode": "26892",
    "owner": "NSC_CA.",
    "productNumber": "5",
    "product": "Commercial",
    "stateAbbreviation": "CA",
    "policyID": "504610075254001",
    "version": "2",
    "changeNumber": "2",
    "nameInsured": "Ruiz, Rolando",
    "homePhone": null,
    "workPhone": "(562) 257-7856",
    "email": null,
    "effectiveDate": "11/10/2016",
    "expirationDate": null,
    "cancelDate": "05/14/2017",
    "cancelSourceCode": "NONPAY",
    "companyNumber": "61",
    "rateDate": "11/10/2016",
    "producerNumber": "50461",
    "versionStatus": "Cancel Pending",
    "versionType": "Renewal",
    "quotedDownPayment": "106.21",
    "policyTerm": "12",
    "payPlan": "12-Pay EFT",
    "writtenPremium": "1131",
    "feeAmount": "53.00",
    "writtenPremiumWFees": "1184.00",
    "billedAmount": "471.25",
    "billedFeeAmount": "53.00",
    "totalBilledAmount": "524.25",
    "yetToBeBilledAmount": "659.75",
    "receiptAmount": "318.73",
    "currentDueAmount": "205.52",
    "remainBalanceAmount": "865.27",
    "writeOffAmount": "0.00",
    "lastActivityAmount": "02/23/2017",
    "lastBilledDate": "02/23/2017"
  },
  {
    "agencyCode": "26892",
    "owner": "NSC_CA.",
    "productNumber": "5",
    "product": "Commercial",
    "stateAbbreviation": "CA",
    "policyID": "504610075774001",
    "version": "2",
    "changeNumber": "2",
    "nameInsured": "Mendez, David Otoniel",
    "homePhone": null,
    "workPhone": "(562) 225-5792",
    "email": null,
    "effectiveDate": "12/01/2016",
    "expirationDate": null,
    "cancelDate": "05/14/2017",
    "cancelSourceCode": "NONPAY",
    "companyNumber": "61",
    "rateDate": "12/01/2016",
    "producerNumber": "50461",
    "versionStatus": "Cancel Pending",
    "versionType": "Renewal",
    "quotedDownPayment": "141.28",
    "policyTerm": "12",
    "payPlan": "12-Pay RCP",
    "writtenPremium": "1492",
    "feeAmount": "56.00",
    "writtenPremiumWFees": "1548.00",
    "billedAmount": "497.30",
    "billedFeeAmount": "56.00",
    "totalBilledAmount": "553.30",
    "yetToBeBilledAmount": "994.70",
    "receiptAmount": "282.62",
    "currentDueAmount": "270.68",
    "remainBalanceAmount": "1265.38",
    "writeOffAmount": "0.00",
    "lastActivityAmount": "02/09/2017",
    "lastBilledDate": "02/09/2017"
  },
  {
    "agencyCode": "26892",
    "owner": "NSC_CA.",
    "productNumber": "5",
    "product": "Commercial",
    "stateAbbreviation": "CA",
    "policyID": "504610075818001",
    "version": "2",
    "changeNumber": "2",
    "nameInsured": "Shields, Harold Sr",
    "homePhone": null,
    "workPhone": "(951) 295-9677",
    "email": null,
    "effectiveDate": "12/03/2016",
    "expirationDate": null,
    "cancelDate": "05/14/2017",
    "cancelSourceCode": "NONPAY",
    "companyNumber": "61",
    "rateDate": "12/03/2016",
    "producerNumber": "50461",
    "versionStatus": "Cancel Pending",
    "versionType": "Renewal",
    "quotedDownPayment": "86.06",
    "policyTerm": "12",
    "payPlan": "12-Pay",
    "writtenPremium": "829",
    "feeAmount": "56.00",
    "writtenPremiumWFees": "885.00",
    "billedAmount": "276.33",
    "billedFeeAmount": "56.00",
    "totalBilledAmount": "332.33",
    "yetToBeBilledAmount": "552.67",
    "receiptAmount": "170.00",
    "currentDueAmount": "162.33",
    "remainBalanceAmount": "715.00",
    "writeOffAmount": "0.00",
    "lastActivityAmount": "02/13/2017",
    "lastBilledDate": "02/13/2017"
  },
  {
    "agencyCode": "26892",
    "owner": "NSC_CA.",
    "productNumber": "5",
    "product": "Commercial",
    "stateAbbreviation": "CA",
    "policyID": "504610075921001",
    "version": "2",
    "changeNumber": "2",
    "nameInsured": "Berbera, Rafael",
    "homePhone": null,
    "workPhone": "(310) 676-8148",
    "email": null,
    "effectiveDate": "12/07/2016",
    "expirationDate": null,
    "cancelDate": "05/14/2017",
    "cancelSourceCode": "NONPAY",
    "companyNumber": "61",
    "rateDate": "12/07/2016",
    "producerNumber": "50461",
    "versionStatus": "Cancel Pending",
    "versionType": "Renewal",
    "quotedDownPayment": "121.38",
    "policyTerm": "12",
    "payPlan": "12-Pay RCP",
    "writtenPremium": "1193",
    "feeAmount": "76.00",
    "writtenPremiumWFees": "1269.00",
    "billedAmount": "397.64",
    "billedFeeAmount": "76.00",
    "totalBilledAmount": "473.64",
    "yetToBeBilledAmount": "795.36",
    "receiptAmount": "473.64",
    "currentDueAmount": "0",
    "remainBalanceAmount": "795.36",
    "writeOffAmount": "0.00",
    "lastActivityAmount": "09/06/2017",
    "lastBilledDate": "02/15/2017"
  },
  {
    "agencyCode": "26892",
    "owner": "NSC_CA.",
    "productNumber": "5",
    "product": "Commercial",
    "stateAbbreviation": "CA",
    "policyID": "504610076177001",
    "version": "2",
    "changeNumber": "2",
    "nameInsured": "Daley, Benjamin Drake",
    "homePhone": null,
    "workPhone": "(310) 415-5596",
    "email": null,
    "effectiveDate": "12/17/2016",
    "expirationDate": null,
    "cancelDate": "05/14/2017",
    "cancelSourceCode": "NONPAY",
    "companyNumber": "61",
    "rateDate": "12/17/2016",
    "producerNumber": "50461",
    "versionStatus": "Cancel Pending",
    "versionType": "Renewal",
    "quotedDownPayment": "204.76",
    "policyTerm": "12",
    "payPlan": "12-Pay RCP",
    "writtenPremium": "2194",
    "feeAmount": "88.73",
    "writtenPremiumWFees": "2282.73",
    "billedAmount": "1112.88",
    "billedFeeAmount": "88.73",
    "totalBilledAmount": "1201.61",
    "yetToBeBilledAmount": "1081.12",
    "receiptAmount": "792.01",
    "currentDueAmount": "409.60",
    "remainBalanceAmount": "1490.72",
    "writeOffAmount": "0.00",
    "lastActivityAmount": "09/06/2017",
    "lastBilledDate": "02/27/2017"
  },
  {
    "agencyCode": "26892",
    "owner": "NSC_CA.",
    "productNumber": "5",
    "product": "Commercial",
    "stateAbbreviation": "CA",
    "policyID": "504610081997001",
    "version": "1",
    "changeNumber": "4",
    "nameInsured": "Escalera, Herminio",
    "homePhone": null,
    "workPhone": "(310) 413-6074",
    "email": null,
    "effectiveDate": "06/07/2016",
    "expirationDate": null,
    "cancelDate": "05/14/2017",
    "cancelSourceCode": "NONPAY",
    "companyNumber": "61",
    "rateDate": "06/07/2016",
    "producerNumber": "50461",
    "versionStatus": "Cancel Pending",
    "versionType": "New",
    "quotedDownPayment": "111.33",
    "policyTerm": "12",
    "payPlan": "12-Pay EFT",
    "writtenPremium": "1177",
    "feeAmount": "106.07",
    "writtenPremiumWFees": "1283.07",
    "billedAmount": "982.26",
    "billedFeeAmount": "106.07",
    "totalBilledAmount": "1088.33",
    "yetToBeBilledAmount": "194.74",
    "receiptAmount": "876.66",
    "currentDueAmount": "211.67",
    "remainBalanceAmount": "406.41",
    "writeOffAmount": "0.00",
    "lastActivityAmount": "02/20/2017",
    "lastBilledDate": "02/20/2017"
  },
  {
    "agencyCode": "26892",
    "owner": "NSC_CA.",
    "productNumber": "5",
    "product": "Commercial",
    "stateAbbreviation": "CA",
    "policyID": "504610083600001",
    "version": "1",
    "changeNumber": "3",
    "nameInsured": "Solares, Eswin O",
    "homePhone": null,
    "workPhone": "(323) 567-7460",
    "email": null,
    "effectiveDate": "07/30/2016",
    "expirationDate": null,
    "cancelDate": "05/14/2017",
    "cancelSourceCode": "NONPAY",
    "companyNumber": "61",
    "rateDate": "07/30/2016",
    "producerNumber": "50461",
    "versionStatus": "Cancel Pending",
    "versionType": "New",
    "quotedDownPayment": "187.92",
    "policyTerm": "12",
    "payPlan": "12-Pay EFT",
    "writtenPremium": "1669",
    "feeAmount": "82.14",
    "writtenPremiumWFees": "1751.14",
    "billedAmount": "1128.48",
    "billedFeeAmount": "82.14",
    "totalBilledAmount": "1210.62",
    "yetToBeBilledAmount": "540.52",
    "receiptAmount": "923.43",
    "currentDueAmount": "287.19",
    "remainBalanceAmount": "827.71",
    "writeOffAmount": "0.00",
    "lastActivityAmount": "02/13/2017",
    "lastBilledDate": "02/13/2017"
  },
  {
    "agencyCode": "26892",
    "owner": "NSC_CA.",
    "productNumber": "5",
    "product": "Commercial",
    "stateAbbreviation": "CA",
    "policyID": "504610084291001",
    "version": "1",
    "changeNumber": "3",
    "nameInsured": "Panton, Alfred Charles",
    "homePhone": null,
    "workPhone": "(213) 880-0974",
    "email": null,
    "effectiveDate": "08/24/2016",
    "expirationDate": null,
    "cancelDate": "05/14/2017",
    "cancelSourceCode": "NONPAY",
    "companyNumber": "61",
    "rateDate": "08/24/2016",
    "producerNumber": "50461",
    "versionStatus": "Cancel Pending",
    "versionType": "New",
    "quotedDownPayment": "111.06",
    "policyTerm": "12",
    "payPlan": "12-Pay RCP",
    "writtenPremium": "1027",
    "feeAmount": "112.14",
    "writtenPremiumWFees": "1139.14",
    "billedAmount": "691.98",
    "billedFeeAmount": "112.14",
    "totalBilledAmount": "804.12",
    "yetToBeBilledAmount": "335.02",
    "receiptAmount": "804.12",
    "currentDueAmount": "0",
    "remainBalanceAmount": "335.02",
    "writeOffAmount": "0.00",
    "lastActivityAmount": "09/06/2017",
    "lastBilledDate": "03/22/2017"
  },
  {
    "agencyCode": "26892",
    "owner": "NSC_CA.",
    "productNumber": "5",
    "product": "Commercial",
    "stateAbbreviation": "CA",
    "policyID": "504610084990001",
    "version": "1",
    "changeNumber": "3",
    "nameInsured": "Nieto, Frederic B",
    "homePhone": null,
    "workPhone": "(562) 896-8869",
    "email": null,
    "effectiveDate": "09/17/2016",
    "expirationDate": null,
    "cancelDate": "05/14/2017",
    "cancelSourceCode": "NONPAY",
    "companyNumber": "61",
    "rateDate": "09/17/2016",
    "producerNumber": "50461",
    "versionStatus": "Cancel Pending",
    "versionType": "New",
    "quotedDownPayment": "123.2",
    "policyTerm": "12",
    "payPlan": "10-Pay",
    "writtenPremium": "710",
    "feeAmount": "103.20",
    "writtenPremiumWFees": "813.20",
    "billedAmount": "511.22",
    "billedFeeAmount": "103.20",
    "totalBilledAmount": "614.42",
    "yetToBeBilledAmount": "198.78",
    "receiptAmount": "458.68",
    "currentDueAmount": "155.74",
    "remainBalanceAmount": "354.52",
    "writeOffAmount": "0.00",
    "lastActivityAmount": "02/27/2017",
    "lastBilledDate": "02/27/2017"
  },
  {
    "agencyCode": "26892",
    "owner": "NSC_CA.",
    "productNumber": "5",
    "product": "Commercial",
    "stateAbbreviation": "CA",
    "policyID": "504610085403001",
    "version": "1",
    "changeNumber": "3",
    "nameInsured": "Lopez, J Angel Santos",
    "homePhone": null,
    "workPhone": "(310) 617-1907",
    "email": null,
    "effectiveDate": "09/30/2016",
    "expirationDate": null,
    "cancelDate": "05/14/2017",
    "cancelSourceCode": "NONPAY",
    "companyNumber": "61",
    "rateDate": "09/30/2016",
    "producerNumber": "50461",
    "versionStatus": "Cancel Pending",
    "versionType": "New",
    "quotedDownPayment": "83",
    "policyTerm": "12",
    "payPlan": "12-Pay EFT",
    "writtenPremium": "862",
    "feeAmount": "58.21",
    "writtenPremiumWFees": "920.21",
    "billedAmount": "434.15",
    "billedFeeAmount": "58.21",
    "totalBilledAmount": "492.36",
    "yetToBeBilledAmount": "427.85",
    "receiptAmount": "332.81",
    "currentDueAmount": "159.55",
    "remainBalanceAmount": "587.40",
    "writeOffAmount": "0.00",
    "lastActivityAmount": "02/13/2017",
    "lastBilledDate": "02/13/2017"
  },
  {
    "agencyCode": "26892",
    "owner": "NSC_CA.",
    "productNumber": "5",
    "product": "Commercial",
    "stateAbbreviation": "CA",
    "policyID": "504610085440001",
    "version": "1",
    "changeNumber": "3",
    "nameInsured": "NEXTLINE PROTECTION SERVICES, INC.",
    "homePhone": null,
    "workPhone": "(818) 390-8592",
    "email": null,
    "effectiveDate": "10/03/2016",
    "expirationDate": null,
    "cancelDate": "05/14/2017",
    "cancelSourceCode": "NONPAY",
    "companyNumber": "61",
    "rateDate": "10/03/2016",
    "producerNumber": "50461",
    "versionStatus": "Cancel Pending",
    "versionType": "New",
    "quotedDownPayment": "325",
    "policyTerm": "12",
    "payPlan": "12-Pay EFT",
    "writtenPremium": "3488",
    "feeAmount": "88.45",
    "writtenPremiumWFees": "3576.45",
    "billedAmount": "1756.85",
    "billedFeeAmount": "88.45",
    "totalBilledAmount": "1845.30",
    "yetToBeBilledAmount": "1731.15",
    "receiptAmount": "1241.38",
    "currentDueAmount": "603.92",
    "remainBalanceAmount": "2335.07",
    "writeOffAmount": "0.00",
    "lastActivityAmount": "02/16/2017",
    "lastBilledDate": "02/16/2017"
  },
  {
    "agencyCode": "26892",
    "owner": "NSC_CA.",
    "productNumber": "5",
    "product": "Commercial",
    "stateAbbreviation": "CA",
    "policyID": "504610085700001",
    "version": "1",
    "changeNumber": "3",
    "nameInsured": "Carillo, Luciano",
    "homePhone": null,
    "workPhone": "(310) 427-5376",
    "email": null,
    "effectiveDate": "10/11/2016",
    "expirationDate": null,
    "cancelDate": "05/14/2017",
    "cancelSourceCode": "NONPAY",
    "companyNumber": "61",
    "rateDate": "10/11/2016",
    "producerNumber": "50461",
    "versionStatus": "Cancel Pending",
    "versionType": "New",
    "quotedDownPayment": "44.46",
    "policyTerm": "12",
    "payPlan": "12-Pay EFT",
    "writtenPremium": "434",
    "feeAmount": "58.21",
    "writtenPremiumWFees": "492.21",
    "billedAmount": "218.60",
    "billedFeeAmount": "58.21",
    "totalBilledAmount": "276.81",
    "yetToBeBilledAmount": "215.40",
    "receiptAmount": "188.07",
    "currentDueAmount": "88.74",
    "remainBalanceAmount": "304.14",
    "writeOffAmount": "0.00",
    "lastActivityAmount": "02/24/2017",
    "lastBilledDate": "02/24/2017"
  },
  {
    "agencyCode": "26892",
    "owner": "NSC_CA.",
    "productNumber": "5",
    "product": "Commercial",
    "stateAbbreviation": "CA",
    "policyID": "504610085906001",
    "version": "1",
    "changeNumber": "3",
    "nameInsured": "Banuelos, Jaime",
    "homePhone": null,
    "workPhone": "(310) 674-6484",
    "email": null,
    "effectiveDate": "10/17/2016",
    "expirationDate": null,
    "cancelDate": "05/14/2017",
    "cancelSourceCode": "NONPAY",
    "companyNumber": "61",
    "rateDate": "10/17/2016",
    "producerNumber": "50461",
    "versionStatus": "Cancel Pending",
    "versionType": "New",
    "quotedDownPayment": "59.13",
    "policyTerm": "12",
    "payPlan": "12-Pay EFT",
    "writtenPremium": "597",
    "feeAmount": "58.21",
    "writtenPremiumWFees": "655.21",
    "billedAmount": "300.68",
    "billedFeeAmount": "58.21",
    "totalBilledAmount": "358.89",
    "yetToBeBilledAmount": "296.32",
    "receiptAmount": "243.18",
    "currentDueAmount": "115.71",
    "remainBalanceAmount": "412.03",
    "writeOffAmount": "0.00",
    "lastActivityAmount": "03/02/2017",
    "lastBilledDate": "03/02/2017"
  },
  {
    "agencyCode": "26892",
    "owner": "NSC_CA.",
    "productNumber": "5",
    "product": "Commercial",
    "stateAbbreviation": "CA",
    "policyID": "504610085932001",
    "version": "2",
    "changeNumber": "2",
    "nameInsured": "Batrez, Abel Inosente Hernandez",
    "homePhone": null,
    "workPhone": "(310) 930-4631",
    "email": null,
    "effectiveDate": "01/11/2017",
    "expirationDate": null,
    "cancelDate": "05/14/2017",
    "cancelSourceCode": "NONPAY",
    "companyNumber": "61",
    "rateDate": "01/11/2017",
    "producerNumber": "50461",
    "versionStatus": "Cancel Pending",
    "versionType": "Rewrite",
    "quotedDownPayment": "83.39",
    "policyTerm": "12",
    "payPlan": "12-Pay",
    "writtenPremium": "873",
    "feeAmount": "47.00",
    "writtenPremiumWFees": "920.00",
    "billedAmount": "206.51",
    "billedFeeAmount": "47.00",
    "totalBilledAmount": "253.51",
    "yetToBeBilledAmount": "666.49",
    "receiptAmount": "83.39",
    "currentDueAmount": "170.12",
    "remainBalanceAmount": "836.61",
    "writeOffAmount": "0.00",
    "lastActivityAmount": "02/20/2017",
    "lastBilledDate": "02/20/2017"
  },
  {
    "agencyCode": "26892",
    "owner": "NSC_CA.",
    "productNumber": "5",
    "product": "Commercial",
    "stateAbbreviation": "CA",
    "policyID": "504610085983001",
    "version": "1",
    "changeNumber": "8",
    "nameInsured": "Awad, Reda",
    "homePhone": null,
    "workPhone": "(310) 901-7373",
    "email": null,
    "effectiveDate": "10/20/2016",
    "expirationDate": null,
    "cancelDate": "05/14/2017",
    "cancelSourceCode": "NONPAY",
    "companyNumber": "61",
    "rateDate": "10/20/2016",
    "producerNumber": "50461",
    "versionStatus": "Cancel Pending",
    "versionType": "New",
    "quotedDownPayment": "197.28",
    "policyTerm": "12",
    "payPlan": "12-Pay EFT",
    "writtenPremium": "2132",
    "feeAmount": "53.25",
    "writtenPremiumWFees": "2185.25",
    "billedAmount": "897.40",
    "billedFeeAmount": "53.25",
    "totalBilledAmount": "950.65",
    "yetToBeBilledAmount": "1234.60",
    "receiptAmount": "762.30",
    "currentDueAmount": "188.35",
    "remainBalanceAmount": "1422.95",
    "writeOffAmount": "0.00",
    "lastActivityAmount": "02/06/2017",
    "lastBilledDate": "02/06/2017"
  },
  {
    "agencyCode": "26892",
    "owner": "NSC_CA.",
    "productNumber": "5",
    "product": "Commercial",
    "stateAbbreviation": "CA",
    "policyID": "504610086392001",
    "version": "1",
    "changeNumber": "3",
    "nameInsured": "Smith, William Quay",
    "homePhone": null,
    "workPhone": "(323) 823-7511",
    "email": null,
    "effectiveDate": "11/04/2016",
    "expirationDate": null,
    "cancelDate": "05/14/2017",
    "cancelSourceCode": "NONPAY",
    "companyNumber": "61",
    "rateDate": "11/04/2016",
    "producerNumber": "50461",
    "versionStatus": "Cancel Pending",
    "versionType": "New",
    "quotedDownPayment": "175.2",
    "policyTerm": "12",
    "payPlan": "10-Pay",
    "writtenPremium": "957",
    "feeAmount": "68.00",
    "writtenPremiumWFees": "1025.00",
    "billedAmount": "517.35",
    "billedFeeAmount": "68.00",
    "totalBilledAmount": "585.35",
    "yetToBeBilledAmount": "439.65",
    "receiptAmount": "386.28",
    "currentDueAmount": "199.07",
    "remainBalanceAmount": "638.72",
    "writeOffAmount": "0.00",
    "lastActivityAmount": "02/13/2017",
    "lastBilledDate": "02/13/2017"
  },
  {
    "agencyCode": "26892",
    "owner": "NSC_CA.",
    "productNumber": "5",
    "product": "Commercial",
    "stateAbbreviation": "CA",
    "policyID": "504610086833001",
    "version": "1",
    "changeNumber": "2",
    "nameInsured": "Jimenez Bernardo, Pedro",
    "homePhone": null,
    "workPhone": "(213) 908-4765",
    "email": null,
    "effectiveDate": "11/21/2016",
    "expirationDate": null,
    "cancelDate": "05/14/2017",
    "cancelSourceCode": "NONPAY",
    "companyNumber": "61",
    "rateDate": "11/21/2016",
    "producerNumber": "50461",
    "versionStatus": "Cancel Pending",
    "versionType": "New",
    "quotedDownPayment": "275.36",
    "policyTerm": "12",
    "payPlan": "10-Pay",
    "writtenPremium": "1827",
    "feeAmount": "68.00",
    "writtenPremiumWFees": "1895.00",
    "billedAmount": "959.65",
    "billedFeeAmount": "68.00",
    "totalBilledAmount": "1027.65",
    "yetToBeBilledAmount": "867.35",
    "receiptAmount": "657.51",
    "currentDueAmount": "370.14",
    "remainBalanceAmount": "1237.49",
    "writeOffAmount": "0.00",
    "lastActivityAmount": "03/01/2017",
    "lastBilledDate": "03/01/2017"
  },
  {
    "agencyCode": "26892",
    "owner": "NSC_CA.",
    "productNumber": "5",
    "product": "Commercial",
    "stateAbbreviation": "CA",
    "policyID": "504610086901001",
    "version": "1",
    "changeNumber": "2",
    "nameInsured": "AcunaCasro, Gabriel",
    "homePhone": null,
    "workPhone": "(310) 531-0867",
    "email": null,
    "effectiveDate": "11/23/2016",
    "expirationDate": null,
    "cancelDate": "05/14/2017",
    "cancelSourceCode": "NONPAY",
    "companyNumber": "61",
    "rateDate": "11/23/2016",
    "producerNumber": "50461",
    "versionStatus": "Cancel Pending",
    "versionType": "New",
    "quotedDownPayment": "73.53",
    "policyTerm": "12",
    "payPlan": "12-Pay EFT",
    "writtenPremium": "757",
    "feeAmount": "41.28",
    "writtenPremiumWFees": "798.28",
    "billedAmount": "256.02",
    "billedFeeAmount": "41.28",
    "totalBilledAmount": "297.30",
    "yetToBeBilledAmount": "500.98",
    "receiptAmount": "222.71",
    "currentDueAmount": "74.59",
    "remainBalanceAmount": "575.57",
    "writeOffAmount": "0.00",
    "lastActivityAmount": "02/08/2017",
    "lastBilledDate": "02/08/2017"
  },
  {
    "agencyCode": "26892",
    "owner": "NSC_CA.",
    "productNumber": "5",
    "product": "Commercial",
    "stateAbbreviation": "CA",
    "policyID": "504610086932001",
    "version": "1",
    "changeNumber": "4",
    "nameInsured": "Espinosa-garcia, Florentino",
    "homePhone": null,
    "workPhone": "(310) 770-5292",
    "email": null,
    "effectiveDate": "11/25/2016",
    "expirationDate": null,
    "cancelDate": "05/14/2017",
    "cancelSourceCode": "NONPAY",
    "companyNumber": "61",
    "rateDate": "11/25/2016",
    "producerNumber": "50461",
    "versionStatus": "Cancel Pending",
    "versionType": "New",
    "quotedDownPayment": "454",
    "policyTerm": "12",
    "payPlan": "12-Pay EFT",
    "writtenPremium": "4801",
    "feeAmount": "102.16",
    "writtenPremiumWFees": "4903.16",
    "billedAmount": "1623.85",
    "billedFeeAmount": "102.16",
    "totalBilledAmount": "1726.01",
    "yetToBeBilledAmount": "3177.15",
    "receiptAmount": "1302.01",
    "currentDueAmount": "424.00",
    "remainBalanceAmount": "3601.15",
    "writeOffAmount": "0.00",
    "lastActivityAmount": "02/10/2017",
    "lastBilledDate": "02/10/2017"
  },
  {
    "agencyCode": "26892",
    "owner": "NSC_CA.",
    "productNumber": "5",
    "product": "Commercial",
    "stateAbbreviation": "CA",
    "policyID": "504610086967001",
    "version": "1",
    "changeNumber": "4",
    "nameInsured": "FloresAlas, Jenmer",
    "homePhone": null,
    "workPhone": "(323) 253-2027",
    "email": null,
    "effectiveDate": "11/28/2016",
    "expirationDate": null,
    "cancelDate": "05/14/2017",
    "cancelSourceCode": "NONPAY",
    "companyNumber": "61",
    "rateDate": "11/28/2016",
    "producerNumber": "50461",
    "versionStatus": "Cancel Pending",
    "versionType": "New",
    "quotedDownPayment": "131.13",
    "policyTerm": "12",
    "payPlan": "12-Pay",
    "writtenPremium": "1397",
    "feeAmount": "39.28",
    "writtenPremiumWFees": "1436.28",
    "billedAmount": "472.44",
    "billedFeeAmount": "39.28",
    "totalBilledAmount": "511.72",
    "yetToBeBilledAmount": "924.56",
    "receiptAmount": "259.13",
    "currentDueAmount": "252.59",
    "remainBalanceAmount": "1177.15",
    "writeOffAmount": "0.00",
    "lastActivityAmount": "02/13/2017",
    "lastBilledDate": "02/13/2017"
  },
  {
    "agencyCode": "26892",
    "owner": "NSC_CA.",
    "productNumber": "5",
    "product": "Commercial",
    "stateAbbreviation": "CA",
    "policyID": "504610087012001",
    "version": "1",
    "changeNumber": "7",
    "nameInsured": "Villalta Santos, Moises Antonio",
    "homePhone": null,
    "workPhone": "(323) 638-6886",
    "email": null,
    "effectiveDate": "11/29/2016",
    "expirationDate": null,
    "cancelDate": "05/14/2017",
    "cancelSourceCode": "NONPAY",
    "companyNumber": "61",
    "rateDate": "11/29/2016",
    "producerNumber": "50461",
    "versionStatus": "Cancel Pending",
    "versionType": "New",
    "quotedDownPayment": "116.64",
    "policyTerm": "12",
    "payPlan": "12-Pay",
    "writtenPremium": "1236",
    "feeAmount": "66.28",
    "writtenPremiumWFees": "1302.28",
    "billedAmount": "418.00",
    "billedFeeAmount": "66.28",
    "totalBilledAmount": "484.28",
    "yetToBeBilledAmount": "818.00",
    "receiptAmount": "230.86",
    "currentDueAmount": "253.42",
    "remainBalanceAmount": "1071.42",
    "writeOffAmount": "0.00",
    "lastActivityAmount": "02/13/2017",
    "lastBilledDate": "02/13/2017"
  },
  {
    "agencyCode": "26892",
    "owner": "NSC_CA.",
    "productNumber": "5",
    "product": "Commercial",
    "stateAbbreviation": "CA",
    "policyID": "504610087015001",
    "version": "1",
    "changeNumber": "2",
    "nameInsured": "Rodriguez, Jose Jesus Muro",
    "homePhone": null,
    "workPhone": "(310) 945-7030",
    "email": null,
    "effectiveDate": "11/29/2016",
    "expirationDate": null,
    "cancelDate": "05/14/2017",
    "cancelSourceCode": "NONPAY",
    "companyNumber": "61",
    "rateDate": "11/29/2016",
    "producerNumber": "50461",
    "versionStatus": "Cancel Pending",
    "versionType": "New",
    "quotedDownPayment": "67.23",
    "policyTerm": "12",
    "payPlan": "12-Pay EFT",
    "writtenPremium": "687",
    "feeAmount": "34.28",
    "writtenPremiumWFees": "721.28",
    "billedAmount": "232.35",
    "billedFeeAmount": "34.28",
    "totalBilledAmount": "266.63",
    "yetToBeBilledAmount": "454.65",
    "receiptAmount": "136.03",
    "currentDueAmount": "130.60",
    "remainBalanceAmount": "585.25",
    "writeOffAmount": "0.00",
    "lastActivityAmount": "02/13/2017",
    "lastBilledDate": "02/13/2017"
  },
  {
    "agencyCode": "26892",
    "owner": "NSC_CA.",
    "productNumber": "5",
    "product": "Commercial",
    "stateAbbreviation": "CA",
    "policyID": "504610087492001",
    "version": "1",
    "changeNumber": "2",
    "nameInsured": "Vasquez, Irma",
    "homePhone": null,
    "workPhone": "(310) 978-3863",
    "email": null,
    "effectiveDate": "12/15/2016",
    "expirationDate": null,
    "cancelDate": "05/14/2017",
    "cancelSourceCode": "NONPAY",
    "companyNumber": "61",
    "rateDate": "12/15/2016",
    "producerNumber": "50461",
    "versionStatus": "Cancel Pending",
    "versionType": "New",
    "quotedDownPayment": "42",
    "policyTerm": "12",
    "payPlan": "12-Pay RCP",
    "writtenPremium": "402",
    "feeAmount": "44.28",
    "writtenPremiumWFees": "446.28",
    "billedAmount": "136.26",
    "billedFeeAmount": "44.28",
    "totalBilledAmount": "180.54",
    "yetToBeBilledAmount": "265.74",
    "receiptAmount": "180.54",
    "currentDueAmount": "0",
    "remainBalanceAmount": "265.74",
    "writeOffAmount": "0.00",
    "lastActivityAmount": "09/06/2017",
    "lastBilledDate": "02/23/2017"
  },
  {
    "agencyCode": "26892",
    "owner": "NSC_CA.",
    "productNumber": "5",
    "product": "Commercial",
    "stateAbbreviation": "CA",
    "policyID": "504610087668001",
    "version": "1",
    "changeNumber": "2",
    "nameInsured": "Martinez, Lucio",
    "homePhone": null,
    "workPhone": "(323) 637-0244",
    "email": null,
    "effectiveDate": "12/22/2016",
    "expirationDate": null,
    "cancelDate": "05/14/2017",
    "cancelSourceCode": "NONPAY",
    "companyNumber": "61",
    "rateDate": "12/22/2016",
    "producerNumber": "50461",
    "versionStatus": "Cancel Pending",
    "versionType": "New",
    "quotedDownPayment": "140.85",
    "policyTerm": "12",
    "payPlan": "12-Pay RCP",
    "writtenPremium": "1505",
    "feeAmount": "44.28",
    "writtenPremiumWFees": "1549.28",
    "billedAmount": "508.98",
    "billedFeeAmount": "44.28",
    "totalBilledAmount": "553.26",
    "yetToBeBilledAmount": "996.02",
    "receiptAmount": "553.26",
    "currentDueAmount": "0",
    "remainBalanceAmount": "996.02",
    "writeOffAmount": "0.00",
    "lastActivityAmount": "09/06/2017",
    "lastBilledDate": "03/02/2017"
  },
  {
    "agencyCode": "26892",
    "owner": "NSC_CA.",
    "productNumber": "5",
    "product": "Commercial",
    "stateAbbreviation": "CA",
    "policyID": "504610087851001",
    "version": "1",
    "changeNumber": "2",
    "nameInsured": "Zavala, Raymundo Roberto",
    "homePhone": null,
    "workPhone": "(310) 709-3746",
    "email": "RLANDSCAPE6@GMAIL.COM",
    "effectiveDate": "12/30/2016",
    "expirationDate": null,
    "cancelDate": "05/14/2017",
    "cancelSourceCode": "NONPAY",
    "companyNumber": "61",
    "rateDate": "12/30/2016",
    "producerNumber": "50461",
    "versionStatus": "Cancel Pending",
    "versionType": "New",
    "quotedDownPayment": "665.28",
    "policyTerm": "12",
    "payPlan": "10-Pay",
    "writtenPremium": "4038",
    "feeAmount": "53.60",
    "writtenPremiumWFees": "4091.60",
    "billedAmount": "1399.84",
    "billedFeeAmount": "53.60",
    "totalBilledAmount": "1453.44",
    "yetToBeBilledAmount": "2638.16",
    "receiptAmount": "665.28",
    "currentDueAmount": "788.16",
    "remainBalanceAmount": "3426.32",
    "writeOffAmount": "0.00",
    "lastActivityAmount": "02/08/2017",
    "lastBilledDate": "02/08/2017"
  },
  {
    "agencyCode": "26892",
    "owner": "NSC_CA.",
    "productNumber": "5",
    "product": "Commercial",
    "stateAbbreviation": "CA",
    "policyID": "504644885496001",
    "version": "1",
    "changeNumber": "3",
    "nameInsured": "Moreno, Luis Angel",
    "homePhone": null,
    "workPhone": "(323) 804-6311",
    "email": "l.a.moreno@outlook.com",
    "effectiveDate": "12/12/2016",
    "expirationDate": null,
    "cancelDate": "05/14/2017",
    "cancelSourceCode": "NONPAY",
    "companyNumber": "61",
    "rateDate": "12/12/2016",
    "producerNumber": "50461",
    "versionStatus": "Cancel Pending",
    "versionType": "New",
    "quotedDownPayment": "171.72",
    "policyTerm": "12",
    "payPlan": "12-Pay RCP",
    "writtenPremium": "1848",
    "feeAmount": "44.28",
    "writtenPremiumWFees": "1892.28",
    "billedAmount": "624.96",
    "billedFeeAmount": "44.28",
    "totalBilledAmount": "669.24",
    "yetToBeBilledAmount": "1223.04",
    "receiptAmount": "669.24",
    "currentDueAmount": "0",
    "remainBalanceAmount": "1223.04",
    "writeOffAmount": "0.00",
    "lastActivityAmount": "09/06/2017",
    "lastBilledDate": "02/20/2017"
  },
  {
    "agencyCode": "26892",
    "owner": "NSC_CA.",
    "productNumber": "5",
    "product": "Commercial",
    "stateAbbreviation": "CA",
    "policyID": "504645082332001",
    "version": "4",
    "changeNumber": "4",
    "nameInsured": "Contreras, Jose Angel Olayo",
    "homePhone": null,
    "workPhone": "(310) 674-1959",
    "email": null,
    "effectiveDate": "06/27/2016",
    "expirationDate": null,
    "cancelDate": "05/14/2017",
    "cancelSourceCode": "NONPAY",
    "companyNumber": "61",
    "rateDate": "06/27/2016",
    "producerNumber": "50461",
    "versionStatus": "Cancel Pending",
    "versionType": "Renewal",
    "quotedDownPayment": "934",
    "policyTerm": "12",
    "payPlan": "12-Pay",
    "writtenPremium": "10293",
    "feeAmount": "662.99",
    "writtenPremiumWFees": "10955.99",
    "billedAmount": "7719.84",
    "billedFeeAmount": "662.99",
    "totalBilledAmount": "8382.83",
    "yetToBeBilledAmount": "2573.16",
    "receiptAmount": "6551.38",
    "currentDueAmount": "1831.45",
    "remainBalanceAmount": "4404.61",
    "writeOffAmount": "0.00",
    "lastActivityAmount": "02/07/2017",
    "lastBilledDate": "02/07/2017"
  },
  {
    "agencyCode": "26892",
    "owner": "NSC_CA.",
    "productNumber": "5",
    "product": "Commercial",
    "stateAbbreviation": "CA",
    "policyID": "504652223429001",
    "version": "4",
    "changeNumber": "2",
    "nameInsured": "Gomez, Ernesto Luna",
    "homePhone": null,
    "workPhone": "(310) 508-3714",
    "email": null,
    "effectiveDate": "08/04/2016",
    "expirationDate": null,
    "cancelDate": "05/14/2017",
    "cancelSourceCode": "NONPAY",
    "companyNumber": "61",
    "rateDate": "08/04/2016",
    "producerNumber": "50461",
    "versionStatus": "Cancel Pending",
    "versionType": "Renewal",
    "quotedDownPayment": "61.73",
    "policyTerm": "12",
    "payPlan": "12-Pay EFT",
    "writtenPremium": "597",
    "feeAmount": "89.00",
    "writtenPremiumWFees": "686.00",
    "billedAmount": "398.00",
    "billedFeeAmount": "89.00",
    "totalBilledAmount": "487.00",
    "yetToBeBilledAmount": "199.00",
    "receiptAmount": "370.50",
    "currentDueAmount": "116.50",
    "remainBalanceAmount": "315.50",
    "writeOffAmount": "0.00",
    "lastActivityAmount": "02/17/2017",
    "lastBilledDate": "02/17/2017"
  },
  {
    "agencyCode": "26892",
    "owner": "NSC_CA.",
    "productNumber": "5",
    "product": "Commercial",
    "stateAbbreviation": "CA",
    "policyID": "504656050724001",
    "version": "7",
    "changeNumber": "2",
    "nameInsured": "Andrade, Alejandro",
    "homePhone": null,
    "workPhone": "(310) 850-7713",
    "email": null,
    "effectiveDate": "12/20/2016",
    "expirationDate": null,
    "cancelDate": "05/14/2017",
    "cancelSourceCode": "NONPAY",
    "companyNumber": "61",
    "rateDate": "12/20/2016",
    "producerNumber": "50461",
    "versionStatus": "Cancel Pending",
    "versionType": "Renewal",
    "quotedDownPayment": "57.9",
    "policyTerm": "12",
    "payPlan": "12-Pay EFT",
    "writtenPremium": "551",
    "feeAmount": "41.91",
    "writtenPremiumWFees": "592.91",
    "billedAmount": "239.38",
    "billedFeeAmount": "41.91",
    "totalBilledAmount": "281.29",
    "yetToBeBilledAmount": "311.62",
    "receiptAmount": "115.82",
    "currentDueAmount": "165.47",
    "remainBalanceAmount": "477.09",
    "writeOffAmount": "0.00",
    "lastActivityAmount": "02/06/2017",
    "lastBilledDate": "02/06/2017"
  },
  {
    "agencyCode": "26892",
    "owner": "NSC_CA.",
    "productNumber": "5",
    "product": "Commercial",
    "stateAbbreviation": "CA",
    "policyID": "504679691686001",
    "version": "6",
    "changeNumber": "2",
    "nameInsured": "Rico-Jungo, Victor Hugo",
    "homePhone": null,
    "workPhone": "(714) 366-1589",
    "email": null,
    "effectiveDate": "05/17/2016",
    "expirationDate": null,
    "cancelDate": "05/14/2017",
    "cancelSourceCode": "NONPAY",
    "companyNumber": "61",
    "rateDate": "05/17/2016",
    "producerNumber": "50461",
    "versionStatus": "Cancel Pending",
    "versionType": "Renewal",
    "quotedDownPayment": "188.6",
    "policyTerm": "12",
    "payPlan": "12-Pay EFT",
    "writtenPremium": "2060",
    "feeAmount": "180.00",
    "writtenPremiumWFees": "2240.00",
    "billedAmount": "1888.33",
    "billedFeeAmount": "180.00",
    "totalBilledAmount": "2068.33",
    "yetToBeBilledAmount": "171.67",
    "receiptAmount": "1697.98",
    "currentDueAmount": "370.35",
    "remainBalanceAmount": "542.02",
    "writeOffAmount": "0.00",
    "lastActivityAmount": "03/02/2017",
    "lastBilledDate": "03/02/2017"
  },
  {
    "agencyCode": "26892",
    "owner": "NSC_CA.",
    "productNumber": "5",
    "product": "Commercial",
    "stateAbbreviation": "CA",
    "policyID": "504610058493001",
    "version": "3",
    "changeNumber": "3",
    "nameInsured": "Rojas, Elias Perez",
    "homePhone": null,
    "workPhone": "(310) 323-4001",
    "email": null,
    "effectiveDate": "03/04/2016",
    "expirationDate": null,
    "cancelDate": "02/04/2017",
    "cancelSourceCode": "IR",
    "companyNumber": "61",
    "rateDate": "03/04/2016",
    "producerNumber": "50461",
    "versionStatus": "Cancel Pending",
    "versionType": "Renewal",
    "quotedDownPayment": "58.9",
    "policyTerm": "12",
    "payPlan": "12-Pay EFT",
    "writtenPremium": "541",
    "feeAmount": "137.00",
    "writtenPremiumWFees": "678.00",
    "billedAmount": "541.00",
    "billedFeeAmount": "137.00",
    "totalBilledAmount": "678.00",
    "yetToBeBilledAmount": "0.00",
    "receiptAmount": "678.00",
    "currentDueAmount": "0",
    "remainBalanceAmount": "0.00",
    "writeOffAmount": "0.00",
    "lastActivityAmount": "02/02/2017",
    "lastBilledDate": "01/20/2017"
  },
  {
    "agencyCode": "26892",
    "owner": "NSC_CA.",
    "productNumber": "5",
    "product": "Commercial",
    "stateAbbreviation": "CA",
    "policyID": "504610087372001",
    "version": "2",
    "changeNumber": "2",
    "nameInsured": "Lopez Martinez, Elio Estuardo",
    "homePhone": null,
    "workPhone": "(310) 409-3068",
    "email": null,
    "effectiveDate": "12/12/2016",
    "expirationDate": null,
    "cancelDate": "02/03/2017",
    "cancelSourceCode": "SHORTPAY",
    "companyNumber": "61",
    "rateDate": "12/12/2016",
    "producerNumber": "50461",
    "versionStatus": "Cancel Pending",
    "versionType": "New",
    "quotedDownPayment": "322",
    "policyTerm": "6",
    "payPlan": "1-Pay",
    "writtenPremium": "292",
    "feeAmount": "30.00",
    "writtenPremiumWFees": "322.00",
    "billedAmount": "292.00",
    "billedFeeAmount": "30.00",
    "totalBilledAmount": "322.00",
    "yetToBeBilledAmount": "0.00",
    "receiptAmount": "0.00",
    "currentDueAmount": "322.00",
    "remainBalanceAmount": "322.00",
    "writeOffAmount": "0.00",
    "lastActivityAmount": "01/18/2017",
    "lastBilledDate": "12/13/2016"
  },
  {
    "agencyCode": "26892",
    "owner": "NSC_CA.",
    "productNumber": "5",
    "product": "Commercial",
    "stateAbbreviation": "CA",
    "policyID": "504610054010001",
    "version": "4",
    "changeNumber": "3",
    "nameInsured": "Ochoa, Ignacio Salas",
    "homePhone": null,
    "workPhone": "(310) 431-5478",
    "email": "YVETTEOCHOA1@GMAIL.COM",
    "effectiveDate": "08/15/2016",
    "expirationDate": null,
    "cancelDate": "02/02/2017",
    "cancelSourceCode": "NONPAY",
    "companyNumber": "61",
    "rateDate": "08/15/2016",
    "producerNumber": "50461",
    "versionStatus": "Cancel Pending",
    "versionType": "Renewal",
    "quotedDownPayment": "83.22",
    "policyTerm": "12",
    "payPlan": "12-Pay",
    "writtenPremium": "795",
    "feeAmount": "117.00",
    "writtenPremiumWFees": "912.00",
    "billedAmount": "397.50",
    "billedFeeAmount": "102.00",
    "totalBilledAmount": "499.50",
    "yetToBeBilledAmount": "412.50",
    "receiptAmount": "416.25",
    "currentDueAmount": "83.25",
    "remainBalanceAmount": "495.75",
    "writeOffAmount": "0.00",
    "lastActivityAmount": "01/17/2017",
    "lastBilledDate": "12/26/2016"
  },
  {
    "agencyCode": "26892",
    "owner": "NSC_CA.",
    "productNumber": "5",
    "product": "Commercial",
    "stateAbbreviation": "CA",
    "policyID": "504610083984001",
    "version": "2",
    "changeNumber": "2",
    "nameInsured": "Contreras Rodriguez, Maria",
    "homePhone": null,
    "workPhone": "(310) 946-2528",
    "email": null,
    "effectiveDate": "12/14/2016",
    "expirationDate": null,
    "cancelDate": "02/01/2017",
    "cancelSourceCode": "NONPAY",
    "companyNumber": "61",
    "rateDate": "12/14/2016",
    "producerNumber": "50461",
    "versionStatus": "Cancel Pending",
    "versionType": "Rewrite",
    "quotedDownPayment": "89.97",
    "policyTerm": "12",
    "payPlan": "12-Pay",
    "writtenPremium": "840",
    "feeAmount": "57.00",
    "writtenPremiumWFees": "897.00",
    "billedAmount": "135.43",
    "billedFeeAmount": "42.00",
    "totalBilledAmount": "177.43",
    "yetToBeBilledAmount": "719.57",
    "receiptAmount": "89.97",
    "currentDueAmount": "87.46",
    "remainBalanceAmount": "807.03",
    "writeOffAmount": "0.00",
    "lastActivityAmount": "01/16/2017",
    "lastBilledDate": "12/25/2016"
  }
]
 
---------------------------------------------------------
feature: classpath:com/karate/bdd/feature/PolicyReportSearchService.feature
scenarios: 22 | passed: 21 | failed:  1 | time: 178.2034
---------------------------------------------------------

10:28:10.239 [pool-2-thread-1] INFO  com.intuit.karate.Suite - <<fail>> feature 1 of 1 (0 remaining) classpath:com/karate/bdd/feature/PolicyReportSearchService.feature
Karate version: 1.3.1
======================================================
elapsed:  71.07 | threads:    5 | thread time: 178.20 
features:     1 | skipped:    0 | efficiency: 0.50
scenarios:   22 | passed:    21 | failed: 1
======================================================
>>> failed features:
http call failed after 62260 milliseconds for url: https://prssu0.pri.kemper.com/policyReportSearchService/v2/expiredPolicyReportSearch?req=%7B%22agencyCodes%22%3A%5B27741%2C26892%5D%2C%22insuredState%22%3A%5B%22CA%22%5D%2C%22beginDate%22%3A%2211%5C%2F17%5C%2F2016%22%2C%22endDate%22%3A%2201%5C%2F01%5C%2F2017%22%7D
classpath:com/karate/bdd/feature/PolicyReportSearchService.feature:83
<<<

HTML report: (paste into browser to view) | Karate version: 1.3.1
file:///C:/Dev/BDD%20Suite/bdd-suite/target/karate-reports/karate-summary.html
===================================================================

]]></system-out>
    <system-err><![CDATA[Feb 27, 2023 10:28:10 AM net.masterthought.cucumber.ReportParser parseJsonFiles
INFO: File 'C:\Dev\BDD Suite\bdd-suite\target\karate-reports\com.karate.bdd.feature.PolicyReportSearchService.json' contains 1 features
]]></system-err>
  </testcase>
</testsuite>